   1                             		.file	"APP_FuncLib.c"
   2                             		.section P,"ax"
   3                             	.Ltext0:
   4                             		.section	.text.Set_SmallCounter,"ax",@progbits
   5                             		.global	_Set_SmallCounter
   7                             	_Set_SmallCounter:
   8                             	.LFB0:
   9                             		.file 1 "C:/Workspace/FW_Platform2_5/trunk/Application_Platform/APP_FuncLib.c"
   1:C:/Workspace/FW_Platform2_5/trunk/Application_Platform\APP_FuncLib.c **** /**
   2:C:/Workspace/FW_Platform2_5/trunk/Application_Platform\APP_FuncLib.c **** \defgroup	APP_FuncLib Modulo Application Platform Library Functions
   3:C:/Workspace/FW_Platform2_5/trunk/Application_Platform\APP_FuncLib.c **** \ingroup	ApplPlatform
   4:C:/Workspace/FW_Platform2_5/trunk/Application_Platform\APP_FuncLib.c **** 
   5:C:/Workspace/FW_Platform2_5/trunk/Application_Platform\APP_FuncLib.c **** Il modulo e' una libreria di macro e funzioni generiche condivise da
   6:C:/Workspace/FW_Platform2_5/trunk/Application_Platform\APP_FuncLib.c **** tutte le applicazioni.
   7:C:/Workspace/FW_Platform2_5/trunk/Application_Platform\APP_FuncLib.c **** */
   8:C:/Workspace/FW_Platform2_5/trunk/Application_Platform\APP_FuncLib.c **** 
   9:C:/Workspace/FW_Platform2_5/trunk/Application_Platform\APP_FuncLib.c **** /**
  10:C:/Workspace/FW_Platform2_5/trunk/Application_Platform\APP_FuncLib.c **** Source file del modulo Application Platform Library Functions
  11:C:/Workspace/FW_Platform2_5/trunk/Application_Platform\APP_FuncLib.c **** 
  12:C:/Workspace/FW_Platform2_5/trunk/Application_Platform\APP_FuncLib.c **** \file		APP_FuncLib.c
  13:C:/Workspace/FW_Platform2_5/trunk/Application_Platform\APP_FuncLib.c **** \ingroup	APP_FuncLib
  14:C:/Workspace/FW_Platform2_5/trunk/Application_Platform\APP_FuncLib.c **** \date		08/07/2009
  15:C:/Workspace/FW_Platform2_5/trunk/Application_Platform\APP_FuncLib.c **** \version	01.00.00
  16:C:/Workspace/FW_Platform2_5/trunk/Application_Platform\APP_FuncLib.c **** \author		Marco Quintini
  17:C:/Workspace/FW_Platform2_5/trunk/Application_Platform\APP_FuncLib.c **** 
  18:C:/Workspace/FW_Platform2_5/trunk/Application_Platform\APP_FuncLib.c **** \par		History
  19:C:/Workspace/FW_Platform2_5/trunk/Application_Platform\APP_FuncLib.c **** 
  20:C:/Workspace/FW_Platform2_5/trunk/Application_Platform\APP_FuncLib.c **** \par		PCLint
  21:C:/Workspace/FW_Platform2_5/trunk/Application_Platform\APP_FuncLib.c **** 			Report 08/07/2009: 0 Errors, 0 Warnings, 0 Info
  22:C:/Workspace/FW_Platform2_5/trunk/Application_Platform\APP_FuncLib.c **** 
  23:C:/Workspace/FW_Platform2_5/trunk/Application_Platform\APP_FuncLib.c **** */
  24:C:/Workspace/FW_Platform2_5/trunk/Application_Platform\APP_FuncLib.c **** 
  25:C:/Workspace/FW_Platform2_5/trunk/Application_Platform\APP_FuncLib.c **** /*
  26:C:/Workspace/FW_Platform2_5/trunk/Application_Platform\APP_FuncLib.c **** Copyright (c) 2004-2007, Indesit Company, EDT.
  27:C:/Workspace/FW_Platform2_5/trunk/Application_Platform\APP_FuncLib.c **** Tutti i diritti sono riservati. All rights reserved.
  28:C:/Workspace/FW_Platform2_5/trunk/Application_Platform\APP_FuncLib.c **** */
  29:C:/Workspace/FW_Platform2_5/trunk/Application_Platform\APP_FuncLib.c **** 
  30:C:/Workspace/FW_Platform2_5/trunk/Application_Platform\APP_FuncLib.c **** /* ******** */
  31:C:/Workspace/FW_Platform2_5/trunk/Application_Platform\APP_FuncLib.c **** /* Includes */
  32:C:/Workspace/FW_Platform2_5/trunk/Application_Platform\APP_FuncLib.c **** /* ******** */
  33:C:/Workspace/FW_Platform2_5/trunk/Application_Platform\APP_FuncLib.c **** #include "CstmHeaders.h"
  34:C:/Workspace/FW_Platform2_5/trunk/Application_Platform\APP_FuncLib.c **** 
  35:C:/Workspace/FW_Platform2_5/trunk/Application_Platform\APP_FuncLib.c **** /* ****************** */
  36:C:/Workspace/FW_Platform2_5/trunk/Application_Platform\APP_FuncLib.c **** /* Defines and Macros */
  37:C:/Workspace/FW_Platform2_5/trunk/Application_Platform\APP_FuncLib.c **** /* ****************** */
  38:C:/Workspace/FW_Platform2_5/trunk/Application_Platform\APP_FuncLib.c **** 
  39:C:/Workspace/FW_Platform2_5/trunk/Application_Platform\APP_FuncLib.c **** /* *************************** */
  40:C:/Workspace/FW_Platform2_5/trunk/Application_Platform\APP_FuncLib.c **** /* Typedef, Structs and Unions */
  41:C:/Workspace/FW_Platform2_5/trunk/Application_Platform\APP_FuncLib.c **** /* *************************** */
  42:C:/Workspace/FW_Platform2_5/trunk/Application_Platform\APP_FuncLib.c **** 
  43:C:/Workspace/FW_Platform2_5/trunk/Application_Platform\APP_FuncLib.c **** /* **************************** */
  44:C:/Workspace/FW_Platform2_5/trunk/Application_Platform\APP_FuncLib.c **** /* Prototype of local functions */
  45:C:/Workspace/FW_Platform2_5/trunk/Application_Platform\APP_FuncLib.c **** /* **************************** */
  46:C:/Workspace/FW_Platform2_5/trunk/Application_Platform\APP_FuncLib.c **** 
  47:C:/Workspace/FW_Platform2_5/trunk/Application_Platform\APP_FuncLib.c **** /* ****************** */
  48:C:/Workspace/FW_Platform2_5/trunk/Application_Platform\APP_FuncLib.c **** /* Exported variables */
  49:C:/Workspace/FW_Platform2_5/trunk/Application_Platform\APP_FuncLib.c **** /* ****************** */
  50:C:/Workspace/FW_Platform2_5/trunk/Application_Platform\APP_FuncLib.c **** 
  51:C:/Workspace/FW_Platform2_5/trunk/Application_Platform\APP_FuncLib.c **** /* **************** */
  52:C:/Workspace/FW_Platform2_5/trunk/Application_Platform\APP_FuncLib.c **** /* Global variables */
  53:C:/Workspace/FW_Platform2_5/trunk/Application_Platform\APP_FuncLib.c **** /* **************** */
  54:C:/Workspace/FW_Platform2_5/trunk/Application_Platform\APP_FuncLib.c **** 
  55:C:/Workspace/FW_Platform2_5/trunk/Application_Platform\APP_FuncLib.c **** /* ***************** */
  56:C:/Workspace/FW_Platform2_5/trunk/Application_Platform\APP_FuncLib.c **** /* Exported function */
  57:C:/Workspace/FW_Platform2_5/trunk/Application_Platform\APP_FuncLib.c **** /* ***************** */
  58:C:/Workspace/FW_Platform2_5/trunk/Application_Platform\APP_FuncLib.c **** #if (SW_TIMER_NORM_MODE	== FALSE) 
  59:C:/Workspace/FW_Platform2_5/trunk/Application_Platform\APP_FuncLib.c **** /**
  60:C:/Workspace/FW_Platform2_5/trunk/Application_Platform\APP_FuncLib.c **** Configura il contatore SMALL specificato in ingresso senza abilitare la partenza
  61:C:/Workspace/FW_Platform2_5/trunk/Application_Platform\APP_FuncLib.c **** 
  62:C:/Workspace/FW_Platform2_5/trunk/Application_Platform\APP_FuncLib.c **** \param [in]		idCounter e' l'indice al contatore che si vuole impostare
  63:C:/Workspace/FW_Platform2_5/trunk/Application_Platform\APP_FuncLib.c **** \param [in]		prescalerValue e' la base tempi del contatore
  64:C:/Workspace/FW_Platform2_5/trunk/Application_Platform\APP_FuncLib.c **** \param [in]		value e' il valore di inizializzazione del contatore ti tipo SMALL
  65:C:/Workspace/FW_Platform2_5/trunk/Application_Platform\APP_FuncLib.c **** 
  66:C:/Workspace/FW_Platform2_5/trunk/Application_Platform\APP_FuncLib.c **** \return		 none
  67:C:/Workspace/FW_Platform2_5/trunk/Application_Platform\APP_FuncLib.c **** 
  68:C:/Workspace/FW_Platform2_5/trunk/Application_Platform\APP_FuncLib.c **** \retval			none
  69:C:/Workspace/FW_Platform2_5/trunk/Application_Platform\APP_FuncLib.c **** 
  70:C:/Workspace/FW_Platform2_5/trunk/Application_Platform\APP_FuncLib.c **** \warning		none		
  71:C:/Workspace/FW_Platform2_5/trunk/Application_Platform\APP_FuncLib.c **** 
  72:C:/Workspace/FW_Platform2_5/trunk/Application_Platform\APP_FuncLib.c **** \author			Marco Quintini
  73:C:/Workspace/FW_Platform2_5/trunk/Application_Platform\APP_FuncLib.c **** \date			01/08/2011
  74:C:/Workspace/FW_Platform2_5/trunk/Application_Platform\APP_FuncLib.c **** \version		1.0.0
  75:C:/Workspace/FW_Platform2_5/trunk/Application_Platform\APP_FuncLib.c **** 
  76:C:/Workspace/FW_Platform2_5/trunk/Application_Platform\APP_FuncLib.c **** \bug			none
  77:C:/Workspace/FW_Platform2_5/trunk/Application_Platform\APP_FuncLib.c **** 
  78:C:/Workspace/FW_Platform2_5/trunk/Application_Platform\APP_FuncLib.c **** \todo			nothing
  79:C:/Workspace/FW_Platform2_5/trunk/Application_Platform\APP_FuncLib.c ****    
  80:C:/Workspace/FW_Platform2_5/trunk/Application_Platform\APP_FuncLib.c **** \note			none
  81:C:/Workspace/FW_Platform2_5/trunk/Application_Platform\APP_FuncLib.c **** */
  82:C:/Workspace/FW_Platform2_5/trunk/Application_Platform\APP_FuncLib.c **** void Set_SmallCounter(SWTC_CountersType idCounter, SWTC_PrescalerType prescalerValue, SWTC_SCounter
  83:C:/Workspace/FW_Platform2_5/trunk/Application_Platform\APP_FuncLib.c **** {	
  10                             		.loc 1 83 0
  11                             	.LVL0:
  12 0000 6E 7A                   		pushm	r7-r10
  13                             	.LCFI0:
  14                             		.loc 1 83 0
  15 0002 CF 17                   		mov.B	r1, r7
  16 0004 CF 3A                   		mov.B	r3, r10
  84:C:/Workspace/FW_Platform2_5/trunk/Application_Platform\APP_FuncLib.c **** 	/* Configura il PRESCALER */
  85:C:/Workspace/FW_Platform2_5/trunk/Application_Platform\APP_FuncLib.c **** 	SWTC_SetPrescaler (idCounter, prescalerValue);
  17                             		.loc 1 85 0
  18 0006 05 00 00 00             		bsr	_SWTC_SetPrescaler
  19                             	.LVL1:
  86:C:/Workspace/FW_Platform2_5/trunk/Application_Platform\APP_FuncLib.c **** 	
  87:C:/Workspace/FW_Platform2_5/trunk/Application_Platform\APP_FuncLib.c **** 	
  88:C:/Workspace/FW_Platform2_5/trunk/Application_Platform\APP_FuncLib.c **** 	/* Imposta il valore */
  89:C:/Workspace/FW_Platform2_5/trunk/Application_Platform\APP_FuncLib.c **** 	SWTC_SetSValue (idCounter, value);
  20                             		.loc 1 89 0
  21 000a CF 71                   		mov.B	r7, r1
  22 000c CF A2                   		mov.B	r10, r2
  23 000e 05 00 00 00             		bsr	_SWTC_SetSValue
  24                             	.LVL2:
  90:C:/Workspace/FW_Platform2_5/trunk/Application_Platform\APP_FuncLib.c **** 
  91:C:/Workspace/FW_Platform2_5/trunk/Application_Platform\APP_FuncLib.c **** 	/* Stop counter */
  92:C:/Workspace/FW_Platform2_5/trunk/Application_Platform\APP_FuncLib.c **** 	SWTC_Stop(idCounter);
  25                             		.loc 1 92 0
  26 0012 CF 71                   		mov.B	r7, r1
  93:C:/Workspace/FW_Platform2_5/trunk/Application_Platform\APP_FuncLib.c **** 				
  94:C:/Workspace/FW_Platform2_5/trunk/Application_Platform\APP_FuncLib.c **** }
  27                             		.loc 1 94 0
  28 0014 6F 7A                   		popm	r7-r10
  29                             	.LVL3:
  92:C:/Workspace/FW_Platform2_5/trunk/Application_Platform\APP_FuncLib.c **** 	SWTC_Stop(idCounter);
  30                             		.loc 1 92 0
  31 0016 04 00 00 00             		bra	_SWTC_Stop
  32                             	.LVL4:
  33                             	.LFE0:
  35                             		.section	.text.Set_MediumCounter,"ax",@progbits
  36                             		.global	_Set_MediumCounter
  38                             	_Set_MediumCounter:
  39                             	.LFB1:
  95:C:/Workspace/FW_Platform2_5/trunk/Application_Platform\APP_FuncLib.c **** 
  96:C:/Workspace/FW_Platform2_5/trunk/Application_Platform\APP_FuncLib.c **** 
  97:C:/Workspace/FW_Platform2_5/trunk/Application_Platform\APP_FuncLib.c **** /**
  98:C:/Workspace/FW_Platform2_5/trunk/Application_Platform\APP_FuncLib.c **** Configura il contatore MEDIUM specificato in ingresso senza abilitare la partenza
  99:C:/Workspace/FW_Platform2_5/trunk/Application_Platform\APP_FuncLib.c **** 
 100:C:/Workspace/FW_Platform2_5/trunk/Application_Platform\APP_FuncLib.c **** \param [in]		idCounter e' l'indice al contatore che si vuole impostare
 101:C:/Workspace/FW_Platform2_5/trunk/Application_Platform\APP_FuncLib.c **** \param [in]		prescalerValue e' la base tempi del contatore
 102:C:/Workspace/FW_Platform2_5/trunk/Application_Platform\APP_FuncLib.c **** \param [in]		value e' il valore di inizializzazione del contatore ti tipo MEDIUM
 103:C:/Workspace/FW_Platform2_5/trunk/Application_Platform\APP_FuncLib.c **** 
 104:C:/Workspace/FW_Platform2_5/trunk/Application_Platform\APP_FuncLib.c **** \return		none
 105:C:/Workspace/FW_Platform2_5/trunk/Application_Platform\APP_FuncLib.c **** 
 106:C:/Workspace/FW_Platform2_5/trunk/Application_Platform\APP_FuncLib.c **** \retval			none
 107:C:/Workspace/FW_Platform2_5/trunk/Application_Platform\APP_FuncLib.c **** 
 108:C:/Workspace/FW_Platform2_5/trunk/Application_Platform\APP_FuncLib.c **** \warning		none		
 109:C:/Workspace/FW_Platform2_5/trunk/Application_Platform\APP_FuncLib.c **** 
 110:C:/Workspace/FW_Platform2_5/trunk/Application_Platform\APP_FuncLib.c **** \author			Marco Quintini
 111:C:/Workspace/FW_Platform2_5/trunk/Application_Platform\APP_FuncLib.c **** \date			19/07/2011
 112:C:/Workspace/FW_Platform2_5/trunk/Application_Platform\APP_FuncLib.c **** \version		1.0.0
 113:C:/Workspace/FW_Platform2_5/trunk/Application_Platform\APP_FuncLib.c **** 
 114:C:/Workspace/FW_Platform2_5/trunk/Application_Platform\APP_FuncLib.c **** \bug			none
 115:C:/Workspace/FW_Platform2_5/trunk/Application_Platform\APP_FuncLib.c **** 
 116:C:/Workspace/FW_Platform2_5/trunk/Application_Platform\APP_FuncLib.c **** \todo			nothing
 117:C:/Workspace/FW_Platform2_5/trunk/Application_Platform\APP_FuncLib.c ****    
 118:C:/Workspace/FW_Platform2_5/trunk/Application_Platform\APP_FuncLib.c **** \note			none
 119:C:/Workspace/FW_Platform2_5/trunk/Application_Platform\APP_FuncLib.c **** */
 120:C:/Workspace/FW_Platform2_5/trunk/Application_Platform\APP_FuncLib.c **** void Set_MediumCounter(SWTC_CountersType idCounter, SWTC_PrescalerType prescalerValue, SWTC_MCounte
 121:C:/Workspace/FW_Platform2_5/trunk/Application_Platform\APP_FuncLib.c **** {	
  40                             		.loc 1 121 0
  41                             	.LVL5:
  42 0000 6E 7A                   		pushm	r7-r10
  43                             	.LCFI1:
  44                             		.loc 1 121 0
  45 0002 CF 17                   		mov.B	r1, r7
  46 0004 DF 3A                   		mov.W	r3, r10
 122:C:/Workspace/FW_Platform2_5/trunk/Application_Platform\APP_FuncLib.c **** 	/* Configura il PRESCALER */
 123:C:/Workspace/FW_Platform2_5/trunk/Application_Platform\APP_FuncLib.c **** 	SWTC_SetPrescaler (idCounter, prescalerValue);
  47                             		.loc 1 123 0
  48 0006 05 00 00 00             		bsr	_SWTC_SetPrescaler
  49                             	.LVL6:
 124:C:/Workspace/FW_Platform2_5/trunk/Application_Platform\APP_FuncLib.c **** 	
 125:C:/Workspace/FW_Platform2_5/trunk/Application_Platform\APP_FuncLib.c **** 	/* Imposta il valore */
 126:C:/Workspace/FW_Platform2_5/trunk/Application_Platform\APP_FuncLib.c **** 	SWTC_SetMValue (idCounter, value);
  50                             		.loc 1 126 0
  51 000a CF 71                   		mov.B	r7, r1
  52 000c DF A2                   		mov.W	r10, r2
  53 000e 05 00 00 00             		bsr	_SWTC_SetMValue
  54                             	.LVL7:
 127:C:/Workspace/FW_Platform2_5/trunk/Application_Platform\APP_FuncLib.c **** 
 128:C:/Workspace/FW_Platform2_5/trunk/Application_Platform\APP_FuncLib.c **** 	/* Stop counter */
 129:C:/Workspace/FW_Platform2_5/trunk/Application_Platform\APP_FuncLib.c **** 	SWTC_Stop(idCounter);
  55                             		.loc 1 129 0
  56 0012 CF 71                   		mov.B	r7, r1
 130:C:/Workspace/FW_Platform2_5/trunk/Application_Platform\APP_FuncLib.c **** 				
 131:C:/Workspace/FW_Platform2_5/trunk/Application_Platform\APP_FuncLib.c **** }
  57                             		.loc 1 131 0
  58 0014 6F 7A                   		popm	r7-r10
  59                             	.LVL8:
 129:C:/Workspace/FW_Platform2_5/trunk/Application_Platform\APP_FuncLib.c **** 	SWTC_Stop(idCounter);
  60                             		.loc 1 129 0
  61 0016 04 00 00 00             		bra	_SWTC_Stop
  62                             	.LVL9:
  63                             	.LFE1:
  65                             		.section	.text.Reset_SmallCounter,"ax",@progbits
  66                             		.global	_Reset_SmallCounter
  68                             	_Reset_SmallCounter:
  69                             	.LFB2:
 132:C:/Workspace/FW_Platform2_5/trunk/Application_Platform\APP_FuncLib.c **** 
 133:C:/Workspace/FW_Platform2_5/trunk/Application_Platform\APP_FuncLib.c **** 
 134:C:/Workspace/FW_Platform2_5/trunk/Application_Platform\APP_FuncLib.c **** #if defined(SWTC_L_ENABLED)
 135:C:/Workspace/FW_Platform2_5/trunk/Application_Platform\APP_FuncLib.c **** /**
 136:C:/Workspace/FW_Platform2_5/trunk/Application_Platform\APP_FuncLib.c **** Configura il contatore LARGE specificato in ingresso senza abilitare la partenza
 137:C:/Workspace/FW_Platform2_5/trunk/Application_Platform\APP_FuncLib.c **** 
 138:C:/Workspace/FW_Platform2_5/trunk/Application_Platform\APP_FuncLib.c **** \param [in]		idCounter e' l'indice al contatore che si vuole impostare
 139:C:/Workspace/FW_Platform2_5/trunk/Application_Platform\APP_FuncLib.c **** \param [in]		prescalerValue e' la base tempi del contatore
 140:C:/Workspace/FW_Platform2_5/trunk/Application_Platform\APP_FuncLib.c **** \param [in]		value e' il valore di inizializzazione del contatore ti tipo LARGE
 141:C:/Workspace/FW_Platform2_5/trunk/Application_Platform\APP_FuncLib.c **** 
 142:C:/Workspace/FW_Platform2_5/trunk/Application_Platform\APP_FuncLib.c **** \return			ritorna S_OK se tutto è andato a buon fine, altrimenti ritorna S_FALSE
 143:C:/Workspace/FW_Platform2_5/trunk/Application_Platform\APP_FuncLib.c **** 
 144:C:/Workspace/FW_Platform2_5/trunk/Application_Platform\APP_FuncLib.c **** \retval			none
 145:C:/Workspace/FW_Platform2_5/trunk/Application_Platform\APP_FuncLib.c **** 
 146:C:/Workspace/FW_Platform2_5/trunk/Application_Platform\APP_FuncLib.c **** \warning		none		
 147:C:/Workspace/FW_Platform2_5/trunk/Application_Platform\APP_FuncLib.c **** 
 148:C:/Workspace/FW_Platform2_5/trunk/Application_Platform\APP_FuncLib.c **** \author			Marco Quintini
 149:C:/Workspace/FW_Platform2_5/trunk/Application_Platform\APP_FuncLib.c **** \date			19/07/2011
 150:C:/Workspace/FW_Platform2_5/trunk/Application_Platform\APP_FuncLib.c **** \version		1.0.0
 151:C:/Workspace/FW_Platform2_5/trunk/Application_Platform\APP_FuncLib.c **** 
 152:C:/Workspace/FW_Platform2_5/trunk/Application_Platform\APP_FuncLib.c **** \bug			none
 153:C:/Workspace/FW_Platform2_5/trunk/Application_Platform\APP_FuncLib.c **** 
 154:C:/Workspace/FW_Platform2_5/trunk/Application_Platform\APP_FuncLib.c **** \todo			nothing
 155:C:/Workspace/FW_Platform2_5/trunk/Application_Platform\APP_FuncLib.c ****    
 156:C:/Workspace/FW_Platform2_5/trunk/Application_Platform\APP_FuncLib.c **** \note			none
 157:C:/Workspace/FW_Platform2_5/trunk/Application_Platform\APP_FuncLib.c **** */
 158:C:/Workspace/FW_Platform2_5/trunk/Application_Platform\APP_FuncLib.c **** void Set_LargeCounter(SWTC_CountersType idCounter, SWTC_PrescalerType prescalerValue, SWTC_LCounter
 159:C:/Workspace/FW_Platform2_5/trunk/Application_Platform\APP_FuncLib.c **** {	
 160:C:/Workspace/FW_Platform2_5/trunk/Application_Platform\APP_FuncLib.c **** 	/* Configura il PRESCALER */
 161:C:/Workspace/FW_Platform2_5/trunk/Application_Platform\APP_FuncLib.c **** 	SWTC_SetPrescaler (idCounter, prescalerValue);
 162:C:/Workspace/FW_Platform2_5/trunk/Application_Platform\APP_FuncLib.c **** 	
 163:C:/Workspace/FW_Platform2_5/trunk/Application_Platform\APP_FuncLib.c **** 	/* Imposta il valore */
 164:C:/Workspace/FW_Platform2_5/trunk/Application_Platform\APP_FuncLib.c **** 	SWTC_SetLValue (idCounter, value);
 165:C:/Workspace/FW_Platform2_5/trunk/Application_Platform\APP_FuncLib.c **** 	
 166:C:/Workspace/FW_Platform2_5/trunk/Application_Platform\APP_FuncLib.c **** 	/* Stop counter */
 167:C:/Workspace/FW_Platform2_5/trunk/Application_Platform\APP_FuncLib.c **** 	SWTC_Stop(idCounter);
 168:C:/Workspace/FW_Platform2_5/trunk/Application_Platform\APP_FuncLib.c **** 	
 169:C:/Workspace/FW_Platform2_5/trunk/Application_Platform\APP_FuncLib.c **** }
 170:C:/Workspace/FW_Platform2_5/trunk/Application_Platform\APP_FuncLib.c **** #endif	/*#if defined(SWTC_L_ENABLED)*/
 171:C:/Workspace/FW_Platform2_5/trunk/Application_Platform\APP_FuncLib.c **** 
 172:C:/Workspace/FW_Platform2_5/trunk/Application_Platform\APP_FuncLib.c **** 
 173:C:/Workspace/FW_Platform2_5/trunk/Application_Platform\APP_FuncLib.c **** /**
 174:C:/Workspace/FW_Platform2_5/trunk/Application_Platform\APP_FuncLib.c **** Arresta il contatore SMALL specificato in ingresso e lo azzera.
 175:C:/Workspace/FW_Platform2_5/trunk/Application_Platform\APP_FuncLib.c **** 
 176:C:/Workspace/FW_Platform2_5/trunk/Application_Platform\APP_FuncLib.c **** \param [in]		idCounter e' l'indice al contatore che si vuole impostare
 177:C:/Workspace/FW_Platform2_5/trunk/Application_Platform\APP_FuncLib.c **** 
 178:C:/Workspace/FW_Platform2_5/trunk/Application_Platform\APP_FuncLib.c **** \return			bool_t
 179:C:/Workspace/FW_Platform2_5/trunk/Application_Platform\APP_FuncLib.c **** 
 180:C:/Workspace/FW_Platform2_5/trunk/Application_Platform\APP_FuncLib.c **** \retval		  none
 181:C:/Workspace/FW_Platform2_5/trunk/Application_Platform\APP_FuncLib.c **** 
 182:C:/Workspace/FW_Platform2_5/trunk/Application_Platform\APP_FuncLib.c **** \warning		none		
 183:C:/Workspace/FW_Platform2_5/trunk/Application_Platform\APP_FuncLib.c **** 
 184:C:/Workspace/FW_Platform2_5/trunk/Application_Platform\APP_FuncLib.c **** \author			Marco Quintini
 185:C:/Workspace/FW_Platform2_5/trunk/Application_Platform\APP_FuncLib.c **** \date			03/08/2011
 186:C:/Workspace/FW_Platform2_5/trunk/Application_Platform\APP_FuncLib.c **** \version		1.0.0
 187:C:/Workspace/FW_Platform2_5/trunk/Application_Platform\APP_FuncLib.c **** 
 188:C:/Workspace/FW_Platform2_5/trunk/Application_Platform\APP_FuncLib.c **** \bug			none
 189:C:/Workspace/FW_Platform2_5/trunk/Application_Platform\APP_FuncLib.c **** 
 190:C:/Workspace/FW_Platform2_5/trunk/Application_Platform\APP_FuncLib.c **** \todo			nothing
 191:C:/Workspace/FW_Platform2_5/trunk/Application_Platform\APP_FuncLib.c ****    
 192:C:/Workspace/FW_Platform2_5/trunk/Application_Platform\APP_FuncLib.c **** \note			none
 193:C:/Workspace/FW_Platform2_5/trunk/Application_Platform\APP_FuncLib.c **** */
 194:C:/Workspace/FW_Platform2_5/trunk/Application_Platform\APP_FuncLib.c **** void Reset_SmallCounter(SWTC_CountersType idCounter)
 195:C:/Workspace/FW_Platform2_5/trunk/Application_Platform\APP_FuncLib.c **** {	
  70                             		.loc 1 195 0
  71                             	.LVL10:
  72 0000 7E A7                   		push.l	r7
  73                             	.LCFI2:
  74                             		.loc 1 195 0
  75 0002 CF 17                   		mov.B	r1, r7
 196:C:/Workspace/FW_Platform2_5/trunk/Application_Platform\APP_FuncLib.c **** 	SWTC_Stop(idCounter);
  76                             		.loc 1 196 0
  77 0004 05 00 00 00             		bsr	_SWTC_Stop
  78                             	.LVL11:
 197:C:/Workspace/FW_Platform2_5/trunk/Application_Platform\APP_FuncLib.c **** 
 198:C:/Workspace/FW_Platform2_5/trunk/Application_Platform\APP_FuncLib.c **** 	
 199:C:/Workspace/FW_Platform2_5/trunk/Application_Platform\APP_FuncLib.c **** 	SWTC_SetSValue(idCounter, (SWTC_SCounterValue)0);
  79                             		.loc 1 199 0
  80 0008 CF 71                   		mov.B	r7, r1
 200:C:/Workspace/FW_Platform2_5/trunk/Application_Platform\APP_FuncLib.c **** 
 201:C:/Workspace/FW_Platform2_5/trunk/Application_Platform\APP_FuncLib.c **** }
  81                             		.loc 1 201 0
  82 000a 7E B7                   		pop	r7
  83                             	.LVL12:
 199:C:/Workspace/FW_Platform2_5/trunk/Application_Platform\APP_FuncLib.c **** 	SWTC_SetSValue(idCounter, (SWTC_SCounterValue)0);
  84                             		.loc 1 199 0
  85 000c 66 02                   		mov	#0, r2
  86 000e 04 00 00 00             		bra	_SWTC_SetSValue
  87                             	.LVL13:
  88                             	.LFE2:
  90                             		.section	.text.Reset_MediumCounter,"ax",@progbits
  91                             		.global	_Reset_MediumCounter
  93                             	_Reset_MediumCounter:
  94                             	.LFB3:
 202:C:/Workspace/FW_Platform2_5/trunk/Application_Platform\APP_FuncLib.c **** 
 203:C:/Workspace/FW_Platform2_5/trunk/Application_Platform\APP_FuncLib.c **** 
 204:C:/Workspace/FW_Platform2_5/trunk/Application_Platform\APP_FuncLib.c **** /**
 205:C:/Workspace/FW_Platform2_5/trunk/Application_Platform\APP_FuncLib.c **** Arresta il contatore MEDIUM specificato in ingresso e lo azzera.
 206:C:/Workspace/FW_Platform2_5/trunk/Application_Platform\APP_FuncLib.c **** 
 207:C:/Workspace/FW_Platform2_5/trunk/Application_Platform\APP_FuncLib.c **** \param [in]		idCounter e' l'indice al contatore che si vuole impostare
 208:C:/Workspace/FW_Platform2_5/trunk/Application_Platform\APP_FuncLib.c **** 
 209:C:/Workspace/FW_Platform2_5/trunk/Application_Platform\APP_FuncLib.c **** \return			bool_t
 210:C:/Workspace/FW_Platform2_5/trunk/Application_Platform\APP_FuncLib.c **** 
 211:C:/Workspace/FW_Platform2_5/trunk/Application_Platform\APP_FuncLib.c **** \retval			none
 212:C:/Workspace/FW_Platform2_5/trunk/Application_Platform\APP_FuncLib.c **** 
 213:C:/Workspace/FW_Platform2_5/trunk/Application_Platform\APP_FuncLib.c **** \warning		none		
 214:C:/Workspace/FW_Platform2_5/trunk/Application_Platform\APP_FuncLib.c **** 
 215:C:/Workspace/FW_Platform2_5/trunk/Application_Platform\APP_FuncLib.c **** \author			Marco Quintini
 216:C:/Workspace/FW_Platform2_5/trunk/Application_Platform\APP_FuncLib.c **** \date			19/07/2011
 217:C:/Workspace/FW_Platform2_5/trunk/Application_Platform\APP_FuncLib.c **** \version		1.0.0
 218:C:/Workspace/FW_Platform2_5/trunk/Application_Platform\APP_FuncLib.c **** 
 219:C:/Workspace/FW_Platform2_5/trunk/Application_Platform\APP_FuncLib.c **** \bug			none
 220:C:/Workspace/FW_Platform2_5/trunk/Application_Platform\APP_FuncLib.c **** 
 221:C:/Workspace/FW_Platform2_5/trunk/Application_Platform\APP_FuncLib.c **** \todo			nothing
 222:C:/Workspace/FW_Platform2_5/trunk/Application_Platform\APP_FuncLib.c ****    
 223:C:/Workspace/FW_Platform2_5/trunk/Application_Platform\APP_FuncLib.c **** \note			none
 224:C:/Workspace/FW_Platform2_5/trunk/Application_Platform\APP_FuncLib.c **** */
 225:C:/Workspace/FW_Platform2_5/trunk/Application_Platform\APP_FuncLib.c **** void Reset_MediumCounter(SWTC_CountersType idCounter)
 226:C:/Workspace/FW_Platform2_5/trunk/Application_Platform\APP_FuncLib.c **** {	
  95                             		.loc 1 226 0
  96                             	.LVL14:
  97 0000 7E A7                   		push.l	r7
  98                             	.LCFI3:
  99                             		.loc 1 226 0
 100 0002 CF 17                   		mov.B	r1, r7
 227:C:/Workspace/FW_Platform2_5/trunk/Application_Platform\APP_FuncLib.c **** 	SWTC_Stop(idCounter);
 101                             		.loc 1 227 0
 102 0004 05 00 00 00             		bsr	_SWTC_Stop
 103                             	.LVL15:
 228:C:/Workspace/FW_Platform2_5/trunk/Application_Platform\APP_FuncLib.c **** 
 229:C:/Workspace/FW_Platform2_5/trunk/Application_Platform\APP_FuncLib.c **** 	SWTC_SetMValue(idCounter, (SWTC_MCounterValue)0);
 104                             		.loc 1 229 0
 105 0008 CF 71                   		mov.B	r7, r1
 230:C:/Workspace/FW_Platform2_5/trunk/Application_Platform\APP_FuncLib.c **** }
 106                             		.loc 1 230 0
 107 000a 7E B7                   		pop	r7
 108                             	.LVL16:
 229:C:/Workspace/FW_Platform2_5/trunk/Application_Platform\APP_FuncLib.c **** 	SWTC_SetMValue(idCounter, (SWTC_MCounterValue)0);
 109                             		.loc 1 229 0
 110 000c 66 02                   		mov	#0, r2
 111 000e 04 00 00 00             		bra	_SWTC_SetMValue
 112                             	.LVL17:
 113                             	.LFE3:
 115                             		.section	.text.IncByteWithCheck,"ax",@progbits
 116                             		.global	_IncByteWithCheck
 118                             	_IncByteWithCheck:
 119                             	.LFB4:
 231:C:/Workspace/FW_Platform2_5/trunk/Application_Platform\APP_FuncLib.c **** 
 232:C:/Workspace/FW_Platform2_5/trunk/Application_Platform\APP_FuncLib.c **** 
 233:C:/Workspace/FW_Platform2_5/trunk/Application_Platform\APP_FuncLib.c **** #if defined(SWTC_L_ENABLED)
 234:C:/Workspace/FW_Platform2_5/trunk/Application_Platform\APP_FuncLib.c **** /**
 235:C:/Workspace/FW_Platform2_5/trunk/Application_Platform\APP_FuncLib.c **** Arresta il contatore LARGE specificato in ingresso e lo azzera.
 236:C:/Workspace/FW_Platform2_5/trunk/Application_Platform\APP_FuncLib.c **** 
 237:C:/Workspace/FW_Platform2_5/trunk/Application_Platform\APP_FuncLib.c **** \param [in]		idCounter è l'indice al contatore LARGE che si vuole impostare
 238:C:/Workspace/FW_Platform2_5/trunk/Application_Platform\APP_FuncLib.c **** 
 239:C:/Workspace/FW_Platform2_5/trunk/Application_Platform\APP_FuncLib.c **** \return		 none
 240:C:/Workspace/FW_Platform2_5/trunk/Application_Platform\APP_FuncLib.c **** 
 241:C:/Workspace/FW_Platform2_5/trunk/Application_Platform\APP_FuncLib.c **** \retval			none
 242:C:/Workspace/FW_Platform2_5/trunk/Application_Platform\APP_FuncLib.c **** 
 243:C:/Workspace/FW_Platform2_5/trunk/Application_Platform\APP_FuncLib.c **** \warning		none		
 244:C:/Workspace/FW_Platform2_5/trunk/Application_Platform\APP_FuncLib.c **** 
 245:C:/Workspace/FW_Platform2_5/trunk/Application_Platform\APP_FuncLib.c **** \author			Francesco Corvo
 246:C:/Workspace/FW_Platform2_5/trunk/Application_Platform\APP_FuncLib.c **** \date			16/09/2010
 247:C:/Workspace/FW_Platform2_5/trunk/Application_Platform\APP_FuncLib.c **** \version		1.0.0
 248:C:/Workspace/FW_Platform2_5/trunk/Application_Platform\APP_FuncLib.c **** 
 249:C:/Workspace/FW_Platform2_5/trunk/Application_Platform\APP_FuncLib.c **** \bug			none
 250:C:/Workspace/FW_Platform2_5/trunk/Application_Platform\APP_FuncLib.c **** 
 251:C:/Workspace/FW_Platform2_5/trunk/Application_Platform\APP_FuncLib.c **** \todo			nothing
 252:C:/Workspace/FW_Platform2_5/trunk/Application_Platform\APP_FuncLib.c ****    
 253:C:/Workspace/FW_Platform2_5/trunk/Application_Platform\APP_FuncLib.c **** \note			none
 254:C:/Workspace/FW_Platform2_5/trunk/Application_Platform\APP_FuncLib.c **** */
 255:C:/Workspace/FW_Platform2_5/trunk/Application_Platform\APP_FuncLib.c **** 
 256:C:/Workspace/FW_Platform2_5/trunk/Application_Platform\APP_FuncLib.c **** void Reset_LargeCounter(SWTC_CountersType idCounter)
 257:C:/Workspace/FW_Platform2_5/trunk/Application_Platform\APP_FuncLib.c **** {
 258:C:/Workspace/FW_Platform2_5/trunk/Application_Platform\APP_FuncLib.c **** 	SWTC_Stop(idCounter);
 259:C:/Workspace/FW_Platform2_5/trunk/Application_Platform\APP_FuncLib.c **** 	
 260:C:/Workspace/FW_Platform2_5/trunk/Application_Platform\APP_FuncLib.c **** 	SWTC_SetLValue(idCounter, (SWTC_LCounterValue)0);
 261:C:/Workspace/FW_Platform2_5/trunk/Application_Platform\APP_FuncLib.c **** 
 262:C:/Workspace/FW_Platform2_5/trunk/Application_Platform\APP_FuncLib.c **** }
 263:C:/Workspace/FW_Platform2_5/trunk/Application_Platform\APP_FuncLib.c **** #endif	/*#if defined(SWTC_L_ENABLED)*/
 264:C:/Workspace/FW_Platform2_5/trunk/Application_Platform\APP_FuncLib.c **** 
 265:C:/Workspace/FW_Platform2_5/trunk/Application_Platform\APP_FuncLib.c **** #else /* SW_TIMER_NORM_MODE	== FALSE */
 266:C:/Workspace/FW_Platform2_5/trunk/Application_Platform\APP_FuncLib.c **** /**
 267:C:/Workspace/FW_Platform2_5/trunk/Application_Platform\APP_FuncLib.c **** Configura il contatore specificato in ingresso per un uso come Up Counter,
 268:C:/Workspace/FW_Platform2_5/trunk/Application_Platform\APP_FuncLib.c **** lo inizializza e lo disabilita.
 269:C:/Workspace/FW_Platform2_5/trunk/Application_Platform\APP_FuncLib.c **** 
 270:C:/Workspace/FW_Platform2_5/trunk/Application_Platform\APP_FuncLib.c **** \param [in]		counterSize e' la size SHORT/MEDIUM/LARGE_COUNTER del contatore da inizializzare
 271:C:/Workspace/FW_Platform2_5/trunk/Application_Platform\APP_FuncLib.c **** \param [in]		counterId e' l'identificatore del contatore da inizializzare
 272:C:/Workspace/FW_Platform2_5/trunk/Application_Platform\APP_FuncLib.c **** \param [in]		opCode e' la base tempi del contatore
 273:C:/Workspace/FW_Platform2_5/trunk/Application_Platform\APP_FuncLib.c **** 
 274:C:/Workspace/FW_Platform2_5/trunk/Application_Platform\APP_FuncLib.c **** \return			void
 275:C:/Workspace/FW_Platform2_5/trunk/Application_Platform\APP_FuncLib.c **** 
 276:C:/Workspace/FW_Platform2_5/trunk/Application_Platform\APP_FuncLib.c **** \retval			none
 277:C:/Workspace/FW_Platform2_5/trunk/Application_Platform\APP_FuncLib.c **** 
 278:C:/Workspace/FW_Platform2_5/trunk/Application_Platform\APP_FuncLib.c **** \warning		none		
 279:C:/Workspace/FW_Platform2_5/trunk/Application_Platform\APP_FuncLib.c **** 
 280:C:/Workspace/FW_Platform2_5/trunk/Application_Platform\APP_FuncLib.c **** \author			Michele Tanzi
 281:C:/Workspace/FW_Platform2_5/trunk/Application_Platform\APP_FuncLib.c **** \date			18/07/2012
 282:C:/Workspace/FW_Platform2_5/trunk/Application_Platform\APP_FuncLib.c **** \version		1.0.0
 283:C:/Workspace/FW_Platform2_5/trunk/Application_Platform\APP_FuncLib.c **** 
 284:C:/Workspace/FW_Platform2_5/trunk/Application_Platform\APP_FuncLib.c **** \bug			none
 285:C:/Workspace/FW_Platform2_5/trunk/Application_Platform\APP_FuncLib.c **** 
 286:C:/Workspace/FW_Platform2_5/trunk/Application_Platform\APP_FuncLib.c **** \todo			nothing
 287:C:/Workspace/FW_Platform2_5/trunk/Application_Platform\APP_FuncLib.c ****    
 288:C:/Workspace/FW_Platform2_5/trunk/Application_Platform\APP_FuncLib.c **** \note			none
 289:C:/Workspace/FW_Platform2_5/trunk/Application_Platform\APP_FuncLib.c **** */
 290:C:/Workspace/FW_Platform2_5/trunk/Application_Platform\APP_FuncLib.c **** void Set_UpCounter(uint8_t counterSize, SWTC_CountersType counterId, SWTC_PrescalerType opCode)
 291:C:/Workspace/FW_Platform2_5/trunk/Application_Platform\APP_FuncLib.c **** {	
 292:C:/Workspace/FW_Platform2_5/trunk/Application_Platform\APP_FuncLib.c **** 	SWTC_Stop(counterId);
 293:C:/Workspace/FW_Platform2_5/trunk/Application_Platform\APP_FuncLib.c **** 	SWTC_SetPrescaler(counterId, opCode);
 294:C:/Workspace/FW_Platform2_5/trunk/Application_Platform\APP_FuncLib.c **** 	/* The counter is actually a down-counter and it must start from its maximum value
 295:C:/Workspace/FW_Platform2_5/trunk/Application_Platform\APP_FuncLib.c **** 	 * in order to take the correct elapsed time with the SWTC_GetElapsedTime().
 296:C:/Workspace/FW_Platform2_5/trunk/Application_Platform\APP_FuncLib.c **** 	 * Value 0 is used to force the timer expiring because retrigger works
 297:C:/Workspace/FW_Platform2_5/trunk/Application_Platform\APP_FuncLib.c **** 	 * only on an expired timer.
 298:C:/Workspace/FW_Platform2_5/trunk/Application_Platform\APP_FuncLib.c **** 	 */
 299:C:/Workspace/FW_Platform2_5/trunk/Application_Platform\APP_FuncLib.c **** 	switch (counterSize)
 300:C:/Workspace/FW_Platform2_5/trunk/Application_Platform\APP_FuncLib.c **** 	{
 301:C:/Workspace/FW_Platform2_5/trunk/Application_Platform\APP_FuncLib.c **** 		case SHORT_COUNTER:
 302:C:/Workspace/FW_Platform2_5/trunk/Application_Platform\APP_FuncLib.c **** 			SWTC_SetSValue(counterId, (SWTC_SCounterValue) 0);
 303:C:/Workspace/FW_Platform2_5/trunk/Application_Platform\APP_FuncLib.c **** 			break;
 304:C:/Workspace/FW_Platform2_5/trunk/Application_Platform\APP_FuncLib.c **** 		case MEDIUM_COUNTER:
 305:C:/Workspace/FW_Platform2_5/trunk/Application_Platform\APP_FuncLib.c **** 			SWTC_SetMValue(counterId, (SWTC_MCounterValue) 0);
 306:C:/Workspace/FW_Platform2_5/trunk/Application_Platform\APP_FuncLib.c **** 			break;
 307:C:/Workspace/FW_Platform2_5/trunk/Application_Platform\APP_FuncLib.c **** #if defined(SWTC_L_ENABLED)
 308:C:/Workspace/FW_Platform2_5/trunk/Application_Platform\APP_FuncLib.c **** 		case LARGE_COUNTER:
 309:C:/Workspace/FW_Platform2_5/trunk/Application_Platform\APP_FuncLib.c **** 			SWTC_SetLValue(counterId, (SWTC_LCounterValue) 0);
 310:C:/Workspace/FW_Platform2_5/trunk/Application_Platform\APP_FuncLib.c **** 			break;
 311:C:/Workspace/FW_Platform2_5/trunk/Application_Platform\APP_FuncLib.c **** #endif
 312:C:/Workspace/FW_Platform2_5/trunk/Application_Platform\APP_FuncLib.c **** 
 313:C:/Workspace/FW_Platform2_5/trunk/Application_Platform\APP_FuncLib.c **** 		default:
 314:C:/Workspace/FW_Platform2_5/trunk/Application_Platform\APP_FuncLib.c **** 			break;
 315:C:/Workspace/FW_Platform2_5/trunk/Application_Platform\APP_FuncLib.c **** 	}
 316:C:/Workspace/FW_Platform2_5/trunk/Application_Platform\APP_FuncLib.c **** 
 317:C:/Workspace/FW_Platform2_5/trunk/Application_Platform\APP_FuncLib.c **** 	(void)SWTC_Retrigger(counterId);
 318:C:/Workspace/FW_Platform2_5/trunk/Application_Platform\APP_FuncLib.c **** }
 319:C:/Workspace/FW_Platform2_5/trunk/Application_Platform\APP_FuncLib.c **** 
 320:C:/Workspace/FW_Platform2_5/trunk/Application_Platform\APP_FuncLib.c **** 
 321:C:/Workspace/FW_Platform2_5/trunk/Application_Platform\APP_FuncLib.c **** /**
 322:C:/Workspace/FW_Platform2_5/trunk/Application_Platform\APP_FuncLib.c **** Configura il contatore specificato in ingresso come Down Counter,
 323:C:/Workspace/FW_Platform2_5/trunk/Application_Platform\APP_FuncLib.c **** lo inizializza e lo disabilita.
 324:C:/Workspace/FW_Platform2_5/trunk/Application_Platform\APP_FuncLib.c **** 
 325:C:/Workspace/FW_Platform2_5/trunk/Application_Platform\APP_FuncLib.c **** \param [in]		counterId e' l'identificatore del contatore da inizializzare
 326:C:/Workspace/FW_Platform2_5/trunk/Application_Platform\APP_FuncLib.c **** \param [in]		opCode e' la base tempi del contatore
 327:C:/Workspace/FW_Platform2_5/trunk/Application_Platform\APP_FuncLib.c **** \param [in]		value e' il valore di inizializzazione del contatore [1..127]
 328:C:/Workspace/FW_Platform2_5/trunk/Application_Platform\APP_FuncLib.c **** 
 329:C:/Workspace/FW_Platform2_5/trunk/Application_Platform\APP_FuncLib.c **** \return			void
 330:C:/Workspace/FW_Platform2_5/trunk/Application_Platform\APP_FuncLib.c **** 
 331:C:/Workspace/FW_Platform2_5/trunk/Application_Platform\APP_FuncLib.c **** \retval			none
 332:C:/Workspace/FW_Platform2_5/trunk/Application_Platform\APP_FuncLib.c **** 
 333:C:/Workspace/FW_Platform2_5/trunk/Application_Platform\APP_FuncLib.c **** \warning		none		
 334:C:/Workspace/FW_Platform2_5/trunk/Application_Platform\APP_FuncLib.c **** 
 335:C:/Workspace/FW_Platform2_5/trunk/Application_Platform\APP_FuncLib.c **** \author			Michele Tanzi
 336:C:/Workspace/FW_Platform2_5/trunk/Application_Platform\APP_FuncLib.c **** \date			18/07/2012
 337:C:/Workspace/FW_Platform2_5/trunk/Application_Platform\APP_FuncLib.c **** \version		1.0.0
 338:C:/Workspace/FW_Platform2_5/trunk/Application_Platform\APP_FuncLib.c **** 
 339:C:/Workspace/FW_Platform2_5/trunk/Application_Platform\APP_FuncLib.c **** \bug			none
 340:C:/Workspace/FW_Platform2_5/trunk/Application_Platform\APP_FuncLib.c **** 
 341:C:/Workspace/FW_Platform2_5/trunk/Application_Platform\APP_FuncLib.c **** \todo			nothing
 342:C:/Workspace/FW_Platform2_5/trunk/Application_Platform\APP_FuncLib.c ****    
 343:C:/Workspace/FW_Platform2_5/trunk/Application_Platform\APP_FuncLib.c **** \note			none
 344:C:/Workspace/FW_Platform2_5/trunk/Application_Platform\APP_FuncLib.c **** */
 345:C:/Workspace/FW_Platform2_5/trunk/Application_Platform\APP_FuncLib.c **** void Set_DownCounter(uint8_t counterSize, SWTC_CountersType counterId, SWTC_PrescalerType opCode, S
 346:C:/Workspace/FW_Platform2_5/trunk/Application_Platform\APP_FuncLib.c **** {	
 347:C:/Workspace/FW_Platform2_5/trunk/Application_Platform\APP_FuncLib.c **** 	SWTC_Stop(counterId);
 348:C:/Workspace/FW_Platform2_5/trunk/Application_Platform\APP_FuncLib.c **** 	SWTC_SetPrescaler(counterId, opCode);
 349:C:/Workspace/FW_Platform2_5/trunk/Application_Platform\APP_FuncLib.c **** 	switch (counterSize)
 350:C:/Workspace/FW_Platform2_5/trunk/Application_Platform\APP_FuncLib.c **** 	{
 351:C:/Workspace/FW_Platform2_5/trunk/Application_Platform\APP_FuncLib.c **** 		case SHORT_COUNTER:
 352:C:/Workspace/FW_Platform2_5/trunk/Application_Platform\APP_FuncLib.c **** 			SWTC_SetSValue(counterId, (SWTC_SCounterValue)value);
 353:C:/Workspace/FW_Platform2_5/trunk/Application_Platform\APP_FuncLib.c **** 			break;
 354:C:/Workspace/FW_Platform2_5/trunk/Application_Platform\APP_FuncLib.c **** 		case MEDIUM_COUNTER:
 355:C:/Workspace/FW_Platform2_5/trunk/Application_Platform\APP_FuncLib.c **** 			SWTC_SetMValue(counterId, (SWTC_MCounterValue)value);
 356:C:/Workspace/FW_Platform2_5/trunk/Application_Platform\APP_FuncLib.c **** 			break;
 357:C:/Workspace/FW_Platform2_5/trunk/Application_Platform\APP_FuncLib.c **** #if defined(SWTC_L_ENABLED)
 358:C:/Workspace/FW_Platform2_5/trunk/Application_Platform\APP_FuncLib.c **** 		case LARGE_COUNTER:
 359:C:/Workspace/FW_Platform2_5/trunk/Application_Platform\APP_FuncLib.c **** 			SWTC_SetLValue(counterId, (SWTC_LCounterValue) value);
 360:C:/Workspace/FW_Platform2_5/trunk/Application_Platform\APP_FuncLib.c **** 			break;
 361:C:/Workspace/FW_Platform2_5/trunk/Application_Platform\APP_FuncLib.c **** #endif
 362:C:/Workspace/FW_Platform2_5/trunk/Application_Platform\APP_FuncLib.c **** 
 363:C:/Workspace/FW_Platform2_5/trunk/Application_Platform\APP_FuncLib.c **** 		default:
 364:C:/Workspace/FW_Platform2_5/trunk/Application_Platform\APP_FuncLib.c **** 			break;
 365:C:/Workspace/FW_Platform2_5/trunk/Application_Platform\APP_FuncLib.c **** 	}
 366:C:/Workspace/FW_Platform2_5/trunk/Application_Platform\APP_FuncLib.c **** }
 367:C:/Workspace/FW_Platform2_5/trunk/Application_Platform\APP_FuncLib.c **** 
 368:C:/Workspace/FW_Platform2_5/trunk/Application_Platform\APP_FuncLib.c **** 
 369:C:/Workspace/FW_Platform2_5/trunk/Application_Platform\APP_FuncLib.c **** /**
 370:C:/Workspace/FW_Platform2_5/trunk/Application_Platform\APP_FuncLib.c **** Disabilita il contatore specificato in ingresso e azzera il suo valore.
 371:C:/Workspace/FW_Platform2_5/trunk/Application_Platform\APP_FuncLib.c **** 
 372:C:/Workspace/FW_Platform2_5/trunk/Application_Platform\APP_FuncLib.c **** \param [in]		pCounter e' il puntatore al contatore da resettare
 373:C:/Workspace/FW_Platform2_5/trunk/Application_Platform\APP_FuncLib.c **** 
 374:C:/Workspace/FW_Platform2_5/trunk/Application_Platform\APP_FuncLib.c **** \return			void
 375:C:/Workspace/FW_Platform2_5/trunk/Application_Platform\APP_FuncLib.c **** 
 376:C:/Workspace/FW_Platform2_5/trunk/Application_Platform\APP_FuncLib.c **** \retval			none
 377:C:/Workspace/FW_Platform2_5/trunk/Application_Platform\APP_FuncLib.c **** 
 378:C:/Workspace/FW_Platform2_5/trunk/Application_Platform\APP_FuncLib.c **** \warning		attenzione, per contatori usati come se fossero Up Counter non è equivalente al ResetCoun
 379:C:/Workspace/FW_Platform2_5/trunk/Application_Platform\APP_FuncLib.c **** 				di Platform 1.0
 380:C:/Workspace/FW_Platform2_5/trunk/Application_Platform\APP_FuncLib.c **** 
 381:C:/Workspace/FW_Platform2_5/trunk/Application_Platform\APP_FuncLib.c **** \author			Simone Costantini
 382:C:/Workspace/FW_Platform2_5/trunk/Application_Platform\APP_FuncLib.c **** \date			26/01/2007
 383:C:/Workspace/FW_Platform2_5/trunk/Application_Platform\APP_FuncLib.c **** \version		1.0.0
 384:C:/Workspace/FW_Platform2_5/trunk/Application_Platform\APP_FuncLib.c **** 
 385:C:/Workspace/FW_Platform2_5/trunk/Application_Platform\APP_FuncLib.c **** \bug			none
 386:C:/Workspace/FW_Platform2_5/trunk/Application_Platform\APP_FuncLib.c **** 
 387:C:/Workspace/FW_Platform2_5/trunk/Application_Platform\APP_FuncLib.c **** \todo			nothing
 388:C:/Workspace/FW_Platform2_5/trunk/Application_Platform\APP_FuncLib.c ****    
 389:C:/Workspace/FW_Platform2_5/trunk/Application_Platform\APP_FuncLib.c **** \note			none
 390:C:/Workspace/FW_Platform2_5/trunk/Application_Platform\APP_FuncLib.c **** */
 391:C:/Workspace/FW_Platform2_5/trunk/Application_Platform\APP_FuncLib.c **** void StopCounterToZero(uint8_t counterSize, SWTC_CountersType counterId)
 392:C:/Workspace/FW_Platform2_5/trunk/Application_Platform\APP_FuncLib.c **** {
 393:C:/Workspace/FW_Platform2_5/trunk/Application_Platform\APP_FuncLib.c **** 	SWTC_Stop(counterId);
 394:C:/Workspace/FW_Platform2_5/trunk/Application_Platform\APP_FuncLib.c **** 	switch (counterSize)
 395:C:/Workspace/FW_Platform2_5/trunk/Application_Platform\APP_FuncLib.c **** 	{
 396:C:/Workspace/FW_Platform2_5/trunk/Application_Platform\APP_FuncLib.c **** 		case SHORT_COUNTER:
 397:C:/Workspace/FW_Platform2_5/trunk/Application_Platform\APP_FuncLib.c **** 			SWTC_SetSValue(counterId, (SWTC_SCounterValue) 0);
 398:C:/Workspace/FW_Platform2_5/trunk/Application_Platform\APP_FuncLib.c **** 			break;
 399:C:/Workspace/FW_Platform2_5/trunk/Application_Platform\APP_FuncLib.c **** 		case MEDIUM_COUNTER:
 400:C:/Workspace/FW_Platform2_5/trunk/Application_Platform\APP_FuncLib.c **** 			SWTC_SetMValue(counterId, (SWTC_MCounterValue) 0);
 401:C:/Workspace/FW_Platform2_5/trunk/Application_Platform\APP_FuncLib.c **** 			break;
 402:C:/Workspace/FW_Platform2_5/trunk/Application_Platform\APP_FuncLib.c **** #if defined(SWTC_L_ENABLED)
 403:C:/Workspace/FW_Platform2_5/trunk/Application_Platform\APP_FuncLib.c **** 		case LARGE_COUNTER:
 404:C:/Workspace/FW_Platform2_5/trunk/Application_Platform\APP_FuncLib.c **** 			SWTC_SetLValue(counterId, (SWTC_LCounterValue) 0);
 405:C:/Workspace/FW_Platform2_5/trunk/Application_Platform\APP_FuncLib.c **** 			break;
 406:C:/Workspace/FW_Platform2_5/trunk/Application_Platform\APP_FuncLib.c **** #endif
 407:C:/Workspace/FW_Platform2_5/trunk/Application_Platform\APP_FuncLib.c **** 
 408:C:/Workspace/FW_Platform2_5/trunk/Application_Platform\APP_FuncLib.c **** 		default:
 409:C:/Workspace/FW_Platform2_5/trunk/Application_Platform\APP_FuncLib.c **** 			break;
 410:C:/Workspace/FW_Platform2_5/trunk/Application_Platform\APP_FuncLib.c **** 	}
 411:C:/Workspace/FW_Platform2_5/trunk/Application_Platform\APP_FuncLib.c **** }
 412:C:/Workspace/FW_Platform2_5/trunk/Application_Platform\APP_FuncLib.c **** #endif /* SW_TIMER_NORM_MODE	== FALSE */
 413:C:/Workspace/FW_Platform2_5/trunk/Application_Platform\APP_FuncLib.c **** 
 414:C:/Workspace/FW_Platform2_5/trunk/Application_Platform\APP_FuncLib.c **** 
 415:C:/Workspace/FW_Platform2_5/trunk/Application_Platform\APP_FuncLib.c **** /**
 416:C:/Workspace/FW_Platform2_5/trunk/Application_Platform\APP_FuncLib.c **** Incrementa la variabile *pAccumulator se questa risulta inferiore a 0xFF, altrimenti
 417:C:/Workspace/FW_Platform2_5/trunk/Application_Platform\APP_FuncLib.c **** la lascia invariata.
 418:C:/Workspace/FW_Platform2_5/trunk/Application_Platform\APP_FuncLib.c **** 
 419:C:/Workspace/FW_Platform2_5/trunk/Application_Platform\APP_FuncLib.c **** \param [in,out]	pAccumulator e' il puntatore alla variabile da incrementare.
 420:C:/Workspace/FW_Platform2_5/trunk/Application_Platform\APP_FuncLib.c **** 
 421:C:/Workspace/FW_Platform2_5/trunk/Application_Platform\APP_FuncLib.c **** \return			void
 422:C:/Workspace/FW_Platform2_5/trunk/Application_Platform\APP_FuncLib.c **** 
 423:C:/Workspace/FW_Platform2_5/trunk/Application_Platform\APP_FuncLib.c **** \retval			none
 424:C:/Workspace/FW_Platform2_5/trunk/Application_Platform\APP_FuncLib.c **** 
 425:C:/Workspace/FW_Platform2_5/trunk/Application_Platform\APP_FuncLib.c **** \warning		none		
 426:C:/Workspace/FW_Platform2_5/trunk/Application_Platform\APP_FuncLib.c **** 
 427:C:/Workspace/FW_Platform2_5/trunk/Application_Platform\APP_FuncLib.c **** \author			Marco Quintini
 428:C:/Workspace/FW_Platform2_5/trunk/Application_Platform\APP_FuncLib.c **** \date   		30/11/2006
 429:C:/Workspace/FW_Platform2_5/trunk/Application_Platform\APP_FuncLib.c **** \version    	1.0.0
 430:C:/Workspace/FW_Platform2_5/trunk/Application_Platform\APP_FuncLib.c **** 
 431:C:/Workspace/FW_Platform2_5/trunk/Application_Platform\APP_FuncLib.c **** \bug			none
 432:C:/Workspace/FW_Platform2_5/trunk/Application_Platform\APP_FuncLib.c **** 
 433:C:/Workspace/FW_Platform2_5/trunk/Application_Platform\APP_FuncLib.c **** \todo			nothing
 434:C:/Workspace/FW_Platform2_5/trunk/Application_Platform\APP_FuncLib.c ****    
 435:C:/Workspace/FW_Platform2_5/trunk/Application_Platform\APP_FuncLib.c **** \note			none
 436:C:/Workspace/FW_Platform2_5/trunk/Application_Platform\APP_FuncLib.c **** */
 437:C:/Workspace/FW_Platform2_5/trunk/Application_Platform\APP_FuncLib.c **** void IncByteWithCheck(uint8_t *pAccumulator)
 438:C:/Workspace/FW_Platform2_5/trunk/Application_Platform\APP_FuncLib.c **** {
 120                             		.loc 1 438 0
 121                             	.LVL18:
 439:C:/Workspace/FW_Platform2_5/trunk/Application_Platform\APP_FuncLib.c **** 	if((*pAccumulator) < UINT8_T_MAX)
 122                             		.loc 1 439 0
 123 0000 CC 1E                   		mov.B	[r1], r14
 124 0002 5B E4                   		movu.B	r14, r4
 125 0004 75 54 FF                		cmp	#0xff, r4
 126 0007 20 06                   		beq	.L9
 440:C:/Workspace/FW_Platform2_5/trunk/Application_Platform\APP_FuncLib.c **** 	{
 441:C:/Workspace/FW_Platform2_5/trunk/Application_Platform\APP_FuncLib.c **** 		(*pAccumulator) ++;
 127                             		.loc 1 441 0
 128 0009 62 1E                   		add	#1, r14
 129 000b C3 1E                   		mov.B	r14, [r1]
 130                             	.L9:
 131 000d 02                      		rts
 132                             	.LFE4:
 134                             		.section	.text.DBG_CheckErr,"ax",@progbits
 135                             		.global	_DBG_CheckErr
 137                             	_DBG_CheckErr:
 138                             	.LFB5:
 442:C:/Workspace/FW_Platform2_5/trunk/Application_Platform\APP_FuncLib.c **** 	}
 443:C:/Workspace/FW_Platform2_5/trunk/Application_Platform\APP_FuncLib.c **** }
 444:C:/Workspace/FW_Platform2_5/trunk/Application_Platform\APP_FuncLib.c **** 
 445:C:/Workspace/FW_Platform2_5/trunk/Application_Platform\APP_FuncLib.c **** 
 446:C:/Workspace/FW_Platform2_5/trunk/Application_Platform\APP_FuncLib.c **** #if (CHECKERRORS_ENABLE == 1)
 447:C:/Workspace/FW_Platform2_5/trunk/Application_Platform\APP_FuncLib.c **** /**
 448:C:/Workspace/FW_Platform2_5/trunk/Application_Platform\APP_FuncLib.c **** Memorizza in un buffer circolare tutti i codici di errore generati dai moduli
 449:C:/Workspace/FW_Platform2_5/trunk/Application_Platform\APP_FuncLib.c **** dell'applicazione. \n
 450:C:/Workspace/FW_Platform2_5/trunk/Application_Platform\APP_FuncLib.c **** Il funzionamento corretto prevede che non ci sia nessun elemento all'interno del buffer.
 451:C:/Workspace/FW_Platform2_5/trunk/Application_Platform\APP_FuncLib.c ****  
 452:C:/Workspace/FW_Platform2_5/trunk/Application_Platform\APP_FuncLib.c **** \param [in]		codeToVerify e' il codice (ad esempio restituito da una routine)
 453:C:/Workspace/FW_Platform2_5/trunk/Application_Platform\APP_FuncLib.c **** 				su cui viene effettuata la verifica. Se e' un codice di errore
 454:C:/Workspace/FW_Platform2_5/trunk/Application_Platform\APP_FuncLib.c **** 				e se non e' gia' presente in Debug_Error[], viene aggiunto in coda.
 455:C:/Workspace/FW_Platform2_5/trunk/Application_Platform\APP_FuncLib.c **** \attention		Debug_Error (global, buffer che memorizza i codici di errore) e'
 456:C:/Workspace/FW_Platform2_5/trunk/Application_Platform\APP_FuncLib.c **** 				usata come input/output
 457:C:/Workspace/FW_Platform2_5/trunk/Application_Platform\APP_FuncLib.c **** 
 458:C:/Workspace/FW_Platform2_5/trunk/Application_Platform\APP_FuncLib.c **** \return			void
 459:C:/Workspace/FW_Platform2_5/trunk/Application_Platform\APP_FuncLib.c **** 
 460:C:/Workspace/FW_Platform2_5/trunk/Application_Platform\APP_FuncLib.c **** \retval			none
 461:C:/Workspace/FW_Platform2_5/trunk/Application_Platform\APP_FuncLib.c **** 
 462:C:/Workspace/FW_Platform2_5/trunk/Application_Platform\APP_FuncLib.c **** \warning		none		
 463:C:/Workspace/FW_Platform2_5/trunk/Application_Platform\APP_FuncLib.c **** 
 464:C:/Workspace/FW_Platform2_5/trunk/Application_Platform\APP_FuncLib.c **** \author  		Simone Costantini, Valeria Catani, Lucio Bianchi, Marco Quintini	
 465:C:/Workspace/FW_Platform2_5/trunk/Application_Platform\APP_FuncLib.c **** \date 			14/02/2006
 466:C:/Workspace/FW_Platform2_5/trunk/Application_Platform\APP_FuncLib.c **** \version		1.0.0
 467:C:/Workspace/FW_Platform2_5/trunk/Application_Platform\APP_FuncLib.c **** 
 468:C:/Workspace/FW_Platform2_5/trunk/Application_Platform\APP_FuncLib.c **** \bug			none
 469:C:/Workspace/FW_Platform2_5/trunk/Application_Platform\APP_FuncLib.c **** 
 470:C:/Workspace/FW_Platform2_5/trunk/Application_Platform\APP_FuncLib.c **** \todo			nothing
 471:C:/Workspace/FW_Platform2_5/trunk/Application_Platform\APP_FuncLib.c ****    
 472:C:/Workspace/FW_Platform2_5/trunk/Application_Platform\APP_FuncLib.c **** \note			none
 473:C:/Workspace/FW_Platform2_5/trunk/Application_Platform\APP_FuncLib.c **** */
 474:C:/Workspace/FW_Platform2_5/trunk/Application_Platform\APP_FuncLib.c **** void DBG_CheckErr(uint8_t codeToVerify)
 475:C:/Workspace/FW_Platform2_5/trunk/Application_Platform\APP_FuncLib.c **** {
 139                             		.loc 1 475 0
 140                             	.LVL19:
 476:C:/Workspace/FW_Platform2_5/trunk/Application_Platform\APP_FuncLib.c **** static uint8_t iDbgErr = 0;
 477:C:/Workspace/FW_Platform2_5/trunk/Application_Platform\APP_FuncLib.c **** uint8_t i;
 478:C:/Workspace/FW_Platform2_5/trunk/Application_Platform\APP_FuncLib.c **** 	
 479:C:/Workspace/FW_Platform2_5/trunk/Application_Platform\APP_FuncLib.c **** 	if(codeToVerify & ERROR_WARNING_CODE_MASK)
 141                             		.loc 1 479 0
 142 0000 EF 1E                   		mov.L	r1, r14
 143 0002 76 2E FE 00             		and	#0xfe, r14
 144 0006 20 41                   		beq	.L14
 480:C:/Workspace/FW_Platform2_5/trunk/Application_Platform\APP_FuncLib.c **** 	{
 481:C:/Workspace/FW_Platform2_5/trunk/Application_Platform\APP_FuncLib.c **** 		for(i = 0; i < iDbgErr; i++)
 145                             		.loc 1 481 0
 146 0008 FB 42 00 00 00 00       		mov.L	#_iDbgErr.10837, r4
 147 000e 66 0E                   		mov.L	#0, r14
 148 0010 58 44                   		movu.B	[r4], r4
 482:C:/Workspace/FW_Platform2_5/trunk/Application_Platform\APP_FuncLib.c **** 		{
 483:C:/Workspace/FW_Platform2_5/trunk/Application_Platform\APP_FuncLib.c **** 			if(codeToVerify == Debug_Error[i])
 149                             		.loc 1 483 0
 150 0012 5B 12                   		movu.B	r1, r2
 151 0014 2E 0E                   		bra	.L16
 152                             	.L17:
 153 0016 62 1E                   		add	#1, r14
 474:C:/Workspace/FW_Platform2_5/trunk/Application_Platform\APP_FuncLib.c **** void DBG_CheckErr(uint8_t codeToVerify)
 154                             		.loc 1 474 0
 155 0018 70 E3 00 00 00 00       		add	#_Debug_Error-1, r14, r3
 156                             		.loc 1 483 0
 157 001e 44 32                   		cmp	[r3].UB, r2
 158 0020 20 27                   		beq	.L14
 159                             		.balign 2,3,1
 160                             	.L16:
 481:C:/Workspace/FW_Platform2_5/trunk/Application_Platform\APP_FuncLib.c **** 		for(i = 0; i < iDbgErr; i++)
 161                             		.loc 1 481 0 discriminator 1
 162 0022 5B E3                   		movu.B	r14, r3
 163 0024 47 34                   		cmp	r3, r4
 164 0026 24 F0                   		bgtu	.L17
 484:C:/Workspace/FW_Platform2_5/trunk/Application_Platform\APP_FuncLib.c **** 			{
 485:C:/Workspace/FW_Platform2_5/trunk/Application_Platform\APP_FuncLib.c **** 				return;
 486:C:/Workspace/FW_Platform2_5/trunk/Application_Platform\APP_FuncLib.c **** 			}
 487:C:/Workspace/FW_Platform2_5/trunk/Application_Platform\APP_FuncLib.c **** 		}
 488:C:/Workspace/FW_Platform2_5/trunk/Application_Platform\APP_FuncLib.c **** 	
 489:C:/Workspace/FW_Platform2_5/trunk/Application_Platform\APP_FuncLib.c **** 		/*lint -save -e912 */
 490:C:/Workspace/FW_Platform2_5/trunk/Application_Platform\APP_FuncLib.c **** 		if(iDbgErr >= SIZE(Debug_Error))
 165                             		.loc 1 490 0
 166 0028 75 54 13                		cmp	#19, r4
 167 002b FB E2 00 00 00 00       		mov.L	#_iDbgErr.10837, r14
 168 0031 25 05                   		bleu	.L18
 491:C:/Workspace/FW_Platform2_5/trunk/Application_Platform\APP_FuncLib.c **** 		/*lint -restore */
 492:C:/Workspace/FW_Platform2_5/trunk/Application_Platform\APP_FuncLib.c **** 		{
 493:C:/Workspace/FW_Platform2_5/trunk/Application_Platform\APP_FuncLib.c **** 			iDbgErr = 0;
 169                             		.loc 1 493 0
 170 0033 F8 E4 00                		mov.B	#0, [r14]
 171                             		.balign 2,3,5
 172                             	.L18:
 494:C:/Workspace/FW_Platform2_5/trunk/Application_Platform\APP_FuncLib.c **** 		}
 495:C:/Workspace/FW_Platform2_5/trunk/Application_Platform\APP_FuncLib.c **** 		
 496:C:/Workspace/FW_Platform2_5/trunk/Application_Platform\APP_FuncLib.c **** 		Debug_Error[iDbgErr++] = codeToVerify;
 173                             		.loc 1 496 0
 174 0036 CC E4                   		mov.B	[r14], r4
 175 0038 FB 22 00 00 00 00       		mov.L	#_Debug_Error, r2
 176 003e 5B 43                   		movu.B	r4, r3
 177 0040 62 14                   		add	#1, r4
 178 0042 FE 03 21                		mov.B	r1, [r3,r2]
 179 0045 C3 E4                   		mov.B	r4, [r14]
 180                             	.L14:
 181 0047 02                      		rts
 182                             	.LFE5:
 184                             		.section	.bss.iDbgErr.10837,"aw",@nobits
 187                             	_iDbgErr.10837:
 188 0000 00                      		.zero	1
 291                             	.Letext0:
 292                             		.file 2 "C:\\Workspace\\FW_Platform2_5\\trunk\\HAL\\HAL_General/StandardTypes.h"
 293                             		.file 3 "C:\\Workspace\\FW_Platform2_5\\trunk\\ProductModules\\PM_SwTimersCounters/SwTimersCounter
 294                             		.file 4 "C:\\Workspace\\FW_Platform2_5\\trunk\\Application_Platform/APP_Types.h"
 295                             		.file 5 "C:\\Workspace\\FW_Platform2_5\\trunk\\Inertia\\General/CstmTypes.h"
 296                             		.file 6 "C:\\Workspace\\FW_Platform2_5\\trunk\\Application_Platform/APP_Global.h"
 297                             		.file 7 "C:\\Workspace\\FW_Platform2_5\\trunk\\Inertia\\General/CstmGlobal.h"
