   1                             		.file	"APP_JumpIf.c"
   2                             		.section P,"ax"
   3                             	.Ltext0:
   4                             		.section	.text.JIF_Equal,"ax",@progbits
   6                             	_JIF_Equal:
   7                             	.LFB2:
   8                             		.file 1 "C:/Workspace/FW_Platform2_5/trunk/Application_Platform/APP_JumpIf.c"
   1:C:/Workspace/FW_Platform2_5/trunk/Application_Platform\APP_JumpIf.c **** /**
   2:C:/Workspace/FW_Platform2_5/trunk/Application_Platform\APP_JumpIf.c **** \defgroup	APP_JumpIf Modulo microprogramma JumpIf
   3:C:/Workspace/FW_Platform2_5/trunk/Application_Platform\APP_JumpIf.c **** \ingroup	ApplPlatform
   4:C:/Workspace/FW_Platform2_5/trunk/Application_Platform\APP_JumpIf.c **** 
   5:C:/Workspace/FW_Platform2_5/trunk/Application_Platform\APP_JumpIf.c **** Il modulo implementa il microprogramma JumpIf per i salti condizionati
   6:C:/Workspace/FW_Platform2_5/trunk/Application_Platform\APP_JumpIf.c **** */
   7:C:/Workspace/FW_Platform2_5/trunk/Application_Platform\APP_JumpIf.c **** 
   8:C:/Workspace/FW_Platform2_5/trunk/Application_Platform\APP_JumpIf.c **** /**
   9:C:/Workspace/FW_Platform2_5/trunk/Application_Platform\APP_JumpIf.c **** Source file del modulo microprogramma JumpIf
  10:C:/Workspace/FW_Platform2_5/trunk/Application_Platform\APP_JumpIf.c **** 
  11:C:/Workspace/FW_Platform2_5/trunk/Application_Platform\APP_JumpIf.c **** \file		APP_JumpIf.c
  12:C:/Workspace/FW_Platform2_5/trunk/Application_Platform\APP_JumpIf.c **** \ingroup	APP_JumpIf
  13:C:/Workspace/FW_Platform2_5/trunk/Application_Platform\APP_JumpIf.c **** \date		22/09/2009
  14:C:/Workspace/FW_Platform2_5/trunk/Application_Platform\APP_JumpIf.c **** \version	01.00.00
  15:C:/Workspace/FW_Platform2_5/trunk/Application_Platform\APP_JumpIf.c **** \author		Marco Quintini
  16:C:/Workspace/FW_Platform2_5/trunk/Application_Platform\APP_JumpIf.c **** 
  17:C:/Workspace/FW_Platform2_5/trunk/Application_Platform\APP_JumpIf.c **** \par		PCLint
  18:C:/Workspace/FW_Platform2_5/trunk/Application_Platform\APP_JumpIf.c **** 			Report 16/01/2009: 0 Errors, 0 Warnings, 1 Info
  19:C:/Workspace/FW_Platform2_5/trunk/Application_Platform\APP_JumpIf.c **** 
  20:C:/Workspace/FW_Platform2_5/trunk/Application_Platform\APP_JumpIf.c **** */
  21:C:/Workspace/FW_Platform2_5/trunk/Application_Platform\APP_JumpIf.c **** 
  22:C:/Workspace/FW_Platform2_5/trunk/Application_Platform\APP_JumpIf.c **** /*
  23:C:/Workspace/FW_Platform2_5/trunk/Application_Platform\APP_JumpIf.c **** Copyright (c) 2004-2007, Indesit Company, EDT.
  24:C:/Workspace/FW_Platform2_5/trunk/Application_Platform\APP_JumpIf.c **** Tutti i diritti sono riservati. All rights reserved.
  25:C:/Workspace/FW_Platform2_5/trunk/Application_Platform\APP_JumpIf.c **** */
  26:C:/Workspace/FW_Platform2_5/trunk/Application_Platform\APP_JumpIf.c **** 
  27:C:/Workspace/FW_Platform2_5/trunk/Application_Platform\APP_JumpIf.c **** /* ******** */
  28:C:/Workspace/FW_Platform2_5/trunk/Application_Platform\APP_JumpIf.c **** /* Includes */
  29:C:/Workspace/FW_Platform2_5/trunk/Application_Platform\APP_JumpIf.c **** /* ******** */
  30:C:/Workspace/FW_Platform2_5/trunk/Application_Platform\APP_JumpIf.c **** #include "CstmHeaders.h"
  31:C:/Workspace/FW_Platform2_5/trunk/Application_Platform\APP_JumpIf.c **** 
  32:C:/Workspace/FW_Platform2_5/trunk/Application_Platform\APP_JumpIf.c **** /* ****************** */
  33:C:/Workspace/FW_Platform2_5/trunk/Application_Platform\APP_JumpIf.c **** /* Defines and Macros */
  34:C:/Workspace/FW_Platform2_5/trunk/Application_Platform\APP_JumpIf.c **** /* ****************** */
  35:C:/Workspace/FW_Platform2_5/trunk/Application_Platform\APP_JumpIf.c **** #if (JIF_AND_OR_ENABLE == 1)
  36:C:/Workspace/FW_Platform2_5/trunk/Application_Platform\APP_JumpIf.c **** /**
  37:C:/Workspace/FW_Platform2_5/trunk/Application_Platform\APP_JumpIf.c **** \name Valutazione condizioni multiple
  38:C:/Workspace/FW_Platform2_5/trunk/Application_Platform\APP_JumpIf.c **** */
  39:C:/Workspace/FW_Platform2_5/trunk/Application_Platform\APP_JumpIf.c **** /*@{*/ 
  40:C:/Workspace/FW_Platform2_5/trunk/Application_Platform\APP_JumpIf.c **** #define COND_IN_AND				0	/**< Condizioni da valutare in AND logico */
  41:C:/Workspace/FW_Platform2_5/trunk/Application_Platform\APP_JumpIf.c **** #define COND_IN_OR				1	/**< Condizioni da valutare in OR logico */
  42:C:/Workspace/FW_Platform2_5/trunk/Application_Platform\APP_JumpIf.c **** /*@}*/ 
  43:C:/Workspace/FW_Platform2_5/trunk/Application_Platform\APP_JumpIf.c **** #endif /* (JIF_AND_OR_ENABLE == 1) */
  44:C:/Workspace/FW_Platform2_5/trunk/Application_Platform\APP_JumpIf.c **** 
  45:C:/Workspace/FW_Platform2_5/trunk/Application_Platform\APP_JumpIf.c **** /* *************************** */
  46:C:/Workspace/FW_Platform2_5/trunk/Application_Platform\APP_JumpIf.c **** /* Typedef, Structs and Unions */
  47:C:/Workspace/FW_Platform2_5/trunk/Application_Platform\APP_JumpIf.c **** /* *************************** */
  48:C:/Workspace/FW_Platform2_5/trunk/Application_Platform\APP_JumpIf.c **** 
  49:C:/Workspace/FW_Platform2_5/trunk/Application_Platform\APP_JumpIf.c **** /* **************************** */
  50:C:/Workspace/FW_Platform2_5/trunk/Application_Platform\APP_JumpIf.c **** /* Prototype of local functions */
  51:C:/Workspace/FW_Platform2_5/trunk/Application_Platform\APP_JumpIf.c **** /* **************************** */
  52:C:/Workspace/FW_Platform2_5/trunk/Application_Platform\APP_JumpIf.c **** static bool_t JIF_Equal(int32_t a, int32_t b);
  53:C:/Workspace/FW_Platform2_5/trunk/Application_Platform\APP_JumpIf.c **** static bool_t JIF_Different(int32_t a, int32_t b);
  54:C:/Workspace/FW_Platform2_5/trunk/Application_Platform\APP_JumpIf.c **** static bool_t JIF_Greater(int32_t a, int32_t b);
  55:C:/Workspace/FW_Platform2_5/trunk/Application_Platform\APP_JumpIf.c **** static bool_t JIF_Smaller(int32_t a, int32_t b);
  56:C:/Workspace/FW_Platform2_5/trunk/Application_Platform\APP_JumpIf.c **** 
  57:C:/Workspace/FW_Platform2_5/trunk/Application_Platform\APP_JumpIf.c **** /* ****************** */
  58:C:/Workspace/FW_Platform2_5/trunk/Application_Platform\APP_JumpIf.c **** /* Exported variables */
  59:C:/Workspace/FW_Platform2_5/trunk/Application_Platform\APP_JumpIf.c **** /* ****************** */
  60:C:/Workspace/FW_Platform2_5/trunk/Application_Platform\APP_JumpIf.c **** 
  61:C:/Workspace/FW_Platform2_5/trunk/Application_Platform\APP_JumpIf.c **** /* **************** */
  62:C:/Workspace/FW_Platform2_5/trunk/Application_Platform\APP_JumpIf.c **** /* Global variables */
  63:C:/Workspace/FW_Platform2_5/trunk/Application_Platform\APP_JumpIf.c **** /* **************** */
  64:C:/Workspace/FW_Platform2_5/trunk/Application_Platform\APP_JumpIf.c **** /** Array dei possibili operatori di confronto tra gli operandi di una condizione */
  65:C:/Workspace/FW_Platform2_5/trunk/Application_Platform\APP_JumpIf.c **** static const FUNCOP Operator_array[N_OPERATORS] =
  66:C:/Workspace/FW_Platform2_5/trunk/Application_Platform\APP_JumpIf.c **** {
  67:C:/Workspace/FW_Platform2_5/trunk/Application_Platform\APP_JumpIf.c **** 	JIF_Equal,
  68:C:/Workspace/FW_Platform2_5/trunk/Application_Platform\APP_JumpIf.c **** 	JIF_Different,
  69:C:/Workspace/FW_Platform2_5/trunk/Application_Platform\APP_JumpIf.c **** 	JIF_Greater,
  70:C:/Workspace/FW_Platform2_5/trunk/Application_Platform\APP_JumpIf.c **** 	JIF_Smaller,
  71:C:/Workspace/FW_Platform2_5/trunk/Application_Platform\APP_JumpIf.c **** };
  72:C:/Workspace/FW_Platform2_5/trunk/Application_Platform\APP_JumpIf.c **** 
  73:C:/Workspace/FW_Platform2_5/trunk/Application_Platform\APP_JumpIf.c **** /* ***************** */
  74:C:/Workspace/FW_Platform2_5/trunk/Application_Platform\APP_JumpIf.c **** /* Exported function */
  75:C:/Workspace/FW_Platform2_5/trunk/Application_Platform\APP_JumpIf.c **** /* ***************** */
  76:C:/Workspace/FW_Platform2_5/trunk/Application_Platform\APP_JumpIf.c **** 
  77:C:/Workspace/FW_Platform2_5/trunk/Application_Platform\APP_JumpIf.c **** #if (MULTI_COMPARTMENT_APPL == 1)
  78:C:/Workspace/FW_Platform2_5/trunk/Application_Platform\APP_JumpIf.c **** /**
  79:C:/Workspace/FW_Platform2_5/trunk/Application_Platform\APP_JumpIf.c **** Implementa il microprogramma JumpIF.
  80:C:/Workspace/FW_Platform2_5/trunk/Application_Platform\APP_JumpIf.c **** 
  81:C:/Workspace/FW_Platform2_5/trunk/Application_Platform\APP_JumpIf.c **** \param [in]		highStatement e' l'High Statement del microprogramma (T flag +
  82:C:/Workspace/FW_Platform2_5/trunk/Application_Platform\APP_JumpIf.c **** 				N flag + modificatori F1-F0 + opcode).
  83:C:/Workspace/FW_Platform2_5/trunk/Application_Platform\APP_JumpIf.c **** \param [in]		lowStatement e' il Low Statement del microprogramma (indice
  84:C:/Workspace/FW_Platform2_5/trunk/Application_Platform\APP_JumpIf.c **** 				dello spiazzamento della tabella dati associata)
  85:C:/Workspace/FW_Platform2_5/trunk/Application_Platform\APP_JumpIf.c **** \param [in]		compartment e' il vano in cui viene eseguito il microprogramma
  86:C:/Workspace/FW_Platform2_5/trunk/Application_Platform\APP_JumpIf.c **** 
  87:C:/Workspace/FW_Platform2_5/trunk/Application_Platform\APP_JumpIf.c **** \attention		Interpreter_Data (global, struttura con i dati sullo stato
  88:C:/Workspace/FW_Platform2_5/trunk/Application_Platform\APP_JumpIf.c **** 				corrente dell'interprete) e' usata come input
  89:C:/Workspace/FW_Platform2_5/trunk/Application_Platform\APP_JumpIf.c **** \attention		Table_JumpIf (global, buffer tabelle destinazione Jump If per i
  90:C:/Workspace/FW_Platform2_5/trunk/Application_Platform\APP_JumpIf.c **** 				diversi vani) e' usata come output
  91:C:/Workspace/FW_Platform2_5/trunk/Application_Platform\APP_JumpIf.c **** 
  92:C:/Workspace/FW_Platform2_5/trunk/Application_Platform\APP_JumpIf.c **** \return			uint8_t
  93:C:/Workspace/FW_Platform2_5/trunk/Application_Platform\APP_JumpIf.c **** 
  94:C:/Workspace/FW_Platform2_5/trunk/Application_Platform\APP_JumpIf.c **** \retval			S_OK se la condizione di avanzamento passo per il microprogramma e'
  95:C:/Workspace/FW_Platform2_5/trunk/Application_Platform\APP_JumpIf.c **** 				verificata (condizione JumpIf vera), S_FALSE se non e' ancora verificata
  96:C:/Workspace/FW_Platform2_5/trunk/Application_Platform\APP_JumpIf.c **** 				(condizione JumpIF falsa) o in caso di errore.
  97:C:/Workspace/FW_Platform2_5/trunk/Application_Platform\APP_JumpIf.c **** 
  98:C:/Workspace/FW_Platform2_5/trunk/Application_Platform\APP_JumpIf.c **** \warning		none		
  99:C:/Workspace/FW_Platform2_5/trunk/Application_Platform\APP_JumpIf.c **** 
 100:C:/Workspace/FW_Platform2_5/trunk/Application_Platform\APP_JumpIf.c **** \author			Marco Quintini
 101:C:/Workspace/FW_Platform2_5/trunk/Application_Platform\APP_JumpIf.c **** \date 			06/07/2009
 102:C:/Workspace/FW_Platform2_5/trunk/Application_Platform\APP_JumpIf.c **** \version		1.0.0
 103:C:/Workspace/FW_Platform2_5/trunk/Application_Platform\APP_JumpIf.c **** 
 104:C:/Workspace/FW_Platform2_5/trunk/Application_Platform\APP_JumpIf.c **** \bug			none
 105:C:/Workspace/FW_Platform2_5/trunk/Application_Platform\APP_JumpIf.c **** 
 106:C:/Workspace/FW_Platform2_5/trunk/Application_Platform\APP_JumpIf.c **** \todo			nothing
 107:C:/Workspace/FW_Platform2_5/trunk/Application_Platform\APP_JumpIf.c ****    
 108:C:/Workspace/FW_Platform2_5/trunk/Application_Platform\APP_JumpIf.c **** \note			none
 109:C:/Workspace/FW_Platform2_5/trunk/Application_Platform\APP_JumpIf.c **** */
 110:C:/Workspace/FW_Platform2_5/trunk/Application_Platform\APP_JumpIf.c **** /*lint -e715 */
 111:C:/Workspace/FW_Platform2_5/trunk/Application_Platform\APP_JumpIf.c **** uint8_t JIF_JumpIf_Exe(uint8_t highStatement, uint8_t lowStatement, uint8_t compartment)
 112:C:/Workspace/FW_Platform2_5/trunk/Application_Platform\APP_JumpIf.c **** 
 113:C:/Workspace/FW_Platform2_5/trunk/Application_Platform\APP_JumpIf.c **** #else /* (MULTI_COMPARTMENT_APPL == 1) */
 114:C:/Workspace/FW_Platform2_5/trunk/Application_Platform\APP_JumpIf.c **** 
 115:C:/Workspace/FW_Platform2_5/trunk/Application_Platform\APP_JumpIf.c **** /**
 116:C:/Workspace/FW_Platform2_5/trunk/Application_Platform\APP_JumpIf.c **** Implementa il microprogramma JumpIF.
 117:C:/Workspace/FW_Platform2_5/trunk/Application_Platform\APP_JumpIf.c **** 
 118:C:/Workspace/FW_Platform2_5/trunk/Application_Platform\APP_JumpIf.c **** \param [in]		highStatement e' l'High Statement del microprogramma (T flag +
 119:C:/Workspace/FW_Platform2_5/trunk/Application_Platform\APP_JumpIf.c **** 				N flag + modificatori F1-F0 + opcode).
 120:C:/Workspace/FW_Platform2_5/trunk/Application_Platform\APP_JumpIf.c **** \param [in]		lowStatement e' il Low Statement del microprogramma (indice
 121:C:/Workspace/FW_Platform2_5/trunk/Application_Platform\APP_JumpIf.c **** 				dello spiazzamento della tabella dati associata)
 122:C:/Workspace/FW_Platform2_5/trunk/Application_Platform\APP_JumpIf.c **** 
 123:C:/Workspace/FW_Platform2_5/trunk/Application_Platform\APP_JumpIf.c **** \attention		Interpreter_Data (global, struttura con i dati sullo stato
 124:C:/Workspace/FW_Platform2_5/trunk/Application_Platform\APP_JumpIf.c **** 				corrente dell'interprete) e' usata come input
 125:C:/Workspace/FW_Platform2_5/trunk/Application_Platform\APP_JumpIf.c **** \attention		Table_JumpIf (global, tabella destinazione Jump If) e' usata come output
 126:C:/Workspace/FW_Platform2_5/trunk/Application_Platform\APP_JumpIf.c **** 
 127:C:/Workspace/FW_Platform2_5/trunk/Application_Platform\APP_JumpIf.c **** \return			uint8_t
 128:C:/Workspace/FW_Platform2_5/trunk/Application_Platform\APP_JumpIf.c **** 
 129:C:/Workspace/FW_Platform2_5/trunk/Application_Platform\APP_JumpIf.c **** \retval			S_OK se la condizione di avanzamento passo per il microprogramma e'
 130:C:/Workspace/FW_Platform2_5/trunk/Application_Platform\APP_JumpIf.c **** 				verificata (condizione JumpIf vera), S_FALSE se non e' ancora verificata
 131:C:/Workspace/FW_Platform2_5/trunk/Application_Platform\APP_JumpIf.c **** 				(condizione JumpIF falsa) o in caso di errore.
 132:C:/Workspace/FW_Platform2_5/trunk/Application_Platform\APP_JumpIf.c **** 
 133:C:/Workspace/FW_Platform2_5/trunk/Application_Platform\APP_JumpIf.c **** \warning		none		
 134:C:/Workspace/FW_Platform2_5/trunk/Application_Platform\APP_JumpIf.c **** 
 135:C:/Workspace/FW_Platform2_5/trunk/Application_Platform\APP_JumpIf.c **** \author			Marco Quintini
 136:C:/Workspace/FW_Platform2_5/trunk/Application_Platform\APP_JumpIf.c **** \date 			06/07/2009
 137:C:/Workspace/FW_Platform2_5/trunk/Application_Platform\APP_JumpIf.c **** \version		1.0.0
 138:C:/Workspace/FW_Platform2_5/trunk/Application_Platform\APP_JumpIf.c **** 
 139:C:/Workspace/FW_Platform2_5/trunk/Application_Platform\APP_JumpIf.c **** \bug			none
 140:C:/Workspace/FW_Platform2_5/trunk/Application_Platform\APP_JumpIf.c **** 
 141:C:/Workspace/FW_Platform2_5/trunk/Application_Platform\APP_JumpIf.c **** \todo			nothing
 142:C:/Workspace/FW_Platform2_5/trunk/Application_Platform\APP_JumpIf.c ****    
 143:C:/Workspace/FW_Platform2_5/trunk/Application_Platform\APP_JumpIf.c **** \note			none
 144:C:/Workspace/FW_Platform2_5/trunk/Application_Platform\APP_JumpIf.c **** */
 145:C:/Workspace/FW_Platform2_5/trunk/Application_Platform\APP_JumpIf.c **** /*lint -e715 */
 146:C:/Workspace/FW_Platform2_5/trunk/Application_Platform\APP_JumpIf.c **** uint8_t JIF_JumpIf_Exe(uint8_t highStatement, uint8_t lowStatement)
 147:C:/Workspace/FW_Platform2_5/trunk/Application_Platform\APP_JumpIf.c **** 
 148:C:/Workspace/FW_Platform2_5/trunk/Application_Platform\APP_JumpIf.c **** #endif /* (MULTI_COMPARTMENT_APPL != 1) */
 149:C:/Workspace/FW_Platform2_5/trunk/Application_Platform\APP_JumpIf.c **** {
 150:C:/Workspace/FW_Platform2_5/trunk/Application_Platform\APP_JumpIf.c **** #if (MULTI_COMPARTMENT_APPL == 0)
 151:C:/Workspace/FW_Platform2_5/trunk/Application_Platform\APP_JumpIf.c **** uint8_t compartment = 0;
 152:C:/Workspace/FW_Platform2_5/trunk/Application_Platform\APP_JumpIf.c **** #endif /* (MULTI_COMPARTMENT_APPL == 0) */  	
 153:C:/Workspace/FW_Platform2_5/trunk/Application_Platform\APP_JumpIf.c **** 
 154:C:/Workspace/FW_Platform2_5/trunk/Application_Platform\APP_JumpIf.c **** JumpIF_Struct *pCompTable_JumpIf = &Table_JumpIf[compartment];
 155:C:/Workspace/FW_Platform2_5/trunk/Application_Platform\APP_JumpIf.c **** Interpreter_Struct *pCompItpData = &Interpreter_Data[compartment];
 156:C:/Workspace/FW_Platform2_5/trunk/Application_Platform\APP_JumpIf.c **** Loader_Struct uPJumpIF_setting_data, cond_setting_data;
 157:C:/Workspace/FW_Platform2_5/trunk/Application_Platform\APP_JumpIf.c **** 
 158:C:/Workspace/FW_Platform2_5/trunk/Application_Platform\APP_JumpIf.c **** 	/* Caricamento tabella dati JumpIF */
 159:C:/Workspace/FW_Platform2_5/trunk/Application_Platform\APP_JumpIf.c **** 	if( MSettingBasicLoader( Interpreter_Data[0].mSetting, PTR_MP_JUMPIF_DATA, lowStatement, &uPJumpIF
 160:C:/Workspace/FW_Platform2_5/trunk/Application_Platform\APP_JumpIf.c **** 	{
 161:C:/Workspace/FW_Platform2_5/trunk/Application_Platform\APP_JumpIf.c **** #ifdef _JIF_CHECKERRORS_
 162:C:/Workspace/FW_Platform2_5/trunk/Application_Platform\APP_JumpIf.c **** 		DBG_CheckErr(JIF_ERR_LD_DATA_TAB);
 163:C:/Workspace/FW_Platform2_5/trunk/Application_Platform\APP_JumpIf.c **** #endif
 164:C:/Workspace/FW_Platform2_5/trunk/Application_Platform\APP_JumpIf.c **** 
 165:C:/Workspace/FW_Platform2_5/trunk/Application_Platform\APP_JumpIf.c **** 		return S_FALSE;	/* return S_FALSE perchè altrimenti (con S_OK) non saprei dove saltare! */
 166:C:/Workspace/FW_Platform2_5/trunk/Application_Platform\APP_JumpIf.c **** 	}
 167:C:/Workspace/FW_Platform2_5/trunk/Application_Platform\APP_JumpIf.c **** 
 168:C:/Workspace/FW_Platform2_5/trunk/Application_Platform\APP_JumpIf.c **** 	/* Caricamento tabella condizioni JumpIF */	
 169:C:/Workspace/FW_Platform2_5/trunk/Application_Platform\APP_JumpIf.c **** 	/*lint -save -e826 */
 170:C:/Workspace/FW_Platform2_5/trunk/Application_Platform\APP_JumpIf.c **** 	if ( MSettingBasicLoader( Interpreter_Data[0].mSetting, PTR_COND_TABLE_DATA, ((JumpIfTableData_Str
 171:C:/Workspace/FW_Platform2_5/trunk/Application_Platform\APP_JumpIf.c **** 	/*lint -restore */
 172:C:/Workspace/FW_Platform2_5/trunk/Application_Platform\APP_JumpIf.c **** 	{
 173:C:/Workspace/FW_Platform2_5/trunk/Application_Platform\APP_JumpIf.c **** #ifdef _JIF_CHECKERRORS_			
 174:C:/Workspace/FW_Platform2_5/trunk/Application_Platform\APP_JumpIf.c **** 		DBG_CheckErr(JIF_ERROR_LD_COND_DATA);
 175:C:/Workspace/FW_Platform2_5/trunk/Application_Platform\APP_JumpIf.c **** #endif
 176:C:/Workspace/FW_Platform2_5/trunk/Application_Platform\APP_JumpIf.c **** 
 177:C:/Workspace/FW_Platform2_5/trunk/Application_Platform\APP_JumpIf.c **** 		return S_FALSE;	/* return S_FALSE perchè altrimenti (con S_OK) non saprei dove saltare! */
 178:C:/Workspace/FW_Platform2_5/trunk/Application_Platform\APP_JumpIf.c **** 	}
 179:C:/Workspace/FW_Platform2_5/trunk/Application_Platform\APP_JumpIf.c **** 
 180:C:/Workspace/FW_Platform2_5/trunk/Application_Platform\APP_JumpIf.c **** 	/*lint -save -e826 */
 181:C:/Workspace/FW_Platform2_5/trunk/Application_Platform\APP_JumpIf.c **** 	switch(JIF_CheckCondition(&cond_setting_data))
 182:C:/Workspace/FW_Platform2_5/trunk/Application_Platform\APP_JumpIf.c **** 	/*lint -restore */
 183:C:/Workspace/FW_Platform2_5/trunk/Application_Platform\APP_JumpIf.c **** 	{
 184:C:/Workspace/FW_Platform2_5/trunk/Application_Platform\APP_JumpIf.c **** 		case S_OK:
 185:C:/Workspace/FW_Platform2_5/trunk/Application_Platform\APP_JumpIf.c **** 		{
 186:C:/Workspace/FW_Platform2_5/trunk/Application_Platform\APP_JumpIf.c **** 			/* Condizione vera, effettua il salto */
 187:C:/Workspace/FW_Platform2_5/trunk/Application_Platform\APP_JumpIf.c **** 
 188:C:/Workspace/FW_Platform2_5/trunk/Application_Platform\APP_JumpIf.c **** 			/* cycle */
 189:C:/Workspace/FW_Platform2_5/trunk/Application_Platform\APP_JumpIf.c **** 			/*lint -save -e826 -e912 */
 190:C:/Workspace/FW_Platform2_5/trunk/Application_Platform\APP_JumpIf.c **** 			if( ((JumpIfTableData_Struct *)uPJumpIF_setting_data.Data)->sameCycle != 0 )
 191:C:/Workspace/FW_Platform2_5/trunk/Application_Platform\APP_JumpIf.c **** 			/*lint -restore */
 192:C:/Workspace/FW_Platform2_5/trunk/Application_Platform\APP_JumpIf.c **** 			{
 193:C:/Workspace/FW_Platform2_5/trunk/Application_Platform\APP_JumpIf.c **** 				/* same cycle */
 194:C:/Workspace/FW_Platform2_5/trunk/Application_Platform\APP_JumpIf.c **** 				pCompTable_JumpIf->cycle = pCompItpData->cycle;
 195:C:/Workspace/FW_Platform2_5/trunk/Application_Platform\APP_JumpIf.c **** 			}
 196:C:/Workspace/FW_Platform2_5/trunk/Application_Platform\APP_JumpIf.c **** 			else
 197:C:/Workspace/FW_Platform2_5/trunk/Application_Platform\APP_JumpIf.c **** 			{
 198:C:/Workspace/FW_Platform2_5/trunk/Application_Platform\APP_JumpIf.c **** 				/* different cycle */
 199:C:/Workspace/FW_Platform2_5/trunk/Application_Platform\APP_JumpIf.c **** 				/*lint -save -e826 */
 200:C:/Workspace/FW_Platform2_5/trunk/Application_Platform\APP_JumpIf.c **** 				pCompTable_JumpIf->cycle = ((JumpIfTableData_Struct *)uPJumpIF_setting_data.Data)->destinationC
 201:C:/Workspace/FW_Platform2_5/trunk/Application_Platform\APP_JumpIf.c **** 				/*lint -restore */
 202:C:/Workspace/FW_Platform2_5/trunk/Application_Platform\APP_JumpIf.c **** 			}	
 203:C:/Workspace/FW_Platform2_5/trunk/Application_Platform\APP_JumpIf.c **** 			
 204:C:/Workspace/FW_Platform2_5/trunk/Application_Platform\APP_JumpIf.c **** 			/* phase */
 205:C:/Workspace/FW_Platform2_5/trunk/Application_Platform\APP_JumpIf.c **** 			/*lint -save -e826 -e912 */
 206:C:/Workspace/FW_Platform2_5/trunk/Application_Platform\APP_JumpIf.c **** 			if( ((JumpIfTableData_Struct *)uPJumpIF_setting_data.Data)->samePhase != 0 )
 207:C:/Workspace/FW_Platform2_5/trunk/Application_Platform\APP_JumpIf.c **** 			/*lint -restore */
 208:C:/Workspace/FW_Platform2_5/trunk/Application_Platform\APP_JumpIf.c **** 			{
 209:C:/Workspace/FW_Platform2_5/trunk/Application_Platform\APP_JumpIf.c **** 				#if (ITP_JIF_RELATIVE_PHASE_ENABLE == 1)
 210:C:/Workspace/FW_Platform2_5/trunk/Application_Platform\APP_JumpIf.c **** 				/*
 211:C:/Workspace/FW_Platform2_5/trunk/Application_Platform\APP_JumpIf.c **** 				inizializzo "newPhase" con il valore di "Destination Phase" contenuto
 212:C:/Workspace/FW_Platform2_5/trunk/Application_Platform\APP_JumpIf.c **** 				nel file di setting. Questa variabile indica l'offset per il salto relativo
 213:C:/Workspace/FW_Platform2_5/trunk/Application_Platform\APP_JumpIf.c **** 				*/
 214:C:/Workspace/FW_Platform2_5/trunk/Application_Platform\APP_JumpIf.c **** 				/*lint -save -e826 */
 215:C:/Workspace/FW_Platform2_5/trunk/Application_Platform\APP_JumpIf.c **** 				int8_t	newPhase = (int8_t)(((JumpIfTableData_Struct *)uPJumpIF_setting_data.Data)->destinationP
 216:C:/Workspace/FW_Platform2_5/trunk/Application_Platform\APP_JumpIf.c **** 				/*lint -restore */
 217:C:/Workspace/FW_Platform2_5/trunk/Application_Platform\APP_JumpIf.c **** 
 218:C:/Workspace/FW_Platform2_5/trunk/Application_Platform\APP_JumpIf.c **** 				/*lint -save -e826 */
 219:C:/Workspace/FW_Platform2_5/trunk/Application_Platform\APP_JumpIf.c **** 				if (((JumpIfTableData_Struct *)uPJumpIF_setting_data.Data)->signOffset)
 220:C:/Workspace/FW_Platform2_5/trunk/Application_Platform\APP_JumpIf.c **** 				/*lint -restore */
 221:C:/Workspace/FW_Platform2_5/trunk/Application_Platform\APP_JumpIf.c **** 				{	/* salto relativo con offset negativo */
 222:C:/Workspace/FW_Platform2_5/trunk/Application_Platform\APP_JumpIf.c **** 					newPhase = -newPhase;	/* inverto il segno dell'offset */
 223:C:/Workspace/FW_Platform2_5/trunk/Application_Platform\APP_JumpIf.c **** 				}
 224:C:/Workspace/FW_Platform2_5/trunk/Application_Platform\APP_JumpIf.c **** 
 225:C:/Workspace/FW_Platform2_5/trunk/Application_Platform\APP_JumpIf.c **** 				/*lint -save -e826 */
 226:C:/Workspace/FW_Platform2_5/trunk/Application_Platform\APP_JumpIf.c **** 				if ( (((int8_t)(pCompItpData->phase) + newPhase) < 0) || (((int8_t)(pCompItpData->phase) + newP
 227:C:/Workspace/FW_Platform2_5/trunk/Application_Platform\APP_JumpIf.c **** 				/*lint -restore */
 228:C:/Workspace/FW_Platform2_5/trunk/Application_Platform\APP_JumpIf.c **** 				{
 229:C:/Workspace/FW_Platform2_5/trunk/Application_Platform\APP_JumpIf.c **** 					/* wrong phase: rimango all'interno della fase corrente */
 230:C:/Workspace/FW_Platform2_5/trunk/Application_Platform\APP_JumpIf.c **** 					pCompTable_JumpIf->phase = pCompItpData->phase;
 231:C:/Workspace/FW_Platform2_5/trunk/Application_Platform\APP_JumpIf.c **** 				}
 232:C:/Workspace/FW_Platform2_5/trunk/Application_Platform\APP_JumpIf.c **** 				else
 233:C:/Workspace/FW_Platform2_5/trunk/Application_Platform\APP_JumpIf.c **** 				{
 234:C:/Workspace/FW_Platform2_5/trunk/Application_Platform\APP_JumpIf.c **** 					/*lint -save -e826 */
 235:C:/Workspace/FW_Platform2_5/trunk/Application_Platform\APP_JumpIf.c **** 					pCompTable_JumpIf->phase = (uint8_t)((int8_t)(pCompItpData->phase) + newPhase);
 236:C:/Workspace/FW_Platform2_5/trunk/Application_Platform\APP_JumpIf.c **** 					/*lint -restore */
 237:C:/Workspace/FW_Platform2_5/trunk/Application_Platform\APP_JumpIf.c **** 				}
 238:C:/Workspace/FW_Platform2_5/trunk/Application_Platform\APP_JumpIf.c **** 				#else	/* (ITP_JIF_RELATIVE_PHASE_ENABLE != 1) */
 239:C:/Workspace/FW_Platform2_5/trunk/Application_Platform\APP_JumpIf.c **** 				/* same phase */
 240:C:/Workspace/FW_Platform2_5/trunk/Application_Platform\APP_JumpIf.c **** 				pCompTable_JumpIf->phase = pCompItpData->phase;
 241:C:/Workspace/FW_Platform2_5/trunk/Application_Platform\APP_JumpIf.c **** 				#endif	/* (ITP_JIF_RELATIVE_PHASE_ENABLE != 1) */
 242:C:/Workspace/FW_Platform2_5/trunk/Application_Platform\APP_JumpIf.c **** 			}
 243:C:/Workspace/FW_Platform2_5/trunk/Application_Platform\APP_JumpIf.c **** 			else
 244:C:/Workspace/FW_Platform2_5/trunk/Application_Platform\APP_JumpIf.c **** 			{
 245:C:/Workspace/FW_Platform2_5/trunk/Application_Platform\APP_JumpIf.c **** 				/* different phase */
 246:C:/Workspace/FW_Platform2_5/trunk/Application_Platform\APP_JumpIf.c **** 				/*lint -save -e826 */
 247:C:/Workspace/FW_Platform2_5/trunk/Application_Platform\APP_JumpIf.c **** 				pCompTable_JumpIf->phase = ((JumpIfTableData_Struct *)uPJumpIF_setting_data.Data)->destinationP
 248:C:/Workspace/FW_Platform2_5/trunk/Application_Platform\APP_JumpIf.c **** 				/*lint -restore */
 249:C:/Workspace/FW_Platform2_5/trunk/Application_Platform\APP_JumpIf.c **** 			}
 250:C:/Workspace/FW_Platform2_5/trunk/Application_Platform\APP_JumpIf.c **** 
 251:C:/Workspace/FW_Platform2_5/trunk/Application_Platform\APP_JumpIf.c **** 			/*lint -save -e826 */
 252:C:/Workspace/FW_Platform2_5/trunk/Application_Platform\APP_JumpIf.c **** 			pCompTable_JumpIf->first_statement = ((JumpIfTableData_Struct *)uPJumpIF_setting_data.Data)->des
 253:C:/Workspace/FW_Platform2_5/trunk/Application_Platform\APP_JumpIf.c **** 			/*lint -restore */
 254:C:/Workspace/FW_Platform2_5/trunk/Application_Platform\APP_JumpIf.c **** 		
 255:C:/Workspace/FW_Platform2_5/trunk/Application_Platform\APP_JumpIf.c **** #if (ITP_JIF_RET_ENABLE == 1)
 256:C:/Workspace/FW_Platform2_5/trunk/Application_Platform\APP_JumpIf.c **** 			/* Gestione JumpIf con ritorno */
 257:C:/Workspace/FW_Platform2_5/trunk/Application_Platform\APP_JumpIf.c **** 			/*lint -save -e826 */
 258:C:/Workspace/FW_Platform2_5/trunk/Application_Platform\APP_JumpIf.c **** 			if( ((JumpIfTableData_Struct *)uPJumpIF_setting_data.Data)->ret != 0 )
 259:C:/Workspace/FW_Platform2_5/trunk/Application_Platform\APP_JumpIf.c **** 			/*lint -restore */
 260:C:/Workspace/FW_Platform2_5/trunk/Application_Platform\APP_JumpIf.c **** 			{
 261:C:/Workspace/FW_Platform2_5/trunk/Application_Platform\APP_JumpIf.c **** 				pCompTable_JumpIf->ret = TRUE;
 262:C:/Workspace/FW_Platform2_5/trunk/Application_Platform\APP_JumpIf.c **** 			}
 263:C:/Workspace/FW_Platform2_5/trunk/Application_Platform\APP_JumpIf.c **** #endif /* (ITP_JIF_RET_ENABLE == 1) */
 264:C:/Workspace/FW_Platform2_5/trunk/Application_Platform\APP_JumpIf.c **** 
 265:C:/Workspace/FW_Platform2_5/trunk/Application_Platform\APP_JumpIf.c **** 			return S_OK;
 266:C:/Workspace/FW_Platform2_5/trunk/Application_Platform\APP_JumpIf.c **** 		}
 267:C:/Workspace/FW_Platform2_5/trunk/Application_Platform\APP_JumpIf.c **** 			/*break;*/
 268:C:/Workspace/FW_Platform2_5/trunk/Application_Platform\APP_JumpIf.c **** 		
 269:C:/Workspace/FW_Platform2_5/trunk/Application_Platform\APP_JumpIf.c **** 		case S_FALSE:
 270:C:/Workspace/FW_Platform2_5/trunk/Application_Platform\APP_JumpIf.c **** 		{
 271:C:/Workspace/FW_Platform2_5/trunk/Application_Platform\APP_JumpIf.c **** 			/* Condizione falsa, non effettua il salto */
 272:C:/Workspace/FW_Platform2_5/trunk/Application_Platform\APP_JumpIf.c **** 			return S_FALSE;
 273:C:/Workspace/FW_Platform2_5/trunk/Application_Platform\APP_JumpIf.c **** 		}
 274:C:/Workspace/FW_Platform2_5/trunk/Application_Platform\APP_JumpIf.c **** 			/*break;*/
 275:C:/Workspace/FW_Platform2_5/trunk/Application_Platform\APP_JumpIf.c **** 
 276:C:/Workspace/FW_Platform2_5/trunk/Application_Platform\APP_JumpIf.c **** 		default:
 277:C:/Workspace/FW_Platform2_5/trunk/Application_Platform\APP_JumpIf.c **** 		{
 278:C:/Workspace/FW_Platform2_5/trunk/Application_Platform\APP_JumpIf.c **** 			/* Possibile gestione degli errori, se necessaria */
 279:C:/Workspace/FW_Platform2_5/trunk/Application_Platform\APP_JumpIf.c **** 			return S_FALSE;
 280:C:/Workspace/FW_Platform2_5/trunk/Application_Platform\APP_JumpIf.c **** 		}
 281:C:/Workspace/FW_Platform2_5/trunk/Application_Platform\APP_JumpIf.c **** 			/*break;*/
 282:C:/Workspace/FW_Platform2_5/trunk/Application_Platform\APP_JumpIf.c **** 	}
 283:C:/Workspace/FW_Platform2_5/trunk/Application_Platform\APP_JumpIf.c **** }
 284:C:/Workspace/FW_Platform2_5/trunk/Application_Platform\APP_JumpIf.c **** /*lint +e715 */
 285:C:/Workspace/FW_Platform2_5/trunk/Application_Platform\APP_JumpIf.c **** 
 286:C:/Workspace/FW_Platform2_5/trunk/Application_Platform\APP_JumpIf.c **** 
 287:C:/Workspace/FW_Platform2_5/trunk/Application_Platform\APP_JumpIf.c **** /**
 288:C:/Workspace/FW_Platform2_5/trunk/Application_Platform\APP_JumpIf.c **** Dato il puntatore pDataCond ad un'area dati che codifica una condizione,
 289:C:/Workspace/FW_Platform2_5/trunk/Application_Platform\APP_JumpIf.c **** valuta il valore booleano della condizione stessa. \n
 290:C:/Workspace/FW_Platform2_5/trunk/Application_Platform\APP_JumpIf.c **** La condizione puo' anche essere una combinazione logica di piu' condizioni
 291:C:/Workspace/FW_Platform2_5/trunk/Application_Platform\APP_JumpIf.c **** semplici: se in APP_Config.h (JIF_AND_OR_ENABLE == 1), si possono combinare
 292:C:/Workspace/FW_Platform2_5/trunk/Application_Platform\APP_JumpIf.c **** più condizioni semplici in OR e/o in AND, altrimenti le condizioni multiple
 293:C:/Workspace/FW_Platform2_5/trunk/Application_Platform\APP_JumpIf.c **** sono valutate in AND.
 294:C:/Workspace/FW_Platform2_5/trunk/Application_Platform\APP_JumpIf.c **** 
 295:C:/Workspace/FW_Platform2_5/trunk/Application_Platform\APP_JumpIf.c **** \param [in]		pDataCond punta alla struttura della condizione.
 296:C:/Workspace/FW_Platform2_5/trunk/Application_Platform\APP_JumpIf.c **** 
 297:C:/Workspace/FW_Platform2_5/trunk/Application_Platform\APP_JumpIf.c **** \return			uint8_t
 298:C:/Workspace/FW_Platform2_5/trunk/Application_Platform\APP_JumpIf.c **** 
 299:C:/Workspace/FW_Platform2_5/trunk/Application_Platform\APP_JumpIf.c **** \retval			S_OK/S_FALSE se la condizione e' corretta ed e' verificata/non verificata,
 300:C:/Workspace/FW_Platform2_5/trunk/Application_Platform\APP_JumpIf.c **** 				un codice di errore se i dati della condizione non sono corretti e quindi
 301:C:/Workspace/FW_Platform2_5/trunk/Application_Platform\APP_JumpIf.c **** 				la stessa non può essere valutata.
 302:C:/Workspace/FW_Platform2_5/trunk/Application_Platform\APP_JumpIf.c **** 
 303:C:/Workspace/FW_Platform2_5/trunk/Application_Platform\APP_JumpIf.c **** \warning		none		
 304:C:/Workspace/FW_Platform2_5/trunk/Application_Platform\APP_JumpIf.c **** 
 305:C:/Workspace/FW_Platform2_5/trunk/Application_Platform\APP_JumpIf.c **** \author			Marco Quintini
 306:C:/Workspace/FW_Platform2_5/trunk/Application_Platform\APP_JumpIf.c **** \date 			06/07/2009
 307:C:/Workspace/FW_Platform2_5/trunk/Application_Platform\APP_JumpIf.c **** \version		1.0.0
 308:C:/Workspace/FW_Platform2_5/trunk/Application_Platform\APP_JumpIf.c **** 
 309:C:/Workspace/FW_Platform2_5/trunk/Application_Platform\APP_JumpIf.c **** \bug			none
 310:C:/Workspace/FW_Platform2_5/trunk/Application_Platform\APP_JumpIf.c **** 
 311:C:/Workspace/FW_Platform2_5/trunk/Application_Platform\APP_JumpIf.c **** \todo			nothing
 312:C:/Workspace/FW_Platform2_5/trunk/Application_Platform\APP_JumpIf.c ****    
 313:C:/Workspace/FW_Platform2_5/trunk/Application_Platform\APP_JumpIf.c **** \note			none
 314:C:/Workspace/FW_Platform2_5/trunk/Application_Platform\APP_JumpIf.c **** */
 315:C:/Workspace/FW_Platform2_5/trunk/Application_Platform\APP_JumpIf.c **** uint8_t JIF_CheckCondition(Loader_Struct const* pDataCond)
 316:C:/Workspace/FW_Platform2_5/trunk/Application_Platform\APP_JumpIf.c **** {
 317:C:/Workspace/FW_Platform2_5/trunk/Application_Platform\APP_JumpIf.c **** uint8_t i;
 318:C:/Workspace/FW_Platform2_5/trunk/Application_Platform\APP_JumpIf.c **** Condition_Struct *pCurrentCondition;
 319:C:/Workspace/FW_Platform2_5/trunk/Application_Platform\APP_JumpIf.c **** int32_t data, operand;	/* Il tipo deve essere int32_t, per poter gestire sia int16_t
 320:C:/Workspace/FW_Platform2_5/trunk/Application_Platform\APP_JumpIf.c **** 						   che uint16_t */
 321:C:/Workspace/FW_Platform2_5/trunk/Application_Platform\APP_JumpIf.c **** uint8_t partialCondValue;
 322:C:/Workspace/FW_Platform2_5/trunk/Application_Platform\APP_JumpIf.c **** 
 323:C:/Workspace/FW_Platform2_5/trunk/Application_Platform\APP_JumpIf.c **** 	/*lint -save -e912 */
 324:C:/Workspace/FW_Platform2_5/trunk/Application_Platform\APP_JumpIf.c **** 	if( pDataCond->DataLenght < CONDITION_SIZE_IN_W )
 325:C:/Workspace/FW_Platform2_5/trunk/Application_Platform\APP_JumpIf.c **** 	/*lint -restore */
 326:C:/Workspace/FW_Platform2_5/trunk/Application_Platform\APP_JumpIf.c **** 	{
 327:C:/Workspace/FW_Platform2_5/trunk/Application_Platform\APP_JumpIf.c **** 		/*
 328:C:/Workspace/FW_Platform2_5/trunk/Application_Platform\APP_JumpIf.c **** 		Lunghezza del campo dati minore della lunghezza di una condizione:
 329:C:/Workspace/FW_Platform2_5/trunk/Application_Platform\APP_JumpIf.c **** 		la condizione non può essere valutata.
 330:C:/Workspace/FW_Platform2_5/trunk/Application_Platform\APP_JumpIf.c **** 		*/
 331:C:/Workspace/FW_Platform2_5/trunk/Application_Platform\APP_JumpIf.c **** #ifdef _JIF_CHECKERRORS_			
 332:C:/Workspace/FW_Platform2_5/trunk/Application_Platform\APP_JumpIf.c **** 		DBG_CheckErr(JIF_ERR_COND_DATA_LEN);
 333:C:/Workspace/FW_Platform2_5/trunk/Application_Platform\APP_JumpIf.c **** #endif
 334:C:/Workspace/FW_Platform2_5/trunk/Application_Platform\APP_JumpIf.c **** 		return ERR_CODE;
 335:C:/Workspace/FW_Platform2_5/trunk/Application_Platform\APP_JumpIf.c **** 	}
 336:C:/Workspace/FW_Platform2_5/trunk/Application_Platform\APP_JumpIf.c **** 	else
 337:C:/Workspace/FW_Platform2_5/trunk/Application_Platform\APP_JumpIf.c **** 	{
 338:C:/Workspace/FW_Platform2_5/trunk/Application_Platform\APP_JumpIf.c **** 		i = 0;
 339:C:/Workspace/FW_Platform2_5/trunk/Application_Platform\APP_JumpIf.c **** 		/* Puntatore alla condizione corrente da valutare */
 340:C:/Workspace/FW_Platform2_5/trunk/Application_Platform\APP_JumpIf.c **** 		/*lint -save -e826 */
 341:C:/Workspace/FW_Platform2_5/trunk/Application_Platform\APP_JumpIf.c **** 		pCurrentCondition = (Condition_Struct *)pDataCond->Data;
 342:C:/Workspace/FW_Platform2_5/trunk/Application_Platform\APP_JumpIf.c **** 		/*lint -restore */
 343:C:/Workspace/FW_Platform2_5/trunk/Application_Platform\APP_JumpIf.c **** 		
 344:C:/Workspace/FW_Platform2_5/trunk/Application_Platform\APP_JumpIf.c **** 		/*lint -save -e912 */
 345:C:/Workspace/FW_Platform2_5/trunk/Application_Platform\APP_JumpIf.c **** 		while( i < (pDataCond->DataLenght / CONDITION_SIZE_IN_W) )
 346:C:/Workspace/FW_Platform2_5/trunk/Application_Platform\APP_JumpIf.c **** 		/*lint -restore */
 347:C:/Workspace/FW_Platform2_5/trunk/Application_Platform\APP_JumpIf.c **** 		{
 348:C:/Workspace/FW_Platform2_5/trunk/Application_Platform\APP_JumpIf.c **** 			/* Caricamento del dato e dell'operando */
 349:C:/Workspace/FW_Platform2_5/trunk/Application_Platform\APP_JumpIf.c **** 			if( SelectOperands(pCurrentCondition, &data, &operand) != S_OK )
 350:C:/Workspace/FW_Platform2_5/trunk/Application_Platform\APP_JumpIf.c **** 			{
 351:C:/Workspace/FW_Platform2_5/trunk/Application_Platform\APP_JumpIf.c **** 				/*
 352:C:/Workspace/FW_Platform2_5/trunk/Application_Platform\APP_JumpIf.c **** 				Problemi nella selezione del dato e/o dell'operando: la
 353:C:/Workspace/FW_Platform2_5/trunk/Application_Platform\APP_JumpIf.c **** 				condizione non può essere valutata.
 354:C:/Workspace/FW_Platform2_5/trunk/Application_Platform\APP_JumpIf.c **** 				*/
 355:C:/Workspace/FW_Platform2_5/trunk/Application_Platform\APP_JumpIf.c **** #ifdef _JIF_CHECKERRORS_
 356:C:/Workspace/FW_Platform2_5/trunk/Application_Platform\APP_JumpIf.c **** 				DBG_CheckErr(JIF_ERR_OP_OR_DATA_SEL);
 357:C:/Workspace/FW_Platform2_5/trunk/Application_Platform\APP_JumpIf.c **** #endif
 358:C:/Workspace/FW_Platform2_5/trunk/Application_Platform\APP_JumpIf.c **** 				return ERR_CODE;
 359:C:/Workspace/FW_Platform2_5/trunk/Application_Platform\APP_JumpIf.c **** 			}
 360:C:/Workspace/FW_Platform2_5/trunk/Application_Platform\APP_JumpIf.c **** 
 361:C:/Workspace/FW_Platform2_5/trunk/Application_Platform\APP_JumpIf.c **** 			/*
 362:C:/Workspace/FW_Platform2_5/trunk/Application_Platform\APP_JumpIf.c **** 			N.B.: è superfluo introdurre il controllo
 363:C:/Workspace/FW_Platform2_5/trunk/Application_Platform\APP_JumpIf.c **** 				pCurrentCondition->dataSel.operatorCode < N_OPERATORS,
 364:C:/Workspace/FW_Platform2_5/trunk/Application_Platform\APP_JumpIf.c **** 			dato che è un campo a 2 bit e dunque sicuramente < 4.
 365:C:/Workspace/FW_Platform2_5/trunk/Application_Platform\APP_JumpIf.c **** 			*/
 366:C:/Workspace/FW_Platform2_5/trunk/Application_Platform\APP_JumpIf.c **** 			
 367:C:/Workspace/FW_Platform2_5/trunk/Application_Platform\APP_JumpIf.c **** 			if( (Operator_array[pCurrentCondition->dataSel.operatorCode](data, operand)) == FALSE )
 368:C:/Workspace/FW_Platform2_5/trunk/Application_Platform\APP_JumpIf.c **** #if (JIF_AND_OR_ENABLE == 1)
 369:C:/Workspace/FW_Platform2_5/trunk/Application_Platform\APP_JumpIf.c **** 			{
 370:C:/Workspace/FW_Platform2_5/trunk/Application_Platform\APP_JumpIf.c **** 				/* Condizione corrente FALSE */
 371:C:/Workspace/FW_Platform2_5/trunk/Application_Platform\APP_JumpIf.c **** 				if(i == 0)
 372:C:/Workspace/FW_Platform2_5/trunk/Application_Platform\APP_JumpIf.c **** 				{
 373:C:/Workspace/FW_Platform2_5/trunk/Application_Platform\APP_JumpIf.c **** 					/*
 374:C:/Workspace/FW_Platform2_5/trunk/Application_Platform\APP_JumpIf.c **** 					Si sta valutando la prima condizione, deve essere inizializzato
 375:C:/Workspace/FW_Platform2_5/trunk/Application_Platform\APP_JumpIf.c **** 					il risultato parziale.
 376:C:/Workspace/FW_Platform2_5/trunk/Application_Platform\APP_JumpIf.c **** 					*/
 377:C:/Workspace/FW_Platform2_5/trunk/Application_Platform\APP_JumpIf.c **** 					partialCondValue = FALSE;
 378:C:/Workspace/FW_Platform2_5/trunk/Application_Platform\APP_JumpIf.c **** 				}
 379:C:/Workspace/FW_Platform2_5/trunk/Application_Platform\APP_JumpIf.c **** 				else
 380:C:/Workspace/FW_Platform2_5/trunk/Application_Platform\APP_JumpIf.c **** 				{
 381:C:/Workspace/FW_Platform2_5/trunk/Application_Platform\APP_JumpIf.c **** 					if(pCurrentCondition->dataSel.andOr == COND_IN_AND)
 382:C:/Workspace/FW_Platform2_5/trunk/Application_Platform\APP_JumpIf.c **** 					{
 383:C:/Workspace/FW_Platform2_5/trunk/Application_Platform\APP_JumpIf.c **** 						/* Condizioni in AND: se una è FALSE la combinazione è fin qui falsa */
 384:C:/Workspace/FW_Platform2_5/trunk/Application_Platform\APP_JumpIf.c **** 						partialCondValue = FALSE;
 385:C:/Workspace/FW_Platform2_5/trunk/Application_Platform\APP_JumpIf.c **** 					}
 386:C:/Workspace/FW_Platform2_5/trunk/Application_Platform\APP_JumpIf.c **** 					else
 387:C:/Workspace/FW_Platform2_5/trunk/Application_Platform\APP_JumpIf.c **** 					{
 388:C:/Workspace/FW_Platform2_5/trunk/Application_Platform\APP_JumpIf.c **** 						/*
 389:C:/Workspace/FW_Platform2_5/trunk/Application_Platform\APP_JumpIf.c **** 						Do nothing, una condizione FALSE in OR non altera il
 390:C:/Workspace/FW_Platform2_5/trunk/Application_Platform\APP_JumpIf.c **** 						risultato parziale.
 391:C:/Workspace/FW_Platform2_5/trunk/Application_Platform\APP_JumpIf.c **** 						*/
 392:C:/Workspace/FW_Platform2_5/trunk/Application_Platform\APP_JumpIf.c **** 					}
 393:C:/Workspace/FW_Platform2_5/trunk/Application_Platform\APP_JumpIf.c **** 				}
 394:C:/Workspace/FW_Platform2_5/trunk/Application_Platform\APP_JumpIf.c **** 			}
 395:C:/Workspace/FW_Platform2_5/trunk/Application_Platform\APP_JumpIf.c **** 			else
 396:C:/Workspace/FW_Platform2_5/trunk/Application_Platform\APP_JumpIf.c **** 			{ 
 397:C:/Workspace/FW_Platform2_5/trunk/Application_Platform\APP_JumpIf.c **** 				/* Condizione corrente TRUE */
 398:C:/Workspace/FW_Platform2_5/trunk/Application_Platform\APP_JumpIf.c **** 				if(i == 0)
 399:C:/Workspace/FW_Platform2_5/trunk/Application_Platform\APP_JumpIf.c **** 				{
 400:C:/Workspace/FW_Platform2_5/trunk/Application_Platform\APP_JumpIf.c **** 					/*
 401:C:/Workspace/FW_Platform2_5/trunk/Application_Platform\APP_JumpIf.c **** 					Si sta valutando la prima condizione, deve essere inizializzato
 402:C:/Workspace/FW_Platform2_5/trunk/Application_Platform\APP_JumpIf.c **** 					il risultato parziale.
 403:C:/Workspace/FW_Platform2_5/trunk/Application_Platform\APP_JumpIf.c **** 					*/
 404:C:/Workspace/FW_Platform2_5/trunk/Application_Platform\APP_JumpIf.c **** 					partialCondValue = TRUE;
 405:C:/Workspace/FW_Platform2_5/trunk/Application_Platform\APP_JumpIf.c **** 				}
 406:C:/Workspace/FW_Platform2_5/trunk/Application_Platform\APP_JumpIf.c **** 				else
 407:C:/Workspace/FW_Platform2_5/trunk/Application_Platform\APP_JumpIf.c **** 				{
 408:C:/Workspace/FW_Platform2_5/trunk/Application_Platform\APP_JumpIf.c **** 					if(pCurrentCondition->dataSel.andOr == COND_IN_OR)
 409:C:/Workspace/FW_Platform2_5/trunk/Application_Platform\APP_JumpIf.c **** 					{
 410:C:/Workspace/FW_Platform2_5/trunk/Application_Platform\APP_JumpIf.c **** 						/* Condizioni in OR: se una è TRUE la combinazione è fin qui vera */
 411:C:/Workspace/FW_Platform2_5/trunk/Application_Platform\APP_JumpIf.c **** 						partialCondValue = TRUE;
 412:C:/Workspace/FW_Platform2_5/trunk/Application_Platform\APP_JumpIf.c **** 					}
 413:C:/Workspace/FW_Platform2_5/trunk/Application_Platform\APP_JumpIf.c **** 					else
 414:C:/Workspace/FW_Platform2_5/trunk/Application_Platform\APP_JumpIf.c **** 					{
 415:C:/Workspace/FW_Platform2_5/trunk/Application_Platform\APP_JumpIf.c **** 						/*
 416:C:/Workspace/FW_Platform2_5/trunk/Application_Platform\APP_JumpIf.c **** 						Do nothing, una condizione TRUE in AND non altera
 417:C:/Workspace/FW_Platform2_5/trunk/Application_Platform\APP_JumpIf.c **** 						il risultato parziale.
 418:C:/Workspace/FW_Platform2_5/trunk/Application_Platform\APP_JumpIf.c **** 						*/
 419:C:/Workspace/FW_Platform2_5/trunk/Application_Platform\APP_JumpIf.c **** 					}
 420:C:/Workspace/FW_Platform2_5/trunk/Application_Platform\APP_JumpIf.c **** 				}
 421:C:/Workspace/FW_Platform2_5/trunk/Application_Platform\APP_JumpIf.c **** 			}
 422:C:/Workspace/FW_Platform2_5/trunk/Application_Platform\APP_JumpIf.c **** #else /* (JIF_AND_OR_ENABLE == 1) */
 423:C:/Workspace/FW_Platform2_5/trunk/Application_Platform\APP_JumpIf.c **** 			{
 424:C:/Workspace/FW_Platform2_5/trunk/Application_Platform\APP_JumpIf.c **** 				/* Condizione corrente FALSE */
 425:C:/Workspace/FW_Platform2_5/trunk/Application_Platform\APP_JumpIf.c **** 				
 426:C:/Workspace/FW_Platform2_5/trunk/Application_Platform\APP_JumpIf.c **** 				/*
 427:C:/Workspace/FW_Platform2_5/trunk/Application_Platform\APP_JumpIf.c **** 				Le condizioni sono valutate in AND: se una è FALSE la combinazione
 428:C:/Workspace/FW_Platform2_5/trunk/Application_Platform\APP_JumpIf.c **** 				è sicuramente falsa, è inutile continuare a valutare le successive.
 429:C:/Workspace/FW_Platform2_5/trunk/Application_Platform\APP_JumpIf.c **** 				*/
 430:C:/Workspace/FW_Platform2_5/trunk/Application_Platform\APP_JumpIf.c **** 				return S_FALSE;
 431:C:/Workspace/FW_Platform2_5/trunk/Application_Platform\APP_JumpIf.c **** 			}
 432:C:/Workspace/FW_Platform2_5/trunk/Application_Platform\APP_JumpIf.c **** 			else
 433:C:/Workspace/FW_Platform2_5/trunk/Application_Platform\APP_JumpIf.c **** 			{
 434:C:/Workspace/FW_Platform2_5/trunk/Application_Platform\APP_JumpIf.c **** 				/*
 435:C:/Workspace/FW_Platform2_5/trunk/Application_Platform\APP_JumpIf.c **** 				Le condizioni sono valutate in AND: finchè sono tutte TRUE, il
 436:C:/Workspace/FW_Platform2_5/trunk/Application_Platform\APP_JumpIf.c **** 				risultato parziale è vero.
 437:C:/Workspace/FW_Platform2_5/trunk/Application_Platform\APP_JumpIf.c **** 				*/
 438:C:/Workspace/FW_Platform2_5/trunk/Application_Platform\APP_JumpIf.c **** 				partialCondValue = TRUE;
 439:C:/Workspace/FW_Platform2_5/trunk/Application_Platform\APP_JumpIf.c **** 			}
 440:C:/Workspace/FW_Platform2_5/trunk/Application_Platform\APP_JumpIf.c **** #endif /* (JIF_AND_OR_ENABLE != 1) */
 441:C:/Workspace/FW_Platform2_5/trunk/Application_Platform\APP_JumpIf.c **** 			i ++;
 442:C:/Workspace/FW_Platform2_5/trunk/Application_Platform\APP_JumpIf.c **** 			pCurrentCondition ++;
 443:C:/Workspace/FW_Platform2_5/trunk/Application_Platform\APP_JumpIf.c **** 		}
 444:C:/Workspace/FW_Platform2_5/trunk/Application_Platform\APP_JumpIf.c **** 					
 445:C:/Workspace/FW_Platform2_5/trunk/Application_Platform\APP_JumpIf.c **** 		/*
 446:C:/Workspace/FW_Platform2_5/trunk/Application_Platform\APP_JumpIf.c **** 		Se (JIF_AND_OR_ENABLE == 0) PCLint segnala una possibile mancata inizializzazione
 447:C:/Workspace/FW_Platform2_5/trunk/Application_Platform\APP_JumpIf.c **** 		di partialCondValue: in realtà, per come sono costruite i controlli in precedenza,
 448:C:/Workspace/FW_Platform2_5/trunk/Application_Platform\APP_JumpIf.c **** 		il ciclo while viene sicuramente eseguito almeno una volta, per cui in questo
 449:C:/Workspace/FW_Platform2_5/trunk/Application_Platform\APP_JumpIf.c **** 		punto partialCondValue è sicuramente inizializzata (ma PCLint non se ne
 450:C:/Workspace/FW_Platform2_5/trunk/Application_Platform\APP_JumpIf.c **** 		accorge).
 451:C:/Workspace/FW_Platform2_5/trunk/Application_Platform\APP_JumpIf.c **** 		*/
 452:C:/Workspace/FW_Platform2_5/trunk/Application_Platform\APP_JumpIf.c **** 		/*lint -e644 -e771 */
 453:C:/Workspace/FW_Platform2_5/trunk/Application_Platform\APP_JumpIf.c **** 		if(partialCondValue == TRUE)
 454:C:/Workspace/FW_Platform2_5/trunk/Application_Platform\APP_JumpIf.c **** 		/*lint +e771 +e644 */
 455:C:/Workspace/FW_Platform2_5/trunk/Application_Platform\APP_JumpIf.c **** 		{
 456:C:/Workspace/FW_Platform2_5/trunk/Application_Platform\APP_JumpIf.c **** 			return S_OK;
 457:C:/Workspace/FW_Platform2_5/trunk/Application_Platform\APP_JumpIf.c **** 		}
 458:C:/Workspace/FW_Platform2_5/trunk/Application_Platform\APP_JumpIf.c **** 		else
 459:C:/Workspace/FW_Platform2_5/trunk/Application_Platform\APP_JumpIf.c **** 		{
 460:C:/Workspace/FW_Platform2_5/trunk/Application_Platform\APP_JumpIf.c **** 			return S_FALSE;
 461:C:/Workspace/FW_Platform2_5/trunk/Application_Platform\APP_JumpIf.c **** 		}
 462:C:/Workspace/FW_Platform2_5/trunk/Application_Platform\APP_JumpIf.c **** 	
 463:C:/Workspace/FW_Platform2_5/trunk/Application_Platform\APP_JumpIf.c **** 	}
 464:C:/Workspace/FW_Platform2_5/trunk/Application_Platform\APP_JumpIf.c **** }
 465:C:/Workspace/FW_Platform2_5/trunk/Application_Platform\APP_JumpIf.c **** 
 466:C:/Workspace/FW_Platform2_5/trunk/Application_Platform\APP_JumpIf.c **** 
 467:C:/Workspace/FW_Platform2_5/trunk/Application_Platform\APP_JumpIf.c **** /* ************** */
 468:C:/Workspace/FW_Platform2_5/trunk/Application_Platform\APP_JumpIf.c **** /* Local Function */
 469:C:/Workspace/FW_Platform2_5/trunk/Application_Platform\APP_JumpIf.c **** /* ************** */
 470:C:/Workspace/FW_Platform2_5/trunk/Application_Platform\APP_JumpIf.c **** 
 471:C:/Workspace/FW_Platform2_5/trunk/Application_Platform\APP_JumpIf.c **** /**
 472:C:/Workspace/FW_Platform2_5/trunk/Application_Platform\APP_JumpIf.c **** Valuta se a e' uguale a b.
 473:C:/Workspace/FW_Platform2_5/trunk/Application_Platform\APP_JumpIf.c **** 
 474:C:/Workspace/FW_Platform2_5/trunk/Application_Platform\APP_JumpIf.c **** \param [in]		a e' il primo operando
 475:C:/Workspace/FW_Platform2_5/trunk/Application_Platform\APP_JumpIf.c **** \param [in]		b e' il secondo operando
 476:C:/Workspace/FW_Platform2_5/trunk/Application_Platform\APP_JumpIf.c **** 
 477:C:/Workspace/FW_Platform2_5/trunk/Application_Platform\APP_JumpIf.c **** \return			bool_t
 478:C:/Workspace/FW_Platform2_5/trunk/Application_Platform\APP_JumpIf.c **** 
 479:C:/Workspace/FW_Platform2_5/trunk/Application_Platform\APP_JumpIf.c **** \retval 		TRUE se a == b, FALSE altrimenti
 480:C:/Workspace/FW_Platform2_5/trunk/Application_Platform\APP_JumpIf.c **** 
 481:C:/Workspace/FW_Platform2_5/trunk/Application_Platform\APP_JumpIf.c **** \warning		none		
 482:C:/Workspace/FW_Platform2_5/trunk/Application_Platform\APP_JumpIf.c **** 
 483:C:/Workspace/FW_Platform2_5/trunk/Application_Platform\APP_JumpIf.c **** \author			Marco Quintini
 484:C:/Workspace/FW_Platform2_5/trunk/Application_Platform\APP_JumpIf.c **** \date 			06/07/2009
 485:C:/Workspace/FW_Platform2_5/trunk/Application_Platform\APP_JumpIf.c **** \version		1.0.0
 486:C:/Workspace/FW_Platform2_5/trunk/Application_Platform\APP_JumpIf.c **** 
 487:C:/Workspace/FW_Platform2_5/trunk/Application_Platform\APP_JumpIf.c **** \bug			none
 488:C:/Workspace/FW_Platform2_5/trunk/Application_Platform\APP_JumpIf.c **** 
 489:C:/Workspace/FW_Platform2_5/trunk/Application_Platform\APP_JumpIf.c **** \todo			nothing
 490:C:/Workspace/FW_Platform2_5/trunk/Application_Platform\APP_JumpIf.c ****    
 491:C:/Workspace/FW_Platform2_5/trunk/Application_Platform\APP_JumpIf.c **** \note			none
 492:C:/Workspace/FW_Platform2_5/trunk/Application_Platform\APP_JumpIf.c **** */
 493:C:/Workspace/FW_Platform2_5/trunk/Application_Platform\APP_JumpIf.c **** static bool_t JIF_Equal(int32_t a, int32_t b)
 494:C:/Workspace/FW_Platform2_5/trunk/Application_Platform\APP_JumpIf.c **** {
   9                             		.loc 1 494 0
  10                             	.LVL0:
 495:C:/Workspace/FW_Platform2_5/trunk/Application_Platform\APP_JumpIf.c **** 	return(a == b);
 496:C:/Workspace/FW_Platform2_5/trunk/Application_Platform\APP_JumpIf.c **** }
  11                             		.loc 1 496 0
  12 0000 47 21                   		cmp	r2, r1
  13 0002 FC DB 10                		sceq.L	r1
  14                             	.LVL1:
  15 0005 02                      		rts
  16                             	.LFE2:
  18                             		.section	.text.JIF_Different,"ax",@progbits
  20                             	_JIF_Different:
  21                             	.LFB3:
 497:C:/Workspace/FW_Platform2_5/trunk/Application_Platform\APP_JumpIf.c **** 
 498:C:/Workspace/FW_Platform2_5/trunk/Application_Platform\APP_JumpIf.c **** 
 499:C:/Workspace/FW_Platform2_5/trunk/Application_Platform\APP_JumpIf.c **** /**
 500:C:/Workspace/FW_Platform2_5/trunk/Application_Platform\APP_JumpIf.c **** Valuta se a e' diverso da b.
 501:C:/Workspace/FW_Platform2_5/trunk/Application_Platform\APP_JumpIf.c **** 
 502:C:/Workspace/FW_Platform2_5/trunk/Application_Platform\APP_JumpIf.c **** \param [in]		a e' il primo operando
 503:C:/Workspace/FW_Platform2_5/trunk/Application_Platform\APP_JumpIf.c **** \param [in]		b e' il secondo operando
 504:C:/Workspace/FW_Platform2_5/trunk/Application_Platform\APP_JumpIf.c **** 
 505:C:/Workspace/FW_Platform2_5/trunk/Application_Platform\APP_JumpIf.c **** \return			bool_t
 506:C:/Workspace/FW_Platform2_5/trunk/Application_Platform\APP_JumpIf.c **** 
 507:C:/Workspace/FW_Platform2_5/trunk/Application_Platform\APP_JumpIf.c **** \retval 		TRUE se a != b, FALSE altrimenti
 508:C:/Workspace/FW_Platform2_5/trunk/Application_Platform\APP_JumpIf.c **** 
 509:C:/Workspace/FW_Platform2_5/trunk/Application_Platform\APP_JumpIf.c **** \warning		none		
 510:C:/Workspace/FW_Platform2_5/trunk/Application_Platform\APP_JumpIf.c **** 
 511:C:/Workspace/FW_Platform2_5/trunk/Application_Platform\APP_JumpIf.c **** \author			Marco Quintini
 512:C:/Workspace/FW_Platform2_5/trunk/Application_Platform\APP_JumpIf.c **** \date 			06/07/2009
 513:C:/Workspace/FW_Platform2_5/trunk/Application_Platform\APP_JumpIf.c **** \version		1.0.0
 514:C:/Workspace/FW_Platform2_5/trunk/Application_Platform\APP_JumpIf.c **** 
 515:C:/Workspace/FW_Platform2_5/trunk/Application_Platform\APP_JumpIf.c **** \bug			none
 516:C:/Workspace/FW_Platform2_5/trunk/Application_Platform\APP_JumpIf.c **** 
 517:C:/Workspace/FW_Platform2_5/trunk/Application_Platform\APP_JumpIf.c **** \todo			nothing
 518:C:/Workspace/FW_Platform2_5/trunk/Application_Platform\APP_JumpIf.c ****    
 519:C:/Workspace/FW_Platform2_5/trunk/Application_Platform\APP_JumpIf.c **** \note			none
 520:C:/Workspace/FW_Platform2_5/trunk/Application_Platform\APP_JumpIf.c **** */
 521:C:/Workspace/FW_Platform2_5/trunk/Application_Platform\APP_JumpIf.c **** static bool_t JIF_Different(int32_t a, int32_t b)
 522:C:/Workspace/FW_Platform2_5/trunk/Application_Platform\APP_JumpIf.c **** {
  22                             		.loc 1 522 0
  23                             	.LVL2:
 523:C:/Workspace/FW_Platform2_5/trunk/Application_Platform\APP_JumpIf.c **** 	return(a != b);
 524:C:/Workspace/FW_Platform2_5/trunk/Application_Platform\APP_JumpIf.c **** }
  24                             		.loc 1 524 0
  25 0000 47 21                   		cmp	r2, r1
  26 0002 FC DB 11                		scne.L	r1
  27                             	.LVL3:
  28 0005 02                      		rts
  29                             	.LFE3:
  31                             		.section	.text.JIF_Greater,"ax",@progbits
  33                             	_JIF_Greater:
  34                             	.LFB4:
 525:C:/Workspace/FW_Platform2_5/trunk/Application_Platform\APP_JumpIf.c **** 
 526:C:/Workspace/FW_Platform2_5/trunk/Application_Platform\APP_JumpIf.c **** 
 527:C:/Workspace/FW_Platform2_5/trunk/Application_Platform\APP_JumpIf.c **** /**
 528:C:/Workspace/FW_Platform2_5/trunk/Application_Platform\APP_JumpIf.c **** Valuta se a e' maggiore di b.
 529:C:/Workspace/FW_Platform2_5/trunk/Application_Platform\APP_JumpIf.c **** 
 530:C:/Workspace/FW_Platform2_5/trunk/Application_Platform\APP_JumpIf.c **** \param [in]		a e' il primo operando
 531:C:/Workspace/FW_Platform2_5/trunk/Application_Platform\APP_JumpIf.c **** \param [in]		b e' il secondo operando
 532:C:/Workspace/FW_Platform2_5/trunk/Application_Platform\APP_JumpIf.c **** 
 533:C:/Workspace/FW_Platform2_5/trunk/Application_Platform\APP_JumpIf.c **** \return			bool_t
 534:C:/Workspace/FW_Platform2_5/trunk/Application_Platform\APP_JumpIf.c **** 
 535:C:/Workspace/FW_Platform2_5/trunk/Application_Platform\APP_JumpIf.c **** \retval 		TRUE se a > b, FALSE altrimenti
 536:C:/Workspace/FW_Platform2_5/trunk/Application_Platform\APP_JumpIf.c **** 
 537:C:/Workspace/FW_Platform2_5/trunk/Application_Platform\APP_JumpIf.c **** \warning		none		
 538:C:/Workspace/FW_Platform2_5/trunk/Application_Platform\APP_JumpIf.c **** 
 539:C:/Workspace/FW_Platform2_5/trunk/Application_Platform\APP_JumpIf.c **** \author			Marco Quintini
 540:C:/Workspace/FW_Platform2_5/trunk/Application_Platform\APP_JumpIf.c **** \date 			06/07/2009
 541:C:/Workspace/FW_Platform2_5/trunk/Application_Platform\APP_JumpIf.c **** \version		1.0.0
 542:C:/Workspace/FW_Platform2_5/trunk/Application_Platform\APP_JumpIf.c **** 
 543:C:/Workspace/FW_Platform2_5/trunk/Application_Platform\APP_JumpIf.c **** \bug			none
 544:C:/Workspace/FW_Platform2_5/trunk/Application_Platform\APP_JumpIf.c **** 
 545:C:/Workspace/FW_Platform2_5/trunk/Application_Platform\APP_JumpIf.c **** \todo			nothing
 546:C:/Workspace/FW_Platform2_5/trunk/Application_Platform\APP_JumpIf.c ****    
 547:C:/Workspace/FW_Platform2_5/trunk/Application_Platform\APP_JumpIf.c **** \note			none
 548:C:/Workspace/FW_Platform2_5/trunk/Application_Platform\APP_JumpIf.c **** */
 549:C:/Workspace/FW_Platform2_5/trunk/Application_Platform\APP_JumpIf.c **** static bool_t JIF_Greater(int32_t a, int32_t b)
 550:C:/Workspace/FW_Platform2_5/trunk/Application_Platform\APP_JumpIf.c **** {
  35                             		.loc 1 550 0
  36                             	.LVL4:
 551:C:/Workspace/FW_Platform2_5/trunk/Application_Platform\APP_JumpIf.c **** 	return(a > b);
 552:C:/Workspace/FW_Platform2_5/trunk/Application_Platform\APP_JumpIf.c **** }
  37                             		.loc 1 552 0
  38 0000 47 21                   		cmp	r2, r1
  39 0002 FC DB 1A                		scgt.L	r1
  40                             	.LVL5:
  41 0005 02                      		rts
  42                             	.LFE4:
  44                             		.section	.text.JIF_Smaller,"ax",@progbits
  46                             	_JIF_Smaller:
  47                             	.LFB5:
 553:C:/Workspace/FW_Platform2_5/trunk/Application_Platform\APP_JumpIf.c **** 
 554:C:/Workspace/FW_Platform2_5/trunk/Application_Platform\APP_JumpIf.c **** 
 555:C:/Workspace/FW_Platform2_5/trunk/Application_Platform\APP_JumpIf.c **** /**
 556:C:/Workspace/FW_Platform2_5/trunk/Application_Platform\APP_JumpIf.c **** Valuta se a e' minore di b.
 557:C:/Workspace/FW_Platform2_5/trunk/Application_Platform\APP_JumpIf.c **** 
 558:C:/Workspace/FW_Platform2_5/trunk/Application_Platform\APP_JumpIf.c **** \param [in]		a e' il primo operando
 559:C:/Workspace/FW_Platform2_5/trunk/Application_Platform\APP_JumpIf.c **** \param [in]		b e' il secondo operando
 560:C:/Workspace/FW_Platform2_5/trunk/Application_Platform\APP_JumpIf.c **** 
 561:C:/Workspace/FW_Platform2_5/trunk/Application_Platform\APP_JumpIf.c **** \return			bool_t
 562:C:/Workspace/FW_Platform2_5/trunk/Application_Platform\APP_JumpIf.c **** 
 563:C:/Workspace/FW_Platform2_5/trunk/Application_Platform\APP_JumpIf.c **** \retval 		TRUE se a < b, FALSE altrimenti
 564:C:/Workspace/FW_Platform2_5/trunk/Application_Platform\APP_JumpIf.c **** 
 565:C:/Workspace/FW_Platform2_5/trunk/Application_Platform\APP_JumpIf.c **** \warning		none		
 566:C:/Workspace/FW_Platform2_5/trunk/Application_Platform\APP_JumpIf.c **** 
 567:C:/Workspace/FW_Platform2_5/trunk/Application_Platform\APP_JumpIf.c **** \author			Marco Quintini
 568:C:/Workspace/FW_Platform2_5/trunk/Application_Platform\APP_JumpIf.c **** \date 			06/07/2009
 569:C:/Workspace/FW_Platform2_5/trunk/Application_Platform\APP_JumpIf.c **** \version		1.0.0
 570:C:/Workspace/FW_Platform2_5/trunk/Application_Platform\APP_JumpIf.c **** 
 571:C:/Workspace/FW_Platform2_5/trunk/Application_Platform\APP_JumpIf.c **** \bug			none
 572:C:/Workspace/FW_Platform2_5/trunk/Application_Platform\APP_JumpIf.c **** 
 573:C:/Workspace/FW_Platform2_5/trunk/Application_Platform\APP_JumpIf.c **** \todo			nothing
 574:C:/Workspace/FW_Platform2_5/trunk/Application_Platform\APP_JumpIf.c ****    
 575:C:/Workspace/FW_Platform2_5/trunk/Application_Platform\APP_JumpIf.c **** \note			none
 576:C:/Workspace/FW_Platform2_5/trunk/Application_Platform\APP_JumpIf.c **** */
 577:C:/Workspace/FW_Platform2_5/trunk/Application_Platform\APP_JumpIf.c **** static bool_t JIF_Smaller(int32_t a, int32_t b)
 578:C:/Workspace/FW_Platform2_5/trunk/Application_Platform\APP_JumpIf.c **** {
  48                             		.loc 1 578 0
  49                             	.LVL6:
 579:C:/Workspace/FW_Platform2_5/trunk/Application_Platform\APP_JumpIf.c **** 	return(a < b);
 580:C:/Workspace/FW_Platform2_5/trunk/Application_Platform\APP_JumpIf.c **** }
  50                             		.loc 1 580 0
  51 0000 47 21                   		cmp	r2, r1
  52 0002 FC DB 19                		sclt.L	r1
  53                             	.LVL7:
  54 0005 02                      		rts
  55                             	.LFE5:
  57                             		.section	.text.JIF_CheckCondition,"ax",@progbits
  58                             		.global	_JIF_CheckCondition
  60                             	_JIF_CheckCondition:
  61                             	.LFB1:
 316:C:/Workspace/FW_Platform2_5/trunk/Application_Platform\APP_JumpIf.c **** {
  62                             		.loc 1 316 0
  63                             	.LVL8:
  64 0000 6E 7C                   		pushm	r7-r12
  65                             	.LCFI0:
 324:C:/Workspace/FW_Platform2_5/trunk/Application_Platform\APP_JumpIf.c **** 	if( pDataCond->DataLenght < CONDITION_SIZE_IN_W )
  66                             		.loc 1 324 0
  67 0002 B1 17                   		movu.B	4[r1], r7
 316:C:/Workspace/FW_Platform2_5/trunk/Application_Platform\APP_JumpIf.c **** {
  68                             		.loc 1 316 0
  69 0004 60 80                   		sub	#8, r0
  70                             	.LCFI1:
 324:C:/Workspace/FW_Platform2_5/trunk/Application_Platform\APP_JumpIf.c **** 	if( pDataCond->DataLenght < CONDITION_SIZE_IN_W )
  71                             		.loc 1 324 0
  72 0006 61 17                   		cmp	#1, r7
 316:C:/Workspace/FW_Platform2_5/trunk/Application_Platform\APP_JumpIf.c **** {
  73                             		.loc 1 316 0
  74 0008 EF 1B                   		mov.L	r1, r11
 324:C:/Workspace/FW_Platform2_5/trunk/Application_Platform\APP_JumpIf.c **** 	if( pDataCond->DataLenght < CONDITION_SIZE_IN_W )
  75                             		.loc 1 324 0
  76 000a 24 07                   		bgtu	.L6
  77                             	.LVL9:
  78                             		.balign 2,3,2
  79                             	.L9:
 334:C:/Workspace/FW_Platform2_5/trunk/Application_Platform\APP_JumpIf.c **** 		return ERR_CODE;
  80                             		.loc 1 334 0
  81 000c FB 16 80                		mov	#0xffffff80, r1
  82 000f 2E 49                   		bra	.L7
  83                             	.LVL10:
  84                             	.L6:
 341:C:/Workspace/FW_Platform2_5/trunk/Application_Platform\APP_JumpIf.c **** 		pCurrentCondition = (Condition_Struct *)pDataCond->Data;
  85                             		.loc 1 341 0
  86 0011 EC 17                   		mov.L	[r1], r7
  87                             	.LVL11:
 338:C:/Workspace/FW_Platform2_5/trunk/Application_Platform\APP_JumpIf.c **** 		i = 0;
  88                             		.loc 1 338 0
  89 0013 66 0A                   		mov	#0, r10
 367:C:/Workspace/FW_Platform2_5/trunk/Application_Platform\APP_JumpIf.c **** 			if( (Operator_array[pCurrentCondition->dataSel.operatorCode](data, operand)) == FALSE )
  90                             		.loc 1 367 0
  91 0015 FB C2 00 00 00 00       		mov.L	#_Operator_array, r12
 345:C:/Workspace/FW_Platform2_5/trunk/Application_Platform\APP_JumpIf.c **** 		while( i < (pDataCond->DataLenght / CONDITION_SIZE_IN_W) )
  92                             		.loc 1 345 0
  93 001b 2E 2B                   		bra	.L8
  94                             	.LVL12:
  95                             	.L10:
 349:C:/Workspace/FW_Platform2_5/trunk/Application_Platform\APP_JumpIf.c **** 			if( SelectOperands(pCurrentCondition, &data, &operand) != S_OK )
  96                             		.loc 1 349 0
  97 001d 66 42                   		mov.L	#4, r2
  98 001f 4B 02                   		add	r0, r2
  99 0021 EF 71                   		mov.L	r7, r1
 100 0023 EF 03                   		mov.L	r0, r3
 101 0025 05 00 00 00             		bsr	_SelectOperands
 102                             	.LVL13:
 103 0029 5B 11                   		movu.B	r1, r1
 104 002b 61 01                   		cmp	#0, r1
 105 002d 21 DF                   		bne	.L9
 367:C:/Workspace/FW_Platform2_5/trunk/Application_Platform\APP_JumpIf.c **** 			if( (Operator_array[pCurrentCondition->dataSel.operatorCode](data, operand)) == FALSE )
 106                             		.loc 1 367 0
 107 002f 5C 7E                   		movu.W	[r7], r14
 108 0031 A8 09                   		mov.L	4[r0], r1
 109 0033 68 6E                   		shlr	#6, r14
 110 0035 64 3E                   		and	#3, r14
 111 0037 FE 6E CE                		mov.L	[r14,r12], r14
 112 003a EC 02                   		mov.L	[r0], r2
 113 003c 7F 1E                   		jsr	r14
 114                             	.LVL14:
 115 003e 61 01                   		cmp	#0, r1
 116 0040 20 15                   		beq	.L11
 441:C:/Workspace/FW_Platform2_5/trunk/Application_Platform\APP_JumpIf.c **** 			i ++;
 117                             		.loc 1 441 0
 118 0042 62 1A                   		add	#1, r10
 119                             	.LVL15:
 442:C:/Workspace/FW_Platform2_5/trunk/Application_Platform\APP_JumpIf.c **** 			pCurrentCondition ++;
 120                             		.loc 1 442 0
 121 0044 62 47                   		add	#4, r7
 122                             	.LVL16:
 123                             		.balign 2,3,3
 124                             	.L8:
 345:C:/Workspace/FW_Platform2_5/trunk/Application_Platform\APP_JumpIf.c **** 		while( i < (pDataCond->DataLenght / CONDITION_SIZE_IN_W) )
 125                             		.loc 1 345 0 discriminator 1
 126 0046 59 BE 04                		movu.B	4[r11], r14
 127 0049 5B A4                   		movu.B	r10, r4
 128 004b 68 1E                   		shlr	#1, r14
 129 004d 47 E4                   		cmp	r14, r4
 130 004f 23 CE                   		bltu	.L10
 456:C:/Workspace/FW_Platform2_5/trunk/Application_Platform\APP_JumpIf.c **** 			return S_OK;
 131                             		.loc 1 456 0
 132 0051 66 01                   		mov	#0, r1
 133 0053 2E 05                   		bra	.L7
 134                             	.L11:
 430:C:/Workspace/FW_Platform2_5/trunk/Application_Platform\APP_JumpIf.c **** 				return S_FALSE;
 135                             		.loc 1 430 0
 136 0055 66 11                   		mov	#1, r1
 137                             	.LVL17:
 138 0057 03                      		.balign 2,3,3
 139                             	.L7:
 464:C:/Workspace/FW_Platform2_5/trunk/Application_Platform\APP_JumpIf.c **** }
 140                             		.loc 1 464 0
 141 0058 76 21 81 00             		and	#0x81, r1
 142 005c 3F 7C 08                		rtsd	#32, r7-r12
 143                             	.LFE1:
 145 005f 03                      		.section	.text.JIF_JumpIf_Exe,"ax",@progbits
 146                             		.global	_JIF_JumpIf_Exe
 148                             	_JIF_JumpIf_Exe:
 149                             	.LFB0:
 149:C:/Workspace/FW_Platform2_5/trunk/Application_Platform\APP_JumpIf.c **** {
 150                             		.loc 1 149 0
 151                             	.LVL18:
 152 0000 7E A7                   		push.l	r7
 153                             	.LCFI2:
 159:C:/Workspace/FW_Platform2_5/trunk/Application_Platform\APP_JumpIf.c **** 	if( MSettingBasicLoader( Interpreter_Data[0].mSetting, PTR_MP_JUMPIF_DATA, lowStatement, &uPJumpIF
 154                             		.loc 1 159 0
 155 0002 FB 72 00 00 00 00       		mov.L	#_Interpreter_Data, r7
 149:C:/Workspace/FW_Platform2_5/trunk/Application_Platform\APP_JumpIf.c **** {
 156                             		.loc 1 149 0
 157 0008 71 00 F0                		add	#-16, r0
 158                             	.LCFI3:
 159:C:/Workspace/FW_Platform2_5/trunk/Application_Platform\APP_JumpIf.c **** 	if( MSettingBasicLoader( Interpreter_Data[0].mSetting, PTR_MP_JUMPIF_DATA, lowStatement, &uPJumpIF
 159                             		.loc 1 159 0
 160 000b 89 79                   		mov.B	5[r7], r1
 161                             	.LVL19:
 149:C:/Workspace/FW_Platform2_5/trunk/Application_Platform\APP_JumpIf.c **** {
 162                             		.loc 1 149 0
 163 000d CF 23                   		mov.B	r2, r3
 159:C:/Workspace/FW_Platform2_5/trunk/Application_Platform\APP_JumpIf.c **** 	if( MSettingBasicLoader( Interpreter_Data[0].mSetting, PTR_MP_JUMPIF_DATA, lowStatement, &uPJumpIF
 164                             		.loc 1 159 0
 165 000f 71 04 08                		add	#8, r0, r4
 166 0012 75 42 1B                		mov	#27, r2
 167                             	.LVL20:
 168 0015 05 00 00 00             		bsr	_MSettingBasicLoader
 169                             	.LVL21:
 170 0019 5B 11                   		movu.B	r1, r1
 171 001b 61 01                   		cmp	#0, r1
 172 001d 20 05                   		beq	.L14
 173 001f 38 8C 00                		bra	.L24
 174                             	.L14:
 170:C:/Workspace/FW_Platform2_5/trunk/Application_Platform\APP_JumpIf.c **** 	if ( MSettingBasicLoader( Interpreter_Data[0].mSetting, PTR_COND_TABLE_DATA, ((JumpIfTableData_Str
 175                             		.loc 1 170 0
 176 0022 ED 0E 02                		mov.L	8[r0], r14
 177 0025 89 79                   		mov.B	5[r7], r1
 178 0027 CD E3 02                		mov.B	2[r14], r3
 179 002a 75 42 26                		mov	#38, r2
 180 002d EF 04                   		mov.L	r0, r4
 181 002f 05 00 00 00             		bsr	_MSettingBasicLoader
 182                             	.LVL22:
 183 0033 5B 11                   		movu.B	r1, r1
 184 0035 61 01                   		cmp	#0, r1
 185 0037 21 74                   		bne	.L24
 181:C:/Workspace/FW_Platform2_5/trunk/Application_Platform\APP_JumpIf.c **** 	switch(JIF_CheckCondition(&cond_setting_data))
 186                             		.loc 1 181 0
 187 0039 EF 01                   		mov.L	r0, r1
 188 003b 05 00 00 00             		bsr	_JIF_CheckCondition
 189                             	.LVL23:
 190 003f 5B 11                   		movu.B	r1, r1
 191 0041 61 01                   		cmp	#0, r1
 192 0043 21 68                   		bne	.L24
 190:C:/Workspace/FW_Platform2_5/trunk/Application_Platform\APP_JumpIf.c **** 			if( ((JumpIfTableData_Struct *)uPJumpIF_setting_data.Data)->sameCycle != 0 )
 193                             		.loc 1 190 0
 194 0045 ED 0E 02                		mov.L	8[r0], r14
 195 0048 FB 42 00 00 00 00       		mov.L	#_Table_JumpIf, r4
 196 004e CC E3                   		mov.B	[r14], r3
 197 0050 EF 32                   		mov.L	r3, r2
 198 0052 75 22 40                		and	#64, r2
 199 0055 5B 22                   		movu.B	r2, r2
 200 0057 61 02                   		cmp	#0, r2
 201 0059 20 08                   		beq	.L18
 194:C:/Workspace/FW_Platform2_5/trunk/Application_Platform\APP_JumpIf.c **** 				pCompTable_JumpIf->cycle = pCompItpData->cycle;
 202                             		.loc 1 194 0
 203 005b 88 7F                   		mov.B	1[r7], r7
 204 005d C3 47                   		mov.B	r7, [r4]
 205 005f 2E 07                   		bra	.L19
 206                             	.L18:
 200:C:/Workspace/FW_Platform2_5/trunk/Application_Platform\APP_JumpIf.c **** 				pCompTable_JumpIf->cycle = ((JumpIfTableData_Struct *)uPJumpIF_setting_data.Data)->destinationC
 207                             		.loc 1 200 0
 208 0061 75 23 3F                		and	#63, r3
 209 0064 C3 43                   		mov.B	r3, [r4]
 210                             		.balign 2,3,5
 211                             	.L19:
 206:C:/Workspace/FW_Platform2_5/trunk/Application_Platform\APP_JumpIf.c **** 			if( ((JumpIfTableData_Struct *)uPJumpIF_setting_data.Data)->samePhase != 0 )
 212                             		.loc 1 206 0
 213 0066 CD E4 03                		mov.B	3[r14], r4
 214 0069 FB 72 00 00 00 00       		mov.L	#_Table_JumpIf, r7
 215 006f EF 43                   		mov.L	r4, r3
 216 0071 76 23 80 00             		and	#0x80, r3
 217 0075 5B 33                   		movu.B	r3, r3
 218 0077 61 03                   		cmp	#0, r3
 219 0079 20 0C                   		beq	.L20
 240:C:/Workspace/FW_Platform2_5/trunk/Application_Platform\APP_JumpIf.c **** 				pCompTable_JumpIf->phase = pCompItpData->phase;
 220                             		.loc 1 240 0
 221 007b FB 42 00 00 00 00       		mov.L	#_Interpreter_Data, r4
 222 0081 88 C4                   		mov.B	2[r4], r4
 223 0083 2E 05                   		bra	.L26
 224                             	.L20:
 247:C:/Workspace/FW_Platform2_5/trunk/Application_Platform\APP_JumpIf.c **** 				pCompTable_JumpIf->phase = ((JumpIfTableData_Struct *)uPJumpIF_setting_data.Data)->destinationP
 225                             		.loc 1 247 0
 226 0085 75 24 3F                		and	#63, r4
 227                             		.balign 2,3,5
 228                             	.L26:
 229 0088 80 7C                   		mov.B	r4, 1[r7]
 252:C:/Workspace/FW_Platform2_5/trunk/Application_Platform\APP_JumpIf.c **** 			pCompTable_JumpIf->first_statement = ((JumpIfTableData_Struct *)uPJumpIF_setting_data.Data)->des
 230                             		.loc 1 252 0
 231 008a CD E4 01                		mov.B	1[r14], r4
 232 008d FB 72 00 00 00 00       		mov.L	#_Table_JumpIf, r7
 233 0093 75 24 1F                		and	#31, r4
 234 0096 80 F4                   		mov.B	r4, 2[r7]
 258:C:/Workspace/FW_Platform2_5/trunk/Application_Platform\APP_JumpIf.c **** 			if( ((JumpIfTableData_Struct *)uPJumpIF_setting_data.Data)->ret != 0 )
 235                             		.loc 1 258 0
 236 0098 CC E1                   		mov.B	[r14], r1
 237 009a 76 21 80 00             		and	#0x80, r1
 238 009e 5B 11                   		movu.B	r1, r1
 239 00a0 61 01                   		cmp	#0, r1
 240 00a2 20 0C                   		beq	.L15
 261:C:/Workspace/FW_Platform2_5/trunk/Application_Platform\APP_JumpIf.c **** 				pCompTable_JumpIf->ret = TRUE;
 241                             		.loc 1 261 0
 242 00a4 3C 73 01                		mov.B	#1, 3[r7]
 265:C:/Workspace/FW_Platform2_5/trunk/Application_Platform\APP_JumpIf.c **** 			return S_OK;
 243                             		.loc 1 265 0
 244 00a7 66 01                   		mov	#0, r1
 245 00a9 2E 05                   		bra	.L15
 246                             	.L24:
 272:C:/Workspace/FW_Platform2_5/trunk/Application_Platform\APP_JumpIf.c **** 			return S_FALSE;
 247                             		.loc 1 272 0
 248 00ab 66 11                   		mov	#1, r1
 249 00ad 03                      		.balign 2,3,3
 250                             	.L15:
 283:C:/Workspace/FW_Platform2_5/trunk/Application_Platform\APP_JumpIf.c **** }
 251                             		.loc 1 283 0
 252 00ae 76 21 81 00             		and	#0x81, r1
 253 00b2 3F 77 05                		rtsd	#20, r7-r7
 254                             	.LFE0:
 256 00b5 03                      		.section	.rodata.Operator_array,"a",@progbits
 257                             		.balign 4
 260                             	_Operator_array:
 261 0000 00 00 00 00             		.long	_JIF_Equal
 262 0004 00 00 00 00             		.long	_JIF_Different
 263 0008 00 00 00 00             		.long	_JIF_Greater
 264 000c 00 00 00 00             		.long	_JIF_Smaller
 361                             	.Letext0:
 362                             		.file 2 "C:\\Workspace\\FW_Platform2_5\\trunk\\HAL\\HAL_General/StandardTypes.h"
 363                             		.file 3 "C:\\Workspace\\FW_Platform2_5\\trunk\\ProductModules\\PM_Library/LIB_Utilities.h"
 364                             		.file 4 "C:\\Workspace\\FW_Platform2_5\\trunk\\CFG_DishWasher\\CFG_Inertia/ProductSafety_cfg.h"
 365                             		.file 5 "C:\\Workspace\\FW_Platform2_5\\trunk\\Inertia\\General/CstmDefines.h"
 366                             		.file 6 "C:\\Workspace\\FW_Platform2_5\\trunk\\Application_Platform/APP_Types.h"
 367                             		.file 7 "C:\\Workspace\\FW_Platform2_5\\trunk\\Inertia\\General/CstmTypes.h"
 368                             		.file 8 "C:\\Workspace\\FW_Platform2_5\\trunk\\Application_Platform/APP_Global.h"
 369                             		.file 9 "C:\\Workspace\\FW_Platform2_5\\trunk\\Inertia\\General/CstmGlobal.h"
 370                             		.file 10 "C:\\Workspace\\FW_Platform2_5\\trunk\\Application_Platform/APP_callback.h"
