   1                             		.file	"APP_Global.c"
   2                             		.section P,"ax"
   3                             	.Ltext0:
   4                             		.comm	_Debug_Error,20,1
   5                             		.global	_FaultMgmt_Data
   6                             		.section	.data.FaultMgmt_Data,"aw",@progbits
   9                             	_FaultMgmt_Data:
  10 0000 00                      		.byte	0
  11 0001 00                      		.byte	0
  12 0002 00                      		.byte	0
  13 0003 00 00                   		.2byte	0
  14 0005 FF FF                   		.2byte	-1
  15 0007 0E                      		.byte	14
  16                             		.global	_CurrentFault
  17                             		.section	.bss.CurrentFault,"aw",@nobits
  20                             	_CurrentFault:
  21 0000 00 00                   		.zero	2
  22                             		.global	_PltFaultCodes
  23                             		.section	.bss.PltFaultCodes,"aw",@nobits
  26                             	_PltFaultCodes:
  27 0000 00 00                   		.zero	2
  28                             		.global	_ApplCurrentFault
  29                             		.section	.bss.ApplCurrentFault,"aw",@nobits
  32                             	_ApplCurrentFault:
  33 0000 00 00 00 00             		.zero	4
  34                             		.comm	_HarakiriLowPower,1,1
  35                             		.comm	_Tab_SFTStandByData,8,4
  36                             		.comm	_HarakiriRequired,1,1
  37                             		.global	_StbHarakiri_ConfigCounter
  38                             		.section	.data.StbHarakiri_ConfigCounter,"aw",@progbits
  41                             	_StbHarakiri_ConfigCounter:
  42 0000 06                      		.byte	6
  43                             		.global	_StbHarakiri_MCounter
  44                             		.section	.data.StbHarakiri_MCounter,"aw",@progbits
  45                             		.balign 2
  48                             	_StbHarakiri_MCounter:
  49 0000 FF FF                   		.short	-1
  50                             		.comm	_AADisplParams,8,1
  51                             		.comm	_ActiveAlgorithmBmpOld,1,1
  52                             		.comm	_TerminatedAlgorithmBmp,1,1
  53                             		.comm	_ActiveAlgorithmBmp,1,1
  54                             		.comm	_UIPhase,1,1
  55                             		.comm	_UICycle,1,1
  56                             		.comm	_Jsr,7,1
  57                             		.comm	_ReturnPoint,3,1
  58                             		.comm	_JmpPhase_Return,5,1
  59                             		.comm	_Paused_JmpPhase,5,1
  60                             		.comm	_JmpPhase,5,1
  61                             		.comm	_Table_JumpIf,4,1
  62                             		.comm	_Interpreter_Data,6,1
  63                             		.section P,"ax"
  64                             	.Letext0:
  65                             		.file 1 "C:\\Workspace\\FW_Platform2_5\\trunk\\HAL\\HAL_General/StandardTypes.h"
  66                             		.file 2 "C:\\Workspace\\FW_Platform2_5\\trunk\\ProductModules\\PM_SwTimersCounters/SwTimersCounter
  67                             		.file 3 "C:\\Workspace\\FW_Platform2_5\\trunk\\CFG_DishWasher\\CFG_Inertia/ProductSafety_cfg.h"
  68                             		.file 4 "C:\\Workspace\\FW_Platform2_5\\trunk\\Inertia\\General/CstmDefines.h"
  69                             		.file 5 "C:\\Workspace\\FW_Platform2_5\\trunk\\Application_Platform/APP_Types.h"
  70                             		.file 6 "C:\\Workspace\\FW_Platform2_5\\trunk\\Inertia\\General/CstmTypes.h"
  71                             		.file 7 "C:\\Workspace\\FW_Platform2_5\\trunk\\Application_Platform/APP_Global.h"
  72                             		.file 8 "C:/Workspace/FW_Platform2_5/trunk/Application_Platform/APP_Global.c"
  73                             		.file 9 "C:\\Workspace\\FW_Platform2_5\\trunk\\Inertia\\General/CstmGlobal.h"
