   1                             		.file	"APP_ActivateAlgorithm.c"
   2                             		.section P,"ax"
   3                             	.Ltext0:
   4                             		.section	.text.NullFunc,"ax",@progbits
   5                             		.global	_NullFunc
   7                             	_NullFunc:
   8                             	.LFB3:
   9                             		.file 1 "C:/Workspace/FW_Platform2_5/trunk/Application_Platform/APP_ActivateAlgorithm.c"
   1:C:/Workspace/FW_Platform2_5/trunk/Application_Platform\APP_ActivateAlgorithm.c **** /*
   2:C:/Workspace/FW_Platform2_5/trunk/Application_Platform\APP_ActivateAlgorithm.c **** ** **************************************************************************
   3:C:/Workspace/FW_Platform2_5/trunk/Application_Platform\APP_ActivateAlgorithm.c **** ** **************************************************************************
   4:C:/Workspace/FW_Platform2_5/trunk/Application_Platform\APP_ActivateAlgorithm.c **** */ 
   5:C:/Workspace/FW_Platform2_5/trunk/Application_Platform\APP_ActivateAlgorithm.c **** /** 
   6:C:/Workspace/FW_Platform2_5/trunk/Application_Platform\APP_ActivateAlgorithm.c **** Gestisce il microprogramma ActivateAlgorithm, che permette di attivare
   7:C:/Workspace/FW_Platform2_5/trunk/Application_Platform\APP_ActivateAlgorithm.c **** alcune funzionalità della macchina durante l'esecuzione del ciclo.
   8:C:/Workspace/FW_Platform2_5/trunk/Application_Platform\APP_ActivateAlgorithm.c **** 
   9:C:/Workspace/FW_Platform2_5/trunk/Application_Platform\APP_ActivateAlgorithm.c **** Source file
  10:C:/Workspace/FW_Platform2_5/trunk/Application_Platform\APP_ActivateAlgorithm.c ****  
  11:C:/Workspace/FW_Platform2_5/trunk/Application_Platform\APP_ActivateAlgorithm.c **** \file    ActivateAlgorithm.c
  12:C:/Workspace/FW_Platform2_5/trunk/Application_Platform\APP_ActivateAlgorithm.c **** \ingroup ActivateAlgorithm
  13:C:/Workspace/FW_Platform2_5/trunk/Application_Platform\APP_ActivateAlgorithm.c ****  
  14:C:/Workspace/FW_Platform2_5/trunk/Application_Platform\APP_ActivateAlgorithm.c **** \version 	1.0.0
  15:C:/Workspace/FW_Platform2_5/trunk/Application_Platform\APP_ActivateAlgorithm.c **** \date    	18/12/2006
  16:C:/Workspace/FW_Platform2_5/trunk/Application_Platform\APP_ActivateAlgorithm.c **** \author		Simone Costantini
  17:C:/Workspace/FW_Platform2_5/trunk/Application_Platform\APP_ActivateAlgorithm.c **** 
  18:C:/Workspace/FW_Platform2_5/trunk/Application_Platform\APP_ActivateAlgorithm.c **** */ 
  19:C:/Workspace/FW_Platform2_5/trunk/Application_Platform\APP_ActivateAlgorithm.c **** /*
  20:C:/Workspace/FW_Platform2_5/trunk/Application_Platform\APP_ActivateAlgorithm.c **** ** **************************************************************************
  21:C:/Workspace/FW_Platform2_5/trunk/Application_Platform\APP_ActivateAlgorithm.c **** ** **************************************************************************
  22:C:/Workspace/FW_Platform2_5/trunk/Application_Platform\APP_ActivateAlgorithm.c **** */
  23:C:/Workspace/FW_Platform2_5/trunk/Application_Platform\APP_ActivateAlgorithm.c **** 
  24:C:/Workspace/FW_Platform2_5/trunk/Application_Platform\APP_ActivateAlgorithm.c **** /*
  25:C:/Workspace/FW_Platform2_5/trunk/Application_Platform\APP_ActivateAlgorithm.c **** Copyright (c) 2004-2008, Indesit Company, EDT.
  26:C:/Workspace/FW_Platform2_5/trunk/Application_Platform\APP_ActivateAlgorithm.c **** Tutti i diritti sono riservati. All rights reserved.
  27:C:/Workspace/FW_Platform2_5/trunk/Application_Platform\APP_ActivateAlgorithm.c **** */
  28:C:/Workspace/FW_Platform2_5/trunk/Application_Platform\APP_ActivateAlgorithm.c **** 
  29:C:/Workspace/FW_Platform2_5/trunk/Application_Platform\APP_ActivateAlgorithm.c **** /* Old Versions
  30:C:/Workspace/FW_Platform2_5/trunk/Application_Platform\APP_ActivateAlgorithm.c **** \version
  31:C:/Workspace/FW_Platform2_5/trunk/Application_Platform\APP_ActivateAlgorithm.c **** \date
  32:C:/Workspace/FW_Platform2_5/trunk/Application_Platform\APP_ActivateAlgorithm.c **** \author
  33:C:/Workspace/FW_Platform2_5/trunk/Application_Platform\APP_ActivateAlgorithm.c **** */
  34:C:/Workspace/FW_Platform2_5/trunk/Application_Platform\APP_ActivateAlgorithm.c **** 
  35:C:/Workspace/FW_Platform2_5/trunk/Application_Platform\APP_ActivateAlgorithm.c **** 
  36:C:/Workspace/FW_Platform2_5/trunk/Application_Platform\APP_ActivateAlgorithm.c **** /* ******** */
  37:C:/Workspace/FW_Platform2_5/trunk/Application_Platform\APP_ActivateAlgorithm.c **** /* Includes */
  38:C:/Workspace/FW_Platform2_5/trunk/Application_Platform\APP_ActivateAlgorithm.c **** /* ******** */
  39:C:/Workspace/FW_Platform2_5/trunk/Application_Platform\APP_ActivateAlgorithm.c **** 
  40:C:/Workspace/FW_Platform2_5/trunk/Application_Platform\APP_ActivateAlgorithm.c **** #include "CstmHeaders.h"
  41:C:/Workspace/FW_Platform2_5/trunk/Application_Platform\APP_ActivateAlgorithm.c **** 
  42:C:/Workspace/FW_Platform2_5/trunk/Application_Platform\APP_ActivateAlgorithm.c **** #if (AAL_ACTIVATEALGORHYTHM_ENABLE == 1)
  43:C:/Workspace/FW_Platform2_5/trunk/Application_Platform\APP_ActivateAlgorithm.c **** 
  44:C:/Workspace/FW_Platform2_5/trunk/Application_Platform\APP_ActivateAlgorithm.c **** /* ****************** */
  45:C:/Workspace/FW_Platform2_5/trunk/Application_Platform\APP_ActivateAlgorithm.c **** /* Defines and Macros */
  46:C:/Workspace/FW_Platform2_5/trunk/Application_Platform\APP_ActivateAlgorithm.c **** /* ****************** */
  47:C:/Workspace/FW_Platform2_5/trunk/Application_Platform\APP_ActivateAlgorithm.c **** 
  48:C:/Workspace/FW_Platform2_5/trunk/Application_Platform\APP_ActivateAlgorithm.c **** #define AAL_GET_ALG_CODE(p)		OFFS_B((p), 0)
  49:C:/Workspace/FW_Platform2_5/trunk/Application_Platform\APP_ActivateAlgorithm.c **** #define AAL_GET_ALG_DATA(p)		OFFS_B((p), 1)
  50:C:/Workspace/FW_Platform2_5/trunk/Application_Platform\APP_ActivateAlgorithm.c **** 
  51:C:/Workspace/FW_Platform2_5/trunk/Application_Platform\APP_ActivateAlgorithm.c **** /* *************************** */
  52:C:/Workspace/FW_Platform2_5/trunk/Application_Platform\APP_ActivateAlgorithm.c **** /* Typedef, Structs and Unions */
  53:C:/Workspace/FW_Platform2_5/trunk/Application_Platform\APP_ActivateAlgorithm.c **** /* *************************** */
  54:C:/Workspace/FW_Platform2_5/trunk/Application_Platform\APP_ActivateAlgorithm.c **** 
  55:C:/Workspace/FW_Platform2_5/trunk/Application_Platform\APP_ActivateAlgorithm.c **** /* **************************** */
  56:C:/Workspace/FW_Platform2_5/trunk/Application_Platform\APP_ActivateAlgorithm.c **** /* Prototype of local functions */
  57:C:/Workspace/FW_Platform2_5/trunk/Application_Platform\APP_ActivateAlgorithm.c **** /* **************************** */
  58:C:/Workspace/FW_Platform2_5/trunk/Application_Platform\APP_ActivateAlgorithm.c **** 
  59:C:/Workspace/FW_Platform2_5/trunk/Application_Platform\APP_ActivateAlgorithm.c **** /* Generale */
  60:C:/Workspace/FW_Platform2_5/trunk/Application_Platform\APP_ActivateAlgorithm.c **** 
  61:C:/Workspace/FW_Platform2_5/trunk/Application_Platform\APP_ActivateAlgorithm.c **** 
  62:C:/Workspace/FW_Platform2_5/trunk/Application_Platform\APP_ActivateAlgorithm.c **** /* ****************** */
  63:C:/Workspace/FW_Platform2_5/trunk/Application_Platform\APP_ActivateAlgorithm.c **** /* Exported variables */
  64:C:/Workspace/FW_Platform2_5/trunk/Application_Platform\APP_ActivateAlgorithm.c **** /* ****************** */
  65:C:/Workspace/FW_Platform2_5/trunk/Application_Platform\APP_ActivateAlgorithm.c **** 
  66:C:/Workspace/FW_Platform2_5/trunk/Application_Platform\APP_ActivateAlgorithm.c **** /* **************** */
  67:C:/Workspace/FW_Platform2_5/trunk/Application_Platform\APP_ActivateAlgorithm.c **** /* Global variables */
  68:C:/Workspace/FW_Platform2_5/trunk/Application_Platform\APP_ActivateAlgorithm.c **** /* **************** */
  69:C:/Workspace/FW_Platform2_5/trunk/Application_Platform\APP_ActivateAlgorithm.c **** 
  70:C:/Workspace/FW_Platform2_5/trunk/Application_Platform\APP_ActivateAlgorithm.c **** /* Algorithm Tables */
  71:C:/Workspace/FW_Platform2_5/trunk/Application_Platform\APP_ActivateAlgorithm.c **** extern const ALGORITHM_PTR AAL_algList[N_MAX_ALG];
  72:C:/Workspace/FW_Platform2_5/trunk/Application_Platform\APP_ActivateAlgorithm.c **** 
  73:C:/Workspace/FW_Platform2_5/trunk/Application_Platform\APP_ActivateAlgorithm.c **** /**/
  74:C:/Workspace/FW_Platform2_5/trunk/Application_Platform\APP_ActivateAlgorithm.c **** 
  75:C:/Workspace/FW_Platform2_5/trunk/Application_Platform\APP_ActivateAlgorithm.c **** /* ***************** */
  76:C:/Workspace/FW_Platform2_5/trunk/Application_Platform\APP_ActivateAlgorithm.c **** /* Exported function */
  77:C:/Workspace/FW_Platform2_5/trunk/Application_Platform\APP_ActivateAlgorithm.c **** /* ***************** */
  78:C:/Workspace/FW_Platform2_5/trunk/Application_Platform\APP_ActivateAlgorithm.c **** 
  79:C:/Workspace/FW_Platform2_5/trunk/Application_Platform\APP_ActivateAlgorithm.c **** 
  80:C:/Workspace/FW_Platform2_5/trunk/Application_Platform\APP_ActivateAlgorithm.c **** /**
  81:C:/Workspace/FW_Platform2_5/trunk/Application_Platform\APP_ActivateAlgorithm.c **** Gestisce l'esecuzione del microprogramma ActivateAlgorithm.
  82:C:/Workspace/FW_Platform2_5/trunk/Application_Platform\APP_ActivateAlgorithm.c **** 
  83:C:/Workspace/FW_Platform2_5/trunk/Application_Platform\APP_ActivateAlgorithm.c **** \param [in] highStatement specifica l'high statement (opcode, flag F0, F1, N, T) del microprogramma
  84:C:/Workspace/FW_Platform2_5/trunk/Application_Platform\APP_ActivateAlgorithm.c **** \param [in] lowStatement specifica il low statement (displacement ai dati) del microprogramma
  85:C:/Workspace/FW_Platform2_5/trunk/Application_Platform\APP_ActivateAlgorithm.c **** 
  86:C:/Workspace/FW_Platform2_5/trunk/Application_Platform\APP_ActivateAlgorithm.c **** \return S_OK se la condizione di avanzamento passo per il microprogramma è verificata (istantaneo),
  87:C:/Workspace/FW_Platform2_5/trunk/Application_Platform\APP_ActivateAlgorithm.c **** \return S_FALSE se non è ancora verificata,
  88:C:/Workspace/FW_Platform2_5/trunk/Application_Platform\APP_ActivateAlgorithm.c **** \return codice di errore in altri casi
  89:C:/Workspace/FW_Platform2_5/trunk/Application_Platform\APP_ActivateAlgorithm.c **** 
  90:C:/Workspace/FW_Platform2_5/trunk/Application_Platform\APP_ActivateAlgorithm.c **** 
  91:C:/Workspace/FW_Platform2_5/trunk/Application_Platform\APP_ActivateAlgorithm.c **** \version		1.0.0
  92:C:/Workspace/FW_Platform2_5/trunk/Application_Platform\APP_ActivateAlgorithm.c **** \date 			19/01/2006
  93:C:/Workspace/FW_Platform2_5/trunk/Application_Platform\APP_ActivateAlgorithm.c **** \author			Simone Costantini
  94:C:/Workspace/FW_Platform2_5/trunk/Application_Platform\APP_ActivateAlgorithm.c **** */
  95:C:/Workspace/FW_Platform2_5/trunk/Application_Platform\APP_ActivateAlgorithm.c **** 
  96:C:/Workspace/FW_Platform2_5/trunk/Application_Platform\APP_ActivateAlgorithm.c **** #if (MULTI_COMPARTMENT_APPL == 1)	
  97:C:/Workspace/FW_Platform2_5/trunk/Application_Platform\APP_ActivateAlgorithm.c **** uint8_t AAL_Activate_Algorithm_Exe(uint8_t highStatement, uint8_t lowStatement, uint8_t compartment
  98:C:/Workspace/FW_Platform2_5/trunk/Application_Platform\APP_ActivateAlgorithm.c **** {
  99:C:/Workspace/FW_Platform2_5/trunk/Application_Platform\APP_ActivateAlgorithm.c **** #else
 100:C:/Workspace/FW_Platform2_5/trunk/Application_Platform\APP_ActivateAlgorithm.c **** uint8_t AAL_Activate_Algorithm_Exe(uint8_t highStatement, uint8_t lowStatement)
 101:C:/Workspace/FW_Platform2_5/trunk/Application_Platform\APP_ActivateAlgorithm.c **** {
 102:C:/Workspace/FW_Platform2_5/trunk/Application_Platform\APP_ActivateAlgorithm.c **** uint8_t compartment=0;
 103:C:/Workspace/FW_Platform2_5/trunk/Application_Platform\APP_ActivateAlgorithm.c **** #endif /* (MULTI_COMPARTMENT_APPL == 1) */
 104:C:/Workspace/FW_Platform2_5/trunk/Application_Platform\APP_ActivateAlgorithm.c **** 
 105:C:/Workspace/FW_Platform2_5/trunk/Application_Platform\APP_ActivateAlgorithm.c **** Loader_Struct uPAAlgSettingData;
 106:C:/Workspace/FW_Platform2_5/trunk/Application_Platform\APP_ActivateAlgorithm.c **** uint8_t algCode;
 107:C:/Workspace/FW_Platform2_5/trunk/Application_Platform\APP_ActivateAlgorithm.c **** Interpreter_Struct *pItpData = &Interpreter_Data[compartment];
 108:C:/Workspace/FW_Platform2_5/trunk/Application_Platform\APP_ActivateAlgorithm.c **** 
 109:C:/Workspace/FW_Platform2_5/trunk/Application_Platform\APP_ActivateAlgorithm.c **** 	if (MSettingBasicLoader( Interpreter_Data[0].mSetting, PTR_MP_ACTIVATE_ALGORITHM, lowStatement, &u
 110:C:/Workspace/FW_Platform2_5/trunk/Application_Platform\APP_ActivateAlgorithm.c **** 	{
 111:C:/Workspace/FW_Platform2_5/trunk/Application_Platform\APP_ActivateAlgorithm.c **** #ifdef _ACTIVATEALGORYTHM_CHECKERRORS_				
 112:C:/Workspace/FW_Platform2_5/trunk/Application_Platform\APP_ActivateAlgorithm.c **** 		DBG_CheckErr(AAL_ERR_LD_DATA_TAB);
 113:C:/Workspace/FW_Platform2_5/trunk/Application_Platform\APP_ActivateAlgorithm.c **** #endif
 114:C:/Workspace/FW_Platform2_5/trunk/Application_Platform\APP_ActivateAlgorithm.c **** 	return S_OK;
 115:C:/Workspace/FW_Platform2_5/trunk/Application_Platform\APP_ActivateAlgorithm.c **** 	}
 116:C:/Workspace/FW_Platform2_5/trunk/Application_Platform\APP_ActivateAlgorithm.c **** 	/* Caricati correttamente dati uProg */
 117:C:/Workspace/FW_Platform2_5/trunk/Application_Platform\APP_ActivateAlgorithm.c **** 	algCode = AAL_GET_ALG_CODE(uPAAlgSettingData.Data);
 118:C:/Workspace/FW_Platform2_5/trunk/Application_Platform\APP_ActivateAlgorithm.c **** 	if (algCode < N_MAX_ALG)
 119:C:/Workspace/FW_Platform2_5/trunk/Application_Platform\APP_ActivateAlgorithm.c **** 	{		/* check di sicurezza */
 120:C:/Workspace/FW_Platform2_5/trunk/Application_Platform\APP_ActivateAlgorithm.c **** 		if ((highStatement & F0) == 0)
 121:C:/Workspace/FW_Platform2_5/trunk/Application_Platform\APP_ActivateAlgorithm.c **** 		{		/* F0 = 0: Attiva l'algoritmo */
 122:C:/Workspace/FW_Platform2_5/trunk/Application_Platform\APP_ActivateAlgorithm.c **** 			/*
 123:C:/Workspace/FW_Platform2_5/trunk/Application_Platform\APP_ActivateAlgorithm.c **** 			Nel caso di tabella di parametri selezionabile da uProg
 124:C:/Workspace/FW_Platform2_5/trunk/Application_Platform\APP_ActivateAlgorithm.c **** 			viene memorizzato il displacement alla tabella in una
 125:C:/Workspace/FW_Platform2_5/trunk/Application_Platform\APP_ActivateAlgorithm.c **** 			locazione riservata per lo specifico algoritmo.
 126:C:/Workspace/FW_Platform2_5/trunk/Application_Platform\APP_ActivateAlgorithm.c **** 			*/
 127:C:/Workspace/FW_Platform2_5/trunk/Application_Platform\APP_ActivateAlgorithm.c **** 			AADisplParams[algCode][compartment] = AAL_GET_ALG_DATA(uPAAlgSettingData.Data);
 128:C:/Workspace/FW_Platform2_5/trunk/Application_Platform\APP_ActivateAlgorithm.c **** 			/*lint -save -e912 */
 129:C:/Workspace/FW_Platform2_5/trunk/Application_Platform\APP_ActivateAlgorithm.c **** 			if ((pItpData->stepInitialized == FALSE) || (pItpData->optionalStepInitialized == FALSE))
 130:C:/Workspace/FW_Platform2_5/trunk/Application_Platform\APP_ActivateAlgorithm.c **** 			/*lint -restore */
 131:C:/Workspace/FW_Platform2_5/trunk/Application_Platform\APP_ActivateAlgorithm.c **** 			{
 132:C:/Workspace/FW_Platform2_5/trunk/Application_Platform\APP_ActivateAlgorithm.c **** 					/*
 133:C:/Workspace/FW_Platform2_5/trunk/Application_Platform\APP_ActivateAlgorithm.c **** 					Prima iterazione del passo o ripristino da backup:
 134:C:/Workspace/FW_Platform2_5/trunk/Application_Platform\APP_ActivateAlgorithm.c **** 					viene forzato l'init dell'algoritmo	attivato.
 135:C:/Workspace/FW_Platform2_5/trunk/Application_Platform\APP_ActivateAlgorithm.c **** 					Poichè le bitmap vengono salvate in backup, se utilizziamo il uProg
 136:C:/Workspace/FW_Platform2_5/trunk/Application_Platform\APP_ActivateAlgorithm.c **** 					nella modalità one-shot (quindi eseguito solo una volta e in un passo diverso da
 137:C:/Workspace/FW_Platform2_5/trunk/Application_Platform\APP_ActivateAlgorithm.c **** 					quello in cui si controlla la terminazione dell'algoritmo) al ripristino non 
 138:C:/Workspace/FW_Platform2_5/trunk/Application_Platform\APP_ActivateAlgorithm.c **** 					verrà mandato il comando di init (cmd = AAL_ALG_INIT) all'algoritmo quindi,
 139:C:/Workspace/FW_Platform2_5/trunk/Application_Platform\APP_ActivateAlgorithm.c **** 					se anche i dati relativi vengono salvati, l'esecuzione prosegue senza interruzioni.
 140:C:/Workspace/FW_Platform2_5/trunk/Application_Platform\APP_ActivateAlgorithm.c **** 					Se invece lo utilizziamo nella modalità continua col flag N=1 viene passato
 141:C:/Workspace/FW_Platform2_5/trunk/Application_Platform\APP_ActivateAlgorithm.c **** 					cmd = AAL_ALG_INIT e quindi viene perso il backup.
 142:C:/Workspace/FW_Platform2_5/trunk/Application_Platform\APP_ActivateAlgorithm.c **** 					Sfruttando questa caratteristica si può decidere caso per caso, a seconda di come
 143:C:/Workspace/FW_Platform2_5/trunk/Application_Platform\APP_ActivateAlgorithm.c **** 					si costruisce la macro, il comportamento dell'algoritmo dopo una mancanza rete.
 144:C:/Workspace/FW_Platform2_5/trunk/Application_Platform\APP_ActivateAlgorithm.c **** 					*/
 145:C:/Workspace/FW_Platform2_5/trunk/Application_Platform\APP_ActivateAlgorithm.c **** 					CLRBIT(ActiveAlgorithmBmpOld[compartment], algCode);
 146:C:/Workspace/FW_Platform2_5/trunk/Application_Platform\APP_ActivateAlgorithm.c **** 					SETBIT(ActiveAlgorithmBmp[compartment], algCode);
 147:C:/Workspace/FW_Platform2_5/trunk/Application_Platform\APP_ActivateAlgorithm.c **** 					CLRBIT(TerminatedAlgorithmBmp[compartment], algCode); /* per attivazioni multiple algoritmo */
 148:C:/Workspace/FW_Platform2_5/trunk/Application_Platform\APP_ActivateAlgorithm.c **** 			}
 149:C:/Workspace/FW_Platform2_5/trunk/Application_Platform\APP_ActivateAlgorithm.c **** 			/* La condizione di uscita viene data solo quando l'algoritmo è terminato */
 150:C:/Workspace/FW_Platform2_5/trunk/Application_Platform\APP_ActivateAlgorithm.c **** 			if (TESTBIT(TerminatedAlgorithmBmp[compartment], algCode) == 0uL)
 151:C:/Workspace/FW_Platform2_5/trunk/Application_Platform\APP_ActivateAlgorithm.c **** 			{
 152:C:/Workspace/FW_Platform2_5/trunk/Application_Platform\APP_ActivateAlgorithm.c **** 				return S_FALSE;
 153:C:/Workspace/FW_Platform2_5/trunk/Application_Platform\APP_ActivateAlgorithm.c **** 			}
 154:C:/Workspace/FW_Platform2_5/trunk/Application_Platform\APP_ActivateAlgorithm.c **** 		}
 155:C:/Workspace/FW_Platform2_5/trunk/Application_Platform\APP_ActivateAlgorithm.c **** 		else
 156:C:/Workspace/FW_Platform2_5/trunk/Application_Platform\APP_ActivateAlgorithm.c **** 		{			    
 157:C:/Workspace/FW_Platform2_5/trunk/Application_Platform\APP_ActivateAlgorithm.c **** 			/* F0 = 1: Disattiva l'algoritmo */
 158:C:/Workspace/FW_Platform2_5/trunk/Application_Platform\APP_ActivateAlgorithm.c **** 			CLRBIT(ActiveAlgorithmBmp[compartment], algCode);				
 159:C:/Workspace/FW_Platform2_5/trunk/Application_Platform\APP_ActivateAlgorithm.c **** 		}		
 160:C:/Workspace/FW_Platform2_5/trunk/Application_Platform\APP_ActivateAlgorithm.c **** 	}	
 161:C:/Workspace/FW_Platform2_5/trunk/Application_Platform\APP_ActivateAlgorithm.c **** 	return S_OK;
 162:C:/Workspace/FW_Platform2_5/trunk/Application_Platform\APP_ActivateAlgorithm.c **** }
 163:C:/Workspace/FW_Platform2_5/trunk/Application_Platform\APP_ActivateAlgorithm.c **** /**/
 164:C:/Workspace/FW_Platform2_5/trunk/Application_Platform\APP_ActivateAlgorithm.c **** 
 165:C:/Workspace/FW_Platform2_5/trunk/Application_Platform\APP_ActivateAlgorithm.c **** 
 166:C:/Workspace/FW_Platform2_5/trunk/Application_Platform\APP_ActivateAlgorithm.c **** /**
 167:C:/Workspace/FW_Platform2_5/trunk/Application_Platform\APP_ActivateAlgorithm.c **** Gestisce l'attivazione e la disattivazione degli algoritmi selezionati
 168:C:/Workspace/FW_Platform2_5/trunk/Application_Platform\APP_ActivateAlgorithm.c **** 
 169:C:/Workspace/FW_Platform2_5/trunk/Application_Platform\APP_ActivateAlgorithm.c **** \par \b Inizializzazione
 170:C:/Workspace/FW_Platform2_5/trunk/Application_Platform\APP_ActivateAlgorithm.c **** AAL_ALG_INIT
 171:C:/Workspace/FW_Platform2_5/trunk/Application_Platform\APP_ActivateAlgorithm.c **** \par \b Esecuzione
 172:C:/Workspace/FW_Platform2_5/trunk/Application_Platform\APP_ActivateAlgorithm.c **** AAL_ALG_MONITOR
 173:C:/Workspace/FW_Platform2_5/trunk/Application_Platform\APP_ActivateAlgorithm.c **** \par \b Disattivazione
 174:C:/Workspace/FW_Platform2_5/trunk/Application_Platform\APP_ActivateAlgorithm.c **** AAL_ALG_DISABLE
 175:C:/Workspace/FW_Platform2_5/trunk/Application_Platform\APP_ActivateAlgorithm.c **** 
 176:C:/Workspace/FW_Platform2_5/trunk/Application_Platform\APP_ActivateAlgorithm.c **** \version		1.0.0
 177:C:/Workspace/FW_Platform2_5/trunk/Application_Platform\APP_ActivateAlgorithm.c **** \date 			19/01/2006
 178:C:/Workspace/FW_Platform2_5/trunk/Application_Platform\APP_ActivateAlgorithm.c **** \author			Simone Costantini,Roberto Fioravanti
 179:C:/Workspace/FW_Platform2_5/trunk/Application_Platform\APP_ActivateAlgorithm.c **** */
 180:C:/Workspace/FW_Platform2_5/trunk/Application_Platform\APP_ActivateAlgorithm.c **** 
 181:C:/Workspace/FW_Platform2_5/trunk/Application_Platform\APP_ActivateAlgorithm.c **** #if (MULTI_COMPARTMENT_APPL == 1)	
 182:C:/Workspace/FW_Platform2_5/trunk/Application_Platform\APP_ActivateAlgorithm.c **** void AAL_algorithmManagement(uint8_t compartment)
 183:C:/Workspace/FW_Platform2_5/trunk/Application_Platform\APP_ActivateAlgorithm.c **** {
 184:C:/Workspace/FW_Platform2_5/trunk/Application_Platform\APP_ActivateAlgorithm.c **** #else
 185:C:/Workspace/FW_Platform2_5/trunk/Application_Platform\APP_ActivateAlgorithm.c **** void AAL_algorithmManagement(void)
 186:C:/Workspace/FW_Platform2_5/trunk/Application_Platform\APP_ActivateAlgorithm.c **** {
 187:C:/Workspace/FW_Platform2_5/trunk/Application_Platform\APP_ActivateAlgorithm.c **** uint8_t compartment=0;
 188:C:/Workspace/FW_Platform2_5/trunk/Application_Platform\APP_ActivateAlgorithm.c **** #endif /* (MULTI_COMPARTMENT_APPL == 1) */
 189:C:/Workspace/FW_Platform2_5/trunk/Application_Platform\APP_ActivateAlgorithm.c **** 
 190:C:/Workspace/FW_Platform2_5/trunk/Application_Platform\APP_ActivateAlgorithm.c **** uint8_t i;
 191:C:/Workspace/FW_Platform2_5/trunk/Application_Platform\APP_ActivateAlgorithm.c **** uint8_t cmd;
 192:C:/Workspace/FW_Platform2_5/trunk/Application_Platform\APP_ActivateAlgorithm.c **** 
 193:C:/Workspace/FW_Platform2_5/trunk/Application_Platform\APP_ActivateAlgorithm.c **** 	for (i = 0; i < N_MAX_ALG; i++)
 194:C:/Workspace/FW_Platform2_5/trunk/Application_Platform\APP_ActivateAlgorithm.c **** 	{
 195:C:/Workspace/FW_Platform2_5/trunk/Application_Platform\APP_ActivateAlgorithm.c **** 		if (TESTBIT(ActiveAlgorithmBmp[compartment], i))
 196:C:/Workspace/FW_Platform2_5/trunk/Application_Platform\APP_ActivateAlgorithm.c **** 		{
 197:C:/Workspace/FW_Platform2_5/trunk/Application_Platform\APP_ActivateAlgorithm.c **** 			/* L'algoritmo i-esimo è attivo */
 198:C:/Workspace/FW_Platform2_5/trunk/Application_Platform\APP_ActivateAlgorithm.c **** 			cmd = (uint8_t)AAL_ALG_MONITOR;
 199:C:/Workspace/FW_Platform2_5/trunk/Application_Platform\APP_ActivateAlgorithm.c **** 			if (TESTBIT((((ActiveAlgorithmBmpOld[compartment]) ^ (ActiveAlgorithmBmp[compartment])) & (Activ
 200:C:/Workspace/FW_Platform2_5/trunk/Application_Platform\APP_ActivateAlgorithm.c **** 			{
 201:C:/Workspace/FW_Platform2_5/trunk/Application_Platform\APP_ActivateAlgorithm.c **** 				/* 
 202:C:/Workspace/FW_Platform2_5/trunk/Application_Platform\APP_ActivateAlgorithm.c **** 				Lo stato dell'algoritmo è passato da OFF a ON:
 203:C:/Workspace/FW_Platform2_5/trunk/Application_Platform\APP_ActivateAlgorithm.c **** 				viene passato all'algoritmo il comando di inizializzazione
 204:C:/Workspace/FW_Platform2_5/trunk/Application_Platform\APP_ActivateAlgorithm.c **** 				*/
 205:C:/Workspace/FW_Platform2_5/trunk/Application_Platform\APP_ActivateAlgorithm.c **** 				cmd = (uint8_t)AAL_ALG_INIT;
 206:C:/Workspace/FW_Platform2_5/trunk/Application_Platform\APP_ActivateAlgorithm.c **** 			}
 207:C:/Workspace/FW_Platform2_5/trunk/Application_Platform\APP_ActivateAlgorithm.c **** 			/* Esecuzione Algoritmo */
 208:C:/Workspace/FW_Platform2_5/trunk/Application_Platform\APP_ActivateAlgorithm.c **** #if (MULTI_COMPARTMENT_APPL == 1)	
 209:C:/Workspace/FW_Platform2_5/trunk/Application_Platform\APP_ActivateAlgorithm.c ****  			AAL_algList[i](cmd,compartment);				
 210:C:/Workspace/FW_Platform2_5/trunk/Application_Platform\APP_ActivateAlgorithm.c **** #else
 211:C:/Workspace/FW_Platform2_5/trunk/Application_Platform\APP_ActivateAlgorithm.c **** 			AAL_algList[i](cmd);				
 212:C:/Workspace/FW_Platform2_5/trunk/Application_Platform\APP_ActivateAlgorithm.c **** #endif /* (MULTI_COMPARTMENT_APPL == 1) */			
 213:C:/Workspace/FW_Platform2_5/trunk/Application_Platform\APP_ActivateAlgorithm.c **** 		}
 214:C:/Workspace/FW_Platform2_5/trunk/Application_Platform\APP_ActivateAlgorithm.c **** 		else
 215:C:/Workspace/FW_Platform2_5/trunk/Application_Platform\APP_ActivateAlgorithm.c **** 		{
 216:C:/Workspace/FW_Platform2_5/trunk/Application_Platform\APP_ActivateAlgorithm.c **** 		    if (TESTBIT((((ActiveAlgorithmBmpOld[compartment]) ^ (ActiveAlgorithmBmp[compartment])) & (Ac
 217:C:/Workspace/FW_Platform2_5/trunk/Application_Platform\APP_ActivateAlgorithm.c **** 			{
 218:C:/Workspace/FW_Platform2_5/trunk/Application_Platform\APP_ActivateAlgorithm.c **** 				/* 
 219:C:/Workspace/FW_Platform2_5/trunk/Application_Platform\APP_ActivateAlgorithm.c **** 				Lo stato dell'algoritmo è passato da ON a OFF:
 220:C:/Workspace/FW_Platform2_5/trunk/Application_Platform\APP_ActivateAlgorithm.c **** 				viene passato all'algoritmo il comando di disabilitazione
 221:C:/Workspace/FW_Platform2_5/trunk/Application_Platform\APP_ActivateAlgorithm.c **** 				*/
 222:C:/Workspace/FW_Platform2_5/trunk/Application_Platform\APP_ActivateAlgorithm.c **** 				cmd = (uint8_t)AAL_ALG_DISABLE;								
 223:C:/Workspace/FW_Platform2_5/trunk/Application_Platform\APP_ActivateAlgorithm.c **** 			    /* chiama la funzione di disabilitazione */
 224:C:/Workspace/FW_Platform2_5/trunk/Application_Platform\APP_ActivateAlgorithm.c **** #if (MULTI_COMPARTMENT_APPL == 1)	
 225:C:/Workspace/FW_Platform2_5/trunk/Application_Platform\APP_ActivateAlgorithm.c ****  				AAL_algList[i](cmd,compartment);				
 226:C:/Workspace/FW_Platform2_5/trunk/Application_Platform\APP_ActivateAlgorithm.c **** #else
 227:C:/Workspace/FW_Platform2_5/trunk/Application_Platform\APP_ActivateAlgorithm.c **** 				AAL_algList[i](cmd);				
 228:C:/Workspace/FW_Platform2_5/trunk/Application_Platform\APP_ActivateAlgorithm.c **** #endif /* (MULTI_COMPARTMENT_APPL == 1) */					
 229:C:/Workspace/FW_Platform2_5/trunk/Application_Platform\APP_ActivateAlgorithm.c **** 				SETBIT(TerminatedAlgorithmBmp[compartment], i);	            
 230:C:/Workspace/FW_Platform2_5/trunk/Application_Platform\APP_ActivateAlgorithm.c **** 			}
 231:C:/Workspace/FW_Platform2_5/trunk/Application_Platform\APP_ActivateAlgorithm.c **** 		}
 232:C:/Workspace/FW_Platform2_5/trunk/Application_Platform\APP_ActivateAlgorithm.c **** 	}
 233:C:/Workspace/FW_Platform2_5/trunk/Application_Platform\APP_ActivateAlgorithm.c **** 	ActiveAlgorithmBmpOld[compartment] = ActiveAlgorithmBmp[compartment];
 234:C:/Workspace/FW_Platform2_5/trunk/Application_Platform\APP_ActivateAlgorithm.c **** }
 235:C:/Workspace/FW_Platform2_5/trunk/Application_Platform\APP_ActivateAlgorithm.c **** /**/
 236:C:/Workspace/FW_Platform2_5/trunk/Application_Platform\APP_ActivateAlgorithm.c **** 
 237:C:/Workspace/FW_Platform2_5/trunk/Application_Platform\APP_ActivateAlgorithm.c **** /**
 238:C:/Workspace/FW_Platform2_5/trunk/Application_Platform\APP_ActivateAlgorithm.c **** resetta le variabili di controllo di ActivateAlgorithm
 239:C:/Workspace/FW_Platform2_5/trunk/Application_Platform\APP_ActivateAlgorithm.c **** 
 240:C:/Workspace/FW_Platform2_5/trunk/Application_Platform\APP_ActivateAlgorithm.c **** \version		1.0.0
 241:C:/Workspace/FW_Platform2_5/trunk/Application_Platform\APP_ActivateAlgorithm.c **** \date 			27/06/2008
 242:C:/Workspace/FW_Platform2_5/trunk/Application_Platform\APP_ActivateAlgorithm.c **** \author			Simone Costantini
 243:C:/Workspace/FW_Platform2_5/trunk/Application_Platform\APP_ActivateAlgorithm.c **** */
 244:C:/Workspace/FW_Platform2_5/trunk/Application_Platform\APP_ActivateAlgorithm.c **** 
 245:C:/Workspace/FW_Platform2_5/trunk/Application_Platform\APP_ActivateAlgorithm.c **** #if (MULTI_COMPARTMENT_APPL == 1)	
 246:C:/Workspace/FW_Platform2_5/trunk/Application_Platform\APP_ActivateAlgorithm.c **** void AAL_resetAlgorithmCtlVars(uint8_t compartment)
 247:C:/Workspace/FW_Platform2_5/trunk/Application_Platform\APP_ActivateAlgorithm.c **** {
 248:C:/Workspace/FW_Platform2_5/trunk/Application_Platform\APP_ActivateAlgorithm.c **** #else
 249:C:/Workspace/FW_Platform2_5/trunk/Application_Platform\APP_ActivateAlgorithm.c **** void AAL_resetAlgorithmCtlVars(void)
 250:C:/Workspace/FW_Platform2_5/trunk/Application_Platform\APP_ActivateAlgorithm.c **** {
 251:C:/Workspace/FW_Platform2_5/trunk/Application_Platform\APP_ActivateAlgorithm.c **** uint8_t compartment=0;
 252:C:/Workspace/FW_Platform2_5/trunk/Application_Platform\APP_ActivateAlgorithm.c **** #endif /* (MULTI_COMPARTMENT_APPL == 1) */
 253:C:/Workspace/FW_Platform2_5/trunk/Application_Platform\APP_ActivateAlgorithm.c **** 	ActiveAlgorithmBmp[compartment] = 0;
 254:C:/Workspace/FW_Platform2_5/trunk/Application_Platform\APP_ActivateAlgorithm.c **** 	ActiveAlgorithmBmpOld[compartment] = 0;
 255:C:/Workspace/FW_Platform2_5/trunk/Application_Platform\APP_ActivateAlgorithm.c **** 	TerminatedAlgorithmBmp[compartment] = 0;
 256:C:/Workspace/FW_Platform2_5/trunk/Application_Platform\APP_ActivateAlgorithm.c **** }
 257:C:/Workspace/FW_Platform2_5/trunk/Application_Platform\APP_ActivateAlgorithm.c **** 
 258:C:/Workspace/FW_Platform2_5/trunk/Application_Platform\APP_ActivateAlgorithm.c **** 
 259:C:/Workspace/FW_Platform2_5/trunk/Application_Platform\APP_ActivateAlgorithm.c **** /**/
 260:C:/Workspace/FW_Platform2_5/trunk/Application_Platform\APP_ActivateAlgorithm.c **** 
 261:C:/Workspace/FW_Platform2_5/trunk/Application_Platform\APP_ActivateAlgorithm.c **** /* ************** */
 262:C:/Workspace/FW_Platform2_5/trunk/Application_Platform\APP_ActivateAlgorithm.c **** /* Local Function */
 263:C:/Workspace/FW_Platform2_5/trunk/Application_Platform\APP_ActivateAlgorithm.c **** /* ************** */
 264:C:/Workspace/FW_Platform2_5/trunk/Application_Platform\APP_ActivateAlgorithm.c **** 
 265:C:/Workspace/FW_Platform2_5/trunk/Application_Platform\APP_ActivateAlgorithm.c **** /**
 266:C:/Workspace/FW_Platform2_5/trunk/Application_Platform\APP_ActivateAlgorithm.c **** Funzione segnaposto che occupa la posizione di algoritmi non 
 267:C:/Workspace/FW_Platform2_5/trunk/Application_Platform\APP_ActivateAlgorithm.c **** ancora implementati.
 268:C:/Workspace/FW_Platform2_5/trunk/Application_Platform\APP_ActivateAlgorithm.c **** Se viene eseguita significa che si è verificato un errore.
 269:C:/Workspace/FW_Platform2_5/trunk/Application_Platform\APP_ActivateAlgorithm.c **** 
 270:C:/Workspace/FW_Platform2_5/trunk/Application_Platform\APP_ActivateAlgorithm.c **** \version		1.0.0
 271:C:/Workspace/FW_Platform2_5/trunk/Application_Platform\APP_ActivateAlgorithm.c **** \date 			19/01/2006
 272:C:/Workspace/FW_Platform2_5/trunk/Application_Platform\APP_ActivateAlgorithm.c **** \author			Simone Costantini
 273:C:/Workspace/FW_Platform2_5/trunk/Application_Platform\APP_ActivateAlgorithm.c **** */
 274:C:/Workspace/FW_Platform2_5/trunk/Application_Platform\APP_ActivateAlgorithm.c **** /*lint -e715
 275:C:/Workspace/FW_Platform2_5/trunk/Application_Platform\APP_ActivateAlgorithm.c **** Elimina il warning sul parametro cmd che non viene utilizzato
 276:C:/Workspace/FW_Platform2_5/trunk/Application_Platform\APP_ActivateAlgorithm.c **** */
 277:C:/Workspace/FW_Platform2_5/trunk/Application_Platform\APP_ActivateAlgorithm.c **** 
 278:C:/Workspace/FW_Platform2_5/trunk/Application_Platform\APP_ActivateAlgorithm.c **** #if (MULTI_COMPARTMENT_APPL == 1)	
 279:C:/Workspace/FW_Platform2_5/trunk/Application_Platform\APP_ActivateAlgorithm.c **** void NullFunc(uint8_t cmd, uint8_t compartment)
 280:C:/Workspace/FW_Platform2_5/trunk/Application_Platform\APP_ActivateAlgorithm.c **** {
 281:C:/Workspace/FW_Platform2_5/trunk/Application_Platform\APP_ActivateAlgorithm.c **** #else
 282:C:/Workspace/FW_Platform2_5/trunk/Application_Platform\APP_ActivateAlgorithm.c **** void NullFunc(uint8_t cmd)
 283:C:/Workspace/FW_Platform2_5/trunk/Application_Platform\APP_ActivateAlgorithm.c **** {
  10                             		.loc 1 283 0
  11                             	.LVL0:
  12 0000 FB E2 00 00 00 00       		mov.L	#_TerminatedAlgorithmBmp, r14
  13 0006 CC E3                   		mov.B	[r14], r3
  14 0008 FB E2 00 00 00 00       		mov.L	#_ActiveAlgorithmBmp, r14
  15 000e CC E4                   		mov.B	[r14], r4
  16 0010 FB 22 00 00 00 00       		mov.L	#_AAL_algList, r2
  17                             		.loc 1 283 0
  18 0016 66 0E                   		mov.L	#0, r14
 284:C:/Workspace/FW_Platform2_5/trunk/Application_Platform\APP_ActivateAlgorithm.c **** uint8_t compartment=0;
 285:C:/Workspace/FW_Platform2_5/trunk/Application_Platform\APP_ActivateAlgorithm.c **** #endif /* (MULTI_COMPARTMENT_APPL == 1) */
 286:C:/Workspace/FW_Platform2_5/trunk/Application_Platform\APP_ActivateAlgorithm.c **** uint8_t i;
 287:C:/Workspace/FW_Platform2_5/trunk/Application_Platform\APP_ActivateAlgorithm.c **** 	for (i = 0; i < N_MAX_ALG; i++)
 288:C:/Workspace/FW_Platform2_5/trunk/Application_Platform\APP_ActivateAlgorithm.c **** 	{
 289:C:/Workspace/FW_Platform2_5/trunk/Application_Platform\APP_ActivateAlgorithm.c **** 		if (NullFunc == AAL_algList[i])
 290:C:/Workspace/FW_Platform2_5/trunk/Application_Platform\APP_ActivateAlgorithm.c **** 		{
 291:C:/Workspace/FW_Platform2_5/trunk/Application_Platform\APP_ActivateAlgorithm.c **** 			SETBIT(TerminatedAlgorithmBmp[compartment], i);
  19                             		.loc 1 291 0
  20 0018 66 15                   		mov.L	#1, r5
  21                             	.LVL1:
  22                             		.balign 2,3,3
  23                             	.L3:
 289:C:/Workspace/FW_Platform2_5/trunk/Application_Platform\APP_ActivateAlgorithm.c **** 		if (NullFunc == AAL_algList[i])
  24                             		.loc 1 289 0
  25 001a FD 2A 21                		mov.L	[r2+], r1
  26 001d 74 01 00 00 00 00       		cmp	#_NullFunc, r1
  27 0023 21 0D                   		bne	.L2
  28                             		.loc 1 291 0
  29 0025 EF 51                   		mov.L	r5, r1
  30 0027 FD 62 E1                		shll	r14, r1
  31 002a 57 13                   		or	r1, r3
 292:C:/Workspace/FW_Platform2_5/trunk/Application_Platform\APP_ActivateAlgorithm.c **** 			CLRBIT(ActiveAlgorithmBmp[compartment], i);			
  32                             		.loc 1 292 0
  33 002c 7E 01                   		not	r1
  34 002e 53 14                   		and	r1, r4
  35                             		.balign 2,3,1
  36                             	.L2:
  37 0030 62 1E                   		add	#1, r14
 287:C:/Workspace/FW_Platform2_5/trunk/Application_Platform\APP_ActivateAlgorithm.c **** 	for (i = 0; i < N_MAX_ALG; i++)
  38                             		.loc 1 287 0
  39 0032 61 8E                   		cmp	#8, r14
  40 0034 21 E6                   		bne	.L3
  41 0036 FB E2 00 00 00 00       		mov.L	#_TerminatedAlgorithmBmp, r14
  42 003c C3 E3                   		mov.B	r3, [r14]
  43 003e FB E2 00 00 00 00       		mov.L	#_ActiveAlgorithmBmp, r14
  44 0044 C3 E4                   		mov.B	r4, [r14]
  45 0046 02                      		rts
  46                             	.LFE3:
  48 0047 03                      		.section	.text.AAL_Activate_Algorithm_Exe,"ax",@progbits
  49                             		.global	_AAL_Activate_Algorithm_Exe
  51                             	_AAL_Activate_Algorithm_Exe:
  52                             	.LFB0:
 101:C:/Workspace/FW_Platform2_5/trunk/Application_Platform\APP_ActivateAlgorithm.c **** {
  53                             		.loc 1 101 0
  54                             	.LVL2:
  55 0000 6E 7A                   		pushm	r7-r10
  56                             	.LCFI0:
 109:C:/Workspace/FW_Platform2_5/trunk/Application_Platform\APP_ActivateAlgorithm.c **** 	if (MSettingBasicLoader( Interpreter_Data[0].mSetting, PTR_MP_ACTIVATE_ALGORITHM, lowStatement, &u
  57                             		.loc 1 109 0
  58 0002 FB 72 00 00 00 00       		mov.L	#_Interpreter_Data, r7
 101:C:/Workspace/FW_Platform2_5/trunk/Application_Platform\APP_ActivateAlgorithm.c **** {
  59                             		.loc 1 101 0
  60 0008 60 80                   		sub	#8, r0
  61                             	.LCFI1:
 101:C:/Workspace/FW_Platform2_5/trunk/Application_Platform\APP_ActivateAlgorithm.c **** {
  62                             		.loc 1 101 0
  63 000a CF 1A                   		mov.B	r1, r10
 109:C:/Workspace/FW_Platform2_5/trunk/Application_Platform\APP_ActivateAlgorithm.c **** 	if (MSettingBasicLoader( Interpreter_Data[0].mSetting, PTR_MP_ACTIVATE_ALGORITHM, lowStatement, &u
  64                             		.loc 1 109 0
  65 000c 89 79                   		mov.B	5[r7], r1
  66                             	.LVL3:
 101:C:/Workspace/FW_Platform2_5/trunk/Application_Platform\APP_ActivateAlgorithm.c **** {
  67                             		.loc 1 101 0
  68 000e CF 23                   		mov.B	r2, r3
 109:C:/Workspace/FW_Platform2_5/trunk/Application_Platform\APP_ActivateAlgorithm.c **** 	if (MSettingBasicLoader( Interpreter_Data[0].mSetting, PTR_MP_ACTIVATE_ALGORITHM, lowStatement, &u
  69                             		.loc 1 109 0
  70 0010 EF 04                   		mov.L	r0, r4
  71 0012 75 42 1A                		mov	#26, r2
  72                             	.LVL4:
  73 0015 05 00 00 00             		bsr	_MSettingBasicLoader
  74                             	.LVL5:
  75 0019 5B 11                   		movu.B	r1, r1
  76 001b 61 01                   		cmp	#0, r1
  77 001d 20 0D                   		beq	.L6
 112:C:/Workspace/FW_Platform2_5/trunk/Application_Platform\APP_ActivateAlgorithm.c **** 		DBG_CheckErr(AAL_ERR_LD_DATA_TAB);
  78                             		.loc 1 112 0
  79 001f FB 16 9A                		mov	#0xffffff9a, r1
  80 0022 05 00 00 00             		bsr	_DBG_CheckErr
  81                             	.LVL6:
 114:C:/Workspace/FW_Platform2_5/trunk/Application_Platform\APP_ActivateAlgorithm.c **** 	return S_OK;
  82                             		.loc 1 114 0
  83 0026 66 01                   		mov	#0, r1
  84 0028 2E 74                   		bra	.L7
  85                             	.L6:
 117:C:/Workspace/FW_Platform2_5/trunk/Application_Platform\APP_ActivateAlgorithm.c **** 	algCode = AAL_GET_ALG_CODE(uPAAlgSettingData.Data);
  86                             		.loc 1 117 0
  87 002a EC 04                   		mov.L	[r0], r4
  88                             	.LVL7:
 118:C:/Workspace/FW_Platform2_5/trunk/Application_Platform\APP_ActivateAlgorithm.c **** 	if (algCode < N_MAX_ALG)
  89                             		.loc 1 118 0
  90 002c 58 4E                   		movu.B	[r4], r14
  91 002e 61 7E                   		cmp	#7, r14
  92 0030 24 6C                   		bgtu	.L7
 120:C:/Workspace/FW_Platform2_5/trunk/Application_Platform\APP_ActivateAlgorithm.c **** 		if ((highStatement & F0) == 0)
  93                             		.loc 1 120 0
  94 0032 75 2A 10                		and	#16, r10
  95                             	.LVL8:
  96 0035 5B AA                   		movu.B	r10, r10
  97 0037 61 0A                   		cmp	#0, r10
  98 0039 21 52                   		bne	.L8
 127:C:/Workspace/FW_Platform2_5/trunk/Application_Platform\APP_ActivateAlgorithm.c **** 			AADisplParams[algCode][compartment] = AAL_GET_ALG_DATA(uPAAlgSettingData.Data);
  99                             		.loc 1 127 0
 100 003b 88 4C                   		mov.B	1[r4], r4
 101                             	.LVL9:
 102 003d 70 EA 00 00 00 00       		add	#_AADisplParams, r14, r10
 103 0043 C3 A4                   		mov.B	r4, [r10]
 129:C:/Workspace/FW_Platform2_5/trunk/Application_Platform\APP_ActivateAlgorithm.c **** 			if ((pItpData->stepInitialized == FALSE) || (pItpData->optionalStepInitialized == FALSE))
 104                             		.loc 1 129 0
 105 0045 89 77                   		mov.B	4[r7], r7
 106 0047 64 67                   		and	#6, r7
 107 0049 61 67                   		cmp	#6, r7
 108 004b 20 2D                   		beq	.L9
 145:C:/Workspace/FW_Platform2_5/trunk/Application_Platform\APP_ActivateAlgorithm.c **** 					CLRBIT(ActiveAlgorithmBmpOld[compartment], algCode);
 109                             		.loc 1 145 0
 110 004d FB 72 00 00 00 00       		mov.L	#_ActiveAlgorithmBmpOld, r7
 111 0053 66 14                   		mov.L	#1, r4
 112 0055 CC 7A                   		mov.B	[r7], r10
 113 0057 FD 62 E4                		shll	r14, r4
 114 005a FC 3B 43                		not	r4, r3
 115 005d 53 3A                   		and	r3, r10
 116 005f C3 7A                   		mov.B	r10, [r7]
 146:C:/Workspace/FW_Platform2_5/trunk/Application_Platform\APP_ActivateAlgorithm.c **** 					SETBIT(ActiveAlgorithmBmp[compartment], algCode);
 117                             		.loc 1 146 0
 118 0061 FB 72 00 00 00 00       		mov.L	#_ActiveAlgorithmBmp, r7
 119 0067 06 14 74                		or	[r7].B, r4
 120 006a C3 74                   		mov.B	r4, [r7]
 147:C:/Workspace/FW_Platform2_5/trunk/Application_Platform\APP_ActivateAlgorithm.c **** 					CLRBIT(TerminatedAlgorithmBmp[compartment], algCode); /* per attivazioni multiple algoritmo */
 121                             		.loc 1 147 0
 122 006c FB 72 00 00 00 00       		mov.L	#_TerminatedAlgorithmBmp, r7
 123 0072 06 10 73                		and	[r7].B, r3
 124 0075 C3 73                   		mov.B	r3, [r7]
 125 0077 03                      		.balign 2,3,5
 126                             	.L9:
 150:C:/Workspace/FW_Platform2_5/trunk/Application_Platform\APP_ActivateAlgorithm.c **** 			if (TESTBIT(TerminatedAlgorithmBmp[compartment], algCode) == 0uL)
 127                             		.loc 1 150 0
 128 0078 FB 72 00 00 00 00       		mov.L	#_TerminatedAlgorithmBmp, r7
 129 007e 58 71                   		movu.B	[r7], r1
 130 0080 FD 60 E1                		shlr	r14, r1
 131 0083 64 11                   		and	#1, r1
 132 0085 FD 74 D1 01             		xor	#1, r1
 133 0089 2E 13                   		bra	.L7
 134                             	.LVL10:
 135                             	.L8:
 158:C:/Workspace/FW_Platform2_5/trunk/Application_Platform\APP_ActivateAlgorithm.c **** 			CLRBIT(ActiveAlgorithmBmp[compartment], algCode);				
 136                             		.loc 1 158 0
 137 008b FB 46 FE                		mov.L	#-2, r4
 138                             	.LVL11:
 139 008e FB 72 00 00 00 00       		mov.L	#_ActiveAlgorithmBmp, r7
 140 0094 FD 66 E4                		rotl	r14, r4
 141 0097 06 10 74                		and	[r7].B, r4
 142 009a C3 74                   		mov.B	r4, [r7]
 143                             	.LVL12:
 144                             		.balign 2,3,1
 145                             	.L7:
 162:C:/Workspace/FW_Platform2_5/trunk/Application_Platform\APP_ActivateAlgorithm.c **** }
 146                             		.loc 1 162 0
 147 009c 5B 11                   		movu.B	r1, r1
 148 009e 3F 7A 06                		rtsd	#24, r7-r10
 149                             	.LFE0:
 151 00a1 03                      		.section	.text.AAL_algorithmManagement,"ax",@progbits
 152                             		.global	_AAL_algorithmManagement
 154                             	_AAL_algorithmManagement:
 155                             	.LFB1:
 186:C:/Workspace/FW_Platform2_5/trunk/Application_Platform\APP_ActivateAlgorithm.c **** {
 156                             		.loc 1 186 0
 157                             	.LVL13:
 158 0000 6E 7D                   		pushm	r7-r13
 159                             	.LCFI2:
 160 0002 FB A2 00 00 00 00       		mov.L	#_AAL_algList, r10
 186:C:/Workspace/FW_Platform2_5/trunk/Application_Platform\APP_ActivateAlgorithm.c **** {
 161                             		.loc 1 186 0
 162 0008 66 07                   		mov.L	#0, r7
 195:C:/Workspace/FW_Platform2_5/trunk/Application_Platform\APP_ActivateAlgorithm.c **** 		if (TESTBIT(ActiveAlgorithmBmp[compartment], i))
 163                             		.loc 1 195 0
 164 000a FB C2 00 00 00 00       		mov.L	#_ActiveAlgorithmBmp, r12
 165 0010 FB B2 00 00 00 00       		mov.L	#_ActiveAlgorithmBmpOld, r11
 229:C:/Workspace/FW_Platform2_5/trunk/Application_Platform\APP_ActivateAlgorithm.c **** 				SETBIT(TerminatedAlgorithmBmp[compartment], i);	            
 166                             		.loc 1 229 0
 167 0016 FB D2 00 00 00 00       		mov.L	#_TerminatedAlgorithmBmp, r13
 168                             	.LVL14:
 169                             		.balign 2,3,5
 170                             	.L18:
 195:C:/Workspace/FW_Platform2_5/trunk/Application_Platform\APP_ActivateAlgorithm.c **** 		if (TESTBIT(ActiveAlgorithmBmp[compartment], i))
 171                             		.loc 1 195 0
 172 001c CC CE                   		mov.B	[r12], r14
 173 001e 5B E4                   		movu.B	r14, r4
 174 0020 FD 60 74                		shlr	r7, r4
 175 0023 FD 74 C4 01             		tst	#1, r4
 176 0027 20 15                   		beq	.L16
 177                             	.LVL15:
 199:C:/Workspace/FW_Platform2_5/trunk/Application_Platform\APP_ActivateAlgorithm.c **** 			if (TESTBIT((((ActiveAlgorithmBmpOld[compartment]) ^ (ActiveAlgorithmBmp[compartment])) & (Activ
 178                             		.loc 1 199 0
 179 0029 CC B1                   		mov.B	[r11], r1
 180 002b 7E 01                   		not	r1
 181 002d 53 1E                   		and	r1, r14
 182                             	.LVL16:
 183 002f 5B E1                   		movu.B	r14, r1
 184 0031 FD 60 71                		shlr	r7, r1
 211:C:/Workspace/FW_Platform2_5/trunk/Application_Platform\APP_ActivateAlgorithm.c **** 			AAL_algList[i](cmd);				
 185                             		.loc 1 211 0
 186 0034 EC AE                   		mov.L	[r10], r14
 187 0036 64 11                   		and	#1, r1
 188 0038 7F 1E                   		jsr	r14
 189                             	.LVL17:
 190 003a 2E 20                   		bra	.L17
 191                             	.L16:
 216:C:/Workspace/FW_Platform2_5/trunk/Application_Platform\APP_ActivateAlgorithm.c **** 		    if (TESTBIT((((ActiveAlgorithmBmpOld[compartment]) ^ (ActiveAlgorithmBmp[compartment])) & (Ac
 192                             		.loc 1 216 0
 193 003c 7E 0E                   		not	r14
 194 003e 06 10 BE                		and	[r11].B, r14
 195 0041 5B EE                   		movu.B	r14, r14
 196 0043 FD 60 7E                		shlr	r7, r14
 197 0046 FD 74 CE 01             		tst	#1, r14
 198 004a 20 10                   		beq	.L17
 199                             	.LVL18:
 227:C:/Workspace/FW_Platform2_5/trunk/Application_Platform\APP_ActivateAlgorithm.c **** 				AAL_algList[i](cmd);				
 200                             		.loc 1 227 0
 201 004c EC AE                   		mov.L	[r10], r14
 202 004e 66 21                   		mov	#2, r1
 203 0050 7F 1E                   		jsr	r14
 204                             	.LVL19:
 229:C:/Workspace/FW_Platform2_5/trunk/Application_Platform\APP_ActivateAlgorithm.c **** 				SETBIT(TerminatedAlgorithmBmp[compartment], i);	            
 205                             		.loc 1 229 0
 206 0052 CC DE                   		mov.B	[r13], r14
 207 0054 FC 63 E7                		bset	r7, r14
 208 0057 C3 DE                   		mov.B	r14, [r13]
 209                             	.LVL20:
 210 0059 03                      		.balign 2,3,1
 211                             	.L17:
 212 005a 62 17                   		add	#1, r7
 213 005c 62 4A                   		add	#4, r10
 193:C:/Workspace/FW_Platform2_5/trunk/Application_Platform\APP_ActivateAlgorithm.c **** 	for (i = 0; i < N_MAX_ALG; i++)
 214                             		.loc 1 193 0
 215 005e 61 87                   		cmp	#8, r7
 216 0060 21 BC                   		bne	.L18
 233:C:/Workspace/FW_Platform2_5/trunk/Application_Platform\APP_ActivateAlgorithm.c **** 	ActiveAlgorithmBmpOld[compartment] = ActiveAlgorithmBmp[compartment];
 217                             		.loc 1 233 0
 218 0062 FB A2 00 00 00 00       		mov.L	#_ActiveAlgorithmBmp, r10
 219 0068 CC AA                   		mov.B	[r10], r10
 220 006a FB 72 00 00 00 00       		mov.L	#_ActiveAlgorithmBmpOld, r7
 221 0070 C3 7A                   		mov.B	r10, [r7]
 234:C:/Workspace/FW_Platform2_5/trunk/Application_Platform\APP_ActivateAlgorithm.c **** }
 222                             		.loc 1 234 0
 223 0072 3F 7D 07                		rtsd	#28, r7-r13
 224                             	.LFE1:
 226 0075 03                      		.section	.text.AAL_resetAlgorithmCtlVars,"ax",@progbits
 227                             		.global	_AAL_resetAlgorithmCtlVars
 229                             	_AAL_resetAlgorithmCtlVars:
 230                             	.LFB2:
 250:C:/Workspace/FW_Platform2_5/trunk/Application_Platform\APP_ActivateAlgorithm.c **** {
 231                             		.loc 1 250 0
 232                             	.LVL21:
 253:C:/Workspace/FW_Platform2_5/trunk/Application_Platform\APP_ActivateAlgorithm.c **** 	ActiveAlgorithmBmp[compartment] = 0;
 233                             		.loc 1 253 0
 234 0000 FB E2 00 00 00 00       		mov.L	#_ActiveAlgorithmBmp, r14
 235 0006 F8 E4 00                		mov.B	#0, [r14]
 254:C:/Workspace/FW_Platform2_5/trunk/Application_Platform\APP_ActivateAlgorithm.c **** 	ActiveAlgorithmBmpOld[compartment] = 0;
 236                             		.loc 1 254 0
 237 0009 FB E2 00 00 00 00       		mov.L	#_ActiveAlgorithmBmpOld, r14
 238 000f F8 E4 00                		mov.B	#0, [r14]
 255:C:/Workspace/FW_Platform2_5/trunk/Application_Platform\APP_ActivateAlgorithm.c **** 	TerminatedAlgorithmBmp[compartment] = 0;
 239                             		.loc 1 255 0
 240 0012 FB E2 00 00 00 00       		mov.L	#_TerminatedAlgorithmBmp, r14
 241 0018 F8 E4 00                		mov.B	#0, [r14]
 242 001b 02                      		rts
 243                             	.LFE2:
 329                             	.Letext0:
 330                             		.file 2 "C:\\Workspace\\FW_Platform2_5\\trunk\\HAL\\HAL_General/StandardTypes.h"
 331                             		.file 3 "C:\\Workspace\\FW_Platform2_5\\trunk\\ProductModules\\PM_Library/LIB_Utilities.h"
 332                             		.file 4 "C:\\Workspace\\FW_Platform2_5\\trunk\\Application_Platform/APP_Types.h"
 333                             		.file 5 "C:\\Workspace\\FW_Platform2_5\\trunk\\Inertia\\General/CstmTypes.h"
 334                             		.file 6 "C:\\Workspace\\FW_Platform2_5\\trunk\\Application_Platform/APP_Global.h"
 335                             		.file 7 "C:\\Workspace\\FW_Platform2_5\\trunk\\Inertia\\General/CstmGlobal.h"
 336                             		.file 8 "C:\\Workspace\\FW_Platform2_5\\trunk\\Application_Platform/APP_ActivateAlgorithm.h"
 337                             		.file 9 "C:\\Workspace\\FW_Platform2_5\\trunk\\Application_Platform/APP_FuncLib.h"
