   1                             		.file	"BackupAddress.c"
   2                             		.section P,"ax"
   3                             	.Ltext0:
   4                             		.global	_AppBackupDimTab
   5                             		.section	.rodata.AppBackupDimTab,"a",@progbits
   8                             	_AppBackupDimTab:
   9 0000 00 00 00 00 00 00 00 00 		.zero	38
   9      00 00 00 00 00 00 00 00 
   9      00 00 00 00 00 00 00 00 
   9      00 00 00 00 00 00 00 00 
   9      00 00 00 00 00 00 
  10                             		.global	_AppBackupAddrTab
  11                             		.section	.rodata.AppBackupAddrTab,"a",@progbits
  12                             		.balign 4
  15                             	_AppBackupAddrTab:
  16 0000 00 00 00 00 00 00 00 00 		.zero	156
  16      00 00 00 00 00 00 00 00 
  16      00 00 00 00 00 00 00 00 
  16      00 00 00 00 00 00 00 00 
  16      00 00 00 00 00 00 00 00 
  17                             		.section P,"ax"
  18                             	.Letext0:
  19                             		.file 1 "C:\\Workspace\\FW_Platform2_5\\trunk\\CFG_DishWasher\\CFG_Inertia/ProductSafety_cfg.h"
  20                             		.file 2 "C:/Workspace/FW_Platform2_5/trunk/Inertia/General/CstmDefines.h"
  21                             		.file 3 "C:\\Workspace\\FW_Platform2_5\\trunk\\Application_Platform/APP_Types.h"
  22                             		.file 4 "C:\\Workspace\\FW_Platform2_5\\trunk\\HAL\\HAL_General/StandardTypes.h"
  23                             		.file 5 "C:/Workspace/FW_Platform2_5/trunk/Inertia/General/CstmTypes.h"
  24                             		.file 6 "C:\\Workspace\\FW_Platform2_5\\trunk\\Application_Platform/APP_Global.h"
  25                             		.file 7 "C:/Workspace/FW_Platform2_5/trunk/Inertia/General/CstmGlobal.h"
  26                             		.file 8 "C:/Workspace/FW_Platform2_5/trunk/Inertia/General/BackupAddress.c"
