   1                             		.file	"DigitalOutputs.c"
   2                             		.section P,"ax"
   3                             	.Ltext0:
   4                             		.section	.text.LIB_DIO_SET_LOAD,"ax",@progbits
   5                             		.global	_LIB_DIO_SET_LOAD
   7                             	_LIB_DIO_SET_LOAD:
   8                             	.LFB0:
   9                             		.file 1 "C:/Workspace/FW_Platform2_5/trunk/PlatformLibrary/LIB_DigitalIO/DigitalOutputs.c"
   1:C:/Workspace/FW_Platform2_5/trunk/PlatformLibrary/LIB_DigitalIO\DigitalOutputs.c **** /*
   2:C:/Workspace/FW_Platform2_5/trunk/PlatformLibrary/LIB_DigitalIO\DigitalOutputs.c **** Copyright (c) 2004-2005, Indesit Company, I.D.D..
   3:C:/Workspace/FW_Platform2_5/trunk/PlatformLibrary/LIB_DigitalIO\DigitalOutputs.c **** Tutti i diritti sono riservati. All rights reserved.
   4:C:/Workspace/FW_Platform2_5/trunk/PlatformLibrary/LIB_DigitalIO\DigitalOutputs.c **** */
   5:C:/Workspace/FW_Platform2_5/trunk/PlatformLibrary/LIB_DigitalIO\DigitalOutputs.c **** 
   6:C:/Workspace/FW_Platform2_5/trunk/PlatformLibrary/LIB_DigitalIO\DigitalOutputs.c **** /**
   7:C:/Workspace/FW_Platform2_5/trunk/PlatformLibrary/LIB_DigitalIO\DigitalOutputs.c **** \n
   8:C:/Workspace/FW_Platform2_5/trunk/PlatformLibrary/LIB_DigitalIO\DigitalOutputs.c **** \par		DigitalOutputs.c
   9:C:/Workspace/FW_Platform2_5/trunk/PlatformLibrary/LIB_DigitalIO\DigitalOutputs.c **** \n			Implementation of all functions necessary to achieve the aim.
  10:C:/Workspace/FW_Platform2_5/trunk/PlatformLibrary/LIB_DigitalIO\DigitalOutputs.c **** \n
  11:C:/Workspace/FW_Platform2_5/trunk/PlatformLibrary/LIB_DigitalIO\DigitalOutputs.c **** \file		DigitalOutputs.c
  12:C:/Workspace/FW_Platform2_5/trunk/PlatformLibrary/LIB_DigitalIO\DigitalOutputs.c **** \ingroup	DigitalOutput
  13:C:/Workspace/FW_Platform2_5/trunk/PlatformLibrary/LIB_DigitalIO\DigitalOutputs.c **** \date		Jun 18, 2010
  14:C:/Workspace/FW_Platform2_5/trunk/PlatformLibrary/LIB_DigitalIO\DigitalOutputs.c **** \version	01.00.00
  15:C:/Workspace/FW_Platform2_5/trunk/PlatformLibrary/LIB_DigitalIO\DigitalOutputs.c **** \author		stefano.ughi
  16:C:/Workspace/FW_Platform2_5/trunk/PlatformLibrary/LIB_DigitalIO\DigitalOutputs.c **** \n
  17:C:/Workspace/FW_Platform2_5/trunk/PlatformLibrary/LIB_DigitalIO\DigitalOutputs.c **** \n
  18:C:/Workspace/FW_Platform2_5/trunk/PlatformLibrary/LIB_DigitalIO\DigitalOutputs.c **** \par\b	History:
  19:C:/Workspace/FW_Platform2_5/trunk/PlatformLibrary/LIB_DigitalIO\DigitalOutputs.c **** \n
  20:C:/Workspace/FW_Platform2_5/trunk/PlatformLibrary/LIB_DigitalIO\DigitalOutputs.c **** \n 		01.04.00
  21:C:/Workspace/FW_Platform2_5/trunk/PlatformLibrary/LIB_DigitalIO\DigitalOutputs.c **** \n		dd/mm/yyyy
  22:C:/Workspace/FW_Platform2_5/trunk/PlatformLibrary/LIB_DigitalIO\DigitalOutputs.c **** \n		developer
  23:C:/Workspace/FW_Platform2_5/trunk/PlatformLibrary/LIB_DigitalIO\DigitalOutputs.c **** \n		changes
  24:C:/Workspace/FW_Platform2_5/trunk/PlatformLibrary/LIB_DigitalIO\DigitalOutputs.c **** \n 		- change 1
  25:C:/Workspace/FW_Platform2_5/trunk/PlatformLibrary/LIB_DigitalIO\DigitalOutputs.c **** \n		- change 2
  26:C:/Workspace/FW_Platform2_5/trunk/PlatformLibrary/LIB_DigitalIO\DigitalOutputs.c **** \n
  27:C:/Workspace/FW_Platform2_5/trunk/PlatformLibrary/LIB_DigitalIO\DigitalOutputs.c **** \n
  28:C:/Workspace/FW_Platform2_5/trunk/PlatformLibrary/LIB_DigitalIO\DigitalOutputs.c **** \n 		01.03.00
  29:C:/Workspace/FW_Platform2_5/trunk/PlatformLibrary/LIB_DigitalIO\DigitalOutputs.c **** \n		dd/mm/yyyy
  30:C:/Workspace/FW_Platform2_5/trunk/PlatformLibrary/LIB_DigitalIO\DigitalOutputs.c **** \n		developer
  31:C:/Workspace/FW_Platform2_5/trunk/PlatformLibrary/LIB_DigitalIO\DigitalOutputs.c **** \n		changes
  32:C:/Workspace/FW_Platform2_5/trunk/PlatformLibrary/LIB_DigitalIO\DigitalOutputs.c **** \n 		- change 1
  33:C:/Workspace/FW_Platform2_5/trunk/PlatformLibrary/LIB_DigitalIO\DigitalOutputs.c **** \n		- change 2
  34:C:/Workspace/FW_Platform2_5/trunk/PlatformLibrary/LIB_DigitalIO\DigitalOutputs.c **** \n
  35:C:/Workspace/FW_Platform2_5/trunk/PlatformLibrary/LIB_DigitalIO\DigitalOutputs.c **** \n
  36:C:/Workspace/FW_Platform2_5/trunk/PlatformLibrary/LIB_DigitalIO\DigitalOutputs.c **** \n etc.
  37:C:/Workspace/FW_Platform2_5/trunk/PlatformLibrary/LIB_DigitalIO\DigitalOutputs.c **** */
  38:C:/Workspace/FW_Platform2_5/trunk/PlatformLibrary/LIB_DigitalIO\DigitalOutputs.c **** #define MODULE_BODY_LIB_DIGITAL_IO
  39:C:/Workspace/FW_Platform2_5/trunk/PlatformLibrary/LIB_DigitalIO\DigitalOutputs.c **** /* ******** */
  40:C:/Workspace/FW_Platform2_5/trunk/PlatformLibrary/LIB_DigitalIO\DigitalOutputs.c **** /* Includes */
  41:C:/Workspace/FW_Platform2_5/trunk/PlatformLibrary/LIB_DigitalIO\DigitalOutputs.c **** /* ******** */
  42:C:/Workspace/FW_Platform2_5/trunk/PlatformLibrary/LIB_DigitalIO\DigitalOutputs.c **** #include "Config.h"
  43:C:/Workspace/FW_Platform2_5/trunk/PlatformLibrary/LIB_DigitalIO\DigitalOutputs.c **** #include "IOSharing.h"
  44:C:/Workspace/FW_Platform2_5/trunk/PlatformLibrary/LIB_DigitalIO\DigitalOutputs.c **** #include "DigitalOutputs.h"
  45:C:/Workspace/FW_Platform2_5/trunk/PlatformLibrary/LIB_DigitalIO\DigitalOutputs.c **** #include "LIB_Error.h"
  46:C:/Workspace/FW_Platform2_5/trunk/PlatformLibrary/LIB_DigitalIO\DigitalOutputs.c **** #include "OCDIO_drv.h"
  47:C:/Workspace/FW_Platform2_5/trunk/PlatformLibrary/LIB_DigitalIO\DigitalOutputs.c **** /* ****************** */
  48:C:/Workspace/FW_Platform2_5/trunk/PlatformLibrary/LIB_DigitalIO\DigitalOutputs.c **** /* Defines and Macros */
  49:C:/Workspace/FW_Platform2_5/trunk/PlatformLibrary/LIB_DigitalIO\DigitalOutputs.c **** /* ****************** */
  50:C:/Workspace/FW_Platform2_5/trunk/PlatformLibrary/LIB_DigitalIO\DigitalOutputs.c **** 
  51:C:/Workspace/FW_Platform2_5/trunk/PlatformLibrary/LIB_DigitalIO\DigitalOutputs.c **** /* *************************** */
  52:C:/Workspace/FW_Platform2_5/trunk/PlatformLibrary/LIB_DigitalIO\DigitalOutputs.c **** /* Typedef, Structs and Unions */
  53:C:/Workspace/FW_Platform2_5/trunk/PlatformLibrary/LIB_DigitalIO\DigitalOutputs.c **** /* *************************** */
  54:C:/Workspace/FW_Platform2_5/trunk/PlatformLibrary/LIB_DigitalIO\DigitalOutputs.c **** 
  55:C:/Workspace/FW_Platform2_5/trunk/PlatformLibrary/LIB_DigitalIO\DigitalOutputs.c **** 
  56:C:/Workspace/FW_Platform2_5/trunk/PlatformLibrary/LIB_DigitalIO\DigitalOutputs.c **** /* ********* */
  57:C:/Workspace/FW_Platform2_5/trunk/PlatformLibrary/LIB_DigitalIO\DigitalOutputs.c **** /* Variables */
  58:C:/Workspace/FW_Platform2_5/trunk/PlatformLibrary/LIB_DigitalIO\DigitalOutputs.c **** /* ********* */
  59:C:/Workspace/FW_Platform2_5/trunk/PlatformLibrary/LIB_DigitalIO\DigitalOutputs.c **** 
  60:C:/Workspace/FW_Platform2_5/trunk/PlatformLibrary/LIB_DigitalIO\DigitalOutputs.c **** /* Global */
  61:C:/Workspace/FW_Platform2_5/trunk/PlatformLibrary/LIB_DigitalIO\DigitalOutputs.c **** 
  62:C:/Workspace/FW_Platform2_5/trunk/PlatformLibrary/LIB_DigitalIO\DigitalOutputs.c **** /* Static */
  63:C:/Workspace/FW_Platform2_5/trunk/PlatformLibrary/LIB_DigitalIO\DigitalOutputs.c **** 
  64:C:/Workspace/FW_Platform2_5/trunk/PlatformLibrary/LIB_DigitalIO\DigitalOutputs.c **** /* ******************* */
  65:C:/Workspace/FW_Platform2_5/trunk/PlatformLibrary/LIB_DigitalIO\DigitalOutputs.c **** /* Functions Prototype */
  66:C:/Workspace/FW_Platform2_5/trunk/PlatformLibrary/LIB_DigitalIO\DigitalOutputs.c **** /* ******************* */
  67:C:/Workspace/FW_Platform2_5/trunk/PlatformLibrary/LIB_DigitalIO\DigitalOutputs.c **** 
  68:C:/Workspace/FW_Platform2_5/trunk/PlatformLibrary/LIB_DigitalIO\DigitalOutputs.c **** /* Exported function */
  69:C:/Workspace/FW_Platform2_5/trunk/PlatformLibrary/LIB_DigitalIO\DigitalOutputs.c **** 
  70:C:/Workspace/FW_Platform2_5/trunk/PlatformLibrary/LIB_DigitalIO\DigitalOutputs.c **** /* Local Function */
  71:C:/Workspace/FW_Platform2_5/trunk/PlatformLibrary/LIB_DigitalIO\DigitalOutputs.c **** static void LIB_DIO_SET_LOAD_F(uint8_t value, uint8_t pin);
  72:C:/Workspace/FW_Platform2_5/trunk/PlatformLibrary/LIB_DigitalIO\DigitalOutputs.c **** 
  73:C:/Workspace/FW_Platform2_5/trunk/PlatformLibrary/LIB_DigitalIO\DigitalOutputs.c **** /* *************** */
  74:C:/Workspace/FW_Platform2_5/trunk/PlatformLibrary/LIB_DigitalIO\DigitalOutputs.c **** /* Function Bodies */
  75:C:/Workspace/FW_Platform2_5/trunk/PlatformLibrary/LIB_DigitalIO\DigitalOutputs.c **** /* *************** */
  76:C:/Workspace/FW_Platform2_5/trunk/PlatformLibrary/LIB_DigitalIO\DigitalOutputs.c **** 
  77:C:/Workspace/FW_Platform2_5/trunk/PlatformLibrary/LIB_DigitalIO\DigitalOutputs.c **** /* Exported function */
  78:C:/Workspace/FW_Platform2_5/trunk/PlatformLibrary/LIB_DigitalIO\DigitalOutputs.c **** /**
  79:C:/Workspace/FW_Platform2_5/trunk/PlatformLibrary/LIB_DigitalIO\DigitalOutputs.c **** Set the pin value according with pinValue and reiterates it's direction as output.
  80:C:/Workspace/FW_Platform2_5/trunk/PlatformLibrary/LIB_DigitalIO\DigitalOutputs.c **** 
  81:C:/Workspace/FW_Platform2_5/trunk/PlatformLibrary/LIB_DigitalIO\DigitalOutputs.c **** \param  [in]		pinValue  if 1 -> On if 0 -> off
  82:C:/Workspace/FW_Platform2_5/trunk/PlatformLibrary/LIB_DigitalIO\DigitalOutputs.c **** \param  [in]		pin pinIndex of Module IO Map
  83:C:/Workspace/FW_Platform2_5/trunk/PlatformLibrary/LIB_DigitalIO\DigitalOutputs.c **** 
  84:C:/Workspace/FW_Platform2_5/trunk/PlatformLibrary/LIB_DigitalIO\DigitalOutputs.c **** \author 	Stefano Ughi
  85:C:/Workspace/FW_Platform2_5/trunk/PlatformLibrary/LIB_DigitalIO\DigitalOutputs.c **** \date		18/06/2010
  86:C:/Workspace/FW_Platform2_5/trunk/PlatformLibrary/LIB_DigitalIO\DigitalOutputs.c **** \version	1.0.0
  87:C:/Workspace/FW_Platform2_5/trunk/PlatformLibrary/LIB_DigitalIO\DigitalOutputs.c **** 
  88:C:/Workspace/FW_Platform2_5/trunk/PlatformLibrary/LIB_DigitalIO\DigitalOutputs.c **** 
  89:C:/Workspace/FW_Platform2_5/trunk/PlatformLibrary/LIB_DigitalIO\DigitalOutputs.c **** \note		\par \b Nota 1:
  90:C:/Workspace/FW_Platform2_5/trunk/PlatformLibrary/LIB_DigitalIO\DigitalOutputs.c **** 			documentation by Stefano Ughi
  91:C:/Workspace/FW_Platform2_5/trunk/PlatformLibrary/LIB_DigitalIO\DigitalOutputs.c **** 
  92:C:/Workspace/FW_Platform2_5/trunk/PlatformLibrary/LIB_DigitalIO\DigitalOutputs.c **** */
  93:C:/Workspace/FW_Platform2_5/trunk/PlatformLibrary/LIB_DigitalIO\DigitalOutputs.c **** void LIB_DIO_SET_LOAD(uint8_t pinValue, uint8_t pin)
  94:C:/Workspace/FW_Platform2_5/trunk/PlatformLibrary/LIB_DigitalIO\DigitalOutputs.c **** {
  10                             		.loc 1 94 0
  11                             	.LVL0:
  95:C:/Workspace/FW_Platform2_5/trunk/PlatformLibrary/LIB_DigitalIO\DigitalOutputs.c **** 	if ( pin >= IO_MODULE_MAP_SIZE )
  12                             		.loc 1 95 0
  13 0000 5B 2E                   		movu.B	r2, r14
  94:C:/Workspace/FW_Platform2_5/trunk/PlatformLibrary/LIB_DigitalIO\DigitalOutputs.c **** {
  14                             		.loc 1 94 0
  15 0002 6E 7A                   		pushm	r7-r10
  16                             	.LCFI0:
  17                             		.loc 1 95 0
  18 0004 75 5E 2B                		cmp	#43, r14
  94:C:/Workspace/FW_Platform2_5/trunk/PlatformLibrary/LIB_DigitalIO\DigitalOutputs.c **** {
  19                             		.loc 1 94 0
  20 0007 CF 27                   		mov.B	r2, r7
  21                             		.loc 1 95 0
  22 0009 25 0A                   		bleu	.L2
  96:C:/Workspace/FW_Platform2_5/trunk/PlatformLibrary/LIB_DigitalIO\DigitalOutputs.c **** 	{
  97:C:/Workspace/FW_Platform2_5/trunk/PlatformLibrary/LIB_DigitalIO\DigitalOutputs.c **** 		PLT_ERROR_FATAL(PLT_ERROR_DIG_OUT_1);
  98:C:/Workspace/FW_Platform2_5/trunk/PlatformLibrary/LIB_DigitalIO\DigitalOutputs.c **** 		return;  /* Serious Error */
  99:C:/Workspace/FW_Platform2_5/trunk/PlatformLibrary/LIB_DigitalIO\DigitalOutputs.c **** 	}
 100:C:/Workspace/FW_Platform2_5/trunk/PlatformLibrary/LIB_DigitalIO\DigitalOutputs.c **** 
 101:C:/Workspace/FW_Platform2_5/trunk/PlatformLibrary/LIB_DigitalIO\DigitalOutputs.c **** 	LIB_DIO_SET_LOAD_F(pinValue, pin);
 102:C:/Workspace/FW_Platform2_5/trunk/PlatformLibrary/LIB_DigitalIO\DigitalOutputs.c **** 	(void)OCDIO_SetPinDirValueSync(pin,1);
 103:C:/Workspace/FW_Platform2_5/trunk/PlatformLibrary/LIB_DigitalIO\DigitalOutputs.c **** }
  23                             		.loc 1 103 0
  24 000b 6F 7A                   		popm	r7-r10
  97:C:/Workspace/FW_Platform2_5/trunk/PlatformLibrary/LIB_DigitalIO\DigitalOutputs.c **** 		PLT_ERROR_FATAL(PLT_ERROR_DIG_OUT_1);
  25                             		.loc 1 97 0
  26 000d 66 61                   		mov.L	#6, r1
  27                             	.LVL1:
  28 000f 04 00 00 00             		bra	_LIB_Error_Fatal_Handler
  29                             	.LVL2:
  30                             	.L2:
  31 0013 CF 1A                   		mov.B	r1, r10
  32                             	.LVL3:
  33                             	.LBB4:
  34                             	.LBB5:
 104:C:/Workspace/FW_Platform2_5/trunk/PlatformLibrary/LIB_DigitalIO\DigitalOutputs.c **** /* Local Function */
 105:C:/Workspace/FW_Platform2_5/trunk/PlatformLibrary/LIB_DigitalIO\DigitalOutputs.c **** /**
 106:C:/Workspace/FW_Platform2_5/trunk/PlatformLibrary/LIB_DigitalIO\DigitalOutputs.c **** Set an output.
 107:C:/Workspace/FW_Platform2_5/trunk/PlatformLibrary/LIB_DigitalIO\DigitalOutputs.c **** 
 108:C:/Workspace/FW_Platform2_5/trunk/PlatformLibrary/LIB_DigitalIO\DigitalOutputs.c **** \param  [in]	value  if 1 -> On if 0 -> off
 109:C:/Workspace/FW_Platform2_5/trunk/PlatformLibrary/LIB_DigitalIO\DigitalOutputs.c **** \param  [in]	pin pinIndex of Module IO Map
 110:C:/Workspace/FW_Platform2_5/trunk/PlatformLibrary/LIB_DigitalIO\DigitalOutputs.c **** 
 111:C:/Workspace/FW_Platform2_5/trunk/PlatformLibrary/LIB_DigitalIO\DigitalOutputs.c **** \author 	Stefano Ughi
 112:C:/Workspace/FW_Platform2_5/trunk/PlatformLibrary/LIB_DigitalIO\DigitalOutputs.c **** \date		18/06/2010
 113:C:/Workspace/FW_Platform2_5/trunk/PlatformLibrary/LIB_DigitalIO\DigitalOutputs.c **** \version	1.0.0
 114:C:/Workspace/FW_Platform2_5/trunk/PlatformLibrary/LIB_DigitalIO\DigitalOutputs.c **** 
 115:C:/Workspace/FW_Platform2_5/trunk/PlatformLibrary/LIB_DigitalIO\DigitalOutputs.c **** 
 116:C:/Workspace/FW_Platform2_5/trunk/PlatformLibrary/LIB_DigitalIO\DigitalOutputs.c **** \note		\par \b Nota 1:
 117:C:/Workspace/FW_Platform2_5/trunk/PlatformLibrary/LIB_DigitalIO\DigitalOutputs.c **** 			documentation by Stefano Ughi
 118:C:/Workspace/FW_Platform2_5/trunk/PlatformLibrary/LIB_DigitalIO\DigitalOutputs.c **** 
 119:C:/Workspace/FW_Platform2_5/trunk/PlatformLibrary/LIB_DigitalIO\DigitalOutputs.c **** */
 120:C:/Workspace/FW_Platform2_5/trunk/PlatformLibrary/LIB_DigitalIO\DigitalOutputs.c **** 
 121:C:/Workspace/FW_Platform2_5/trunk/PlatformLibrary/LIB_DigitalIO\DigitalOutputs.c **** static void LIB_DIO_SET_LOAD_F(uint8_t value, uint8_t pin)
 122:C:/Workspace/FW_Platform2_5/trunk/PlatformLibrary/LIB_DigitalIO\DigitalOutputs.c **** {
 123:C:/Workspace/FW_Platform2_5/trunk/PlatformLibrary/LIB_DigitalIO\DigitalOutputs.c **** 	bool_t actvSense;
 124:C:/Workspace/FW_Platform2_5/trunk/PlatformLibrary/LIB_DigitalIO\DigitalOutputs.c **** 
 125:C:/Workspace/FW_Platform2_5/trunk/PlatformLibrary/LIB_DigitalIO\DigitalOutputs.c **** 	actvSense = LIB_IOM_Get_IODir_ActiveSense(pin);
  35                             		.loc 1 125 0
  36 0015 CF 21                   		mov.B	r2, r1
  37                             	.LVL4:
  38 0017 05 00 00 00             		bsr	_LIB_IOM_Get_IODir_ActiveSense
  39                             	.LVL5:
 126:C:/Workspace/FW_Platform2_5/trunk/PlatformLibrary/LIB_DigitalIO\DigitalOutputs.c **** 	/*lint -e514 Unusual use of a Boolean */
 127:C:/Workspace/FW_Platform2_5/trunk/PlatformLibrary/LIB_DigitalIO\DigitalOutputs.c **** 	if (value^(!actvSense))
  40                             		.loc 1 127 0
  41 001b 61 01                   		cmp	#0, r1
  42 001d FC DB 10                		sceq.L	r1
  43                             	.LVL6:
  44 0020 5B AA                   		movu.B	r10, r10
  45                             	.LVL7:
  46 0022 47 1A                   		cmp	r1, r10
 128:C:/Workspace/FW_Platform2_5/trunk/PlatformLibrary/LIB_DigitalIO\DigitalOutputs.c **** 	{
 129:C:/Workspace/FW_Platform2_5/trunk/PlatformLibrary/LIB_DigitalIO\DigitalOutputs.c **** 		/*lint +e514 */
 130:C:/Workspace/FW_Platform2_5/trunk/PlatformLibrary/LIB_DigitalIO\DigitalOutputs.c **** 		/* pin high */
 131:C:/Workspace/FW_Platform2_5/trunk/PlatformLibrary/LIB_DigitalIO\DigitalOutputs.c **** 		OCDIO_SetPinValueSync(pin, 1);
  47                             		.loc 1 131 0
  48 0024 CF 71                   		mov.B	r7, r1
 127:C:/Workspace/FW_Platform2_5/trunk/PlatformLibrary/LIB_DigitalIO\DigitalOutputs.c **** 	if (value^(!actvSense))
  49                             		.loc 1 127 0
  50 0026 20 06                   		beq	.L3
  51                             	.LVL8:
  52                             		.loc 1 131 0
  53 0028 66 12                   		mov	#1, r2
  54 002a 2E 04                   		bra	.L6
  55                             	.L3:
 132:C:/Workspace/FW_Platform2_5/trunk/PlatformLibrary/LIB_DigitalIO\DigitalOutputs.c **** 	}
 133:C:/Workspace/FW_Platform2_5/trunk/PlatformLibrary/LIB_DigitalIO\DigitalOutputs.c **** 	else
 134:C:/Workspace/FW_Platform2_5/trunk/PlatformLibrary/LIB_DigitalIO\DigitalOutputs.c **** 	{
 135:C:/Workspace/FW_Platform2_5/trunk/PlatformLibrary/LIB_DigitalIO\DigitalOutputs.c **** 		/* pin low */
 136:C:/Workspace/FW_Platform2_5/trunk/PlatformLibrary/LIB_DigitalIO\DigitalOutputs.c **** 		OCDIO_SetPinValueSync(pin, 0);
  56                             		.loc 1 136 0
  57 002c 66 02                   		mov	#0, r2
  58                             		.balign 2,3,3
  59                             	.L6:
  60 002e 05 00 00 00             		bsr	_OCDIO_SetPinValueSync
  61                             	.LVL9:
  62                             	.LBE5:
  63                             	.LBE4:
 102:C:/Workspace/FW_Platform2_5/trunk/PlatformLibrary/LIB_DigitalIO\DigitalOutputs.c **** 	(void)OCDIO_SetPinDirValueSync(pin,1);
  64                             		.loc 1 102 0
  65 0032 CF 71                   		mov.B	r7, r1
 103:C:/Workspace/FW_Platform2_5/trunk/PlatformLibrary/LIB_DigitalIO\DigitalOutputs.c **** }
  66                             		.loc 1 103 0
  67 0034 6F 7A                   		popm	r7-r10
  68                             	.LVL10:
 102:C:/Workspace/FW_Platform2_5/trunk/PlatformLibrary/LIB_DigitalIO\DigitalOutputs.c **** 	(void)OCDIO_SetPinDirValueSync(pin,1);
  69                             		.loc 1 102 0
  70 0036 66 12                   		mov	#1, r2
  71 0038 04 00 00 00             		bra	_OCDIO_SetPinDirValueSync
  72                             	.LVL11:
  73                             	.LFE0:
 113                             	.Letext0:
 114                             		.file 2 "C:\\Workspace\\FW_Platform2_5\\trunk\\HAL\\HAL_General/StandardTypes.h"
 115                             		.file 3 "C:\\Workspace\\FW_Platform2_5\\trunk\\PlatformLibrary\\LIB_Error/LIB_Error.h"
 116                             		.file 4 "C:\\Workspace\\FW_Platform2_5\\trunk\\Drivers/IO_driver.h"
 117                             		.file 5 "C:\\Workspace\\FW_Platform2_5\\trunk\\Drivers\\OCDIO/OCDIO_drv.h"
 118                             		.file 6 "C:\\Workspace\\FW_Platform2_5\\trunk\\PlatformLibrary\\LIB_IOManager/IOSharing.h"
