   1                             		.file	"iwdt.c"
   2                             		.section P,"ax"
   3                             	.Ltext0:
   4                             		.section	.text.IWDT_Kick,"ax",@progbits
   5                             		.global	_IWDT_Kick
   7                             	_IWDT_Kick:
   8                             	.LFB1:
   9                             		.file 1 "C:/Workspace/FW_Platform2_5/trunk/HAL/RN_RX200/IEC60335_B_libs/src/IWDT/iwdt.c"
   1:C:/Workspace/FW_Platform2_5/trunk/HAL/RN_RX200/IEC60335_B_libs/src/IWDT\iwdt.c **** /*******************************************************************************
   2:C:/Workspace/FW_Platform2_5/trunk/HAL/RN_RX200/IEC60335_B_libs/src/IWDT\iwdt.c **** * DISCLAIMER
   3:C:/Workspace/FW_Platform2_5/trunk/HAL/RN_RX200/IEC60335_B_libs/src/IWDT\iwdt.c **** * This software is supplied by Renesas Electronics Corporation and is only
   4:C:/Workspace/FW_Platform2_5/trunk/HAL/RN_RX200/IEC60335_B_libs/src/IWDT\iwdt.c **** * intended for use with Renesas products. No other uses are authorized. This
   5:C:/Workspace/FW_Platform2_5/trunk/HAL/RN_RX200/IEC60335_B_libs/src/IWDT\iwdt.c **** * software is owned by Renesas Electronics Corporation and is protected under
   6:C:/Workspace/FW_Platform2_5/trunk/HAL/RN_RX200/IEC60335_B_libs/src/IWDT\iwdt.c **** * all applicable laws, including copyright laws.
   7:C:/Workspace/FW_Platform2_5/trunk/HAL/RN_RX200/IEC60335_B_libs/src/IWDT\iwdt.c **** * THIS SOFTWARE IS PROVIDED "AS IS" AND RENESAS MAKES NO WARRANTIES REGARDING
   8:C:/Workspace/FW_Platform2_5/trunk/HAL/RN_RX200/IEC60335_B_libs/src/IWDT\iwdt.c **** * THIS SOFTWARE, WHETHER EXPRESS, IMPLIED OR STATUTORY, INCLUDING BUT NOT
   9:C:/Workspace/FW_Platform2_5/trunk/HAL/RN_RX200/IEC60335_B_libs/src/IWDT\iwdt.c **** * LIMITED TO WARRANTIES OF MERCHANTABILITY, FITNESS FOR A PARTICULAR PURPOSE
  10:C:/Workspace/FW_Platform2_5/trunk/HAL/RN_RX200/IEC60335_B_libs/src/IWDT\iwdt.c **** * AND NON-INFRINGEMENT. ALL SUCH WARRANTIES ARE EXPRESSLY DISCLAIMED.
  11:C:/Workspace/FW_Platform2_5/trunk/HAL/RN_RX200/IEC60335_B_libs/src/IWDT\iwdt.c **** * TO THE MAXIMUM EXTENT PERMITTED NOT PROHIBITED BY LAW, NEITHER RENESAS
  12:C:/Workspace/FW_Platform2_5/trunk/HAL/RN_RX200/IEC60335_B_libs/src/IWDT\iwdt.c **** * ELECTRONICS CORPORATION NOR ANY OF ITS AFFILIATED COMPANIES SHALL BE LIABLE
  13:C:/Workspace/FW_Platform2_5/trunk/HAL/RN_RX200/IEC60335_B_libs/src/IWDT\iwdt.c **** * FOR ANY DIRECT, INDIRECT, SPECIAL, INCIDENTAL OR CONSEQUENTIAL DAMAGES FOR
  14:C:/Workspace/FW_Platform2_5/trunk/HAL/RN_RX200/IEC60335_B_libs/src/IWDT\iwdt.c **** * ANY REASON RELATED TO THIS SOFTWARE, EVEN IF RENESAS OR ITS AFFILIATES HAVE
  15:C:/Workspace/FW_Platform2_5/trunk/HAL/RN_RX200/IEC60335_B_libs/src/IWDT\iwdt.c **** * BEEN ADVISED OF THE POSSIBILITY OF SUCH DAMAGES.
  16:C:/Workspace/FW_Platform2_5/trunk/HAL/RN_RX200/IEC60335_B_libs/src/IWDT\iwdt.c **** * Renesas reserves the right, without notice, to make changes to this software
  17:C:/Workspace/FW_Platform2_5/trunk/HAL/RN_RX200/IEC60335_B_libs/src/IWDT\iwdt.c **** * and to discontinue the availability of this software. By using this software,
  18:C:/Workspace/FW_Platform2_5/trunk/HAL/RN_RX200/IEC60335_B_libs/src/IWDT\iwdt.c **** * you agree to the additional terms and conditions found by accessing the
  19:C:/Workspace/FW_Platform2_5/trunk/HAL/RN_RX200/IEC60335_B_libs/src/IWDT\iwdt.c **** * following link:
  20:C:/Workspace/FW_Platform2_5/trunk/HAL/RN_RX200/IEC60335_B_libs/src/IWDT\iwdt.c **** * http://www.renesas.com/disclaimer
  21:C:/Workspace/FW_Platform2_5/trunk/HAL/RN_RX200/IEC60335_B_libs/src/IWDT\iwdt.c **** *******************************************************************************/
  22:C:/Workspace/FW_Platform2_5/trunk/HAL/RN_RX200/IEC60335_B_libs/src/IWDT\iwdt.c **** /* Copyright (C) 2010 Renesas Electronics Corporation. All rights reserved. */
  23:C:/Workspace/FW_Platform2_5/trunk/HAL/RN_RX200/IEC60335_B_libs/src/IWDT\iwdt.c **** /**********************************************************************
  24:C:/Workspace/FW_Platform2_5/trunk/HAL/RN_RX200/IEC60335_B_libs/src/IWDT\iwdt.c **** * File Name : IWDT.c
  25:C:/Workspace/FW_Platform2_5/trunk/HAL/RN_RX200/IEC60335_B_libs/src/IWDT\iwdt.c **** * Version : 1.00
  26:C:/Workspace/FW_Platform2_5/trunk/HAL/RN_RX200/IEC60335_B_libs/src/IWDT\iwdt.c **** * Device : RX210
  27:C:/Workspace/FW_Platform2_5/trunk/HAL/RN_RX200/IEC60335_B_libs/src/IWDT\iwdt.c **** * Tool Chain :
  28:C:/Workspace/FW_Platform2_5/trunk/HAL/RN_RX200/IEC60335_B_libs/src/IWDT\iwdt.c **** * H/W Platform : 
  29:C:/Workspace/FW_Platform2_5/trunk/HAL/RN_RX200/IEC60335_B_libs/src/IWDT\iwdt.c **** * Description : Independent Watchdog.
  30:C:/Workspace/FW_Platform2_5/trunk/HAL/RN_RX200/IEC60335_B_libs/src/IWDT\iwdt.c **** *				Used to detect abnormal programme operation.
  31:C:/Workspace/FW_Platform2_5/trunk/HAL/RN_RX200/IEC60335_B_libs/src/IWDT\iwdt.c **** *               Resets system if not kicked (refreshed) often enough.
  32:C:/Workspace/FW_Platform2_5/trunk/HAL/RN_RX200/IEC60335_B_libs/src/IWDT\iwdt.c **** **********************************************************************/
  33:C:/Workspace/FW_Platform2_5/trunk/HAL/RN_RX200/IEC60335_B_libs/src/IWDT\iwdt.c **** 
  34:C:/Workspace/FW_Platform2_5/trunk/HAL/RN_RX200/IEC60335_B_libs/src/IWDT\iwdt.c **** /**********************************************************************************
  35:C:/Workspace/FW_Platform2_5/trunk/HAL/RN_RX200/IEC60335_B_libs/src/IWDT\iwdt.c **** Revision History
  36:C:/Workspace/FW_Platform2_5/trunk/HAL/RN_RX200/IEC60335_B_libs/src/IWDT\iwdt.c **** DD-MMM-YYYY OSO-UID Description
  37:C:/Workspace/FW_Platform2_5/trunk/HAL/RN_RX200/IEC60335_B_libs/src/IWDT\iwdt.c **** 20-Jan-2011 RTE-PJI First Release
  38:C:/Workspace/FW_Platform2_5/trunk/HAL/RN_RX200/IEC60335_B_libs/src/IWDT\iwdt.c **** ***********************************************************************************/
  39:C:/Workspace/FW_Platform2_5/trunk/HAL/RN_RX200/IEC60335_B_libs/src/IWDT\iwdt.c **** 
  40:C:/Workspace/FW_Platform2_5/trunk/HAL/RN_RX200/IEC60335_B_libs/src/IWDT\iwdt.c **** /**********************************************************************
  41:C:/Workspace/FW_Platform2_5/trunk/HAL/RN_RX200/IEC60335_B_libs/src/IWDT\iwdt.c **** Includes
  42:C:/Workspace/FW_Platform2_5/trunk/HAL/RN_RX200/IEC60335_B_libs/src/IWDT\iwdt.c **** **********************************************************************/
  43:C:/Workspace/FW_Platform2_5/trunk/HAL/RN_RX200/IEC60335_B_libs/src/IWDT\iwdt.c **** #include "RN_RX200_reg.h"
  44:C:/Workspace/FW_Platform2_5/trunk/HAL/RN_RX200/IEC60335_B_libs/src/IWDT\iwdt.c **** #include "IWDT.h"
  45:C:/Workspace/FW_Platform2_5/trunk/HAL/RN_RX200/IEC60335_B_libs/src/IWDT\iwdt.c **** 
  46:C:/Workspace/FW_Platform2_5/trunk/HAL/RN_RX200/IEC60335_B_libs/src/IWDT\iwdt.c **** /**********************************************************************
  47:C:/Workspace/FW_Platform2_5/trunk/HAL/RN_RX200/IEC60335_B_libs/src/IWDT\iwdt.c **** Functions
  48:C:/Workspace/FW_Platform2_5/trunk/HAL/RN_RX200/IEC60335_B_libs/src/IWDT\iwdt.c **** **********************************************************************/
  49:C:/Workspace/FW_Platform2_5/trunk/HAL/RN_RX200/IEC60335_B_libs/src/IWDT\iwdt.c **** 
  50:C:/Workspace/FW_Platform2_5/trunk/HAL/RN_RX200/IEC60335_B_libs/src/IWDT\iwdt.c **** 
  51:C:/Workspace/FW_Platform2_5/trunk/HAL/RN_RX200/IEC60335_B_libs/src/IWDT\iwdt.c **** /***********************************************************************************
  52:C:/Workspace/FW_Platform2_5/trunk/HAL/RN_RX200/IEC60335_B_libs/src/IWDT\iwdt.c **** Function Name : IWDT_Init
  53:C:/Workspace/FW_Platform2_5/trunk/HAL/RN_RX200/IEC60335_B_libs/src/IWDT\iwdt.c **** 
  54:C:/Workspace/FW_Platform2_5/trunk/HAL/RN_RX200/IEC60335_B_libs/src/IWDT\iwdt.c **** Description   :	Configure the IWDT and Start it runnning.
  55:C:/Workspace/FW_Platform2_5/trunk/HAL/RN_RX200/IEC60335_B_libs/src/IWDT\iwdt.c **** 				The Clock,Timeout Period and Window position should be set
  56:C:/Workspace/FW_Platform2_5/trunk/HAL/RN_RX200/IEC60335_B_libs/src/IWDT\iwdt.c **** 				so that your application can manage to call the IWDT_Kick at
  57:C:/Workspace/FW_Platform2_5/trunk/HAL/RN_RX200/IEC60335_B_libs/src/IWDT\iwdt.c **** 				the correct time so that the IWDT counter does not underflow.
  58:C:/Workspace/FW_Platform2_5/trunk/HAL/RN_RX200/IEC60335_B_libs/src/IWDT\iwdt.c **** 				However it is preferable to make the window/period as short
  59:C:/Workspace/FW_Platform2_5/trunk/HAL/RN_RX200/IEC60335_B_libs/src/IWDT\iwdt.c **** 				as it can be so that any code runaway is detected quickly.
  60:C:/Workspace/FW_Platform2_5/trunk/HAL/RN_RX200/IEC60335_B_libs/src/IWDT\iwdt.c **** 				
  61:C:/Workspace/FW_Platform2_5/trunk/HAL/RN_RX200/IEC60335_B_libs/src/IWDT\iwdt.c **** 				NOTE: This function can only be used once after a reset as the
  62:C:/Workspace/FW_Platform2_5/trunk/HAL/RN_RX200/IEC60335_B_libs/src/IWDT\iwdt.c **** 				IWDTCR register can only be written to once
  63:C:/Workspace/FW_Platform2_5/trunk/HAL/RN_RX200/IEC60335_B_libs/src/IWDT\iwdt.c **** 
  64:C:/Workspace/FW_Platform2_5/trunk/HAL/RN_RX200/IEC60335_B_libs/src/IWDT\iwdt.c **** Parameters    : TimeOutperiod - See IWDT_TOP declaration for details.
  65:C:/Workspace/FW_Platform2_5/trunk/HAL/RN_RX200/IEC60335_B_libs/src/IWDT\iwdt.c **** 			  :	ClockSelection - See IWDT_CKS_DIV declaration for details. 
  66:C:/Workspace/FW_Platform2_5/trunk/HAL/RN_RX200/IEC60335_B_libs/src/IWDT\iwdt.c **** 			  : WindowStart - See IWDT_WINDOW_START declaration for details.
  67:C:/Workspace/FW_Platform2_5/trunk/HAL/RN_RX200/IEC60335_B_libs/src/IWDT\iwdt.c **** 			  : WindowEnd - See IWDT_WINDOW_END declaration for details.	
  68:C:/Workspace/FW_Platform2_5/trunk/HAL/RN_RX200/IEC60335_B_libs/src/IWDT\iwdt.c **** Return value  : 
  69:C:/Workspace/FW_Platform2_5/trunk/HAL/RN_RX200/IEC60335_B_libs/src/IWDT\iwdt.c **** ***********************************************************************************/
  70:C:/Workspace/FW_Platform2_5/trunk/HAL/RN_RX200/IEC60335_B_libs/src/IWDT\iwdt.c **** void IWDT_Init(IWDT_TOP TimeOutperiod,
  71:C:/Workspace/FW_Platform2_5/trunk/HAL/RN_RX200/IEC60335_B_libs/src/IWDT\iwdt.c **** 				IWDT_CKS_DIV ClockSelection,
  72:C:/Workspace/FW_Platform2_5/trunk/HAL/RN_RX200/IEC60335_B_libs/src/IWDT\iwdt.c **** 				IWDT_WINDOW_START WindowStart,
  73:C:/Workspace/FW_Platform2_5/trunk/HAL/RN_RX200/IEC60335_B_libs/src/IWDT\iwdt.c **** 				IWDT_WINDOW_END WindowEnd,
  74:C:/Workspace/FW_Platform2_5/trunk/HAL/RN_RX200/IEC60335_B_libs/src/IWDT\iwdt.c **** 				IWDT_ACTION Action)
  75:C:/Workspace/FW_Platform2_5/trunk/HAL/RN_RX200/IEC60335_B_libs/src/IWDT\iwdt.c **** {
  76:C:/Workspace/FW_Platform2_5/trunk/HAL/RN_RX200/IEC60335_B_libs/src/IWDT\iwdt.c **** 	uint16_t iwdtcr_value;
  77:C:/Workspace/FW_Platform2_5/trunk/HAL/RN_RX200/IEC60335_B_libs/src/IWDT\iwdt.c **** 	
  78:C:/Workspace/FW_Platform2_5/trunk/HAL/RN_RX200/IEC60335_B_libs/src/IWDT\iwdt.c **** 	/*Disable PRC0 write protection of registers*/
  79:C:/Workspace/FW_Platform2_5/trunk/HAL/RN_RX200/IEC60335_B_libs/src/IWDT\iwdt.c **** 	SYSTEM.PRCR.WORD = 0xA501;
  80:C:/Workspace/FW_Platform2_5/trunk/HAL/RN_RX200/IEC60335_B_libs/src/IWDT\iwdt.c **** 	
  81:C:/Workspace/FW_Platform2_5/trunk/HAL/RN_RX200/IEC60335_B_libs/src/IWDT\iwdt.c **** 	/* Enable the IWDT dedicated clock (IWDTLOCO / IWDTCLK) */
  82:C:/Workspace/FW_Platform2_5/trunk/HAL/RN_RX200/IEC60335_B_libs/src/IWDT\iwdt.c **** 	SYSTEM.ILOCOCR.BIT.ILCSTP = 0;
  83:C:/Workspace/FW_Platform2_5/trunk/HAL/RN_RX200/IEC60335_B_libs/src/IWDT\iwdt.c **** 	
  84:C:/Workspace/FW_Platform2_5/trunk/HAL/RN_RX200/IEC60335_B_libs/src/IWDT\iwdt.c **** 	/*Enable PRC0 and PRC1 write protection of registers*/
  85:C:/Workspace/FW_Platform2_5/trunk/HAL/RN_RX200/IEC60335_B_libs/src/IWDT\iwdt.c **** 	SYSTEM.PRCR.WORD = 0xA500;
  86:C:/Workspace/FW_Platform2_5/trunk/HAL/RN_RX200/IEC60335_B_libs/src/IWDT\iwdt.c **** 	
  87:C:/Workspace/FW_Platform2_5/trunk/HAL/RN_RX200/IEC60335_B_libs/src/IWDT\iwdt.c **** 	iwdtcr_value = 0x0000u;
  88:C:/Workspace/FW_Platform2_5/trunk/HAL/RN_RX200/IEC60335_B_libs/src/IWDT\iwdt.c **** 	iwdtcr_value |= (uint16_t)TimeOutperiod;
  89:C:/Workspace/FW_Platform2_5/trunk/HAL/RN_RX200/IEC60335_B_libs/src/IWDT\iwdt.c **** 	iwdtcr_value |= (uint16_t)(ClockSelection << 4);
  90:C:/Workspace/FW_Platform2_5/trunk/HAL/RN_RX200/IEC60335_B_libs/src/IWDT\iwdt.c **** 	iwdtcr_value |= (uint16_t)(WindowEnd << 8);
  91:C:/Workspace/FW_Platform2_5/trunk/HAL/RN_RX200/IEC60335_B_libs/src/IWDT\iwdt.c **** 	iwdtcr_value |= (uint16_t)(WindowStart << 12);
  92:C:/Workspace/FW_Platform2_5/trunk/HAL/RN_RX200/IEC60335_B_libs/src/IWDT\iwdt.c **** 	IWDT.IWDTCR.WORD = iwdtcr_value;
  93:C:/Workspace/FW_Platform2_5/trunk/HAL/RN_RX200/IEC60335_B_libs/src/IWDT\iwdt.c **** 	
  94:C:/Workspace/FW_Platform2_5/trunk/HAL/RN_RX200/IEC60335_B_libs/src/IWDT\iwdt.c **** 	/*Set NMI or Reset action*/
  95:C:/Workspace/FW_Platform2_5/trunk/HAL/RN_RX200/IEC60335_B_libs/src/IWDT\iwdt.c **** 	if(Action == IWDT_ACTION_RESET)
  96:C:/Workspace/FW_Platform2_5/trunk/HAL/RN_RX200/IEC60335_B_libs/src/IWDT\iwdt.c **** 	{
  97:C:/Workspace/FW_Platform2_5/trunk/HAL/RN_RX200/IEC60335_B_libs/src/IWDT\iwdt.c **** 		/*Reset*/
  98:C:/Workspace/FW_Platform2_5/trunk/HAL/RN_RX200/IEC60335_B_libs/src/IWDT\iwdt.c **** 		IWDT.IWDTRCR.BIT.RSTIRQS = 1;
  99:C:/Workspace/FW_Platform2_5/trunk/HAL/RN_RX200/IEC60335_B_libs/src/IWDT\iwdt.c **** 	}
 100:C:/Workspace/FW_Platform2_5/trunk/HAL/RN_RX200/IEC60335_B_libs/src/IWDT\iwdt.c **** 	else
 101:C:/Workspace/FW_Platform2_5/trunk/HAL/RN_RX200/IEC60335_B_libs/src/IWDT\iwdt.c **** 	{
 102:C:/Workspace/FW_Platform2_5/trunk/HAL/RN_RX200/IEC60335_B_libs/src/IWDT\iwdt.c **** 		/*NMI*/
 103:C:/Workspace/FW_Platform2_5/trunk/HAL/RN_RX200/IEC60335_B_libs/src/IWDT\iwdt.c **** 		/*USER must handle the NMI interrupt.*/
 104:C:/Workspace/FW_Platform2_5/trunk/HAL/RN_RX200/IEC60335_B_libs/src/IWDT\iwdt.c **** 		IWDT.IWDTRCR.BIT.RSTIRQS = 0;
 105:C:/Workspace/FW_Platform2_5/trunk/HAL/RN_RX200/IEC60335_B_libs/src/IWDT\iwdt.c **** 		
 106:C:/Workspace/FW_Platform2_5/trunk/HAL/RN_RX200/IEC60335_B_libs/src/IWDT\iwdt.c **** 		/*Enable the NMI for IWDT*/
 107:C:/Workspace/FW_Platform2_5/trunk/HAL/RN_RX200/IEC60335_B_libs/src/IWDT\iwdt.c **** 		ICU.NMIER.BIT.IWDTEN = 1;
 108:C:/Workspace/FW_Platform2_5/trunk/HAL/RN_RX200/IEC60335_B_libs/src/IWDT\iwdt.c **** 	}
 109:C:/Workspace/FW_Platform2_5/trunk/HAL/RN_RX200/IEC60335_B_libs/src/IWDT\iwdt.c **** 	
 110:C:/Workspace/FW_Platform2_5/trunk/HAL/RN_RX200/IEC60335_B_libs/src/IWDT\iwdt.c **** 	/*Start the count going by doing initial refresh*/
 111:C:/Workspace/FW_Platform2_5/trunk/HAL/RN_RX200/IEC60335_B_libs/src/IWDT\iwdt.c **** 	IWDT_Kick();
 112:C:/Workspace/FW_Platform2_5/trunk/HAL/RN_RX200/IEC60335_B_libs/src/IWDT\iwdt.c **** }
 113:C:/Workspace/FW_Platform2_5/trunk/HAL/RN_RX200/IEC60335_B_libs/src/IWDT\iwdt.c **** 
 114:C:/Workspace/FW_Platform2_5/trunk/HAL/RN_RX200/IEC60335_B_libs/src/IWDT\iwdt.c **** /***********************************************************************************
 115:C:/Workspace/FW_Platform2_5/trunk/HAL/RN_RX200/IEC60335_B_libs/src/IWDT\iwdt.c **** Function Name : IWDT_Kick
 116:C:/Workspace/FW_Platform2_5/trunk/HAL/RN_RX200/IEC60335_B_libs/src/IWDT\iwdt.c **** 
 117:C:/Workspace/FW_Platform2_5/trunk/HAL/RN_RX200/IEC60335_B_libs/src/IWDT\iwdt.c **** Description   :	Kick (refesh) the watch dog count
 118:C:/Workspace/FW_Platform2_5/trunk/HAL/RN_RX200/IEC60335_B_libs/src/IWDT\iwdt.c **** 				Must get called before count overflows.
 119:C:/Workspace/FW_Platform2_5/trunk/HAL/RN_RX200/IEC60335_B_libs/src/IWDT\iwdt.c **** 				NOTE: The first time this is called it starts the counter.
 120:C:/Workspace/FW_Platform2_5/trunk/HAL/RN_RX200/IEC60335_B_libs/src/IWDT\iwdt.c **** Parameters    : 
 121:C:/Workspace/FW_Platform2_5/trunk/HAL/RN_RX200/IEC60335_B_libs/src/IWDT\iwdt.c **** Return value  :  
 122:C:/Workspace/FW_Platform2_5/trunk/HAL/RN_RX200/IEC60335_B_libs/src/IWDT\iwdt.c **** ***********************************************************************************/
 123:C:/Workspace/FW_Platform2_5/trunk/HAL/RN_RX200/IEC60335_B_libs/src/IWDT\iwdt.c **** void IWDT_Kick(void)
 124:C:/Workspace/FW_Platform2_5/trunk/HAL/RN_RX200/IEC60335_B_libs/src/IWDT\iwdt.c **** {
  10                             		.loc 1 124 0
 125:C:/Workspace/FW_Platform2_5/trunk/HAL/RN_RX200/IEC60335_B_libs/src/IWDT\iwdt.c **** 	/*To refresh the count:
 126:C:/Workspace/FW_Platform2_5/trunk/HAL/RN_RX200/IEC60335_B_libs/src/IWDT\iwdt.c **** 	1. Write h'00
 127:C:/Workspace/FW_Platform2_5/trunk/HAL/RN_RX200/IEC60335_B_libs/src/IWDT\iwdt.c **** 	2. Write h'FF*/
 128:C:/Workspace/FW_Platform2_5/trunk/HAL/RN_RX200/IEC60335_B_libs/src/IWDT\iwdt.c **** 	IWDT.IWDTRR = 0x00;
  11                             		.loc 1 128 0
  12 0000 FB EE 30 80 08          		mov.L	#0x88030, r14
  13 0005 F8 E4 00                		mov.B	#0, [r14]
 129:C:/Workspace/FW_Platform2_5/trunk/HAL/RN_RX200/IEC60335_B_libs/src/IWDT\iwdt.c **** 	IWDT.IWDTRR = 0xFF;
  14                             		.loc 1 129 0
  15 0008 F8 E4 FF                		mov.B	#-1, [r14]
  16 000b 02                      		rts
  17                             	.LFE1:
  19                             		.section	.text.IWDT_Init,"ax",@progbits
  20                             		.global	_IWDT_Init
  22                             	_IWDT_Init:
  23                             	.LFB0:
  75:C:/Workspace/FW_Platform2_5/trunk/HAL/RN_RX200/IEC60335_B_libs/src/IWDT\iwdt.c **** {
  24                             		.loc 1 75 0
  25                             	.LVL0:
  79:C:/Workspace/FW_Platform2_5/trunk/HAL/RN_RX200/IEC60335_B_libs/src/IWDT\iwdt.c **** 	SYSTEM.PRCR.WORD = 0xA501;
  26                             		.loc 1 79 0
  27 0000 FB EE 00 00 08          		mov.L	#0x80000, r14
  75:C:/Workspace/FW_Platform2_5/trunk/HAL/RN_RX200/IEC60335_B_libs/src/IWDT\iwdt.c **** {
  28                             		.loc 1 75 0
  29 0005 60 40                   		sub	#4, r0
  30                             	.LCFI0:
  75:C:/Workspace/FW_Platform2_5/trunk/HAL/RN_RX200/IEC60335_B_libs/src/IWDT\iwdt.c **** {
  31                             		.loc 1 75 0
  32 0007 ED 0F 02                		mov.L	8[r0], r15
  79:C:/Workspace/FW_Platform2_5/trunk/HAL/RN_RX200/IEC60335_B_libs/src/IWDT\iwdt.c **** 	SYSTEM.PRCR.WORD = 0xA501;
  33                             		.loc 1 79 0
  34 000a FA E9 FF 01 01 A5       		mov.W	#0xffffa501, 1022[r14]
  82:C:/Workspace/FW_Platform2_5/trunk/HAL/RN_RX200/IEC60335_B_libs/src/IWDT\iwdt.c **** 	SYSTEM.ILOCOCR.BIT.ILCSTP = 0;
  35                             		.loc 1 82 0
  36 0010 CD E5 35                		mov.B	53[r14], r5
  89:C:/Workspace/FW_Platform2_5/trunk/HAL/RN_RX200/IEC60335_B_libs/src/IWDT\iwdt.c **** 	iwdtcr_value |= (uint16_t)(ClockSelection << 4);
  37                             		.loc 1 89 0
  38 0013 6C 42                   		shll	#4, r2
  39                             	.LVL1:
  40 0015 57 21                   		or	r2, r1
  41                             	.LVL2:
  91:C:/Workspace/FW_Platform2_5/trunk/HAL/RN_RX200/IEC60335_B_libs/src/IWDT\iwdt.c **** 	iwdtcr_value |= (uint16_t)(WindowStart << 12);
  42                             		.loc 1 91 0
  43 0017 6C C3                   		shll	#12, r3
  44                             	.LVL3:
  82:C:/Workspace/FW_Platform2_5/trunk/HAL/RN_RX200/IEC60335_B_libs/src/IWDT\iwdt.c **** 	SYSTEM.ILOCOCR.BIT.ILCSTP = 0;
  45                             		.loc 1 82 0
  46 0019 7A 05                   		bclr	#0, r5
  47 001b C7 E5 35                		mov.B	r5, 53[r14]
  90:C:/Workspace/FW_Platform2_5/trunk/HAL/RN_RX200/IEC60335_B_libs/src/IWDT\iwdt.c **** 	iwdtcr_value |= (uint16_t)(WindowEnd << 8);
  48                             		.loc 1 90 0
  49 001e 6C 84                   		shll	#8, r4
  50                             	.LVL4:
  51 0020 FF 52 31                		or	r3, r1, r2
  85:C:/Workspace/FW_Platform2_5/trunk/HAL/RN_RX200/IEC60335_B_libs/src/IWDT\iwdt.c **** 	SYSTEM.PRCR.WORD = 0xA500;
  52                             		.loc 1 85 0
  53 0023 FA E9 FF 01 00 A5       		mov.W	#0xffffa500, 1022[r14]
  91:C:/Workspace/FW_Platform2_5/trunk/HAL/RN_RX200/IEC60335_B_libs/src/IWDT\iwdt.c **** 	iwdtcr_value |= (uint16_t)(WindowStart << 12);
  54                             		.loc 1 91 0
  55 0029 57 42                   		or	r4, r2
  92:C:/Workspace/FW_Platform2_5/trunk/HAL/RN_RX200/IEC60335_B_libs/src/IWDT\iwdt.c **** 	IWDT.IWDTCR.WORD = iwdtcr_value;
  56                             		.loc 1 92 0
  57 002b FB EE 30 80 08          		mov.L	#0x88030, r14
  58 0030 D7 E2 01                		mov.W	r2, 2[r14]
  98:C:/Workspace/FW_Platform2_5/trunk/HAL/RN_RX200/IEC60335_B_libs/src/IWDT\iwdt.c **** 		IWDT.IWDTRCR.BIT.RSTIRQS = 1;
  59                             		.loc 1 98 0
  60 0033 CD E4 06                		mov.B	6[r14], r4
  95:C:/Workspace/FW_Platform2_5/trunk/HAL/RN_RX200/IEC60335_B_libs/src/IWDT\iwdt.c **** 	if(Action == IWDT_ACTION_RESET)
  61                             		.loc 1 95 0
  62 0036 61 0F                   		cmp	#0, r15
  63 0038 21 09                   		bne	.L3
  98:C:/Workspace/FW_Platform2_5/trunk/HAL/RN_RX200/IEC60335_B_libs/src/IWDT\iwdt.c **** 		IWDT.IWDTRCR.BIT.RSTIRQS = 1;
  64                             		.loc 1 98 0
  65 003a 78 74                   		bset	#7, r4
  66 003c C7 E4 06                		mov.B	r4, 6[r14]
  67 003f 2E 17                   		bra	.L4
  68                             	.L3:
 104:C:/Workspace/FW_Platform2_5/trunk/HAL/RN_RX200/IEC60335_B_libs/src/IWDT\iwdt.c **** 		IWDT.IWDTRCR.BIT.RSTIRQS = 0;
  69                             		.loc 1 104 0
  70 0041 7A 74                   		bclr	#7, r4
  71 0043 C7 E4 06                		mov.B	r4, 6[r14]
 107:C:/Workspace/FW_Platform2_5/trunk/HAL/RN_RX200/IEC60335_B_libs/src/IWDT\iwdt.c **** 		ICU.NMIER.BIT.IWDTEN = 1;
  72                             		.loc 1 107 0
  73 0046 FB EE 00 70 08          		mov.L	#0x87000, r14
  74 004b CE E4 81 05             		mov.B	1409[r14], r4
  75 004f 78 34                   		bset	#3, r4
  76 0051 CB E4 81 05             		mov.B	r4, 1409[r14]
  77 0055 03                      		.balign 2,3,1
  78                             	.L4:
 112:C:/Workspace/FW_Platform2_5/trunk/HAL/RN_RX200/IEC60335_B_libs/src/IWDT\iwdt.c **** }
  79                             		.loc 1 112 0
  80 0056 62 40                   		add	#4, r0
 111:C:/Workspace/FW_Platform2_5/trunk/HAL/RN_RX200/IEC60335_B_libs/src/IWDT\iwdt.c **** 	IWDT_Kick();
  81                             		.loc 1 111 0
  82 0058 04 00 00 00             		bra	_IWDT_Kick
  83                             	.LVL5:
  84                             	.LFE0:
  86                             		.section	.text.IWDT_SleepMode_CountStop_Disable,"ax",@progbits
  87                             		.global	_IWDT_SleepMode_CountStop_Disable
  89                             	_IWDT_SleepMode_CountStop_Disable:
  90                             	.LFB2:
 130:C:/Workspace/FW_Platform2_5/trunk/HAL/RN_RX200/IEC60335_B_libs/src/IWDT\iwdt.c **** }
 131:C:/Workspace/FW_Platform2_5/trunk/HAL/RN_RX200/IEC60335_B_libs/src/IWDT\iwdt.c **** 
 132:C:/Workspace/FW_Platform2_5/trunk/HAL/RN_RX200/IEC60335_B_libs/src/IWDT\iwdt.c **** /***********************************************************************************
 133:C:/Workspace/FW_Platform2_5/trunk/HAL/RN_RX200/IEC60335_B_libs/src/IWDT\iwdt.c **** Function Name : IWDT_SleepMode_CountStop
 134:C:/Workspace/FW_Platform2_5/trunk/HAL/RN_RX200/IEC60335_B_libs/src/IWDT\iwdt.c **** 
 135:C:/Workspace/FW_Platform2_5/trunk/HAL/RN_RX200/IEC60335_B_libs/src/IWDT\iwdt.c **** Description   :	Count stop control.
 136:C:/Workspace/FW_Platform2_5/trunk/HAL/RN_RX200/IEC60335_B_libs/src/IWDT\iwdt.c **** 				From reset count stop is enabled, meaning the IWDT counter
 137:C:/Workspace/FW_Platform2_5/trunk/HAL/RN_RX200/IEC60335_B_libs/src/IWDT\iwdt.c **** 				is stopped during sleep mode.
 138:C:/Workspace/FW_Platform2_5/trunk/HAL/RN_RX200/IEC60335_B_libs/src/IWDT\iwdt.c **** 				Call this to disable count stop.
 139:C:/Workspace/FW_Platform2_5/trunk/HAL/RN_RX200/IEC60335_B_libs/src/IWDT\iwdt.c **** 				Once disabled it can not be re-enabled as IWDTCSTPR register
 140:C:/Workspace/FW_Platform2_5/trunk/HAL/RN_RX200/IEC60335_B_libs/src/IWDT\iwdt.c **** 				can only be written to once.
 141:C:/Workspace/FW_Platform2_5/trunk/HAL/RN_RX200/IEC60335_B_libs/src/IWDT\iwdt.c **** 
 142:C:/Workspace/FW_Platform2_5/trunk/HAL/RN_RX200/IEC60335_B_libs/src/IWDT\iwdt.c **** Parameters    :
 143:C:/Workspace/FW_Platform2_5/trunk/HAL/RN_RX200/IEC60335_B_libs/src/IWDT\iwdt.c **** Return value  :  
 144:C:/Workspace/FW_Platform2_5/trunk/HAL/RN_RX200/IEC60335_B_libs/src/IWDT\iwdt.c **** ***********************************************************************************/
 145:C:/Workspace/FW_Platform2_5/trunk/HAL/RN_RX200/IEC60335_B_libs/src/IWDT\iwdt.c **** void IWDT_SleepMode_CountStop_Disable(void)
 146:C:/Workspace/FW_Platform2_5/trunk/HAL/RN_RX200/IEC60335_B_libs/src/IWDT\iwdt.c **** {
  91                             		.loc 1 146 0
 147:C:/Workspace/FW_Platform2_5/trunk/HAL/RN_RX200/IEC60335_B_libs/src/IWDT\iwdt.c **** 	IWDT.IWDTCSTPR.BIT.SLCSTP = 0;
  92                             		.loc 1 147 0
  93 0000 FB EE 30 80 08          		mov.L	#0x88030, r14
  94 0005 CD E4 08                		mov.B	8[r14], r4
  95 0008 7A 74                   		bclr	#7, r4
  96 000a C7 E4 08                		mov.B	r4, 8[r14]
  97 000d 02                      		rts
  98                             	.LFE2:
 100                             		.section	.text.IWDT_DidReset,"ax",@progbits
 101                             		.global	_IWDT_DidReset
 103                             	_IWDT_DidReset:
 104                             	.LFB3:
 148:C:/Workspace/FW_Platform2_5/trunk/HAL/RN_RX200/IEC60335_B_libs/src/IWDT\iwdt.c **** }
 149:C:/Workspace/FW_Platform2_5/trunk/HAL/RN_RX200/IEC60335_B_libs/src/IWDT\iwdt.c **** 
 150:C:/Workspace/FW_Platform2_5/trunk/HAL/RN_RX200/IEC60335_B_libs/src/IWDT\iwdt.c **** /***********************************************************************************
 151:C:/Workspace/FW_Platform2_5/trunk/HAL/RN_RX200/IEC60335_B_libs/src/IWDT\iwdt.c **** Function Name : IWDT_DidReset
 152:C:/Workspace/FW_Platform2_5/trunk/HAL/RN_RX200/IEC60335_B_libs/src/IWDT\iwdt.c **** 
 153:C:/Workspace/FW_Platform2_5/trunk/HAL/RN_RX200/IEC60335_B_libs/src/IWDT\iwdt.c **** Description   :	This can be used after a reset to see if the IWDT caused the reset.
 154:C:/Workspace/FW_Platform2_5/trunk/HAL/RN_RX200/IEC60335_B_libs/src/IWDT\iwdt.c **** 				Clears IWDT status flags.
 155:C:/Workspace/FW_Platform2_5/trunk/HAL/RN_RX200/IEC60335_B_libs/src/IWDT\iwdt.c **** 
 156:C:/Workspace/FW_Platform2_5/trunk/HAL/RN_RX200/IEC60335_B_libs/src/IWDT\iwdt.c **** Parameters    : 
 157:C:/Workspace/FW_Platform2_5/trunk/HAL/RN_RX200/IEC60335_B_libs/src/IWDT\iwdt.c **** Return value  :  TRUE if watchdog has underflowed or generated a refresh error,
 158:C:/Workspace/FW_Platform2_5/trunk/HAL/RN_RX200/IEC60335_B_libs/src/IWDT\iwdt.c **** 				 otherwise FALSE.
 159:C:/Workspace/FW_Platform2_5/trunk/HAL/RN_RX200/IEC60335_B_libs/src/IWDT\iwdt.c **** ***********************************************************************************/
 160:C:/Workspace/FW_Platform2_5/trunk/HAL/RN_RX200/IEC60335_B_libs/src/IWDT\iwdt.c **** bool_t IWDT_DidReset(void)
 161:C:/Workspace/FW_Platform2_5/trunk/HAL/RN_RX200/IEC60335_B_libs/src/IWDT\iwdt.c **** {
 105                             		.loc 1 161 0
 106                             	.LVL6:
 162:C:/Workspace/FW_Platform2_5/trunk/HAL/RN_RX200/IEC60335_B_libs/src/IWDT\iwdt.c **** 	bool_t bReturn = FALSE;
 163:C:/Workspace/FW_Platform2_5/trunk/HAL/RN_RX200/IEC60335_B_libs/src/IWDT\iwdt.c **** 	
 164:C:/Workspace/FW_Platform2_5/trunk/HAL/RN_RX200/IEC60335_B_libs/src/IWDT\iwdt.c **** 	/*Read status register to see if underflow has occured*/
 165:C:/Workspace/FW_Platform2_5/trunk/HAL/RN_RX200/IEC60335_B_libs/src/IWDT\iwdt.c **** 	if(1 == IWDT.IWDTSR.BIT.UNDFF)
 107                             		.loc 1 165 0
 108 0000 FB EE 30 80 08          		mov.L	#0x88030, r14
 109 0005 DD E1 02                		mov.W	4[r14], r1
 110 0008 76 21 00 40             		and	#0x4000, r1
 111 000c 5F 11                   		movu.W	r1, r1
 112 000e 61 01                   		cmp	#0, r1
 113 0010 20 0C                   		beq	.L8
 166:C:/Workspace/FW_Platform2_5/trunk/HAL/RN_RX200/IEC60335_B_libs/src/IWDT\iwdt.c **** 	{
 167:C:/Workspace/FW_Platform2_5/trunk/HAL/RN_RX200/IEC60335_B_libs/src/IWDT\iwdt.c **** 		/*Clear flag*/
 168:C:/Workspace/FW_Platform2_5/trunk/HAL/RN_RX200/IEC60335_B_libs/src/IWDT\iwdt.c **** 		IWDT.IWDTSR.BIT.UNDFF = 0;
 114                             		.loc 1 168 0
 115 0012 DD E4 02                		mov.W	4[r14], r4
 169:C:/Workspace/FW_Platform2_5/trunk/HAL/RN_RX200/IEC60335_B_libs/src/IWDT\iwdt.c **** 		bReturn = TRUE;
 116                             		.loc 1 169 0
 117 0015 66 11                   		mov.L	#1, r1
 168:C:/Workspace/FW_Platform2_5/trunk/HAL/RN_RX200/IEC60335_B_libs/src/IWDT\iwdt.c **** 		IWDT.IWDTSR.BIT.UNDFF = 0;
 118                             		.loc 1 168 0
 119 0017 7A E4                   		bclr	#14, r4
 120 0019 D7 E4 02                		mov.W	r4, 4[r14]
 121                             	.LVL7:
 122                             		.balign 2,3,4
 123                             	.L8:
 170:C:/Workspace/FW_Platform2_5/trunk/HAL/RN_RX200/IEC60335_B_libs/src/IWDT\iwdt.c **** 	}
 171:C:/Workspace/FW_Platform2_5/trunk/HAL/RN_RX200/IEC60335_B_libs/src/IWDT\iwdt.c **** 	
 172:C:/Workspace/FW_Platform2_5/trunk/HAL/RN_RX200/IEC60335_B_libs/src/IWDT\iwdt.c **** 	/*Read status register to see if underflow has occured*/
 173:C:/Workspace/FW_Platform2_5/trunk/HAL/RN_RX200/IEC60335_B_libs/src/IWDT\iwdt.c **** 	if(1== IWDT.IWDTSR.BIT.REFEF)
 124                             		.loc 1 173 0
 125 001c FB EE 30 80 08          		mov.L	#0x88030, r14
 126 0021 DD E4 02                		mov.W	4[r14], r4
 127 0024 77 24 00 80 00          		and	#0x8000, r4
 128 0029 5F 44                   		movu.W	r4, r4
 129 002b 61 04                   		cmp	#0, r4
 130 002d 20 0C                   		beq	.L9
 174:C:/Workspace/FW_Platform2_5/trunk/HAL/RN_RX200/IEC60335_B_libs/src/IWDT\iwdt.c **** 	{
 175:C:/Workspace/FW_Platform2_5/trunk/HAL/RN_RX200/IEC60335_B_libs/src/IWDT\iwdt.c **** 		/*Clear flag*/
 176:C:/Workspace/FW_Platform2_5/trunk/HAL/RN_RX200/IEC60335_B_libs/src/IWDT\iwdt.c **** 		IWDT.IWDTSR.BIT.REFEF = 0;
 131                             		.loc 1 176 0
 132 002f DD E4 02                		mov.W	4[r14], r4
 177:C:/Workspace/FW_Platform2_5/trunk/HAL/RN_RX200/IEC60335_B_libs/src/IWDT\iwdt.c **** 		bReturn = TRUE;
 133                             		.loc 1 177 0
 134 0032 66 11                   		mov.L	#1, r1
 135                             	.LVL8:
 176:C:/Workspace/FW_Platform2_5/trunk/HAL/RN_RX200/IEC60335_B_libs/src/IWDT\iwdt.c **** 		IWDT.IWDTSR.BIT.REFEF = 0;
 136                             		.loc 1 176 0
 137 0034 7A F4                   		bclr	#15, r4
 138 0036 D7 E4 02                		mov.W	r4, 4[r14]
 139                             	.LVL9:
 140                             	.L9:
 178:C:/Workspace/FW_Platform2_5/trunk/HAL/RN_RX200/IEC60335_B_libs/src/IWDT\iwdt.c **** 	}
 179:C:/Workspace/FW_Platform2_5/trunk/HAL/RN_RX200/IEC60335_B_libs/src/IWDT\iwdt.c **** 	
 180:C:/Workspace/FW_Platform2_5/trunk/HAL/RN_RX200/IEC60335_B_libs/src/IWDT\iwdt.c **** 	return bReturn;
 181:C:/Workspace/FW_Platform2_5/trunk/HAL/RN_RX200/IEC60335_B_libs/src/IWDT\iwdt.c **** }
 141                             		.loc 1 181 0
 142 0039 02                      		rts
 143                             	.LFE3:
 199                             	.Letext0:
 200                             		.file 2 "C:\\Workspace\\FW_Platform2_5\\trunk\\HAL\\RN_RX200/RN_RX200_reg.h"
 201                             		.file 3 "C:\\Workspace\\FW_Platform2_5\\trunk\\HAL\\RN_RX200\\IEC60335_B_libs\\src\\Common/misraty
 202                             		.file 4 "C:/Workspace/FW_Platform2_5/trunk/HAL/RN_RX200/IEC60335_B_libs/src/IWDT/IWDT.h"
