   1                             		.file	"LIB_crc.c"
   2                             		.section P,"ax"
   3                             	.Ltext0:
   4                             		.section	.text.LIB_crc_partial_calculate,"ax",@progbits
   5                             		.global	_LIB_crc_partial_calculate
   7                             	_LIB_crc_partial_calculate:
   8                             	.LFB0:
   9                             		.file 1 "C:/Workspace/FW_Platform2_5/trunk/PlatformLibrary/LIB_Generic/LIB_crc.c"
   1:C:/Workspace/FW_Platform2_5/trunk/PlatformLibrary/LIB_Generic\LIB_crc.c **** /*
   2:C:/Workspace/FW_Platform2_5/trunk/PlatformLibrary/LIB_Generic\LIB_crc.c **** Copyright (c) 2004-2005, Indesit Company, I.D.D..
   3:C:/Workspace/FW_Platform2_5/trunk/PlatformLibrary/LIB_Generic\LIB_crc.c **** Tutti i diritti sono riservati. All rights reserved.
   4:C:/Workspace/FW_Platform2_5/trunk/PlatformLibrary/LIB_Generic\LIB_crc.c **** */
   5:C:/Workspace/FW_Platform2_5/trunk/PlatformLibrary/LIB_Generic\LIB_crc.c **** 
   6:C:/Workspace/FW_Platform2_5/trunk/PlatformLibrary/LIB_Generic\LIB_crc.c **** /**
   7:C:/Workspace/FW_Platform2_5/trunk/PlatformLibrary/LIB_Generic\LIB_crc.c **** \n
   8:C:/Workspace/FW_Platform2_5/trunk/PlatformLibrary/LIB_Generic\LIB_crc.c **** \par		LIB_crc.c
   9:C:/Workspace/FW_Platform2_5/trunk/PlatformLibrary/LIB_Generic\LIB_crc.c **** \n			Implementation of all functions necessary to achieve the aim.
  10:C:/Workspace/FW_Platform2_5/trunk/PlatformLibrary/LIB_Generic\LIB_crc.c **** \n
  11:C:/Workspace/FW_Platform2_5/trunk/PlatformLibrary/LIB_Generic\LIB_crc.c **** \file		LIB_crc.c
  12:C:/Workspace/FW_Platform2_5/trunk/PlatformLibrary/LIB_Generic\LIB_crc.c **** \ingroup	LIB_Generic
  13:C:/Workspace/FW_Platform2_5/trunk/PlatformLibrary/LIB_Generic\LIB_crc.c **** \date		Sep 05, 2012
  14:C:/Workspace/FW_Platform2_5/trunk/PlatformLibrary/LIB_Generic\LIB_crc.c **** \version	01.00.01
  15:C:/Workspace/FW_Platform2_5/trunk/PlatformLibrary/LIB_Generic\LIB_crc.c **** \author		alessandro.sabbatini
  16:C:/Workspace/FW_Platform2_5/trunk/PlatformLibrary/LIB_Generic\LIB_crc.c **** 
  17:C:/Workspace/FW_Platform2_5/trunk/PlatformLibrary/LIB_Generic\LIB_crc.c **** */
  18:C:/Workspace/FW_Platform2_5/trunk/PlatformLibrary/LIB_Generic\LIB_crc.c **** 
  19:C:/Workspace/FW_Platform2_5/trunk/PlatformLibrary/LIB_Generic\LIB_crc.c **** /* ******** */
  20:C:/Workspace/FW_Platform2_5/trunk/PlatformLibrary/LIB_Generic\LIB_crc.c **** /* Includes */
  21:C:/Workspace/FW_Platform2_5/trunk/PlatformLibrary/LIB_Generic\LIB_crc.c **** /* ******** */
  22:C:/Workspace/FW_Platform2_5/trunk/PlatformLibrary/LIB_Generic\LIB_crc.c **** #include "Config.h"
  23:C:/Workspace/FW_Platform2_5/trunk/PlatformLibrary/LIB_Generic\LIB_crc.c **** 
  24:C:/Workspace/FW_Platform2_5/trunk/PlatformLibrary/LIB_Generic\LIB_crc.c **** #ifdef CONFIG_LIB_CRC_OCCRC
  25:C:/Workspace/FW_Platform2_5/trunk/PlatformLibrary/LIB_Generic\LIB_crc.c **** #include "OCCRC_drv.h"
  26:C:/Workspace/FW_Platform2_5/trunk/PlatformLibrary/LIB_Generic\LIB_crc.c **** #define LIB_CRC_calculate OCCRC_Calculate
  27:C:/Workspace/FW_Platform2_5/trunk/PlatformLibrary/LIB_Generic\LIB_crc.c **** #else
  28:C:/Workspace/FW_Platform2_5/trunk/PlatformLibrary/LIB_Generic\LIB_crc.c **** #include "SWCRC_drv.h"
  29:C:/Workspace/FW_Platform2_5/trunk/PlatformLibrary/LIB_Generic\LIB_crc.c **** #define LIB_CRC_calculate SWCRC_Calculate
  30:C:/Workspace/FW_Platform2_5/trunk/PlatformLibrary/LIB_Generic\LIB_crc.c **** #endif
  31:C:/Workspace/FW_Platform2_5/trunk/PlatformLibrary/LIB_Generic\LIB_crc.c **** 
  32:C:/Workspace/FW_Platform2_5/trunk/PlatformLibrary/LIB_Generic\LIB_crc.c **** #include "LIB_crcExp.h"
  33:C:/Workspace/FW_Platform2_5/trunk/PlatformLibrary/LIB_Generic\LIB_crc.c **** 
  34:C:/Workspace/FW_Platform2_5/trunk/PlatformLibrary/LIB_Generic\LIB_crc.c **** 
  35:C:/Workspace/FW_Platform2_5/trunk/PlatformLibrary/LIB_Generic\LIB_crc.c **** /* ****************** */
  36:C:/Workspace/FW_Platform2_5/trunk/PlatformLibrary/LIB_Generic\LIB_crc.c **** /* Defines and Macros */
  37:C:/Workspace/FW_Platform2_5/trunk/PlatformLibrary/LIB_Generic\LIB_crc.c **** /* ****************** */
  38:C:/Workspace/FW_Platform2_5/trunk/PlatformLibrary/LIB_Generic\LIB_crc.c **** 
  39:C:/Workspace/FW_Platform2_5/trunk/PlatformLibrary/LIB_Generic\LIB_crc.c **** /* *************************** */
  40:C:/Workspace/FW_Platform2_5/trunk/PlatformLibrary/LIB_Generic\LIB_crc.c **** /* Typedef, Structs and Unions */
  41:C:/Workspace/FW_Platform2_5/trunk/PlatformLibrary/LIB_Generic\LIB_crc.c **** /* *************************** */
  42:C:/Workspace/FW_Platform2_5/trunk/PlatformLibrary/LIB_Generic\LIB_crc.c **** 
  43:C:/Workspace/FW_Platform2_5/trunk/PlatformLibrary/LIB_Generic\LIB_crc.c **** 
  44:C:/Workspace/FW_Platform2_5/trunk/PlatformLibrary/LIB_Generic\LIB_crc.c **** /* ********* */
  45:C:/Workspace/FW_Platform2_5/trunk/PlatformLibrary/LIB_Generic\LIB_crc.c **** /* Variables */
  46:C:/Workspace/FW_Platform2_5/trunk/PlatformLibrary/LIB_Generic\LIB_crc.c **** /* ********* */
  47:C:/Workspace/FW_Platform2_5/trunk/PlatformLibrary/LIB_Generic\LIB_crc.c **** 
  48:C:/Workspace/FW_Platform2_5/trunk/PlatformLibrary/LIB_Generic\LIB_crc.c **** /* ******************* */
  49:C:/Workspace/FW_Platform2_5/trunk/PlatformLibrary/LIB_Generic\LIB_crc.c **** /* Functions Prototype */
  50:C:/Workspace/FW_Platform2_5/trunk/PlatformLibrary/LIB_Generic\LIB_crc.c **** /* ******************* */
  51:C:/Workspace/FW_Platform2_5/trunk/PlatformLibrary/LIB_Generic\LIB_crc.c **** 
  52:C:/Workspace/FW_Platform2_5/trunk/PlatformLibrary/LIB_Generic\LIB_crc.c **** /* Exported function */
  53:C:/Workspace/FW_Platform2_5/trunk/PlatformLibrary/LIB_Generic\LIB_crc.c **** 
  54:C:/Workspace/FW_Platform2_5/trunk/PlatformLibrary/LIB_Generic\LIB_crc.c **** /* Local Function */
  55:C:/Workspace/FW_Platform2_5/trunk/PlatformLibrary/LIB_Generic\LIB_crc.c **** 
  56:C:/Workspace/FW_Platform2_5/trunk/PlatformLibrary/LIB_Generic\LIB_crc.c **** /* *************** */
  57:C:/Workspace/FW_Platform2_5/trunk/PlatformLibrary/LIB_Generic\LIB_crc.c **** /* Function Bodies */
  58:C:/Workspace/FW_Platform2_5/trunk/PlatformLibrary/LIB_Generic\LIB_crc.c **** /* *************** */
  59:C:/Workspace/FW_Platform2_5/trunk/PlatformLibrary/LIB_Generic\LIB_crc.c **** 
  60:C:/Workspace/FW_Platform2_5/trunk/PlatformLibrary/LIB_Generic\LIB_crc.c **** /* Exported function */
  61:C:/Workspace/FW_Platform2_5/trunk/PlatformLibrary/LIB_Generic\LIB_crc.c **** 
  62:C:/Workspace/FW_Platform2_5/trunk/PlatformLibrary/LIB_Generic\LIB_crc.c **** /**
  63:C:/Workspace/FW_Platform2_5/trunk/PlatformLibrary/LIB_Generic\LIB_crc.c **** Partial CRC computation.
  64:C:/Workspace/FW_Platform2_5/trunk/PlatformLibrary/LIB_Generic\LIB_crc.c **** Polynomial: x^16+x^12+x^5+1
  65:C:/Workspace/FW_Platform2_5/trunk/PlatformLibrary/LIB_Generic\LIB_crc.c **** 
  66:C:/Workspace/FW_Platform2_5/trunk/PlatformLibrary/LIB_Generic\LIB_crc.c **** \param  [in]		len number of bytes on which CRC is calculated
  67:C:/Workspace/FW_Platform2_5/trunk/PlatformLibrary/LIB_Generic\LIB_crc.c **** \param  [in]		pSource point to the first byte of the array on which CRC is calculated
  68:C:/Workspace/FW_Platform2_5/trunk/PlatformLibrary/LIB_Generic\LIB_crc.c **** \param  [in]		seed is the initial value for CRC computation, typically 0xFFFF but\n
  69:C:/Workspace/FW_Platform2_5/trunk/PlatformLibrary/LIB_Generic\LIB_crc.c ****                     if you have some fixed bytes you may precompute CRC and pass it as seed.
  70:C:/Workspace/FW_Platform2_5/trunk/PlatformLibrary/LIB_Generic\LIB_crc.c ****                     (E.g. Master Mode Tx)
  71:C:/Workspace/FW_Platform2_5/trunk/PlatformLibrary/LIB_Generic\LIB_crc.c **** 
  72:C:/Workspace/FW_Platform2_5/trunk/PlatformLibrary/LIB_Generic\LIB_crc.c **** \return 	uint16_t
  73:C:/Workspace/FW_Platform2_5/trunk/PlatformLibrary/LIB_Generic\LIB_crc.c **** 
  74:C:/Workspace/FW_Platform2_5/trunk/PlatformLibrary/LIB_Generic\LIB_crc.c **** \retval		crc
  75:C:/Workspace/FW_Platform2_5/trunk/PlatformLibrary/LIB_Generic\LIB_crc.c **** 
  76:C:/Workspace/FW_Platform2_5/trunk/PlatformLibrary/LIB_Generic\LIB_crc.c **** 
  77:C:/Workspace/FW_Platform2_5/trunk/PlatformLibrary/LIB_Generic\LIB_crc.c **** \author 	alessandro.sabbatini
  78:C:/Workspace/FW_Platform2_5/trunk/PlatformLibrary/LIB_Generic\LIB_crc.c **** \date		Sep 05, 2012
  79:C:/Workspace/FW_Platform2_5/trunk/PlatformLibrary/LIB_Generic\LIB_crc.c **** \version	1.0.1
  80:C:/Workspace/FW_Platform2_5/trunk/PlatformLibrary/LIB_Generic\LIB_crc.c **** 
  81:C:/Workspace/FW_Platform2_5/trunk/PlatformLibrary/LIB_Generic\LIB_crc.c **** \note		\par \b Note 1:
  82:C:/Workspace/FW_Platform2_5/trunk/PlatformLibrary/LIB_Generic\LIB_crc.c **** 			documentation by alessandro.sabbatini
  83:C:/Workspace/FW_Platform2_5/trunk/PlatformLibrary/LIB_Generic\LIB_crc.c **** 
  84:C:/Workspace/FW_Platform2_5/trunk/PlatformLibrary/LIB_Generic\LIB_crc.c **** */
  85:C:/Workspace/FW_Platform2_5/trunk/PlatformLibrary/LIB_Generic\LIB_crc.c **** 
  86:C:/Workspace/FW_Platform2_5/trunk/PlatformLibrary/LIB_Generic\LIB_crc.c **** uint16_t LIB_crc_partial_calculate (uint16_t len, uint8_t *pSource, uint16_t seed)
  87:C:/Workspace/FW_Platform2_5/trunk/PlatformLibrary/LIB_Generic\LIB_crc.c **** {
  10                             		.loc 1 87 0
  11                             	.LVL0:
  88:C:/Workspace/FW_Platform2_5/trunk/PlatformLibrary/LIB_Generic\LIB_crc.c ****     return LIB_CRC_calculate((IO_BufferSizeType) len, pSource, seed);
  12                             		.loc 1 88 0
  13 0000 04 00 00 00             		bra	_OCCRC_Calculate
  14                             	.LVL1:
  15                             	.LFE0:
  17                             		.section	.text.LIB_crc_calculate,"ax",@progbits
  18                             		.global	_LIB_crc_calculate
  20                             	_LIB_crc_calculate:
  21                             	.LFB1:
  89:C:/Workspace/FW_Platform2_5/trunk/PlatformLibrary/LIB_Generic\LIB_crc.c **** }
  90:C:/Workspace/FW_Platform2_5/trunk/PlatformLibrary/LIB_Generic\LIB_crc.c **** 
  91:C:/Workspace/FW_Platform2_5/trunk/PlatformLibrary/LIB_Generic\LIB_crc.c **** /**
  92:C:/Workspace/FW_Platform2_5/trunk/PlatformLibrary/LIB_Generic\LIB_crc.c **** CRC computation.
  93:C:/Workspace/FW_Platform2_5/trunk/PlatformLibrary/LIB_Generic\LIB_crc.c **** 
  94:C:/Workspace/FW_Platform2_5/trunk/PlatformLibrary/LIB_Generic\LIB_crc.c **** \param  [in]            len number of bytes on which CRC is calculated
  95:C:/Workspace/FW_Platform2_5/trunk/PlatformLibrary/LIB_Generic\LIB_crc.c **** \param  [in]            pSource point to the first byte of the array on which CRC is calculated
  96:C:/Workspace/FW_Platform2_5/trunk/PlatformLibrary/LIB_Generic\LIB_crc.c **** 
  97:C:/Workspace/FW_Platform2_5/trunk/PlatformLibrary/LIB_Generic\LIB_crc.c **** \return         uint16_t
  98:C:/Workspace/FW_Platform2_5/trunk/PlatformLibrary/LIB_Generic\LIB_crc.c **** 
  99:C:/Workspace/FW_Platform2_5/trunk/PlatformLibrary/LIB_Generic\LIB_crc.c **** \retval         crc
 100:C:/Workspace/FW_Platform2_5/trunk/PlatformLibrary/LIB_Generic\LIB_crc.c **** 
 101:C:/Workspace/FW_Platform2_5/trunk/PlatformLibrary/LIB_Generic\LIB_crc.c **** 
 102:C:/Workspace/FW_Platform2_5/trunk/PlatformLibrary/LIB_Generic\LIB_crc.c **** \author         alessandro.sabbatini
 103:C:/Workspace/FW_Platform2_5/trunk/PlatformLibrary/LIB_Generic\LIB_crc.c **** \date           Sep 05, 2012
 104:C:/Workspace/FW_Platform2_5/trunk/PlatformLibrary/LIB_Generic\LIB_crc.c **** \version        1.0.1
 105:C:/Workspace/FW_Platform2_5/trunk/PlatformLibrary/LIB_Generic\LIB_crc.c **** 
 106:C:/Workspace/FW_Platform2_5/trunk/PlatformLibrary/LIB_Generic\LIB_crc.c **** \note           \par \b Note 1:
 107:C:/Workspace/FW_Platform2_5/trunk/PlatformLibrary/LIB_Generic\LIB_crc.c ****                         documentation by alessandro.sabbatini
 108:C:/Workspace/FW_Platform2_5/trunk/PlatformLibrary/LIB_Generic\LIB_crc.c **** 
 109:C:/Workspace/FW_Platform2_5/trunk/PlatformLibrary/LIB_Generic\LIB_crc.c **** */
 110:C:/Workspace/FW_Platform2_5/trunk/PlatformLibrary/LIB_Generic\LIB_crc.c **** 
 111:C:/Workspace/FW_Platform2_5/trunk/PlatformLibrary/LIB_Generic\LIB_crc.c **** uint16_t LIB_crc_calculate (uint16_t len, uint8_t *pSource)
 112:C:/Workspace/FW_Platform2_5/trunk/PlatformLibrary/LIB_Generic\LIB_crc.c **** {
  22                             		.loc 1 112 0
  23                             	.LVL2:
 113:C:/Workspace/FW_Platform2_5/trunk/PlatformLibrary/LIB_Generic\LIB_crc.c ****     return LIB_CRC_calculate((IO_BufferSizeType) len, pSource, LIB_CRC_DEFAULTSEED);
  24                             		.loc 1 113 0
  25 0000 FB 36 FF                		mov	#-1, r3
  26 0003 04 00 00 00             		bra	_OCCRC_Calculate
  27                             	.LVL3:
  28                             	.LFE1:
  64                             	.Letext0:
  65                             		.file 2 "C:\\Workspace\\FW_Platform2_5\\trunk\\HAL\\HAL_General/StandardTypes.h"
  66                             		.file 3 "C:\\Workspace\\FW_Platform2_5\\trunk\\Drivers/IO_driver.h"
  67                             		.file 4 "C:\\Workspace\\FW_Platform2_5\\trunk\\Drivers\\OCCRC/OCCRC_drv.h"
