   1                             		.file	"LIB_Generic.c"
   2                             		.section P,"ax"
   3                             	.Ltext0:
   4                             		.section	.text.LIB_ModifiedChk_Computation,"ax",@progbits
   5                             		.global	_LIB_ModifiedChk_Computation
   7                             	_LIB_ModifiedChk_Computation:
   8                             	.LFB0:
   9                             		.file 1 "C:/Workspace/FW_Platform2_5/trunk/PlatformLibrary/LIB_Generic/LIB_Generic.c"
   1:C:/Workspace/FW_Platform2_5/trunk/PlatformLibrary/LIB_Generic\LIB_Generic.c **** /*
   2:C:/Workspace/FW_Platform2_5/trunk/PlatformLibrary/LIB_Generic\LIB_Generic.c **** Copyright (c) 2004-2013, Indesit Company
   3:C:/Workspace/FW_Platform2_5/trunk/PlatformLibrary/LIB_Generic\LIB_Generic.c **** Tutti i diritti sono riservati. All rights reserved.
   4:C:/Workspace/FW_Platform2_5/trunk/PlatformLibrary/LIB_Generic\LIB_Generic.c **** */
   5:C:/Workspace/FW_Platform2_5/trunk/PlatformLibrary/LIB_Generic\LIB_Generic.c **** 
   6:C:/Workspace/FW_Platform2_5/trunk/PlatformLibrary/LIB_Generic\LIB_Generic.c **** /**
   7:C:/Workspace/FW_Platform2_5/trunk/PlatformLibrary/LIB_Generic\LIB_Generic.c **** \par	LibGeneric
   8:C:/Workspace/FW_Platform2_5/trunk/PlatformLibrary/LIB_Generic\LIB_Generic.c **** \n	This module contains generic routines
   9:C:/Workspace/FW_Platform2_5/trunk/PlatformLibrary/LIB_Generic\LIB_Generic.c **** \n
  10:C:/Workspace/FW_Platform2_5/trunk/PlatformLibrary/LIB_Generic\LIB_Generic.c **** \file		Lib_Generic.c
  11:C:/Workspace/FW_Platform2_5/trunk/PlatformLibrary/LIB_Generic\LIB_Generic.c **** \ingroup        LIB_Generic
  12:C:/Workspace/FW_Platform2_5/trunk/PlatformLibrary/LIB_Generic\LIB_Generic.c **** \date	    2013-02-21
  13:C:/Workspace/FW_Platform2_5/trunk/PlatformLibrary/LIB_Generic\LIB_Generic.c **** \version	01.00.00
  14:C:/Workspace/FW_Platform2_5/trunk/PlatformLibrary/LIB_Generic\LIB_Generic.c **** \author		 Roberto Fiorvanti
  15:C:/Workspace/FW_Platform2_5/trunk/PlatformLibrary/LIB_Generic\LIB_Generic.c **** \n
  16:C:/Workspace/FW_Platform2_5/trunk/PlatformLibrary/LIB_Generic\LIB_Generic.c **** \n
  17:C:/Workspace/FW_Platform2_5/trunk/PlatformLibrary/LIB_Generic\LIB_Generic.c **** \par	History:
  18:C:/Workspace/FW_Platform2_5/trunk/PlatformLibrary/LIB_Generic\LIB_Generic.c **** \n
  19:C:/Workspace/FW_Platform2_5/trunk/PlatformLibrary/LIB_Generic\LIB_Generic.c **** \n 		01.00.00
  20:C:/Workspace/FW_Platform2_5/trunk/PlatformLibrary/LIB_Generic\LIB_Generic.c **** \n		2013-02-21
  21:C:/Workspace/FW_Platform2_5/trunk/PlatformLibrary/LIB_Generic\LIB_Generic.c **** \n		Roberto Fiorvanti
  22:C:/Workspace/FW_Platform2_5/trunk/PlatformLibrary/LIB_Generic\LIB_Generic.c **** \n		changes
  23:C:/Workspace/FW_Platform2_5/trunk/PlatformLibrary/LIB_Generic\LIB_Generic.c **** \n 			Creation
  24:C:/Workspace/FW_Platform2_5/trunk/PlatformLibrary/LIB_Generic\LIB_Generic.c **** \n
  25:C:/Workspace/FW_Platform2_5/trunk/PlatformLibrary/LIB_Generic\LIB_Generic.c **** */
  26:C:/Workspace/FW_Platform2_5/trunk/PlatformLibrary/LIB_Generic\LIB_Generic.c **** 
  27:C:/Workspace/FW_Platform2_5/trunk/PlatformLibrary/LIB_Generic\LIB_Generic.c **** /* ******** */
  28:C:/Workspace/FW_Platform2_5/trunk/PlatformLibrary/LIB_Generic\LIB_Generic.c **** /* Includes */
  29:C:/Workspace/FW_Platform2_5/trunk/PlatformLibrary/LIB_Generic\LIB_Generic.c **** /* ******** */
  30:C:/Workspace/FW_Platform2_5/trunk/PlatformLibrary/LIB_Generic\LIB_Generic.c **** 
  31:C:/Workspace/FW_Platform2_5/trunk/PlatformLibrary/LIB_Generic\LIB_Generic.c **** 
  32:C:/Workspace/FW_Platform2_5/trunk/PlatformLibrary/LIB_Generic\LIB_Generic.c **** #include "LIB_Generic.h"
  33:C:/Workspace/FW_Platform2_5/trunk/PlatformLibrary/LIB_Generic\LIB_Generic.c **** 
  34:C:/Workspace/FW_Platform2_5/trunk/PlatformLibrary/LIB_Generic\LIB_Generic.c **** /* ****************** */
  35:C:/Workspace/FW_Platform2_5/trunk/PlatformLibrary/LIB_Generic\LIB_Generic.c **** /* Defines and Macros */
  36:C:/Workspace/FW_Platform2_5/trunk/PlatformLibrary/LIB_Generic\LIB_Generic.c **** /* ****************** */
  37:C:/Workspace/FW_Platform2_5/trunk/PlatformLibrary/LIB_Generic\LIB_Generic.c **** 
  38:C:/Workspace/FW_Platform2_5/trunk/PlatformLibrary/LIB_Generic\LIB_Generic.c **** /* *************************** */
  39:C:/Workspace/FW_Platform2_5/trunk/PlatformLibrary/LIB_Generic\LIB_Generic.c **** /* Typedef, Structs and Unions */
  40:C:/Workspace/FW_Platform2_5/trunk/PlatformLibrary/LIB_Generic\LIB_Generic.c **** /* *************************** */
  41:C:/Workspace/FW_Platform2_5/trunk/PlatformLibrary/LIB_Generic\LIB_Generic.c **** 
  42:C:/Workspace/FW_Platform2_5/trunk/PlatformLibrary/LIB_Generic\LIB_Generic.c **** 
  43:C:/Workspace/FW_Platform2_5/trunk/PlatformLibrary/LIB_Generic\LIB_Generic.c **** /* ********* */
  44:C:/Workspace/FW_Platform2_5/trunk/PlatformLibrary/LIB_Generic\LIB_Generic.c **** /* Variables */
  45:C:/Workspace/FW_Platform2_5/trunk/PlatformLibrary/LIB_Generic\LIB_Generic.c **** /* ********* */
  46:C:/Workspace/FW_Platform2_5/trunk/PlatformLibrary/LIB_Generic\LIB_Generic.c **** 
  47:C:/Workspace/FW_Platform2_5/trunk/PlatformLibrary/LIB_Generic\LIB_Generic.c **** /* ******************* */
  48:C:/Workspace/FW_Platform2_5/trunk/PlatformLibrary/LIB_Generic\LIB_Generic.c **** /* Functions Prototype */
  49:C:/Workspace/FW_Platform2_5/trunk/PlatformLibrary/LIB_Generic\LIB_Generic.c **** /* ******************* */
  50:C:/Workspace/FW_Platform2_5/trunk/PlatformLibrary/LIB_Generic\LIB_Generic.c **** 
  51:C:/Workspace/FW_Platform2_5/trunk/PlatformLibrary/LIB_Generic\LIB_Generic.c **** /* Exported function */
  52:C:/Workspace/FW_Platform2_5/trunk/PlatformLibrary/LIB_Generic\LIB_Generic.c **** 
  53:C:/Workspace/FW_Platform2_5/trunk/PlatformLibrary/LIB_Generic\LIB_Generic.c **** /* Local Function */
  54:C:/Workspace/FW_Platform2_5/trunk/PlatformLibrary/LIB_Generic\LIB_Generic.c **** 
  55:C:/Workspace/FW_Platform2_5/trunk/PlatformLibrary/LIB_Generic\LIB_Generic.c **** /* *************** */
  56:C:/Workspace/FW_Platform2_5/trunk/PlatformLibrary/LIB_Generic\LIB_Generic.c **** /* Function Bodies */
  57:C:/Workspace/FW_Platform2_5/trunk/PlatformLibrary/LIB_Generic\LIB_Generic.c **** /* *************** */
  58:C:/Workspace/FW_Platform2_5/trunk/PlatformLibrary/LIB_Generic\LIB_Generic.c **** 
  59:C:/Workspace/FW_Platform2_5/trunk/PlatformLibrary/LIB_Generic\LIB_Generic.c **** /* Exported functions */
  60:C:/Workspace/FW_Platform2_5/trunk/PlatformLibrary/LIB_Generic\LIB_Generic.c **** 
  61:C:/Workspace/FW_Platform2_5/trunk/PlatformLibrary/LIB_Generic\LIB_Generic.c **** /**
  62:C:/Workspace/FW_Platform2_5/trunk/PlatformLibrary/LIB_Generic\LIB_Generic.c **** Partial modified checksum computation.
  63:C:/Workspace/FW_Platform2_5/trunk/PlatformLibrary/LIB_Generic\LIB_Generic.c **** 
  64:C:/Workspace/FW_Platform2_5/trunk/PlatformLibrary/LIB_Generic\LIB_Generic.c **** \param  [in]		len number of bytes of which CHK must be computed
  65:C:/Workspace/FW_Platform2_5/trunk/PlatformLibrary/LIB_Generic\LIB_Generic.c **** \param  [in]		pSource pointer to the first byte of the array of which CRC must be computed
  66:C:/Workspace/FW_Platform2_5/trunk/PlatformLibrary/LIB_Generic\LIB_Generic.c **** \param  [in]		initval is the initial value for CHK computation
  67:C:/Workspace/FW_Platform2_5/trunk/PlatformLibrary/LIB_Generic\LIB_Generic.c **** 
  68:C:/Workspace/FW_Platform2_5/trunk/PlatformLibrary/LIB_Generic\LIB_Generic.c **** \return 	LIB_ModifiedChkType
  69:C:/Workspace/FW_Platform2_5/trunk/PlatformLibrary/LIB_Generic\LIB_Generic.c **** 
  70:C:/Workspace/FW_Platform2_5/trunk/PlatformLibrary/LIB_Generic\LIB_Generic.c **** \retval		modified chk
  71:C:/Workspace/FW_Platform2_5/trunk/PlatformLibrary/LIB_Generic\LIB_Generic.c **** 
  72:C:/Workspace/FW_Platform2_5/trunk/PlatformLibrary/LIB_Generic\LIB_Generic.c **** 
  73:C:/Workspace/FW_Platform2_5/trunk/PlatformLibrary/LIB_Generic\LIB_Generic.c **** \author 	Roberto Fioravanti
  74:C:/Workspace/FW_Platform2_5/trunk/PlatformLibrary/LIB_Generic\LIB_Generic.c **** \date		Feb 21, 2013
  75:C:/Workspace/FW_Platform2_5/trunk/PlatformLibrary/LIB_Generic\LIB_Generic.c **** \version	1.0.1
  76:C:/Workspace/FW_Platform2_5/trunk/PlatformLibrary/LIB_Generic\LIB_Generic.c **** 
  77:C:/Workspace/FW_Platform2_5/trunk/PlatformLibrary/LIB_Generic\LIB_Generic.c **** \note		\par \b Note 1:
  78:C:/Workspace/FW_Platform2_5/trunk/PlatformLibrary/LIB_Generic\LIB_Generic.c **** 			documentation by Roberto Fioravanti
  79:C:/Workspace/FW_Platform2_5/trunk/PlatformLibrary/LIB_Generic\LIB_Generic.c ****  */
  80:C:/Workspace/FW_Platform2_5/trunk/PlatformLibrary/LIB_Generic\LIB_Generic.c **** LIB_ModifiedChkType	LIB_ModifiedChk_Computation(uint16_t len, uint8_t* pSource, LIB_ModifiedChkType
  81:C:/Workspace/FW_Platform2_5/trunk/PlatformLibrary/LIB_Generic\LIB_Generic.c **** {
  10                             		.loc 1 81 0
  11                             	.LVL0:
  82:C:/Workspace/FW_Platform2_5/trunk/PlatformLibrary/LIB_Generic\LIB_Generic.c **** 	LIB_ModifiedChkType res = initval;
  83:C:/Workspace/FW_Platform2_5/trunk/PlatformLibrary/LIB_Generic\LIB_Generic.c **** 	uint8_t* pMem=pSource;
  84:C:/Workspace/FW_Platform2_5/trunk/PlatformLibrary/LIB_Generic\LIB_Generic.c **** 	uint8_t* pEnd=pSource+len;
  12                             		.loc 1 84 0
  13 0000 5F 11                   		movu.W	r1, r1
  14 0002 4B 21                   		add	r2, r1
  15                             	.LVL1:
  85:C:/Workspace/FW_Platform2_5/trunk/PlatformLibrary/LIB_Generic\LIB_Generic.c **** 
  86:C:/Workspace/FW_Platform2_5/trunk/PlatformLibrary/LIB_Generic\LIB_Generic.c **** 	if(pEnd > pSource)
  16                             		.loc 1 86 0
  17 0004 47 21                   		cmp	r2, r1
  18 0006 25 16                   		bleu	.L2
  19                             	.LVL2:
  20                             		.balign 2,3,3
  21                             	.L3:
  87:C:/Workspace/FW_Platform2_5/trunk/PlatformLibrary/LIB_Generic\LIB_Generic.c **** 	{
  88:C:/Workspace/FW_Platform2_5/trunk/PlatformLibrary/LIB_Generic\LIB_Generic.c **** 		while ( pMem < pEnd )
  89:C:/Workspace/FW_Platform2_5/trunk/PlatformLibrary/LIB_Generic\LIB_Generic.c **** 		{
  90:C:/Workspace/FW_Platform2_5/trunk/PlatformLibrary/LIB_Generic\LIB_Generic.c **** 			res ^= *pMem;
  22                             		.loc 1 90 0
  23 0008 FD 38 2E                		movu.B	[r2+], r14
  24                             	.LVL3:
  25 000b FC 37 E3                		xor	r14, r3
  26                             	.LVL4:
  91:C:/Workspace/FW_Platform2_5/trunk/PlatformLibrary/LIB_Generic\LIB_Generic.c **** 			res = (uint16_t)(((res & 0x8000)? 1 : 0) | (res<<1));
  27                             		.loc 1 91 0
  28 000e 5F 3E                   		movu.W	r3, r14
  29 0010 FF 23 EE                		add	r14, r14, r3
  30                             	.LVL5:
  31 0013 68 FE                   		shlr	#15, r14
  32                             	.LVL6:
  33 0015 57 E3                   		or	r14, r3
  34                             	.LVL7:
  88:C:/Workspace/FW_Platform2_5/trunk/PlatformLibrary/LIB_Generic\LIB_Generic.c **** 		while ( pMem < pEnd )
  35                             		.loc 1 88 0
  36 0017 47 12                   		cmp	r1, r2
  37 0019 21 EF                   		bne	.L3
  38 001b 03                      		.balign 2,3,1
  39                             	.L2:
  92:C:/Workspace/FW_Platform2_5/trunk/PlatformLibrary/LIB_Generic\LIB_Generic.c **** 			pMem++;
  93:C:/Workspace/FW_Platform2_5/trunk/PlatformLibrary/LIB_Generic\LIB_Generic.c **** 		}
  94:C:/Workspace/FW_Platform2_5/trunk/PlatformLibrary/LIB_Generic\LIB_Generic.c **** 	}
  95:C:/Workspace/FW_Platform2_5/trunk/PlatformLibrary/LIB_Generic\LIB_Generic.c **** 	return res;
  96:C:/Workspace/FW_Platform2_5/trunk/PlatformLibrary/LIB_Generic\LIB_Generic.c **** }
  40                             		.loc 1 96 0
  41 001c 5F 31                   		movu.W	r3, r1
  42                             	.LVL8:
  43 001e 02                      		rts
  44                             	.LFE0:
  46 001f 03                      		.section	.text.LIB_ModifiedChk16_Computation,"ax",@progbits
  47                             		.global	_LIB_ModifiedChk16_Computation
  49                             	_LIB_ModifiedChk16_Computation:
  50                             	.LFB1:
  97:C:/Workspace/FW_Platform2_5/trunk/PlatformLibrary/LIB_Generic\LIB_Generic.c **** 
  98:C:/Workspace/FW_Platform2_5/trunk/PlatformLibrary/LIB_Generic\LIB_Generic.c **** /**
  99:C:/Workspace/FW_Platform2_5/trunk/PlatformLibrary/LIB_Generic\LIB_Generic.c **** modified 16-bit checksum computation.
 100:C:/Workspace/FW_Platform2_5/trunk/PlatformLibrary/LIB_Generic\LIB_Generic.c **** 
 101:C:/Workspace/FW_Platform2_5/trunk/PlatformLibrary/LIB_Generic\LIB_Generic.c **** \param  [in]		len number of words (16 bits) of which CHK must be computed
 102:C:/Workspace/FW_Platform2_5/trunk/PlatformLibrary/LIB_Generic\LIB_Generic.c **** \param  [in]		pSource pointer to the first byte of the array of which CRC must be computed
 103:C:/Workspace/FW_Platform2_5/trunk/PlatformLibrary/LIB_Generic\LIB_Generic.c **** \param  [in]		initval is the initial value for CHK computation
 104:C:/Workspace/FW_Platform2_5/trunk/PlatformLibrary/LIB_Generic\LIB_Generic.c **** 
 105:C:/Workspace/FW_Platform2_5/trunk/PlatformLibrary/LIB_Generic\LIB_Generic.c **** \return 	LIB_ModifiedChkType
 106:C:/Workspace/FW_Platform2_5/trunk/PlatformLibrary/LIB_Generic\LIB_Generic.c **** 
 107:C:/Workspace/FW_Platform2_5/trunk/PlatformLibrary/LIB_Generic\LIB_Generic.c **** \retval		modified chk
 108:C:/Workspace/FW_Platform2_5/trunk/PlatformLibrary/LIB_Generic\LIB_Generic.c **** 
 109:C:/Workspace/FW_Platform2_5/trunk/PlatformLibrary/LIB_Generic\LIB_Generic.c **** 
 110:C:/Workspace/FW_Platform2_5/trunk/PlatformLibrary/LIB_Generic\LIB_Generic.c **** \author 	Roberto Fioravanti
 111:C:/Workspace/FW_Platform2_5/trunk/PlatformLibrary/LIB_Generic\LIB_Generic.c **** \date		Feb 21, 2013
 112:C:/Workspace/FW_Platform2_5/trunk/PlatformLibrary/LIB_Generic\LIB_Generic.c **** \version	1.0.1
 113:C:/Workspace/FW_Platform2_5/trunk/PlatformLibrary/LIB_Generic\LIB_Generic.c **** 
 114:C:/Workspace/FW_Platform2_5/trunk/PlatformLibrary/LIB_Generic\LIB_Generic.c **** \note		\par \b Note 1:
 115:C:/Workspace/FW_Platform2_5/trunk/PlatformLibrary/LIB_Generic\LIB_Generic.c **** 			documentation by Roberto Fioravanti
 116:C:/Workspace/FW_Platform2_5/trunk/PlatformLibrary/LIB_Generic\LIB_Generic.c ****  */
 117:C:/Workspace/FW_Platform2_5/trunk/PlatformLibrary/LIB_Generic\LIB_Generic.c **** LIB_ModifiedChkType	LIB_ModifiedChk16_Computation(uint16_t len, uint16_t* pSource)
 118:C:/Workspace/FW_Platform2_5/trunk/PlatformLibrary/LIB_Generic\LIB_Generic.c **** {
  51                             		.loc 1 118 0
  52                             	.LVL9:
 119:C:/Workspace/FW_Platform2_5/trunk/PlatformLibrary/LIB_Generic\LIB_Generic.c **** 	LIB_ModifiedChkType chk = 0;
 120:C:/Workspace/FW_Platform2_5/trunk/PlatformLibrary/LIB_Generic\LIB_Generic.c **** 	uint16_t temp = 0;
 121:C:/Workspace/FW_Platform2_5/trunk/PlatformLibrary/LIB_Generic\LIB_Generic.c **** 
 122:C:/Workspace/FW_Platform2_5/trunk/PlatformLibrary/LIB_Generic\LIB_Generic.c **** 	int  i = 0;
 123:C:/Workspace/FW_Platform2_5/trunk/PlatformLibrary/LIB_Generic\LIB_Generic.c **** 	uint16_t c = 0;
 124:C:/Workspace/FW_Platform2_5/trunk/PlatformLibrary/LIB_Generic\LIB_Generic.c **** 	uint16_t temp2 = 0;
 125:C:/Workspace/FW_Platform2_5/trunk/PlatformLibrary/LIB_Generic\LIB_Generic.c **** 
 126:C:/Workspace/FW_Platform2_5/trunk/PlatformLibrary/LIB_Generic\LIB_Generic.c **** 	for(i=0; i<len; i++)
  53                             		.loc 1 126 0
  54 0000 66 0E                   		mov.L	#0, r14
 123:C:/Workspace/FW_Platform2_5/trunk/PlatformLibrary/LIB_Generic\LIB_Generic.c **** 	uint16_t c = 0;
  55                             		.loc 1 123 0
  56 0002 66 05                   		mov	#0, r5
 119:C:/Workspace/FW_Platform2_5/trunk/PlatformLibrary/LIB_Generic\LIB_Generic.c **** 	LIB_ModifiedChkType chk = 0;
  57                             		.loc 1 119 0
  58 0004 DF E4                   		mov.W	r14, r4
  59                             		.loc 1 126 0
  60 0006 5F 11                   		movu.W	r1, r1
  61 0008 2E 14                   		bra	.L7
  62                             	.LVL10:
  63                             	.L8:
 127:C:/Workspace/FW_Platform2_5/trunk/PlatformLibrary/LIB_Generic\LIB_Generic.c **** 	{
 128:C:/Workspace/FW_Platform2_5/trunk/PlatformLibrary/LIB_Generic\LIB_Generic.c **** 		temp = *pSource;
 129:C:/Workspace/FW_Platform2_5/trunk/PlatformLibrary/LIB_Generic\LIB_Generic.c **** 
 130:C:/Workspace/FW_Platform2_5/trunk/PlatformLibrary/LIB_Generic\LIB_Generic.c **** 		chk ^= temp;
  64                             		.loc 1 130 0
  65 000a FD 29 23                		mov.W	[r2+], r3
  66                             	.LVL11:
 126:C:/Workspace/FW_Platform2_5/trunk/PlatformLibrary/LIB_Generic\LIB_Generic.c **** 	for(i=0; i<len; i++)
  67                             		.loc 1 126 0
  68 000d 62 1E                   		add	#1, r14
  69                             	.LVL12:
  70                             		.loc 1 130 0
  71 000f FC 37 34                		xor	r3, r4
  72                             	.LVL13:
 131:C:/Workspace/FW_Platform2_5/trunk/PlatformLibrary/LIB_Generic\LIB_Generic.c **** 
 132:C:/Workspace/FW_Platform2_5/trunk/PlatformLibrary/LIB_Generic\LIB_Generic.c **** 		temp2 = c | (chk<<1);
  73                             		.loc 1 132 0
  74 0012 5F 43                   		movu.W	r4, r3
  75 0014 FF 24 33                		add	r3, r3, r4
  76                             	.LVL14:
  77 0017 57 54                   		or	r5, r4
 133:C:/Workspace/FW_Platform2_5/trunk/PlatformLibrary/LIB_Generic\LIB_Generic.c **** 
 134:C:/Workspace/FW_Platform2_5/trunk/PlatformLibrary/LIB_Generic\LIB_Generic.c **** 		if(chk & 0x8000)
 135:C:/Workspace/FW_Platform2_5/trunk/PlatformLibrary/LIB_Generic\LIB_Generic.c **** 		{
 136:C:/Workspace/FW_Platform2_5/trunk/PlatformLibrary/LIB_Generic\LIB_Generic.c **** 			c = 1;
  78                             		.loc 1 136 0
  79 0019 FD 8F 35                		shlr	#15, r3, r5
  80                             	.LVL15:
  81                             		.balign 2,3,1
  82                             	.L7:
 126:C:/Workspace/FW_Platform2_5/trunk/PlatformLibrary/LIB_Generic\LIB_Generic.c **** 	for(i=0; i<len; i++)
  83                             		.loc 1 126 0 discriminator 1
  84 001c 47 1E                   		cmp	r1, r14
  85 001e 29 EC                   		blt	.L8
 137:C:/Workspace/FW_Platform2_5/trunk/PlatformLibrary/LIB_Generic\LIB_Generic.c **** 		}
 138:C:/Workspace/FW_Platform2_5/trunk/PlatformLibrary/LIB_Generic\LIB_Generic.c **** 		else
 139:C:/Workspace/FW_Platform2_5/trunk/PlatformLibrary/LIB_Generic\LIB_Generic.c **** 		{
 140:C:/Workspace/FW_Platform2_5/trunk/PlatformLibrary/LIB_Generic\LIB_Generic.c **** 			c = 0;
 141:C:/Workspace/FW_Platform2_5/trunk/PlatformLibrary/LIB_Generic\LIB_Generic.c **** 		}
 142:C:/Workspace/FW_Platform2_5/trunk/PlatformLibrary/LIB_Generic\LIB_Generic.c **** 		chk = temp2;
 143:C:/Workspace/FW_Platform2_5/trunk/PlatformLibrary/LIB_Generic\LIB_Generic.c **** 
 144:C:/Workspace/FW_Platform2_5/trunk/PlatformLibrary/LIB_Generic\LIB_Generic.c **** 		pSource++;
 145:C:/Workspace/FW_Platform2_5/trunk/PlatformLibrary/LIB_Generic\LIB_Generic.c **** 	}
 146:C:/Workspace/FW_Platform2_5/trunk/PlatformLibrary/LIB_Generic\LIB_Generic.c **** 
 147:C:/Workspace/FW_Platform2_5/trunk/PlatformLibrary/LIB_Generic\LIB_Generic.c **** 	return chk;
 148:C:/Workspace/FW_Platform2_5/trunk/PlatformLibrary/LIB_Generic\LIB_Generic.c **** }
  86                             		.loc 1 148 0
  87 0020 5F 41                   		movu.W	r4, r1
  88                             	.LVL16:
  89 0022 02                      		rts
  90                             	.LFE1:
 126                             	.Letext0:
 127                             		.file 2 "C:\\Workspace\\FW_Platform2_5\\trunk\\HAL\\HAL_General/StandardTypes.h"
 128                             		.file 3 "C:/Workspace/FW_Platform2_5/trunk/PlatformLibrary/LIB_Generic/LIB_Generic.h"
