   1                             		.file	"notify.c"
   2                             		.section P,"ax"
   3                             	.Ltext0:
   4                             		.section	.text.notifyEvent,"ax",@progbits
   5                             		.global	_notifyEvent
   7                             	_notifyEvent:
   8                             	.LFB0:
   9                             		.file 1 "C:/Workspace/FW_Platform2_5/trunk/PlatformLibrary/LIB_notify/notify.c"
   1:C:/Workspace/FW_Platform2_5/trunk/PlatformLibrary/LIB_notify\notify.c **** /*
   2:C:/Workspace/FW_Platform2_5/trunk/PlatformLibrary/LIB_notify\notify.c **** Copyright (c) 2004-2005, Indesit Company, EDT.
   3:C:/Workspace/FW_Platform2_5/trunk/PlatformLibrary/LIB_notify\notify.c **** Tutti i diritti sono riservati. All rights reserved.
   4:C:/Workspace/FW_Platform2_5/trunk/PlatformLibrary/LIB_notify\notify.c **** */
   5:C:/Workspace/FW_Platform2_5/trunk/PlatformLibrary/LIB_notify\notify.c **** 
   6:C:/Workspace/FW_Platform2_5/trunk/PlatformLibrary/LIB_notify\notify.c **** 
   7:C:/Workspace/FW_Platform2_5/trunk/PlatformLibrary/LIB_notify\notify.c **** 
   8:C:/Workspace/FW_Platform2_5/trunk/PlatformLibrary/LIB_notify\notify.c **** /**
   9:C:/Workspace/FW_Platform2_5/trunk/PlatformLibrary/LIB_notify\notify.c **** \par	  Lib gestione sottoscrizione e notfica eventi
  10:C:/Workspace/FW_Platform2_5/trunk/PlatformLibrary/LIB_notify\notify.c **** \n	    Il file contiene le funzioni per gestire la sottoscrizione alla ricezione di un evento e per
  11:C:/Workspace/FW_Platform2_5/trunk/PlatformLibrary/LIB_notify\notify.c **** \n      la notifica dell'evento.
  12:C:/Workspace/FW_Platform2_5/trunk/PlatformLibrary/LIB_notify\notify.c **** \n
  13:C:/Workspace/FW_Platform2_5/trunk/PlatformLibrary/LIB_notify\notify.c **** \file		notify.c
  14:C:/Workspace/FW_Platform2_5/trunk/PlatformLibrary/LIB_notify\notify.c **** \ingroup       LIB_Notify
  15:C:/Workspace/FW_Platform2_5/trunk/PlatformLibrary/LIB_notify\notify.c **** \date	    20/09/2011
  16:C:/Workspace/FW_Platform2_5/trunk/PlatformLibrary/LIB_notify\notify.c **** \version	01.00.00
  17:C:/Workspace/FW_Platform2_5/trunk/PlatformLibrary/LIB_notify\notify.c **** \author		Marco Sperandini
  18:C:/Workspace/FW_Platform2_5/trunk/PlatformLibrary/LIB_notify\notify.c **** \n
  19:C:/Workspace/FW_Platform2_5/trunk/PlatformLibrary/LIB_notify\notify.c **** \n
  20:C:/Workspace/FW_Platform2_5/trunk/PlatformLibrary/LIB_notify\notify.c **** \par	History:
  21:C:/Workspace/FW_Platform2_5/trunk/PlatformLibrary/LIB_notify\notify.c **** \n
  22:C:/Workspace/FW_Platform2_5/trunk/PlatformLibrary/LIB_notify\notify.c **** \n 		01.00.00
  23:C:/Workspace/FW_Platform2_5/trunk/PlatformLibrary/LIB_notify\notify.c **** \n		20/09/2011
  24:C:/Workspace/FW_Platform2_5/trunk/PlatformLibrary/LIB_notify\notify.c **** \n		marco.sperandini
  25:C:/Workspace/FW_Platform2_5/trunk/PlatformLibrary/LIB_notify\notify.c **** \n		changes
  26:C:/Workspace/FW_Platform2_5/trunk/PlatformLibrary/LIB_notify\notify.c **** \n 			Creation
  27:C:/Workspace/FW_Platform2_5/trunk/PlatformLibrary/LIB_notify\notify.c **** \n
  28:C:/Workspace/FW_Platform2_5/trunk/PlatformLibrary/LIB_notify\notify.c **** */
  29:C:/Workspace/FW_Platform2_5/trunk/PlatformLibrary/LIB_notify\notify.c **** 
  30:C:/Workspace/FW_Platform2_5/trunk/PlatformLibrary/LIB_notify\notify.c **** #define NULL (0)
  31:C:/Workspace/FW_Platform2_5/trunk/PlatformLibrary/LIB_notify\notify.c **** #include "notify.h"
  32:C:/Workspace/FW_Platform2_5/trunk/PlatformLibrary/LIB_notify\notify.c **** 
  33:C:/Workspace/FW_Platform2_5/trunk/PlatformLibrary/LIB_notify\notify.c **** 
  34:C:/Workspace/FW_Platform2_5/trunk/PlatformLibrary/LIB_notify\notify.c **** void notifyEvent( struct SubscriberNode **head, NotifyEvent*  pEvent)
  35:C:/Workspace/FW_Platform2_5/trunk/PlatformLibrary/LIB_notify\notify.c **** {
  10                             		.loc 1 35 0
  11                             	.LVL0:
  12 0000 6E 7A                   		pushm	r7-r10
  13                             	.LCFI0:
  36:C:/Workspace/FW_Platform2_5/trunk/PlatformLibrary/LIB_notify\notify.c ****    if( *head == NULL)
  14                             		.loc 1 36 0
  15 0002 EC 17                   		mov.L	[r1], r7
  35:C:/Workspace/FW_Platform2_5/trunk/PlatformLibrary/LIB_notify\notify.c **** {
  16                             		.loc 1 35 0
  17 0004 EF 2A                   		mov.L	r2, r10
  18                             	.LVL1:
  19                             		.balign 2,3,1
  20                             	.L12:
  21                             		.loc 1 36 0
  22 0006 61 07                   		cmp	#0, r7
  23 0008 20 18                   		beq	.L1
  24                             	.LVL2:
  25                             	.LBB2:
  37:C:/Workspace/FW_Platform2_5/trunk/PlatformLibrary/LIB_notify\notify.c ****     {
  38:C:/Workspace/FW_Platform2_5/trunk/PlatformLibrary/LIB_notify\notify.c ****         return;
  39:C:/Workspace/FW_Platform2_5/trunk/PlatformLibrary/LIB_notify\notify.c ****     }
  40:C:/Workspace/FW_Platform2_5/trunk/PlatformLibrary/LIB_notify\notify.c ****     else
  41:C:/Workspace/FW_Platform2_5/trunk/PlatformLibrary/LIB_notify\notify.c ****     {
  42:C:/Workspace/FW_Platform2_5/trunk/PlatformLibrary/LIB_notify\notify.c ****         struct SubscriberNode *p = *head;
  43:C:/Workspace/FW_Platform2_5/trunk/PlatformLibrary/LIB_notify\notify.c **** 
  44:C:/Workspace/FW_Platform2_5/trunk/PlatformLibrary/LIB_notify\notify.c ****         do
  45:C:/Workspace/FW_Platform2_5/trunk/PlatformLibrary/LIB_notify\notify.c ****         {
  46:C:/Workspace/FW_Platform2_5/trunk/PlatformLibrary/LIB_notify\notify.c ****         	if( p->event.type == pEvent->type){
  26                             		.loc 1 46 0
  27 000a B8 F4                   		movu.W	4[r7], r4
  28 000c 06 C4 A4                		cmp	[r10].UW, r4
  29 000f 21 0D                   		bne	.L3
  47:C:/Workspace/FW_Platform2_5/trunk/PlatformLibrary/LIB_notify\notify.c ****         		if( p->callback != NULL)
  30                             		.loc 1 47 0
  31 0011 EC 7E                   		mov.L	[r7], r14
  32 0013 61 0E                   		cmp	#0, r14
  33 0015 20 07                   		beq	.L3
  48:C:/Workspace/FW_Platform2_5/trunk/PlatformLibrary/LIB_notify\notify.c ****         			p->callback( pEvent );
  34                             		.loc 1 48 0
  35 0017 EF A1                   		mov.L	r10, r1
  36 0019 7F 1E                   		jsr	r14
  37                             	.LVL3:
  38 001b 03                      		.balign 2,3,1
  39                             	.L3:
  49:C:/Workspace/FW_Platform2_5/trunk/PlatformLibrary/LIB_notify\notify.c ****         	}
  50:C:/Workspace/FW_Platform2_5/trunk/PlatformLibrary/LIB_notify\notify.c ****             p = p->next;
  40                             		.loc 1 50 0
  41 001c A8 F7                   		mov.L	8[r7], r7
  42                             	.LVL4:
  43 001e 2E E8                   		bra	.L12
  44                             	.LVL5:
  45                             	.L1:
  46                             	.LBE2:
  51:C:/Workspace/FW_Platform2_5/trunk/PlatformLibrary/LIB_notify\notify.c ****         }
  52:C:/Workspace/FW_Platform2_5/trunk/PlatformLibrary/LIB_notify\notify.c ****         while(p != NULL);
  53:C:/Workspace/FW_Platform2_5/trunk/PlatformLibrary/LIB_notify\notify.c ****     }
  54:C:/Workspace/FW_Platform2_5/trunk/PlatformLibrary/LIB_notify\notify.c **** }
  47                             		.loc 1 54 0
  48 0020 3F 7A 04                		rtsd	#16, r7-r10
  49                             	.LFE0:
  51 0023 03                      		.section	.text.subscribe,"ax",@progbits
  52                             		.global	_subscribe
  54                             	_subscribe:
  55                             	.LFB1:
  55:C:/Workspace/FW_Platform2_5/trunk/PlatformLibrary/LIB_notify\notify.c **** #ifdef NOTIFY_PRIORITY
  56:C:/Workspace/FW_Platform2_5/trunk/PlatformLibrary/LIB_notify\notify.c **** void subscribe( struct SubscriberNode **head, struct SubscriberNode *node)
  57:C:/Workspace/FW_Platform2_5/trunk/PlatformLibrary/LIB_notify\notify.c **** {
  56                             		.loc 1 57 0
  57                             	.LVL6:
  58:C:/Workspace/FW_Platform2_5/trunk/PlatformLibrary/LIB_notify\notify.c ****     node->next = NULL;
  58                             		.loc 1 58 0
  59 0000 3E 22 00                		mov.L	#0, 8[r2]
  59:C:/Workspace/FW_Platform2_5/trunk/PlatformLibrary/LIB_notify\notify.c **** 
  60:C:/Workspace/FW_Platform2_5/trunk/PlatformLibrary/LIB_notify\notify.c ****     if( *head == NULL)
  60                             		.loc 1 60 0
  61 0003 EC 1E                   		mov.L	[r1], r14
  62 0005 61 0E                   		cmp	#0, r14
  63 0007 21 04                   		bne	.L14
  64 0009 2E 0D                   		bra	.L22
  65                             	.L14:
  66                             	.LVL7:
  67                             	.LBB3:
  61:C:/Workspace/FW_Platform2_5/trunk/PlatformLibrary/LIB_notify\notify.c ****     {
  62:C:/Workspace/FW_Platform2_5/trunk/PlatformLibrary/LIB_notify\notify.c ****         *head = node;
  63:C:/Workspace/FW_Platform2_5/trunk/PlatformLibrary/LIB_notify\notify.c ****     }
  64:C:/Workspace/FW_Platform2_5/trunk/PlatformLibrary/LIB_notify\notify.c ****     else
  65:C:/Workspace/FW_Platform2_5/trunk/PlatformLibrary/LIB_notify\notify.c ****     {
  66:C:/Workspace/FW_Platform2_5/trunk/PlatformLibrary/LIB_notify\notify.c ****         struct SubscriberNode *p = *head;
  67:C:/Workspace/FW_Platform2_5/trunk/PlatformLibrary/LIB_notify\notify.c **** 
  68:C:/Workspace/FW_Platform2_5/trunk/PlatformLibrary/LIB_notify\notify.c ****         if( node->priority > p->priority)
  68                             		.loc 1 68 0
  69 000b B3 24                   		movu.B	12[r2], r4
  70 000d 45 E4 0C                		cmp	12[r14].UB, r4
  71 0010 25 0D                   		bleu	.L18
  69:C:/Workspace/FW_Platform2_5/trunk/PlatformLibrary/LIB_notify\notify.c ****         {/* inserimento in testa*/
  70:C:/Workspace/FW_Platform2_5/trunk/PlatformLibrary/LIB_notify\notify.c ****             node->next = *head;
  72                             		.loc 1 70 0
  73 0012 E7 2E 02                		mov.L	r14, 8[r2]
  74                             	.LVL8:
  75 0015 03                      		.balign 2,3,1
  76                             	.L22:
  71:C:/Workspace/FW_Platform2_5/trunk/PlatformLibrary/LIB_notify\notify.c ****             *head = node;
  77                             		.loc 1 71 0
  78 0016 E3 12                   		mov.L	r2, [r1]
  72:C:/Workspace/FW_Platform2_5/trunk/PlatformLibrary/LIB_notify\notify.c ****             return;
  79                             		.loc 1 72 0
  80 0018 02                      		rts
  81                             	.LVL9:
  82                             	.L20:
  73:C:/Workspace/FW_Platform2_5/trunk/PlatformLibrary/LIB_notify\notify.c ****         }
  74:C:/Workspace/FW_Platform2_5/trunk/PlatformLibrary/LIB_notify\notify.c ****         while(p->next != NULL
  75:C:/Workspace/FW_Platform2_5/trunk/PlatformLibrary/LIB_notify\notify.c ****               && node->priority <= p->priority
  76:C:/Workspace/FW_Platform2_5/trunk/PlatformLibrary/LIB_notify\notify.c ****               )
  77:C:/Workspace/FW_Platform2_5/trunk/PlatformLibrary/LIB_notify\notify.c ****         {
  78:C:/Workspace/FW_Platform2_5/trunk/PlatformLibrary/LIB_notify\notify.c ****             p = p->next;
  83                             		.loc 1 78 0
  84 0019 EF 4E                   		mov.L	r4, r14
  85                             	.LVL10:
  86 001b 2E 05                   		bra	.L21
  87                             	.LVL11:
  88                             	.L18:
  75:C:/Workspace/FW_Platform2_5/trunk/PlatformLibrary/LIB_notify\notify.c ****               && node->priority <= p->priority
  89                             		.loc 1 75 0 discriminator 1
  90 001d EF 41                   		mov.L	r4, r1
  91                             	.LVL12:
  92 001f 03                      		.balign 2,3,1
  93                             	.L21:
  74:C:/Workspace/FW_Platform2_5/trunk/PlatformLibrary/LIB_notify\notify.c ****         while(p->next != NULL
  94                             		.loc 1 74 0 discriminator 1
  95 0020 ED E4 02                		mov.L	8[r14], r4
  96 0023 61 04                   		cmp	#0, r4
  97 0025 21 07                   		bne	.L17
  98 0027 03                      		.balign 2,3,5
  99                             	.L19:
  79:C:/Workspace/FW_Platform2_5/trunk/PlatformLibrary/LIB_notify\notify.c ****         }
  80:C:/Workspace/FW_Platform2_5/trunk/PlatformLibrary/LIB_notify\notify.c ****         p->next = node;
 100                             		.loc 1 80 0
 101 0028 E7 E2 02                		mov.L	r2, 8[r14]
 102 002b 02                      		rts
 103                             	.L17:
  75:C:/Workspace/FW_Platform2_5/trunk/PlatformLibrary/LIB_notify\notify.c ****               && node->priority <= p->priority
 104                             		.loc 1 75 0
 105 002c 45 E1 0C                		cmp	12[r14].UB, r1
 106 002f 25 EA                   		bleu	.L20
 107 0031 2E F7                   		bra	.L19
 108                             	.LBE3:
 109                             	.LFE1:
 111 0033 03                      		.section	.text.unSubscribe,"ax",@progbits
 112                             		.global	_unSubscribe
 114                             	_unSubscribe:
 115                             	.LFB2:
  81:C:/Workspace/FW_Platform2_5/trunk/PlatformLibrary/LIB_notify\notify.c ****     }
  82:C:/Workspace/FW_Platform2_5/trunk/PlatformLibrary/LIB_notify\notify.c **** }
  83:C:/Workspace/FW_Platform2_5/trunk/PlatformLibrary/LIB_notify\notify.c **** 
  84:C:/Workspace/FW_Platform2_5/trunk/PlatformLibrary/LIB_notify\notify.c **** #else
  85:C:/Workspace/FW_Platform2_5/trunk/PlatformLibrary/LIB_notify\notify.c **** // INSERISCE IN CODA
  86:C:/Workspace/FW_Platform2_5/trunk/PlatformLibrary/LIB_notify\notify.c **** void subscribe( struct SubscriberNode **head, struct SubscriberNode *node)
  87:C:/Workspace/FW_Platform2_5/trunk/PlatformLibrary/LIB_notify\notify.c **** {
  88:C:/Workspace/FW_Platform2_5/trunk/PlatformLibrary/LIB_notify\notify.c ****     node->next = NULL;
  89:C:/Workspace/FW_Platform2_5/trunk/PlatformLibrary/LIB_notify\notify.c ****     
  90:C:/Workspace/FW_Platform2_5/trunk/PlatformLibrary/LIB_notify\notify.c ****     if( *head == NULL)
  91:C:/Workspace/FW_Platform2_5/trunk/PlatformLibrary/LIB_notify\notify.c ****     {
  92:C:/Workspace/FW_Platform2_5/trunk/PlatformLibrary/LIB_notify\notify.c ****         *head = node;
  93:C:/Workspace/FW_Platform2_5/trunk/PlatformLibrary/LIB_notify\notify.c ****     }
  94:C:/Workspace/FW_Platform2_5/trunk/PlatformLibrary/LIB_notify\notify.c ****     else
  95:C:/Workspace/FW_Platform2_5/trunk/PlatformLibrary/LIB_notify\notify.c ****     {
  96:C:/Workspace/FW_Platform2_5/trunk/PlatformLibrary/LIB_notify\notify.c ****         struct SubscriberNode *p = *head;
  97:C:/Workspace/FW_Platform2_5/trunk/PlatformLibrary/LIB_notify\notify.c **** 
  98:C:/Workspace/FW_Platform2_5/trunk/PlatformLibrary/LIB_notify\notify.c ****         while(p->next != NULL)
  99:C:/Workspace/FW_Platform2_5/trunk/PlatformLibrary/LIB_notify\notify.c ****         {
 100:C:/Workspace/FW_Platform2_5/trunk/PlatformLibrary/LIB_notify\notify.c ****             p = p->next;
 101:C:/Workspace/FW_Platform2_5/trunk/PlatformLibrary/LIB_notify\notify.c ****         }
 102:C:/Workspace/FW_Platform2_5/trunk/PlatformLibrary/LIB_notify\notify.c ****         p->next = node;
 103:C:/Workspace/FW_Platform2_5/trunk/PlatformLibrary/LIB_notify\notify.c ****     }
 104:C:/Workspace/FW_Platform2_5/trunk/PlatformLibrary/LIB_notify\notify.c **** }
 105:C:/Workspace/FW_Platform2_5/trunk/PlatformLibrary/LIB_notify\notify.c **** #endif /* NOTIFY_PRIORITY */
 106:C:/Workspace/FW_Platform2_5/trunk/PlatformLibrary/LIB_notify\notify.c **** 
 107:C:/Workspace/FW_Platform2_5/trunk/PlatformLibrary/LIB_notify\notify.c **** 
 108:C:/Workspace/FW_Platform2_5/trunk/PlatformLibrary/LIB_notify\notify.c **** int unSubscribe( struct SubscriberNode **head, struct SubscriberNode *node)
 109:C:/Workspace/FW_Platform2_5/trunk/PlatformLibrary/LIB_notify\notify.c **** {
 116                             		.loc 1 109 0
 117                             	.LVL13:
 110:C:/Workspace/FW_Platform2_5/trunk/PlatformLibrary/LIB_notify\notify.c ****     if( *head == NULL)
 118                             		.loc 1 110 0
 119 0000 EC 1E                   		mov.L	[r1], r14
 120 0002 61 0E                   		cmp	#0, r14
 121 0004 20 1E                   		beq	.L31
 122                             	.LVL14:
 123                             	.LBB4:
 111:C:/Workspace/FW_Platform2_5/trunk/PlatformLibrary/LIB_notify\notify.c ****     {
 112:C:/Workspace/FW_Platform2_5/trunk/PlatformLibrary/LIB_notify\notify.c ****         return 1;
 113:C:/Workspace/FW_Platform2_5/trunk/PlatformLibrary/LIB_notify\notify.c ****     }
 114:C:/Workspace/FW_Platform2_5/trunk/PlatformLibrary/LIB_notify\notify.c ****     else
 115:C:/Workspace/FW_Platform2_5/trunk/PlatformLibrary/LIB_notify\notify.c ****     {
 116:C:/Workspace/FW_Platform2_5/trunk/PlatformLibrary/LIB_notify\notify.c ****         struct SubscriberNode *p = *head;
 117:C:/Workspace/FW_Platform2_5/trunk/PlatformLibrary/LIB_notify\notify.c **** 
 118:C:/Workspace/FW_Platform2_5/trunk/PlatformLibrary/LIB_notify\notify.c ****         if( *head == node){ /* rimozione in testa*/
 124                             		.loc 1 118 0
 125 0006 47 2E                   		cmp	r2, r14
 126 0008 21 0E                   		bne	.L30
 119:C:/Workspace/FW_Platform2_5/trunk/PlatformLibrary/LIB_notify\notify.c ****             *head = p->next;
 127                             		.loc 1 119 0
 128 000a ED EE 02                		mov.L	8[r14], r14
 129                             	.LVL15:
 130 000d E3 1E                   		mov.L	r14, [r1]
 131 000f 2E 13                   		bra	.L31
 132                             	.LVL16:
 133                             	.L27:
 120:C:/Workspace/FW_Platform2_5/trunk/PlatformLibrary/LIB_notify\notify.c ****             return 1;
 121:C:/Workspace/FW_Platform2_5/trunk/PlatformLibrary/LIB_notify\notify.c ****         }else{
 122:C:/Workspace/FW_Platform2_5/trunk/PlatformLibrary/LIB_notify\notify.c ****             while( p->next != node  )
 123:C:/Workspace/FW_Platform2_5/trunk/PlatformLibrary/LIB_notify\notify.c ****             {
 124:C:/Workspace/FW_Platform2_5/trunk/PlatformLibrary/LIB_notify\notify.c ****                 if( p->next == NULL )
 134                             		.loc 1 124 0
 135 0011 71 4E 00                		add	#0, r4, r14
 136                             	.LVL17:
 137 0014 20 11                   		beq	.L29
 138                             		.balign 2,3,1
 139                             	.L30:
 140                             	.LVL18:
 122:C:/Workspace/FW_Platform2_5/trunk/PlatformLibrary/LIB_notify\notify.c ****             while( p->next != node  )
 141                             		.loc 1 122 0 discriminator 1
 142 0016 ED E4 02                		mov.L	8[r14], r4
 143 0019 47 24                   		cmp	r2, r4
 144 001b 21 F6                   		bne	.L27
 125:C:/Workspace/FW_Platform2_5/trunk/PlatformLibrary/LIB_notify\notify.c ****                     return 0;
 126:C:/Workspace/FW_Platform2_5/trunk/PlatformLibrary/LIB_notify\notify.c **** 
 127:C:/Workspace/FW_Platform2_5/trunk/PlatformLibrary/LIB_notify\notify.c ****                 p = p->next;
 128:C:/Workspace/FW_Platform2_5/trunk/PlatformLibrary/LIB_notify\notify.c ****             }
 129:C:/Workspace/FW_Platform2_5/trunk/PlatformLibrary/LIB_notify\notify.c **** 
 130:C:/Workspace/FW_Platform2_5/trunk/PlatformLibrary/LIB_notify\notify.c ****             p->next = p->next->next;
 145                             		.loc 1 130 0
 146 001d A8 A2                   		mov.L	8[r2], r2
 147                             	.LVL19:
 148 001f E7 E2 02                		mov.L	r2, 8[r14]
 149                             	.LVL20:
 150                             		.balign 2,3,1
 151                             	.L31:
 131:C:/Workspace/FW_Platform2_5/trunk/PlatformLibrary/LIB_notify\notify.c ****             return 1;
 152                             		.loc 1 131 0
 153 0022 66 11                   		mov.L	#1, r1
 154                             	.LVL21:
 155 0024 02                      		rts
 156                             	.LVL22:
 157                             	.L29:
 125:C:/Workspace/FW_Platform2_5/trunk/PlatformLibrary/LIB_notify\notify.c ****                     return 0;
 158                             		.loc 1 125 0
 159 0025 EF E1                   		mov.L	r14, r1
 160                             	.LVL23:
 161                             	.LBE4:
 132:C:/Workspace/FW_Platform2_5/trunk/PlatformLibrary/LIB_notify\notify.c ****         }
 133:C:/Workspace/FW_Platform2_5/trunk/PlatformLibrary/LIB_notify\notify.c ****     }
 134:C:/Workspace/FW_Platform2_5/trunk/PlatformLibrary/LIB_notify\notify.c ****     /*lint -e{527} Warning 527:*/
 135:C:/Workspace/FW_Platform2_5/trunk/PlatformLibrary/LIB_notify\notify.c ****     return 0;
 136:C:/Workspace/FW_Platform2_5/trunk/PlatformLibrary/LIB_notify\notify.c **** 
 137:C:/Workspace/FW_Platform2_5/trunk/PlatformLibrary/LIB_notify\notify.c **** }
 162                             		.loc 1 137 0
 163 0027 02                      		rts
 164                             	.LFE2:
 166                             		.section	.text.isSubscribed,"ax",@progbits
 167                             		.global	_isSubscribed
 169                             	_isSubscribed:
 170                             	.LFB3:
 138:C:/Workspace/FW_Platform2_5/trunk/PlatformLibrary/LIB_notify\notify.c **** 
 139:C:/Workspace/FW_Platform2_5/trunk/PlatformLibrary/LIB_notify\notify.c **** int isSubscribed(struct SubscriberNode **head, struct SubscriberNode *node)
 140:C:/Workspace/FW_Platform2_5/trunk/PlatformLibrary/LIB_notify\notify.c **** {
 171                             		.loc 1 140 0
 172                             	.LVL24:
 141:C:/Workspace/FW_Platform2_5/trunk/PlatformLibrary/LIB_notify\notify.c ****     if( *head != NULL)
 173                             		.loc 1 141 0
 174 0000 EC 11                   		mov.L	[r1], r1
 175                             	.LVL25:
 176 0002 61 01                   		cmp	#0, r1
 177 0004 20 0F                   		beq	.L33
 178                             		.balign 2,3,1
 179                             	.L37:
 180                             	.LVL26:
 181                             	.LBB5:
 142:C:/Workspace/FW_Platform2_5/trunk/PlatformLibrary/LIB_notify\notify.c ****     {
 143:C:/Workspace/FW_Platform2_5/trunk/PlatformLibrary/LIB_notify\notify.c ****         struct SubscriberNode *p = *head;
 144:C:/Workspace/FW_Platform2_5/trunk/PlatformLibrary/LIB_notify\notify.c ****         do
 145:C:/Workspace/FW_Platform2_5/trunk/PlatformLibrary/LIB_notify\notify.c ****         {
 146:C:/Workspace/FW_Platform2_5/trunk/PlatformLibrary/LIB_notify\notify.c ****             if( p == node)
 182                             		.loc 1 146 0
 183 0006 47 21                   		cmp	r2, r1
 184 0008 20 09                   		beq	.L36
 147:C:/Workspace/FW_Platform2_5/trunk/PlatformLibrary/LIB_notify\notify.c ****                 return 1;
 148:C:/Workspace/FW_Platform2_5/trunk/PlatformLibrary/LIB_notify\notify.c **** 
 149:C:/Workspace/FW_Platform2_5/trunk/PlatformLibrary/LIB_notify\notify.c ****             p = p->next;
 185                             		.loc 1 149 0
 186 000a A8 91                   		mov.L	8[r1], r1
 187                             	.LVL27:
 150:C:/Workspace/FW_Platform2_5/trunk/PlatformLibrary/LIB_notify\notify.c ****         }
 151:C:/Workspace/FW_Platform2_5/trunk/PlatformLibrary/LIB_notify\notify.c ****         while(p != NULL);
 188                             		.loc 1 151 0
 189 000c 61 01                   		cmp	#0, r1
 190 000e 21 F8                   		bne	.L37
 191 0010 02                      		rts
 192                             	.L36:
 147:C:/Workspace/FW_Platform2_5/trunk/PlatformLibrary/LIB_notify\notify.c ****                 return 1;
 193                             		.loc 1 147 0
 194 0011 66 11                   		mov.L	#1, r1
 195                             	.LVL28:
 196                             	.L33:
 197                             	.LBE5:
 152:C:/Workspace/FW_Platform2_5/trunk/PlatformLibrary/LIB_notify\notify.c ****     }
 153:C:/Workspace/FW_Platform2_5/trunk/PlatformLibrary/LIB_notify\notify.c ****     return 0;
 154:C:/Workspace/FW_Platform2_5/trunk/PlatformLibrary/LIB_notify\notify.c **** }
 198                             		.loc 1 154 0
 199 0013 02                      		rts
 200                             	.LFE3:
 264                             	.Letext0:
 265                             		.file 2 "C:\\Workspace\\FW_Platform2_5\\trunk\\HAL\\HAL_General/StandardTypes.h"
 266                             		.file 3 "C:/Workspace/FW_Platform2_5/trunk/PlatformLibrary/LIB_notify/notify.h"
