   1                             		.file	"OCCRC_drv.c"
   2                             		.section P,"ax"
   3                             	.Ltext0:
   4                             		.section	.text.OCCRC_InitSync,"ax",@progbits
   5                             		.global	_OCCRC_InitSync
   7                             	_OCCRC_InitSync:
   8                             	.LFB0:
   9                             		.file 1 "C:/Workspace/FW_Platform2_5/trunk/Drivers/OCCRC/OCCRC_drv.c"
   1:C:/Workspace/FW_Platform2_5/trunk/Drivers/OCCRC\OCCRC_drv.c **** /*
   2:C:/Workspace/FW_Platform2_5/trunk/Drivers/OCCRC\OCCRC_drv.c **** Copyright (c) 2004-2005, Indesit Company, I.D.D..
   3:C:/Workspace/FW_Platform2_5/trunk/Drivers/OCCRC\OCCRC_drv.c **** Tutti i diritti sono riservati. All rights reserved.
   4:C:/Workspace/FW_Platform2_5/trunk/Drivers/OCCRC\OCCRC_drv.c **** */
   5:C:/Workspace/FW_Platform2_5/trunk/Drivers/OCCRC\OCCRC_drv.c **** 
   6:C:/Workspace/FW_Platform2_5/trunk/Drivers/OCCRC\OCCRC_drv.c **** /**
   7:C:/Workspace/FW_Platform2_5/trunk/Drivers/OCCRC\OCCRC_drv.c **** \n
   8:C:/Workspace/FW_Platform2_5/trunk/Drivers/OCCRC\OCCRC_drv.c **** \par		OCCRC_drv.c
   9:C:/Workspace/FW_Platform2_5/trunk/Drivers/OCCRC\OCCRC_drv.c **** \n			Implementation of all functions necessary to achieve the aim.
  10:C:/Workspace/FW_Platform2_5/trunk/Drivers/OCCRC\OCCRC_drv.c **** \n
  11:C:/Workspace/FW_Platform2_5/trunk/Drivers/OCCRC\OCCRC_drv.c **** \file		OCCRC_drv.c
  12:C:/Workspace/FW_Platform2_5/trunk/Drivers/OCCRC\OCCRC_drv.c **** \ingroup	OCCRC
  13:C:/Workspace/FW_Platform2_5/trunk/Drivers/OCCRC\OCCRC_drv.c **** \date		Feb 11, 2011
  14:C:/Workspace/FW_Platform2_5/trunk/Drivers/OCCRC\OCCRC_drv.c **** \version	01.00.01
  15:C:/Workspace/FW_Platform2_5/trunk/Drivers/OCCRC\OCCRC_drv.c **** \author		stefano.ughi
  16:C:/Workspace/FW_Platform2_5/trunk/Drivers/OCCRC\OCCRC_drv.c **** \n
  17:C:/Workspace/FW_Platform2_5/trunk/Drivers/OCCRC\OCCRC_drv.c **** \n
  18:C:/Workspace/FW_Platform2_5/trunk/Drivers/OCCRC\OCCRC_drv.c **** \par	History:
  19:C:/Workspace/FW_Platform2_5/trunk/Drivers/OCCRC\OCCRC_drv.c **** \n
  20:C:/Workspace/FW_Platform2_5/trunk/Drivers/OCCRC\OCCRC_drv.c **** \n 		01.00.00
  21:C:/Workspace/FW_Platform2_5/trunk/Drivers/OCCRC\OCCRC_drv.c **** \n		Apr 07,2011
  22:C:/Workspace/FW_Platform2_5/trunk/Drivers/OCCRC\OCCRC_drv.c **** \n		Stefano Ughi
  23:C:/Workspace/FW_Platform2_5/trunk/Drivers/OCCRC\OCCRC_drv.c **** \n		First Insertion
  24:C:/Workspace/FW_Platform2_5/trunk/Drivers/OCCRC\OCCRC_drv.c **** \n
  25:C:/Workspace/FW_Platform2_5/trunk/Drivers/OCCRC\OCCRC_drv.c **** \n 		01.00.01
  26:C:/Workspace/FW_Platform2_5/trunk/Drivers/OCCRC\OCCRC_drv.c **** \n		Apr 07,2011
  27:C:/Workspace/FW_Platform2_5/trunk/Drivers/OCCRC\OCCRC_drv.c **** \n		Stefano Ughi
  28:C:/Workspace/FW_Platform2_5/trunk/Drivers/OCCRC\OCCRC_drv.c **** \n		- Added IO_ErrorType CRC_InitSync(void)
  29:C:/Workspace/FW_Platform2_5/trunk/Drivers/OCCRC\OCCRC_drv.c **** \n      - Added IO_ErrorType CRC_DeInitSync(void)
  30:C:/Workspace/FW_Platform2_5/trunk/Drivers/OCCRC\OCCRC_drv.c **** \n
  31:C:/Workspace/FW_Platform2_5/trunk/Drivers/OCCRC\OCCRC_drv.c **** */
  32:C:/Workspace/FW_Platform2_5/trunk/Drivers/OCCRC\OCCRC_drv.c **** 
  33:C:/Workspace/FW_Platform2_5/trunk/Drivers/OCCRC\OCCRC_drv.c **** /* ******** */
  34:C:/Workspace/FW_Platform2_5/trunk/Drivers/OCCRC\OCCRC_drv.c **** /* Includes */
  35:C:/Workspace/FW_Platform2_5/trunk/Drivers/OCCRC\OCCRC_drv.c **** /* ******** */
  36:C:/Workspace/FW_Platform2_5/trunk/Drivers/OCCRC\OCCRC_drv.c **** #include "OCCRC_drv.h"
  37:C:/Workspace/FW_Platform2_5/trunk/Drivers/OCCRC\OCCRC_drv.c **** 
  38:C:/Workspace/FW_Platform2_5/trunk/Drivers/OCCRC\OCCRC_drv.c **** /* ****************** */
  39:C:/Workspace/FW_Platform2_5/trunk/Drivers/OCCRC\OCCRC_drv.c **** /* Defines and Macros */
  40:C:/Workspace/FW_Platform2_5/trunk/Drivers/OCCRC\OCCRC_drv.c **** /* ****************** */
  41:C:/Workspace/FW_Platform2_5/trunk/Drivers/OCCRC\OCCRC_drv.c **** 
  42:C:/Workspace/FW_Platform2_5/trunk/Drivers/OCCRC\OCCRC_drv.c **** 
  43:C:/Workspace/FW_Platform2_5/trunk/Drivers/OCCRC\OCCRC_drv.c **** /* *************************** */
  44:C:/Workspace/FW_Platform2_5/trunk/Drivers/OCCRC\OCCRC_drv.c **** /* Typedef, Structs and Unions */
  45:C:/Workspace/FW_Platform2_5/trunk/Drivers/OCCRC\OCCRC_drv.c **** /* *************************** */
  46:C:/Workspace/FW_Platform2_5/trunk/Drivers/OCCRC\OCCRC_drv.c **** 
  47:C:/Workspace/FW_Platform2_5/trunk/Drivers/OCCRC\OCCRC_drv.c **** 
  48:C:/Workspace/FW_Platform2_5/trunk/Drivers/OCCRC\OCCRC_drv.c **** /* ********* */
  49:C:/Workspace/FW_Platform2_5/trunk/Drivers/OCCRC\OCCRC_drv.c **** /* Variables */
  50:C:/Workspace/FW_Platform2_5/trunk/Drivers/OCCRC\OCCRC_drv.c **** /* ********* */
  51:C:/Workspace/FW_Platform2_5/trunk/Drivers/OCCRC\OCCRC_drv.c **** 
  52:C:/Workspace/FW_Platform2_5/trunk/Drivers/OCCRC\OCCRC_drv.c **** /* Global */
  53:C:/Workspace/FW_Platform2_5/trunk/Drivers/OCCRC\OCCRC_drv.c **** 
  54:C:/Workspace/FW_Platform2_5/trunk/Drivers/OCCRC\OCCRC_drv.c **** /* Static */
  55:C:/Workspace/FW_Platform2_5/trunk/Drivers/OCCRC\OCCRC_drv.c **** 
  56:C:/Workspace/FW_Platform2_5/trunk/Drivers/OCCRC\OCCRC_drv.c **** /* ******************* */
  57:C:/Workspace/FW_Platform2_5/trunk/Drivers/OCCRC\OCCRC_drv.c **** /* Functions Prototype */
  58:C:/Workspace/FW_Platform2_5/trunk/Drivers/OCCRC\OCCRC_drv.c **** /* ******************* */
  59:C:/Workspace/FW_Platform2_5/trunk/Drivers/OCCRC\OCCRC_drv.c **** 
  60:C:/Workspace/FW_Platform2_5/trunk/Drivers/OCCRC\OCCRC_drv.c **** /* Exported function */
  61:C:/Workspace/FW_Platform2_5/trunk/Drivers/OCCRC\OCCRC_drv.c **** 
  62:C:/Workspace/FW_Platform2_5/trunk/Drivers/OCCRC\OCCRC_drv.c **** /* Local Function */
  63:C:/Workspace/FW_Platform2_5/trunk/Drivers/OCCRC\OCCRC_drv.c **** 
  64:C:/Workspace/FW_Platform2_5/trunk/Drivers/OCCRC\OCCRC_drv.c **** /* *************** */
  65:C:/Workspace/FW_Platform2_5/trunk/Drivers/OCCRC\OCCRC_drv.c **** /* Function Bodies */
  66:C:/Workspace/FW_Platform2_5/trunk/Drivers/OCCRC\OCCRC_drv.c **** /* *************** */
  67:C:/Workspace/FW_Platform2_5/trunk/Drivers/OCCRC\OCCRC_drv.c **** #if defined (CONFIG_PL_DRV_OCCRC)
  68:C:/Workspace/FW_Platform2_5/trunk/Drivers/OCCRC\OCCRC_drv.c **** #if defined (CRC_HW_SUPPORTED)
  69:C:/Workspace/FW_Platform2_5/trunk/Drivers/OCCRC\OCCRC_drv.c **** 
  70:C:/Workspace/FW_Platform2_5/trunk/Drivers/OCCRC\OCCRC_drv.c **** /* Exported function */
  71:C:/Workspace/FW_Platform2_5/trunk/Drivers/OCCRC\OCCRC_drv.c **** /**
  72:C:/Workspace/FW_Platform2_5/trunk/Drivers/OCCRC\OCCRC_drv.c **** Module's init.
  73:C:/Workspace/FW_Platform2_5/trunk/Drivers/OCCRC\OCCRC_drv.c **** 
  74:C:/Workspace/FW_Platform2_5/trunk/Drivers/OCCRC\OCCRC_drv.c **** \return 	IO_ErrorType
  75:C:/Workspace/FW_Platform2_5/trunk/Drivers/OCCRC\OCCRC_drv.c **** 
  76:C:/Workspace/FW_Platform2_5/trunk/Drivers/OCCRC\OCCRC_drv.c **** \retval		IO_E_OK
  77:C:/Workspace/FW_Platform2_5/trunk/Drivers/OCCRC\OCCRC_drv.c **** 
  78:C:/Workspace/FW_Platform2_5/trunk/Drivers/OCCRC\OCCRC_drv.c **** \par Architecture Requirements ID: SARS_WMMT_MN_DrvCRC_2
  79:C:/Workspace/FW_Platform2_5/trunk/Drivers/OCCRC\OCCRC_drv.c **** */
  80:C:/Workspace/FW_Platform2_5/trunk/Drivers/OCCRC\OCCRC_drv.c **** IO_ErrorType OCCRC_InitSync(void)
  81:C:/Workspace/FW_Platform2_5/trunk/Drivers/OCCRC\OCCRC_drv.c **** {
  10                             		.loc 1 81 0
  82:C:/Workspace/FW_Platform2_5/trunk/Drivers/OCCRC\OCCRC_drv.c **** 	InitCRCmodule();
  11                             		.loc 1 82 0
  12 0000 FB EE 00 00 08          		mov.L	#0x80000, r14
  13 0005 FA E9 FF 01 0F A5       		mov.W	#0xffffa50f, 1022[r14]
  14 000b ED E4 05                		mov.L	20[r14], r4
  83:C:/Workspace/FW_Platform2_5/trunk/Drivers/OCCRC\OCCRC_drv.c **** 	return (IO_ErrorType)IO_E_OK;
  84:C:/Workspace/FW_Platform2_5/trunk/Drivers/OCCRC\OCCRC_drv.c **** }
  15                             		.loc 1 84 0
  16 000e 66 01                   		mov.L	#0, r1
  82:C:/Workspace/FW_Platform2_5/trunk/Drivers/OCCRC\OCCRC_drv.c **** 	InitCRCmodule();
  17                             		.loc 1 82 0
  18 0010 74 24 FF FF 7F FF       		and	#0xff7fffff, r4
  19 0016 E7 E4 05                		mov.L	r4, 20[r14]
  20 0019 FA E9 FF 01 00 A5       		mov.W	#0xffffa500, 1022[r14]
  21 001f FB EE 80 82 08          		mov.L	#0x88280, r14
  22 0024 CC E4                   		mov.B	[r14], r4
  23 0026 65 34                   		or	#3, r4
  24 0028 C3 E4                   		mov.B	r4, [r14]
  25 002a CC E4                   		mov.B	[r14], r4
  26 002c 65 44                   		or	#4, r4
  27 002e C3 E4                   		mov.B	r4, [r14]
  28 0030 CC E4                   		mov.B	[r14], r4
  29 0032 75 34 80                		or	#0xffffff80, r4
  30 0035 C3 E4                   		mov.B	r4, [r14]
  31 0037 F9 E5 01 00             		mov.W	#0, 2[r14]
  32                             		.loc 1 84 0
  33 003b 02                      		rts
  34                             	.LFE0:
  36                             		.section	.text.OCCRC_DeInitSync,"ax",@progbits
  37                             		.global	_OCCRC_DeInitSync
  39                             	_OCCRC_DeInitSync:
  40                             	.LFB1:
  85:C:/Workspace/FW_Platform2_5/trunk/Drivers/OCCRC\OCCRC_drv.c **** /**
  86:C:/Workspace/FW_Platform2_5/trunk/Drivers/OCCRC\OCCRC_drv.c **** Deinit CRC module, M.C.U. reset state.
  87:C:/Workspace/FW_Platform2_5/trunk/Drivers/OCCRC\OCCRC_drv.c **** 
  88:C:/Workspace/FW_Platform2_5/trunk/Drivers/OCCRC\OCCRC_drv.c **** \return 	IO_ErrorType
  89:C:/Workspace/FW_Platform2_5/trunk/Drivers/OCCRC\OCCRC_drv.c **** 
  90:C:/Workspace/FW_Platform2_5/trunk/Drivers/OCCRC\OCCRC_drv.c **** \retval		IO_E_OK
  91:C:/Workspace/FW_Platform2_5/trunk/Drivers/OCCRC\OCCRC_drv.c **** 
  92:C:/Workspace/FW_Platform2_5/trunk/Drivers/OCCRC\OCCRC_drv.c **** \note		After an CRC_DeInitSync call it's mandatory to call a CRC_InitSync
  93:C:/Workspace/FW_Platform2_5/trunk/Drivers/OCCRC\OCCRC_drv.c **** 			if you want use the driver.
  94:C:/Workspace/FW_Platform2_5/trunk/Drivers/OCCRC\OCCRC_drv.c **** \par Architecture Requirements ID: SARS_WMMT_MN_DrvCRC_2
  95:C:/Workspace/FW_Platform2_5/trunk/Drivers/OCCRC\OCCRC_drv.c **** */
  96:C:/Workspace/FW_Platform2_5/trunk/Drivers/OCCRC\OCCRC_drv.c **** IO_ErrorType OCCRC_DeInitSync(void)
  97:C:/Workspace/FW_Platform2_5/trunk/Drivers/OCCRC\OCCRC_drv.c **** {
  41                             		.loc 1 97 0
  98:C:/Workspace/FW_Platform2_5/trunk/Drivers/OCCRC\OCCRC_drv.c **** 	DeInitCRCmodule();
  42                             		.loc 1 98 0
  43 0000 FB EE 80 82 08          		mov.L	#0x88280, r14
  44 0005 CC E4                   		mov.B	[r14], r4
  45 0007 F8 E4 00                		mov.B	#0, [r14]
  46 000a CC E4                   		mov.B	[r14], r4
  99:C:/Workspace/FW_Platform2_5/trunk/Drivers/OCCRC\OCCRC_drv.c **** 	return (IO_ErrorType)IO_E_OK;
 100:C:/Workspace/FW_Platform2_5/trunk/Drivers/OCCRC\OCCRC_drv.c **** }
  47                             		.loc 1 100 0
  48 000c 66 01                   		mov.L	#0, r1
  98:C:/Workspace/FW_Platform2_5/trunk/Drivers/OCCRC\OCCRC_drv.c **** 	DeInitCRCmodule();
  49                             		.loc 1 98 0
  50 000e F8 E4 00                		mov.B	#0, [r14]
  51                             		.loc 1 100 0
  52 0011 02                      		rts
  53                             	.LFE1:
  55                             		.section	.text.OCCRC_Calculate,"ax",@progbits
  56                             		.global	_OCCRC_Calculate
  58                             	_OCCRC_Calculate:
  59                             	.LFB2:
 101:C:/Workspace/FW_Platform2_5/trunk/Drivers/OCCRC\OCCRC_drv.c **** 
 102:C:/Workspace/FW_Platform2_5/trunk/Drivers/OCCRC\OCCRC_drv.c **** /**
 103:C:/Workspace/FW_Platform2_5/trunk/Drivers/OCCRC\OCCRC_drv.c **** Crc CCITT hardware computation.
 104:C:/Workspace/FW_Platform2_5/trunk/Drivers/OCCRC\OCCRC_drv.c **** Polynomial: x^16+x^12+x^5+1
 105:C:/Workspace/FW_Platform2_5/trunk/Drivers/OCCRC\OCCRC_drv.c **** 
 106:C:/Workspace/FW_Platform2_5/trunk/Drivers/OCCRC\OCCRC_drv.c **** \param  [in]		len number of bytes on which CRC is calculated
 107:C:/Workspace/FW_Platform2_5/trunk/Drivers/OCCRC\OCCRC_drv.c **** \param  [in]		pSource point to the first byte of the array on which CRC is calculated
 108:C:/Workspace/FW_Platform2_5/trunk/Drivers/OCCRC\OCCRC_drv.c **** \param  [in]		seed is the initial value for CRC computation, typically 0xFFFF but\n
 109:C:/Workspace/FW_Platform2_5/trunk/Drivers/OCCRC\OCCRC_drv.c ****                     if you have some fixed bytes you may precompute CRC and pass it as seed.\n
 110:C:/Workspace/FW_Platform2_5/trunk/Drivers/OCCRC\OCCRC_drv.c ****                     (E.g. Master Mode Tx)
 111:C:/Workspace/FW_Platform2_5/trunk/Drivers/OCCRC\OCCRC_drv.c **** 
 112:C:/Workspace/FW_Platform2_5/trunk/Drivers/OCCRC\OCCRC_drv.c **** \return 	uint16_t
 113:C:/Workspace/FW_Platform2_5/trunk/Drivers/OCCRC\OCCRC_drv.c **** \retval		crc
 114:C:/Workspace/FW_Platform2_5/trunk/Drivers/OCCRC\OCCRC_drv.c **** 
 115:C:/Workspace/FW_Platform2_5/trunk/Drivers/OCCRC\OCCRC_drv.c **** \todo       Insert WatchDog Refresh
 116:C:/Workspace/FW_Platform2_5/trunk/Drivers/OCCRC\OCCRC_drv.c **** */
 117:C:/Workspace/FW_Platform2_5/trunk/Drivers/OCCRC\OCCRC_drv.c **** uint16_t OCCRC_Calculate (IO_BufferSizeType len, uint8_t *pSource, uint16_t seed)
 118:C:/Workspace/FW_Platform2_5/trunk/Drivers/OCCRC\OCCRC_drv.c **** {
  60                             		.loc 1 118 0
  61                             	.LVL0:
 119:C:/Workspace/FW_Platform2_5/trunk/Drivers/OCCRC\OCCRC_drv.c **** 	IO_BufferSizeType i;
 120:C:/Workspace/FW_Platform2_5/trunk/Drivers/OCCRC\OCCRC_drv.c **** 	uint16_t orig_crc;
 121:C:/Workspace/FW_Platform2_5/trunk/Drivers/OCCRC\OCCRC_drv.c **** 	uint16_t crc;
 122:C:/Workspace/FW_Platform2_5/trunk/Drivers/OCCRC\OCCRC_drv.c **** 	uint8_t	*pData=pSource;
 123:C:/Workspace/FW_Platform2_5/trunk/Drivers/OCCRC\OCCRC_drv.c **** 
 124:C:/Workspace/FW_Platform2_5/trunk/Drivers/OCCRC\OCCRC_drv.c **** 	orig_crc = (uint16_t) GetFinalCRC();
  62                             		.loc 1 124 0
  63 0000 FB EE 80 82 08          		mov.L	#0x88280, r14
 125:C:/Workspace/FW_Platform2_5/trunk/Drivers/OCCRC\OCCRC_drv.c **** 
 126:C:/Workspace/FW_Platform2_5/trunk/Drivers/OCCRC\OCCRC_drv.c **** 	InitCRC(seed);
  64                             		.loc 1 126 0
  65 0005 FB 4E 00 00 08          		mov.L	#0x80000, r4
 124:C:/Workspace/FW_Platform2_5/trunk/Drivers/OCCRC\OCCRC_drv.c **** 	orig_crc = (uint16_t) GetFinalCRC();
  66                             		.loc 1 124 0
  67 000a DD EF 01                		mov.W	2[r14], r15
  68                             	.LVL1:
  69                             		.loc 1 126 0
  70 000d FA 49 FF 01 0F A5       		mov.W	#0xffffa50f, 1022[r4]
  71 0013 A9 4D                   		mov.L	20[r4], r5
 127:C:/Workspace/FW_Platform2_5/trunk/Drivers/OCCRC\OCCRC_drv.c **** 
 128:C:/Workspace/FW_Platform2_5/trunk/Drivers/OCCRC\OCCRC_drv.c **** 	for(i=0; i<len; i++)
  72                             		.loc 1 128 0
  73 0015 5F 11                   		movu.W	r1, r1
 126:C:/Workspace/FW_Platform2_5/trunk/Drivers/OCCRC\OCCRC_drv.c **** 	InitCRC(seed);
  74                             		.loc 1 126 0
  75 0017 74 25 FF FF 7F FF       		and	#0xff7fffff, r5
  76 001d A1 4D                   		mov.L	r5, 20[r4]
  77 001f FA 49 FF 01 00 A5       		mov.W	#0xffffa500, 1022[r4]
  78 0025 CC E4                   		mov.B	[r14], r4
  79 0027 65 34                   		or	#3, r4
  80 0029 C3 E4                   		mov.B	r4, [r14]
  81 002b CC E4                   		mov.B	[r14], r4
  82 002d 65 44                   		or	#4, r4
  83 002f C3 E4                   		mov.B	r4, [r14]
  84 0031 CC E4                   		mov.B	[r14], r4
  85 0033 75 34 80                		or	#0xffffff80, r4
  86 0036 C3 E4                   		mov.B	r4, [r14]
  87 0038 D7 E3 01                		mov.W	r3, 2[r14]
  88                             	.LVL2:
 122:C:/Workspace/FW_Platform2_5/trunk/Drivers/OCCRC\OCCRC_drv.c **** 	uint8_t	*pData=pSource;
  89                             		.loc 1 122 0
  90 003b EF 23                   		mov.L	r2, r3
  91                             	.LVL3:
  92                             		.loc 1 128 0
  93 003d 2E 09                   		bra	.L4
  94                             	.LVL4:
  95                             	.L5:
 129:C:/Workspace/FW_Platform2_5/trunk/Drivers/OCCRC\OCCRC_drv.c **** 	{
 130:C:/Workspace/FW_Platform2_5/trunk/Drivers/OCCRC\OCCRC_drv.c **** 
 131:C:/Workspace/FW_Platform2_5/trunk/Drivers/OCCRC\OCCRC_drv.c **** 		ComputeCRC(*pData);
  96                             		.loc 1 131 0 discriminator 2
  97 003f FD 28 34                		mov.B	[r3+], r4
  98                             	.LVL5:
  99 0042 C7 E4 01                		mov.B	r4, 1[r14]
 100                             	.LVL6:
 101 0045 03                      		.balign 2,3,2
 102                             	.L4:
 128:C:/Workspace/FW_Platform2_5/trunk/Drivers/OCCRC\OCCRC_drv.c **** 	for(i=0; i<len; i++)
 103                             		.loc 1 128 0 discriminator 1
 104 0046 FF 05 23                		sub	r2, r3, r5
 105 0049 5F 55                   		movu.W	r5, r5
 106 004b 47 51                   		cmp	r5, r1
 107 004d FB 4E 80 82 08          		mov.L	#0x88280, r4
 108 0052 24 ED                   		bgtu	.L5
 132:C:/Workspace/FW_Platform2_5/trunk/Drivers/OCCRC\OCCRC_drv.c **** 		pData++;
 133:C:/Workspace/FW_Platform2_5/trunk/Drivers/OCCRC\OCCRC_drv.c **** 
 134:C:/Workspace/FW_Platform2_5/trunk/Drivers/OCCRC\OCCRC_drv.c **** 	}
 135:C:/Workspace/FW_Platform2_5/trunk/Drivers/OCCRC\OCCRC_drv.c **** 	crc = (uint16_t) GetFinalCRC();
 136:C:/Workspace/FW_Platform2_5/trunk/Drivers/OCCRC\OCCRC_drv.c **** 	InitCRC(orig_crc);
 109                             		.loc 1 136 0
 110 0054 FB EE 00 00 08          		mov.L	#0x80000, r14
 111                             	.LVL7:
 135:C:/Workspace/FW_Platform2_5/trunk/Drivers/OCCRC\OCCRC_drv.c **** 	crc = (uint16_t) GetFinalCRC();
 112                             		.loc 1 135 0
 113 0059 98 49                   		mov.W	2[r4], r1
 114                             	.LVL8:
 115                             		.loc 1 136 0
 116 005b FA E9 FF 01 0F A5       		mov.W	#0xffffa50f, 1022[r14]
 117 0061 ED E3 05                		mov.L	20[r14], r3
 118                             	.LVL9:
 137:C:/Workspace/FW_Platform2_5/trunk/Drivers/OCCRC\OCCRC_drv.c **** 	return crc;
 138:C:/Workspace/FW_Platform2_5/trunk/Drivers/OCCRC\OCCRC_drv.c **** 
 139:C:/Workspace/FW_Platform2_5/trunk/Drivers/OCCRC\OCCRC_drv.c **** }
 119                             		.loc 1 139 0
 120 0064 5F 11                   		movu.W	r1, r1
 136:C:/Workspace/FW_Platform2_5/trunk/Drivers/OCCRC\OCCRC_drv.c **** 	InitCRC(orig_crc);
 121                             		.loc 1 136 0
 122 0066 74 23 FF FF 7F FF       		and	#0xff7fffff, r3
 123 006c E7 E3 05                		mov.L	r3, 20[r14]
 124 006f FA E9 FF 01 00 A5       		mov.W	#0xffffa500, 1022[r14]
 125 0075 CC 4E                   		mov.B	[r4], r14
 126 0077 65 3E                   		or	#3, r14
 127 0079 C3 4E                   		mov.B	r14, [r4]
 128 007b CC 4E                   		mov.B	[r4], r14
 129 007d 65 4E                   		or	#4, r14
 130 007f C3 4E                   		mov.B	r14, [r4]
 131 0081 CC 4E                   		mov.B	[r4], r14
 132 0083 75 3E 80                		or	#0xffffff80, r14
 133 0086 C3 4E                   		mov.B	r14, [r4]
 134 0088 D7 4F 01                		mov.W	r15, 2[r4]
 135                             		.loc 1 139 0
 136 008b 02                      		rts
 137                             	.LFE2:
 181                             	.Letext0:
 182                             		.file 2 "C:\\Workspace\\FW_Platform2_5\\trunk\\HAL\\HAL_General/StandardTypes.h"
 183                             		.file 3 "C:\\Workspace\\FW_Platform2_5\\trunk\\HAL\\RN_RX200/RN_RX200_reg.h"
 184                             		.file 4 "C:\\Workspace\\FW_Platform2_5\\trunk\\Drivers/IO_driver.h"
