   1                             		.file	"OCLVD_drv.c"
   2                             		.section P,"ax"
   3                             	.Ltext0:
   4                             		.global	___floatsisf
   5                             		.global	___gtsf2
   6                             		.section	.text.OCLVDR_SetSync,"ax",@progbits
   7                             		.global	_OCLVDR_SetSync
   9                             	_OCLVDR_SetSync:
  10                             	.LFB0:
  11                             		.file 1 "C:/Workspace/FW_Platform2_5/trunk/Drivers/OCLVD/OCLVD_drv.c"
   1:C:/Workspace/FW_Platform2_5/trunk/Drivers/OCLVD\OCLVD_drv.c **** /*
   2:C:/Workspace/FW_Platform2_5/trunk/Drivers/OCLVD\OCLVD_drv.c **** Copyright (c) 2004-2005, Indesit Company, I.D.D..
   3:C:/Workspace/FW_Platform2_5/trunk/Drivers/OCLVD\OCLVD_drv.c **** Tutti i diritti sono riservati. All rights reserved.
   4:C:/Workspace/FW_Platform2_5/trunk/Drivers/OCLVD\OCLVD_drv.c **** */
   5:C:/Workspace/FW_Platform2_5/trunk/Drivers/OCLVD\OCLVD_drv.c **** 
   6:C:/Workspace/FW_Platform2_5/trunk/Drivers/OCLVD\OCLVD_drv.c **** /**
   7:C:/Workspace/FW_Platform2_5/trunk/Drivers/OCLVD\OCLVD_drv.c **** \n
   8:C:/Workspace/FW_Platform2_5/trunk/Drivers/OCLVD\OCLVD_drv.c **** \Par		OCLVD_drv.c
   9:C:/Workspace/FW_Platform2_5/trunk/Drivers/OCLVD\OCLVD_drv.c **** \n			Implementation of all functions necessary to achieve the aim.
  10:C:/Workspace/FW_Platform2_5/trunk/Drivers/OCLVD\OCLVD_drv.c **** \n
  11:C:/Workspace/FW_Platform2_5/trunk/Drivers/OCLVD\OCLVD_drv.c **** \file		OCLVD_drv.c
  12:C:/Workspace/FW_Platform2_5/trunk/Drivers/OCLVD\OCLVD_drv.c **** \ingroup	OCLVD
  13:C:/Workspace/FW_Platform2_5/trunk/Drivers/OCLVD\OCLVD_drv.c **** \date		May 6, 2010
  14:C:/Workspace/FW_Platform2_5/trunk/Drivers/OCLVD\OCLVD_drv.c **** \version	00.00.01
  15:C:/Workspace/FW_Platform2_5/trunk/Drivers/OCLVD\OCLVD_drv.c **** \author		Jaroslav Musil
  16:C:/Workspace/FW_Platform2_5/trunk/Drivers/OCLVD\OCLVD_drv.c **** \n
  17:C:/Workspace/FW_Platform2_5/trunk/Drivers/OCLVD\OCLVD_drv.c **** \n
  18:C:/Workspace/FW_Platform2_5/trunk/Drivers/OCLVD\OCLVD_drv.c **** \Par\b	History:
  19:C:/Workspace/FW_Platform2_5/trunk/Drivers/OCLVD\OCLVD_drv.c **** \n
  20:C:/Workspace/FW_Platform2_5/trunk/Drivers/OCLVD\OCLVD_drv.c **** \n 		00.00.01
  21:C:/Workspace/FW_Platform2_5/trunk/Drivers/OCLVD\OCLVD_drv.c **** \n		06/05/2010
  22:C:/Workspace/FW_Platform2_5/trunk/Drivers/OCLVD\OCLVD_drv.c **** \n		Jaroslav Musil
  23:C:/Workspace/FW_Platform2_5/trunk/Drivers/OCLVD\OCLVD_drv.c **** \n		First Insertion
  24:C:/Workspace/FW_Platform2_5/trunk/Drivers/OCLVD\OCLVD_drv.c **** \n
  25:C:/Workspace/FW_Platform2_5/trunk/Drivers/OCLVD\OCLVD_drv.c **** \n
  26:C:/Workspace/FW_Platform2_5/trunk/Drivers/OCLVD\OCLVD_drv.c **** */
  27:C:/Workspace/FW_Platform2_5/trunk/Drivers/OCLVD\OCLVD_drv.c **** 
  28:C:/Workspace/FW_Platform2_5/trunk/Drivers/OCLVD\OCLVD_drv.c **** /* ******** */
  29:C:/Workspace/FW_Platform2_5/trunk/Drivers/OCLVD\OCLVD_drv.c **** /* Includes */
  30:C:/Workspace/FW_Platform2_5/trunk/Drivers/OCLVD\OCLVD_drv.c **** /* ******** */
  31:C:/Workspace/FW_Platform2_5/trunk/Drivers/OCLVD\OCLVD_drv.c **** #include "OCLVD_drv.h"
  32:C:/Workspace/FW_Platform2_5/trunk/Drivers/OCLVD\OCLVD_drv.c **** #include "LIB_TaskMonitoring.h"
  33:C:/Workspace/FW_Platform2_5/trunk/Drivers/OCLVD\OCLVD_drv.c **** 
  34:C:/Workspace/FW_Platform2_5/trunk/Drivers/OCLVD\OCLVD_drv.c **** /* ****************** */
  35:C:/Workspace/FW_Platform2_5/trunk/Drivers/OCLVD\OCLVD_drv.c **** /* Defines and Macros */
  36:C:/Workspace/FW_Platform2_5/trunk/Drivers/OCLVD\OCLVD_drv.c **** /* ****************** */
  37:C:/Workspace/FW_Platform2_5/trunk/Drivers/OCLVD\OCLVD_drv.c **** 
  38:C:/Workspace/FW_Platform2_5/trunk/Drivers/OCLVD\OCLVD_drv.c **** 
  39:C:/Workspace/FW_Platform2_5/trunk/Drivers/OCLVD\OCLVD_drv.c **** /* *************************** */
  40:C:/Workspace/FW_Platform2_5/trunk/Drivers/OCLVD\OCLVD_drv.c **** /* Typedef, Structs and Unions */
  41:C:/Workspace/FW_Platform2_5/trunk/Drivers/OCLVD\OCLVD_drv.c **** /* *************************** */
  42:C:/Workspace/FW_Platform2_5/trunk/Drivers/OCLVD\OCLVD_drv.c **** /** Commands and status */
  43:C:/Workspace/FW_Platform2_5/trunk/Drivers/OCLVD\OCLVD_drv.c **** typedef struct LvdStateTag
  44:C:/Workspace/FW_Platform2_5/trunk/Drivers/OCLVD\OCLVD_drv.c **** {
  45:C:/Workspace/FW_Platform2_5/trunk/Drivers/OCLVD\OCLVD_drv.c **** 	/** if '1' first setup done */
  46:C:/Workspace/FW_Platform2_5/trunk/Drivers/OCLVD\OCLVD_drv.c **** 	bool_t setupDone:1;
  47:C:/Workspace/FW_Platform2_5/trunk/Drivers/OCLVD\OCLVD_drv.c **** 	/** free for future use */
  48:C:/Workspace/FW_Platform2_5/trunk/Drivers/OCLVD\OCLVD_drv.c **** 	bool_t free:7;
  49:C:/Workspace/FW_Platform2_5/trunk/Drivers/OCLVD\OCLVD_drv.c **** } LvdState_t;
  50:C:/Workspace/FW_Platform2_5/trunk/Drivers/OCLVD\OCLVD_drv.c **** 
  51:C:/Workspace/FW_Platform2_5/trunk/Drivers/OCLVD\OCLVD_drv.c **** 
  52:C:/Workspace/FW_Platform2_5/trunk/Drivers/OCLVD\OCLVD_drv.c **** /* ********* */
  53:C:/Workspace/FW_Platform2_5/trunk/Drivers/OCLVD\OCLVD_drv.c **** /* Variables */
  54:C:/Workspace/FW_Platform2_5/trunk/Drivers/OCLVD\OCLVD_drv.c **** /* ********* */
  55:C:/Workspace/FW_Platform2_5/trunk/Drivers/OCLVD\OCLVD_drv.c **** 
  56:C:/Workspace/FW_Platform2_5/trunk/Drivers/OCLVD\OCLVD_drv.c **** /* Global */
  57:C:/Workspace/FW_Platform2_5/trunk/Drivers/OCLVD\OCLVD_drv.c **** 
  58:C:/Workspace/FW_Platform2_5/trunk/Drivers/OCLVD\OCLVD_drv.c **** /* Static */
  59:C:/Workspace/FW_Platform2_5/trunk/Drivers/OCLVD\OCLVD_drv.c **** static Comm_Notification callback;
  60:C:/Workspace/FW_Platform2_5/trunk/Drivers/OCLVD\OCLVD_drv.c **** static LvdState_t LvdState;
  61:C:/Workspace/FW_Platform2_5/trunk/Drivers/OCLVD\OCLVD_drv.c **** /* ******************* */
  62:C:/Workspace/FW_Platform2_5/trunk/Drivers/OCLVD\OCLVD_drv.c **** /* Functions Prototype */
  63:C:/Workspace/FW_Platform2_5/trunk/Drivers/OCLVD\OCLVD_drv.c **** /* ******************* */
  64:C:/Workspace/FW_Platform2_5/trunk/Drivers/OCLVD\OCLVD_drv.c **** 
  65:C:/Workspace/FW_Platform2_5/trunk/Drivers/OCLVD\OCLVD_drv.c **** /* Exported function */
  66:C:/Workspace/FW_Platform2_5/trunk/Drivers/OCLVD\OCLVD_drv.c **** 
  67:C:/Workspace/FW_Platform2_5/trunk/Drivers/OCLVD\OCLVD_drv.c **** /* Local Function */
  68:C:/Workspace/FW_Platform2_5/trunk/Drivers/OCLVD\OCLVD_drv.c **** 
  69:C:/Workspace/FW_Platform2_5/trunk/Drivers/OCLVD\OCLVD_drv.c **** 
  70:C:/Workspace/FW_Platform2_5/trunk/Drivers/OCLVD\OCLVD_drv.c **** /* *************** */
  71:C:/Workspace/FW_Platform2_5/trunk/Drivers/OCLVD\OCLVD_drv.c **** /* Function Bodies */
  72:C:/Workspace/FW_Platform2_5/trunk/Drivers/OCLVD\OCLVD_drv.c **** /* *************** */
  73:C:/Workspace/FW_Platform2_5/trunk/Drivers/OCLVD\OCLVD_drv.c **** 
  74:C:/Workspace/FW_Platform2_5/trunk/Drivers/OCLVD\OCLVD_drv.c **** /* Exported function */
  75:C:/Workspace/FW_Platform2_5/trunk/Drivers/OCLVD\OCLVD_drv.c **** /**
  76:C:/Workspace/FW_Platform2_5/trunk/Drivers/OCLVD\OCLVD_drv.c **** Sets the low voltage detection level to generate LV reset. Turns on the LV detection
  77:C:/Workspace/FW_Platform2_5/trunk/Drivers/OCLVD\OCLVD_drv.c **** mode and turns on the reset on LV feature.
  78:C:/Workspace/FW_Platform2_5/trunk/Drivers/OCLVD\OCLVD_drv.c **** 
  79:C:/Workspace/FW_Platform2_5/trunk/Drivers/OCLVD\OCLVD_drv.c **** \param  [in]	tripPointVR - low voltage trip in volt * 10
  80:C:/Workspace/FW_Platform2_5/trunk/Drivers/OCLVD\OCLVD_drv.c **** 
  81:C:/Workspace/FW_Platform2_5/trunk/Drivers/OCLVD\OCLVD_drv.c **** \return 	IO_ErrorType
  82:C:/Workspace/FW_Platform2_5/trunk/Drivers/OCLVD\OCLVD_drv.c **** 
  83:C:/Workspace/FW_Platform2_5/trunk/Drivers/OCLVD\OCLVD_drv.c **** \retval		IO_E_OK
  84:C:/Workspace/FW_Platform2_5/trunk/Drivers/OCLVD\OCLVD_drv.c **** \retval     IO_E_INVALID_VALUE - trip > than conventional Vdd
  85:C:/Workspace/FW_Platform2_5/trunk/Drivers/OCLVD\OCLVD_drv.c **** 
  86:C:/Workspace/FW_Platform2_5/trunk/Drivers/OCLVD\OCLVD_drv.c **** \author 	Jaroslav Musil
  87:C:/Workspace/FW_Platform2_5/trunk/Drivers/OCLVD\OCLVD_drv.c **** \date		May 6, 2010
  88:C:/Workspace/FW_Platform2_5/trunk/Drivers/OCLVD\OCLVD_drv.c **** \version	1.0.0
  89:C:/Workspace/FW_Platform2_5/trunk/Drivers/OCLVD\OCLVD_drv.c **** 
  90:C:/Workspace/FW_Platform2_5/trunk/Drivers/OCLVD\OCLVD_drv.c **** \note		\par \b Note 1:
  91:C:/Workspace/FW_Platform2_5/trunk/Drivers/OCLVD\OCLVD_drv.c ****             Feb 25,2011
  92:C:/Workspace/FW_Platform2_5/trunk/Drivers/OCLVD\OCLVD_drv.c **** 		    Rewritten because of several mistakes \n
  93:C:/Workspace/FW_Platform2_5/trunk/Drivers/OCLVD\OCLVD_drv.c ****             on AG128 SPMSC1 and SPMSC2 are one time writable on some bits (Stefano Ughi).\n
  94:C:/Workspace/FW_Platform2_5/trunk/Drivers/OCLVD\OCLVD_drv.c ****             added flag LvdState.setupDone
  95:C:/Workspace/FW_Platform2_5/trunk/Drivers/OCLVD\OCLVD_drv.c **** 
  96:C:/Workspace/FW_Platform2_5/trunk/Drivers/OCLVD\OCLVD_drv.c **** */
  97:C:/Workspace/FW_Platform2_5/trunk/Drivers/OCLVD\OCLVD_drv.c **** IO_ErrorType OCLVDR_SetSync(LVDR_TripPointType tripPointVR)
  98:C:/Workspace/FW_Platform2_5/trunk/Drivers/OCLVD\OCLVD_drv.c **** {
  12                             		.loc 1 98 0
  13                             	.LVL0:
  14 0000 6E 7B                   		pushm	r7-r11
  15                             	.LCFI0:
  16                             		.loc 1 98 0
  17 0002 CF 1B                   		mov.B	r1, r11
  99:C:/Workspace/FW_Platform2_5/trunk/Drivers/OCLVD\OCLVD_drv.c **** 	if ( tripPointVR > UC_VDD_X_10 )
  18                             		.loc 1 99 0
  19 0004 5B 11                   		movu.B	r1, r1
  20                             	.LVL1:
  21 0006 05 00 00 00             		bsr	___floatsisf
  22                             	.LVL2:
  23 000a FB 22 00 00 04 42       		mov.L	#0x42040000, r2
  24 0010 05 00 00 00             		bsr	___gtsf2
  25                             	.LVL3:
  26 0014 61 01                   		cmp	#0, r1
  27 0016 2A 22                   		bgt	.L3
 100:C:/Workspace/FW_Platform2_5/trunk/Drivers/OCLVD\OCLVD_drv.c **** 	{
 101:C:/Workspace/FW_Platform2_5/trunk/Drivers/OCLVD\OCLVD_drv.c **** 		return (IO_ErrorType)IO_E_INVALID_VALUE;
 102:C:/Workspace/FW_Platform2_5/trunk/Drivers/OCLVD\OCLVD_drv.c **** 	}
 103:C:/Workspace/FW_Platform2_5/trunk/Drivers/OCLVD\OCLVD_drv.c **** 
 104:C:/Workspace/FW_Platform2_5/trunk/Drivers/OCLVD\OCLVD_drv.c **** 	/* Sets the trip for detection to reset */
 105:C:/Workspace/FW_Platform2_5/trunk/Drivers/OCLVD\OCLVD_drv.c **** 	if ( LvdState.setupDone )
  28                             		.loc 1 105 0
  29 0018 FB A2 00 00 00 00       		mov.L	#_LvdState, r10
  30 001e EC A7                   		mov.L	[r10], r7
  31 0020 74 27 00 00 00 80       		and	#0x80000000, r7
  32 0026 21 17                   		bne	.L4
 106:C:/Workspace/FW_Platform2_5/trunk/Drivers/OCLVD\OCLVD_drv.c **** 	{
 107:C:/Workspace/FW_Platform2_5/trunk/Drivers/OCLVD\OCLVD_drv.c **** 		if ( LVD_AllowUpDate() )
 108:C:/Workspace/FW_Platform2_5/trunk/Drivers/OCLVD\OCLVD_drv.c **** 		{
 109:C:/Workspace/FW_Platform2_5/trunk/Drivers/OCLVD\OCLVD_drv.c **** 			LVDR_SetUp(tripPointVR);
 110:C:/Workspace/FW_Platform2_5/trunk/Drivers/OCLVD\OCLVD_drv.c **** 			return (IO_ErrorType)IO_E_OK;
 111:C:/Workspace/FW_Platform2_5/trunk/Drivers/OCLVD\OCLVD_drv.c **** 		}
 112:C:/Workspace/FW_Platform2_5/trunk/Drivers/OCLVD\OCLVD_drv.c **** 		else
 113:C:/Workspace/FW_Platform2_5/trunk/Drivers/OCLVD\OCLVD_drv.c **** 		{
 114:C:/Workspace/FW_Platform2_5/trunk/Drivers/OCLVD\OCLVD_drv.c **** 			return (IO_ErrorType)IO_E_UNEXPECTED_CONDITION;
 115:C:/Workspace/FW_Platform2_5/trunk/Drivers/OCLVD\OCLVD_drv.c **** 		}
 116:C:/Workspace/FW_Platform2_5/trunk/Drivers/OCLVD\OCLVD_drv.c **** 	}
 117:C:/Workspace/FW_Platform2_5/trunk/Drivers/OCLVD\OCLVD_drv.c **** 	else
 118:C:/Workspace/FW_Platform2_5/trunk/Drivers/OCLVD\OCLVD_drv.c **** 	{
 119:C:/Workspace/FW_Platform2_5/trunk/Drivers/OCLVD\OCLVD_drv.c **** 		LVDR_SetUp(tripPointVR);
  33                             		.loc 1 119 0
  34 0028 CF B1                   		mov.B	r11, r1
  35 002a 05 00 00 00             		bsr	_LVDR_SetUp
  36                             	.LVL4:
 120:C:/Workspace/FW_Platform2_5/trunk/Drivers/OCLVD\OCLVD_drv.c **** 		LvdState.setupDone = 1;
  37                             		.loc 1 120 0
  38 002e CC AB                   		mov.B	[r10], r11
  39                             	.LVL5:
 121:C:/Workspace/FW_Platform2_5/trunk/Drivers/OCLVD\OCLVD_drv.c **** 		return (IO_ErrorType)IO_E_OK;
  40                             		.loc 1 121 0
  41 0030 CF 71                   		mov.B	r7, r1
 120:C:/Workspace/FW_Platform2_5/trunk/Drivers/OCLVD\OCLVD_drv.c **** 		LvdState.setupDone = 1;
  42                             		.loc 1 120 0
  43 0032 78 7B                   		bset	#7, r11
  44 0034 C3 AB                   		mov.B	r11, [r10]
  45                             		.loc 1 121 0
  46 0036 2E 0A                   		bra	.L2
  47                             	.LVL6:
  48                             	.L3:
 101:C:/Workspace/FW_Platform2_5/trunk/Drivers/OCLVD\OCLVD_drv.c **** 		return (IO_ErrorType)IO_E_INVALID_VALUE;
  49                             		.loc 1 101 0
  50 0038 75 41 13                		mov	#19, r1
  51 003b 2E 05                   		bra	.L2
  52                             	.L4:
 114:C:/Workspace/FW_Platform2_5/trunk/Drivers/OCLVD\OCLVD_drv.c **** 			return (IO_ErrorType)IO_E_UNEXPECTED_CONDITION;
  53                             		.loc 1 114 0
  54 003d 75 41 17                		mov	#23, r1
  55                             	.LVL7:
  56                             		.balign 2,3,2
  57                             	.L2:
 122:C:/Workspace/FW_Platform2_5/trunk/Drivers/OCLVD\OCLVD_drv.c **** 	}
 123:C:/Workspace/FW_Platform2_5/trunk/Drivers/OCLVD\OCLVD_drv.c **** }
  58                             		.loc 1 123 0
  59 0040 75 21 17                		and	#23, r1
  60 0043 3F 7B 05                		rtsd	#20, r7-r11
  61                             	.LFE0:
  63                             		.section	.text.OCLVDNR_SetSync,"ax",@progbits
  64                             		.global	_OCLVDNR_SetSync
  66                             	_OCLVDNR_SetSync:
  67                             	.LFB1:
 124:C:/Workspace/FW_Platform2_5/trunk/Drivers/OCLVD\OCLVD_drv.c **** /**
 125:C:/Workspace/FW_Platform2_5/trunk/Drivers/OCLVD\OCLVD_drv.c **** Disable reset on Low Voltage Detection.
 126:C:/Workspace/FW_Platform2_5/trunk/Drivers/OCLVD\OCLVD_drv.c **** 
 127:C:/Workspace/FW_Platform2_5/trunk/Drivers/OCLVD\OCLVD_drv.c **** \return 	IO_ErrorType
 128:C:/Workspace/FW_Platform2_5/trunk/Drivers/OCLVD\OCLVD_drv.c **** 
 129:C:/Workspace/FW_Platform2_5/trunk/Drivers/OCLVD\OCLVD_drv.c **** \retval		IO_E_OK
 130:C:/Workspace/FW_Platform2_5/trunk/Drivers/OCLVD\OCLVD_drv.c **** 
 131:C:/Workspace/FW_Platform2_5/trunk/Drivers/OCLVD\OCLVD_drv.c **** \author 	Stefano Ughi
 132:C:/Workspace/FW_Platform2_5/trunk/Drivers/OCLVD\OCLVD_drv.c **** \date		Dec 7, 2010
 133:C:/Workspace/FW_Platform2_5/trunk/Drivers/OCLVD\OCLVD_drv.c **** \version	1.0.0
 134:C:/Workspace/FW_Platform2_5/trunk/Drivers/OCLVD\OCLVD_drv.c **** 
 135:C:/Workspace/FW_Platform2_5/trunk/Drivers/OCLVD\OCLVD_drv.c **** \note		\par \b Note 1:
 136:C:/Workspace/FW_Platform2_5/trunk/Drivers/OCLVD\OCLVD_drv.c ****             Feb 25,2011
 137:C:/Workspace/FW_Platform2_5/trunk/Drivers/OCLVD\OCLVD_drv.c ****             added flag LvdState.setupDone
 138:C:/Workspace/FW_Platform2_5/trunk/Drivers/OCLVD\OCLVD_drv.c **** 
 139:C:/Workspace/FW_Platform2_5/trunk/Drivers/OCLVD\OCLVD_drv.c **** */
 140:C:/Workspace/FW_Platform2_5/trunk/Drivers/OCLVD\OCLVD_drv.c **** IO_ErrorType OCLVDNR_SetSync(void)
 141:C:/Workspace/FW_Platform2_5/trunk/Drivers/OCLVD\OCLVD_drv.c **** {
  68                             		.loc 1 141 0
 142:C:/Workspace/FW_Platform2_5/trunk/Drivers/OCLVD\OCLVD_drv.c **** 	if ( LvdState.setupDone )
  69                             		.loc 1 142 0
  70 0000 FB 42 00 00 00 00       		mov.L	#_LvdState, r4
  71 0006 EC 41                   		mov.L	[r4], r1
  72 0008 74 21 00 00 00 80       		and	#0x80000000, r1
  73 000e 21 24                   		bne	.L8
 143:C:/Workspace/FW_Platform2_5/trunk/Drivers/OCLVD\OCLVD_drv.c **** 	{
 144:C:/Workspace/FW_Platform2_5/trunk/Drivers/OCLVD\OCLVD_drv.c **** 		if ( LVD_AllowUpDate() )
 145:C:/Workspace/FW_Platform2_5/trunk/Drivers/OCLVD\OCLVD_drv.c **** 		{
 146:C:/Workspace/FW_Platform2_5/trunk/Drivers/OCLVD\OCLVD_drv.c **** 			LVDR_Disable();
 147:C:/Workspace/FW_Platform2_5/trunk/Drivers/OCLVD\OCLVD_drv.c **** 			return (IO_ErrorType)IO_E_OK;
 148:C:/Workspace/FW_Platform2_5/trunk/Drivers/OCLVD\OCLVD_drv.c **** 		}
 149:C:/Workspace/FW_Platform2_5/trunk/Drivers/OCLVD\OCLVD_drv.c **** 		else
 150:C:/Workspace/FW_Platform2_5/trunk/Drivers/OCLVD\OCLVD_drv.c **** 		{
 151:C:/Workspace/FW_Platform2_5/trunk/Drivers/OCLVD\OCLVD_drv.c **** 			return (IO_ErrorType)IO_E_UNEXPECTED_CONDITION;
 152:C:/Workspace/FW_Platform2_5/trunk/Drivers/OCLVD\OCLVD_drv.c **** 		}
 153:C:/Workspace/FW_Platform2_5/trunk/Drivers/OCLVD\OCLVD_drv.c **** 	}
 154:C:/Workspace/FW_Platform2_5/trunk/Drivers/OCLVD\OCLVD_drv.c **** 	else
 155:C:/Workspace/FW_Platform2_5/trunk/Drivers/OCLVD\OCLVD_drv.c **** 	{
 156:C:/Workspace/FW_Platform2_5/trunk/Drivers/OCLVD\OCLVD_drv.c **** 		LVDR_Disable();
  74                             		.loc 1 156 0
  75 0010 FB EE 00 00 08          		mov.L	#0x80000, r14
  76 0015 FA E9 FF 01 0F A5       		mov.W	#0xffffa50f, 1022[r14]
  77 001b CB E1 97 C2             		mov.B	r1, 49815[r14]
  78 001f FA E4 9A C2 82          		mov.B	#0xffffff82, 49818[r14]
  79 0024 FA E9 FF 01 00 A5       		mov.W	#0xffffa500, 1022[r14]
 157:C:/Workspace/FW_Platform2_5/trunk/Drivers/OCLVD\OCLVD_drv.c **** 		LvdState.setupDone = 1;
  80                             		.loc 1 157 0
  81 002a CC 4E                   		mov.B	[r4], r14
  82 002c 78 7E                   		bset	#7, r14
  83 002e C3 4E                   		mov.B	r14, [r4]
 158:C:/Workspace/FW_Platform2_5/trunk/Drivers/OCLVD\OCLVD_drv.c **** 		return (IO_ErrorType)IO_E_OK;
  84                             		.loc 1 158 0
  85 0030 2E 06                   		bra	.L7
  86                             	.L8:
 151:C:/Workspace/FW_Platform2_5/trunk/Drivers/OCLVD\OCLVD_drv.c **** 			return (IO_ErrorType)IO_E_UNEXPECTED_CONDITION;
  87                             		.loc 1 151 0
  88 0032 75 41 17                		mov	#23, r1
  89 0035 03                      		.balign 2,3,2
  90                             	.L7:
 159:C:/Workspace/FW_Platform2_5/trunk/Drivers/OCLVD\OCLVD_drv.c **** 	}
 160:C:/Workspace/FW_Platform2_5/trunk/Drivers/OCLVD\OCLVD_drv.c **** }
  91                             		.loc 1 160 0
  92 0036 75 21 17                		and	#23, r1
  93 0039 02                      		rts
  94                             	.LFE1:
  96                             		.section	.text.OCLVDW_SetSync,"ax",@progbits
  97                             		.global	_OCLVDW_SetSync
  99                             	_OCLVDW_SetSync:
 100                             	.LFB2:
 161:C:/Workspace/FW_Platform2_5/trunk/Drivers/OCLVD\OCLVD_drv.c **** 
 162:C:/Workspace/FW_Platform2_5/trunk/Drivers/OCLVD\OCLVD_drv.c **** /**
 163:C:/Workspace/FW_Platform2_5/trunk/Drivers/OCLVD\OCLVD_drv.c **** Sets the low voltage warning level to generate LV warning.
 164:C:/Workspace/FW_Platform2_5/trunk/Drivers/OCLVD\OCLVD_drv.c **** If the callback parameter is set, the interrupt is enabled.
 165:C:/Workspace/FW_Platform2_5/trunk/Drivers/OCLVD\OCLVD_drv.c **** 
 166:C:/Workspace/FW_Platform2_5/trunk/Drivers/OCLVD\OCLVD_drv.c **** \param  [in]		tripPointVW - low voltage warning in volt * 10
 167:C:/Workspace/FW_Platform2_5/trunk/Drivers/OCLVD\OCLVD_drv.c **** \param  [in]        lowVoltageWarning - pointer to the callback function
 168:C:/Workspace/FW_Platform2_5/trunk/Drivers/OCLVD\OCLVD_drv.c **** 
 169:C:/Workspace/FW_Platform2_5/trunk/Drivers/OCLVD\OCLVD_drv.c **** \return 	IO_ErrorType
 170:C:/Workspace/FW_Platform2_5/trunk/Drivers/OCLVD\OCLVD_drv.c **** 
 171:C:/Workspace/FW_Platform2_5/trunk/Drivers/OCLVD\OCLVD_drv.c **** \retval		IO_E_OK
 172:C:/Workspace/FW_Platform2_5/trunk/Drivers/OCLVD\OCLVD_drv.c **** \retval     IO_E_INVALID_VALUE - trip > than conventional Vdd
 173:C:/Workspace/FW_Platform2_5/trunk/Drivers/OCLVD\OCLVD_drv.c **** 
 174:C:/Workspace/FW_Platform2_5/trunk/Drivers/OCLVD\OCLVD_drv.c **** \author 	Jaroslav Musil
 175:C:/Workspace/FW_Platform2_5/trunk/Drivers/OCLVD\OCLVD_drv.c **** \date		May 6, 2010
 176:C:/Workspace/FW_Platform2_5/trunk/Drivers/OCLVD\OCLVD_drv.c **** \version	1.0.0
 177:C:/Workspace/FW_Platform2_5/trunk/Drivers/OCLVD\OCLVD_drv.c **** 
 178:C:/Workspace/FW_Platform2_5/trunk/Drivers/OCLVD\OCLVD_drv.c **** */
 179:C:/Workspace/FW_Platform2_5/trunk/Drivers/OCLVD\OCLVD_drv.c **** IO_ErrorType OCLVDW_SetSync(LVDW_TripPointType tripPointVW, Comm_Notification lowVoltageWarning)
 180:C:/Workspace/FW_Platform2_5/trunk/Drivers/OCLVD\OCLVD_drv.c **** {
 101                             		.loc 1 180 0
 102                             	.LVL8:
 103 0000 6E 7B                   		pushm	r7-r11
 104                             	.LCFI1:
 105                             		.loc 1 180 0
 106 0002 CF 1A                   		mov.B	r1, r10
 181:C:/Workspace/FW_Platform2_5/trunk/Drivers/OCLVD\OCLVD_drv.c **** 	if (tripPointVW > UC_VDD_X_10)
 107                             		.loc 1 181 0
 108 0004 5B 11                   		movu.B	r1, r1
 109                             	.LVL9:
 180:C:/Workspace/FW_Platform2_5/trunk/Drivers/OCLVD\OCLVD_drv.c **** {
 110                             		.loc 1 180 0
 111 0006 EF 27                   		mov.L	r2, r7
 112                             		.loc 1 181 0
 113 0008 05 00 00 00             		bsr	___floatsisf
 114                             	.LVL10:
 115 000c FB 22 00 00 04 42       		mov.L	#0x42040000, r2
 116 0012 05 00 00 00             		bsr	___gtsf2
 117                             	.LVL11:
 118 0016 61 01                   		cmp	#0, r1
 119 0018 2A 4E                   		bgt	.L12
 182:C:/Workspace/FW_Platform2_5/trunk/Drivers/OCLVD\OCLVD_drv.c **** 	{
 183:C:/Workspace/FW_Platform2_5/trunk/Drivers/OCLVD\OCLVD_drv.c **** 		return (IO_ErrorType)IO_E_INVALID_VALUE;
 184:C:/Workspace/FW_Platform2_5/trunk/Drivers/OCLVD\OCLVD_drv.c **** 	}
 185:C:/Workspace/FW_Platform2_5/trunk/Drivers/OCLVD\OCLVD_drv.c **** 
 186:C:/Workspace/FW_Platform2_5/trunk/Drivers/OCLVD\OCLVD_drv.c **** 	/* Sets the low voltage warning */
 187:C:/Workspace/FW_Platform2_5/trunk/Drivers/OCLVD\OCLVD_drv.c **** 	LVDW_SetTrip(tripPointVW);
 120                             		.loc 1 187 0
 121 001a CF A1                   		mov.B	r10, r1
 122 001c 05 00 00 00             		bsr	_LVDW_SetTrip
 123                             	.LVL12:
 188:C:/Workspace/FW_Platform2_5/trunk/Drivers/OCLVD\OCLVD_drv.c **** 
 189:C:/Workspace/FW_Platform2_5/trunk/Drivers/OCLVD\OCLVD_drv.c **** 	/* if callback function is defined, the interrupt is activated */
 190:C:/Workspace/FW_Platform2_5/trunk/Drivers/OCLVD\OCLVD_drv.c **** 	if (lowVoltageWarning != NULL)
 124                             		.loc 1 190 0
 125 0020 61 07                   		cmp	#0, r7
 126 0022 20 26                   		beq	.L11
 191:C:/Workspace/FW_Platform2_5/trunk/Drivers/OCLVD\OCLVD_drv.c **** 	{
 192:C:/Workspace/FW_Platform2_5/trunk/Drivers/OCLVD\OCLVD_drv.c **** 		LVDWarningIntOn();
 127                             		.loc 1 192 0
 128 0024 FB EE 00 70 08          		mov.L	#0x87000, r14
 129 0029 FA E4 59 03 01          		mov.B	#1, 857[r14]
 130 002e F9 E4 59 00             		mov.B	#0, 89[r14]
 131 0032 CE EA 0B 02             		mov.B	523[r14], r10
 132                             	.LVL13:
 133 0036 65 2A                   		or	#2, r10
 134 0038 CB EA 0B 02             		mov.B	r10, 523[r14]
 193:C:/Workspace/FW_Platform2_5/trunk/Drivers/OCLVD\OCLVD_drv.c **** 		callback = lowVoltageWarning;
 135                             		.loc 1 193 0
 136 003c FB A2 00 00 00 00       		mov.L	#_callback, r10
 137 0042 E3 A7                   		mov.L	r7, [r10]
 138                             		.balign 2,3,1
 139                             	.L14:
 194:C:/Workspace/FW_Platform2_5/trunk/Drivers/OCLVD\OCLVD_drv.c **** 	}
 195:C:/Workspace/FW_Platform2_5/trunk/Drivers/OCLVD\OCLVD_drv.c **** 	else
 196:C:/Workspace/FW_Platform2_5/trunk/Drivers/OCLVD\OCLVD_drv.c **** 	{
 197:C:/Workspace/FW_Platform2_5/trunk/Drivers/OCLVD\OCLVD_drv.c **** 		LVDWarningIntOff();
 198:C:/Workspace/FW_Platform2_5/trunk/Drivers/OCLVD\OCLVD_drv.c **** 	}
 199:C:/Workspace/FW_Platform2_5/trunk/Drivers/OCLVD\OCLVD_drv.c **** 
 200:C:/Workspace/FW_Platform2_5/trunk/Drivers/OCLVD\OCLVD_drv.c **** 	return (IO_ErrorType)IO_E_OK;
 140                             		.loc 1 200 0
 141 0044 66 01                   		mov	#0, r1
 142 0046 2E 24                   		bra	.L10
 143                             	.LVL14:
 144                             	.L11:
 197:C:/Workspace/FW_Platform2_5/trunk/Drivers/OCLVD\OCLVD_drv.c **** 		LVDWarningIntOff();
 145                             		.loc 1 197 0
 146 0048 FB AE 00 00 08          		mov.L	#0x80000, r10
 147                             	.LVL15:
 148 004d CE AE 9B C2             		mov.B	49819[r10], r14
 149 0051 75 2E FE                		and	#-2, r14
 150 0054 CB AE 9B C2             		mov.B	r14, 49819[r10]
 151 0058 FB AE 00 70 08          		mov.L	#0x87000, r10
 152 005d CB A7 59 03             		mov.B	r7, 857[r10]
 153 0061 C7 A7 59                		mov.B	r7, 89[r10]
 154 0064 2E E0                   		bra	.L14
 155                             	.LVL16:
 156                             	.L12:
 183:C:/Workspace/FW_Platform2_5/trunk/Drivers/OCLVD\OCLVD_drv.c **** 		return (IO_ErrorType)IO_E_INVALID_VALUE;
 157                             		.loc 1 183 0
 158 0066 75 41 13                		mov	#19, r1
 159                             	.LVL17:
 160 0069 03                      		.balign 2,3,1
 161                             	.L10:
 201:C:/Workspace/FW_Platform2_5/trunk/Drivers/OCLVD\OCLVD_drv.c **** }
 162                             		.loc 1 201 0
 163 006a 5B 11                   		movu.B	r1, r1
 164 006c 3F 7B 05                		rtsd	#20, r7-r11
 165                             	.LFE2:
 167 006f 03                      		.section	.text.OCLVDW_IsWarningOn,"ax",@progbits
 168                             		.global	_OCLVDW_IsWarningOn
 170                             	_OCLVDW_IsWarningOn:
 171                             	.LFB3:
 202:C:/Workspace/FW_Platform2_5/trunk/Drivers/OCLVD\OCLVD_drv.c **** /**
 203:C:/Workspace/FW_Platform2_5/trunk/Drivers/OCLVD\OCLVD_drv.c **** This function checks if low warning voltage is present.
 204:C:/Workspace/FW_Platform2_5/trunk/Drivers/OCLVD\OCLVD_drv.c **** 
 205:C:/Workspace/FW_Platform2_5/trunk/Drivers/OCLVD\OCLVD_drv.c **** \return 	bool_t
 206:C:/Workspace/FW_Platform2_5/trunk/Drivers/OCLVD\OCLVD_drv.c **** 
 207:C:/Workspace/FW_Platform2_5/trunk/Drivers/OCLVD\OCLVD_drv.c **** \retval		TRUE low voltage warning
 208:C:/Workspace/FW_Platform2_5/trunk/Drivers/OCLVD\OCLVD_drv.c **** \retval		FALSE no low voltage warning
 209:C:/Workspace/FW_Platform2_5/trunk/Drivers/OCLVD\OCLVD_drv.c **** 
 210:C:/Workspace/FW_Platform2_5/trunk/Drivers/OCLVD\OCLVD_drv.c **** \author 	Stefano Ughi
 211:C:/Workspace/FW_Platform2_5/trunk/Drivers/OCLVD\OCLVD_drv.c **** \date		Dec 6, 2010
 212:C:/Workspace/FW_Platform2_5/trunk/Drivers/OCLVD\OCLVD_drv.c **** \version	1.0.0
 213:C:/Workspace/FW_Platform2_5/trunk/Drivers/OCLVD\OCLVD_drv.c **** 
 214:C:/Workspace/FW_Platform2_5/trunk/Drivers/OCLVD\OCLVD_drv.c **** */
 215:C:/Workspace/FW_Platform2_5/trunk/Drivers/OCLVD\OCLVD_drv.c **** bool_t OCLVDW_IsWarningOn(void)
 216:C:/Workspace/FW_Platform2_5/trunk/Drivers/OCLVD\OCLVD_drv.c **** {
 172                             		.loc 1 216 0
 217:C:/Workspace/FW_Platform2_5/trunk/Drivers/OCLVD\OCLVD_drv.c **** 	if(LVDGetWarningFlag())
 173                             		.loc 1 217 0
 174 0000 FB EE 00 00 08          		mov.L	#0x80000, r14
 175 0005 CE E1 97 C2             		mov.B	49815[r14], r1
 176 0009 68 61                   		shlr	#6, r1
 218:C:/Workspace/FW_Platform2_5/trunk/Drivers/OCLVD\OCLVD_drv.c **** 	{
 219:C:/Workspace/FW_Platform2_5/trunk/Drivers/OCLVD\OCLVD_drv.c **** 		return TRUE;
 220:C:/Workspace/FW_Platform2_5/trunk/Drivers/OCLVD\OCLVD_drv.c **** 	}
 221:C:/Workspace/FW_Platform2_5/trunk/Drivers/OCLVD\OCLVD_drv.c **** 	else
 222:C:/Workspace/FW_Platform2_5/trunk/Drivers/OCLVD\OCLVD_drv.c **** 	{
 223:C:/Workspace/FW_Platform2_5/trunk/Drivers/OCLVD\OCLVD_drv.c **** 		return FALSE;
 224:C:/Workspace/FW_Platform2_5/trunk/Drivers/OCLVD\OCLVD_drv.c **** 	}
 225:C:/Workspace/FW_Platform2_5/trunk/Drivers/OCLVD\OCLVD_drv.c **** }
 177                             		.loc 1 225 0
 178 000b 64 11                   		and	#1, r1
 179 000d 02                      		rts
 180                             	.LFE3:
 182                             		.section	.text.OCLVDW_ISR,"ax",@progbits
 183                             		.global	_OCLVDW_ISR
 185                             	_OCLVDW_ISR:
 186                             	.LFB4:
 226:C:/Workspace/FW_Platform2_5/trunk/Drivers/OCLVD\OCLVD_drv.c **** /**
 227:C:/Workspace/FW_Platform2_5/trunk/Drivers/OCLVD\OCLVD_drv.c **** The interrupt function that is to be called from the interrupt vector table when
 228:C:/Workspace/FW_Platform2_5/trunk/Drivers/OCLVD\OCLVD_drv.c **** the LV warning is triggered. The function calls the predefined callback and clears
 229:C:/Workspace/FW_Platform2_5/trunk/Drivers/OCLVD\OCLVD_drv.c **** the warning flag
 230:C:/Workspace/FW_Platform2_5/trunk/Drivers/OCLVD\OCLVD_drv.c **** 
 231:C:/Workspace/FW_Platform2_5/trunk/Drivers/OCLVD\OCLVD_drv.c **** \author 	Jaroslav Musil
 232:C:/Workspace/FW_Platform2_5/trunk/Drivers/OCLVD\OCLVD_drv.c **** \date		May 6, 2010
 233:C:/Workspace/FW_Platform2_5/trunk/Drivers/OCLVD\OCLVD_drv.c **** \version	1.0.0
 234:C:/Workspace/FW_Platform2_5/trunk/Drivers/OCLVD\OCLVD_drv.c **** 
 235:C:/Workspace/FW_Platform2_5/trunk/Drivers/OCLVD\OCLVD_drv.c **** \note
 236:C:/Workspace/FW_Platform2_5/trunk/Drivers/OCLVD\OCLVD_drv.c **** 
 237:C:/Workspace/FW_Platform2_5/trunk/Drivers/OCLVD\OCLVD_drv.c **** */
 238:C:/Workspace/FW_Platform2_5/trunk/Drivers/OCLVD\OCLVD_drv.c **** 
 239:C:/Workspace/FW_Platform2_5/trunk/Drivers/OCLVD\OCLVD_drv.c **** void OCLVDW_ISR(void)
 240:C:/Workspace/FW_Platform2_5/trunk/Drivers/OCLVD\OCLVD_drv.c **** {
 187                             		.loc 1 240 0
 241:C:/Workspace/FW_Platform2_5/trunk/Drivers/OCLVD\OCLVD_drv.c **** 	IRQ_MONITOR_ENTER();
 188                             		.loc 1 241 0
 189 0000 05 00 00 00             		bsr	_LIB_IRQMonitor_Enter
 190                             	.LVL18:
 242:C:/Workspace/FW_Platform2_5/trunk/Drivers/OCLVD\OCLVD_drv.c **** 
 243:C:/Workspace/FW_Platform2_5/trunk/Drivers/OCLVD\OCLVD_drv.c **** 	(void)(callback)((IO_NotificationType)IO_N_COMPLETED, (IO_ChannelType)0, (IO_ErrorType)IO_E_OK);
 191                             		.loc 1 243 0
 192 0004 FB E2 00 00 00 00       		mov.L	#_callback, r14
 193 000a EC EE                   		mov.L	[r14], r14
 194 000c 66 02                   		mov	#0, r2
 195 000e 66 61                   		mov	#6, r1
 196 0010 CF 23                   		mov.B	r2, r3
 197 0012 7F 1E                   		jsr	r14
 198                             	.LVL19:
 244:C:/Workspace/FW_Platform2_5/trunk/Drivers/OCLVD\OCLVD_drv.c **** 
 245:C:/Workspace/FW_Platform2_5/trunk/Drivers/OCLVD\OCLVD_drv.c **** 	/* Acknoledges the flag */
 246:C:/Workspace/FW_Platform2_5/trunk/Drivers/OCLVD\OCLVD_drv.c **** 	LVDWarningAcknoledge();
 199                             		.loc 1 246 0
 200 0014 FB EE 00 70 08          		mov.L	#0x87000, r14
 201 0019 F9 E4 59 00             		mov.B	#0, 89[r14]
 247:C:/Workspace/FW_Platform2_5/trunk/Drivers/OCLVD\OCLVD_drv.c **** 
 248:C:/Workspace/FW_Platform2_5/trunk/Drivers/OCLVD\OCLVD_drv.c **** 	IRQ_MONITOR_EXIT();
 202                             		.loc 1 248 0
 203 001d 04 00 00 00             		bra	_LIB_IRQMonitor_Exit
 204                             	.LVL20:
 205                             	.LFE4:
 207                             		.section	.text.OCLVD_SetStop,"ax",@progbits
 208                             		.global	_OCLVD_SetStop
 210                             	_OCLVD_SetStop:
 211                             	.LFB5:
 249:C:/Workspace/FW_Platform2_5/trunk/Drivers/OCLVD\OCLVD_drv.c **** }
 250:C:/Workspace/FW_Platform2_5/trunk/Drivers/OCLVD\OCLVD_drv.c **** 
 251:C:/Workspace/FW_Platform2_5/trunk/Drivers/OCLVD\OCLVD_drv.c **** /**
 252:C:/Workspace/FW_Platform2_5/trunk/Drivers/OCLVD\OCLVD_drv.c **** Turns on or off the LVD in stop mode.
 253:C:/Workspace/FW_Platform2_5/trunk/Drivers/OCLVD\OCLVD_drv.c **** 
 254:C:/Workspace/FW_Platform2_5/trunk/Drivers/OCLVD\OCLVD_drv.c **** \param  [in]	enable
 255:C:/Workspace/FW_Platform2_5/trunk/Drivers/OCLVD\OCLVD_drv.c **** \li             !0 turn on LVD in Stop Mode
 256:C:/Workspace/FW_Platform2_5/trunk/Drivers/OCLVD\OCLVD_drv.c **** \li             0  turn off LVD in Stop Mode
 257:C:/Workspace/FW_Platform2_5/trunk/Drivers/OCLVD\OCLVD_drv.c **** 
 258:C:/Workspace/FW_Platform2_5/trunk/Drivers/OCLVD\OCLVD_drv.c **** \return 	IO_ErrorType
 259:C:/Workspace/FW_Platform2_5/trunk/Drivers/OCLVD\OCLVD_drv.c **** 
 260:C:/Workspace/FW_Platform2_5/trunk/Drivers/OCLVD\OCLVD_drv.c **** \retval		IO_E_OK
 261:C:/Workspace/FW_Platform2_5/trunk/Drivers/OCLVD\OCLVD_drv.c **** 
 262:C:/Workspace/FW_Platform2_5/trunk/Drivers/OCLVD\OCLVD_drv.c **** \author 	Jaroslav Musil
 263:C:/Workspace/FW_Platform2_5/trunk/Drivers/OCLVD\OCLVD_drv.c **** \date		May 6, 2010
 264:C:/Workspace/FW_Platform2_5/trunk/Drivers/OCLVD\OCLVD_drv.c **** \version	1.0.0
 265:C:/Workspace/FW_Platform2_5/trunk/Drivers/OCLVD\OCLVD_drv.c **** 
 266:C:/Workspace/FW_Platform2_5/trunk/Drivers/OCLVD\OCLVD_drv.c **** \note
 267:C:/Workspace/FW_Platform2_5/trunk/Drivers/OCLVD\OCLVD_drv.c **** 
 268:C:/Workspace/FW_Platform2_5/trunk/Drivers/OCLVD\OCLVD_drv.c **** */
 269:C:/Workspace/FW_Platform2_5/trunk/Drivers/OCLVD\OCLVD_drv.c **** IO_ErrorType OCLVD_SetStop(bool_t enable)
 270:C:/Workspace/FW_Platform2_5/trunk/Drivers/OCLVD\OCLVD_drv.c **** {
 212                             		.loc 1 270 0
 213                             	.LVL21:
 271:C:/Workspace/FW_Platform2_5/trunk/Drivers/OCLVD\OCLVD_drv.c **** 	if (enable)
 272:C:/Workspace/FW_Platform2_5/trunk/Drivers/OCLVD\OCLVD_drv.c **** 	{
 273:C:/Workspace/FW_Platform2_5/trunk/Drivers/OCLVD\OCLVD_drv.c **** 		LVDSetStopOn();
 274:C:/Workspace/FW_Platform2_5/trunk/Drivers/OCLVD\OCLVD_drv.c **** 	}
 275:C:/Workspace/FW_Platform2_5/trunk/Drivers/OCLVD\OCLVD_drv.c **** 	else
 276:C:/Workspace/FW_Platform2_5/trunk/Drivers/OCLVD\OCLVD_drv.c **** 	{
 277:C:/Workspace/FW_Platform2_5/trunk/Drivers/OCLVD\OCLVD_drv.c **** 		LVDSetStopOff();
 278:C:/Workspace/FW_Platform2_5/trunk/Drivers/OCLVD\OCLVD_drv.c **** 	}
 279:C:/Workspace/FW_Platform2_5/trunk/Drivers/OCLVD\OCLVD_drv.c **** 
 280:C:/Workspace/FW_Platform2_5/trunk/Drivers/OCLVD\OCLVD_drv.c **** 	return (IO_ErrorType)IO_E_OK;
 281:C:/Workspace/FW_Platform2_5/trunk/Drivers/OCLVD\OCLVD_drv.c **** }
 214                             		.loc 1 281 0
 215 0000 66 01                   		mov.L	#0, r1
 216                             	.LVL22:
 217 0002 02                      		rts
 218                             	.LFE5:
 220                             		.section	.text.OCLVDR_GetSync,"ax",@progbits
 221                             		.global	_OCLVDR_GetSync
 223                             	_OCLVDR_GetSync:
 224                             	.LFB6:
 282:C:/Workspace/FW_Platform2_5/trunk/Drivers/OCLVD\OCLVD_drv.c **** 
 283:C:/Workspace/FW_Platform2_5/trunk/Drivers/OCLVD\OCLVD_drv.c **** /**
 284:C:/Workspace/FW_Platform2_5/trunk/Drivers/OCLVD\OCLVD_drv.c **** Reads the preset low voltage detection level to generate LV reset.
 285:C:/Workspace/FW_Platform2_5/trunk/Drivers/OCLVD\OCLVD_drv.c **** 
 286:C:/Workspace/FW_Platform2_5/trunk/Drivers/OCLVD\OCLVD_drv.c **** \return 	LVDR_TripPointType
 287:C:/Workspace/FW_Platform2_5/trunk/Drivers/OCLVD\OCLVD_drv.c **** 
 288:C:/Workspace/FW_Platform2_5/trunk/Drivers/OCLVD\OCLVD_drv.c **** \retval		low voltage detection trip in volts * 10
 289:C:/Workspace/FW_Platform2_5/trunk/Drivers/OCLVD\OCLVD_drv.c **** 
 290:C:/Workspace/FW_Platform2_5/trunk/Drivers/OCLVD\OCLVD_drv.c **** \author 	Jaroslav Musil
 291:C:/Workspace/FW_Platform2_5/trunk/Drivers/OCLVD\OCLVD_drv.c **** \date		May 6, 2010
 292:C:/Workspace/FW_Platform2_5/trunk/Drivers/OCLVD\OCLVD_drv.c **** \version	1.0.0
 293:C:/Workspace/FW_Platform2_5/trunk/Drivers/OCLVD\OCLVD_drv.c **** 
 294:C:/Workspace/FW_Platform2_5/trunk/Drivers/OCLVD\OCLVD_drv.c **** \note
 295:C:/Workspace/FW_Platform2_5/trunk/Drivers/OCLVD\OCLVD_drv.c **** 
 296:C:/Workspace/FW_Platform2_5/trunk/Drivers/OCLVD\OCLVD_drv.c **** */
 297:C:/Workspace/FW_Platform2_5/trunk/Drivers/OCLVD\OCLVD_drv.c **** LVDR_TripPointType OCLVDR_GetSync(void)
 298:C:/Workspace/FW_Platform2_5/trunk/Drivers/OCLVD\OCLVD_drv.c **** {
 225                             		.loc 1 298 0
 299:C:/Workspace/FW_Platform2_5/trunk/Drivers/OCLVD\OCLVD_drv.c **** 	return LVDR_GetTrip();
 226                             		.loc 1 299 0
 227 0000 04 00 00 00             		bra	_LVDR_GetTrip
 228                             	.LVL23:
 229                             	.LFE6:
 231                             		.section	.text.OCLVDW_GetSync,"ax",@progbits
 232                             		.global	_OCLVDW_GetSync
 234                             	_OCLVDW_GetSync:
 235                             	.LFB7:
 300:C:/Workspace/FW_Platform2_5/trunk/Drivers/OCLVD\OCLVD_drv.c **** }
 301:C:/Workspace/FW_Platform2_5/trunk/Drivers/OCLVD\OCLVD_drv.c **** 
 302:C:/Workspace/FW_Platform2_5/trunk/Drivers/OCLVD\OCLVD_drv.c **** /**
 303:C:/Workspace/FW_Platform2_5/trunk/Drivers/OCLVD\OCLVD_drv.c **** Reads the preset low voltage warning level to generate LV warning.
 304:C:/Workspace/FW_Platform2_5/trunk/Drivers/OCLVD\OCLVD_drv.c **** 
 305:C:/Workspace/FW_Platform2_5/trunk/Drivers/OCLVD\OCLVD_drv.c **** \return 	LVDW_TripPointType
 306:C:/Workspace/FW_Platform2_5/trunk/Drivers/OCLVD\OCLVD_drv.c **** 
 307:C:/Workspace/FW_Platform2_5/trunk/Drivers/OCLVD\OCLVD_drv.c **** \retval		low voltage warning trip in volts * 10
 308:C:/Workspace/FW_Platform2_5/trunk/Drivers/OCLVD\OCLVD_drv.c **** 
 309:C:/Workspace/FW_Platform2_5/trunk/Drivers/OCLVD\OCLVD_drv.c **** \author 	Jaroslav Musil
 310:C:/Workspace/FW_Platform2_5/trunk/Drivers/OCLVD\OCLVD_drv.c **** \date		May 6, 2010
 311:C:/Workspace/FW_Platform2_5/trunk/Drivers/OCLVD\OCLVD_drv.c **** \version	1.0.0
 312:C:/Workspace/FW_Platform2_5/trunk/Drivers/OCLVD\OCLVD_drv.c **** 
 313:C:/Workspace/FW_Platform2_5/trunk/Drivers/OCLVD\OCLVD_drv.c **** \note
 314:C:/Workspace/FW_Platform2_5/trunk/Drivers/OCLVD\OCLVD_drv.c **** 
 315:C:/Workspace/FW_Platform2_5/trunk/Drivers/OCLVD\OCLVD_drv.c **** */
 316:C:/Workspace/FW_Platform2_5/trunk/Drivers/OCLVD\OCLVD_drv.c **** LVDW_TripPointType OCLVDW_GetSync(void)
 317:C:/Workspace/FW_Platform2_5/trunk/Drivers/OCLVD\OCLVD_drv.c **** {
 236                             		.loc 1 317 0
 318:C:/Workspace/FW_Platform2_5/trunk/Drivers/OCLVD\OCLVD_drv.c **** 	return LVDW_GetTrip();
 237                             		.loc 1 318 0
 238 0000 04 00 00 00             		bra	_LVDW_GetTrip
 239                             	.LVL24:
 240                             	.LFE7:
 242                             		.section	.bss.LvdState,"aw",@nobits
 243                             		.balign 4
 246                             	_LvdState:
 247 0000 00 00 00 00             		.zero	4
 248                             		.section	.bss.callback,"aw",@nobits
 249                             		.balign 4
 252                             	_callback:
 253 0000 00 00 00 00             		.zero	4
 364                             	.Letext0:
 365                             		.file 2 "C:\\Workspace\\FW_Platform2_5\\trunk\\HAL\\HAL_General/StandardTypes.h"
 366                             		.file 3 "C:\\Workspace\\FW_Platform2_5\\trunk\\HAL\\RN_RX200/RN_RX200_reg.h"
 367                             		.file 4 "C:\\Workspace\\FW_Platform2_5\\trunk\\Drivers/IO_driver.h"
 368                             		.file 5 "C:\\Workspace\\FW_Platform2_5\\trunk\\HAL\\RN_RX200/RN_RX200_hal.h"
 369                             		.file 6 "C:\\Workspace\\FW_Platform2_5\\trunk\\PlatformLibrary\\LIB_SecurityCheck/LIB_TaskMonitori
