   1                             		.file	"POE.c"
   2                             		.section P,"ax"
   3                             	.Ltext0:
   4                             		.section	.text.POE_ClearFlags,"ax",@progbits
   5                             		.global	_POE_ClearFlags
   7                             	_POE_ClearFlags:
   8                             	.LFB1:
   9                             		.file 1 "C:/Workspace/FW_Platform2_5/trunk/HAL/RN_RX200/IEC60335_B_libs/src/POE/POE.c"
   1:C:/Workspace/FW_Platform2_5/trunk/HAL/RN_RX200/IEC60335_B_libs/src/POE\POE.c **** /*******************************************************************************
   2:C:/Workspace/FW_Platform2_5/trunk/HAL/RN_RX200/IEC60335_B_libs/src/POE\POE.c **** * DISCLAIMER
   3:C:/Workspace/FW_Platform2_5/trunk/HAL/RN_RX200/IEC60335_B_libs/src/POE\POE.c **** * This software is supplied by Renesas Electronics Corporation and is only
   4:C:/Workspace/FW_Platform2_5/trunk/HAL/RN_RX200/IEC60335_B_libs/src/POE\POE.c **** * intended for use with Renesas products. No other uses are authorized. This
   5:C:/Workspace/FW_Platform2_5/trunk/HAL/RN_RX200/IEC60335_B_libs/src/POE\POE.c **** * software is owned by Renesas Electronics Corporation and is protected under
   6:C:/Workspace/FW_Platform2_5/trunk/HAL/RN_RX200/IEC60335_B_libs/src/POE\POE.c **** * all applicable laws, including copyright laws.
   7:C:/Workspace/FW_Platform2_5/trunk/HAL/RN_RX200/IEC60335_B_libs/src/POE\POE.c **** * THIS SOFTWARE IS PROVIDED "AS IS" AND RENESAS MAKES NO WARRANTIES REGARDING
   8:C:/Workspace/FW_Platform2_5/trunk/HAL/RN_RX200/IEC60335_B_libs/src/POE\POE.c **** * THIS SOFTWARE, WHETHER EXPRESS, IMPLIED OR STATUTORY, INCLUDING BUT NOT
   9:C:/Workspace/FW_Platform2_5/trunk/HAL/RN_RX200/IEC60335_B_libs/src/POE\POE.c **** * LIMITED TO WARRANTIES OF MERCHANTABILITY, FITNESS FOR A PARTICULAR PURPOSE
  10:C:/Workspace/FW_Platform2_5/trunk/HAL/RN_RX200/IEC60335_B_libs/src/POE\POE.c **** * AND NON-INFRINGEMENT. ALL SUCH WARRANTIES ARE EXPRESSLY DISCLAIMED.
  11:C:/Workspace/FW_Platform2_5/trunk/HAL/RN_RX200/IEC60335_B_libs/src/POE\POE.c **** * TO THE MAXIMUM EXTENT PERMITTED NOT PROHIBITED BY LAW, NEITHER RENESAS
  12:C:/Workspace/FW_Platform2_5/trunk/HAL/RN_RX200/IEC60335_B_libs/src/POE\POE.c **** * ELECTRONICS CORPORATION NOR ANY OF ITS AFFILIATED COMPANIES SHALL BE LIABLE
  13:C:/Workspace/FW_Platform2_5/trunk/HAL/RN_RX200/IEC60335_B_libs/src/POE\POE.c **** * FOR ANY DIRECT, INDIRECT, SPECIAL, INCIDENTAL OR CONSEQUENTIAL DAMAGES FOR
  14:C:/Workspace/FW_Platform2_5/trunk/HAL/RN_RX200/IEC60335_B_libs/src/POE\POE.c **** * ANY REASON RELATED TO THIS SOFTWARE, EVEN IF RENESAS OR ITS AFFILIATES HAVE
  15:C:/Workspace/FW_Platform2_5/trunk/HAL/RN_RX200/IEC60335_B_libs/src/POE\POE.c **** * BEEN ADVISED OF THE POSSIBILITY OF SUCH DAMAGES.
  16:C:/Workspace/FW_Platform2_5/trunk/HAL/RN_RX200/IEC60335_B_libs/src/POE\POE.c **** * Renesas reserves the right, without notice, to make changes to this software
  17:C:/Workspace/FW_Platform2_5/trunk/HAL/RN_RX200/IEC60335_B_libs/src/POE\POE.c **** * and to discontinue the availability of this software. By using this software,
  18:C:/Workspace/FW_Platform2_5/trunk/HAL/RN_RX200/IEC60335_B_libs/src/POE\POE.c **** * you agree to the additional terms and conditions found by accessing the
  19:C:/Workspace/FW_Platform2_5/trunk/HAL/RN_RX200/IEC60335_B_libs/src/POE\POE.c **** * following link:
  20:C:/Workspace/FW_Platform2_5/trunk/HAL/RN_RX200/IEC60335_B_libs/src/POE\POE.c **** * http://www.renesas.com/disclaimer
  21:C:/Workspace/FW_Platform2_5/trunk/HAL/RN_RX200/IEC60335_B_libs/src/POE\POE.c **** *******************************************************************************/
  22:C:/Workspace/FW_Platform2_5/trunk/HAL/RN_RX200/IEC60335_B_libs/src/POE\POE.c **** /* Copyright (C) 2010 Renesas Electronics Corporation. All rights reserved. */
  23:C:/Workspace/FW_Platform2_5/trunk/HAL/RN_RX200/IEC60335_B_libs/src/POE\POE.c **** /**********************************************************************
  24:C:/Workspace/FW_Platform2_5/trunk/HAL/RN_RX200/IEC60335_B_libs/src/POE\POE.c **** * File Name : POE.c
  25:C:/Workspace/FW_Platform2_5/trunk/HAL/RN_RX200/IEC60335_B_libs/src/POE\POE.c **** * Version : 1.00
  26:C:/Workspace/FW_Platform2_5/trunk/HAL/RN_RX200/IEC60335_B_libs/src/POE\POE.c **** * Device : RX210
  27:C:/Workspace/FW_Platform2_5/trunk/HAL/RN_RX200/IEC60335_B_libs/src/POE\POE.c **** * Tool Chain : GNU Rx
  28:C:/Workspace/FW_Platform2_5/trunk/HAL/RN_RX200/IEC60335_B_libs/src/POE\POE.c **** * H/W Platform : 
  29:C:/Workspace/FW_Platform2_5/trunk/HAL/RN_RX200/IEC60335_B_libs/src/POE\POE.c **** * Description : Sample of usage of the Port Ouput Enable (POE) module.
  30:C:/Workspace/FW_Platform2_5/trunk/HAL/RN_RX200/IEC60335_B_libs/src/POE\POE.c **** *				See POE_Init for details.
  31:C:/Workspace/FW_Platform2_5/trunk/HAL/RN_RX200/IEC60335_B_libs/src/POE\POE.c **** **********************************************************************/
  32:C:/Workspace/FW_Platform2_5/trunk/HAL/RN_RX200/IEC60335_B_libs/src/POE\POE.c **** 
  33:C:/Workspace/FW_Platform2_5/trunk/HAL/RN_RX200/IEC60335_B_libs/src/POE\POE.c **** /**********************************************************************************
  34:C:/Workspace/FW_Platform2_5/trunk/HAL/RN_RX200/IEC60335_B_libs/src/POE\POE.c **** Revision History
  35:C:/Workspace/FW_Platform2_5/trunk/HAL/RN_RX200/IEC60335_B_libs/src/POE\POE.c **** DD-MMM-YYYY OSO-UID Description
  36:C:/Workspace/FW_Platform2_5/trunk/HAL/RN_RX200/IEC60335_B_libs/src/POE\POE.c **** 30-July-2011 RTE-PJI First Release
  37:C:/Workspace/FW_Platform2_5/trunk/HAL/RN_RX200/IEC60335_B_libs/src/POE\POE.c **** 15-May-2012 RTE-PJI Ported to GCC: Removed #pragma interrupt.
  38:C:/Workspace/FW_Platform2_5/trunk/HAL/RN_RX200/IEC60335_B_libs/src/POE\POE.c **** ***********************************************************************************/
  39:C:/Workspace/FW_Platform2_5/trunk/HAL/RN_RX200/IEC60335_B_libs/src/POE\POE.c **** 
  40:C:/Workspace/FW_Platform2_5/trunk/HAL/RN_RX200/IEC60335_B_libs/src/POE\POE.c **** /**********************************************************************
  41:C:/Workspace/FW_Platform2_5/trunk/HAL/RN_RX200/IEC60335_B_libs/src/POE\POE.c **** Includes
  42:C:/Workspace/FW_Platform2_5/trunk/HAL/RN_RX200/IEC60335_B_libs/src/POE\POE.c **** **********************************************************************/
  43:C:/Workspace/FW_Platform2_5/trunk/HAL/RN_RX200/IEC60335_B_libs/src/POE\POE.c **** #include <stddef.h> /*Provides NULL declaration*/
  44:C:/Workspace/FW_Platform2_5/trunk/HAL/RN_RX200/IEC60335_B_libs/src/POE\POE.c **** #include "RN_RX200_reg.h"
  45:C:/Workspace/FW_Platform2_5/trunk/HAL/RN_RX200/IEC60335_B_libs/src/POE\POE.c **** #include "POE.h"
  46:C:/Workspace/FW_Platform2_5/trunk/HAL/RN_RX200/IEC60335_B_libs/src/POE\POE.c **** 
  47:C:/Workspace/FW_Platform2_5/trunk/HAL/RN_RX200/IEC60335_B_libs/src/POE\POE.c **** 
  48:C:/Workspace/FW_Platform2_5/trunk/HAL/RN_RX200/IEC60335_B_libs/src/POE\POE.c **** /**********************************************************************
  49:C:/Workspace/FW_Platform2_5/trunk/HAL/RN_RX200/IEC60335_B_libs/src/POE\POE.c **** Defines
  50:C:/Workspace/FW_Platform2_5/trunk/HAL/RN_RX200/IEC60335_B_libs/src/POE\POE.c **** **********************************************************************/
  51:C:/Workspace/FW_Platform2_5/trunk/HAL/RN_RX200/IEC60335_B_libs/src/POE\POE.c **** /*Interrupt priority of POE*/
  52:C:/Workspace/FW_Platform2_5/trunk/HAL/RN_RX200/IEC60335_B_libs/src/POE\POE.c **** #define POE_INTERRUPT_PRIORITY 15
  53:C:/Workspace/FW_Platform2_5/trunk/HAL/RN_RX200/IEC60335_B_libs/src/POE\POE.c **** 
  54:C:/Workspace/FW_Platform2_5/trunk/HAL/RN_RX200/IEC60335_B_libs/src/POE\POE.c **** /**********************************************************************
  55:C:/Workspace/FW_Platform2_5/trunk/HAL/RN_RX200/IEC60335_B_libs/src/POE\POE.c **** Variables
  56:C:/Workspace/FW_Platform2_5/trunk/HAL/RN_RX200/IEC60335_B_libs/src/POE\POE.c **** **********************************************************************/
  57:C:/Workspace/FW_Platform2_5/trunk/HAL/RN_RX200/IEC60335_B_libs/src/POE\POE.c **** /*Callbacks*/
  58:C:/Workspace/FW_Platform2_5/trunk/HAL/RN_RX200/IEC60335_B_libs/src/POE\POE.c **** static POE_CALL_BACK g_POE_CallBack = NULL;
  59:C:/Workspace/FW_Platform2_5/trunk/HAL/RN_RX200/IEC60335_B_libs/src/POE\POE.c **** 
  60:C:/Workspace/FW_Platform2_5/trunk/HAL/RN_RX200/IEC60335_B_libs/src/POE\POE.c **** /********************************************************************
  61:C:/Workspace/FW_Platform2_5/trunk/HAL/RN_RX200/IEC60335_B_libs/src/POE\POE.c **** Prototypes
  62:C:/Workspace/FW_Platform2_5/trunk/HAL/RN_RX200/IEC60335_B_libs/src/POE\POE.c **** **********************************************************************/
  63:C:/Workspace/FW_Platform2_5/trunk/HAL/RN_RX200/IEC60335_B_libs/src/POE\POE.c **** 
  64:C:/Workspace/FW_Platform2_5/trunk/HAL/RN_RX200/IEC60335_B_libs/src/POE\POE.c **** /**********************************************************************
  65:C:/Workspace/FW_Platform2_5/trunk/HAL/RN_RX200/IEC60335_B_libs/src/POE\POE.c **** Functions
  66:C:/Workspace/FW_Platform2_5/trunk/HAL/RN_RX200/IEC60335_B_libs/src/POE\POE.c **** **********************************************************************/
  67:C:/Workspace/FW_Platform2_5/trunk/HAL/RN_RX200/IEC60335_B_libs/src/POE\POE.c **** 
  68:C:/Workspace/FW_Platform2_5/trunk/HAL/RN_RX200/IEC60335_B_libs/src/POE\POE.c **** /***********************************************************************************
  69:C:/Workspace/FW_Platform2_5/trunk/HAL/RN_RX200/IEC60335_B_libs/src/POE\POE.c **** Function Name : POE_Init
  70:C:/Workspace/FW_Platform2_5/trunk/HAL/RN_RX200/IEC60335_B_libs/src/POE\POE.c **** 
  71:C:/Workspace/FW_Platform2_5/trunk/HAL/RN_RX200/IEC60335_B_libs/src/POE\POE.c **** Description   :	Configures the POE to put the the following
  72:C:/Workspace/FW_Platform2_5/trunk/HAL/RN_RX200/IEC60335_B_libs/src/POE\POE.c **** 				pins in the high impedance state if a falling edge on
  73:C:/Workspace/FW_Platform2_5/trunk/HAL/RN_RX200/IEC60335_B_libs/src/POE\POE.c **** 				the POE0 (PD_7 pin) input pin is detected.
  74:C:/Workspace/FW_Platform2_5/trunk/HAL/RN_RX200/IEC60335_B_libs/src/POE\POE.c **** 				An interrupt is also generated.
  75:C:/Workspace/FW_Platform2_5/trunk/HAL/RN_RX200/IEC60335_B_libs/src/POE\POE.c **** 				Pins: MTIOC3B, MTIOC3D, MTIOC4A, MTIOC4B, MTIOC4C, and MTIOC4D
  76:C:/Workspace/FW_Platform2_5/trunk/HAL/RN_RX200/IEC60335_B_libs/src/POE\POE.c **** 				
  77:C:/Workspace/FW_Platform2_5/trunk/HAL/RN_RX200/IEC60335_B_libs/src/POE\POE.c **** 				Configures the POE to put the the following
  78:C:/Workspace/FW_Platform2_5/trunk/HAL/RN_RX200/IEC60335_B_libs/src/POE\POE.c **** 				pins in the high impedance state if
  79:C:/Workspace/FW_Platform2_5/trunk/HAL/RN_RX200/IEC60335_B_libs/src/POE\POE.c **** 				Oscillation Stop is detected.
  80:C:/Workspace/FW_Platform2_5/trunk/HAL/RN_RX200/IEC60335_B_libs/src/POE\POE.c **** 				Pins: MTIOC0A, MTIOC0B, MTIOC0C, MTIOC0D,
  81:C:/Workspace/FW_Platform2_5/trunk/HAL/RN_RX200/IEC60335_B_libs/src/POE\POE.c **** 				MTIOC3B, MTIOC3D, MTIOC4A, MTIOC4B, MTIOC4C, and MTIOC4D.
  82:C:/Workspace/FW_Platform2_5/trunk/HAL/RN_RX200/IEC60335_B_libs/src/POE\POE.c **** 				
  83:C:/Workspace/FW_Platform2_5/trunk/HAL/RN_RX200/IEC60335_B_libs/src/POE\POE.c **** Parameters    : Callback from interrupt. Set NULL if callback is not required.
  84:C:/Workspace/FW_Platform2_5/trunk/HAL/RN_RX200/IEC60335_B_libs/src/POE\POE.c **** Return value  : 
  85:C:/Workspace/FW_Platform2_5/trunk/HAL/RN_RX200/IEC60335_B_libs/src/POE\POE.c **** ***********************************************************************************/
  86:C:/Workspace/FW_Platform2_5/trunk/HAL/RN_RX200/IEC60335_B_libs/src/POE\POE.c **** void POE_Init(POE_CALL_BACK Callback)
  87:C:/Workspace/FW_Platform2_5/trunk/HAL/RN_RX200/IEC60335_B_libs/src/POE\POE.c **** {
  88:C:/Workspace/FW_Platform2_5/trunk/HAL/RN_RX200/IEC60335_B_libs/src/POE\POE.c **** 	/*Store callback*/
  89:C:/Workspace/FW_Platform2_5/trunk/HAL/RN_RX200/IEC60335_B_libs/src/POE\POE.c **** 	g_POE_CallBack = Callback;
  90:C:/Workspace/FW_Platform2_5/trunk/HAL/RN_RX200/IEC60335_B_libs/src/POE\POE.c **** 	
  91:C:/Workspace/FW_Platform2_5/trunk/HAL/RN_RX200/IEC60335_B_libs/src/POE\POE.c **** 	POE_ClearFlags();
  92:C:/Workspace/FW_Platform2_5/trunk/HAL/RN_RX200/IEC60335_B_libs/src/POE\POE.c **** 	
  93:C:/Workspace/FW_Platform2_5/trunk/HAL/RN_RX200/IEC60335_B_libs/src/POE\POE.c **** 	/*Select PD_7 pin as POE0 pin*/
  94:C:/Workspace/FW_Platform2_5/trunk/HAL/RN_RX200/IEC60335_B_libs/src/POE\POE.c **** 	/*Remove protection of register.*/
  95:C:/Workspace/FW_Platform2_5/trunk/HAL/RN_RX200/IEC60335_B_libs/src/POE\POE.c **** 	MPC.PWPR.BIT.B0WI = 0;
  96:C:/Workspace/FW_Platform2_5/trunk/HAL/RN_RX200/IEC60335_B_libs/src/POE\POE.c **** 	MPC.PWPR.BIT.PFSWE = 1;
  97:C:/Workspace/FW_Platform2_5/trunk/HAL/RN_RX200/IEC60335_B_libs/src/POE\POE.c **** 	MPC.PD7PFS.BIT.PSEL = 0x07;
  98:C:/Workspace/FW_Platform2_5/trunk/HAL/RN_RX200/IEC60335_B_libs/src/POE\POE.c **** 	PORTD.PMR.BIT.B7 = 1;
  99:C:/Workspace/FW_Platform2_5/trunk/HAL/RN_RX200/IEC60335_B_libs/src/POE\POE.c **** 	/*Restore protection of register.*/
 100:C:/Workspace/FW_Platform2_5/trunk/HAL/RN_RX200/IEC60335_B_libs/src/POE\POE.c **** 	MPC.PWPR.BIT.PFSWE = 0;
 101:C:/Workspace/FW_Platform2_5/trunk/HAL/RN_RX200/IEC60335_B_libs/src/POE\POE.c **** 	MPC.PWPR.BIT.B0WI = 1;
 102:C:/Workspace/FW_Platform2_5/trunk/HAL/RN_RX200/IEC60335_B_libs/src/POE\POE.c **** 	
 103:C:/Workspace/FW_Platform2_5/trunk/HAL/RN_RX200/IEC60335_B_libs/src/POE\POE.c **** 	
 104:C:/Workspace/FW_Platform2_5/trunk/HAL/RN_RX200/IEC60335_B_libs/src/POE\POE.c **** 	/* Select the pins that can be put in the high impendace state */
 105:C:/Workspace/FW_Platform2_5/trunk/HAL/RN_RX200/IEC60335_B_libs/src/POE\POE.c **** 	POE.POECR1.BIT.PE0ZE = 1; /*MTIOC0A*/
 106:C:/Workspace/FW_Platform2_5/trunk/HAL/RN_RX200/IEC60335_B_libs/src/POE\POE.c **** 	POE.POECR1.BIT.PE1ZE = 1; /*MTIOC0B*/
 107:C:/Workspace/FW_Platform2_5/trunk/HAL/RN_RX200/IEC60335_B_libs/src/POE\POE.c **** 	POE.POECR1.BIT.PE2ZE = 1; /*MTIOC0C*/
 108:C:/Workspace/FW_Platform2_5/trunk/HAL/RN_RX200/IEC60335_B_libs/src/POE\POE.c **** 	POE.POECR1.BIT.PE3ZE = 1; /*MTIOC0D*/
 109:C:/Workspace/FW_Platform2_5/trunk/HAL/RN_RX200/IEC60335_B_libs/src/POE\POE.c **** 	POE.POECR2.BIT.P1CZEA = 1; /*MTU2A Port 1*/
 110:C:/Workspace/FW_Platform2_5/trunk/HAL/RN_RX200/IEC60335_B_libs/src/POE\POE.c **** 	POE.POECR2.BIT.P2CZEA = 1; /*MTU2A Port 2*/
 111:C:/Workspace/FW_Platform2_5/trunk/HAL/RN_RX200/IEC60335_B_libs/src/POE\POE.c **** 	POE.POECR2.BIT.P3CZEA = 1; /*MTU2A Port 3*/
 112:C:/Workspace/FW_Platform2_5/trunk/HAL/RN_RX200/IEC60335_B_libs/src/POE\POE.c **** 	
 113:C:/Workspace/FW_Platform2_5/trunk/HAL/RN_RX200/IEC60335_B_libs/src/POE\POE.c **** 	/*Oscillation stop detection enable*/
 114:C:/Workspace/FW_Platform2_5/trunk/HAL/RN_RX200/IEC60335_B_libs/src/POE\POE.c **** 	POE.ICSR3.BIT.OSTSTE = 1;
 115:C:/Workspace/FW_Platform2_5/trunk/HAL/RN_RX200/IEC60335_B_libs/src/POE\POE.c **** 	
 116:C:/Workspace/FW_Platform2_5/trunk/HAL/RN_RX200/IEC60335_B_libs/src/POE\POE.c **** 	/*Enable the POE interrupt on the ICR if the callback is not NULL*/
 117:C:/Workspace/FW_Platform2_5/trunk/HAL/RN_RX200/IEC60335_B_libs/src/POE\POE.c **** 	if(NULL != g_POE_CallBack)
 118:C:/Workspace/FW_Platform2_5/trunk/HAL/RN_RX200/IEC60335_B_libs/src/POE\POE.c **** 	{
 119:C:/Workspace/FW_Platform2_5/trunk/HAL/RN_RX200/IEC60335_B_libs/src/POE\POE.c **** 		/*Enable Interrupt on detection of high impedance request.*/
 120:C:/Workspace/FW_Platform2_5/trunk/HAL/RN_RX200/IEC60335_B_libs/src/POE\POE.c **** 		POE.ICSR1.BIT.PIE1 = 1;
 121:C:/Workspace/FW_Platform2_5/trunk/HAL/RN_RX200/IEC60335_B_libs/src/POE\POE.c **** 	
 122:C:/Workspace/FW_Platform2_5/trunk/HAL/RN_RX200/IEC60335_B_libs/src/POE\POE.c **** 		/*Make sure IR flag is clear*/
 123:C:/Workspace/FW_Platform2_5/trunk/HAL/RN_RX200/IEC60335_B_libs/src/POE\POE.c **** 		ICU.IR[170].BIT.IR = 0;
 124:C:/Workspace/FW_Platform2_5/trunk/HAL/RN_RX200/IEC60335_B_libs/src/POE\POE.c **** 		/*ICU Interrupt priority*/
 125:C:/Workspace/FW_Platform2_5/trunk/HAL/RN_RX200/IEC60335_B_libs/src/POE\POE.c **** 		ICU.IPR[170].BIT.IPR = POE_INTERRUPT_PRIORITY;	
 126:C:/Workspace/FW_Platform2_5/trunk/HAL/RN_RX200/IEC60335_B_libs/src/POE\POE.c **** 		/*Enable the interrupt with the ICU*/
 127:C:/Workspace/FW_Platform2_5/trunk/HAL/RN_RX200/IEC60335_B_libs/src/POE\POE.c **** 		ICU.IER[0x15].BIT.IEN2 = 1;
 128:C:/Workspace/FW_Platform2_5/trunk/HAL/RN_RX200/IEC60335_B_libs/src/POE\POE.c **** 	}
 129:C:/Workspace/FW_Platform2_5/trunk/HAL/RN_RX200/IEC60335_B_libs/src/POE\POE.c **** 	else
 130:C:/Workspace/FW_Platform2_5/trunk/HAL/RN_RX200/IEC60335_B_libs/src/POE\POE.c **** 	{
 131:C:/Workspace/FW_Platform2_5/trunk/HAL/RN_RX200/IEC60335_B_libs/src/POE\POE.c **** 		/*Disable Interrupt on detection of high impedance request.*/
 132:C:/Workspace/FW_Platform2_5/trunk/HAL/RN_RX200/IEC60335_B_libs/src/POE\POE.c **** 		POE.ICSR1.BIT.PIE1 = 0;
 133:C:/Workspace/FW_Platform2_5/trunk/HAL/RN_RX200/IEC60335_B_libs/src/POE\POE.c **** 	}
 134:C:/Workspace/FW_Platform2_5/trunk/HAL/RN_RX200/IEC60335_B_libs/src/POE\POE.c **** 	
 135:C:/Workspace/FW_Platform2_5/trunk/HAL/RN_RX200/IEC60335_B_libs/src/POE\POE.c **** }
 136:C:/Workspace/FW_Platform2_5/trunk/HAL/RN_RX200/IEC60335_B_libs/src/POE\POE.c **** 
 137:C:/Workspace/FW_Platform2_5/trunk/HAL/RN_RX200/IEC60335_B_libs/src/POE\POE.c **** /***********************************************************************************
 138:C:/Workspace/FW_Platform2_5/trunk/HAL/RN_RX200/IEC60335_B_libs/src/POE\POE.c **** Function Name : POE_ClearFlags
 139:C:/Workspace/FW_Platform2_5/trunk/HAL/RN_RX200/IEC60335_B_libs/src/POE\POE.c **** 
 140:C:/Workspace/FW_Platform2_5/trunk/HAL/RN_RX200/IEC60335_B_libs/src/POE\POE.c **** Description   :	Clear all high impedance request flags.
 141:C:/Workspace/FW_Platform2_5/trunk/HAL/RN_RX200/IEC60335_B_libs/src/POE\POE.c **** 				This will release the pins from the high impedance state.
 142:C:/Workspace/FW_Platform2_5/trunk/HAL/RN_RX200/IEC60335_B_libs/src/POE\POE.c **** 
 143:C:/Workspace/FW_Platform2_5/trunk/HAL/RN_RX200/IEC60335_B_libs/src/POE\POE.c **** Parameters    : 
 144:C:/Workspace/FW_Platform2_5/trunk/HAL/RN_RX200/IEC60335_B_libs/src/POE\POE.c **** Return value  : 
 145:C:/Workspace/FW_Platform2_5/trunk/HAL/RN_RX200/IEC60335_B_libs/src/POE\POE.c **** ***********************************************************************************/
 146:C:/Workspace/FW_Platform2_5/trunk/HAL/RN_RX200/IEC60335_B_libs/src/POE\POE.c **** void POE_ClearFlags(void)
 147:C:/Workspace/FW_Platform2_5/trunk/HAL/RN_RX200/IEC60335_B_libs/src/POE\POE.c **** {
  10                             		.loc 1 147 0
 148:C:/Workspace/FW_Platform2_5/trunk/HAL/RN_RX200/IEC60335_B_libs/src/POE\POE.c **** 	/*Ensure all POE flags are clear.
 149:C:/Workspace/FW_Platform2_5/trunk/HAL/RN_RX200/IEC60335_B_libs/src/POE\POE.c **** 	To clear the flags read and then write zero*/
 150:C:/Workspace/FW_Platform2_5/trunk/HAL/RN_RX200/IEC60335_B_libs/src/POE\POE.c **** 	if((POE.ICSR1.WORD & 0xF000) != 0)
  11                             		.loc 1 150 0
  12 0000 FB EE 00 89 08          		mov.L	#0x88900, r14
  13 0005 DC E4                   		mov.W	[r14], r4
  14 0007 77 24 00 F0 00          		and	#0xf000, r4
  15 000c 20 0A                   		beq	.L2
 151:C:/Workspace/FW_Platform2_5/trunk/HAL/RN_RX200/IEC60335_B_libs/src/POE\POE.c **** 	{
 152:C:/Workspace/FW_Platform2_5/trunk/HAL/RN_RX200/IEC60335_B_libs/src/POE\POE.c **** 		POE.ICSR1.WORD &= (uint16_t)~0xF000u;
  16                             		.loc 1 152 0
  17 000e DC E4                   		mov.W	[r14], r4
  18 0010 76 24 FF 0F             		and	#0xfff, r4
  19 0014 D3 E4                   		mov.W	r4, [r14]
  20                             		.balign 2,3,5
  21                             	.L2:
 153:C:/Workspace/FW_Platform2_5/trunk/HAL/RN_RX200/IEC60335_B_libs/src/POE\POE.c **** 	}
 154:C:/Workspace/FW_Platform2_5/trunk/HAL/RN_RX200/IEC60335_B_libs/src/POE\POE.c **** 	
 155:C:/Workspace/FW_Platform2_5/trunk/HAL/RN_RX200/IEC60335_B_libs/src/POE\POE.c **** 	if(POE.ICSR3.BIT.OSTSTF != 0)
  22                             		.loc 1 155 0
  23 0016 CD EE 0E                		mov.B	14[r14], r14
  24 0019 FB 4E 00 89 08          		mov.L	#0x88900, r4
  25 001e 75 2E 10                		and	#16, r14
  26 0021 5B EE                   		movu.B	r14, r14
  27 0023 61 0E                   		cmp	#0, r14
  28 0025 20 0A                   		beq	.L1
 156:C:/Workspace/FW_Platform2_5/trunk/HAL/RN_RX200/IEC60335_B_libs/src/POE\POE.c **** 	{
 157:C:/Workspace/FW_Platform2_5/trunk/HAL/RN_RX200/IEC60335_B_libs/src/POE\POE.c **** 		POE.ICSR3.BIT.OSTSTF = 1;
  29                             		.loc 1 157 0
  30 0027 CD 4E 0E                		mov.B	14[r4], r14
  31 002a 78 4E                   		bset	#4, r14
  32 002c C7 4E 0E                		mov.B	r14, 14[r4]
  33                             	.L1:
  34 002f 02                      		rts
  35                             	.LFE1:
  37                             		.section	.text.POE_Init,"ax",@progbits
  38                             		.global	_POE_Init
  40                             	_POE_Init:
  41                             	.LFB0:
  87:C:/Workspace/FW_Platform2_5/trunk/HAL/RN_RX200/IEC60335_B_libs/src/POE\POE.c **** {
  42                             		.loc 1 87 0
  43                             	.LVL0:
  44 0000 7E A7                   		push.l	r7
  45                             	.LCFI0:
  89:C:/Workspace/FW_Platform2_5/trunk/HAL/RN_RX200/IEC60335_B_libs/src/POE\POE.c **** 	g_POE_CallBack = Callback;
  46                             		.loc 1 89 0
  47 0002 FB E2 00 00 00 00       		mov.L	#_g_POE_CallBack, r14
  87:C:/Workspace/FW_Platform2_5/trunk/HAL/RN_RX200/IEC60335_B_libs/src/POE\POE.c **** {
  48                             		.loc 1 87 0
  49 0008 EF 17                   		mov.L	r1, r7
  89:C:/Workspace/FW_Platform2_5/trunk/HAL/RN_RX200/IEC60335_B_libs/src/POE\POE.c **** 	g_POE_CallBack = Callback;
  50                             		.loc 1 89 0
  51 000a E3 E1                   		mov.L	r1, [r14]
  91:C:/Workspace/FW_Platform2_5/trunk/HAL/RN_RX200/IEC60335_B_libs/src/POE\POE.c **** 	POE_ClearFlags();
  52                             		.loc 1 91 0
  53 000c 05 00 00 00             		bsr	_POE_ClearFlags
  54                             	.LVL1:
  95:C:/Workspace/FW_Platform2_5/trunk/HAL/RN_RX200/IEC60335_B_libs/src/POE\POE.c **** 	MPC.PWPR.BIT.B0WI = 0;
  55                             		.loc 1 95 0
  56 0010 FB EE 00 C1 08          		mov.L	#0x8c100, r14
  57 0015 CD E4 1F                		mov.B	31[r14], r4
  58 0018 7A 74                   		bclr	#7, r4
  59 001a C7 E4 1F                		mov.B	r4, 31[r14]
  96:C:/Workspace/FW_Platform2_5/trunk/HAL/RN_RX200/IEC60335_B_libs/src/POE\POE.c **** 	MPC.PWPR.BIT.PFSWE = 1;
  60                             		.loc 1 96 0
  61 001d CD E4 1F                		mov.B	31[r14], r4
  62 0020 78 64                   		bset	#6, r4
  63 0022 C7 E4 1F                		mov.B	r4, 31[r14]
  97:C:/Workspace/FW_Platform2_5/trunk/HAL/RN_RX200/IEC60335_B_libs/src/POE\POE.c **** 	MPC.PD7PFS.BIT.PSEL = 0x07;
  64                             		.loc 1 97 0
  65 0025 CD E4 AF                		mov.B	175[r14], r4
  66 0028 75 24 F0                		and	#-16, r4
  67 002b 65 74                   		or	#7, r4
  68 002d C7 E4 AF                		mov.B	r4, 175[r14]
  98:C:/Workspace/FW_Platform2_5/trunk/HAL/RN_RX200/IEC60335_B_libs/src/POE\POE.c **** 	PORTD.PMR.BIT.B7 = 1;
  69                             		.loc 1 98 0
  70 0030 FB 4E 0D C0 08          		mov.L	#0x8c00d, r4
  71 0035 CD 43 60                		mov.B	96[r4], r3
 117:C:/Workspace/FW_Platform2_5/trunk/HAL/RN_RX200/IEC60335_B_libs/src/POE\POE.c **** 	if(NULL != g_POE_CallBack)
  72                             		.loc 1 117 0
  73 0038 61 07                   		cmp	#0, r7
  98:C:/Workspace/FW_Platform2_5/trunk/HAL/RN_RX200/IEC60335_B_libs/src/POE\POE.c **** 	PORTD.PMR.BIT.B7 = 1;
  74                             		.loc 1 98 0
  75 003a 78 73                   		bset	#7, r3
  76 003c C7 43 60                		mov.B	r3, 96[r4]
 100:C:/Workspace/FW_Platform2_5/trunk/HAL/RN_RX200/IEC60335_B_libs/src/POE\POE.c **** 	MPC.PWPR.BIT.PFSWE = 0;
  77                             		.loc 1 100 0
  78 003f CD E4 1F                		mov.B	31[r14], r4
  79 0042 7A 64                   		bclr	#6, r4
  80 0044 C7 E4 1F                		mov.B	r4, 31[r14]
 101:C:/Workspace/FW_Platform2_5/trunk/HAL/RN_RX200/IEC60335_B_libs/src/POE\POE.c **** 	MPC.PWPR.BIT.B0WI = 1;
  81                             		.loc 1 101 0
  82 0047 CD E4 1F                		mov.B	31[r14], r4
  83 004a 78 74                   		bset	#7, r4
  84 004c C7 E4 1F                		mov.B	r4, 31[r14]
 105:C:/Workspace/FW_Platform2_5/trunk/HAL/RN_RX200/IEC60335_B_libs/src/POE\POE.c **** 	POE.POECR1.BIT.PE0ZE = 1; /*MTIOC0A*/
  85                             		.loc 1 105 0
  86 004f FB EE 00 89 08          		mov.L	#0x88900, r14
  87 0054 CD E4 0B                		mov.B	11[r14], r4
  88 0057 78 04                   		bset	#0, r4
  89 0059 C7 E4 0B                		mov.B	r4, 11[r14]
 106:C:/Workspace/FW_Platform2_5/trunk/HAL/RN_RX200/IEC60335_B_libs/src/POE\POE.c **** 	POE.POECR1.BIT.PE1ZE = 1; /*MTIOC0B*/
  90                             		.loc 1 106 0
  91 005c CD E4 0B                		mov.B	11[r14], r4
  92 005f 78 14                   		bset	#1, r4
  93 0061 C7 E4 0B                		mov.B	r4, 11[r14]
 107:C:/Workspace/FW_Platform2_5/trunk/HAL/RN_RX200/IEC60335_B_libs/src/POE\POE.c **** 	POE.POECR1.BIT.PE2ZE = 1; /*MTIOC0C*/
  94                             		.loc 1 107 0
  95 0064 CD E4 0B                		mov.B	11[r14], r4
  96 0067 78 24                   		bset	#2, r4
  97 0069 C7 E4 0B                		mov.B	r4, 11[r14]
 108:C:/Workspace/FW_Platform2_5/trunk/HAL/RN_RX200/IEC60335_B_libs/src/POE\POE.c **** 	POE.POECR1.BIT.PE3ZE = 1; /*MTIOC0D*/
  98                             		.loc 1 108 0
  99 006c CD E4 0B                		mov.B	11[r14], r4
 100 006f 78 34                   		bset	#3, r4
 101 0071 C7 E4 0B                		mov.B	r4, 11[r14]
 109:C:/Workspace/FW_Platform2_5/trunk/HAL/RN_RX200/IEC60335_B_libs/src/POE\POE.c **** 	POE.POECR2.BIT.P1CZEA = 1; /*MTU2A Port 1*/
 102                             		.loc 1 109 0
 103 0074 CD E4 0C                		mov.B	12[r14], r4
 104 0077 78 64                   		bset	#6, r4
 105 0079 C7 E4 0C                		mov.B	r4, 12[r14]
 110:C:/Workspace/FW_Platform2_5/trunk/HAL/RN_RX200/IEC60335_B_libs/src/POE\POE.c **** 	POE.POECR2.BIT.P2CZEA = 1; /*MTU2A Port 2*/
 106                             		.loc 1 110 0
 107 007c CD E4 0C                		mov.B	12[r14], r4
 108 007f 78 54                   		bset	#5, r4
 109 0081 C7 E4 0C                		mov.B	r4, 12[r14]
 111:C:/Workspace/FW_Platform2_5/trunk/HAL/RN_RX200/IEC60335_B_libs/src/POE\POE.c **** 	POE.POECR2.BIT.P3CZEA = 1; /*MTU2A Port 3*/
 110                             		.loc 1 111 0
 111 0084 CD E4 0C                		mov.B	12[r14], r4
 112 0087 78 44                   		bset	#4, r4
 113 0089 C7 E4 0C                		mov.B	r4, 12[r14]
 114:C:/Workspace/FW_Platform2_5/trunk/HAL/RN_RX200/IEC60335_B_libs/src/POE\POE.c **** 	POE.ICSR3.BIT.OSTSTE = 1;
 114                             		.loc 1 114 0
 115 008c CD E4 0E                		mov.B	14[r14], r4
 116 008f 78 14                   		bset	#1, r4
 117 0091 C7 E4 0E                		mov.B	r4, 14[r14]
 120:C:/Workspace/FW_Platform2_5/trunk/HAL/RN_RX200/IEC60335_B_libs/src/POE\POE.c **** 		POE.ICSR1.BIT.PIE1 = 1;
 118                             		.loc 1 120 0
 119 0094 CC E4                   		mov.B	[r14], r4
 117:C:/Workspace/FW_Platform2_5/trunk/HAL/RN_RX200/IEC60335_B_libs/src/POE\POE.c **** 	if(NULL != g_POE_CallBack)
 120                             		.loc 1 117 0
 121 0096 20 29                   		beq	.L11
 120:C:/Workspace/FW_Platform2_5/trunk/HAL/RN_RX200/IEC60335_B_libs/src/POE\POE.c **** 		POE.ICSR1.BIT.PIE1 = 1;
 122                             		.loc 1 120 0
 123 0098 78 04                   		bset	#0, r4
 124 009a C3 E4                   		mov.B	r4, [r14]
 123:C:/Workspace/FW_Platform2_5/trunk/HAL/RN_RX200/IEC60335_B_libs/src/POE\POE.c **** 		ICU.IR[170].BIT.IR = 0;
 125                             		.loc 1 123 0
 126 009c FB EE 00 70 08          		mov.L	#0x87000, r14
 127 00a1 CD E4 AA                		mov.B	170[r14], r4
 128 00a4 7A 04                   		bclr	#0, r4
 129 00a6 C7 E4 AA                		mov.B	r4, 170[r14]
 125:C:/Workspace/FW_Platform2_5/trunk/HAL/RN_RX200/IEC60335_B_libs/src/POE\POE.c **** 		ICU.IPR[170].BIT.IPR = POE_INTERRUPT_PRIORITY;	
 130                             		.loc 1 125 0
 131 00a9 CE E7 AA 03             		mov.B	938[r14], r7
 132                             	.LVL2:
 133 00ad 65 F7                   		or	#15, r7
 134 00af CB E7 AA 03             		mov.B	r7, 938[r14]
 127:C:/Workspace/FW_Platform2_5/trunk/HAL/RN_RX200/IEC60335_B_libs/src/POE\POE.c **** 		ICU.IER[0x15].BIT.IEN2 = 1;
 135                             		.loc 1 127 0
 136 00b3 CE E4 15 02             		mov.B	533[r14], r4
 137 00b7 78 24                   		bset	#2, r4
 138 00b9 CB E4 15 02             		mov.B	r4, 533[r14]
 139 00bd 2E 07                   		bra	.L10
 140                             	.LVL3:
 141                             	.L11:
 132:C:/Workspace/FW_Platform2_5/trunk/HAL/RN_RX200/IEC60335_B_libs/src/POE\POE.c **** 		POE.ICSR1.BIT.PIE1 = 0;
 142                             		.loc 1 132 0
 143 00bf 7A 04                   		bclr	#0, r4
 144 00c1 C3 E4                   		mov.B	r4, [r14]
 145                             	.LVL4:
 146 00c3 03                      		.balign 2,3,2
 147                             	.L10:
 135:C:/Workspace/FW_Platform2_5/trunk/HAL/RN_RX200/IEC60335_B_libs/src/POE\POE.c **** }
 148                             		.loc 1 135 0
 149 00c4 3F 77 01                		rtsd	#4, r7-r7
 150                             	.LFE0:
 152 00c7 03                      		.section	.text.Interrupt_POE2_OEI1,"ax",@progbits
 153                             		.global	_Interrupt_POE2_OEI1
 155                             	_Interrupt_POE2_OEI1:
 156                             	.LFB2:
 158:C:/Workspace/FW_Platform2_5/trunk/HAL/RN_RX200/IEC60335_B_libs/src/POE\POE.c **** 	}
 159:C:/Workspace/FW_Platform2_5/trunk/HAL/RN_RX200/IEC60335_B_libs/src/POE\POE.c **** }
 160:C:/Workspace/FW_Platform2_5/trunk/HAL/RN_RX200/IEC60335_B_libs/src/POE\POE.c **** 
 161:C:/Workspace/FW_Platform2_5/trunk/HAL/RN_RX200/IEC60335_B_libs/src/POE\POE.c **** /***********************************************************************************
 162:C:/Workspace/FW_Platform2_5/trunk/HAL/RN_RX200/IEC60335_B_libs/src/POE\POE.c **** Function Name : Interrupt_POE2_OEI1
 163:C:/Workspace/FW_Platform2_5/trunk/HAL/RN_RX200/IEC60335_B_libs/src/POE\POE.c **** 
 164:C:/Workspace/FW_Platform2_5/trunk/HAL/RN_RX200/IEC60335_B_libs/src/POE\POE.c **** Description   :	Interrupt handler for POE.
 165:C:/Workspace/FW_Platform2_5/trunk/HAL/RN_RX200/IEC60335_B_libs/src/POE\POE.c **** 
 166:C:/Workspace/FW_Platform2_5/trunk/HAL/RN_RX200/IEC60335_B_libs/src/POE\POE.c **** 				TODO User: Ensure this function is called when a POE2_OEI1
 167:C:/Workspace/FW_Platform2_5/trunk/HAL/RN_RX200/IEC60335_B_libs/src/POE\POE.c **** 				interrupt is generated.
 168:C:/Workspace/FW_Platform2_5/trunk/HAL/RN_RX200/IEC60335_B_libs/src/POE\POE.c **** 
 169:C:/Workspace/FW_Platform2_5/trunk/HAL/RN_RX200/IEC60335_B_libs/src/POE\POE.c **** 				Call the registered callback function.
 170:C:/Workspace/FW_Platform2_5/trunk/HAL/RN_RX200/IEC60335_B_libs/src/POE\POE.c **** 				NOTE: It is the users responsibility to ensure a valid function
 171:C:/Workspace/FW_Platform2_5/trunk/HAL/RN_RX200/IEC60335_B_libs/src/POE\POE.c **** 				has been registered with the POE_Init function.
 172:C:/Workspace/FW_Platform2_5/trunk/HAL/RN_RX200/IEC60335_B_libs/src/POE\POE.c **** Parameters    :
 173:C:/Workspace/FW_Platform2_5/trunk/HAL/RN_RX200/IEC60335_B_libs/src/POE\POE.c **** Return value  : 
 174:C:/Workspace/FW_Platform2_5/trunk/HAL/RN_RX200/IEC60335_B_libs/src/POE\POE.c **** ***********************************************************************************/
 175:C:/Workspace/FW_Platform2_5/trunk/HAL/RN_RX200/IEC60335_B_libs/src/POE\POE.c **** void Interrupt_POE2_OEI1(void)
 176:C:/Workspace/FW_Platform2_5/trunk/HAL/RN_RX200/IEC60335_B_libs/src/POE\POE.c **** {
 157                             		.loc 1 176 0
 177:C:/Workspace/FW_Platform2_5/trunk/HAL/RN_RX200/IEC60335_B_libs/src/POE\POE.c **** 	/*Call registered callback.*/
 178:C:/Workspace/FW_Platform2_5/trunk/HAL/RN_RX200/IEC60335_B_libs/src/POE\POE.c **** 	g_POE_CallBack();
 158                             		.loc 1 178 0
 159 0000 FB E2 00 00 00 00       		mov.L	#_g_POE_CallBack, r14
 160 0006 EC EE                   		mov.L	[r14], r14
 161 0008 7F 1E                   		jsr	r14
 162                             	.LVL5:
 163 000a 02                      		rts
 164                             	.LFE2:
 166                             		.section	.bss.g_POE_CallBack,"aw",@nobits
 167                             		.balign 4
 170                             	_g_POE_CallBack:
 171 0000 00 00 00 00             		.zero	4
 220                             	.Letext0:
 221                             		.file 2 "C:\\Workspace\\FW_Platform2_5\\trunk\\HAL\\RN_RX200/RN_RX200_reg.h"
 222                             		.file 3 "C:\\Workspace\\FW_Platform2_5\\trunk\\HAL\\RN_RX200\\IEC60335_B_libs\\src\\Common/misraty
 223                             		.file 4 "C:/Workspace/FW_Platform2_5/trunk/HAL/RN_RX200/IEC60335_B_libs/src/POE/POE.h"
