   1                             		.file	"temperature.c"
   2                             		.section P,"ax"
   3                             	.Ltext0:
   4                             		.section	.text.Temperature_Init,"ax",@progbits
   5                             		.global	_Temperature_Init
   7                             	_Temperature_Init:
   8                             	.LFB0:
   9                             		.file 1 "C:/Workspace/FW_Platform2_5/trunk/HAL/RN_RX200/IEC60335_B_libs/src/Temperature/temperatur
   1:C:/Workspace/FW_Platform2_5/trunk/HAL/RN_RX200/IEC60335_B_libs/src/Temperature\temperature.c **** /*******************************************************************************
   2:C:/Workspace/FW_Platform2_5/trunk/HAL/RN_RX200/IEC60335_B_libs/src/Temperature\temperature.c **** * DISCLAIMER
   3:C:/Workspace/FW_Platform2_5/trunk/HAL/RN_RX200/IEC60335_B_libs/src/Temperature\temperature.c **** * This software is supplied by Renesas Electronics Corporation and is only
   4:C:/Workspace/FW_Platform2_5/trunk/HAL/RN_RX200/IEC60335_B_libs/src/Temperature\temperature.c **** * intended for use with Renesas products. No other uses are authorized. This
   5:C:/Workspace/FW_Platform2_5/trunk/HAL/RN_RX200/IEC60335_B_libs/src/Temperature\temperature.c **** * software is owned by Renesas Electronics Corporation and is protected under
   6:C:/Workspace/FW_Platform2_5/trunk/HAL/RN_RX200/IEC60335_B_libs/src/Temperature\temperature.c **** * all applicable laws, including copyright laws.
   7:C:/Workspace/FW_Platform2_5/trunk/HAL/RN_RX200/IEC60335_B_libs/src/Temperature\temperature.c **** * THIS SOFTWARE IS PROVIDED "AS IS" AND RENESAS MAKES NO WARRANTIES REGARDING
   8:C:/Workspace/FW_Platform2_5/trunk/HAL/RN_RX200/IEC60335_B_libs/src/Temperature\temperature.c **** * THIS SOFTWARE, WHETHER EXPRESS, IMPLIED OR STATUTORY, INCLUDING BUT NOT
   9:C:/Workspace/FW_Platform2_5/trunk/HAL/RN_RX200/IEC60335_B_libs/src/Temperature\temperature.c **** * LIMITED TO WARRANTIES OF MERCHANTABILITY, FITNESS FOR A PARTICULAR PURPOSE
  10:C:/Workspace/FW_Platform2_5/trunk/HAL/RN_RX200/IEC60335_B_libs/src/Temperature\temperature.c **** * AND NON-INFRINGEMENT. ALL SUCH WARRANTIES ARE EXPRESSLY DISCLAIMED.
  11:C:/Workspace/FW_Platform2_5/trunk/HAL/RN_RX200/IEC60335_B_libs/src/Temperature\temperature.c **** * TO THE MAXIMUM EXTENT PERMITTED NOT PROHIBITED BY LAW, NEITHER RENESAS
  12:C:/Workspace/FW_Platform2_5/trunk/HAL/RN_RX200/IEC60335_B_libs/src/Temperature\temperature.c **** * ELECTRONICS CORPORATION NOR ANY OF ITS AFFILIATED COMPANIES SHALL BE LIABLE
  13:C:/Workspace/FW_Platform2_5/trunk/HAL/RN_RX200/IEC60335_B_libs/src/Temperature\temperature.c **** * FOR ANY DIRECT, INDIRECT, SPECIAL, INCIDENTAL OR CONSEQUENTIAL DAMAGES FOR
  14:C:/Workspace/FW_Platform2_5/trunk/HAL/RN_RX200/IEC60335_B_libs/src/Temperature\temperature.c **** * ANY REASON RELATED TO THIS SOFTWARE, EVEN IF RENESAS OR ITS AFFILIATES HAVE
  15:C:/Workspace/FW_Platform2_5/trunk/HAL/RN_RX200/IEC60335_B_libs/src/Temperature\temperature.c **** * BEEN ADVISED OF THE POSSIBILITY OF SUCH DAMAGES.
  16:C:/Workspace/FW_Platform2_5/trunk/HAL/RN_RX200/IEC60335_B_libs/src/Temperature\temperature.c **** * Renesas reserves the right, without notice, to make changes to this software
  17:C:/Workspace/FW_Platform2_5/trunk/HAL/RN_RX200/IEC60335_B_libs/src/Temperature\temperature.c **** * and to discontinue the availability of this software. By using this software,
  18:C:/Workspace/FW_Platform2_5/trunk/HAL/RN_RX200/IEC60335_B_libs/src/Temperature\temperature.c **** * you agree to the additional terms and conditions found by accessing the
  19:C:/Workspace/FW_Platform2_5/trunk/HAL/RN_RX200/IEC60335_B_libs/src/Temperature\temperature.c **** * following link:
  20:C:/Workspace/FW_Platform2_5/trunk/HAL/RN_RX200/IEC60335_B_libs/src/Temperature\temperature.c **** * http://www.renesas.com/disclaimer
  21:C:/Workspace/FW_Platform2_5/trunk/HAL/RN_RX200/IEC60335_B_libs/src/Temperature\temperature.c **** *******************************************************************************/
  22:C:/Workspace/FW_Platform2_5/trunk/HAL/RN_RX200/IEC60335_B_libs/src/Temperature\temperature.c **** /* Copyright (C) 2010 Renesas Electronics Corporation. All rights reserved. */
  23:C:/Workspace/FW_Platform2_5/trunk/HAL/RN_RX200/IEC60335_B_libs/src/Temperature\temperature.c **** /**********************************************************************
  24:C:/Workspace/FW_Platform2_5/trunk/HAL/RN_RX200/IEC60335_B_libs/src/Temperature\temperature.c **** * File Name : Temperature.c
  25:C:/Workspace/FW_Platform2_5/trunk/HAL/RN_RX200/IEC60335_B_libs/src/Temperature\temperature.c **** * Version : 1.00
  26:C:/Workspace/FW_Platform2_5/trunk/HAL/RN_RX200/IEC60335_B_libs/src/Temperature\temperature.c **** * Device : RX210
  27:C:/Workspace/FW_Platform2_5/trunk/HAL/RN_RX200/IEC60335_B_libs/src/Temperature\temperature.c **** * Tool Chain :
  28:C:/Workspace/FW_Platform2_5/trunk/HAL/RN_RX200/IEC60335_B_libs/src/Temperature\temperature.c **** * H/W Platform : 
  29:C:/Workspace/FW_Platform2_5/trunk/HAL/RN_RX200/IEC60335_B_libs/src/Temperature\temperature.c **** * Description : Self Test code.
  30:C:/Workspace/FW_Platform2_5/trunk/HAL/RN_RX200/IEC60335_B_libs/src/Temperature\temperature.c **** *               Use the ADC12 module to read the MCU temperature.
  31:C:/Workspace/FW_Platform2_5/trunk/HAL/RN_RX200/IEC60335_B_libs/src/Temperature\temperature.c **** **********************************************************************/
  32:C:/Workspace/FW_Platform2_5/trunk/HAL/RN_RX200/IEC60335_B_libs/src/Temperature\temperature.c **** 
  33:C:/Workspace/FW_Platform2_5/trunk/HAL/RN_RX200/IEC60335_B_libs/src/Temperature\temperature.c **** /**********************************************************************************
  34:C:/Workspace/FW_Platform2_5/trunk/HAL/RN_RX200/IEC60335_B_libs/src/Temperature\temperature.c **** Revision History
  35:C:/Workspace/FW_Platform2_5/trunk/HAL/RN_RX200/IEC60335_B_libs/src/Temperature\temperature.c **** DD-MMM-YYYY OSO-UID Description
  36:C:/Workspace/FW_Platform2_5/trunk/HAL/RN_RX200/IEC60335_B_libs/src/Temperature\temperature.c **** 30-July-2011 RTE-PJI First Release
  37:C:/Workspace/FW_Platform2_5/trunk/HAL/RN_RX200/IEC60335_B_libs/src/Temperature\temperature.c **** ***********************************************************************************/
  38:C:/Workspace/FW_Platform2_5/trunk/HAL/RN_RX200/IEC60335_B_libs/src/Temperature\temperature.c **** 
  39:C:/Workspace/FW_Platform2_5/trunk/HAL/RN_RX200/IEC60335_B_libs/src/Temperature\temperature.c **** /**********************************************************************
  40:C:/Workspace/FW_Platform2_5/trunk/HAL/RN_RX200/IEC60335_B_libs/src/Temperature\temperature.c **** Includes
  41:C:/Workspace/FW_Platform2_5/trunk/HAL/RN_RX200/IEC60335_B_libs/src/Temperature\temperature.c **** **********************************************************************/
  42:C:/Workspace/FW_Platform2_5/trunk/HAL/RN_RX200/IEC60335_B_libs/src/Temperature\temperature.c **** #include <stddef.h> /*Provides NULL declaration*/
  43:C:/Workspace/FW_Platform2_5/trunk/HAL/RN_RX200/IEC60335_B_libs/src/Temperature\temperature.c **** #include "RN_RX200_reg.h"
  44:C:/Workspace/FW_Platform2_5/trunk/HAL/RN_RX200/IEC60335_B_libs/src/Temperature\temperature.c **** #include "Temperature.h"
  45:C:/Workspace/FW_Platform2_5/trunk/HAL/RN_RX200/IEC60335_B_libs/src/Temperature\temperature.c **** 
  46:C:/Workspace/FW_Platform2_5/trunk/HAL/RN_RX200/IEC60335_B_libs/src/Temperature\temperature.c **** 
  47:C:/Workspace/FW_Platform2_5/trunk/HAL/RN_RX200/IEC60335_B_libs/src/Temperature\temperature.c **** /**********************************************************************
  48:C:/Workspace/FW_Platform2_5/trunk/HAL/RN_RX200/IEC60335_B_libs/src/Temperature\temperature.c **** Defines
  49:C:/Workspace/FW_Platform2_5/trunk/HAL/RN_RX200/IEC60335_B_libs/src/Temperature\temperature.c **** **********************************************************************/
  50:C:/Workspace/FW_Platform2_5/trunk/HAL/RN_RX200/IEC60335_B_libs/src/Temperature\temperature.c **** 
  51:C:/Workspace/FW_Platform2_5/trunk/HAL/RN_RX200/IEC60335_B_libs/src/Temperature\temperature.c **** /**********************************************************************
  52:C:/Workspace/FW_Platform2_5/trunk/HAL/RN_RX200/IEC60335_B_libs/src/Temperature\temperature.c **** Variables
  53:C:/Workspace/FW_Platform2_5/trunk/HAL/RN_RX200/IEC60335_B_libs/src/Temperature\temperature.c **** **********************************************************************/
  54:C:/Workspace/FW_Platform2_5/trunk/HAL/RN_RX200/IEC60335_B_libs/src/Temperature\temperature.c **** static uint16_t g_Temperature_ADC_Value_Min;
  55:C:/Workspace/FW_Platform2_5/trunk/HAL/RN_RX200/IEC60335_B_libs/src/Temperature\temperature.c **** static uint16_t g_Temperature_ADC_Value_Max;
  56:C:/Workspace/FW_Platform2_5/trunk/HAL/RN_RX200/IEC60335_B_libs/src/Temperature\temperature.c **** /*Error Callbacks*/
  57:C:/Workspace/FW_Platform2_5/trunk/HAL/RN_RX200/IEC60335_B_libs/src/Temperature\temperature.c **** static TEMPERATURE_ERROR_CALL_BACK g_Temp_ErrorCallBack = NULL;
  58:C:/Workspace/FW_Platform2_5/trunk/HAL/RN_RX200/IEC60335_B_libs/src/Temperature\temperature.c **** 
  59:C:/Workspace/FW_Platform2_5/trunk/HAL/RN_RX200/IEC60335_B_libs/src/Temperature\temperature.c **** /********************************************************************
  60:C:/Workspace/FW_Platform2_5/trunk/HAL/RN_RX200/IEC60335_B_libs/src/Temperature\temperature.c **** Prototypes
  61:C:/Workspace/FW_Platform2_5/trunk/HAL/RN_RX200/IEC60335_B_libs/src/Temperature\temperature.c **** **********************************************************************/
  62:C:/Workspace/FW_Platform2_5/trunk/HAL/RN_RX200/IEC60335_B_libs/src/Temperature\temperature.c **** 
  63:C:/Workspace/FW_Platform2_5/trunk/HAL/RN_RX200/IEC60335_B_libs/src/Temperature\temperature.c **** /**********************************************************************
  64:C:/Workspace/FW_Platform2_5/trunk/HAL/RN_RX200/IEC60335_B_libs/src/Temperature\temperature.c **** Functions
  65:C:/Workspace/FW_Platform2_5/trunk/HAL/RN_RX200/IEC60335_B_libs/src/Temperature\temperature.c **** **********************************************************************/
  66:C:/Workspace/FW_Platform2_5/trunk/HAL/RN_RX200/IEC60335_B_libs/src/Temperature\temperature.c **** 
  67:C:/Workspace/FW_Platform2_5/trunk/HAL/RN_RX200/IEC60335_B_libs/src/Temperature\temperature.c **** 
  68:C:/Workspace/FW_Platform2_5/trunk/HAL/RN_RX200/IEC60335_B_libs/src/Temperature\temperature.c **** /***********************************************************************************
  69:C:/Workspace/FW_Platform2_5/trunk/HAL/RN_RX200/IEC60335_B_libs/src/Temperature\temperature.c **** Function Name : Temperature_Init
  70:C:/Workspace/FW_Platform2_5/trunk/HAL/RN_RX200/IEC60335_B_libs/src/Temperature\temperature.c **** 
  71:C:/Workspace/FW_Platform2_5/trunk/HAL/RN_RX200/IEC60335_B_libs/src/Temperature\temperature.c **** Description   :	Initialise the Temperature sensor and
  72:C:/Workspace/FW_Platform2_5/trunk/HAL/RN_RX200/IEC60335_B_libs/src/Temperature\temperature.c **** 				enable the ADC12 module.
  73:C:/Workspace/FW_Platform2_5/trunk/HAL/RN_RX200/IEC60335_B_libs/src/Temperature\temperature.c **** 				
  74:C:/Workspace/FW_Platform2_5/trunk/HAL/RN_RX200/IEC60335_B_libs/src/Temperature\temperature.c **** 				*** NOTE ***
  75:C:/Workspace/FW_Platform2_5/trunk/HAL/RN_RX200/IEC60335_B_libs/src/Temperature\temperature.c **** 				After calling this the Temperature_Start function must
  76:C:/Workspace/FW_Platform2_5/trunk/HAL/RN_RX200/IEC60335_B_libs/src/Temperature\temperature.c **** 				not be called until the temperature sensor reference voltage
  77:C:/Workspace/FW_Platform2_5/trunk/HAL/RN_RX200/IEC60335_B_libs/src/Temperature\temperature.c **** 				becomes stable. (tSTBL). A delay is not added here as
  78:C:/Workspace/FW_Platform2_5/trunk/HAL/RN_RX200/IEC60335_B_libs/src/Temperature\temperature.c **** 				it is thought the user can call this function and then schedule
  79:C:/Workspace/FW_Platform2_5/trunk/HAL/RN_RX200/IEC60335_B_libs/src/Temperature\temperature.c **** 				the Temperature_Start to be called later.
  80:C:/Workspace/FW_Platform2_5/trunk/HAL/RN_RX200/IEC60335_B_libs/src/Temperature\temperature.c **** 
  81:C:/Workspace/FW_Platform2_5/trunk/HAL/RN_RX200/IEC60335_B_libs/src/Temperature\temperature.c **** Parameters    : eGain: The temperature sensor gain.
  82:C:/Workspace/FW_Platform2_5/trunk/HAL/RN_RX200/IEC60335_B_libs/src/Temperature\temperature.c **** 				Temperature_ADC_Value_Min: Min. allowable value of ADTSDR register.
  83:C:/Workspace/FW_Platform2_5/trunk/HAL/RN_RX200/IEC60335_B_libs/src/Temperature\temperature.c **** 				Temperature_ADC_Value_Max: Max. allowable value of ADTSDR register. 
  84:C:/Workspace/FW_Platform2_5/trunk/HAL/RN_RX200/IEC60335_B_libs/src/Temperature\temperature.c **** 				Error_callback: Function to be called if temperature (ADTSDR) falls out
  85:C:/Workspace/FW_Platform2_5/trunk/HAL/RN_RX200/IEC60335_B_libs/src/Temperature\temperature.c **** 				 				of specified range.
  86:C:/Workspace/FW_Platform2_5/trunk/HAL/RN_RX200/IEC60335_B_libs/src/Temperature\temperature.c **** 
  87:C:/Workspace/FW_Platform2_5/trunk/HAL/RN_RX200/IEC60335_B_libs/src/Temperature\temperature.c **** 				NOTE: The ADC output is 12bit so do not specify a ADC_Value greater
  88:C:/Workspace/FW_Platform2_5/trunk/HAL/RN_RX200/IEC60335_B_libs/src/Temperature\temperature.c **** 				than h'FFF.
  89:C:/Workspace/FW_Platform2_5/trunk/HAL/RN_RX200/IEC60335_B_libs/src/Temperature\temperature.c **** 
  90:C:/Workspace/FW_Platform2_5/trunk/HAL/RN_RX200/IEC60335_B_libs/src/Temperature\temperature.c **** Return value  : void
  91:C:/Workspace/FW_Platform2_5/trunk/HAL/RN_RX200/IEC60335_B_libs/src/Temperature\temperature.c **** ***********************************************************************************/
  92:C:/Workspace/FW_Platform2_5/trunk/HAL/RN_RX200/IEC60335_B_libs/src/Temperature\temperature.c **** void Temperature_Init(TEMPERATURE_GAIN_SELECT eGain,
  93:C:/Workspace/FW_Platform2_5/trunk/HAL/RN_RX200/IEC60335_B_libs/src/Temperature\temperature.c **** 					  uint16_t Temperature_ADC_Value_Min,
  94:C:/Workspace/FW_Platform2_5/trunk/HAL/RN_RX200/IEC60335_B_libs/src/Temperature\temperature.c **** 					  uint16_t Temperature_ADC_Value_Max,
  95:C:/Workspace/FW_Platform2_5/trunk/HAL/RN_RX200/IEC60335_B_libs/src/Temperature\temperature.c **** 					  TEMPERATURE_ERROR_CALL_BACK Error_callback)
  96:C:/Workspace/FW_Platform2_5/trunk/HAL/RN_RX200/IEC60335_B_libs/src/Temperature\temperature.c **** {
  10                             		.loc 1 96 0
  11                             	.LVL0:
  97:C:/Workspace/FW_Platform2_5/trunk/HAL/RN_RX200/IEC60335_B_libs/src/Temperature\temperature.c **** 	/*Store temperature allowed limits*/
  98:C:/Workspace/FW_Platform2_5/trunk/HAL/RN_RX200/IEC60335_B_libs/src/Temperature\temperature.c **** 	g_Temperature_ADC_Value_Min = Temperature_ADC_Value_Min;
  12                             		.loc 1 98 0
  13 0000 FB E2 00 00 00 00       		mov.L	#_g_Temperature_ADC_Value_Min, r14
  14 0006 D3 E2                   		mov.W	r2, [r14]
  99:C:/Workspace/FW_Platform2_5/trunk/HAL/RN_RX200/IEC60335_B_libs/src/Temperature\temperature.c **** 	g_Temperature_ADC_Value_Max = Temperature_ADC_Value_Max;
  15                             		.loc 1 99 0
  16 0008 FB E2 00 00 00 00       		mov.L	#_g_Temperature_ADC_Value_Max, r14
  17 000e D3 E3                   		mov.W	r3, [r14]
 100:C:/Workspace/FW_Platform2_5/trunk/HAL/RN_RX200/IEC60335_B_libs/src/Temperature\temperature.c **** 	
 101:C:/Workspace/FW_Platform2_5/trunk/HAL/RN_RX200/IEC60335_B_libs/src/Temperature\temperature.c **** 	/*Store callback*/
 102:C:/Workspace/FW_Platform2_5/trunk/HAL/RN_RX200/IEC60335_B_libs/src/Temperature\temperature.c **** 	g_Temp_ErrorCallBack = Error_callback;
  18                             		.loc 1 102 0
  19 0010 FB E2 00 00 00 00       		mov.L	#_g_Temp_ErrorCallBack, r14
  20 0016 E3 E4                   		mov.L	r4, [r14]
 103:C:/Workspace/FW_Platform2_5/trunk/HAL/RN_RX200/IEC60335_B_libs/src/Temperature\temperature.c **** 	
 104:C:/Workspace/FW_Platform2_5/trunk/HAL/RN_RX200/IEC60335_B_libs/src/Temperature\temperature.c **** 	/*Disable register protection (PRC1)*/
 105:C:/Workspace/FW_Platform2_5/trunk/HAL/RN_RX200/IEC60335_B_libs/src/Temperature\temperature.c **** 	SYSTEM.PRCR.WORD = 0xA502;	
  21                             		.loc 1 105 0
  22 0018 FB EE 00 00 08          		mov.L	#0x80000, r14
  23 001d FA E9 FF 01 02 A5       		mov.W	#0xffffa502, 1022[r14]
 106:C:/Workspace/FW_Platform2_5/trunk/HAL/RN_RX200/IEC60335_B_libs/src/Temperature\temperature.c **** 	/*Enable the Temperature Sensor Module*/
 107:C:/Workspace/FW_Platform2_5/trunk/HAL/RN_RX200/IEC60335_B_libs/src/Temperature\temperature.c **** 	SYSTEM.MSTPCRB.BIT.MSTPB8 = 0;
  24                             		.loc 1 107 0
  25 0023 ED E4 05                		mov.L	20[r14], r4
  26                             	.LVL1:
 108:C:/Workspace/FW_Platform2_5/trunk/HAL/RN_RX200/IEC60335_B_libs/src/Temperature\temperature.c **** 	/*Enable the ADC12 Module*/
 109:C:/Workspace/FW_Platform2_5/trunk/HAL/RN_RX200/IEC60335_B_libs/src/Temperature\temperature.c **** 	SYSTEM.MSTPCRA.BIT.MSTPA17 = 0;
 110:C:/Workspace/FW_Platform2_5/trunk/HAL/RN_RX200/IEC60335_B_libs/src/Temperature\temperature.c **** 	/*Re-Enable register protection*/
 111:C:/Workspace/FW_Platform2_5/trunk/HAL/RN_RX200/IEC60335_B_libs/src/Temperature\temperature.c **** 	SYSTEM.PRCR.WORD = 0xA500;
 112:C:/Workspace/FW_Platform2_5/trunk/HAL/RN_RX200/IEC60335_B_libs/src/Temperature\temperature.c **** 	
 113:C:/Workspace/FW_Platform2_5/trunk/HAL/RN_RX200/IEC60335_B_libs/src/Temperature\temperature.c **** 	/*Ensure PGA is disabled*/
 114:C:/Workspace/FW_Platform2_5/trunk/HAL/RN_RX200/IEC60335_B_libs/src/Temperature\temperature.c **** 	TEMPS.TSCR.BIT.PGAEN = 0;
 115:C:/Workspace/FW_Platform2_5/trunk/HAL/RN_RX200/IEC60335_B_libs/src/Temperature\temperature.c **** 	
 116:C:/Workspace/FW_Platform2_5/trunk/HAL/RN_RX200/IEC60335_B_libs/src/Temperature\temperature.c **** 	/*Set Gain*/
 117:C:/Workspace/FW_Platform2_5/trunk/HAL/RN_RX200/IEC60335_B_libs/src/Temperature\temperature.c **** 	TEMPS.TSCR.BIT.PGAGAIN = eGain;
  27                             		.loc 1 117 0
  28 0026 64 31                   		and	#3, r1
  29                             	.LVL2:
 107:C:/Workspace/FW_Platform2_5/trunk/HAL/RN_RX200/IEC60335_B_libs/src/Temperature\temperature.c **** 	SYSTEM.MSTPCRB.BIT.MSTPB8 = 0;
  30                             		.loc 1 107 0
  31 0028 7A 84                   		bclr	#8, r4
  32 002a E7 E4 05                		mov.L	r4, 20[r14]
 109:C:/Workspace/FW_Platform2_5/trunk/HAL/RN_RX200/IEC60335_B_libs/src/Temperature\temperature.c **** 	SYSTEM.MSTPCRA.BIT.MSTPA17 = 0;
  33                             		.loc 1 109 0
  34 002d ED E4 04                		mov.L	16[r14], r4
  35 0030 7B 14                   		bclr	#17, r4
  36 0032 E7 E4 04                		mov.L	r4, 16[r14]
 111:C:/Workspace/FW_Platform2_5/trunk/HAL/RN_RX200/IEC60335_B_libs/src/Temperature\temperature.c **** 	SYSTEM.PRCR.WORD = 0xA500;
  37                             		.loc 1 111 0
  38 0035 FA E9 FF 01 00 A5       		mov.W	#0xffffa500, 1022[r14]
 114:C:/Workspace/FW_Platform2_5/trunk/HAL/RN_RX200/IEC60335_B_libs/src/Temperature\temperature.c **** 	TEMPS.TSCR.BIT.PGAEN = 0;
  39                             		.loc 1 114 0
  40 003b FB EE 00 C5 08          		mov.L	#0x8c500, r14
  41 0040 CC E4                   		mov.B	[r14], r4
  42 0042 7A 64                   		bclr	#6, r4
  43 0044 C3 E4                   		mov.B	r4, [r14]
  44                             		.loc 1 117 0
  45 0046 CC E4                   		mov.B	[r14], r4
  46 0048 75 24 FC                		and	#-4, r4
  47 004b 57 41                   		or	r4, r1
  48 004d C3 E1                   		mov.B	r1, [r14]
 118:C:/Workspace/FW_Platform2_5/trunk/HAL/RN_RX200/IEC60335_B_libs/src/Temperature\temperature.c **** 	
 119:C:/Workspace/FW_Platform2_5/trunk/HAL/RN_RX200/IEC60335_B_libs/src/Temperature\temperature.c **** 	/*Enable Sensor. NOTE A conversion will not start until PGAEN is set.*/
 120:C:/Workspace/FW_Platform2_5/trunk/HAL/RN_RX200/IEC60335_B_libs/src/Temperature\temperature.c **** 	TEMPS.TSCR.BIT.TSEN = 1;
  49                             		.loc 1 120 0
  50 004f CC E4                   		mov.B	[r14], r4
  51 0051 78 74                   		bset	#7, r4
  52 0053 C3 E4                   		mov.B	r4, [r14]
  53 0055 02                      		rts
  54                             	.LFE0:
  56                             		.section	.text.Temperature_Start,"ax",@progbits
  57                             		.global	_Temperature_Start
  59                             	_Temperature_Start:
  60                             	.LFB1:
 121:C:/Workspace/FW_Platform2_5/trunk/HAL/RN_RX200/IEC60335_B_libs/src/Temperature\temperature.c **** }
 122:C:/Workspace/FW_Platform2_5/trunk/HAL/RN_RX200/IEC60335_B_libs/src/Temperature\temperature.c **** 
 123:C:/Workspace/FW_Platform2_5/trunk/HAL/RN_RX200/IEC60335_B_libs/src/Temperature\temperature.c **** /***********************************************************************************
 124:C:/Workspace/FW_Platform2_5/trunk/HAL/RN_RX200/IEC60335_B_libs/src/Temperature\temperature.c **** Function Name : Temperature_Start
 125:C:/Workspace/FW_Platform2_5/trunk/HAL/RN_RX200/IEC60335_B_libs/src/Temperature\temperature.c **** 
 126:C:/Workspace/FW_Platform2_5/trunk/HAL/RN_RX200/IEC60335_B_libs/src/Temperature\temperature.c **** Description   :	Configure ADC12 to read the Temperature sensor and
 127:C:/Workspace/FW_Platform2_5/trunk/HAL/RN_RX200/IEC60335_B_libs/src/Temperature\temperature.c **** 				start a conversion.
 128:C:/Workspace/FW_Platform2_5/trunk/HAL/RN_RX200/IEC60335_B_libs/src/Temperature\temperature.c **** 				
 129:C:/Workspace/FW_Platform2_5/trunk/HAL/RN_RX200/IEC60335_B_libs/src/Temperature\temperature.c **** 				NOTE: The user must ensure the ADC12 has been stopped
 130:C:/Workspace/FW_Platform2_5/trunk/HAL/RN_RX200/IEC60335_B_libs/src/Temperature\temperature.c **** 				before using this. The ADC can not perform conversion of analogue
 131:C:/Workspace/FW_Platform2_5/trunk/HAL/RN_RX200/IEC60335_B_libs/src/Temperature\temperature.c **** 				pins and temperature sensor output at the same time.
 132:C:/Workspace/FW_Platform2_5/trunk/HAL/RN_RX200/IEC60335_B_libs/src/Temperature\temperature.c **** 				
 133:C:/Workspace/FW_Platform2_5/trunk/HAL/RN_RX200/IEC60335_B_libs/src/Temperature\temperature.c **** 				This function will destroy the settings in the following ADC
 134:C:/Workspace/FW_Platform2_5/trunk/HAL/RN_RX200/IEC60335_B_libs/src/Temperature\temperature.c **** 				registers: ADEXICR,ADCSR and ADSTRGR.
 135:C:/Workspace/FW_Platform2_5/trunk/HAL/RN_RX200/IEC60335_B_libs/src/Temperature\temperature.c **** 				It is the users responsibility when resuming normal
 136:C:/Workspace/FW_Platform2_5/trunk/HAL/RN_RX200/IEC60335_B_libs/src/Temperature\temperature.c **** 				operation to ensure these are re-configured as required.
 137:C:/Workspace/FW_Platform2_5/trunk/HAL/RN_RX200/IEC60335_B_libs/src/Temperature\temperature.c **** 				
 138:C:/Workspace/FW_Platform2_5/trunk/HAL/RN_RX200/IEC60335_B_libs/src/Temperature\temperature.c **** 				NOTE: To avoid this function altering the ADC interrupts
 139:C:/Workspace/FW_Platform2_5/trunk/HAL/RN_RX200/IEC60335_B_libs/src/Temperature\temperature.c **** 				it is left for the user to ascertain when the temperature
 140:C:/Workspace/FW_Platform2_5/trunk/HAL/RN_RX200/IEC60335_B_libs/src/Temperature\temperature.c **** 				sensor conversion has completed so that normal ADC
 141:C:/Workspace/FW_Platform2_5/trunk/HAL/RN_RX200/IEC60335_B_libs/src/Temperature\temperature.c **** 				operation can be resumed.
 142:C:/Workspace/FW_Platform2_5/trunk/HAL/RN_RX200/IEC60335_B_libs/src/Temperature\temperature.c **** 				(Function Temperature_Read_Wait can be used for this purpose.)
 143:C:/Workspace/FW_Platform2_5/trunk/HAL/RN_RX200/IEC60335_B_libs/src/Temperature\temperature.c **** 				
 144:C:/Workspace/FW_Platform2_5/trunk/HAL/RN_RX200/IEC60335_B_libs/src/Temperature\temperature.c **** 				After calling this function use Temperture_Read_Wait
 145:C:/Workspace/FW_Platform2_5/trunk/HAL/RN_RX200/IEC60335_B_libs/src/Temperature\temperature.c **** 				to get the result or Temperature_CheckResult to
 146:C:/Workspace/FW_Platform2_5/trunk/HAL/RN_RX200/IEC60335_B_libs/src/Temperature\temperature.c **** 				verify if the result is within the pre-defined limits.
 147:C:/Workspace/FW_Platform2_5/trunk/HAL/RN_RX200/IEC60335_B_libs/src/Temperature\temperature.c **** 				
 148:C:/Workspace/FW_Platform2_5/trunk/HAL/RN_RX200/IEC60335_B_libs/src/Temperature\temperature.c **** Parameters    :
 149:C:/Workspace/FW_Platform2_5/trunk/HAL/RN_RX200/IEC60335_B_libs/src/Temperature\temperature.c **** Return value  : 
 150:C:/Workspace/FW_Platform2_5/trunk/HAL/RN_RX200/IEC60335_B_libs/src/Temperature\temperature.c **** ***********************************************************************************/
 151:C:/Workspace/FW_Platform2_5/trunk/HAL/RN_RX200/IEC60335_B_libs/src/Temperature\temperature.c **** void Temperature_Start(void)
 152:C:/Workspace/FW_Platform2_5/trunk/HAL/RN_RX200/IEC60335_B_libs/src/Temperature\temperature.c **** {
  61                             		.loc 1 152 0
 153:C:/Workspace/FW_Platform2_5/trunk/HAL/RN_RX200/IEC60335_B_libs/src/Temperature\temperature.c **** 	/*Output of temperature sensor is target for AD Conversion*/
 154:C:/Workspace/FW_Platform2_5/trunk/HAL/RN_RX200/IEC60335_B_libs/src/Temperature\temperature.c **** 	S12AD.ADEXICR.BIT.TSS = 1;
  62                             		.loc 1 154 0
  63 0000 FB EE 00 90 08          		mov.L	#0x89000, r14
  64 0005 DD E4 09                		mov.W	18[r14], r4
  65 0008 78 84                   		bset	#8, r4
  66 000a D7 E4 09                		mov.W	r4, 18[r14]
 155:C:/Workspace/FW_Platform2_5/trunk/HAL/RN_RX200/IEC60335_B_libs/src/Temperature\temperature.c **** 	/*Single scan mode*/
 156:C:/Workspace/FW_Platform2_5/trunk/HAL/RN_RX200/IEC60335_B_libs/src/Temperature\temperature.c **** 	S12AD.ADCSR.BIT.ADCS = 0;
  67                             		.loc 1 156 0
  68 000d DC E4                   		mov.W	[r14], r4
  69 000f 76 24 FF 9F             		and	#0xffff9fff, r4
  70 0013 D3 E4                   		mov.W	r4, [r14]
 157:C:/Workspace/FW_Platform2_5/trunk/HAL/RN_RX200/IEC60335_B_libs/src/Temperature\temperature.c **** 	/*Set ADC trigger as Temperature Sensor*/
 158:C:/Workspace/FW_Platform2_5/trunk/HAL/RN_RX200/IEC60335_B_libs/src/Temperature\temperature.c **** 	S12AD.ADSTRGR.BIT.TRSA = 0xA;
  71                             		.loc 1 158 0
  72 0015 DD E4 08                		mov.W	16[r14], r4
  73 0018 76 24 FF F0             		and	#0xfffff0ff, r4
  74 001c 76 34 00 0A             		or	#0xa00, r4
  75 0020 D7 E4 08                		mov.W	r4, 16[r14]
 159:C:/Workspace/FW_Platform2_5/trunk/HAL/RN_RX200/IEC60335_B_libs/src/Temperature\temperature.c **** 	S12AD.ADCSR.BIT.TRGE = 1;
  76                             		.loc 1 159 0
  77 0023 DC E4                   		mov.W	[r14], r4
  78 0025 78 94                   		bset	#9, r4
  79 0027 D3 E4                   		mov.W	r4, [r14]
 160:C:/Workspace/FW_Platform2_5/trunk/HAL/RN_RX200/IEC60335_B_libs/src/Temperature\temperature.c **** 	S12AD.ADCSR.BIT.EXTRG = 0;
  80                             		.loc 1 160 0
  81 0029 DC E4                   		mov.W	[r14], r4
  82 002b 7A 84                   		bclr	#8, r4
  83 002d D3 E4                   		mov.W	r4, [r14]
 161:C:/Workspace/FW_Platform2_5/trunk/HAL/RN_RX200/IEC60335_B_libs/src/Temperature\temperature.c **** 	
 162:C:/Workspace/FW_Platform2_5/trunk/HAL/RN_RX200/IEC60335_B_libs/src/Temperature\temperature.c **** 	/*Start conversion*/
 163:C:/Workspace/FW_Platform2_5/trunk/HAL/RN_RX200/IEC60335_B_libs/src/Temperature\temperature.c **** 	TEMPS.TSCR.BIT.PGAEN = 1;	
  84                             		.loc 1 163 0
  85 002f FB EE 00 C5 08          		mov.L	#0x8c500, r14
  86 0034 CC E4                   		mov.B	[r14], r4
  87 0036 78 64                   		bset	#6, r4
  88 0038 C3 E4                   		mov.B	r4, [r14]
  89 003a 02                      		rts
  90                             	.LFE1:
  92                             		.section	.text.Temperature_Is_Finished,"ax",@progbits
  93                             		.global	_Temperature_Is_Finished
  95                             	_Temperature_Is_Finished:
  96                             	.LFB2:
 164:C:/Workspace/FW_Platform2_5/trunk/HAL/RN_RX200/IEC60335_B_libs/src/Temperature\temperature.c **** }
 165:C:/Workspace/FW_Platform2_5/trunk/HAL/RN_RX200/IEC60335_B_libs/src/Temperature\temperature.c **** 
 166:C:/Workspace/FW_Platform2_5/trunk/HAL/RN_RX200/IEC60335_B_libs/src/Temperature\temperature.c **** /***********************************************************************************
 167:C:/Workspace/FW_Platform2_5/trunk/HAL/RN_RX200/IEC60335_B_libs/src/Temperature\temperature.c **** Function Name : Temperature_Is_Finished
 168:C:/Workspace/FW_Platform2_5/trunk/HAL/RN_RX200/IEC60335_B_libs/src/Temperature\temperature.c **** 
 169:C:/Workspace/FW_Platform2_5/trunk/HAL/RN_RX200/IEC60335_B_libs/src/Temperature\temperature.c **** Description   :	Determines if a temperature conversion
 170:C:/Workspace/FW_Platform2_5/trunk/HAL/RN_RX200/IEC60335_B_libs/src/Temperature\temperature.c **** 				(started with Temperature_Start) has completed.
 171:C:/Workspace/FW_Platform2_5/trunk/HAL/RN_RX200/IEC60335_B_libs/src/Temperature\temperature.c **** 				
 172:C:/Workspace/FW_Platform2_5/trunk/HAL/RN_RX200/IEC60335_B_libs/src/Temperature\temperature.c **** Parameters    :
 173:C:/Workspace/FW_Platform2_5/trunk/HAL/RN_RX200/IEC60335_B_libs/src/Temperature\temperature.c **** Return value  : TRUE = Finished. FALSE = Busy
 174:C:/Workspace/FW_Platform2_5/trunk/HAL/RN_RX200/IEC60335_B_libs/src/Temperature\temperature.c **** ***********************************************************************************/
 175:C:/Workspace/FW_Platform2_5/trunk/HAL/RN_RX200/IEC60335_B_libs/src/Temperature\temperature.c **** bool_t Temperature_Is_Finished(void)
 176:C:/Workspace/FW_Platform2_5/trunk/HAL/RN_RX200/IEC60335_B_libs/src/Temperature\temperature.c **** {
  97                             		.loc 1 176 0
 177:C:/Workspace/FW_Platform2_5/trunk/HAL/RN_RX200/IEC60335_B_libs/src/Temperature\temperature.c **** 	if(1 == TEMPS.TSCR.BIT.PGAEN)
  98                             		.loc 1 177 0
  99 0000 FB EE 00 C5 08          		mov.L	#0x8c500, r14
 100 0005 CC E1                   		mov.B	[r14], r1
 101 0007 6A 61                   		shar	#6, r1
 102 0009 FD 74 D1 01             		xor	#1, r1
 178:C:/Workspace/FW_Platform2_5/trunk/HAL/RN_RX200/IEC60335_B_libs/src/Temperature\temperature.c **** 	{
 179:C:/Workspace/FW_Platform2_5/trunk/HAL/RN_RX200/IEC60335_B_libs/src/Temperature\temperature.c **** 		/*Busy*/
 180:C:/Workspace/FW_Platform2_5/trunk/HAL/RN_RX200/IEC60335_B_libs/src/Temperature\temperature.c **** 		return FALSE;
 181:C:/Workspace/FW_Platform2_5/trunk/HAL/RN_RX200/IEC60335_B_libs/src/Temperature\temperature.c **** 	}
 182:C:/Workspace/FW_Platform2_5/trunk/HAL/RN_RX200/IEC60335_B_libs/src/Temperature\temperature.c **** 	else
 183:C:/Workspace/FW_Platform2_5/trunk/HAL/RN_RX200/IEC60335_B_libs/src/Temperature\temperature.c **** 	{
 184:C:/Workspace/FW_Platform2_5/trunk/HAL/RN_RX200/IEC60335_B_libs/src/Temperature\temperature.c **** 		/*Finished*/
 185:C:/Workspace/FW_Platform2_5/trunk/HAL/RN_RX200/IEC60335_B_libs/src/Temperature\temperature.c **** 		return TRUE;
 186:C:/Workspace/FW_Platform2_5/trunk/HAL/RN_RX200/IEC60335_B_libs/src/Temperature\temperature.c **** 	}
 187:C:/Workspace/FW_Platform2_5/trunk/HAL/RN_RX200/IEC60335_B_libs/src/Temperature\temperature.c **** }
 103                             		.loc 1 187 0
 104 000d 64 11                   		and	#1, r1
 105 000f 02                      		rts
 106                             	.LFE2:
 108                             		.section	.text.Temperature_Wait_Finish,"ax",@progbits
 109                             		.global	_Temperature_Wait_Finish
 111                             	_Temperature_Wait_Finish:
 112                             	.LFB3:
 188:C:/Workspace/FW_Platform2_5/trunk/HAL/RN_RX200/IEC60335_B_libs/src/Temperature\temperature.c **** 
 189:C:/Workspace/FW_Platform2_5/trunk/HAL/RN_RX200/IEC60335_B_libs/src/Temperature\temperature.c **** /***********************************************************************************
 190:C:/Workspace/FW_Platform2_5/trunk/HAL/RN_RX200/IEC60335_B_libs/src/Temperature\temperature.c **** Function Name : Temperature_Wait_Finish
 191:C:/Workspace/FW_Platform2_5/trunk/HAL/RN_RX200/IEC60335_B_libs/src/Temperature\temperature.c **** 
 192:C:/Workspace/FW_Platform2_5/trunk/HAL/RN_RX200/IEC60335_B_libs/src/Temperature\temperature.c **** Description   :	Function blocks until a temperature conversion
 193:C:/Workspace/FW_Platform2_5/trunk/HAL/RN_RX200/IEC60335_B_libs/src/Temperature\temperature.c **** 				(started with Temperature_Start) has completed.
 194:C:/Workspace/FW_Platform2_5/trunk/HAL/RN_RX200/IEC60335_B_libs/src/Temperature\temperature.c **** 				
 195:C:/Workspace/FW_Platform2_5/trunk/HAL/RN_RX200/IEC60335_B_libs/src/Temperature\temperature.c **** Parameters    :
 196:C:/Workspace/FW_Platform2_5/trunk/HAL/RN_RX200/IEC60335_B_libs/src/Temperature\temperature.c **** Return value  : 
 197:C:/Workspace/FW_Platform2_5/trunk/HAL/RN_RX200/IEC60335_B_libs/src/Temperature\temperature.c **** ***********************************************************************************/
 198:C:/Workspace/FW_Platform2_5/trunk/HAL/RN_RX200/IEC60335_B_libs/src/Temperature\temperature.c **** void Temperature_Wait_Finish(void)
 199:C:/Workspace/FW_Platform2_5/trunk/HAL/RN_RX200/IEC60335_B_libs/src/Temperature\temperature.c **** {
 113                             		.loc 1 199 0
 114                             		.balign 2,3,3
 115                             	.L5:
 200:C:/Workspace/FW_Platform2_5/trunk/HAL/RN_RX200/IEC60335_B_libs/src/Temperature\temperature.c **** 	/*If the temperature sensor conversion is still in operation
 201:C:/Workspace/FW_Platform2_5/trunk/HAL/RN_RX200/IEC60335_B_libs/src/Temperature\temperature.c **** 	then wait for it to finish. */
 202:C:/Workspace/FW_Platform2_5/trunk/HAL/RN_RX200/IEC60335_B_libs/src/Temperature\temperature.c **** 	while(FALSE == Temperature_Is_Finished()){;}
 116                             		.loc 1 202 0 discriminator 1
 117 0000 05 00 00 00             		bsr	_Temperature_Is_Finished
 118                             	.LVL3:
 119 0004 61 01                   		cmp	#0, r1
 120 0006 20 FA                   		beq	.L5
 203:C:/Workspace/FW_Platform2_5/trunk/HAL/RN_RX200/IEC60335_B_libs/src/Temperature\temperature.c **** }
 121                             		.loc 1 203 0
 122 0008 02                      		rts
 123                             	.LFE3:
 125 0009 03                      		.section	.text.Temperature_Read_Wait,"ax",@progbits
 126                             		.global	_Temperature_Read_Wait
 128                             	_Temperature_Read_Wait:
 129                             	.LFB4:
 204:C:/Workspace/FW_Platform2_5/trunk/HAL/RN_RX200/IEC60335_B_libs/src/Temperature\temperature.c **** 
 205:C:/Workspace/FW_Platform2_5/trunk/HAL/RN_RX200/IEC60335_B_libs/src/Temperature\temperature.c **** /***********************************************************************************
 206:C:/Workspace/FW_Platform2_5/trunk/HAL/RN_RX200/IEC60335_B_libs/src/Temperature\temperature.c **** Function Name : Temperature_Read_Wait
 207:C:/Workspace/FW_Platform2_5/trunk/HAL/RN_RX200/IEC60335_B_libs/src/Temperature\temperature.c **** 
 208:C:/Workspace/FW_Platform2_5/trunk/HAL/RN_RX200/IEC60335_B_libs/src/Temperature\temperature.c **** Description   :	Call this following a call to Temperature_Start.
 209:C:/Workspace/FW_Platform2_5/trunk/HAL/RN_RX200/IEC60335_B_libs/src/Temperature\temperature.c **** 				Read the result of an ADC conversion, waiting for it to
 210:C:/Workspace/FW_Platform2_5/trunk/HAL/RN_RX200/IEC60335_B_libs/src/Temperature\temperature.c **** 				finish if required.
 211:C:/Workspace/FW_Platform2_5/trunk/HAL/RN_RX200/IEC60335_B_libs/src/Temperature\temperature.c **** 				
 212:C:/Workspace/FW_Platform2_5/trunk/HAL/RN_RX200/IEC60335_B_libs/src/Temperature\temperature.c **** Parameters    :
 213:C:/Workspace/FW_Platform2_5/trunk/HAL/RN_RX200/IEC60335_B_libs/src/Temperature\temperature.c **** Return value  : The read 12-bit ADC value.
 214:C:/Workspace/FW_Platform2_5/trunk/HAL/RN_RX200/IEC60335_B_libs/src/Temperature\temperature.c **** ***********************************************************************************/
 215:C:/Workspace/FW_Platform2_5/trunk/HAL/RN_RX200/IEC60335_B_libs/src/Temperature\temperature.c **** uint16_t Temperature_Read_Wait(void)
 216:C:/Workspace/FW_Platform2_5/trunk/HAL/RN_RX200/IEC60335_B_libs/src/Temperature\temperature.c **** {
 130                             		.loc 1 216 0
 217:C:/Workspace/FW_Platform2_5/trunk/HAL/RN_RX200/IEC60335_B_libs/src/Temperature\temperature.c **** 	uint16_t Value;
 218:C:/Workspace/FW_Platform2_5/trunk/HAL/RN_RX200/IEC60335_B_libs/src/Temperature\temperature.c **** 	
 219:C:/Workspace/FW_Platform2_5/trunk/HAL/RN_RX200/IEC60335_B_libs/src/Temperature\temperature.c **** 	Temperature_Wait_Finish();
 131                             		.loc 1 219 0
 132 0000 05 00 00 00             		bsr	_Temperature_Wait_Finish
 133                             	.LVL4:
 220:C:/Workspace/FW_Platform2_5/trunk/HAL/RN_RX200/IEC60335_B_libs/src/Temperature\temperature.c **** 	
 221:C:/Workspace/FW_Platform2_5/trunk/HAL/RN_RX200/IEC60335_B_libs/src/Temperature\temperature.c **** 	Value = S12AD.ADTSDR;
 134                             		.loc 1 221 0
 135 0004 FB EE 00 90 08          		mov.L	#0x89000, r14
 136 0009 DD E1 0D                		mov.W	26[r14], r1
 137                             	.LVL5:
 222:C:/Workspace/FW_Platform2_5/trunk/HAL/RN_RX200/IEC60335_B_libs/src/Temperature\temperature.c **** 	
 223:C:/Workspace/FW_Platform2_5/trunk/HAL/RN_RX200/IEC60335_B_libs/src/Temperature\temperature.c **** 	/*The Temperature Sensor Data Register can be right or left aligned*/
 224:C:/Workspace/FW_Platform2_5/trunk/HAL/RN_RX200/IEC60335_B_libs/src/Temperature\temperature.c **** 	if(1 == S12AD.ADCER.BIT.ADRFMT)
 138                             		.loc 1 224 0
 139 000c DD EE 07                		mov.W	14[r14], r14
 140 000f 77 2E 00 80 00          		and	#0x8000, r14
 141 0014 5F EE                   		movu.W	r14, r14
 142 0016 61 0E                   		cmp	#0, r14
 143 0018 20 06                   		beq	.L11
 225:C:/Workspace/FW_Platform2_5/trunk/HAL/RN_RX200/IEC60335_B_libs/src/Temperature\temperature.c **** 	{
 226:C:/Workspace/FW_Platform2_5/trunk/HAL/RN_RX200/IEC60335_B_libs/src/Temperature\temperature.c **** 		/*Left aligned*/
 227:C:/Workspace/FW_Platform2_5/trunk/HAL/RN_RX200/IEC60335_B_libs/src/Temperature\temperature.c **** 		Value >>= 4;	
 144                             		.loc 1 227 0
 145 001a 5F 11                   		movu.W	r1, r1
 146 001c 68 41                   		shlr	#4, r1
 147                             	.LVL6:
 148                             		.balign 2,3,1
 149                             	.L11:
 228:C:/Workspace/FW_Platform2_5/trunk/HAL/RN_RX200/IEC60335_B_libs/src/Temperature\temperature.c **** 	}
 229:C:/Workspace/FW_Platform2_5/trunk/HAL/RN_RX200/IEC60335_B_libs/src/Temperature\temperature.c **** 	
 230:C:/Workspace/FW_Platform2_5/trunk/HAL/RN_RX200/IEC60335_B_libs/src/Temperature\temperature.c **** 	return Value;	
 231:C:/Workspace/FW_Platform2_5/trunk/HAL/RN_RX200/IEC60335_B_libs/src/Temperature\temperature.c **** }
 150                             		.loc 1 231 0
 151 001e 5F 11                   		movu.W	r1, r1
 152 0020 02                      		rts
 153                             	.LFE4:
 155 0021 03                      		.section	.text.Temperature_CheckResult,"ax",@progbits
 156                             		.global	_Temperature_CheckResult
 158                             	_Temperature_CheckResult:
 159                             	.LFB5:
 232:C:/Workspace/FW_Platform2_5/trunk/HAL/RN_RX200/IEC60335_B_libs/src/Temperature\temperature.c **** 
 233:C:/Workspace/FW_Platform2_5/trunk/HAL/RN_RX200/IEC60335_B_libs/src/Temperature\temperature.c **** /***********************************************************************************
 234:C:/Workspace/FW_Platform2_5/trunk/HAL/RN_RX200/IEC60335_B_libs/src/Temperature\temperature.c **** Function Name : Temperature_CheckResult
 235:C:/Workspace/FW_Platform2_5/trunk/HAL/RN_RX200/IEC60335_B_libs/src/Temperature\temperature.c **** 
 236:C:/Workspace/FW_Platform2_5/trunk/HAL/RN_RX200/IEC60335_B_libs/src/Temperature\temperature.c **** Description   :	Call this following a call to Temperature_Start.
 237:C:/Workspace/FW_Platform2_5/trunk/HAL/RN_RX200/IEC60335_B_libs/src/Temperature\temperature.c **** 				Read the result of an ADC conversion (waiting for it to
 238:C:/Workspace/FW_Platform2_5/trunk/HAL/RN_RX200/IEC60335_B_libs/src/Temperature\temperature.c **** 				 finish if required).
 239:C:/Workspace/FW_Platform2_5/trunk/HAL/RN_RX200/IEC60335_B_libs/src/Temperature\temperature.c **** 				Check if the result is within the limits supplied to the
 240:C:/Workspace/FW_Platform2_5/trunk/HAL/RN_RX200/IEC60335_B_libs/src/Temperature\temperature.c **** 				Temperature_Init function.
 241:C:/Workspace/FW_Platform2_5/trunk/HAL/RN_RX200/IEC60335_B_libs/src/Temperature\temperature.c **** 				
 242:C:/Workspace/FW_Platform2_5/trunk/HAL/RN_RX200/IEC60335_B_libs/src/Temperature\temperature.c **** Parameters    : bCallErrorHandler: Set true to get the callback registered in
 243:C:/Workspace/FW_Platform2_5/trunk/HAL/RN_RX200/IEC60335_B_libs/src/Temperature\temperature.c **** 				Temperature_Init called if the temperature falls outside the
 244:C:/Workspace/FW_Platform2_5/trunk/HAL/RN_RX200/IEC60335_B_libs/src/Temperature\temperature.c **** 				specified limits.
 245:C:/Workspace/FW_Platform2_5/trunk/HAL/RN_RX200/IEC60335_B_libs/src/Temperature\temperature.c **** 				
 246:C:/Workspace/FW_Platform2_5/trunk/HAL/RN_RX200/IEC60335_B_libs/src/Temperature\temperature.c **** Return value  : TRUE: Result falls within specified limits.
 247:C:/Workspace/FW_Platform2_5/trunk/HAL/RN_RX200/IEC60335_B_libs/src/Temperature\temperature.c **** 				FALSE: Result falls outside specified limits.
 248:C:/Workspace/FW_Platform2_5/trunk/HAL/RN_RX200/IEC60335_B_libs/src/Temperature\temperature.c **** ***********************************************************************************/
 249:C:/Workspace/FW_Platform2_5/trunk/HAL/RN_RX200/IEC60335_B_libs/src/Temperature\temperature.c **** bool_t Temperature_CheckResult(bool_t bCallErrorHandler)
 250:C:/Workspace/FW_Platform2_5/trunk/HAL/RN_RX200/IEC60335_B_libs/src/Temperature\temperature.c **** {
 160                             		.loc 1 250 0
 161                             	.LVL7:
 162 0000 7E A7                   		push.l	r7
 163                             	.LCFI0:
 164                             		.loc 1 250 0
 165 0002 EF 17                   		mov.L	r1, r7
 251:C:/Workspace/FW_Platform2_5/trunk/HAL/RN_RX200/IEC60335_B_libs/src/Temperature\temperature.c **** 	bool_t bResult = TRUE;
 252:C:/Workspace/FW_Platform2_5/trunk/HAL/RN_RX200/IEC60335_B_libs/src/Temperature\temperature.c **** 	uint16_t Value;
 253:C:/Workspace/FW_Platform2_5/trunk/HAL/RN_RX200/IEC60335_B_libs/src/Temperature\temperature.c **** 	
 254:C:/Workspace/FW_Platform2_5/trunk/HAL/RN_RX200/IEC60335_B_libs/src/Temperature\temperature.c **** 	Value = Temperature_Read_Wait();
 166                             		.loc 1 254 0
 167 0004 05 00 00 00             		bsr	_Temperature_Read_Wait
 168                             	.LVL8:
 255:C:/Workspace/FW_Platform2_5/trunk/HAL/RN_RX200/IEC60335_B_libs/src/Temperature\temperature.c **** 	
 256:C:/Workspace/FW_Platform2_5/trunk/HAL/RN_RX200/IEC60335_B_libs/src/Temperature\temperature.c **** 	if((Value < g_Temperature_ADC_Value_Min) ||
 169                             		.loc 1 256 0
 170 0008 5F 11                   		movu.W	r1, r1
 171 000a FB 42 00 00 00 00       		mov.L	#_g_Temperature_ADC_Value_Min, r4
 172 0010 06 C4 41                		cmp	[r4].UW, r1
 173 0013 23 0D                   		bltu	.L16
 174                             		.loc 1 256 0 is_stmt 0 discriminator 1
 175 0015 FB 42 00 00 00 00       		mov.L	#_g_Temperature_ADC_Value_Max, r4
 176 001b 06 C4 41                		cmp	[r4].UW, r1
 177 001e 25 12                   		bleu	.L18
 178                             		.balign 2,3,1
 179                             	.L16:
 180                             	.LVL9:
 257:C:/Workspace/FW_Platform2_5/trunk/HAL/RN_RX200/IEC60335_B_libs/src/Temperature\temperature.c **** 		 (Value > g_Temperature_ADC_Value_Max))
 258:C:/Workspace/FW_Platform2_5/trunk/HAL/RN_RX200/IEC60335_B_libs/src/Temperature\temperature.c **** 	{
 259:C:/Workspace/FW_Platform2_5/trunk/HAL/RN_RX200/IEC60335_B_libs/src/Temperature\temperature.c **** 		bResult = FALSE;
 260:C:/Workspace/FW_Platform2_5/trunk/HAL/RN_RX200/IEC60335_B_libs/src/Temperature\temperature.c **** 		
 261:C:/Workspace/FW_Platform2_5/trunk/HAL/RN_RX200/IEC60335_B_libs/src/Temperature\temperature.c **** 		/*Temperature is out of range.*/
 262:C:/Workspace/FW_Platform2_5/trunk/HAL/RN_RX200/IEC60335_B_libs/src/Temperature\temperature.c **** 		if(TRUE == bCallErrorHandler)
 181                             		.loc 1 262 0 is_stmt 1
 182 0020 61 17                   		cmp	#1, r7
 183 0022 21 12                   		bne	.L19
 263:C:/Workspace/FW_Platform2_5/trunk/HAL/RN_RX200/IEC60335_B_libs/src/Temperature\temperature.c **** 		{
 264:C:/Workspace/FW_Platform2_5/trunk/HAL/RN_RX200/IEC60335_B_libs/src/Temperature\temperature.c **** 			g_Temp_ErrorCallBack();
 184                             		.loc 1 264 0
 185 0024 FB 72 00 00 00 00       		mov.L	#_g_Temp_ErrorCallBack, r7
 186                             	.LVL10:
 187 002a EC 77                   		mov.L	[r7], r7
 188 002c 7F 17                   		jsr	r7
 189                             	.LVL11:
 190 002e 2E 06                   		bra	.L19
 191                             	.LVL12:
 192                             	.L18:
 251:C:/Workspace/FW_Platform2_5/trunk/HAL/RN_RX200/IEC60335_B_libs/src/Temperature\temperature.c **** 	bool_t bResult = TRUE;
 193                             		.loc 1 251 0
 194 0030 66 11                   		mov.L	#1, r1
 195                             	.LVL13:
 196 0032 2E 04                   		bra	.L17
 197                             	.LVL14:
 198                             	.L19:
 259:C:/Workspace/FW_Platform2_5/trunk/HAL/RN_RX200/IEC60335_B_libs/src/Temperature\temperature.c **** 		bResult = FALSE;
 199                             		.loc 1 259 0
 200 0034 66 01                   		mov.L	#0, r1
 201                             	.LVL15:
 202                             		.balign 2,3,2
 203                             	.L17:
 265:C:/Workspace/FW_Platform2_5/trunk/HAL/RN_RX200/IEC60335_B_libs/src/Temperature\temperature.c **** 		}
 266:C:/Workspace/FW_Platform2_5/trunk/HAL/RN_RX200/IEC60335_B_libs/src/Temperature\temperature.c **** 	}
 267:C:/Workspace/FW_Platform2_5/trunk/HAL/RN_RX200/IEC60335_B_libs/src/Temperature\temperature.c **** 	
 268:C:/Workspace/FW_Platform2_5/trunk/HAL/RN_RX200/IEC60335_B_libs/src/Temperature\temperature.c **** 	return bResult;
 269:C:/Workspace/FW_Platform2_5/trunk/HAL/RN_RX200/IEC60335_B_libs/src/Temperature\temperature.c **** }
 204                             		.loc 1 269 0
 205 0036 3F 77 01                		rtsd	#4, r7-r7
 206                             	.LFE5:
 208 0039 03                      		.section	.bss.g_Temperature_ADC_Value_Min,"aw",@nobits
 209                             		.balign 2
 212                             	_g_Temperature_ADC_Value_Min:
 213 0000 00 00                   		.zero	2
 214                             		.section	.bss.g_Temperature_ADC_Value_Max,"aw",@nobits
 215                             		.balign 2
 218                             	_g_Temperature_ADC_Value_Max:
 219 0000 00 00                   		.zero	2
 220                             		.section	.bss.g_Temp_ErrorCallBack,"aw",@nobits
 221                             		.balign 4
 224                             	_g_Temp_ErrorCallBack:
 225 0000 00 00 00 00             		.zero	4
 298                             	.Letext0:
 299                             		.file 2 "C:\\Workspace\\FW_Platform2_5\\trunk\\HAL\\RN_RX200/RN_RX200_reg.h"
 300                             		.file 3 "C:\\Workspace\\FW_Platform2_5\\trunk\\HAL\\RN_RX200\\IEC60335_B_libs\\src\\Common/misraty
 301                             		.file 4 "C:/Workspace/FW_Platform2_5/trunk/HAL/RN_RX200/IEC60335_B_libs/src/Temperature/Temperatur
