   1                             		.file	"Tools_Period.c"
   2                             		.section P,"ax"
   3                             	.Ltext0:
   4                             		.section	.text.Tools_CreatePeriodMeasure,"ax",@progbits
   5                             		.global	_Tools_CreatePeriodMeasure
   7                             	_Tools_CreatePeriodMeasure:
   8                             	.LFB0:
   9                             		.file 1 "C:/Workspace/FW_Platform2_5/trunk/Main/EmbOS/tools/Tools_Period.c"
   1:C:/Workspace/FW_Platform2_5/trunk/Main/EmbOS/tools\Tools_Period.c **** /*
   2:C:/Workspace/FW_Platform2_5/trunk/Main/EmbOS/tools\Tools_Period.c **** Copyright (c) 2004-2009, Indesit Company, I.D.D..
   3:C:/Workspace/FW_Platform2_5/trunk/Main/EmbOS/tools\Tools_Period.c **** Tutti i diritti sono riservati. All rights reserved.
   4:C:/Workspace/FW_Platform2_5/trunk/Main/EmbOS/tools\Tools_Period.c **** */
   5:C:/Workspace/FW_Platform2_5/trunk/Main/EmbOS/tools\Tools_Period.c **** /**
   6:C:/Workspace/FW_Platform2_5/trunk/Main/EmbOS/tools\Tools_Period.c **** \defgroup	    ToolsPeriod Measuring Period
   7:C:/Workspace/FW_Platform2_5/trunk/Main/EmbOS/tools\Tools_Period.c **** @{
   8:C:/Workspace/FW_Platform2_5/trunk/Main/EmbOS/tools\Tools_Period.c **** \par            Description
   9:C:/Workspace/FW_Platform2_5/trunk/Main/EmbOS/tools\Tools_Period.c ****                 EmbOS-based tool for period measurement.
  10:C:/Workspace/FW_Platform2_5/trunk/Main/EmbOS/tools\Tools_Period.c **** @}
  11:C:/Workspace/FW_Platform2_5/trunk/Main/EmbOS/tools\Tools_Period.c **** \ingroup        MainDebug
  12:C:/Workspace/FW_Platform2_5/trunk/Main/EmbOS/tools\Tools_Period.c **** */
  13:C:/Workspace/FW_Platform2_5/trunk/Main/EmbOS/tools\Tools_Period.c **** /**
  14:C:/Workspace/FW_Platform2_5/trunk/Main/EmbOS/tools\Tools_Period.c **** \n
  15:C:/Workspace/FW_Platform2_5/trunk/Main/EmbOS/tools\Tools_Period.c **** \par		    Period Measurement
  16:C:/Workspace/FW_Platform2_5/trunk/Main/EmbOS/tools\Tools_Period.c **** \n
  17:C:/Workspace/FW_Platform2_5/trunk/Main/EmbOS/tools\Tools_Period.c **** \file		    Tools_Period.c
  18:C:/Workspace/FW_Platform2_5/trunk/Main/EmbOS/tools\Tools_Period.c **** \ingroup	    MainDebug
  19:C:/Workspace/FW_Platform2_5/trunk/Main/EmbOS/tools\Tools_Period.c **** \date		    24/12/2010
  20:C:/Workspace/FW_Platform2_5/trunk/Main/EmbOS/tools\Tools_Period.c **** \version	    00.00.00
  21:C:/Workspace/FW_Platform2_5/trunk/Main/EmbOS/tools\Tools_Period.c **** \author		    Roberto Fioravanti
  22:C:/Workspace/FW_Platform2_5/trunk/Main/EmbOS/tools\Tools_Period.c **** \n
  23:C:/Workspace/FW_Platform2_5/trunk/Main/EmbOS/tools\Tools_Period.c **** \n
  24:C:/Workspace/FW_Platform2_5/trunk/Main/EmbOS/tools\Tools_Period.c **** \par\b	History:
  25:C:/Workspace/FW_Platform2_5/trunk/Main/EmbOS/tools\Tools_Period.c **** \n
  26:C:/Workspace/FW_Platform2_5/trunk/Main/EmbOS/tools\Tools_Period.c **** \n 		        00.00.00
  27:C:/Workspace/FW_Platform2_5/trunk/Main/EmbOS/tools\Tools_Period.c **** \n          	24/12/2010
  28:C:/Workspace/FW_Platform2_5/trunk/Main/EmbOS/tools\Tools_Period.c **** \n          	Roberto Fioravanti
  29:C:/Workspace/FW_Platform2_5/trunk/Main/EmbOS/tools\Tools_Period.c **** \n            - Creation
  30:C:/Workspace/FW_Platform2_5/trunk/Main/EmbOS/tools\Tools_Period.c **** \n
  31:C:/Workspace/FW_Platform2_5/trunk/Main/EmbOS/tools\Tools_Period.c **** */
  32:C:/Workspace/FW_Platform2_5/trunk/Main/EmbOS/tools\Tools_Period.c **** 
  33:C:/Workspace/FW_Platform2_5/trunk/Main/EmbOS/tools\Tools_Period.c **** 
  34:C:/Workspace/FW_Platform2_5/trunk/Main/EmbOS/tools\Tools_Period.c **** /* ******** */
  35:C:/Workspace/FW_Platform2_5/trunk/Main/EmbOS/tools\Tools_Period.c **** /* Includes */
  36:C:/Workspace/FW_Platform2_5/trunk/Main/EmbOS/tools\Tools_Period.c **** /* ******** */
  37:C:/Workspace/FW_Platform2_5/trunk/Main/EmbOS/tools\Tools_Period.c **** 
  38:C:/Workspace/FW_Platform2_5/trunk/Main/EmbOS/tools\Tools_Period.c **** #include "Main.h"
  39:C:/Workspace/FW_Platform2_5/trunk/Main/EmbOS/tools\Tools_Period.c **** 
  40:C:/Workspace/FW_Platform2_5/trunk/Main/EmbOS/tools\Tools_Period.c **** /* ****************** */
  41:C:/Workspace/FW_Platform2_5/trunk/Main/EmbOS/tools\Tools_Period.c **** /* Defines and Macros */
  42:C:/Workspace/FW_Platform2_5/trunk/Main/EmbOS/tools\Tools_Period.c **** /* ****************** */
  43:C:/Workspace/FW_Platform2_5/trunk/Main/EmbOS/tools\Tools_Period.c **** 
  44:C:/Workspace/FW_Platform2_5/trunk/Main/EmbOS/tools\Tools_Period.c **** /* *************************** */
  45:C:/Workspace/FW_Platform2_5/trunk/Main/EmbOS/tools\Tools_Period.c **** /* Typedef, Structs and Unions */
  46:C:/Workspace/FW_Platform2_5/trunk/Main/EmbOS/tools\Tools_Period.c **** /* *************************** */
  47:C:/Workspace/FW_Platform2_5/trunk/Main/EmbOS/tools\Tools_Period.c **** 
  48:C:/Workspace/FW_Platform2_5/trunk/Main/EmbOS/tools\Tools_Period.c **** 
  49:C:/Workspace/FW_Platform2_5/trunk/Main/EmbOS/tools\Tools_Period.c **** /* ********* */
  50:C:/Workspace/FW_Platform2_5/trunk/Main/EmbOS/tools\Tools_Period.c **** /* Variables */
  51:C:/Workspace/FW_Platform2_5/trunk/Main/EmbOS/tools\Tools_Period.c **** /* ********* */
  52:C:/Workspace/FW_Platform2_5/trunk/Main/EmbOS/tools\Tools_Period.c **** 
  53:C:/Workspace/FW_Platform2_5/trunk/Main/EmbOS/tools\Tools_Period.c **** 
  54:C:/Workspace/FW_Platform2_5/trunk/Main/EmbOS/tools\Tools_Period.c **** /* Static */
  55:C:/Workspace/FW_Platform2_5/trunk/Main/EmbOS/tools\Tools_Period.c **** 
  56:C:/Workspace/FW_Platform2_5/trunk/Main/EmbOS/tools\Tools_Period.c **** /* ******************** */
  57:C:/Workspace/FW_Platform2_5/trunk/Main/EmbOS/tools\Tools_Period.c **** /* Functions Prototypes */
  58:C:/Workspace/FW_Platform2_5/trunk/Main/EmbOS/tools\Tools_Period.c **** /* ******************** */
  59:C:/Workspace/FW_Platform2_5/trunk/Main/EmbOS/tools\Tools_Period.c **** /* *************** */
  60:C:/Workspace/FW_Platform2_5/trunk/Main/EmbOS/tools\Tools_Period.c **** /* Function Bodies */
  61:C:/Workspace/FW_Platform2_5/trunk/Main/EmbOS/tools\Tools_Period.c **** /* *************** */
  62:C:/Workspace/FW_Platform2_5/trunk/Main/EmbOS/tools\Tools_Period.c **** 
  63:C:/Workspace/FW_Platform2_5/trunk/Main/EmbOS/tools\Tools_Period.c **** /* Exported function */
  64:C:/Workspace/FW_Platform2_5/trunk/Main/EmbOS/tools\Tools_Period.c **** 
  65:C:/Workspace/FW_Platform2_5/trunk/Main/EmbOS/tools\Tools_Period.c **** /**
  66:C:/Workspace/FW_Platform2_5/trunk/Main/EmbOS/tools\Tools_Period.c ****   Measure Overhead for time measurement so we can take this into account by subtracting it
  67:C:/Workspace/FW_Platform2_5/trunk/Main/EmbOS/tools\Tools_Period.c **** */
  68:C:/Workspace/FW_Platform2_5/trunk/Main/EmbOS/tools\Tools_Period.c **** 
  69:C:/Workspace/FW_Platform2_5/trunk/Main/EmbOS/tools\Tools_Period.c **** void Tools_CreatePeriodMeasure ( TOOLS_PERIOD* pPeriodMeasure )
  70:C:/Workspace/FW_Platform2_5/trunk/Main/EmbOS/tools\Tools_Period.c **** {
  10                             		.loc 1 70 0
  11                             	.LVL0:
  12 0000 6E 7A                   		pushm	r7-r10
  13                             	.LCFI0:
  14 0002 60 40                   		sub	#4, r0
  15                             	.LCFI1:
  16                             		.loc 1 70 0
  17 0004 EF 17                   		mov.L	r1, r7
  71:C:/Workspace/FW_Platform2_5/trunk/Main/EmbOS/tools\Tools_Period.c **** 	volatile OS_U32 _TimeCopy;
  72:C:/Workspace/FW_Platform2_5/trunk/Main/EmbOS/tools\Tools_Period.c **** 	OS_MEMSET ( pPeriodMeasure, 0, sizeof ( TOOLS_PERIOD ) );
  18                             		.loc 1 72 0
  19 0006 75 43 10                		mov.L	#16, r3
  20 0009 66 02                   		mov	#0, r2
  21 000b 7F 88                   		sstr.b
  22                             	.LVL1:
  73:C:/Workspace/FW_Platform2_5/trunk/Main/EmbOS/tools\Tools_Period.c **** 	OS_Timing_Start ( & ( pPeriodMeasure->Overhead ) );
  23                             		.loc 1 73 0
  24 000d 71 7A 04                		add	#4, r7, r10
  25 0010 EF A1                   		mov.L	r10, r1
  26 0012 05 00 00 00             		bsr	_OS_Timing_Start
  27                             	.LVL2:
  74:C:/Workspace/FW_Platform2_5/trunk/Main/EmbOS/tools\Tools_Period.c **** 	_TimeCopy = OS_Timing_GetCycles ( &pPeriodMeasure->In ); /* dummy operation */
  28                             		.loc 1 74 0
  29 0016 EC 77                   		mov.L	[r7], r7
  30                             	.LVL3:
  75:C:/Workspace/FW_Platform2_5/trunk/Main/EmbOS/tools\Tools_Period.c **** 	OS_Timing_End ( & ( pPeriodMeasure->Overhead ) );
  31                             		.loc 1 75 0
  32 0018 EF A1                   		mov.L	r10, r1
  74:C:/Workspace/FW_Platform2_5/trunk/Main/EmbOS/tools\Tools_Period.c **** 	_TimeCopy = OS_Timing_GetCycles ( &pPeriodMeasure->In ); /* dummy operation */
  33                             		.loc 1 74 0
  34 001a E3 07                   		mov.L	r7, [r0]
  35                             	.LVL4:
  36                             		.loc 1 75 0
  37 001c 05 00 00 00             		bsr	_OS_Timing_End
  38                             	.LVL5:
  76:C:/Workspace/FW_Platform2_5/trunk/Main/EmbOS/tools\Tools_Period.c **** }
  39                             		.loc 1 76 0
  40 0020 3F 7A 05                		rtsd	#20, r7-r10
  41                             	.LFE0:
  43                             		.section	.text.Tools_PeriodMeasure,"ax",@progbits
  44                             		.global	_Tools_PeriodMeasure
  46                             	_Tools_PeriodMeasure:
  47                             	.LFB1:
  77:C:/Workspace/FW_Platform2_5/trunk/Main/EmbOS/tools\Tools_Period.c **** 
  78:C:/Workspace/FW_Platform2_5/trunk/Main/EmbOS/tools\Tools_Period.c **** 
  79:C:/Workspace/FW_Platform2_5/trunk/Main/EmbOS/tools\Tools_Period.c **** 
  80:C:/Workspace/FW_Platform2_5/trunk/Main/EmbOS/tools\Tools_Period.c **** void Tools_PeriodMeasure ( TOOLS_PERIOD* pPeriodMeasure )
  81:C:/Workspace/FW_Platform2_5/trunk/Main/EmbOS/tools\Tools_Period.c **** {
  48                             		.loc 1 81 0
  49                             	.LVL6:
  50 0000 6E 7A                   		pushm	r7-r10
  51                             	.LCFI2:
  52                             		.loc 1 81 0
  53 0002 EF 17                   		mov.L	r1, r7
  82:C:/Workspace/FW_Platform2_5/trunk/Main/EmbOS/tools\Tools_Period.c **** 	OS_TIMING _TimeCopy;
  83:C:/Workspace/FW_Platform2_5/trunk/Main/EmbOS/tools\Tools_Period.c **** 	OS_Timing_End ( & ( pPeriodMeasure->In ) );
  54                             		.loc 1 83 0
  55 0004 05 00 00 00             		bsr	_OS_Timing_End
  56                             	.LVL7:
  84:C:/Workspace/FW_Platform2_5/trunk/Main/EmbOS/tools\Tools_Period.c **** 	_TimeCopy = OS_Timing_GetCycles ( & ( pPeriodMeasure->In ) );
  85:C:/Workspace/FW_Platform2_5/trunk/Main/EmbOS/tools\Tools_Period.c **** 	OS_Timing_Start ( & ( pPeriodMeasure->In ) );
  57                             		.loc 1 85 0
  58 0008 EF 71                   		mov.L	r7, r1
  84:C:/Workspace/FW_Platform2_5/trunk/Main/EmbOS/tools\Tools_Period.c **** 	_TimeCopy = OS_Timing_GetCycles ( & ( pPeriodMeasure->In ) );
  59                             		.loc 1 84 0
  60 000a EC 7A                   		mov.L	[r7], r10
  61                             	.LVL8:
  62                             		.loc 1 85 0
  63 000c 05 00 00 00             		bsr	_OS_Timing_Start
  64                             	.LVL9:
  86:C:/Workspace/FW_Platform2_5/trunk/Main/EmbOS/tools\Tools_Period.c **** 	
  87:C:/Workspace/FW_Platform2_5/trunk/Main/EmbOS/tools\Tools_Period.c **** 	if ( pPeriodMeasure->state < 2 )
  65                             		.loc 1 87 0
  66 0010 CD 7E 0C                		mov.B	12[r7], r14
  67 0013 5B E4                   		movu.B	r14, r4
  68 0015 61 14                   		cmp	#1, r4
  69 0017 24 07                   		bgtu	.L4
  88:C:/Workspace/FW_Platform2_5/trunk/Main/EmbOS/tools\Tools_Period.c **** 	{
  89:C:/Workspace/FW_Platform2_5/trunk/Main/EmbOS/tools\Tools_Period.c **** 		pPeriodMeasure->state++;
  70                             		.loc 1 89 0
  71 0019 62 1E                   		add	#1, r14
  72 001b C7 7E 0C                		mov.B	r14, 12[r7]
  73                             		.balign 2,3,1
  74                             	.L4:
  90:C:/Workspace/FW_Platform2_5/trunk/Main/EmbOS/tools\Tools_Period.c **** 	}
  91:C:/Workspace/FW_Platform2_5/trunk/Main/EmbOS/tools\Tools_Period.c **** 	
  92:C:/Workspace/FW_Platform2_5/trunk/Main/EmbOS/tools\Tools_Period.c **** 	pPeriodMeasure->Period_cyc = OS_Timing_GetCycles ( &_TimeCopy ) + OS_Timing_GetCycles ( & ( pPerio
  75                             		.loc 1 92 0
  76 001e ED 7E 01                		mov.L	4[r7], r14
  77 0021 4B EA                   		add	r14, r10
  78                             	.LVL10:
  79 0023 E7 7A 02                		mov.L	r10, 8[r7]
  93:C:/Workspace/FW_Platform2_5/trunk/Main/EmbOS/tools\Tools_Period.c **** }
  80                             		.loc 1 93 0
  81 0026 3F 7A 04                		rtsd	#16, r7-r10
  82                             	.LFE1:
  84 0029 03                      		.section	.text.Tools_GetPeriodCycles,"ax",@progbits
  85                             		.global	_Tools_GetPeriodCycles
  87                             	_Tools_GetPeriodCycles:
  88                             	.LFB2:
  94:C:/Workspace/FW_Platform2_5/trunk/Main/EmbOS/tools\Tools_Period.c **** 
  95:C:/Workspace/FW_Platform2_5/trunk/Main/EmbOS/tools\Tools_Period.c **** 
  96:C:/Workspace/FW_Platform2_5/trunk/Main/EmbOS/tools\Tools_Period.c **** OS_TIMING Tools_GetPeriodCycles ( TOOLS_PERIOD* pPeriodMeasure )
  97:C:/Workspace/FW_Platform2_5/trunk/Main/EmbOS/tools\Tools_Period.c **** {
  89                             		.loc 1 97 0
  90                             	.LVL11:
  98:C:/Workspace/FW_Platform2_5/trunk/Main/EmbOS/tools\Tools_Period.c **** 	if ( pPeriodMeasure->state < 2 )
  91                             		.loc 1 98 0
  92 0000 59 1E 0C                		movu.B	12[r1], r14
  93 0003 61 1E                   		cmp	#1, r14
  94 0005 25 05                   		bleu	.L8
  99:C:/Workspace/FW_Platform2_5/trunk/Main/EmbOS/tools\Tools_Period.c **** 	{
 100:C:/Workspace/FW_Platform2_5/trunk/Main/EmbOS/tools\Tools_Period.c **** 		return 0;
 101:C:/Workspace/FW_Platform2_5/trunk/Main/EmbOS/tools\Tools_Period.c **** 	}
 102:C:/Workspace/FW_Platform2_5/trunk/Main/EmbOS/tools\Tools_Period.c **** 	
 103:C:/Workspace/FW_Platform2_5/trunk/Main/EmbOS/tools\Tools_Period.c **** 	return pPeriodMeasure->Period_cyc;
  95                             		.loc 1 103 0
  96 0007 A8 91                   		mov.L	8[r1], r1
  97                             	.LVL12:
  98 0009 02                      		rts
  99                             	.LVL13:
 100                             	.L8:
 100:C:/Workspace/FW_Platform2_5/trunk/Main/EmbOS/tools\Tools_Period.c **** 		return 0;
 101                             		.loc 1 100 0
 102 000a 66 01                   		mov.L	#0, r1
 103                             	.LVL14:
 104:C:/Workspace/FW_Platform2_5/trunk/Main/EmbOS/tools\Tools_Period.c **** }
 104                             		.loc 1 104 0
 105 000c 02                      		rts
 106                             	.LFE2:
 178                             	.Letext0:
 179                             		.file 2 "C:\\Workspace\\FW_Platform2_5\\trunk\\Main\\EmbOS\\tools/Tools.h"
 180                             		.file 3 "C:\\Workspace\\FW_Platform2_5\\trunk\\OS\\EmbOS\\RX200_GNU\\V388\\Inc/RTOS.h"
