   1                             		.file	"Tools_TimingMeasure.c"
   2                             		.section P,"ax"
   3                             	.Ltext0:
   4                             		.section	.text.Tools_CreateTimingMeasure,"ax",@progbits
   5                             		.global	_Tools_CreateTimingMeasure
   7                             	_Tools_CreateTimingMeasure:
   8                             	.LFB0:
   9                             		.file 1 "C:/Workspace/FW_Platform2_5/trunk/Main/EmbOS/tools/Tools_TimingMeasure.c"
   1:C:/Workspace/FW_Platform2_5/trunk/Main/EmbOS/tools\Tools_TimingMeasure.c **** /*
   2:C:/Workspace/FW_Platform2_5/trunk/Main/EmbOS/tools\Tools_TimingMeasure.c **** Copyright (c) 2004-2009, Indesit Company, I.D.D..
   3:C:/Workspace/FW_Platform2_5/trunk/Main/EmbOS/tools\Tools_TimingMeasure.c **** Tutti i diritti sono riservati. All rights reserved.
   4:C:/Workspace/FW_Platform2_5/trunk/Main/EmbOS/tools\Tools_TimingMeasure.c **** */
   5:C:/Workspace/FW_Platform2_5/trunk/Main/EmbOS/tools\Tools_TimingMeasure.c **** /**
   6:C:/Workspace/FW_Platform2_5/trunk/Main/EmbOS/tools\Tools_TimingMeasure.c **** \defgroup	    ToolsMeasure Measure
   7:C:/Workspace/FW_Platform2_5/trunk/Main/EmbOS/tools\Tools_TimingMeasure.c **** @{
   8:C:/Workspace/FW_Platform2_5/trunk/Main/EmbOS/tools\Tools_TimingMeasure.c **** \par            Description
   9:C:/Workspace/FW_Platform2_5/trunk/Main/EmbOS/tools\Tools_TimingMeasure.c **** \n              EmbOS-based tool for high precision timing measurements.
  10:C:/Workspace/FW_Platform2_5/trunk/Main/EmbOS/tools\Tools_TimingMeasure.c **** @}
  11:C:/Workspace/FW_Platform2_5/trunk/Main/EmbOS/tools\Tools_TimingMeasure.c **** \ingroup        MainDebug
  12:C:/Workspace/FW_Platform2_5/trunk/Main/EmbOS/tools\Tools_TimingMeasure.c **** */
  13:C:/Workspace/FW_Platform2_5/trunk/Main/EmbOS/tools\Tools_TimingMeasure.c **** /**
  14:C:/Workspace/FW_Platform2_5/trunk/Main/EmbOS/tools\Tools_TimingMeasure.c **** \n
  15:C:/Workspace/FW_Platform2_5/trunk/Main/EmbOS/tools\Tools_TimingMeasure.c **** \par		    Timing Measurement
  16:C:/Workspace/FW_Platform2_5/trunk/Main/EmbOS/tools\Tools_TimingMeasure.c **** \n
  17:C:/Workspace/FW_Platform2_5/trunk/Main/EmbOS/tools\Tools_TimingMeasure.c **** \file		    Tools_TimingMeasure.c
  18:C:/Workspace/FW_Platform2_5/trunk/Main/EmbOS/tools\Tools_TimingMeasure.c **** \ingroup	    MainDebug
  19:C:/Workspace/FW_Platform2_5/trunk/Main/EmbOS/tools\Tools_TimingMeasure.c **** \date		    24/12/2010
  20:C:/Workspace/FW_Platform2_5/trunk/Main/EmbOS/tools\Tools_TimingMeasure.c **** \version	    00.00.00
  21:C:/Workspace/FW_Platform2_5/trunk/Main/EmbOS/tools\Tools_TimingMeasure.c **** \author		    Roberto Fioravanti
  22:C:/Workspace/FW_Platform2_5/trunk/Main/EmbOS/tools\Tools_TimingMeasure.c **** \n
  23:C:/Workspace/FW_Platform2_5/trunk/Main/EmbOS/tools\Tools_TimingMeasure.c **** \n
  24:C:/Workspace/FW_Platform2_5/trunk/Main/EmbOS/tools\Tools_TimingMeasure.c **** \par\b	History:
  25:C:/Workspace/FW_Platform2_5/trunk/Main/EmbOS/tools\Tools_TimingMeasure.c **** \n
  26:C:/Workspace/FW_Platform2_5/trunk/Main/EmbOS/tools\Tools_TimingMeasure.c **** \n 		        00.00.00
  27:C:/Workspace/FW_Platform2_5/trunk/Main/EmbOS/tools\Tools_TimingMeasure.c **** \n          	24/12/2010
  28:C:/Workspace/FW_Platform2_5/trunk/Main/EmbOS/tools\Tools_TimingMeasure.c **** \n          	Roberto Fioravanti
  29:C:/Workspace/FW_Platform2_5/trunk/Main/EmbOS/tools\Tools_TimingMeasure.c **** \n            - Creation
  30:C:/Workspace/FW_Platform2_5/trunk/Main/EmbOS/tools\Tools_TimingMeasure.c **** \n
  31:C:/Workspace/FW_Platform2_5/trunk/Main/EmbOS/tools\Tools_TimingMeasure.c **** */
  32:C:/Workspace/FW_Platform2_5/trunk/Main/EmbOS/tools\Tools_TimingMeasure.c **** 
  33:C:/Workspace/FW_Platform2_5/trunk/Main/EmbOS/tools\Tools_TimingMeasure.c **** 
  34:C:/Workspace/FW_Platform2_5/trunk/Main/EmbOS/tools\Tools_TimingMeasure.c **** /* ******** */
  35:C:/Workspace/FW_Platform2_5/trunk/Main/EmbOS/tools\Tools_TimingMeasure.c **** /* Includes */
  36:C:/Workspace/FW_Platform2_5/trunk/Main/EmbOS/tools\Tools_TimingMeasure.c **** /* ******** */
  37:C:/Workspace/FW_Platform2_5/trunk/Main/EmbOS/tools\Tools_TimingMeasure.c **** #include "Tools.h"
  38:C:/Workspace/FW_Platform2_5/trunk/Main/EmbOS/tools\Tools_TimingMeasure.c **** 
  39:C:/Workspace/FW_Platform2_5/trunk/Main/EmbOS/tools\Tools_TimingMeasure.c **** 
  40:C:/Workspace/FW_Platform2_5/trunk/Main/EmbOS/tools\Tools_TimingMeasure.c **** /* ****************** */
  41:C:/Workspace/FW_Platform2_5/trunk/Main/EmbOS/tools\Tools_TimingMeasure.c **** /* Defines and Macros */
  42:C:/Workspace/FW_Platform2_5/trunk/Main/EmbOS/tools\Tools_TimingMeasure.c **** /* ****************** */
  43:C:/Workspace/FW_Platform2_5/trunk/Main/EmbOS/tools\Tools_TimingMeasure.c **** 
  44:C:/Workspace/FW_Platform2_5/trunk/Main/EmbOS/tools\Tools_TimingMeasure.c **** /* *************************** */
  45:C:/Workspace/FW_Platform2_5/trunk/Main/EmbOS/tools\Tools_TimingMeasure.c **** /* Typedef, Structs and Unions */
  46:C:/Workspace/FW_Platform2_5/trunk/Main/EmbOS/tools\Tools_TimingMeasure.c **** /* *************************** */
  47:C:/Workspace/FW_Platform2_5/trunk/Main/EmbOS/tools\Tools_TimingMeasure.c **** 
  48:C:/Workspace/FW_Platform2_5/trunk/Main/EmbOS/tools\Tools_TimingMeasure.c **** 
  49:C:/Workspace/FW_Platform2_5/trunk/Main/EmbOS/tools\Tools_TimingMeasure.c **** /* ********* */
  50:C:/Workspace/FW_Platform2_5/trunk/Main/EmbOS/tools\Tools_TimingMeasure.c **** /* Variables */
  51:C:/Workspace/FW_Platform2_5/trunk/Main/EmbOS/tools\Tools_TimingMeasure.c **** /* ********* */
  52:C:/Workspace/FW_Platform2_5/trunk/Main/EmbOS/tools\Tools_TimingMeasure.c **** 
  53:C:/Workspace/FW_Platform2_5/trunk/Main/EmbOS/tools\Tools_TimingMeasure.c **** 
  54:C:/Workspace/FW_Platform2_5/trunk/Main/EmbOS/tools\Tools_TimingMeasure.c **** /* Static */
  55:C:/Workspace/FW_Platform2_5/trunk/Main/EmbOS/tools\Tools_TimingMeasure.c **** 
  56:C:/Workspace/FW_Platform2_5/trunk/Main/EmbOS/tools\Tools_TimingMeasure.c **** /* ******************** */
  57:C:/Workspace/FW_Platform2_5/trunk/Main/EmbOS/tools\Tools_TimingMeasure.c **** /* Functions Prototypes */
  58:C:/Workspace/FW_Platform2_5/trunk/Main/EmbOS/tools\Tools_TimingMeasure.c **** /* ******************** */
  59:C:/Workspace/FW_Platform2_5/trunk/Main/EmbOS/tools\Tools_TimingMeasure.c **** 
  60:C:/Workspace/FW_Platform2_5/trunk/Main/EmbOS/tools\Tools_TimingMeasure.c **** /* *************** */
  61:C:/Workspace/FW_Platform2_5/trunk/Main/EmbOS/tools\Tools_TimingMeasure.c **** /* Function Bodies */
  62:C:/Workspace/FW_Platform2_5/trunk/Main/EmbOS/tools\Tools_TimingMeasure.c **** /* *************** */
  63:C:/Workspace/FW_Platform2_5/trunk/Main/EmbOS/tools\Tools_TimingMeasure.c **** 
  64:C:/Workspace/FW_Platform2_5/trunk/Main/EmbOS/tools\Tools_TimingMeasure.c **** /* Exported function */
  65:C:/Workspace/FW_Platform2_5/trunk/Main/EmbOS/tools\Tools_TimingMeasure.c **** 
  66:C:/Workspace/FW_Platform2_5/trunk/Main/EmbOS/tools\Tools_TimingMeasure.c **** /*
  67:C:/Workspace/FW_Platform2_5/trunk/Main/EmbOS/tools\Tools_TimingMeasure.c **** Initializes a variable for timing measurement
  68:C:/Workspace/FW_Platform2_5/trunk/Main/EmbOS/tools\Tools_TimingMeasure.c **** Measures Overhead for time measurement so we can take this into account by subtracting it
  69:C:/Workspace/FW_Platform2_5/trunk/Main/EmbOS/tools\Tools_TimingMeasure.c **** 
  70:C:/Workspace/FW_Platform2_5/trunk/Main/EmbOS/tools\Tools_TimingMeasure.c **** \param [in]	pMeasure pointer to variable for timing measurement
  71:C:/Workspace/FW_Platform2_5/trunk/Main/EmbOS/tools\Tools_TimingMeasure.c **** */
  72:C:/Workspace/FW_Platform2_5/trunk/Main/EmbOS/tools\Tools_TimingMeasure.c **** void Tools_CreateTimingMeasure ( TOOLS_TIMING* pMeasure )
  73:C:/Workspace/FW_Platform2_5/trunk/Main/EmbOS/tools\Tools_TimingMeasure.c **** {
  10                             		.loc 1 73 0
  11                             	.LVL0:
  12 0000 7E A7                   		push.l	r7
  13                             	.LCFI0:
  74:C:/Workspace/FW_Platform2_5/trunk/Main/EmbOS/tools\Tools_TimingMeasure.c **** 	OS_MEMSET ( pMeasure, 0, sizeof ( TOOLS_TIMING ) );
  14                             		.loc 1 74 0
  15 0002 75 43 10                		mov.L	#16, r3
  73:C:/Workspace/FW_Platform2_5/trunk/Main/EmbOS/tools\Tools_TimingMeasure.c **** {
  16                             		.loc 1 73 0
  17 0005 EF 17                   		mov.L	r1, r7
  18                             		.loc 1 74 0
  19 0007 66 02                   		mov	#0, r2
  20 0009 7F 88                   		sstr.b
  21                             	.LVL1:
  75:C:/Workspace/FW_Platform2_5/trunk/Main/EmbOS/tools\Tools_TimingMeasure.c **** 	OS_Timing_Start ( & ( pMeasure->Overhead ) );
  22                             		.loc 1 75 0
  23 000b 62 47                   		add	#4, r7
  24                             	.LVL2:
  25 000d EF 71                   		mov.L	r7, r1
  26 000f 05 00 00 00             		bsr	_OS_Timing_Start
  27                             	.LVL3:
  76:C:/Workspace/FW_Platform2_5/trunk/Main/EmbOS/tools\Tools_TimingMeasure.c **** 	OS_Timing_End ( & ( pMeasure->Overhead ) );
  28                             		.loc 1 76 0
  29 0013 EF 71                   		mov.L	r7, r1
  77:C:/Workspace/FW_Platform2_5/trunk/Main/EmbOS/tools\Tools_TimingMeasure.c **** }
  30                             		.loc 1 77 0
  31 0015 7E B7                   		pop	r7
  32                             	.LVL4:
  76:C:/Workspace/FW_Platform2_5/trunk/Main/EmbOS/tools\Tools_TimingMeasure.c **** 	OS_Timing_End ( & ( pMeasure->Overhead ) );
  33                             		.loc 1 76 0
  34 0017 04 00 00 00             		bra	_OS_Timing_End
  35                             	.LVL5:
  36                             	.LFE0:
  38                             		.section	.text.Tools_TimingSetRef,"ax",@progbits
  39                             		.global	_Tools_TimingSetRef
  41                             	_Tools_TimingSetRef:
  42                             	.LFB1:
  78:C:/Workspace/FW_Platform2_5/trunk/Main/EmbOS/tools\Tools_TimingMeasure.c **** 
  79:C:/Workspace/FW_Platform2_5/trunk/Main/EmbOS/tools\Tools_TimingMeasure.c **** /**
  80:C:/Workspace/FW_Platform2_5/trunk/Main/EmbOS/tools\Tools_TimingMeasure.c **** Sets the time reference for a TOOLS_TIMING structure to system time value at the time of call.
  81:C:/Workspace/FW_Platform2_5/trunk/Main/EmbOS/tools\Tools_TimingMeasure.c **** \param [in]	pMeasure	pointer to variable for timing measurement
  82:C:/Workspace/FW_Platform2_5/trunk/Main/EmbOS/tools\Tools_TimingMeasure.c **** */
  83:C:/Workspace/FW_Platform2_5/trunk/Main/EmbOS/tools\Tools_TimingMeasure.c **** void Tools_TimingSetRef ( TOOLS_TIMING* pMeasure )
  84:C:/Workspace/FW_Platform2_5/trunk/Main/EmbOS/tools\Tools_TimingMeasure.c **** {
  43                             		.loc 1 84 0
  44                             	.LVL6:
  85:C:/Workspace/FW_Platform2_5/trunk/Main/EmbOS/tools\Tools_TimingMeasure.c **** 	OS_Timing_Start ( & ( pMeasure->StartRef ) );
  45                             		.loc 1 85 0
  46 0000 04 00 00 00             		bra	_OS_Timing_Start
  47                             	.LVL7:
  48                             	.LFE1:
  50                             		.section	.text.Tools_TimingSetRefBySysTime,"ax",@progbits
  51                             		.global	_Tools_TimingSetRefBySysTime
  53                             	_Tools_TimingSetRefBySysTime:
  54                             	.LFB2:
  86:C:/Workspace/FW_Platform2_5/trunk/Main/EmbOS/tools\Tools_TimingMeasure.c **** }
  87:C:/Workspace/FW_Platform2_5/trunk/Main/EmbOS/tools\Tools_TimingMeasure.c **** 
  88:C:/Workspace/FW_Platform2_5/trunk/Main/EmbOS/tools\Tools_TimingMeasure.c **** /**
  89:C:/Workspace/FW_Platform2_5/trunk/Main/EmbOS/tools\Tools_TimingMeasure.c **** Sets the time reference in a variable for timing measurement to a known value.
  90:C:/Workspace/FW_Platform2_5/trunk/Main/EmbOS/tools\Tools_TimingMeasure.c **** It allows to set the time reference at instant of time different from that in which the reference t
  91:C:/Workspace/FW_Platform2_5/trunk/Main/EmbOS/tools\Tools_TimingMeasure.c **** \param [in]	pMeasure pointer to variable for timing measurement
  92:C:/Workspace/FW_Platform2_5/trunk/Main/EmbOS/tools\Tools_TimingMeasure.c **** \param [in] sysTime system time previously stored
  93:C:/Workspace/FW_Platform2_5/trunk/Main/EmbOS/tools\Tools_TimingMeasure.c **** */
  94:C:/Workspace/FW_Platform2_5/trunk/Main/EmbOS/tools\Tools_TimingMeasure.c **** void Tools_TimingSetRefBySysTime ( TOOLS_TIMING* pMeasure, OS_U32 sysTime)
  95:C:/Workspace/FW_Platform2_5/trunk/Main/EmbOS/tools\Tools_TimingMeasure.c **** {
  55                             		.loc 1 95 0
  56                             	.LVL8:
  96:C:/Workspace/FW_Platform2_5/trunk/Main/EmbOS/tools\Tools_TimingMeasure.c **** 	pMeasure->StartRef = sysTime;
  57                             		.loc 1 96 0
  58 0000 E3 12                   		mov.L	r2, [r1]
  59 0002 02                      		rts
  60                             	.LFE2:
  62                             		.section	.text.Tools_GetTiming,"ax",@progbits
  63                             		.global	_Tools_GetTiming
  65                             	_Tools_GetTiming:
  66                             	.LFB3:
  97:C:/Workspace/FW_Platform2_5/trunk/Main/EmbOS/tools\Tools_TimingMeasure.c **** }
  98:C:/Workspace/FW_Platform2_5/trunk/Main/EmbOS/tools\Tools_TimingMeasure.c **** 
  99:C:/Workspace/FW_Platform2_5/trunk/Main/EmbOS/tools\Tools_TimingMeasure.c **** /**
 100:C:/Workspace/FW_Platform2_5/trunk/Main/EmbOS/tools\Tools_TimingMeasure.c **** Sets the end time reference.
 101:C:/Workspace/FW_Platform2_5/trunk/Main/EmbOS/tools\Tools_TimingMeasure.c **** \param [in]	pMeasure pointer to variable for timing measurement
 102:C:/Workspace/FW_Platform2_5/trunk/Main/EmbOS/tools\Tools_TimingMeasure.c **** \param [in] sysTime system time previously stored
 103:C:/Workspace/FW_Platform2_5/trunk/Main/EmbOS/tools\Tools_TimingMeasure.c **** 
 104:C:/Workspace/FW_Platform2_5/trunk/Main/EmbOS/tools\Tools_TimingMeasure.c **** \return	measurement
 105:C:/Workspace/FW_Platform2_5/trunk/Main/EmbOS/tools\Tools_TimingMeasure.c **** */
 106:C:/Workspace/FW_Platform2_5/trunk/Main/EmbOS/tools\Tools_TimingMeasure.c **** OS_TIMING Tools_GetTiming ( TOOLS_TIMING* pMeasure )
 107:C:/Workspace/FW_Platform2_5/trunk/Main/EmbOS/tools\Tools_TimingMeasure.c **** {
  67                             		.loc 1 107 0
  68                             	.LVL9:
  69 0000 7E A7                   		push.l	r7
  70                             	.LCFI1:
  71                             		.loc 1 107 0
  72 0002 EF 17                   		mov.L	r1, r7
 108:C:/Workspace/FW_Platform2_5/trunk/Main/EmbOS/tools\Tools_TimingMeasure.c **** 	OS_Timing_End ( & ( pMeasure->StartRef ) );
  73                             		.loc 1 108 0
  74 0004 05 00 00 00             		bsr	_OS_Timing_End
  75                             	.LVL10:
 109:C:/Workspace/FW_Platform2_5/trunk/Main/EmbOS/tools\Tools_TimingMeasure.c **** 	/* take into account of overhead */
 110:C:/Workspace/FW_Platform2_5/trunk/Main/EmbOS/tools\Tools_TimingMeasure.c **** 	pMeasure->Timing_cyc = OS_Timing_GetCycles ( & ( pMeasure->StartRef ) ) - OS_Timing_GetCycles ( & 
  76                             		.loc 1 110 0
  77 0008 EC 71                   		mov.L	[r7], r1
  78 000a 06 81 71 01             		sub	4[r7].L, r1
  79 000e A0 F1                   		mov.L	r1, 8[r7]
 111:C:/Workspace/FW_Platform2_5/trunk/Main/EmbOS/tools\Tools_TimingMeasure.c **** 
 112:C:/Workspace/FW_Platform2_5/trunk/Main/EmbOS/tools\Tools_TimingMeasure.c **** 	return pMeasure->Timing_cyc;	
 113:C:/Workspace/FW_Platform2_5/trunk/Main/EmbOS/tools\Tools_TimingMeasure.c **** }
  80                             		.loc 1 113 0
  81 0010 3F 77 01                		rtsd	#4, r7-r7
  82                             	.LFE3:
  84                             		.section	.text.Tools_CreateTimingStats,"ax",@progbits
  85                             		.global	_Tools_CreateTimingStats
  87                             	_Tools_CreateTimingStats:
  88                             	.LFB4:
 114:C:/Workspace/FW_Platform2_5/trunk/Main/EmbOS/tools\Tools_TimingMeasure.c **** 
 115:C:/Workspace/FW_Platform2_5/trunk/Main/EmbOS/tools\Tools_TimingMeasure.c **** 
 116:C:/Workspace/FW_Platform2_5/trunk/Main/EmbOS/tools\Tools_TimingMeasure.c **** 
 117:C:/Workspace/FW_Platform2_5/trunk/Main/EmbOS/tools\Tools_TimingMeasure.c **** 
 118:C:/Workspace/FW_Platform2_5/trunk/Main/EmbOS/tools\Tools_TimingMeasure.c **** void Tools_CreateTimingStats ( TOOLS_TIMING_STATS* pStats )
 119:C:/Workspace/FW_Platform2_5/trunk/Main/EmbOS/tools\Tools_TimingMeasure.c **** {
  89                             		.loc 1 119 0
  90                             	.LVL11:
  91                             		.loc 1 119 0
  92 0000 EF 1E                   		mov.L	r1, r14
 120:C:/Workspace/FW_Platform2_5/trunk/Main/EmbOS/tools\Tools_TimingMeasure.c **** 	OS_MEMSET ( pStats, 0, sizeof ( TOOLS_TIMING_STATS ) );
  93                             		.loc 1 120 0
  94 0002 66 C3                   		mov.L	#12, r3
  95 0004 66 02                   		mov	#0, r2
  96 0006 7F 88                   		sstr.b
  97                             	.LVL12:
 121:C:/Workspace/FW_Platform2_5/trunk/Main/EmbOS/tools\Tools_TimingMeasure.c **** 	OS_MEMSET ( & ( pStats->Min ), 0xFF, sizeof ( pStats->Min ) );
  98                             		.loc 1 121 0
  99 0008 F9 E6 01 FF             		mov.L	#-1, 4[r14]
 100 000c 02                      		rts
 101                             	.LFE4:
 103                             		.section	.text.Tools_ProcessValue,"ax",@progbits
 104                             		.global	_Tools_ProcessValue
 106                             	_Tools_ProcessValue:
 107                             	.LFB5:
 122:C:/Workspace/FW_Platform2_5/trunk/Main/EmbOS/tools\Tools_TimingMeasure.c **** }
 123:C:/Workspace/FW_Platform2_5/trunk/Main/EmbOS/tools\Tools_TimingMeasure.c **** 
 124:C:/Workspace/FW_Platform2_5/trunk/Main/EmbOS/tools\Tools_TimingMeasure.c **** void Tools_ProcessValue ( TOOLS_TIMING_STATS* pStats, OS_TIMING cycles )
 125:C:/Workspace/FW_Platform2_5/trunk/Main/EmbOS/tools\Tools_TimingMeasure.c **** {
 108                             		.loc 1 125 0
 109                             	.LVL13:
 126:C:/Workspace/FW_Platform2_5/trunk/Main/EmbOS/tools\Tools_TimingMeasure.c **** 	if ( cycles )
 110                             		.loc 1 126 0
 111 0000 61 02                   		cmp	#0, r2
 112 0002 20 04                   		beq	.L9
 127:C:/Workspace/FW_Platform2_5/trunk/Main/EmbOS/tools\Tools_TimingMeasure.c **** 	{
 128:C:/Workspace/FW_Platform2_5/trunk/Main/EmbOS/tools\Tools_TimingMeasure.c **** 		pStats->Current = cycles;
 113                             		.loc 1 128 0
 114 0004 E3 12                   		mov.L	r2, [r1]
 115                             		.balign 2,3,4
 116                             	.L9:
 129:C:/Workspace/FW_Platform2_5/trunk/Main/EmbOS/tools\Tools_TimingMeasure.c **** 	}
 130:C:/Workspace/FW_Platform2_5/trunk/Main/EmbOS/tools\Tools_TimingMeasure.c **** 	
 131:C:/Workspace/FW_Platform2_5/trunk/Main/EmbOS/tools\Tools_TimingMeasure.c **** 	if ( cycles < pStats->Min )
 117                             		.loc 1 131 0
 118 0006 06 85 12 01             		cmp	4[r1].L, r2
 119 000a 22 04                   		bgeu	.L10
 132:C:/Workspace/FW_Platform2_5/trunk/Main/EmbOS/tools\Tools_TimingMeasure.c **** 	{
 133:C:/Workspace/FW_Platform2_5/trunk/Main/EmbOS/tools\Tools_TimingMeasure.c **** 		pStats->Min = cycles;
 120                             		.loc 1 133 0
 121 000c A0 1A                   		mov.L	r2, 4[r1]
 122                             		.balign 2,3,4
 123                             	.L10:
 134:C:/Workspace/FW_Platform2_5/trunk/Main/EmbOS/tools\Tools_TimingMeasure.c **** 	}
 135:C:/Workspace/FW_Platform2_5/trunk/Main/EmbOS/tools\Tools_TimingMeasure.c **** 	
 136:C:/Workspace/FW_Platform2_5/trunk/Main/EmbOS/tools\Tools_TimingMeasure.c **** 	if ( cycles > pStats->Max )
 124                             		.loc 1 136 0
 125 000e 06 85 12 02             		cmp	8[r1].L, r2
 126 0012 25 04                   		bleu	.L8
 137:C:/Workspace/FW_Platform2_5/trunk/Main/EmbOS/tools\Tools_TimingMeasure.c **** 	{
 138:C:/Workspace/FW_Platform2_5/trunk/Main/EmbOS/tools\Tools_TimingMeasure.c **** 		pStats->Max = cycles;
 127                             		.loc 1 138 0
 128 0014 A0 92                   		mov.L	r2, 8[r1]
 129                             	.L8:
 130 0016 02                      		rts
 131                             	.LFE5:
 211                             	.Letext0:
 212                             		.file 2 "C:/Workspace/FW_Platform2_5/trunk/Main/EmbOS/tools/Tools.h"
 213                             		.file 3 "C:\\Workspace\\FW_Platform2_5\\trunk\\OS\\EmbOS\\RX200_GNU\\V388\\Inc/RTOS.h"
