   1                             		.file	"Tools_TimeTrigger.c"
   2                             		.section P,"ax"
   3                             	.Ltext0:
   4                             		.section	.text.Tools_CreateTimeTrigger,"ax",@progbits
   5                             		.global	_Tools_CreateTimeTrigger
   7                             	_Tools_CreateTimeTrigger:
   8                             	.LFB0:
   9                             		.file 1 "C:/Workspace/FW_Platform2_5/trunk/Main/EmbOS/tools/Tools_TimeTrigger.c"
   1:C:/Workspace/FW_Platform2_5/trunk/Main/EmbOS/tools\Tools_TimeTrigger.c **** /*
   2:C:/Workspace/FW_Platform2_5/trunk/Main/EmbOS/tools\Tools_TimeTrigger.c **** Copyright (c) 2004-2009, Indesit Company, I.D.D..
   3:C:/Workspace/FW_Platform2_5/trunk/Main/EmbOS/tools\Tools_TimeTrigger.c **** Tutti i diritti sono riservati. All rights reserved.
   4:C:/Workspace/FW_Platform2_5/trunk/Main/EmbOS/tools\Tools_TimeTrigger.c **** */
   5:C:/Workspace/FW_Platform2_5/trunk/Main/EmbOS/tools\Tools_TimeTrigger.c **** /**
   6:C:/Workspace/FW_Platform2_5/trunk/Main/EmbOS/tools\Tools_TimeTrigger.c **** \defgroup	    ToolsPeriod Time triggering
   7:C:/Workspace/FW_Platform2_5/trunk/Main/EmbOS/tools\Tools_TimeTrigger.c **** @{
   8:C:/Workspace/FW_Platform2_5/trunk/Main/EmbOS/tools\Tools_TimeTrigger.c **** \par            Description
   9:C:/Workspace/FW_Platform2_5/trunk/Main/EmbOS/tools\Tools_TimeTrigger.c ****                 EmbOS-based tool time measurement.
  10:C:/Workspace/FW_Platform2_5/trunk/Main/EmbOS/tools\Tools_TimeTrigger.c **** @}
  11:C:/Workspace/FW_Platform2_5/trunk/Main/EmbOS/tools\Tools_TimeTrigger.c **** \ingroup        MainDebug
  12:C:/Workspace/FW_Platform2_5/trunk/Main/EmbOS/tools\Tools_TimeTrigger.c **** */
  13:C:/Workspace/FW_Platform2_5/trunk/Main/EmbOS/tools\Tools_TimeTrigger.c **** /**
  14:C:/Workspace/FW_Platform2_5/trunk/Main/EmbOS/tools\Tools_TimeTrigger.c **** \n
  15:C:/Workspace/FW_Platform2_5/trunk/Main/EmbOS/tools\Tools_TimeTrigger.c **** \par		    Time Trigger
  16:C:/Workspace/FW_Platform2_5/trunk/Main/EmbOS/tools\Tools_TimeTrigger.c **** \n
  17:C:/Workspace/FW_Platform2_5/trunk/Main/EmbOS/tools\Tools_TimeTrigger.c **** \file		    Tools_Period.c
  18:C:/Workspace/FW_Platform2_5/trunk/Main/EmbOS/tools\Tools_TimeTrigger.c **** \ingroup	    MainDebug
  19:C:/Workspace/FW_Platform2_5/trunk/Main/EmbOS/tools\Tools_TimeTrigger.c **** \date		    24/12/2010
  20:C:/Workspace/FW_Platform2_5/trunk/Main/EmbOS/tools\Tools_TimeTrigger.c **** \version	    00.00.00
  21:C:/Workspace/FW_Platform2_5/trunk/Main/EmbOS/tools\Tools_TimeTrigger.c **** \author		    Roberto Fioravanti
  22:C:/Workspace/FW_Platform2_5/trunk/Main/EmbOS/tools\Tools_TimeTrigger.c **** \n
  23:C:/Workspace/FW_Platform2_5/trunk/Main/EmbOS/tools\Tools_TimeTrigger.c **** \n
  24:C:/Workspace/FW_Platform2_5/trunk/Main/EmbOS/tools\Tools_TimeTrigger.c **** \par\b	History:
  25:C:/Workspace/FW_Platform2_5/trunk/Main/EmbOS/tools\Tools_TimeTrigger.c **** \n
  26:C:/Workspace/FW_Platform2_5/trunk/Main/EmbOS/tools\Tools_TimeTrigger.c **** \n 		        00.00.00
  27:C:/Workspace/FW_Platform2_5/trunk/Main/EmbOS/tools\Tools_TimeTrigger.c **** \n          	24/12/2010
  28:C:/Workspace/FW_Platform2_5/trunk/Main/EmbOS/tools\Tools_TimeTrigger.c **** \n          	Roberto Fioravanti
  29:C:/Workspace/FW_Platform2_5/trunk/Main/EmbOS/tools\Tools_TimeTrigger.c **** \n            - Creation
  30:C:/Workspace/FW_Platform2_5/trunk/Main/EmbOS/tools\Tools_TimeTrigger.c **** \n
  31:C:/Workspace/FW_Platform2_5/trunk/Main/EmbOS/tools\Tools_TimeTrigger.c **** */
  32:C:/Workspace/FW_Platform2_5/trunk/Main/EmbOS/tools\Tools_TimeTrigger.c **** 
  33:C:/Workspace/FW_Platform2_5/trunk/Main/EmbOS/tools\Tools_TimeTrigger.c **** 
  34:C:/Workspace/FW_Platform2_5/trunk/Main/EmbOS/tools\Tools_TimeTrigger.c **** /* ******** */
  35:C:/Workspace/FW_Platform2_5/trunk/Main/EmbOS/tools\Tools_TimeTrigger.c **** /* Includes */
  36:C:/Workspace/FW_Platform2_5/trunk/Main/EmbOS/tools\Tools_TimeTrigger.c **** /* ******** */
  37:C:/Workspace/FW_Platform2_5/trunk/Main/EmbOS/tools\Tools_TimeTrigger.c **** 
  38:C:/Workspace/FW_Platform2_5/trunk/Main/EmbOS/tools\Tools_TimeTrigger.c **** #include "Main.h"
  39:C:/Workspace/FW_Platform2_5/trunk/Main/EmbOS/tools\Tools_TimeTrigger.c **** 
  40:C:/Workspace/FW_Platform2_5/trunk/Main/EmbOS/tools\Tools_TimeTrigger.c **** /* ****************** */
  41:C:/Workspace/FW_Platform2_5/trunk/Main/EmbOS/tools\Tools_TimeTrigger.c **** /* Defines and Macros */
  42:C:/Workspace/FW_Platform2_5/trunk/Main/EmbOS/tools\Tools_TimeTrigger.c **** /* ****************** */
  43:C:/Workspace/FW_Platform2_5/trunk/Main/EmbOS/tools\Tools_TimeTrigger.c **** 
  44:C:/Workspace/FW_Platform2_5/trunk/Main/EmbOS/tools\Tools_TimeTrigger.c **** /* *************************** */
  45:C:/Workspace/FW_Platform2_5/trunk/Main/EmbOS/tools\Tools_TimeTrigger.c **** /* Typedef, Structs and Unions */
  46:C:/Workspace/FW_Platform2_5/trunk/Main/EmbOS/tools\Tools_TimeTrigger.c **** /* *************************** */
  47:C:/Workspace/FW_Platform2_5/trunk/Main/EmbOS/tools\Tools_TimeTrigger.c **** 
  48:C:/Workspace/FW_Platform2_5/trunk/Main/EmbOS/tools\Tools_TimeTrigger.c **** 
  49:C:/Workspace/FW_Platform2_5/trunk/Main/EmbOS/tools\Tools_TimeTrigger.c **** /* ********* */
  50:C:/Workspace/FW_Platform2_5/trunk/Main/EmbOS/tools\Tools_TimeTrigger.c **** /* Variables */
  51:C:/Workspace/FW_Platform2_5/trunk/Main/EmbOS/tools\Tools_TimeTrigger.c **** /* ********* */
  52:C:/Workspace/FW_Platform2_5/trunk/Main/EmbOS/tools\Tools_TimeTrigger.c **** 
  53:C:/Workspace/FW_Platform2_5/trunk/Main/EmbOS/tools\Tools_TimeTrigger.c **** 
  54:C:/Workspace/FW_Platform2_5/trunk/Main/EmbOS/tools\Tools_TimeTrigger.c **** /* Static */
  55:C:/Workspace/FW_Platform2_5/trunk/Main/EmbOS/tools\Tools_TimeTrigger.c **** 
  56:C:/Workspace/FW_Platform2_5/trunk/Main/EmbOS/tools\Tools_TimeTrigger.c **** /* ******************** */
  57:C:/Workspace/FW_Platform2_5/trunk/Main/EmbOS/tools\Tools_TimeTrigger.c **** /* Functions Prototypes */
  58:C:/Workspace/FW_Platform2_5/trunk/Main/EmbOS/tools\Tools_TimeTrigger.c **** /* ******************** */
  59:C:/Workspace/FW_Platform2_5/trunk/Main/EmbOS/tools\Tools_TimeTrigger.c **** /* *************** */
  60:C:/Workspace/FW_Platform2_5/trunk/Main/EmbOS/tools\Tools_TimeTrigger.c **** /* Function Bodies */
  61:C:/Workspace/FW_Platform2_5/trunk/Main/EmbOS/tools\Tools_TimeTrigger.c **** /* *************** */
  62:C:/Workspace/FW_Platform2_5/trunk/Main/EmbOS/tools\Tools_TimeTrigger.c **** 
  63:C:/Workspace/FW_Platform2_5/trunk/Main/EmbOS/tools\Tools_TimeTrigger.c **** /* Exported function */
  64:C:/Workspace/FW_Platform2_5/trunk/Main/EmbOS/tools\Tools_TimeTrigger.c **** 
  65:C:/Workspace/FW_Platform2_5/trunk/Main/EmbOS/tools\Tools_TimeTrigger.c **** void Tools_CreateTimeTrigger ( TOOLS_TIMETRIGGER* pTimeTrigger, OS_TIME period, OS_BOOL start )
  66:C:/Workspace/FW_Platform2_5/trunk/Main/EmbOS/tools\Tools_TimeTrigger.c **** {
  10                             		.loc 1 66 0
  11                             	.LVL0:
  12                             		.loc 1 66 0
  13 0000 EF 25                   		mov.L	r2, r5
  14 0002 CF 34                   		mov.B	r3, r4
  15 0004 EF 1E                   		mov.L	r1, r14
  67:C:/Workspace/FW_Platform2_5/trunk/Main/EmbOS/tools\Tools_TimeTrigger.c **** 	OS_MEMSET ( pTimeTrigger, 0, sizeof ( TOOLS_TIMETRIGGER ) );
  16                             		.loc 1 67 0
  17 0006 66 C3                   		mov.L	#12, r3
  18                             	.LVL1:
  19 0008 66 02                   		mov	#0, r2
  20                             	.LVL2:
  21 000a 7F 88                   		sstr.b
  22                             	.LVL3:
  68:C:/Workspace/FW_Platform2_5/trunk/Main/EmbOS/tools\Tools_TimeTrigger.c **** 	pTimeTrigger->period = period;
  23                             		.loc 1 68 0
  24 000c E7 E5 01                		mov.L	r5, 4[r14]
  69:C:/Workspace/FW_Platform2_5/trunk/Main/EmbOS/tools\Tools_TimeTrigger.c **** 	pTimeTrigger->enable = start;
  25                             		.loc 1 69 0
  26 000f C7 E4 08                		mov.B	r4, 8[r14]
  27 0012 02                      		rts
  28                             	.LFE0:
  30                             		.section	.text.Tools_IsTriggered,"ax",@progbits
  31                             		.global	_Tools_IsTriggered
  33                             	_Tools_IsTriggered:
  34                             	.LFB1:
  70:C:/Workspace/FW_Platform2_5/trunk/Main/EmbOS/tools\Tools_TimeTrigger.c **** }
  71:C:/Workspace/FW_Platform2_5/trunk/Main/EmbOS/tools\Tools_TimeTrigger.c **** 
  72:C:/Workspace/FW_Platform2_5/trunk/Main/EmbOS/tools\Tools_TimeTrigger.c **** OS_BOOL Tools_IsTriggered( TOOLS_TIMETRIGGER* pTimeTrigger)
  73:C:/Workspace/FW_Platform2_5/trunk/Main/EmbOS/tools\Tools_TimeTrigger.c **** {
  35                             		.loc 1 73 0
  36                             	.LVL4:
  74:C:/Workspace/FW_Platform2_5/trunk/Main/EmbOS/tools\Tools_TimeTrigger.c **** 
  75:C:/Workspace/FW_Platform2_5/trunk/Main/EmbOS/tools\Tools_TimeTrigger.c **** 	if(pTimeTrigger->enable)
  37                             		.loc 1 75 0
  38 0000 59 1E 08                		movu.B	8[r1], r14
  39 0003 61 0E                   		cmp	#0, r14
  40 0005 20 1C                   		beq	.L5
  41                             	.LBB2:
  76:C:/Workspace/FW_Platform2_5/trunk/Main/EmbOS/tools\Tools_TimeTrigger.c **** 	{
  77:C:/Workspace/FW_Platform2_5/trunk/Main/EmbOS/tools\Tools_TimeTrigger.c **** 		OS_TIME t =OS_GetTime();
  42                             		.loc 1 77 0
  43 0007 FB E2 00 00 00 00       		mov.L	#_OS_Global, r14
  44 000d ED EE 0A                		mov.L	40[r14], r14
  45                             	.LVL5:
  78:C:/Workspace/FW_Platform2_5/trunk/Main/EmbOS/tools\Tools_TimeTrigger.c **** 		if(t - pTimeTrigger->timeRef >= pTimeTrigger->period)
  46                             		.loc 1 78 0
  47 0010 EF E4                   		mov.L	r14, r4
  48 0012 06 80 14                		sub	[r1].L, r4
  49 0015 06 85 14 01             		cmp	4[r1].L, r4
  50 0019 29 08                   		blt	.L5
  79:C:/Workspace/FW_Platform2_5/trunk/Main/EmbOS/tools\Tools_TimeTrigger.c **** 		{
  80:C:/Workspace/FW_Platform2_5/trunk/Main/EmbOS/tools\Tools_TimeTrigger.c **** 			pTimeTrigger->timeRef = t;
  51                             		.loc 1 80 0
  52 001b E3 1E                   		mov.L	r14, [r1]
  81:C:/Workspace/FW_Platform2_5/trunk/Main/EmbOS/tools\Tools_TimeTrigger.c **** 			return (OS_BOOL)1;
  53                             		.loc 1 81 0
  54 001d 66 11                   		mov	#1, r1
  55                             	.LVL6:
  56 001f 2E 05                   		bra	.L3
  57                             	.LVL7:
  58                             	.L5:
  82:C:/Workspace/FW_Platform2_5/trunk/Main/EmbOS/tools\Tools_TimeTrigger.c **** 		}
  83:C:/Workspace/FW_Platform2_5/trunk/Main/EmbOS/tools\Tools_TimeTrigger.c **** 	}
  84:C:/Workspace/FW_Platform2_5/trunk/Main/EmbOS/tools\Tools_TimeTrigger.c **** 	return (OS_BOOL)0;
  59                             		.loc 1 84 0
  60 0021 66 01                   		mov	#0, r1
  61                             	.LVL8:
  62 0023 03                      		.balign 2,3,1
  63                             	.L3:
  64                             	.LBE2:
  85:C:/Workspace/FW_Platform2_5/trunk/Main/EmbOS/tools\Tools_TimeTrigger.c **** }
  65                             		.loc 1 85 0
  66 0024 5B 11                   		movu.B	r1, r1
  67 0026 02                      		rts
  68                             	.LFE1:
  70 0027 03                      		.section	.text.Tools_StartTimer,"ax",@progbits
  71                             		.global	_Tools_StartTimer
  73                             	_Tools_StartTimer:
  74                             	.LFB2:
  86:C:/Workspace/FW_Platform2_5/trunk/Main/EmbOS/tools\Tools_TimeTrigger.c **** 
  87:C:/Workspace/FW_Platform2_5/trunk/Main/EmbOS/tools\Tools_TimeTrigger.c **** void Tools_StartTimer ( TOOLS_TIMER* pTimer )
  88:C:/Workspace/FW_Platform2_5/trunk/Main/EmbOS/tools\Tools_TimeTrigger.c **** {
  75                             		.loc 1 88 0
  76                             	.LVL9:
  89:C:/Workspace/FW_Platform2_5/trunk/Main/EmbOS/tools\Tools_TimeTrigger.c **** 	/*OS_MEMSET ( pTimer, 0, sizeof ( TOOLS_TIMER ) );*/
  90:C:/Workspace/FW_Platform2_5/trunk/Main/EmbOS/tools\Tools_TimeTrigger.c **** 	*pTimer = OS_GetTime();
  77                             		.loc 1 90 0
  78 0000 FB E2 00 00 00 00       		mov.L	#_OS_Global, r14
  79 0006 ED EE 0A                		mov.L	40[r14], r14
  80 0009 E3 1E                   		mov.L	r14, [r1]
  81 000b 02                      		rts
  82                             	.LFE2:
  84                             		.section	.text.Tools_IsTimerElapsed,"ax",@progbits
  85                             		.global	_Tools_IsTimerElapsed
  87                             	_Tools_IsTimerElapsed:
  88                             	.LFB3:
  91:C:/Workspace/FW_Platform2_5/trunk/Main/EmbOS/tools\Tools_TimeTrigger.c **** }
  92:C:/Workspace/FW_Platform2_5/trunk/Main/EmbOS/tools\Tools_TimeTrigger.c **** 
  93:C:/Workspace/FW_Platform2_5/trunk/Main/EmbOS/tools\Tools_TimeTrigger.c **** OS_BOOL Tools_IsTimerElapsed ( TOOLS_TIMER* pTimer , OS_TIME time)
  94:C:/Workspace/FW_Platform2_5/trunk/Main/EmbOS/tools\Tools_TimeTrigger.c **** {
  89                             		.loc 1 94 0
  90                             	.LVL10:
  95:C:/Workspace/FW_Platform2_5/trunk/Main/EmbOS/tools\Tools_TimeTrigger.c **** 	OS_TIME t =OS_GetTime();
  91                             		.loc 1 95 0
  92 0000 FB E2 00 00 00 00       		mov.L	#_OS_Global, r14
  93 0006 ED EE 0A                		mov.L	40[r14], r14
  94                             	.LVL11:
  96:C:/Workspace/FW_Platform2_5/trunk/Main/EmbOS/tools\Tools_TimeTrigger.c **** 	if((t - *pTimer) >= time)
  95                             		.loc 1 96 0
  96 0009 06 80 1E                		sub	[r1].L, r14
  97                             	.LVL12:
  97:C:/Workspace/FW_Platform2_5/trunk/Main/EmbOS/tools\Tools_TimeTrigger.c **** 	{
  98:C:/Workspace/FW_Platform2_5/trunk/Main/EmbOS/tools\Tools_TimeTrigger.c **** 		return (OS_BOOL)1;
  99:C:/Workspace/FW_Platform2_5/trunk/Main/EmbOS/tools\Tools_TimeTrigger.c **** 	}
 100:C:/Workspace/FW_Platform2_5/trunk/Main/EmbOS/tools\Tools_TimeTrigger.c **** 	return (OS_BOOL)0;
 101:C:/Workspace/FW_Platform2_5/trunk/Main/EmbOS/tools\Tools_TimeTrigger.c **** }
  98                             		.loc 1 101 0
  99 000c 47 2E                   		cmp	r2, r14
 100 000e FC DB 18                		scge.L	r1
 101                             	.LVL13:
 102 0011 02                      		rts
 103                             	.LFE3:
 105                             		.section	.text.Tools_SetTimeout,"ax",@progbits
 106                             		.global	_Tools_SetTimeout
 108                             	_Tools_SetTimeout:
 109                             	.LFB4:
 102:C:/Workspace/FW_Platform2_5/trunk/Main/EmbOS/tools\Tools_TimeTrigger.c **** 
 103:C:/Workspace/FW_Platform2_5/trunk/Main/EmbOS/tools\Tools_TimeTrigger.c **** void Tools_SetTimeout ( TOOLS_TIMER* pTimer, OS_TIME timeout )
 104:C:/Workspace/FW_Platform2_5/trunk/Main/EmbOS/tools\Tools_TimeTrigger.c **** {
 110                             		.loc 1 104 0
 111                             	.LVL14:
 105:C:/Workspace/FW_Platform2_5/trunk/Main/EmbOS/tools\Tools_TimeTrigger.c **** 	OS_TIME newTimeout = OS_GetTime() + timeout;
 112                             		.loc 1 105 0
 113 0000 FB E2 00 00 00 00       		mov.L	#_OS_Global, r14
 114 0006 ED EE 0A                		mov.L	40[r14], r14
 115 0009 4B E2                   		add	r14, r2
 116                             	.LVL15:
 106:C:/Workspace/FW_Platform2_5/trunk/Main/EmbOS/tools\Tools_TimeTrigger.c **** 
 107:C:/Workspace/FW_Platform2_5/trunk/Main/EmbOS/tools\Tools_TimeTrigger.c **** 	/* Workaround to avoid value '0' as '0' means disabled */
 108:C:/Workspace/FW_Platform2_5/trunk/Main/EmbOS/tools\Tools_TimeTrigger.c **** 	if (newTimeout == 0)
 117                             		.loc 1 108 0
 118 000b 21 05                   		bne	.L9
 109:C:/Workspace/FW_Platform2_5/trunk/Main/EmbOS/tools\Tools_TimeTrigger.c **** 	{
 110:C:/Workspace/FW_Platform2_5/trunk/Main/EmbOS/tools\Tools_TimeTrigger.c **** 		newTimeout = 1;
 119                             		.loc 1 110 0
 120 000d 66 12                   		mov.L	#1, r2
 121                             	.LVL16:
 122 000f 03                      		.balign 2,3,1
 123                             	.L9:
 111:C:/Workspace/FW_Platform2_5/trunk/Main/EmbOS/tools\Tools_TimeTrigger.c **** 	}
 112:C:/Workspace/FW_Platform2_5/trunk/Main/EmbOS/tools\Tools_TimeTrigger.c **** 
 113:C:/Workspace/FW_Platform2_5/trunk/Main/EmbOS/tools\Tools_TimeTrigger.c **** 	*pTimer = newTimeout;
 124                             		.loc 1 113 0
 125 0010 E3 12                   		mov.L	r2, [r1]
 126 0012 02                      		rts
 127                             	.LFE4:
 129 0013 03                      		.section	.text.Tools_DisableTimeout,"ax",@progbits
 130                             		.global	_Tools_DisableTimeout
 132                             	_Tools_DisableTimeout:
 133                             	.LFB5:
 114:C:/Workspace/FW_Platform2_5/trunk/Main/EmbOS/tools\Tools_TimeTrigger.c **** }
 115:C:/Workspace/FW_Platform2_5/trunk/Main/EmbOS/tools\Tools_TimeTrigger.c **** 
 116:C:/Workspace/FW_Platform2_5/trunk/Main/EmbOS/tools\Tools_TimeTrigger.c **** void Tools_DisableTimeout ( TOOLS_TIMER* pTimer)
 117:C:/Workspace/FW_Platform2_5/trunk/Main/EmbOS/tools\Tools_TimeTrigger.c **** {
 134                             		.loc 1 117 0
 135                             	.LVL17:
 118:C:/Workspace/FW_Platform2_5/trunk/Main/EmbOS/tools\Tools_TimeTrigger.c **** 	*pTimer = 0;
 136                             		.loc 1 118 0
 137 0000 3E 10 00                		mov.L	#0, [r1]
 138 0003 02                      		rts
 139                             	.LFE5:
 141                             		.section	.text.Tools_IsTimeoutDisabled,"ax",@progbits
 142                             		.global	_Tools_IsTimeoutDisabled
 144                             	_Tools_IsTimeoutDisabled:
 145                             	.LFB6:
 119:C:/Workspace/FW_Platform2_5/trunk/Main/EmbOS/tools\Tools_TimeTrigger.c **** }
 120:C:/Workspace/FW_Platform2_5/trunk/Main/EmbOS/tools\Tools_TimeTrigger.c **** 
 121:C:/Workspace/FW_Platform2_5/trunk/Main/EmbOS/tools\Tools_TimeTrigger.c **** OS_BOOL	Tools_IsTimeoutDisabled( TOOLS_TIMER* pTimer)
 122:C:/Workspace/FW_Platform2_5/trunk/Main/EmbOS/tools\Tools_TimeTrigger.c **** {
 146                             		.loc 1 122 0
 147                             	.LVL18:
 123:C:/Workspace/FW_Platform2_5/trunk/Main/EmbOS/tools\Tools_TimeTrigger.c **** 	return ((OS_BOOL) (0 == *pTimer));
 148                             		.loc 1 123 0
 149 0000 EC 11                   		mov.L	[r1], r1
 150                             	.LVL19:
 124:C:/Workspace/FW_Platform2_5/trunk/Main/EmbOS/tools\Tools_TimeTrigger.c **** }
 151                             		.loc 1 124 0
 152 0002 61 01                   		cmp	#0, r1
 153 0004 FC DB 10                		sceq.L	r1
 154 0007 02                      		rts
 155                             	.LFE6:
 157                             		.section	.text.Tools_IsTimeoutExpired,"ax",@progbits
 158                             		.global	_Tools_IsTimeoutExpired
 160                             	_Tools_IsTimeoutExpired:
 161                             	.LFB7:
 125:C:/Workspace/FW_Platform2_5/trunk/Main/EmbOS/tools\Tools_TimeTrigger.c **** 
 126:C:/Workspace/FW_Platform2_5/trunk/Main/EmbOS/tools\Tools_TimeTrigger.c **** OS_BOOL Tools_IsTimeoutExpired ( TOOLS_TIMER* pTimer)
 127:C:/Workspace/FW_Platform2_5/trunk/Main/EmbOS/tools\Tools_TimeTrigger.c **** {
 162                             		.loc 1 127 0
 163                             	.LVL20:
 128:C:/Workspace/FW_Platform2_5/trunk/Main/EmbOS/tools\Tools_TimeTrigger.c **** 	OS_BOOL retValue = (OS_BOOL) FALSE;
 129:C:/Workspace/FW_Platform2_5/trunk/Main/EmbOS/tools\Tools_TimeTrigger.c **** 	OS_TIME curTime = OS_GetTime();
 130:C:/Workspace/FW_Platform2_5/trunk/Main/EmbOS/tools\Tools_TimeTrigger.c **** 
 131:C:/Workspace/FW_Platform2_5/trunk/Main/EmbOS/tools\Tools_TimeTrigger.c **** 	if (*pTimer != 0)
 164                             		.loc 1 131 0
 165 0000 EC 11                   		mov.L	[r1], r1
 166                             	.LVL21:
 129:C:/Workspace/FW_Platform2_5/trunk/Main/EmbOS/tools\Tools_TimeTrigger.c **** 	OS_TIME curTime = OS_GetTime();
 167                             		.loc 1 129 0
 168 0002 FB E2 00 00 00 00       		mov.L	#_OS_Global, r14
 169 0008 ED EE 0A                		mov.L	40[r14], r14
 170                             	.LVL22:
 171                             		.loc 1 131 0
 172 000b 61 01                   		cmp	#0, r1
 173 000d 20 13                   		beq	.L14
 132:C:/Workspace/FW_Platform2_5/trunk/Main/EmbOS/tools\Tools_TimeTrigger.c **** 	{
 133:C:/Workspace/FW_Platform2_5/trunk/Main/EmbOS/tools\Tools_TimeTrigger.c **** 
 134:C:/Workspace/FW_Platform2_5/trunk/Main/EmbOS/tools\Tools_TimeTrigger.c **** 			if (*pTimer <= curTime)
 174                             		.loc 1 134 0
 175 000f 47 E1                   		cmp	r14, r1
 176 0011 2A 0D                   		bgt	.L16
 135:C:/Workspace/FW_Platform2_5/trunk/Main/EmbOS/tools\Tools_TimeTrigger.c **** 			{
 136:C:/Workspace/FW_Platform2_5/trunk/Main/EmbOS/tools\Tools_TimeTrigger.c **** 				/* Check if highest nibble of timers are coherent - otherwise timeout set had overflow! */
 137:C:/Workspace/FW_Platform2_5/trunk/Main/EmbOS/tools\Tools_TimeTrigger.c **** 				if ((curTime >> 20) >=  (*pTimer >> 20))
 177                             		.loc 1 137 0
 178 0013 6B 41                   		shar	#20, r1
 179 0015 6B 4E                   		shar	#20, r14
 180                             	.LVL23:
 181 0017 47 1E                   		cmp	r1, r14
 182 0019 FC DB 18                		scge.L	r1
 183 001c 2E 04                   		bra	.L14
 184                             	.LVL24:
 185                             	.L16:
 128:C:/Workspace/FW_Platform2_5/trunk/Main/EmbOS/tools\Tools_TimeTrigger.c **** 	OS_BOOL retValue = (OS_BOOL) FALSE;
 186                             		.loc 1 128 0
 187 001e 66 01                   		mov	#0, r1
 188                             	.LVL25:
 189                             		.balign 2,3,1
 190                             	.L14:
 138:C:/Workspace/FW_Platform2_5/trunk/Main/EmbOS/tools\Tools_TimeTrigger.c **** 				{
 139:C:/Workspace/FW_Platform2_5/trunk/Main/EmbOS/tools\Tools_TimeTrigger.c **** 					retValue = (OS_BOOL) TRUE;
 140:C:/Workspace/FW_Platform2_5/trunk/Main/EmbOS/tools\Tools_TimeTrigger.c **** 				}
 141:C:/Workspace/FW_Platform2_5/trunk/Main/EmbOS/tools\Tools_TimeTrigger.c **** 			}
 142:C:/Workspace/FW_Platform2_5/trunk/Main/EmbOS/tools\Tools_TimeTrigger.c **** 	}
 143:C:/Workspace/FW_Platform2_5/trunk/Main/EmbOS/tools\Tools_TimeTrigger.c **** 
 144:C:/Workspace/FW_Platform2_5/trunk/Main/EmbOS/tools\Tools_TimeTrigger.c **** 	return retValue;
 145:C:/Workspace/FW_Platform2_5/trunk/Main/EmbOS/tools\Tools_TimeTrigger.c **** }
 191                             		.loc 1 145 0
 192 0020 5B 11                   		movu.B	r1, r1
 193 0022 02                      		rts
 194                             	.LFE7:
 278                             	.Letext0:
 279                             		.file 2 "C:\\Workspace\\FW_Platform2_5\\trunk\\OS\\EmbOS\\RX200_GNU\\V388\\Inc/RTOS.h"
 280                             		.file 3 "C:\\Workspace\\FW_Platform2_5\\trunk\\Main\\EmbOS\\tools/Tools.h"
