/* file: DW_DEA700_H8.LST, automatically generated by GENH8.EXE, Version: 3.05
 * from: C:\PROGETTI\RTC_DEA700_2_STEP_DEV\CFG_DISHWASHER\OSGEN\OSEK\H8\DW_DEA700_H8.oil
 * at  : Thu Sep 06 16:46:04 2012
 * Implementation: HitachiH8_3687Group
 */

       0,       --: res  RES_SCHEDULER
       1,      100: task ProgrammingMode_InitTask   B/N Stack: 0
       2,       --: res  Engine_Res
       3,       55: task Task_Backup   B/F Stack: 1
       4,       50: task NormalMode_InitTask   B/N Stack: 0
       5,       45: task Task_Flash   B/N Stack: 0
       6,       40: task Task_MeasureLive   B/N Stack: 0
       7,       20: task Task_Partialization   B/N Stack: 0
       8,       10: task Task_10_ms   B/F Stack: 2
       9,        9: task Task_Feedback   B/F Stack: 3
      10,        8: task Task_Feedback_P   B/F Stack: 4
      11,        7: task Task_AnalogChannels   B/N Stack: 0
      12,       --: res  ExtBoardInfo_Res
      13,       --: res  UserInterface_Res
      14,        6: task Task_Main   B/F Stack: 5
      15,        5: task Task_Protocol   E/F Stack: 6
      16,        3: task Task_UartParser   B/F Stack: 7
      17,        2: task Task_SendBytes   B/F Stack: 8


Resources accessed by tasks:
Resource: UserInterface_Res
   Task_Main
   Task_Protocol
Resource: Engine_Res
   Task_Backup
   Task_Main
   Task_Protocol
Resource: ExtBoardInfo_Res
   Task_Main
   Task_Protocol
Resource: RES_SCHEDULER
   ProgrammingMode_InitTask
   Task_Backup
   NormalMode_InitTask
   Task_Flash
   Task_MeasureLive
   Task_Partialization
   Task_10_ms
   Task_Feedback
   Task_Feedback_P
   Task_AnalogChannels
   Task_Main
   Task_Protocol
   Task_UartParser
   Task_SendBytes
