   1                             		.file	"7LiterManager.c"
   2                             		.section P,"ax"
   3                             	.Ltext0:
   4                             		.section	.text.SL_uP_7liter_Exe,"ax",@progbits
   5                             		.global	_SL_uP_7liter_Exe
   7                             	_SL_uP_7liter_Exe:
   8                             	.LFB0:
   9                             		.file 1 "C:/Workspace/FW_Inertia/branch_indesit/Inertia/Modules/7LiterManager.c"
   1:C:/Workspace/FW_Inertia/branch_indesit/Inertia/Modules\7LiterManager.c **** /**
   2:C:/Workspace/FW_Inertia/branch_indesit/Inertia/Modules\7LiterManager.c **** Source File 
   3:C:/Workspace/FW_Inertia/branch_indesit/Inertia/Modules\7LiterManager.c **** 
   4:C:/Workspace/FW_Inertia/branch_indesit/Inertia/Modules\7LiterManager.c **** \file    7literManager.c
   5:C:/Workspace/FW_Inertia/branch_indesit/Inertia/Modules\7LiterManager.c **** \ingroup 7literManager
   6:C:/Workspace/FW_Inertia/branch_indesit/Inertia/Modules\7LiterManager.c **** \date    14/07/2011
   7:C:/Workspace/FW_Inertia/branch_indesit/Inertia/Modules\7LiterManager.c **** \author  Leonardo Ripoli
   8:C:/Workspace/FW_Inertia/branch_indesit/Inertia/Modules\7LiterManager.c **** \version 1.0.0
   9:C:/Workspace/FW_Inertia/branch_indesit/Inertia/Modules\7LiterManager.c **** */
  10:C:/Workspace/FW_Inertia/branch_indesit/Inertia/Modules\7LiterManager.c **** 
  11:C:/Workspace/FW_Inertia/branch_indesit/Inertia/Modules\7LiterManager.c **** /*
  12:C:/Workspace/FW_Inertia/branch_indesit/Inertia/Modules\7LiterManager.c **** Copyright (c) 2004-2008, Indesit Company, IDD.
  13:C:/Workspace/FW_Inertia/branch_indesit/Inertia/Modules\7LiterManager.c **** Tutti i diritti sono riservati. All rights reserved.
  14:C:/Workspace/FW_Inertia/branch_indesit/Inertia/Modules\7LiterManager.c **** */
  15:C:/Workspace/FW_Inertia/branch_indesit/Inertia/Modules\7LiterManager.c **** 
  16:C:/Workspace/FW_Inertia/branch_indesit/Inertia/Modules\7LiterManager.c **** /* Old Versions
  17:C:/Workspace/FW_Inertia/branch_indesit/Inertia/Modules\7LiterManager.c **** \version 
  18:C:/Workspace/FW_Inertia/branch_indesit/Inertia/Modules\7LiterManager.c **** \date    
  19:C:/Workspace/FW_Inertia/branch_indesit/Inertia/Modules\7LiterManager.c **** \author
  20:C:/Workspace/FW_Inertia/branch_indesit/Inertia/Modules\7LiterManager.c **** */
  21:C:/Workspace/FW_Inertia/branch_indesit/Inertia/Modules\7LiterManager.c **** 
  22:C:/Workspace/FW_Inertia/branch_indesit/Inertia/Modules\7LiterManager.c **** 
  23:C:/Workspace/FW_Inertia/branch_indesit/Inertia/Modules\7LiterManager.c **** /** 
  24:C:/Workspace/FW_Inertia/branch_indesit/Inertia/Modules\7LiterManager.c **** \todo :  gestione modificatori da implementare e provare		
  25:C:/Workspace/FW_Inertia/branch_indesit/Inertia/Modules\7LiterManager.c **** */ 
  26:C:/Workspace/FW_Inertia/branch_indesit/Inertia/Modules\7LiterManager.c **** 
  27:C:/Workspace/FW_Inertia/branch_indesit/Inertia/Modules\7LiterManager.c **** 
  28:C:/Workspace/FW_Inertia/branch_indesit/Inertia/Modules\7LiterManager.c **** /* ******** */
  29:C:/Workspace/FW_Inertia/branch_indesit/Inertia/Modules\7LiterManager.c **** /* Includes */
  30:C:/Workspace/FW_Inertia/branch_indesit/Inertia/Modules\7LiterManager.c **** /* ******** */
  31:C:/Workspace/FW_Inertia/branch_indesit/Inertia/Modules\7LiterManager.c **** 
  32:C:/Workspace/FW_Inertia/branch_indesit/Inertia/Modules\7LiterManager.c **** #include "CstmHeaders.h"
  33:C:/Workspace/FW_Inertia/branch_indesit/Inertia/Modules\7LiterManager.c **** 
  34:C:/Workspace/FW_Inertia/branch_indesit/Inertia/Modules\7LiterManager.c **** /* ****************** */
  35:C:/Workspace/FW_Inertia/branch_indesit/Inertia/Modules\7LiterManager.c **** /* Defines and Macros */
  36:C:/Workspace/FW_Inertia/branch_indesit/Inertia/Modules\7LiterManager.c **** /* ****************** */
  37:C:/Workspace/FW_Inertia/branch_indesit/Inertia/Modules\7LiterManager.c **** 
  38:C:/Workspace/FW_Inertia/branch_indesit/Inertia/Modules\7LiterManager.c **** /* *************************** */
  39:C:/Workspace/FW_Inertia/branch_indesit/Inertia/Modules\7LiterManager.c **** /* Typedef, Structs and Unions */
  40:C:/Workspace/FW_Inertia/branch_indesit/Inertia/Modules\7LiterManager.c **** /* *************************** */
  41:C:/Workspace/FW_Inertia/branch_indesit/Inertia/Modules\7LiterManager.c **** 
  42:C:/Workspace/FW_Inertia/branch_indesit/Inertia/Modules\7LiterManager.c **** /* **************************** */
  43:C:/Workspace/FW_Inertia/branch_indesit/Inertia/Modules\7LiterManager.c **** /* Prototype of local functions */
  44:C:/Workspace/FW_Inertia/branch_indesit/Inertia/Modules\7LiterManager.c **** /* **************************** */
  45:C:/Workspace/FW_Inertia/branch_indesit/Inertia/Modules\7LiterManager.c **** 
  46:C:/Workspace/FW_Inertia/branch_indesit/Inertia/Modules\7LiterManager.c **** /* ****************** */
  47:C:/Workspace/FW_Inertia/branch_indesit/Inertia/Modules\7LiterManager.c **** /* Exported variables */
  48:C:/Workspace/FW_Inertia/branch_indesit/Inertia/Modules\7LiterManager.c **** /* ****************** */
  49:C:/Workspace/FW_Inertia/branch_indesit/Inertia/Modules\7LiterManager.c **** 
  50:C:/Workspace/FW_Inertia/branch_indesit/Inertia/Modules\7LiterManager.c **** /* **************** */
  51:C:/Workspace/FW_Inertia/branch_indesit/Inertia/Modules\7LiterManager.c **** /* Global variables */
  52:C:/Workspace/FW_Inertia/branch_indesit/Inertia/Modules\7LiterManager.c **** /* **************** */
  53:C:/Workspace/FW_Inertia/branch_indesit/Inertia/Modules\7LiterManager.c **** 
  54:C:/Workspace/FW_Inertia/branch_indesit/Inertia/Modules\7LiterManager.c **** 
  55:C:/Workspace/FW_Inertia/branch_indesit/Inertia/Modules\7LiterManager.c **** /* ******************* */
  56:C:/Workspace/FW_Inertia/branch_indesit/Inertia/Modules\7LiterManager.c **** /* External variables  */
  57:C:/Workspace/FW_Inertia/branch_indesit/Inertia/Modules\7LiterManager.c **** /* ******************* */
  58:C:/Workspace/FW_Inertia/branch_indesit/Inertia/Modules\7LiterManager.c **** 
  59:C:/Workspace/FW_Inertia/branch_indesit/Inertia/Modules\7LiterManager.c **** /* ***************** */
  60:C:/Workspace/FW_Inertia/branch_indesit/Inertia/Modules\7LiterManager.c **** /* Exported function */
  61:C:/Workspace/FW_Inertia/branch_indesit/Inertia/Modules\7LiterManager.c **** /* ***************** */
  62:C:/Workspace/FW_Inertia/branch_indesit/Inertia/Modules\7LiterManager.c **** 
  63:C:/Workspace/FW_Inertia/branch_indesit/Inertia/Modules\7LiterManager.c **** /**
  64:C:/Workspace/FW_Inertia/branch_indesit/Inertia/Modules\7LiterManager.c **** Gestisce l'esecuzione del microprogramma 7 litri.
  65:C:/Workspace/FW_Inertia/branch_indesit/Inertia/Modules\7LiterManager.c ****  
  66:C:/Workspace/FW_Inertia/branch_indesit/Inertia/Modules\7LiterManager.c **** \param [in] HighStatement specifica l'high statement (opcode +  modificatori F0-F1 + N flag + T fla
  67:C:/Workspace/FW_Inertia/branch_indesit/Inertia/Modules\7LiterManager.c **** \param [in] LowStatement specifica il low statement (displacement ai dati) del microprogramma.
  68:C:/Workspace/FW_Inertia/branch_indesit/Inertia/Modules\7LiterManager.c ****  
  69:C:/Workspace/FW_Inertia/branch_indesit/Inertia/Modules\7LiterManager.c **** \retvalue S_OK se la condizione di avanzamento passo per il microprogramma è verificata (termine co
  70:C:/Workspace/FW_Inertia/branch_indesit/Inertia/Modules\7LiterManager.c **** \retvalue S_FALSE se non è ancora verificata(conteggio in corso),
  71:C:/Workspace/FW_Inertia/branch_indesit/Inertia/Modules\7LiterManager.c ****  
  72:C:/Workspace/FW_Inertia/branch_indesit/Inertia/Modules\7LiterManager.c **** \version		1.0.0
  73:C:/Workspace/FW_Inertia/branch_indesit/Inertia/Modules\7LiterManager.c **** \date 			1/2/2008
  74:C:/Workspace/FW_Inertia/branch_indesit/Inertia/Modules\7LiterManager.c **** \author			Roberto Fioravanti
  75:C:/Workspace/FW_Inertia/branch_indesit/Inertia/Modules\7LiterManager.c **** 
  76:C:/Workspace/FW_Inertia/branch_indesit/Inertia/Modules\7LiterManager.c **** \versione 1.1.0
  77:C:/Workspace/FW_Inertia/branch_indesit/Inertia/Modules\7LiterManager.c **** \date	27/9/2010
  78:C:/Workspace/FW_Inertia/branch_indesit/Inertia/Modules\7LiterManager.c **** \author Emanuela Antognoli
  79:C:/Workspace/FW_Inertia/branch_indesit/Inertia/Modules\7LiterManager.c **** \note: cambiata la gestione dei timers per la piattaforma 2.0: se il timer è a 15 bit la gestione d
  80:C:/Workspace/FW_Inertia/branch_indesit/Inertia/Modules\7LiterManager.c **** \non serve più quindi il conteggio massimo è 0x3FFF secondi.
  81:C:/Workspace/FW_Inertia/branch_indesit/Inertia/Modules\7LiterManager.c **** 
  82:C:/Workspace/FW_Inertia/branch_indesit/Inertia/Modules\7LiterManager.c **** */
  83:C:/Workspace/FW_Inertia/branch_indesit/Inertia/Modules\7LiterManager.c **** uint8_t SL_uP_7liter_Exe (uint8_t HighStatement,uint8_t LowStatement)
  84:C:/Workspace/FW_Inertia/branch_indesit/Inertia/Modules\7LiterManager.c **** {
  10                             		.loc 1 84 0
  11                             	.LVL0:
  12 0000 6E 7A                   		pushm	r7-r10
  13                             	.LCFI0:
  85:C:/Workspace/FW_Inertia/branch_indesit/Inertia/Modules\7LiterManager.c **** 
  86:C:/Workspace/FW_Inertia/branch_indesit/Inertia/Modules\7LiterManager.c **** 	if(EV_Pos[LD_7LITER_EV_IND] == NO_LD_POS)
  14                             		.loc 1 86 0
  15 0002 FB 72 00 00 00 00       		mov.L	#_EV_Pos, r7
  16 0008 B0 FF                   		movu.B	3[r7], r7
  17 000a 75 57 FF                		cmp	#0xff, r7
  18 000d 1E                      		bne	.L2
  19                             	.LVL1:
  20                             		.balign 2,3,1
  21                             	.L7:
  87:C:/Workspace/FW_Inertia/branch_indesit/Inertia/Modules\7LiterManager.c **** 	{ /* condizione di errore */
  88:C:/Workspace/FW_Inertia/branch_indesit/Inertia/Modules\7LiterManager.c **** 	    return S_OK;
  22                             		.loc 1 88 0
  23 000e 66 01                   		mov	#0, r1
  24 0010 38 92 01                		bra	.L3
  25                             	.LVL2:
  26                             	.L2:
  89:C:/Workspace/FW_Inertia/branch_indesit/Inertia/Modules\7LiterManager.c **** 	}
  90:C:/Workspace/FW_Inertia/branch_indesit/Inertia/Modules\7LiterManager.c **** 	
  91:C:/Workspace/FW_Inertia/branch_indesit/Inertia/Modules\7LiterManager.c **** 	if (Interpreter_Data[0].stepInitialized== FALSE)
  27                             		.loc 1 91 0
  28 0013 FB 72 00 00 00 00       		mov.L	#_Interpreter_Data, r7
  29 0019 89 77                   		mov.B 4[r7], r7
  30 001b 64 27                   		and #2, r7
  31 001d 21 0F                   		bne	.L4
  92:C:/Workspace/FW_Inertia/branch_indesit/Inertia/Modules\7LiterManager.c **** 	{	/*prima iterazione del passo*/
  93:C:/Workspace/FW_Inertia/branch_indesit/Inertia/Modules\7LiterManager.c **** 
  94:C:/Workspace/FW_Inertia/branch_indesit/Inertia/Modules\7LiterManager.c **** 		uP_7liter_Data.status = SL_INIT;
  32                             		.loc 1 94 0
  33 001f FB 72 00 00 00 00       		mov.L	#_uP_7liter_Data, r7
  34 0025 CC 7E                   		mov.B	[r7], r14
  35 0027 75 2E 80                		and #0xffffff80, r14
  36 002a C3 7E                   		mov.B	r14, [r7]
  37                             		.balign 2,3,5
  38                             	.L4:
  95:C:/Workspace/FW_Inertia/branch_indesit/Inertia/Modules\7LiterManager.c **** 	}
  96:C:/Workspace/FW_Inertia/branch_indesit/Inertia/Modules\7LiterManager.c **** 	  
  97:C:/Workspace/FW_Inertia/branch_indesit/Inertia/Modules\7LiterManager.c **** 	if (CurrentFault[0].code == CODE_NO_FAULT)
  39                             		.loc 1 97 0
  40 002c FB 72 00 00 00 00       		mov.L	#_CurrentFault, r7
  41 0032 58 77                   		movu.B	[r7], r7
  42 0034 61 07                   		cmp	#0, r7
  43 0036 21 16                   		bne	.L5
  98:C:/Workspace/FW_Inertia/branch_indesit/Inertia/Modules\7LiterManager.c **** 	{/* non sono in fault - controllo lo stato della porta 
  99:C:/Workspace/FW_Inertia/branch_indesit/Inertia/Modules\7LiterManager.c **** 		In caso di Fault il uP può agire anche a porta aperta, non eseguo controllo  */
 100:C:/Workspace/FW_Inertia/branch_indesit/Inertia/Modules\7LiterManager.c **** 
 101:C:/Workspace/FW_Inertia/branch_indesit/Inertia/Modules\7LiterManager.c **** 		if ( uPDoorStatus == UP_DOOR_WAIT ) 
  44                             		.loc 1 101 0
  45 0038 FB 72 00 00 00 00       		mov.L	#_uPDoorStatus, r7
  46 003e 58 77                   		movu.B	[r7], r7
  47 0040 61 07                   		cmp	#0, r7
  48 0042 1A                      		bne	.L5
 102:C:/Workspace/FW_Inertia/branch_indesit/Inertia/Modules\7LiterManager.c **** 		{ /* porta aperta -> il uP va sospeso */
 103:C:/Workspace/FW_Inertia/branch_indesit/Inertia/Modules\7LiterManager.c **** 
 104:C:/Workspace/FW_Inertia/branch_indesit/Inertia/Modules\7LiterManager.c **** 			(void)SWTC_Stop((SWTC_CountersType)MP_7LITER_M_COUNTER);
  49                             		.loc 1 104 0
  50 0043 66 91                   		mov	#9, r1
  51                             	.LVL3:
  52 0045 05 00 00 00             		bsr	_SWTC_Stop
  53                             	.LVL4:
  54 0049 38 57 01                		bra	.L15
  55                             	.LVL5:
  56                             	.L5:
 105:C:/Workspace/FW_Inertia/branch_indesit/Inertia/Modules\7LiterManager.c **** 
 106:C:/Workspace/FW_Inertia/branch_indesit/Inertia/Modules\7LiterManager.c **** 			return S_FALSE;
 107:C:/Workspace/FW_Inertia/branch_indesit/Inertia/Modules\7LiterManager.c **** 		}
 108:C:/Workspace/FW_Inertia/branch_indesit/Inertia/Modules\7LiterManager.c **** 	}
 109:C:/Workspace/FW_Inertia/branch_indesit/Inertia/Modules\7LiterManager.c **** 	
 110:C:/Workspace/FW_Inertia/branch_indesit/Inertia/Modules\7LiterManager.c **** 	if (uP_7liter_Data.status == SL_INIT) 
  57                             		.loc 1 110 0
  58 004c FB 72 00 00 00 00       		mov.L	#_uP_7liter_Data, r7
  59 0052 CC 7E                   		mov.B	[r7], r14
  60 0054 FD 74 CE 7F             		tst	#0x7f, r14
  61 0058 21 42                   		bne	.L6
 111:C:/Workspace/FW_Inertia/branch_indesit/Inertia/Modules\7LiterManager.c **** 	{
 112:C:/Workspace/FW_Inertia/branch_indesit/Inertia/Modules\7LiterManager.c **** 		/* caricamento dati dal setting */
 113:C:/Workspace/FW_Inertia/branch_indesit/Inertia/Modules\7LiterManager.c **** 
 114:C:/Workspace/FW_Inertia/branch_indesit/Inertia/Modules\7LiterManager.c **** 		if ( BasicLoader ( PTR_UP_7LITER, LowStatement, &uP7liter_setting_data ) != S_OK )
  62                             		.loc 1 114 0
  63 005a 5B 22                   		movu.B	r2, r2
  64 005c 75 41 1F                		mov	#31, r1
  65                             	.LVL6:
  66 005f FB 32 00 00 00 00       		mov.L	#_uP7liter_setting_data, r3
  67 0065 05 00 00 00             		bsr	_BasicLoader
  68                             	.LVL7:
  69 0069 76 21 FF 00             		and #0xff, r1
  70 006d 21 A1                   		bne	.L7
 115:C:/Workspace/FW_Inertia/branch_indesit/Inertia/Modules\7LiterManager.c **** 		{			
 116:C:/Workspace/FW_Inertia/branch_indesit/Inertia/Modules\7LiterManager.c **** 			return S_OK;			
 117:C:/Workspace/FW_Inertia/branch_indesit/Inertia/Modules\7LiterManager.c **** 		}
 118:C:/Workspace/FW_Inertia/branch_indesit/Inertia/Modules\7LiterManager.c **** 
 119:C:/Workspace/FW_Inertia/branch_indesit/Inertia/Modules\7LiterManager.c **** 		uP_7liter_Data.timeON_ev = (OFFS_W(uP7liter_setting_data.Data,0)) & SL_TIME_MASK;
  71                             		.loc 1 119 0
  72 006f FB E2 00 00 00 00       		mov.L	#_uP7liter_setting_data, r14
  73 0075 EC EE                   		mov.L	[r14], r14
  74 0077 DC E3                   		mov.W	[r14], r3
  75 0079 76 23 FF 7F             		and #0x7fff, r3
  76 007d 90 F3                   		mov.W	r3, 4[r7]
 120:C:/Workspace/FW_Inertia/branch_indesit/Inertia/Modules\7LiterManager.c **** 
 121:C:/Workspace/FW_Inertia/branch_indesit/Inertia/Modules\7LiterManager.c **** 		uP_7liter_Data.timeOFF_ev = (OFFS_W(uP7liter_setting_data.Data,1)) & SL_TIME_MASK;
  77                             		.loc 1 121 0
  78 007f DD EE 01                		mov.W	2[r14], r14
  79 0082 76 2E FF 7F             		and #0x7fff, r14
  80 0086 D7 7E 03                		mov.W	r14, 6[r7]
 122:C:/Workspace/FW_Inertia/branch_indesit/Inertia/Modules\7LiterManager.c **** 
 123:C:/Workspace/FW_Inertia/branch_indesit/Inertia/Modules\7LiterManager.c **** 		(void)Set_MediumCounter((SWTC_CountersType)MP_7LITER_M_COUNTER, (SWTC_PrescalerType)COUNTERS2_TBA
  81                             		.loc 1 123 0
  82 0089 66 91                   		mov	#9, r1
  83 008b 66 32                   		mov	#3, r2
  84 008d 05 00 00 00             		bsr	_Set_MediumCounter
  85                             	.LVL8:
 124:C:/Workspace/FW_Inertia/branch_indesit/Inertia/Modules\7LiterManager.c **** 						
 125:C:/Workspace/FW_Inertia/branch_indesit/Inertia/Modules\7LiterManager.c **** 		uP_7liter_Data.status = SL_EV_OPEN_EXE;
  86                             		.loc 1 125 0
  87 0091 CC 7E                   		mov.B	[r7], r14
  88 0093 75 2E 80                		and #0xffffff80, r14
  89 0096 78 0E                   		bset #0, r14
  90 0098 C3 7E                   		mov.B	r14, [r7]
  91                             		.balign 2,3,5
  92                             	.L6:
 126:C:/Workspace/FW_Inertia/branch_indesit/Inertia/Modules\7LiterManager.c **** 
 127:C:/Workspace/FW_Inertia/branch_indesit/Inertia/Modules\7LiterManager.c **** 	} /* SL_INIT */
 128:C:/Workspace/FW_Inertia/branch_indesit/Inertia/Modules\7LiterManager.c **** 	
 129:C:/Workspace/FW_Inertia/branch_indesit/Inertia/Modules\7LiterManager.c **** 	if (uP_7liter_Data.status == SL_EV_OPEN_EXE) 
  93                             		.loc 1 129 0
  94 009a FB 72 00 00 00 00       		mov.L	#_uP_7liter_Data, r7
  95 00a0 CC 7E                   		mov.B	[r7], r14
  96 00a2 75 2E 7F                		and #0x7f, r14
  97 00a5 61 1E                   		cmp	#1, r14
  98 00a7 21 6F                   		bne	.L8
 130:C:/Workspace/FW_Inertia/branch_indesit/Inertia/Modules\7LiterManager.c **** 	{
 131:C:/Workspace/FW_Inertia/branch_indesit/Inertia/Modules\7LiterManager.c **** 		/*CHECK COUNTER*/
 132:C:/Workspace/FW_Inertia/branch_indesit/Inertia/Modules\7LiterManager.c **** 
 133:C:/Workspace/FW_Inertia/branch_indesit/Inertia/Modules\7LiterManager.c **** 		if ( (( SWTC_IsExpired((SWTC_CountersType)MP_7LITER_M_COUNTER) ) ))
  99                             		.loc 1 133 0
 100 00a9 66 91                   		mov	#9, r1
 101 00ab 05 00 00 00             		bsr	_SWTC_IsExpired
 102                             	.LVL9:
 103 00af 61 01                   		cmp	#0, r1
 104 00b1 20 17                   		beq	.L9
 134:C:/Workspace/FW_Inertia/branch_indesit/Inertia/Modules\7LiterManager.c **** 		{/*End counting*/
 135:C:/Workspace/FW_Inertia/branch_indesit/Inertia/Modules\7LiterManager.c **** 
 136:C:/Workspace/FW_Inertia/branch_indesit/Inertia/Modules\7LiterManager.c **** 		    (void)Set_MediumCounter((SWTC_CountersType)MP_7LITER_M_COUNTER, (SWTC_PrescalerType)COUNTERS2
 105                             		.loc 1 136 0
 106 00b3 66 91                   		mov	#9, r1
 107 00b5 66 32                   		mov	#3, r2
 108 00b7 98 FB                   		mov.W	6[r7], r3
 109 00b9 05 00 00 00             		bsr	_Set_MediumCounter
 110                             	.LVL10:
 137:C:/Workspace/FW_Inertia/branch_indesit/Inertia/Modules\7LiterManager.c **** 			uP_7liter_Data.status = SL_EV_CLOSE_AND_PAUSE;	
 111                             		.loc 1 137 0
 112 00bd CC 7E                   		mov.B	[r7], r14
 113 00bf 75 2E 80                		and #0xffffff80, r14
 114 00c2 78 1E                   		bset #1, r14
 115 00c4 C3 7E                   		mov.B	r14, [r7]
 116 00c6 2E 50                   		bra	.L8
 117                             	.L9:
 138:C:/Workspace/FW_Inertia/branch_indesit/Inertia/Modules\7LiterManager.c **** 		}
 139:C:/Workspace/FW_Inertia/branch_indesit/Inertia/Modules\7LiterManager.c **** 		else
 140:C:/Workspace/FW_Inertia/branch_indesit/Inertia/Modules\7LiterManager.c **** 		{
 141:C:/Workspace/FW_Inertia/branch_indesit/Inertia/Modules\7LiterManager.c **** 			/* velocità pompa lavaggio richiesta in questa iterazione */
 142:C:/Workspace/FW_Inertia/branch_indesit/Inertia/Modules\7LiterManager.c **** 
 143:C:/Workspace/FW_Inertia/branch_indesit/Inertia/Modules\7LiterManager.c **** 			if( TESTBIT (uP_PumpCtrl_Data.flags,PUMP_CTRL_UP_RUNNING_BIT) )
 118                             		.loc 1 143 0
 119 00c8 FB E2 00 00 00 00       		mov.L	#_uP_PumpCtrl_Data, r14
 120 00ce CD EE 01                		mov.B 1[r14], r14
 121 00d1 64 2E                   		and #2, r14
 122 00d3 20 22                   		beq	.L10
 123                             	.LVL11:
 124                             	.LBB2:
 144:C:/Workspace/FW_Inertia/branch_indesit/Inertia/Modules\7LiterManager.c **** 			{
 145:C:/Workspace/FW_Inertia/branch_indesit/Inertia/Modules\7LiterManager.c **** 				SWTC_MCounterValue _7liter_timeout_local;
 146:C:/Workspace/FW_Inertia/branch_indesit/Inertia/Modules\7LiterManager.c **** 				_7liter_timeout_local=(GET_7LITER_MAXTIME_FROM_SETTING());
 125                             		.loc 1 146 0
 126 00d5 FB E2 00 00 00 00       		mov.L	#_Tab_SFT_7liter, r14
 127                             	.LVL12:
 128 00db EC EE                   		mov.L	[r14], r14
 129                             	.LVL13:
 130 00dd 58 E3                   		movu.B	[r14], r3
 147:C:/Workspace/FW_Inertia/branch_indesit/Inertia/Modules\7LiterManager.c **** 		        (void)Set_MediumCounter((SWTC_CountersType)SLITER_DIRTYWATER_TIMEOUT_M_COUNTER, (SWTC_Pre
 131                             		.loc 1 147 0
 132 00df 66 81                   		mov	#8, r1
 133 00e1 66 72                   		mov	#7, r2
 134 00e3 75 13 60                		mul	#0x60, r3
 135 00e6 05 00 00 00             		bsr	_Set_MediumCounter
 136                             	.LVL14:
 148:C:/Workspace/FW_Inertia/branch_indesit/Inertia/Modules\7LiterManager.c **** 			    (void)SWTC_Run((SWTC_CountersType)SLITER_DIRTYWATER_TIMEOUT_M_COUNTER);
 137                             		.loc 1 148 0
 138 00ea 66 81                   		mov	#8, r1
 139 00ec 05 00 00 00             		bsr	_SWTC_Run
 140                             	.LVL15:
 149:C:/Workspace/FW_Inertia/branch_indesit/Inertia/Modules\7LiterManager.c **** 				uP_7liter_Data.Sir_I_HaveLoadedSomeWater=1;		
 141                             		.loc 1 149 0
 142 00f0 CC 7E                   		mov.B	[r7], r14
 143 00f2 78 7E                   		bset	#7, r14
 144 00f4 0E                      		bra	.L17
 145                             	.L10:
 146                             	.LBE2:
 150:C:/Workspace/FW_Inertia/branch_indesit/Inertia/Modules\7LiterManager.c **** 			}
 151:C:/Workspace/FW_Inertia/branch_indesit/Inertia/Modules\7LiterManager.c **** 			else
 152:C:/Workspace/FW_Inertia/branch_indesit/Inertia/Modules\7LiterManager.c **** 			{
 153:C:/Workspace/FW_Inertia/branch_indesit/Inertia/Modules\7LiterManager.c **** 				uP_7liter_Data.Sir_I_HaveLoadedSomeWater=0;		
 147                             		.loc 1 153 0
 148 00f5 CC 7E                   		mov.B	[r7], r14
 149 00f7 7A 7E                   		bclr	#7, r14
 150 00f9 03                      		.balign 2,3,1
 151                             	.L17:
 152 00fa C3 7E                   		mov.B	r14, [r7]
 154:C:/Workspace/FW_Inertia/branch_indesit/Inertia/Modules\7LiterManager.c **** 			}
 155:C:/Workspace/FW_Inertia/branch_indesit/Inertia/Modules\7LiterManager.c **** 			
 156:C:/Workspace/FW_Inertia/branch_indesit/Inertia/Modules\7LiterManager.c **** 			LoadsReq_New[EV_Pos[LD_7LITER_EV_IND]].b = EV_ON; /* pilotaggio EV 7 litri */ 
 153                             		.loc 1 156 0
 154 00fc FB 72 00 00 00 00       		mov.L	#_EV_Pos, r7
 155 0102 B0 FF                   		movu.B	3[r7], r7
 156 0104 FB E2 00 00 00 00       		mov.L	#_LoadsReq_New, r14
 157 010a 66 1A                   		mov	#1, r10
 158 010c FE 07 EA                		mov.B	r10, [r7,r14]
 157:C:/Workspace/FW_Inertia/branch_indesit/Inertia/Modules\7LiterManager.c **** 			(void)SWTC_Run((SWTC_CountersType)MP_7LITER_M_COUNTER);			
 159                             		.loc 1 157 0
 160 010f 66 91                   		mov	#9, r1
 161 0111 05 00 00 00             		bsr	_SWTC_Run
 162                             	.LVL16:
 163 0115 03                      		.balign 2,3,5
 164                             	.L8:
 158:C:/Workspace/FW_Inertia/branch_indesit/Inertia/Modules\7LiterManager.c **** 		}
 159:C:/Workspace/FW_Inertia/branch_indesit/Inertia/Modules\7LiterManager.c **** 
 160:C:/Workspace/FW_Inertia/branch_indesit/Inertia/Modules\7LiterManager.c **** 	} /* SL_EV_OPEN_EXE */
 161:C:/Workspace/FW_Inertia/branch_indesit/Inertia/Modules\7LiterManager.c **** 		
 162:C:/Workspace/FW_Inertia/branch_indesit/Inertia/Modules\7LiterManager.c **** 	if (uP_7liter_Data.status == SL_EV_CLOSE_AND_PAUSE) 
 165                             		.loc 1 162 0
 166 0116 FB 72 00 00 00 00       		mov.L	#_uP_7liter_Data, r7
 167 011c CC 7E                   		mov.B	[r7], r14
 168 011e 75 2E 7F                		and #0x7f, r14
 169 0121 61 2E                   		cmp	#2, r14
 170 0123 21 2F                   		bne	.L12
 163:C:/Workspace/FW_Inertia/branch_indesit/Inertia/Modules\7LiterManager.c **** 	{
 164:C:/Workspace/FW_Inertia/branch_indesit/Inertia/Modules\7LiterManager.c **** 		/*CHECK COUNTER*/
 165:C:/Workspace/FW_Inertia/branch_indesit/Inertia/Modules\7LiterManager.c **** 
 166:C:/Workspace/FW_Inertia/branch_indesit/Inertia/Modules\7LiterManager.c **** 		if ( (( SWTC_IsExpired((SWTC_CountersType)MP_7LITER_M_COUNTER) ) ))
 171                             		.loc 1 166 0
 172 0125 66 91                   		mov	#9, r1
 173 0127 05 00 00 00             		bsr	_SWTC_IsExpired
 174                             	.LVL17:
 175 012b 61 01                   		cmp	#0, r1
 176 012d 20 0D                   		beq	.L13
 167:C:/Workspace/FW_Inertia/branch_indesit/Inertia/Modules\7LiterManager.c **** 		{/*End counting*/
 168:C:/Workspace/FW_Inertia/branch_indesit/Inertia/Modules\7LiterManager.c **** 
 169:C:/Workspace/FW_Inertia/branch_indesit/Inertia/Modules\7LiterManager.c **** 			uP_7liter_Data.status = SL_END;	
 177                             		.loc 1 169 0
 178 012f CC 7E                   		mov.B	[r7], r14
 179 0131 75 2E 80                		and #0xffffff80, r14
 180 0134 65 3E                   		or	#3, r14
 181 0136 C3 7E                   		mov.B	r14, [r7]
 182 0138 2E 1A                   		bra	.L12
 183                             	.L13:
 170:C:/Workspace/FW_Inertia/branch_indesit/Inertia/Modules\7LiterManager.c **** 
 171:C:/Workspace/FW_Inertia/branch_indesit/Inertia/Modules\7LiterManager.c **** 		}
 172:C:/Workspace/FW_Inertia/branch_indesit/Inertia/Modules\7LiterManager.c **** 		else
 173:C:/Workspace/FW_Inertia/branch_indesit/Inertia/Modules\7LiterManager.c **** 		{
 174:C:/Workspace/FW_Inertia/branch_indesit/Inertia/Modules\7LiterManager.c **** 			LoadsReq_New[EV_Pos[LD_7LITER_EV_IND]].b = EV_OFF; /* pilotaggio EV 7 litri */ 
 184                             		.loc 1 174 0
 185 013a FB 72 00 00 00 00       		mov.L	#_EV_Pos, r7
 186 0140 B0 FF                   		movu.B	3[r7], r7
 187 0142 FB E2 00 00 00 00       		mov.L	#_LoadsReq_New, r14
 188 0148 FE 07 E1                		mov.B	r1, [r7,r14]
 175:C:/Workspace/FW_Inertia/branch_indesit/Inertia/Modules\7LiterManager.c **** 			(void)SWTC_Run((SWTC_CountersType)MP_7LITER_M_COUNTER);
 189                             		.loc 1 175 0
 190 014b 66 91                   		mov	#9, r1
 191 014d 05 00 00 00             		bsr	_SWTC_Run
 192                             	.LVL18:
 193 0151 03                      		.balign 2,3,5
 194                             	.L12:
 176:C:/Workspace/FW_Inertia/branch_indesit/Inertia/Modules\7LiterManager.c **** 		}
 177:C:/Workspace/FW_Inertia/branch_indesit/Inertia/Modules\7LiterManager.c **** 
 178:C:/Workspace/FW_Inertia/branch_indesit/Inertia/Modules\7LiterManager.c **** 	} /* SL_EV_CLOSE_AND_PAUSE */
 179:C:/Workspace/FW_Inertia/branch_indesit/Inertia/Modules\7LiterManager.c **** 
 180:C:/Workspace/FW_Inertia/branch_indesit/Inertia/Modules\7LiterManager.c **** 	if (uP_7liter_Data.status == SL_END)
 195                             		.loc 1 180 0
 196 0152 FB 72 00 00 00 00       		mov.L	#_uP_7liter_Data, r7
 197 0158 CC 77                   		mov.B	[r7], r7
 198 015a EF 7E                   		mov.L	r7, r14
 199 015c 75 2E 7F                		and #0x7f, r14
 200 015f 61 3E                   		cmp	#3, r14
 201 0161 21 3F                   		bne	.L15
 181:C:/Workspace/FW_Inertia/branch_indesit/Inertia/Modules\7LiterManager.c **** 	{
 182:C:/Workspace/FW_Inertia/branch_indesit/Inertia/Modules\7LiterManager.c **** 		if(uP_7liter_Data.Sir_I_HaveLoadedSomeWater==0)
 202                             		.loc 1 182 0
 203 0163 76 27 80 00             		and #0x80, r7
 204 0167 21 1D                   		bne	.L14
 205                             	.LVL19:
 206                             	.LBB3:
 183:C:/Workspace/FW_Inertia/branch_indesit/Inertia/Modules\7LiterManager.c **** 		{
 184:C:/Workspace/FW_Inertia/branch_indesit/Inertia/Modules\7LiterManager.c **** 			SWTC_MCounterValue _7liter_timeout_local;
 185:C:/Workspace/FW_Inertia/branch_indesit/Inertia/Modules\7LiterManager.c **** 			_7liter_timeout_local=(GET_7LITER_MAXTIME_FROM_SETTING());
 207                             		.loc 1 185 0
 208 0169 FB 72 00 00 00 00       		mov.L	#_Tab_SFT_7liter, r7
 209                             	.LVL20:
 210 016f EC 77                   		mov.L	[r7], r7
 211                             	.LVL21:
 212 0171 58 73                   		movu.B	[r7], r3
 186:C:/Workspace/FW_Inertia/branch_indesit/Inertia/Modules\7LiterManager.c ****             /* LR 7/9/2011: carico il contatore con il valore del setting (in realtà basterebbe un 
 187:C:/Workspace/FW_Inertia/branch_indesit/Inertia/Modules\7LiterManager.c **** 			(void)Set_MediumCounter((SWTC_CountersType)SLITER_DIRTYWATER_TIMEOUT_M_COUNTER, (SWTC_PrescalerT
 213                             		.loc 1 187 0
 214 0173 66 81                   		mov	#8, r1
 215 0175 66 72                   		mov	#7, r2
 216 0177 75 13 60                		mul	#0x60, r3
 217 017a 05 00 00 00             		bsr	_Set_MediumCounter
 218                             	.LVL22:
 188:C:/Workspace/FW_Inertia/branch_indesit/Inertia/Modules\7LiterManager.c **** 		    (void)SWTC_Stop((SWTC_CountersType)SLITER_DIRTYWATER_TIMEOUT_M_COUNTER);
 219                             		.loc 1 188 0
 220 017e 66 81                   		mov	#8, r1
 221 0180 05 00 00 00             		bsr	_SWTC_Stop
 222                             	.LVL23:
 223                             		.balign 2,3,5
 224                             	.L14:
 225                             	.LBE3:
 189:C:/Workspace/FW_Inertia/branch_indesit/Inertia/Modules\7LiterManager.c **** 	    }
 190:C:/Workspace/FW_Inertia/branch_indesit/Inertia/Modules\7LiterManager.c **** 		LoadsReq_New[EV_Pos[LD_7LITER_EV_IND]].b = EV_OFF; /* pilotaggio EV 7 litri */ 
 226                             		.loc 1 190 0
 227 0184 FB 72 00 00 00 00       		mov.L	#_EV_Pos, r7
 228 018a B0 FF                   		movu.B	3[r7], r7
 229 018c FB E2 00 00 00 00       		mov.L	#_LoadsReq_New, r14
 230 0192 66 0A                   		mov	#0, r10
 231 0194 FE 07 EA                		mov.B	r10, [r7,r14]
 191:C:/Workspace/FW_Inertia/branch_indesit/Inertia/Modules\7LiterManager.c **** 		(void)SWTC_Stop((SWTC_CountersType)MP_7LITER_M_COUNTER);
 232                             		.loc 1 191 0
 233 0197 66 91                   		mov	#9, r1
 234 0199 05 00 00 00             		bsr	_SWTC_Stop
 235                             	.LVL24:
 236 019d 38 71 FE                		bra	.L7
 237                             	.L15:
 192:C:/Workspace/FW_Inertia/branch_indesit/Inertia/Modules\7LiterManager.c **** 
 193:C:/Workspace/FW_Inertia/branch_indesit/Inertia/Modules\7LiterManager.c **** 		return S_OK;
 194:C:/Workspace/FW_Inertia/branch_indesit/Inertia/Modules\7LiterManager.c **** 
 195:C:/Workspace/FW_Inertia/branch_indesit/Inertia/Modules\7LiterManager.c **** 	}/*MAINTAIN_TRUE*/
 196:C:/Workspace/FW_Inertia/branch_indesit/Inertia/Modules\7LiterManager.c **** 
 197:C:/Workspace/FW_Inertia/branch_indesit/Inertia/Modules\7LiterManager.c **** 	return S_FALSE;
 238                             		.loc 1 197 0
 239 01a0 66 11                   		mov	#1, r1
 240                             		.balign 2,3,1
 241                             	.L3:
 198:C:/Workspace/FW_Inertia/branch_indesit/Inertia/Modules\7LiterManager.c **** }
 242                             		.loc 1 198 0
 243 01a2 64 11                   		and #1, r1
 244 01a4 3F 7A 04                		rtsd	#16, r7-r10
 245                             	.LFE0:
 285                             	.Letext0:
 286                             		.file 2 "C:\\Workspace\\FW_Inertia\\branch_indesit\\HAL\\HAL_General/StandardTypes.h"
 287                             		.file 3 "C:\\Workspace\\FW_Inertia\\branch_indesit\\ProductModules\\PM_SwTimersCounters/SwTimersCo
 288                             		.file 4 "C:\\Workspace\\FW_Inertia\\branch_indesit\\ProductModules\\PM_Library/LIB_Utilities.h"
 289                             		.file 5 "C:\\Workspace\\FW_Inertia\\branch_indesit\\Application_Platform/APP_Types.h"
 290                             		.file 6 "C:\\Workspace\\FW_Inertia\\branch_indesit\\ProductModules\\PM_BusCOMM/BCP_General.h"
 291                             		.file 7 "C:\\Workspace\\FW_Inertia\\branch_indesit\\Inertia\\General/CstmTypes.h"
 292                             		.file 8 "C:\\Workspace\\FW_Inertia\\branch_indesit\\PlatformLibrary\\LIB_IOManager/OutputManagerEx
 293                             		.file 9 "C:\\Workspace\\FW_Inertia\\branch_indesit\\Inertia\\General/CstmDefines.h"
 294                             		.file 10 "C:\\Workspace\\FW_Inertia\\branch_indesit\\Inertia\\General/CstmGlobal.h"
 295                             		.file 11 "C:\\Workspace\\FW_Inertia\\branch_indesit\\Inertia\\Modules/7literManager.h"
 296                             		.file 12 "C:\\Workspace\\FW_Inertia\\branch_indesit\\ProductModules\\PM_BusCOMM/BCP_BusCommMng.h"
 297                             		.file 13 "C:\\Workspace\\FW_Inertia\\branch_indesit\\Application_Platform/APP_Global.h"
 298                             		.file 14 "C:\\Workspace\\FW_Inertia\\branch_indesit\\Application_Platform/APP_FuncLib.h"
DEFINED SYMBOLS
                            *ABS*:00000000 7LiterManager.c
C:\Users\Andrea\AppData\Local\Temp\ccCIQ6yw.s:7      .text.SL_uP_7liter_Exe:00000000 _SL_uP_7liter_Exe
C:\Users\Andrea\AppData\Local\Temp\ccCIQ6yw.s:12     .text.SL_uP_7liter_Exe:00000000 L0
C:\Users\Andrea\AppData\Local\Temp\ccCIQ6yw.s:248    .debug_frame:00000000 .Lframe0
C:\Users\Andrea\AppData\Local\Temp\ccCIQ6yw.s:8      .text.SL_uP_7liter_Exe:00000000 .LFB0
C:\Users\Andrea\AppData\Local\Temp\ccCIQ6yw.s:1394   .debug_abbrev:00000000 .Ldebug_abbrev0
C:\Users\Andrea\AppData\Local\Temp\ccCIQ6yw.s:2186   .debug_str:000003b4 .LASF141
C:\Users\Andrea\AppData\Local\Temp\ccCIQ6yw.s:2222   .debug_str:00000519 .LASF142
C:\Users\Andrea\AppData\Local\Temp\ccCIQ6yw.s:2076   .debug_ranges:00000000 .Ldebug_ranges0
C:\Users\Andrea\AppData\Local\Temp\ccCIQ6yw.s:2082   .debug_line:00000000 .Ldebug_line0
C:\Users\Andrea\AppData\Local\Temp\ccCIQ6yw.s:2156   .debug_str:000002a4 .LASF0
C:\Users\Andrea\AppData\Local\Temp\ccCIQ6yw.s:2122   .debug_str:0000017a .LASF2
C:\Users\Andrea\AppData\Local\Temp\ccCIQ6yw.s:2262   .debug_str:0000068f .LASF1
C:\Users\Andrea\AppData\Local\Temp\ccCIQ6yw.s:2162   .debug_str:000002ee .LASF3
C:\Users\Andrea\AppData\Local\Temp\ccCIQ6yw.s:2200   .debug_str:0000045c .LASF4
C:\Users\Andrea\AppData\Local\Temp\ccCIQ6yw.s:2322   .debug_str:000008a6 .LASF5
C:\Users\Andrea\AppData\Local\Temp\ccCIQ6yw.s:2194   .debug_str:00000422 .LASF6
C:\Users\Andrea\AppData\Local\Temp\ccCIQ6yw.s:2148   .debug_str:00000256 .LASF7
C:\Users\Andrea\AppData\Local\Temp\ccCIQ6yw.s:2108   .debug_str:00000103 .LASF8
C:\Users\Andrea\AppData\Local\Temp\ccCIQ6yw.s:2124   .debug_str:00000182 .LASF9
C:\Users\Andrea\AppData\Local\Temp\ccCIQ6yw.s:2234   .debug_str:000005bc .LASF10
C:\Users\Andrea\AppData\Local\Temp\ccCIQ6yw.s:2248   .debug_str:0000061e .LASF11
C:\Users\Andrea\AppData\Local\Temp\ccCIQ6yw.s:2126   .debug_str:00000190 .LASF12
C:\Users\Andrea\AppData\Local\Temp\ccCIQ6yw.s:2118   .debug_str:0000016c .LASF13
C:\Users\Andrea\AppData\Local\Temp\ccCIQ6yw.s:2120   .debug_str:00000173 .LASF18
C:\Users\Andrea\AppData\Local\Temp\ccCIQ6yw.s:2226   .debug_str:00000576 .LASF14
C:\Users\Andrea\AppData\Local\Temp\ccCIQ6yw.s:2214   .debug_str:000004d8 .LASF15
C:\Users\Andrea\AppData\Local\Temp\ccCIQ6yw.s:2352   .debug_str:000009a1 .LASF16
C:\Users\Andrea\AppData\Local\Temp\ccCIQ6yw.s:2348   .debug_str:00000982 .LASF17
C:\Users\Andrea\AppData\Local\Temp\ccCIQ6yw.s:2166   .debug_str:00000311 .LASF19
C:\Users\Andrea\AppData\Local\Temp\ccCIQ6yw.s:2326   .debug_str:000008c1 .LASF20
C:\Users\Andrea\AppData\Local\Temp\ccCIQ6yw.s:2100   .debug_str:000000a5 .LASF21
C:\Users\Andrea\AppData\Local\Temp\ccCIQ6yw.s:2324   .debug_str:000008af .LASF22
C:\Users\Andrea\AppData\Local\Temp\ccCIQ6yw.s:2288   .debug_str:0000076c .LASF23
C:\Users\Andrea\AppData\Local\Temp\ccCIQ6yw.s:2092   .debug_str:0000004d .LASF24
C:\Users\Andrea\AppData\Local\Temp\ccCIQ6yw.s:2360   .debug_str:000009f0 .LASF25
C:\Users\Andrea\AppData\Local\Temp\ccCIQ6yw.s:2236   .debug_str:000005c4 .LASF26
C:\Users\Andrea\AppData\Local\Temp\ccCIQ6yw.s:2264   .debug_str:00000699 .LASF45
C:\Users\Andrea\AppData\Local\Temp\ccCIQ6yw.s:2202   .debug_str:0000046f .LASF27
C:\Users\Andrea\AppData\Local\Temp\ccCIQ6yw.s:2266   .debug_str:000006a1 .LASF28
C:\Users\Andrea\AppData\Local\Temp\ccCIQ6yw.s:2312   .debug_str:00000846 .LASF29
C:\Users\Andrea\AppData\Local\Temp\ccCIQ6yw.s:2132   .debug_str:000001b4 .LASF75
C:\Users\Andrea\AppData\Local\Temp\ccCIQ6yw.s:2278   .debug_str:00000701 .LASF30
C:\Users\Andrea\AppData\Local\Temp\ccCIQ6yw.s:2246   .debug_str:00000608 .LASF31
C:\Users\Andrea\AppData\Local\Temp\ccCIQ6yw.s:2168   .debug_str:00000323 .LASF32
C:\Users\Andrea\AppData\Local\Temp\ccCIQ6yw.s:2228   .debug_str:0000057b .LASF33
C:\Users\Andrea\AppData\Local\Temp\ccCIQ6yw.s:2144   .debug_str:0000023b .LASF34
C:\Users\Andrea\AppData\Local\Temp\ccCIQ6yw.s:2280   .debug_str:00000716 .LASF35
C:\Users\Andrea\AppData\Local\Temp\ccCIQ6yw.s:2354   .debug_str:000009af .LASF36
C:\Users\Andrea\AppData\Local\Temp\ccCIQ6yw.s:2190   .debug_str:000003f2 .LASF37
C:\Users\Andrea\AppData\Local\Temp\ccCIQ6yw.s:2142   .debug_str:0000022c .LASF38
C:\Users\Andrea\AppData\Local\Temp\ccCIQ6yw.s:2270   .debug_str:000006c9 .LASF39
C:\Users\Andrea\AppData\Local\Temp\ccCIQ6yw.s:2210   .debug_str:000004b4 .LASF40
C:\Users\Andrea\AppData\Local\Temp\ccCIQ6yw.s:2196   .debug_str:00000434 .LASF41
C:\Users\Andrea\AppData\Local\Temp\ccCIQ6yw.s:2216   .debug_str:000004e3 .LASF42
C:\Users\Andrea\AppData\Local\Temp\ccCIQ6yw.s:2284   .debug_str:00000745 .LASF43
C:\Users\Andrea\AppData\Local\Temp\ccCIQ6yw.s:2208   .debug_str:000004ae .LASF44
C:\Users\Andrea\AppData\Local\Temp\ccCIQ6yw.s:2206   .debug_str:0000049a .LASF46
C:\Users\Andrea\AppData\Local\Temp\ccCIQ6yw.s:2174   .debug_str:00000363 .LASF47
C:\Users\Andrea\AppData\Local\Temp\ccCIQ6yw.s:2176   .debug_str:00000371 .LASF48
C:\Users\Andrea\AppData\Local\Temp\ccCIQ6yw.s:2146   .debug_str:00000250 .LASF49
C:\Users\Andrea\AppData\Local\Temp\ccCIQ6yw.s:2342   .debug_str:00000947 .LASF50
C:\Users\Andrea\AppData\Local\Temp\ccCIQ6yw.s:2138   .debug_str:0000020d .LASF51
C:\Users\Andrea\AppData\Local\Temp\ccCIQ6yw.s:2260   .debug_str:00000679 .LASF52
C:\Users\Andrea\AppData\Local\Temp\ccCIQ6yw.s:2088   .debug_str:00000025 .LASF53
C:\Users\Andrea\AppData\Local\Temp\ccCIQ6yw.s:2154   .debug_str:00000292 .LASF54
C:\Users\Andrea\AppData\Local\Temp\ccCIQ6yw.s:2300   .debug_str:000007bd .LASF55
C:\Users\Andrea\AppData\Local\Temp\ccCIQ6yw.s:2362   .debug_str:00000a02 .LASF56
C:\Users\Andrea\AppData\Local\Temp\ccCIQ6yw.s:2212   .debug_str:000004c3 .LASF57
C:\Users\Andrea\AppData\Local\Temp\ccCIQ6yw.s:2292   .debug_str:00000778 .LASF58
C:\Users\Andrea\AppData\Local\Temp\ccCIQ6yw.s:2140   .debug_str:00000219 .LASF59
C:\Users\Andrea\AppData\Local\Temp\ccCIQ6yw.s:2084   .debug_str:00000000 .LASF60
C:\Users\Andrea\AppData\Local\Temp\ccCIQ6yw.s:2356   .debug_str:000009c4 .LASF61
C:\Users\Andrea\AppData\Local\Temp\ccCIQ6yw.s:2164   .debug_str:000002f7 .LASF62
C:\Users\Andrea\AppData\Local\Temp\ccCIQ6yw.s:2332   .debug_str:000008f4 .LASF63
C:\Users\Andrea\AppData\Local\Temp\ccCIQ6yw.s:2274   .debug_str:000006df .LASF64
C:\Users\Andrea\AppData\Local\Temp\ccCIQ6yw.s:2346   .debug_str:0000097c .LASF65
C:\Users\Andrea\AppData\Local\Temp\ccCIQ6yw.s:2268   .debug_str:000006bf .LASF66
C:\Users\Andrea\AppData\Local\Temp\ccCIQ6yw.s:2128   .debug_str:0000019c .LASF67
C:\Users\Andrea\AppData\Local\Temp\ccCIQ6yw.s:2180   .debug_str:0000038e .LASF68
C:\Users\Andrea\AppData\Local\Temp\ccCIQ6yw.s:2178   .debug_str:00000377 .LASF69
C:\Users\Andrea\AppData\Local\Temp\ccCIQ6yw.s:2252   .debug_str:0000063b .LASF70
C:\Users\Andrea\AppData\Local\Temp\ccCIQ6yw.s:2338   .debug_str:00000934 .LASF71
C:\Users\Andrea\AppData\Local\Temp\ccCIQ6yw.s:2254   .debug_str:00000640 .LASF72
C:\Users\Andrea\AppData\Local\Temp\ccCIQ6yw.s:2290   .debug_str:00000771 .LASF73
C:\Users\Andrea\AppData\Local\Temp\ccCIQ6yw.s:2296   .debug_str:0000079d .LASF74
C:\Users\Andrea\AppData\Local\Temp\ccCIQ6yw.s:2244   .debug_str:000005fa .LASF76
C:\Users\Andrea\AppData\Local\Temp\ccCIQ6yw.s:2256   .debug_str:00000656 .LASF77
C:\Users\Andrea\AppData\Local\Temp\ccCIQ6yw.s:2102   .debug_str:000000ad .LASF78
C:\Users\Andrea\AppData\Local\Temp\ccCIQ6yw.s:2104   .debug_str:000000c7 .LASF79
C:\Users\Andrea\AppData\Local\Temp\ccCIQ6yw.s:2242   .debug_str:000005e7 .LASF80
C:\Users\Andrea\AppData\Local\Temp\ccCIQ6yw.s:2150   .debug_str:0000025f .LASF81
C:\Users\Andrea\AppData\Local\Temp\ccCIQ6yw.s:2086   .debug_str:00000011 .LASF82
C:\Users\Andrea\AppData\Local\Temp\ccCIQ6yw.s:2330   .debug_str:000008df .LASF83
C:\Users\Andrea\AppData\Local\Temp\ccCIQ6yw.s:2106   .debug_str:000000e1 .LASF84
C:\Users\Andrea\AppData\Local\Temp\ccCIQ6yw.s:2294   .debug_str:00000781 .LASF85
C:\Users\Andrea\AppData\Local\Temp\ccCIQ6yw.s:2364   .debug_str:00000a12 .LASF86
C:\Users\Andrea\AppData\Local\Temp\ccCIQ6yw.s:2220   .debug_str:000004fe .LASF87
C:\Users\Andrea\AppData\Local\Temp\ccCIQ6yw.s:2110   .debug_str:0000011a .LASF88
C:\Users\Andrea\AppData\Local\Temp\ccCIQ6yw.s:2172   .debug_str:00000348 .LASF89
C:\Users\Andrea\AppData\Local\Temp\ccCIQ6yw.s:2358   .debug_str:000009d6 .LASF90
C:\Users\Andrea\AppData\Local\Temp\ccCIQ6yw.s:2320   .debug_str:00000889 .LASF91
C:\Users\Andrea\AppData\Local\Temp\ccCIQ6yw.s:2192   .debug_str:00000408 .LASF92
C:\Users\Andrea\AppData\Local\Temp\ccCIQ6yw.s:2344   .debug_str:00000957 .LASF93
C:\Users\Andrea\AppData\Local\Temp\ccCIQ6yw.s:2336   .debug_str:0000091a .LASF94
C:\Users\Andrea\AppData\Local\Temp\ccCIQ6yw.s:2282   .debug_str:0000072c .LASF95
C:\Users\Andrea\AppData\Local\Temp\ccCIQ6yw.s:2316   .debug_str:00000861 .LASF96
C:\Users\Andrea\AppData\Local\Temp\ccCIQ6yw.s:2308   .debug_str:00000815 .LASF97
C:\Users\Andrea\AppData\Local\Temp\ccCIQ6yw.s:2370   .debug_str:00000a52 .LASF98
C:\Users\Andrea\AppData\Local\Temp\ccCIQ6yw.s:2096   .debug_str:00000070 .LASF99
C:\Users\Andrea\AppData\Local\Temp\ccCIQ6yw.s:2306   .debug_str:000007fd .LASF100
C:\Users\Andrea\AppData\Local\Temp\ccCIQ6yw.s:2094   .debug_str:00000060 .LASF101
C:\Users\Andrea\AppData\Local\Temp\ccCIQ6yw.s:2298   .debug_str:000007a5 .LASF102
C:\Users\Andrea\AppData\Local\Temp\ccCIQ6yw.s:2232   .debug_str:000005a6 .LASF103
C:\Users\Andrea\AppData\Local\Temp\ccCIQ6yw.s:2188   .debug_str:000003da .LASF104
C:\Users\Andrea\AppData\Local\Temp\ccCIQ6yw.s:2304   .debug_str:000007e6 .LASF105
C:\Users\Andrea\AppData\Local\Temp\ccCIQ6yw.s:2334   .debug_str:000008fb .LASF106
C:\Users\Andrea\AppData\Local\Temp\ccCIQ6yw.s:2090   .debug_str:00000031 .LASF107
C:\Users\Andrea\AppData\Local\Temp\ccCIQ6yw.s:2350   .debug_str:0000098b .LASF108
C:\Users\Andrea\AppData\Local\Temp\ccCIQ6yw.s:2230   .debug_str:00000590 .LASF109
C:\Users\Andrea\AppData\Local\Temp\ccCIQ6yw.s:2276   .debug_str:000006ec .LASF110
C:\Users\Andrea\AppData\Local\Temp\ccCIQ6yw.s:2198   .debug_str:00000445 .LASF111
C:\Users\Andrea\AppData\Local\Temp\ccCIQ6yw.s:2136   .debug_str:000001e9 .LASF112
C:\Users\Andrea\AppData\Local\Temp\ccCIQ6yw.s:2116   .debug_str:0000014a .LASF113
C:\Users\Andrea\AppData\Local\Temp\ccCIQ6yw.s:2134   .debug_str:000001c6 .LASF114
C:\Users\Andrea\AppData\Local\Temp\ccCIQ6yw.s:2286   .debug_str:0000074e .LASF115
C:\Users\Andrea\AppData\Local\Temp\ccCIQ6yw.s:2098   .debug_str:00000088 .LASF116
C:\Users\Andrea\AppData\Local\Temp\ccCIQ6yw.s:2328   .debug_str:000008c6 .LASF117
C:\Users\Andrea\AppData\Local\Temp\ccCIQ6yw.s:2160   .debug_str:000002c7 .LASF118
C:\Users\Andrea\AppData\Local\Temp\ccCIQ6yw.s:2318   .debug_str:00000881 .LASF119
C:\Users\Andrea\AppData\Local\Temp\ccCIQ6yw.s:2170   .debug_str:00000339 .LASF120
C:\Users\Andrea\AppData\Local\Temp\ccCIQ6yw.s:2366   .debug_str:00000a32 .LASF121
C:\Users\Andrea\AppData\Local\Temp\ccCIQ6yw.s:2184   .debug_str:000003ad .LASF122
C:\Users\Andrea\AppData\Local\Temp\ccCIQ6yw.s:2240   .debug_str:000005e0 .LASF123
C:\Users\Andrea\AppData\Local\Temp\ccCIQ6yw.s:2114   .debug_str:00000139 .LASF143
C:\Users\Andrea\AppData\Local\Temp\ccCIQ6yw.s:245    .text.SL_uP_7liter_Exe:000001a7 .LFE0
C:\Users\Andrea\AppData\Local\Temp\ccCIQ6yw.s:1914   .debug_loc:00000000 .LLST0
C:\Users\Andrea\AppData\Local\Temp\ccCIQ6yw.s:2182   .debug_str:0000039f .LASF124
C:\Users\Andrea\AppData\Local\Temp\ccCIQ6yw.s:1927   .debug_loc:00000020 .LLST1
C:\Users\Andrea\AppData\Local\Temp\ccCIQ6yw.s:2314   .debug_str:00000854 .LASF125
C:\Users\Andrea\AppData\Local\Temp\ccCIQ6yw.s:1963   .debug_loc:00000073 .LLST2
C:\Users\Andrea\AppData\Local\Temp\ccCIQ6yw.s:124    .text.SL_uP_7liter_Exe:000000d5 .LBB2
C:\Users\Andrea\AppData\Local\Temp\ccCIQ6yw.s:146    .text.SL_uP_7liter_Exe:000000f5 .LBE2
C:\Users\Andrea\AppData\Local\Temp\ccCIQ6yw.s:2224   .debug_str:00000560 .LASF126
C:\Users\Andrea\AppData\Local\Temp\ccCIQ6yw.s:1999   .debug_loc:000000c6 .LLST3
C:\Users\Andrea\AppData\Local\Temp\ccCIQ6yw.s:136    .text.SL_uP_7liter_Exe:000000ea .LVL14
C:\Users\Andrea\AppData\Local\Temp\ccCIQ6yw.s:140    .text.SL_uP_7liter_Exe:000000f0 .LVL15
C:\Users\Andrea\AppData\Local\Temp\ccCIQ6yw.s:206    .text.SL_uP_7liter_Exe:00000169 .LBB3
C:\Users\Andrea\AppData\Local\Temp\ccCIQ6yw.s:225    .text.SL_uP_7liter_Exe:00000184 .LBE3
C:\Users\Andrea\AppData\Local\Temp\ccCIQ6yw.s:2031   .debug_loc:000000f9 .LLST4
C:\Users\Andrea\AppData\Local\Temp\ccCIQ6yw.s:218    .text.SL_uP_7liter_Exe:0000017e .LVL22
C:\Users\Andrea\AppData\Local\Temp\ccCIQ6yw.s:222    .text.SL_uP_7liter_Exe:00000184 .LVL23
C:\Users\Andrea\AppData\Local\Temp\ccCIQ6yw.s:53     .text.SL_uP_7liter_Exe:00000049 .LVL4
C:\Users\Andrea\AppData\Local\Temp\ccCIQ6yw.s:68     .text.SL_uP_7liter_Exe:00000069 .LVL7
C:\Users\Andrea\AppData\Local\Temp\ccCIQ6yw.s:85     .text.SL_uP_7liter_Exe:00000091 .LVL8
C:\Users\Andrea\AppData\Local\Temp\ccCIQ6yw.s:102    .text.SL_uP_7liter_Exe:000000af .LVL9
C:\Users\Andrea\AppData\Local\Temp\ccCIQ6yw.s:110    .text.SL_uP_7liter_Exe:000000bd .LVL10
C:\Users\Andrea\AppData\Local\Temp\ccCIQ6yw.s:162    .text.SL_uP_7liter_Exe:00000115 .LVL16
C:\Users\Andrea\AppData\Local\Temp\ccCIQ6yw.s:174    .text.SL_uP_7liter_Exe:0000012b .LVL17
C:\Users\Andrea\AppData\Local\Temp\ccCIQ6yw.s:192    .text.SL_uP_7liter_Exe:00000151 .LVL18
C:\Users\Andrea\AppData\Local\Temp\ccCIQ6yw.s:235    .text.SL_uP_7liter_Exe:0000019d .LVL24
C:\Users\Andrea\AppData\Local\Temp\ccCIQ6yw.s:2272   .debug_str:000006d7 .LASF127
C:\Users\Andrea\AppData\Local\Temp\ccCIQ6yw.s:2204   .debug_str:00000489 .LASF128
C:\Users\Andrea\AppData\Local\Temp\ccCIQ6yw.s:2258   .debug_str:0000066c .LASF129
C:\Users\Andrea\AppData\Local\Temp\ccCIQ6yw.s:2112   .debug_str:00000132 .LASF130
C:\Users\Andrea\AppData\Local\Temp\ccCIQ6yw.s:2340   .debug_str:0000093a .LASF131
C:\Users\Andrea\AppData\Local\Temp\ccCIQ6yw.s:2218   .debug_str:000004ef .LASF132
C:\Users\Andrea\AppData\Local\Temp\ccCIQ6yw.s:2158   .debug_str:000002b1 .LASF133
C:\Users\Andrea\AppData\Local\Temp\ccCIQ6yw.s:2302   .debug_str:000007d5 .LASF134
C:\Users\Andrea\AppData\Local\Temp\ccCIQ6yw.s:2152   .debug_str:00000283 .LASF135
C:\Users\Andrea\AppData\Local\Temp\ccCIQ6yw.s:2130   .debug_str:000001a7 .LASF136
C:\Users\Andrea\AppData\Local\Temp\ccCIQ6yw.s:2310   .debug_str:00000834 .LASF137
C:\Users\Andrea\AppData\Local\Temp\ccCIQ6yw.s:2238   .debug_str:000005d7 .LASF138
C:\Users\Andrea\AppData\Local\Temp\ccCIQ6yw.s:2368   .debug_str:00000a48 .LASF139
C:\Users\Andrea\AppData\Local\Temp\ccCIQ6yw.s:2372   .debug_str:00000a70 .LASF144
C:\Users\Andrea\AppData\Local\Temp\ccCIQ6yw.s:2250   .debug_str:0000062c .LASF140
C:\Users\Andrea\AppData\Local\Temp\ccCIQ6yw.s:13     .text.SL_uP_7liter_Exe:00000002 .LCFI0
C:\Users\Andrea\AppData\Local\Temp\ccCIQ6yw.s:11     .text.SL_uP_7liter_Exe:00000000 .LVL0
C:\Users\Andrea\AppData\Local\Temp\ccCIQ6yw.s:19     .text.SL_uP_7liter_Exe:0000000e .LVL1
C:\Users\Andrea\AppData\Local\Temp\ccCIQ6yw.s:25     .text.SL_uP_7liter_Exe:00000013 .LVL2
C:\Users\Andrea\AppData\Local\Temp\ccCIQ6yw.s:51     .text.SL_uP_7liter_Exe:00000045 .LVL3
C:\Users\Andrea\AppData\Local\Temp\ccCIQ6yw.s:55     .text.SL_uP_7liter_Exe:0000004c .LVL5
C:\Users\Andrea\AppData\Local\Temp\ccCIQ6yw.s:65     .text.SL_uP_7liter_Exe:0000005f .LVL6
C:\Users\Andrea\AppData\Local\Temp\ccCIQ6yw.s:127    .text.SL_uP_7liter_Exe:000000db .LVL12
C:\Users\Andrea\AppData\Local\Temp\ccCIQ6yw.s:129    .text.SL_uP_7liter_Exe:000000dd .LVL13
C:\Users\Andrea\AppData\Local\Temp\ccCIQ6yw.s:209    .text.SL_uP_7liter_Exe:0000016f .LVL20
C:\Users\Andrea\AppData\Local\Temp\ccCIQ6yw.s:211    .text.SL_uP_7liter_Exe:00000171 .LVL21
C:\Users\Andrea\AppData\Local\Temp\ccCIQ6yw.s:300    .debug_info:00000000 .Ldebug_info0

UNDEFINED SYMBOLS
_EV_Pos
_Interpreter_Data
_uP_7liter_Data
_CurrentFault
_uPDoorStatus
_SWTC_Stop
_uP7liter_setting_data
_BasicLoader
_Set_MediumCounter
_SWTC_IsExpired
_uP_PumpCtrl_Data
_Tab_SFT_7liter
_SWTC_Run
_LoadsReq_New
