   1                             		.file	"APP_ActivateAlgorithm.c"
   2                             		.section P,"ax"
   3                             	.Ltext0:
   4                             		.section	.text.NullFunc,"ax",@progbits
   5                             		.global	_NullFunc
   7                             	_NullFunc:
   8                             	.LFB3:
   9                             		.file 1 "C:/Workspace/FW_Inertia/branch_indesit/Application_Platform/APP_ActivateAlgorithm.c"
   1:C:/Workspace/FW_Inertia/branch_indesit/Application_Platform\APP_ActivateAlgorithm.c **** /*
   2:C:/Workspace/FW_Inertia/branch_indesit/Application_Platform\APP_ActivateAlgorithm.c **** ** **************************************************************************
   3:C:/Workspace/FW_Inertia/branch_indesit/Application_Platform\APP_ActivateAlgorithm.c **** ** **************************************************************************
   4:C:/Workspace/FW_Inertia/branch_indesit/Application_Platform\APP_ActivateAlgorithm.c **** */ 
   5:C:/Workspace/FW_Inertia/branch_indesit/Application_Platform\APP_ActivateAlgorithm.c **** /** 
   6:C:/Workspace/FW_Inertia/branch_indesit/Application_Platform\APP_ActivateAlgorithm.c **** Gestisce il microprogramma ActivateAlgorithm, che permette di attivare
   7:C:/Workspace/FW_Inertia/branch_indesit/Application_Platform\APP_ActivateAlgorithm.c **** alcune funzionalità della macchina durante l'esecuzione del ciclo.
   8:C:/Workspace/FW_Inertia/branch_indesit/Application_Platform\APP_ActivateAlgorithm.c **** 
   9:C:/Workspace/FW_Inertia/branch_indesit/Application_Platform\APP_ActivateAlgorithm.c **** Source file
  10:C:/Workspace/FW_Inertia/branch_indesit/Application_Platform\APP_ActivateAlgorithm.c ****  
  11:C:/Workspace/FW_Inertia/branch_indesit/Application_Platform\APP_ActivateAlgorithm.c **** \file    ActivateAlgorithm.c
  12:C:/Workspace/FW_Inertia/branch_indesit/Application_Platform\APP_ActivateAlgorithm.c **** \ingroup ActivateAlgorithm
  13:C:/Workspace/FW_Inertia/branch_indesit/Application_Platform\APP_ActivateAlgorithm.c ****  
  14:C:/Workspace/FW_Inertia/branch_indesit/Application_Platform\APP_ActivateAlgorithm.c **** \version 	1.0.0
  15:C:/Workspace/FW_Inertia/branch_indesit/Application_Platform\APP_ActivateAlgorithm.c **** \date    	18/12/2006
  16:C:/Workspace/FW_Inertia/branch_indesit/Application_Platform\APP_ActivateAlgorithm.c **** \author		Simone Costantini
  17:C:/Workspace/FW_Inertia/branch_indesit/Application_Platform\APP_ActivateAlgorithm.c **** 
  18:C:/Workspace/FW_Inertia/branch_indesit/Application_Platform\APP_ActivateAlgorithm.c **** */ 
  19:C:/Workspace/FW_Inertia/branch_indesit/Application_Platform\APP_ActivateAlgorithm.c **** /*
  20:C:/Workspace/FW_Inertia/branch_indesit/Application_Platform\APP_ActivateAlgorithm.c **** ** **************************************************************************
  21:C:/Workspace/FW_Inertia/branch_indesit/Application_Platform\APP_ActivateAlgorithm.c **** ** **************************************************************************
  22:C:/Workspace/FW_Inertia/branch_indesit/Application_Platform\APP_ActivateAlgorithm.c **** */
  23:C:/Workspace/FW_Inertia/branch_indesit/Application_Platform\APP_ActivateAlgorithm.c **** 
  24:C:/Workspace/FW_Inertia/branch_indesit/Application_Platform\APP_ActivateAlgorithm.c **** /*
  25:C:/Workspace/FW_Inertia/branch_indesit/Application_Platform\APP_ActivateAlgorithm.c **** Copyright (c) 2004-2008, Indesit Company, EDT.
  26:C:/Workspace/FW_Inertia/branch_indesit/Application_Platform\APP_ActivateAlgorithm.c **** Tutti i diritti sono riservati. All rights reserved.
  27:C:/Workspace/FW_Inertia/branch_indesit/Application_Platform\APP_ActivateAlgorithm.c **** */
  28:C:/Workspace/FW_Inertia/branch_indesit/Application_Platform\APP_ActivateAlgorithm.c **** 
  29:C:/Workspace/FW_Inertia/branch_indesit/Application_Platform\APP_ActivateAlgorithm.c **** /* Old Versions
  30:C:/Workspace/FW_Inertia/branch_indesit/Application_Platform\APP_ActivateAlgorithm.c **** \version
  31:C:/Workspace/FW_Inertia/branch_indesit/Application_Platform\APP_ActivateAlgorithm.c **** \date
  32:C:/Workspace/FW_Inertia/branch_indesit/Application_Platform\APP_ActivateAlgorithm.c **** \author
  33:C:/Workspace/FW_Inertia/branch_indesit/Application_Platform\APP_ActivateAlgorithm.c **** */
  34:C:/Workspace/FW_Inertia/branch_indesit/Application_Platform\APP_ActivateAlgorithm.c **** 
  35:C:/Workspace/FW_Inertia/branch_indesit/Application_Platform\APP_ActivateAlgorithm.c **** 
  36:C:/Workspace/FW_Inertia/branch_indesit/Application_Platform\APP_ActivateAlgorithm.c **** /* ******** */
  37:C:/Workspace/FW_Inertia/branch_indesit/Application_Platform\APP_ActivateAlgorithm.c **** /* Includes */
  38:C:/Workspace/FW_Inertia/branch_indesit/Application_Platform\APP_ActivateAlgorithm.c **** /* ******** */
  39:C:/Workspace/FW_Inertia/branch_indesit/Application_Platform\APP_ActivateAlgorithm.c **** 
  40:C:/Workspace/FW_Inertia/branch_indesit/Application_Platform\APP_ActivateAlgorithm.c **** #include "CstmHeaders.h"
  41:C:/Workspace/FW_Inertia/branch_indesit/Application_Platform\APP_ActivateAlgorithm.c **** 
  42:C:/Workspace/FW_Inertia/branch_indesit/Application_Platform\APP_ActivateAlgorithm.c **** #if (AAL_ACTIVATEALGORHYTHM_ENABLE == 1)
  43:C:/Workspace/FW_Inertia/branch_indesit/Application_Platform\APP_ActivateAlgorithm.c **** 
  44:C:/Workspace/FW_Inertia/branch_indesit/Application_Platform\APP_ActivateAlgorithm.c **** /* ****************** */
  45:C:/Workspace/FW_Inertia/branch_indesit/Application_Platform\APP_ActivateAlgorithm.c **** /* Defines and Macros */
  46:C:/Workspace/FW_Inertia/branch_indesit/Application_Platform\APP_ActivateAlgorithm.c **** /* ****************** */
  47:C:/Workspace/FW_Inertia/branch_indesit/Application_Platform\APP_ActivateAlgorithm.c **** 
  48:C:/Workspace/FW_Inertia/branch_indesit/Application_Platform\APP_ActivateAlgorithm.c **** #define AAL_GET_ALG_CODE(p)		OFFS_B((p), 0)
  49:C:/Workspace/FW_Inertia/branch_indesit/Application_Platform\APP_ActivateAlgorithm.c **** #define AAL_GET_ALG_DATA(p)		OFFS_B((p), 1)
  50:C:/Workspace/FW_Inertia/branch_indesit/Application_Platform\APP_ActivateAlgorithm.c **** 
  51:C:/Workspace/FW_Inertia/branch_indesit/Application_Platform\APP_ActivateAlgorithm.c **** /* *************************** */
  52:C:/Workspace/FW_Inertia/branch_indesit/Application_Platform\APP_ActivateAlgorithm.c **** /* Typedef, Structs and Unions */
  53:C:/Workspace/FW_Inertia/branch_indesit/Application_Platform\APP_ActivateAlgorithm.c **** /* *************************** */
  54:C:/Workspace/FW_Inertia/branch_indesit/Application_Platform\APP_ActivateAlgorithm.c **** 
  55:C:/Workspace/FW_Inertia/branch_indesit/Application_Platform\APP_ActivateAlgorithm.c **** /* **************************** */
  56:C:/Workspace/FW_Inertia/branch_indesit/Application_Platform\APP_ActivateAlgorithm.c **** /* Prototype of local functions */
  57:C:/Workspace/FW_Inertia/branch_indesit/Application_Platform\APP_ActivateAlgorithm.c **** /* **************************** */
  58:C:/Workspace/FW_Inertia/branch_indesit/Application_Platform\APP_ActivateAlgorithm.c **** 
  59:C:/Workspace/FW_Inertia/branch_indesit/Application_Platform\APP_ActivateAlgorithm.c **** /* Generale */
  60:C:/Workspace/FW_Inertia/branch_indesit/Application_Platform\APP_ActivateAlgorithm.c **** 
  61:C:/Workspace/FW_Inertia/branch_indesit/Application_Platform\APP_ActivateAlgorithm.c **** 
  62:C:/Workspace/FW_Inertia/branch_indesit/Application_Platform\APP_ActivateAlgorithm.c **** /* ****************** */
  63:C:/Workspace/FW_Inertia/branch_indesit/Application_Platform\APP_ActivateAlgorithm.c **** /* Exported variables */
  64:C:/Workspace/FW_Inertia/branch_indesit/Application_Platform\APP_ActivateAlgorithm.c **** /* ****************** */
  65:C:/Workspace/FW_Inertia/branch_indesit/Application_Platform\APP_ActivateAlgorithm.c **** 
  66:C:/Workspace/FW_Inertia/branch_indesit/Application_Platform\APP_ActivateAlgorithm.c **** /* **************** */
  67:C:/Workspace/FW_Inertia/branch_indesit/Application_Platform\APP_ActivateAlgorithm.c **** /* Global variables */
  68:C:/Workspace/FW_Inertia/branch_indesit/Application_Platform\APP_ActivateAlgorithm.c **** /* **************** */
  69:C:/Workspace/FW_Inertia/branch_indesit/Application_Platform\APP_ActivateAlgorithm.c **** 
  70:C:/Workspace/FW_Inertia/branch_indesit/Application_Platform\APP_ActivateAlgorithm.c **** /* Algorithm Tables */
  71:C:/Workspace/FW_Inertia/branch_indesit/Application_Platform\APP_ActivateAlgorithm.c **** extern const ALGORITHM_PTR AAL_algList[N_MAX_ALG];
  72:C:/Workspace/FW_Inertia/branch_indesit/Application_Platform\APP_ActivateAlgorithm.c **** 
  73:C:/Workspace/FW_Inertia/branch_indesit/Application_Platform\APP_ActivateAlgorithm.c **** /**/
  74:C:/Workspace/FW_Inertia/branch_indesit/Application_Platform\APP_ActivateAlgorithm.c **** 
  75:C:/Workspace/FW_Inertia/branch_indesit/Application_Platform\APP_ActivateAlgorithm.c **** /* ***************** */
  76:C:/Workspace/FW_Inertia/branch_indesit/Application_Platform\APP_ActivateAlgorithm.c **** /* Exported function */
  77:C:/Workspace/FW_Inertia/branch_indesit/Application_Platform\APP_ActivateAlgorithm.c **** /* ***************** */
  78:C:/Workspace/FW_Inertia/branch_indesit/Application_Platform\APP_ActivateAlgorithm.c **** 
  79:C:/Workspace/FW_Inertia/branch_indesit/Application_Platform\APP_ActivateAlgorithm.c **** 
  80:C:/Workspace/FW_Inertia/branch_indesit/Application_Platform\APP_ActivateAlgorithm.c **** /**
  81:C:/Workspace/FW_Inertia/branch_indesit/Application_Platform\APP_ActivateAlgorithm.c **** Gestisce l'esecuzione del microprogramma ActivateAlgorithm.
  82:C:/Workspace/FW_Inertia/branch_indesit/Application_Platform\APP_ActivateAlgorithm.c **** 
  83:C:/Workspace/FW_Inertia/branch_indesit/Application_Platform\APP_ActivateAlgorithm.c **** \param [in] highStatement specifica l'high statement (opcode, flag F0, F1, N, T) del microprogramma
  84:C:/Workspace/FW_Inertia/branch_indesit/Application_Platform\APP_ActivateAlgorithm.c **** \param [in] lowStatement specifica il low statement (displacement ai dati) del microprogramma
  85:C:/Workspace/FW_Inertia/branch_indesit/Application_Platform\APP_ActivateAlgorithm.c **** 
  86:C:/Workspace/FW_Inertia/branch_indesit/Application_Platform\APP_ActivateAlgorithm.c **** \return S_OK se la condizione di avanzamento passo per il microprogramma è verificata (istantaneo),
  87:C:/Workspace/FW_Inertia/branch_indesit/Application_Platform\APP_ActivateAlgorithm.c **** \return S_FALSE se non è ancora verificata,
  88:C:/Workspace/FW_Inertia/branch_indesit/Application_Platform\APP_ActivateAlgorithm.c **** \return codice di errore in altri casi
  89:C:/Workspace/FW_Inertia/branch_indesit/Application_Platform\APP_ActivateAlgorithm.c **** 
  90:C:/Workspace/FW_Inertia/branch_indesit/Application_Platform\APP_ActivateAlgorithm.c **** 
  91:C:/Workspace/FW_Inertia/branch_indesit/Application_Platform\APP_ActivateAlgorithm.c **** \version		1.0.0
  92:C:/Workspace/FW_Inertia/branch_indesit/Application_Platform\APP_ActivateAlgorithm.c **** \date 			19/01/2006
  93:C:/Workspace/FW_Inertia/branch_indesit/Application_Platform\APP_ActivateAlgorithm.c **** \author			Simone Costantini
  94:C:/Workspace/FW_Inertia/branch_indesit/Application_Platform\APP_ActivateAlgorithm.c **** */
  95:C:/Workspace/FW_Inertia/branch_indesit/Application_Platform\APP_ActivateAlgorithm.c **** 
  96:C:/Workspace/FW_Inertia/branch_indesit/Application_Platform\APP_ActivateAlgorithm.c **** #if (MULTI_COMPARTMENT_APPL == 1)	
  97:C:/Workspace/FW_Inertia/branch_indesit/Application_Platform\APP_ActivateAlgorithm.c **** uint8_t AAL_Activate_Algorithm_Exe(uint8_t highStatement, uint8_t lowStatement, uint8_t compartment
  98:C:/Workspace/FW_Inertia/branch_indesit/Application_Platform\APP_ActivateAlgorithm.c **** {
  99:C:/Workspace/FW_Inertia/branch_indesit/Application_Platform\APP_ActivateAlgorithm.c **** #else
 100:C:/Workspace/FW_Inertia/branch_indesit/Application_Platform\APP_ActivateAlgorithm.c **** uint8_t AAL_Activate_Algorithm_Exe(uint8_t highStatement, uint8_t lowStatement)
 101:C:/Workspace/FW_Inertia/branch_indesit/Application_Platform\APP_ActivateAlgorithm.c **** {
 102:C:/Workspace/FW_Inertia/branch_indesit/Application_Platform\APP_ActivateAlgorithm.c **** uint8_t compartment=0;
 103:C:/Workspace/FW_Inertia/branch_indesit/Application_Platform\APP_ActivateAlgorithm.c **** #endif /* (MULTI_COMPARTMENT_APPL == 1) */
 104:C:/Workspace/FW_Inertia/branch_indesit/Application_Platform\APP_ActivateAlgorithm.c **** 
 105:C:/Workspace/FW_Inertia/branch_indesit/Application_Platform\APP_ActivateAlgorithm.c **** Loader_Struct uPAAlgSettingData;
 106:C:/Workspace/FW_Inertia/branch_indesit/Application_Platform\APP_ActivateAlgorithm.c **** uint8_t algCode;
 107:C:/Workspace/FW_Inertia/branch_indesit/Application_Platform\APP_ActivateAlgorithm.c **** Interpreter_Struct *pItpData = &Interpreter_Data[compartment];
 108:C:/Workspace/FW_Inertia/branch_indesit/Application_Platform\APP_ActivateAlgorithm.c **** 
 109:C:/Workspace/FW_Inertia/branch_indesit/Application_Platform\APP_ActivateAlgorithm.c **** 	if (MSettingBasicLoader( Interpreter_Data[0].mSetting, APP_PTR_MP_ACTIVATEALGO_DATA, lowStatement,
 110:C:/Workspace/FW_Inertia/branch_indesit/Application_Platform\APP_ActivateAlgorithm.c **** 	{
 111:C:/Workspace/FW_Inertia/branch_indesit/Application_Platform\APP_ActivateAlgorithm.c **** #ifdef _ACTIVATEALGORYTHM_CHECKERRORS_				
 112:C:/Workspace/FW_Inertia/branch_indesit/Application_Platform\APP_ActivateAlgorithm.c **** 		DBG_CheckErr(AAL_ERR_LD_DATA_TAB);
 113:C:/Workspace/FW_Inertia/branch_indesit/Application_Platform\APP_ActivateAlgorithm.c **** #endif
 114:C:/Workspace/FW_Inertia/branch_indesit/Application_Platform\APP_ActivateAlgorithm.c **** 	return S_OK;
 115:C:/Workspace/FW_Inertia/branch_indesit/Application_Platform\APP_ActivateAlgorithm.c **** 	}
 116:C:/Workspace/FW_Inertia/branch_indesit/Application_Platform\APP_ActivateAlgorithm.c **** 	/* Caricati correttamente dati uProg */
 117:C:/Workspace/FW_Inertia/branch_indesit/Application_Platform\APP_ActivateAlgorithm.c **** 	algCode = AAL_GET_ALG_CODE(uPAAlgSettingData.Data);
 118:C:/Workspace/FW_Inertia/branch_indesit/Application_Platform\APP_ActivateAlgorithm.c **** 	if (algCode < N_MAX_ALG)
 119:C:/Workspace/FW_Inertia/branch_indesit/Application_Platform\APP_ActivateAlgorithm.c **** 	{		/* check di sicurezza */
 120:C:/Workspace/FW_Inertia/branch_indesit/Application_Platform\APP_ActivateAlgorithm.c **** 		if ((highStatement & F0) == 0)
 121:C:/Workspace/FW_Inertia/branch_indesit/Application_Platform\APP_ActivateAlgorithm.c **** 		{		/* F0 = 0: Attiva l'algoritmo */
 122:C:/Workspace/FW_Inertia/branch_indesit/Application_Platform\APP_ActivateAlgorithm.c **** 			/*
 123:C:/Workspace/FW_Inertia/branch_indesit/Application_Platform\APP_ActivateAlgorithm.c **** 			Nel caso di tabella di parametri selezionabile da uProg
 124:C:/Workspace/FW_Inertia/branch_indesit/Application_Platform\APP_ActivateAlgorithm.c **** 			viene memorizzato il displacement alla tabella in una
 125:C:/Workspace/FW_Inertia/branch_indesit/Application_Platform\APP_ActivateAlgorithm.c **** 			locazione riservata per lo specifico algoritmo.
 126:C:/Workspace/FW_Inertia/branch_indesit/Application_Platform\APP_ActivateAlgorithm.c **** 			*/
 127:C:/Workspace/FW_Inertia/branch_indesit/Application_Platform\APP_ActivateAlgorithm.c **** 			AADisplParams[algCode][compartment] = AAL_GET_ALG_DATA(uPAAlgSettingData.Data);
 128:C:/Workspace/FW_Inertia/branch_indesit/Application_Platform\APP_ActivateAlgorithm.c **** 			/*lint -save -e912 */
 129:C:/Workspace/FW_Inertia/branch_indesit/Application_Platform\APP_ActivateAlgorithm.c **** 			if ((pItpData->stepInitialized == FALSE) || (pItpData->optionalStepInitialized == FALSE))
 130:C:/Workspace/FW_Inertia/branch_indesit/Application_Platform\APP_ActivateAlgorithm.c **** 			/*lint -restore */
 131:C:/Workspace/FW_Inertia/branch_indesit/Application_Platform\APP_ActivateAlgorithm.c **** 			{
 132:C:/Workspace/FW_Inertia/branch_indesit/Application_Platform\APP_ActivateAlgorithm.c **** 					/*
 133:C:/Workspace/FW_Inertia/branch_indesit/Application_Platform\APP_ActivateAlgorithm.c **** 					Prima iterazione del passo o ripristino da backup:
 134:C:/Workspace/FW_Inertia/branch_indesit/Application_Platform\APP_ActivateAlgorithm.c **** 					viene forzato l'init dell'algoritmo	attivato.
 135:C:/Workspace/FW_Inertia/branch_indesit/Application_Platform\APP_ActivateAlgorithm.c **** 					Poichè le bitmap vengono salvate in backup, se utilizziamo il uProg
 136:C:/Workspace/FW_Inertia/branch_indesit/Application_Platform\APP_ActivateAlgorithm.c **** 					nella modalità one-shot (quindi eseguito solo una volta e in un passo diverso da
 137:C:/Workspace/FW_Inertia/branch_indesit/Application_Platform\APP_ActivateAlgorithm.c **** 					quello in cui si controlla la terminazione dell'algoritmo) al ripristino non 
 138:C:/Workspace/FW_Inertia/branch_indesit/Application_Platform\APP_ActivateAlgorithm.c **** 					verrà mandato il comando di init (cmd = AAL_ALG_INIT) all'algoritmo quindi,
 139:C:/Workspace/FW_Inertia/branch_indesit/Application_Platform\APP_ActivateAlgorithm.c **** 					se anche i dati relativi vengono salvati, l'esecuzione prosegue senza interruzioni.
 140:C:/Workspace/FW_Inertia/branch_indesit/Application_Platform\APP_ActivateAlgorithm.c **** 					Se invece lo utilizziamo nella modalità continua col flag N=1 viene passato
 141:C:/Workspace/FW_Inertia/branch_indesit/Application_Platform\APP_ActivateAlgorithm.c **** 					cmd = AAL_ALG_INIT e quindi viene perso il backup.
 142:C:/Workspace/FW_Inertia/branch_indesit/Application_Platform\APP_ActivateAlgorithm.c **** 					Sfruttando questa caratteristica si può decidere caso per caso, a seconda di come
 143:C:/Workspace/FW_Inertia/branch_indesit/Application_Platform\APP_ActivateAlgorithm.c **** 					si costruisce la macro, il comportamento dell'algoritmo dopo una mancanza rete.
 144:C:/Workspace/FW_Inertia/branch_indesit/Application_Platform\APP_ActivateAlgorithm.c **** 					*/
 145:C:/Workspace/FW_Inertia/branch_indesit/Application_Platform\APP_ActivateAlgorithm.c **** 					CLRBIT(ActiveAlgorithmBmpOld[compartment], algCode);
 146:C:/Workspace/FW_Inertia/branch_indesit/Application_Platform\APP_ActivateAlgorithm.c **** 					SETBIT(ActiveAlgorithmBmp[compartment], algCode);
 147:C:/Workspace/FW_Inertia/branch_indesit/Application_Platform\APP_ActivateAlgorithm.c **** 					CLRBIT(TerminatedAlgorithmBmp[compartment], algCode); /* per attivazioni multiple algoritmo */
 148:C:/Workspace/FW_Inertia/branch_indesit/Application_Platform\APP_ActivateAlgorithm.c **** 			}
 149:C:/Workspace/FW_Inertia/branch_indesit/Application_Platform\APP_ActivateAlgorithm.c **** 			/* La condizione di uscita viene data solo quando l'algoritmo è terminato */
 150:C:/Workspace/FW_Inertia/branch_indesit/Application_Platform\APP_ActivateAlgorithm.c **** 			if (TESTBIT(TerminatedAlgorithmBmp[compartment], algCode) == 0uL)
 151:C:/Workspace/FW_Inertia/branch_indesit/Application_Platform\APP_ActivateAlgorithm.c **** 			{
 152:C:/Workspace/FW_Inertia/branch_indesit/Application_Platform\APP_ActivateAlgorithm.c **** 				return S_FALSE;
 153:C:/Workspace/FW_Inertia/branch_indesit/Application_Platform\APP_ActivateAlgorithm.c **** 			}
 154:C:/Workspace/FW_Inertia/branch_indesit/Application_Platform\APP_ActivateAlgorithm.c **** 		}
 155:C:/Workspace/FW_Inertia/branch_indesit/Application_Platform\APP_ActivateAlgorithm.c **** 		else
 156:C:/Workspace/FW_Inertia/branch_indesit/Application_Platform\APP_ActivateAlgorithm.c **** 		{			    
 157:C:/Workspace/FW_Inertia/branch_indesit/Application_Platform\APP_ActivateAlgorithm.c **** 			/* F0 = 1: Disattiva l'algoritmo */
 158:C:/Workspace/FW_Inertia/branch_indesit/Application_Platform\APP_ActivateAlgorithm.c **** 			CLRBIT(ActiveAlgorithmBmp[compartment], algCode);				
 159:C:/Workspace/FW_Inertia/branch_indesit/Application_Platform\APP_ActivateAlgorithm.c **** 		}		
 160:C:/Workspace/FW_Inertia/branch_indesit/Application_Platform\APP_ActivateAlgorithm.c **** 	}	
 161:C:/Workspace/FW_Inertia/branch_indesit/Application_Platform\APP_ActivateAlgorithm.c **** 	return S_OK;
 162:C:/Workspace/FW_Inertia/branch_indesit/Application_Platform\APP_ActivateAlgorithm.c **** }
 163:C:/Workspace/FW_Inertia/branch_indesit/Application_Platform\APP_ActivateAlgorithm.c **** /**/
 164:C:/Workspace/FW_Inertia/branch_indesit/Application_Platform\APP_ActivateAlgorithm.c **** 
 165:C:/Workspace/FW_Inertia/branch_indesit/Application_Platform\APP_ActivateAlgorithm.c **** 
 166:C:/Workspace/FW_Inertia/branch_indesit/Application_Platform\APP_ActivateAlgorithm.c **** /**
 167:C:/Workspace/FW_Inertia/branch_indesit/Application_Platform\APP_ActivateAlgorithm.c **** Gestisce l'attivazione e la disattivazione degli algoritmi selezionati
 168:C:/Workspace/FW_Inertia/branch_indesit/Application_Platform\APP_ActivateAlgorithm.c **** 
 169:C:/Workspace/FW_Inertia/branch_indesit/Application_Platform\APP_ActivateAlgorithm.c **** \par \b Inizializzazione
 170:C:/Workspace/FW_Inertia/branch_indesit/Application_Platform\APP_ActivateAlgorithm.c **** AAL_ALG_INIT
 171:C:/Workspace/FW_Inertia/branch_indesit/Application_Platform\APP_ActivateAlgorithm.c **** \par \b Esecuzione
 172:C:/Workspace/FW_Inertia/branch_indesit/Application_Platform\APP_ActivateAlgorithm.c **** AAL_ALG_MONITOR
 173:C:/Workspace/FW_Inertia/branch_indesit/Application_Platform\APP_ActivateAlgorithm.c **** \par \b Disattivazione
 174:C:/Workspace/FW_Inertia/branch_indesit/Application_Platform\APP_ActivateAlgorithm.c **** AAL_ALG_DISABLE
 175:C:/Workspace/FW_Inertia/branch_indesit/Application_Platform\APP_ActivateAlgorithm.c **** 
 176:C:/Workspace/FW_Inertia/branch_indesit/Application_Platform\APP_ActivateAlgorithm.c **** \version		1.0.0
 177:C:/Workspace/FW_Inertia/branch_indesit/Application_Platform\APP_ActivateAlgorithm.c **** \date 			19/01/2006
 178:C:/Workspace/FW_Inertia/branch_indesit/Application_Platform\APP_ActivateAlgorithm.c **** \author			Simone Costantini,Roberto Fioravanti
 179:C:/Workspace/FW_Inertia/branch_indesit/Application_Platform\APP_ActivateAlgorithm.c **** */
 180:C:/Workspace/FW_Inertia/branch_indesit/Application_Platform\APP_ActivateAlgorithm.c **** 
 181:C:/Workspace/FW_Inertia/branch_indesit/Application_Platform\APP_ActivateAlgorithm.c **** #if (MULTI_COMPARTMENT_APPL == 1)	
 182:C:/Workspace/FW_Inertia/branch_indesit/Application_Platform\APP_ActivateAlgorithm.c **** void AAL_algorithmManagement(uint8_t compartment)
 183:C:/Workspace/FW_Inertia/branch_indesit/Application_Platform\APP_ActivateAlgorithm.c **** {
 184:C:/Workspace/FW_Inertia/branch_indesit/Application_Platform\APP_ActivateAlgorithm.c **** #else
 185:C:/Workspace/FW_Inertia/branch_indesit/Application_Platform\APP_ActivateAlgorithm.c **** void AAL_algorithmManagement(void)
 186:C:/Workspace/FW_Inertia/branch_indesit/Application_Platform\APP_ActivateAlgorithm.c **** {
 187:C:/Workspace/FW_Inertia/branch_indesit/Application_Platform\APP_ActivateAlgorithm.c **** uint8_t compartment=0;
 188:C:/Workspace/FW_Inertia/branch_indesit/Application_Platform\APP_ActivateAlgorithm.c **** #endif /* (MULTI_COMPARTMENT_APPL == 1) */
 189:C:/Workspace/FW_Inertia/branch_indesit/Application_Platform\APP_ActivateAlgorithm.c **** 
 190:C:/Workspace/FW_Inertia/branch_indesit/Application_Platform\APP_ActivateAlgorithm.c **** uint8_t i;
 191:C:/Workspace/FW_Inertia/branch_indesit/Application_Platform\APP_ActivateAlgorithm.c **** uint8_t cmd;
 192:C:/Workspace/FW_Inertia/branch_indesit/Application_Platform\APP_ActivateAlgorithm.c **** 
 193:C:/Workspace/FW_Inertia/branch_indesit/Application_Platform\APP_ActivateAlgorithm.c **** 	for (i = 0; i < N_MAX_ALG; i++)
 194:C:/Workspace/FW_Inertia/branch_indesit/Application_Platform\APP_ActivateAlgorithm.c **** 	{
 195:C:/Workspace/FW_Inertia/branch_indesit/Application_Platform\APP_ActivateAlgorithm.c **** 		if (TESTBIT(ActiveAlgorithmBmp[compartment], i))
 196:C:/Workspace/FW_Inertia/branch_indesit/Application_Platform\APP_ActivateAlgorithm.c **** 		{
 197:C:/Workspace/FW_Inertia/branch_indesit/Application_Platform\APP_ActivateAlgorithm.c **** 			/* L'algoritmo i-esimo è attivo */
 198:C:/Workspace/FW_Inertia/branch_indesit/Application_Platform\APP_ActivateAlgorithm.c **** 			cmd = (uint8_t)AAL_ALG_MONITOR;
 199:C:/Workspace/FW_Inertia/branch_indesit/Application_Platform\APP_ActivateAlgorithm.c **** 			if (TESTBIT((((ActiveAlgorithmBmpOld[compartment]) ^ (ActiveAlgorithmBmp[compartment])) & (Activ
 200:C:/Workspace/FW_Inertia/branch_indesit/Application_Platform\APP_ActivateAlgorithm.c **** 			{
 201:C:/Workspace/FW_Inertia/branch_indesit/Application_Platform\APP_ActivateAlgorithm.c **** 				/* 
 202:C:/Workspace/FW_Inertia/branch_indesit/Application_Platform\APP_ActivateAlgorithm.c **** 				Lo stato dell'algoritmo è passato da OFF a ON:
 203:C:/Workspace/FW_Inertia/branch_indesit/Application_Platform\APP_ActivateAlgorithm.c **** 				viene passato all'algoritmo il comando di inizializzazione
 204:C:/Workspace/FW_Inertia/branch_indesit/Application_Platform\APP_ActivateAlgorithm.c **** 				*/
 205:C:/Workspace/FW_Inertia/branch_indesit/Application_Platform\APP_ActivateAlgorithm.c **** 				cmd = (uint8_t)AAL_ALG_INIT;
 206:C:/Workspace/FW_Inertia/branch_indesit/Application_Platform\APP_ActivateAlgorithm.c **** 			}
 207:C:/Workspace/FW_Inertia/branch_indesit/Application_Platform\APP_ActivateAlgorithm.c **** 			/* Esecuzione Algoritmo */
 208:C:/Workspace/FW_Inertia/branch_indesit/Application_Platform\APP_ActivateAlgorithm.c **** #if (MULTI_COMPARTMENT_APPL == 1)	
 209:C:/Workspace/FW_Inertia/branch_indesit/Application_Platform\APP_ActivateAlgorithm.c ****  			AAL_algList[i](cmd,compartment);				
 210:C:/Workspace/FW_Inertia/branch_indesit/Application_Platform\APP_ActivateAlgorithm.c **** #else
 211:C:/Workspace/FW_Inertia/branch_indesit/Application_Platform\APP_ActivateAlgorithm.c **** 			AAL_algList[i](cmd);				
 212:C:/Workspace/FW_Inertia/branch_indesit/Application_Platform\APP_ActivateAlgorithm.c **** #endif /* (MULTI_COMPARTMENT_APPL == 1) */			
 213:C:/Workspace/FW_Inertia/branch_indesit/Application_Platform\APP_ActivateAlgorithm.c **** 		}
 214:C:/Workspace/FW_Inertia/branch_indesit/Application_Platform\APP_ActivateAlgorithm.c **** 		else
 215:C:/Workspace/FW_Inertia/branch_indesit/Application_Platform\APP_ActivateAlgorithm.c **** 		{
 216:C:/Workspace/FW_Inertia/branch_indesit/Application_Platform\APP_ActivateAlgorithm.c **** 		    if (TESTBIT((((ActiveAlgorithmBmpOld[compartment]) ^ (ActiveAlgorithmBmp[compartment])) & (Ac
 217:C:/Workspace/FW_Inertia/branch_indesit/Application_Platform\APP_ActivateAlgorithm.c **** 			{
 218:C:/Workspace/FW_Inertia/branch_indesit/Application_Platform\APP_ActivateAlgorithm.c **** 				/* 
 219:C:/Workspace/FW_Inertia/branch_indesit/Application_Platform\APP_ActivateAlgorithm.c **** 				Lo stato dell'algoritmo è passato da ON a OFF:
 220:C:/Workspace/FW_Inertia/branch_indesit/Application_Platform\APP_ActivateAlgorithm.c **** 				viene passato all'algoritmo il comando di disabilitazione
 221:C:/Workspace/FW_Inertia/branch_indesit/Application_Platform\APP_ActivateAlgorithm.c **** 				*/
 222:C:/Workspace/FW_Inertia/branch_indesit/Application_Platform\APP_ActivateAlgorithm.c **** 				cmd = (uint8_t)AAL_ALG_DISABLE;								
 223:C:/Workspace/FW_Inertia/branch_indesit/Application_Platform\APP_ActivateAlgorithm.c **** 			    /* chiama la funzione di disabilitazione */
 224:C:/Workspace/FW_Inertia/branch_indesit/Application_Platform\APP_ActivateAlgorithm.c **** #if (MULTI_COMPARTMENT_APPL == 1)	
 225:C:/Workspace/FW_Inertia/branch_indesit/Application_Platform\APP_ActivateAlgorithm.c ****  				AAL_algList[i](cmd,compartment);				
 226:C:/Workspace/FW_Inertia/branch_indesit/Application_Platform\APP_ActivateAlgorithm.c **** #else
 227:C:/Workspace/FW_Inertia/branch_indesit/Application_Platform\APP_ActivateAlgorithm.c **** 				AAL_algList[i](cmd);				
 228:C:/Workspace/FW_Inertia/branch_indesit/Application_Platform\APP_ActivateAlgorithm.c **** #endif /* (MULTI_COMPARTMENT_APPL == 1) */					
 229:C:/Workspace/FW_Inertia/branch_indesit/Application_Platform\APP_ActivateAlgorithm.c **** 				SETBIT(TerminatedAlgorithmBmp[compartment], i);	            
 230:C:/Workspace/FW_Inertia/branch_indesit/Application_Platform\APP_ActivateAlgorithm.c **** 			}
 231:C:/Workspace/FW_Inertia/branch_indesit/Application_Platform\APP_ActivateAlgorithm.c **** 		}
 232:C:/Workspace/FW_Inertia/branch_indesit/Application_Platform\APP_ActivateAlgorithm.c **** 	}
 233:C:/Workspace/FW_Inertia/branch_indesit/Application_Platform\APP_ActivateAlgorithm.c **** 	ActiveAlgorithmBmpOld[compartment] = ActiveAlgorithmBmp[compartment];
 234:C:/Workspace/FW_Inertia/branch_indesit/Application_Platform\APP_ActivateAlgorithm.c **** }
 235:C:/Workspace/FW_Inertia/branch_indesit/Application_Platform\APP_ActivateAlgorithm.c **** /**/
 236:C:/Workspace/FW_Inertia/branch_indesit/Application_Platform\APP_ActivateAlgorithm.c **** 
 237:C:/Workspace/FW_Inertia/branch_indesit/Application_Platform\APP_ActivateAlgorithm.c **** /**
 238:C:/Workspace/FW_Inertia/branch_indesit/Application_Platform\APP_ActivateAlgorithm.c **** resetta le variabili di controllo di ActivateAlgorithm
 239:C:/Workspace/FW_Inertia/branch_indesit/Application_Platform\APP_ActivateAlgorithm.c **** 
 240:C:/Workspace/FW_Inertia/branch_indesit/Application_Platform\APP_ActivateAlgorithm.c **** \version		1.0.0
 241:C:/Workspace/FW_Inertia/branch_indesit/Application_Platform\APP_ActivateAlgorithm.c **** \date 			27/06/2008
 242:C:/Workspace/FW_Inertia/branch_indesit/Application_Platform\APP_ActivateAlgorithm.c **** \author			Simone Costantini
 243:C:/Workspace/FW_Inertia/branch_indesit/Application_Platform\APP_ActivateAlgorithm.c **** */
 244:C:/Workspace/FW_Inertia/branch_indesit/Application_Platform\APP_ActivateAlgorithm.c **** 
 245:C:/Workspace/FW_Inertia/branch_indesit/Application_Platform\APP_ActivateAlgorithm.c **** #if (MULTI_COMPARTMENT_APPL == 1)	
 246:C:/Workspace/FW_Inertia/branch_indesit/Application_Platform\APP_ActivateAlgorithm.c **** void AAL_resetAlgorithmCtlVars(uint8_t compartment)
 247:C:/Workspace/FW_Inertia/branch_indesit/Application_Platform\APP_ActivateAlgorithm.c **** {
 248:C:/Workspace/FW_Inertia/branch_indesit/Application_Platform\APP_ActivateAlgorithm.c **** #else
 249:C:/Workspace/FW_Inertia/branch_indesit/Application_Platform\APP_ActivateAlgorithm.c **** void AAL_resetAlgorithmCtlVars(void)
 250:C:/Workspace/FW_Inertia/branch_indesit/Application_Platform\APP_ActivateAlgorithm.c **** {
 251:C:/Workspace/FW_Inertia/branch_indesit/Application_Platform\APP_ActivateAlgorithm.c **** uint8_t compartment=0;
 252:C:/Workspace/FW_Inertia/branch_indesit/Application_Platform\APP_ActivateAlgorithm.c **** #endif /* (MULTI_COMPARTMENT_APPL == 1) */
 253:C:/Workspace/FW_Inertia/branch_indesit/Application_Platform\APP_ActivateAlgorithm.c **** 	ActiveAlgorithmBmp[compartment] = 0;
 254:C:/Workspace/FW_Inertia/branch_indesit/Application_Platform\APP_ActivateAlgorithm.c **** 	ActiveAlgorithmBmpOld[compartment] = 0;
 255:C:/Workspace/FW_Inertia/branch_indesit/Application_Platform\APP_ActivateAlgorithm.c **** 	TerminatedAlgorithmBmp[compartment] = 0;
 256:C:/Workspace/FW_Inertia/branch_indesit/Application_Platform\APP_ActivateAlgorithm.c **** }
 257:C:/Workspace/FW_Inertia/branch_indesit/Application_Platform\APP_ActivateAlgorithm.c **** 
 258:C:/Workspace/FW_Inertia/branch_indesit/Application_Platform\APP_ActivateAlgorithm.c **** 
 259:C:/Workspace/FW_Inertia/branch_indesit/Application_Platform\APP_ActivateAlgorithm.c **** /**/
 260:C:/Workspace/FW_Inertia/branch_indesit/Application_Platform\APP_ActivateAlgorithm.c **** 
 261:C:/Workspace/FW_Inertia/branch_indesit/Application_Platform\APP_ActivateAlgorithm.c **** /* ************** */
 262:C:/Workspace/FW_Inertia/branch_indesit/Application_Platform\APP_ActivateAlgorithm.c **** /* Local Function */
 263:C:/Workspace/FW_Inertia/branch_indesit/Application_Platform\APP_ActivateAlgorithm.c **** /* ************** */
 264:C:/Workspace/FW_Inertia/branch_indesit/Application_Platform\APP_ActivateAlgorithm.c **** 
 265:C:/Workspace/FW_Inertia/branch_indesit/Application_Platform\APP_ActivateAlgorithm.c **** /**
 266:C:/Workspace/FW_Inertia/branch_indesit/Application_Platform\APP_ActivateAlgorithm.c **** Funzione segnaposto che occupa la posizione di algoritmi non 
 267:C:/Workspace/FW_Inertia/branch_indesit/Application_Platform\APP_ActivateAlgorithm.c **** ancora implementati.
 268:C:/Workspace/FW_Inertia/branch_indesit/Application_Platform\APP_ActivateAlgorithm.c **** Se viene eseguita significa che si è verificato un errore.
 269:C:/Workspace/FW_Inertia/branch_indesit/Application_Platform\APP_ActivateAlgorithm.c **** 
 270:C:/Workspace/FW_Inertia/branch_indesit/Application_Platform\APP_ActivateAlgorithm.c **** \version		1.0.0
 271:C:/Workspace/FW_Inertia/branch_indesit/Application_Platform\APP_ActivateAlgorithm.c **** \date 			19/01/2006
 272:C:/Workspace/FW_Inertia/branch_indesit/Application_Platform\APP_ActivateAlgorithm.c **** \author			Simone Costantini
 273:C:/Workspace/FW_Inertia/branch_indesit/Application_Platform\APP_ActivateAlgorithm.c **** */
 274:C:/Workspace/FW_Inertia/branch_indesit/Application_Platform\APP_ActivateAlgorithm.c **** /*lint -e715
 275:C:/Workspace/FW_Inertia/branch_indesit/Application_Platform\APP_ActivateAlgorithm.c **** Elimina il warning sul parametro cmd che non viene utilizzato
 276:C:/Workspace/FW_Inertia/branch_indesit/Application_Platform\APP_ActivateAlgorithm.c **** */
 277:C:/Workspace/FW_Inertia/branch_indesit/Application_Platform\APP_ActivateAlgorithm.c **** 
 278:C:/Workspace/FW_Inertia/branch_indesit/Application_Platform\APP_ActivateAlgorithm.c **** #if (MULTI_COMPARTMENT_APPL == 1)	
 279:C:/Workspace/FW_Inertia/branch_indesit/Application_Platform\APP_ActivateAlgorithm.c **** void NullFunc(uint8_t cmd, uint8_t compartment)
 280:C:/Workspace/FW_Inertia/branch_indesit/Application_Platform\APP_ActivateAlgorithm.c **** {
 281:C:/Workspace/FW_Inertia/branch_indesit/Application_Platform\APP_ActivateAlgorithm.c **** #else
 282:C:/Workspace/FW_Inertia/branch_indesit/Application_Platform\APP_ActivateAlgorithm.c **** void NullFunc(uint8_t cmd)
 283:C:/Workspace/FW_Inertia/branch_indesit/Application_Platform\APP_ActivateAlgorithm.c **** {
  10                             		.loc 1 283 0
  11                             	.LVL0:
  12 0000 FB E2 00 00 00 00       		mov.L	#_TerminatedAlgorithmBmp, r14
  13 0006 CC E3                   		mov.B	[r14], r3
  14 0008 FB E2 00 00 00 00       		mov.L	#_ActiveAlgorithmBmp, r14
  15 000e CC E4                   		mov.B	[r14], r4
  16 0010 FB 22 00 00 00 00       		mov.L	#_AAL_algList, r2
  17                             		.loc 1 283 0
  18 0016 66 0E                   		mov.L	#0, r14
 284:C:/Workspace/FW_Inertia/branch_indesit/Application_Platform\APP_ActivateAlgorithm.c **** uint8_t compartment=0;
 285:C:/Workspace/FW_Inertia/branch_indesit/Application_Platform\APP_ActivateAlgorithm.c **** #endif /* (MULTI_COMPARTMENT_APPL == 1) */
 286:C:/Workspace/FW_Inertia/branch_indesit/Application_Platform\APP_ActivateAlgorithm.c **** uint8_t i;
 287:C:/Workspace/FW_Inertia/branch_indesit/Application_Platform\APP_ActivateAlgorithm.c **** 	for (i = 0; i < N_MAX_ALG; i++)
 288:C:/Workspace/FW_Inertia/branch_indesit/Application_Platform\APP_ActivateAlgorithm.c **** 	{
 289:C:/Workspace/FW_Inertia/branch_indesit/Application_Platform\APP_ActivateAlgorithm.c **** 		if (NullFunc == AAL_algList[i])
 290:C:/Workspace/FW_Inertia/branch_indesit/Application_Platform\APP_ActivateAlgorithm.c **** 		{
 291:C:/Workspace/FW_Inertia/branch_indesit/Application_Platform\APP_ActivateAlgorithm.c **** 			SETBIT(TerminatedAlgorithmBmp[compartment], i);
  19                             		.loc 1 291 0
  20 0018 66 15                   		mov.L	#1, r5
  21                             	.LVL1:
  22                             		.balign 2,3,3
  23                             	.L3:
 289:C:/Workspace/FW_Inertia/branch_indesit/Application_Platform\APP_ActivateAlgorithm.c **** 		if (NullFunc == AAL_algList[i])
  24                             		.loc 1 289 0
  25 001a FD 2A 21                		mov.L	[r2+], r1
  26 001d 74 01 00 00 00 00       		cmp	#_NullFunc, r1
  27 0023 21 0D                   		bne	.L2
  28                             		.loc 1 291 0
  29 0025 EF 51                   		mov.L	r5, r1
  30 0027 FD 62 E1                		shll	r14, r1
  31 002a 57 13                   		or	r1, r3
 292:C:/Workspace/FW_Inertia/branch_indesit/Application_Platform\APP_ActivateAlgorithm.c **** 			CLRBIT(ActiveAlgorithmBmp[compartment], i);			
  32                             		.loc 1 292 0
  33 002c 7E 01                   		not	r1
  34 002e 53 14                   		and	r1, r4
  35                             		.balign 2,3,1
  36                             	.L2:
  37 0030 62 1E                   		add	#1, r14
 287:C:/Workspace/FW_Inertia/branch_indesit/Application_Platform\APP_ActivateAlgorithm.c **** 	for (i = 0; i < N_MAX_ALG; i++)
  38                             		.loc 1 287 0
  39 0032 61 8E                   		cmp	#8, r14
  40 0034 21 E6                   		bne	.L3
  41 0036 FB E2 00 00 00 00       		mov.L	#_TerminatedAlgorithmBmp, r14
  42 003c C3 E3                   		mov.B	r3, [r14]
  43 003e FB E2 00 00 00 00       		mov.L	#_ActiveAlgorithmBmp, r14
  44 0044 C3 E4                   		mov.B	r4, [r14]
  45 0046 02                      		rts
  46                             	.LFE3:
  48 0047 03                      		.section	.text.AAL_Activate_Algorithm_Exe,"ax",@progbits
  49                             		.global	_AAL_Activate_Algorithm_Exe
  51                             	_AAL_Activate_Algorithm_Exe:
  52                             	.LFB0:
 101:C:/Workspace/FW_Inertia/branch_indesit/Application_Platform\APP_ActivateAlgorithm.c **** {
  53                             		.loc 1 101 0
  54                             	.LVL2:
  55 0000 6E 7A                   		pushm	r7-r10
  56                             	.LCFI0:
  57 0002 60 80                   		sub	#8, r0
  58                             	.LCFI1:
  59 0004 CF 1A                   		mov.B	r1, r10
  60                             	.LVL3:
 109:C:/Workspace/FW_Inertia/branch_indesit/Application_Platform\APP_ActivateAlgorithm.c **** 	if (MSettingBasicLoader( Interpreter_Data[0].mSetting, APP_PTR_MP_ACTIVATEALGO_DATA, lowStatement,
  61                             		.loc 1 109 0
  62 0006 FB 72 00 00 00 00       		mov.L	#_Interpreter_Data, r7
  63 000c 5B 23                   		movu.B	r2, r3
  64 000e 89 79                   		mov.B	5[r7], r1
  65                             	.LVL4:
  66 0010 75 42 1A                		mov	#26, r2
  67                             	.LVL5:
  68 0013 EF 04                   		mov.L	r0, r4
  69 0015 05 00 00 00             		bsr	_MSettingBasicLoader
  70                             	.LVL6:
  71 0019 5B 11                   		movu.B	r1, r1
  72 001b 61 01                   		cmp	#0, r1
  73 001d 20 0D                   		beq	.L6
 112:C:/Workspace/FW_Inertia/branch_indesit/Application_Platform\APP_ActivateAlgorithm.c **** 		DBG_CheckErr(AAL_ERR_LD_DATA_TAB);
  74                             		.loc 1 112 0
  75 001f FB 16 9A                		mov	#0xffffff9a, r1
  76 0022 05 00 00 00             		bsr	_DBG_CheckErr
  77                             	.LVL7:
 114:C:/Workspace/FW_Inertia/branch_indesit/Application_Platform\APP_ActivateAlgorithm.c **** 	return S_OK;
  78                             		.loc 1 114 0
  79 0026 66 01                   		mov	#0, r1
  80 0028 2E 66                   		bra	.L7
  81                             	.L6:
 117:C:/Workspace/FW_Inertia/branch_indesit/Application_Platform\APP_ActivateAlgorithm.c **** 	algCode = AAL_GET_ALG_CODE(uPAAlgSettingData.Data);
  82                             		.loc 1 117 0
  83 002a EC 04                   		mov.L	[r0], r4
  84                             	.LVL8:
 118:C:/Workspace/FW_Inertia/branch_indesit/Application_Platform\APP_ActivateAlgorithm.c **** 	if (algCode < N_MAX_ALG)
  85                             		.loc 1 118 0
  86 002c 58 4E                   		movu.B	[r4], r14
  87 002e 61 7E                   		cmp	#7, r14
  88 0030 24 5E                   		bgtu	.L7
 120:C:/Workspace/FW_Inertia/branch_indesit/Application_Platform\APP_ActivateAlgorithm.c **** 		if ((highStatement & F0) == 0)
  89                             		.loc 1 120 0
  90 0032 75 2A 10                		and #16, r10
  91                             	.LVL9:
  92 0035 21 50                   		bne	.L8
 127:C:/Workspace/FW_Inertia/branch_indesit/Application_Platform\APP_ActivateAlgorithm.c **** 			AADisplParams[algCode][compartment] = AAL_GET_ALG_DATA(uPAAlgSettingData.Data);
  93                             		.loc 1 127 0
  94 0037 70 EA 00 00 00 00       		add	#_AADisplParams, r14, r10
  95 003d C1 4A 01                		mov.B	1[r4], [r10]
 129:C:/Workspace/FW_Inertia/branch_indesit/Application_Platform\APP_ActivateAlgorithm.c **** 			if ((pItpData->stepInitialized == FALSE) || (pItpData->optionalStepInitialized == FALSE))
  96                             		.loc 1 129 0
  97 0040 89 77                   		mov.B	4[r7], r7
  98 0042 64 67                   		and #6, r7
  99 0044 61 67                   		cmp	#6, r7
 100 0046 20 2C                   		beq	.L9
 145:C:/Workspace/FW_Inertia/branch_indesit/Application_Platform\APP_ActivateAlgorithm.c **** 					CLRBIT(ActiveAlgorithmBmpOld[compartment], algCode);
 101                             		.loc 1 145 0
 102 0048 66 14                   		mov.L	#1, r4
 103                             	.LVL10:
 104 004a FD 62 E4                		shll	r14, r4
 105 004d FC 3B 43                		not	r4, r3
 106 0050 FB 72 00 00 00 00       		mov.L	#_ActiveAlgorithmBmpOld, r7
 107 0056 CC 7A                   		mov.B	[r7], r10
 108 0058 53 3A                   		and	r3, r10
 109 005a C3 7A                   		mov.B	r10, [r7]
 146:C:/Workspace/FW_Inertia/branch_indesit/Application_Platform\APP_ActivateAlgorithm.c **** 					SETBIT(ActiveAlgorithmBmp[compartment], algCode);
 110                             		.loc 1 146 0
 111 005c FB 72 00 00 00 00       		mov.L	#_ActiveAlgorithmBmp, r7
 112 0062 06 14 74                		or	[r7].B, r4
 113 0065 C3 74                   		mov.B	r4, [r7]
 147:C:/Workspace/FW_Inertia/branch_indesit/Application_Platform\APP_ActivateAlgorithm.c **** 					CLRBIT(TerminatedAlgorithmBmp[compartment], algCode); /* per attivazioni multiple algoritmo */
 114                             		.loc 1 147 0
 115 0067 FB 72 00 00 00 00       		mov.L	#_TerminatedAlgorithmBmp, r7
 116 006d 06 10 73                		and	[r7].B, r3
 117 0070 C3 73                   		mov.B	r3, [r7]
 118                             		.balign 2,3,5
 119                             	.L9:
 150:C:/Workspace/FW_Inertia/branch_indesit/Application_Platform\APP_ActivateAlgorithm.c **** 			if (TESTBIT(TerminatedAlgorithmBmp[compartment], algCode) == 0uL)
 120                             		.loc 1 150 0
 121 0072 FB 72 00 00 00 00       		mov.L	#_TerminatedAlgorithmBmp, r7
 122 0078 58 71                   		movu.B	[r7], r1
 123 007a FD 60 E1                		shlr	r14, r1
 124 007d 64 11                   		and #1, r1
 125 007f FD 74 D1 01             		xor	#1, r1
 126 0083 2E 0B                   		bra	.L7
 127                             	.LVL11:
 128                             	.L8:
 158:C:/Workspace/FW_Inertia/branch_indesit/Application_Platform\APP_ActivateAlgorithm.c **** 			CLRBIT(ActiveAlgorithmBmp[compartment], algCode);				
 129                             		.loc 1 158 0
 130 0085 FB 72 00 00 00 00       		mov.L	#_ActiveAlgorithmBmp, r7
 131 008b FC 64 7E                		bclr	r14, [r7].B
 132                             	.LVL12:
 133                             		.balign 2,3,1
 134                             	.L7:
 162:C:/Workspace/FW_Inertia/branch_indesit/Application_Platform\APP_ActivateAlgorithm.c **** }
 135                             		.loc 1 162 0
 136 008e 5B 11                   		movu.B	r1, r1
 137 0090 3F 7A 06                		rtsd	#24, r7-r10
 138                             	.LFE0:
 140 0093 03                      		.section	.text.AAL_algorithmManagement,"ax",@progbits
 141                             		.global	_AAL_algorithmManagement
 143                             	_AAL_algorithmManagement:
 144                             	.LFB1:
 186:C:/Workspace/FW_Inertia/branch_indesit/Application_Platform\APP_ActivateAlgorithm.c **** {
 145                             		.loc 1 186 0
 146 0000 6E 7D                   		pushm	r7-r13
 147                             	.LCFI2:
 148                             	.LVL13:
 149 0002 FB A2 00 00 00 00       		mov.L	#_AAL_algList, r10
 186:C:/Workspace/FW_Inertia/branch_indesit/Application_Platform\APP_ActivateAlgorithm.c **** {
 150                             		.loc 1 186 0
 151 0008 66 07                   		mov.L	#0, r7
 195:C:/Workspace/FW_Inertia/branch_indesit/Application_Platform\APP_ActivateAlgorithm.c **** 		if (TESTBIT(ActiveAlgorithmBmp[compartment], i))
 152                             		.loc 1 195 0
 153 000a FB C2 00 00 00 00       		mov.L	#_ActiveAlgorithmBmp, r12
 154 0010 FB B2 00 00 00 00       		mov.L	#_ActiveAlgorithmBmpOld, r11
 229:C:/Workspace/FW_Inertia/branch_indesit/Application_Platform\APP_ActivateAlgorithm.c **** 				SETBIT(TerminatedAlgorithmBmp[compartment], i);	            
 155                             		.loc 1 229 0
 156 0016 FB D2 00 00 00 00       		mov.L	#_TerminatedAlgorithmBmp, r13
 157                             	.LVL14:
 158                             		.balign 2,3,5
 159                             	.L18:
 195:C:/Workspace/FW_Inertia/branch_indesit/Application_Platform\APP_ActivateAlgorithm.c **** 		if (TESTBIT(ActiveAlgorithmBmp[compartment], i))
 160                             		.loc 1 195 0
 161 001c CC CE                   		mov.B	[r12], r14
 162 001e 5B E4                   		movu.B	r14, r4
 163 0020 FC 6B 47                		btst	r7, r4
 164 0023 20 15                   		beq	.L16
 165                             	.LVL15:
 199:C:/Workspace/FW_Inertia/branch_indesit/Application_Platform\APP_ActivateAlgorithm.c **** 			if (TESTBIT((((ActiveAlgorithmBmpOld[compartment]) ^ (ActiveAlgorithmBmp[compartment])) & (Activ
 166                             		.loc 1 199 0
 167 0025 CC B1                   		mov.B	[r11], r1
 168 0027 7E 01                   		not	r1
 169 0029 53 1E                   		and	r1, r14
 170                             	.LVL16:
 171 002b 5B E1                   		movu.B	r14, r1
 172 002d FD 60 71                		shlr	r7, r1
 211:C:/Workspace/FW_Inertia/branch_indesit/Application_Platform\APP_ActivateAlgorithm.c **** 			AAL_algList[i](cmd);				
 173                             		.loc 1 211 0
 174 0030 EC AE                   		mov.L	[r10], r14
 175 0032 64 11                   		and #1, r1
 176 0034 7F 1E                   		jsr	r14
 177                             	.LVL17:
 178 0036 2E 18                   		bra	.L17
 179                             	.L16:
 216:C:/Workspace/FW_Inertia/branch_indesit/Application_Platform\APP_ActivateAlgorithm.c **** 		    if (TESTBIT((((ActiveAlgorithmBmpOld[compartment]) ^ (ActiveAlgorithmBmp[compartment])) & (Ac
 180                             		.loc 1 216 0
 181 0038 7E 0E                   		not	r14
 182 003a 06 10 BE                		and	[r11].B, r14
 183 003d 5B EE                   		movu.B	r14, r14
 184 003f FC 6B E7                		btst	r7, r14
 185 0042 20 0C                   		beq	.L17
 186                             	.LVL18:
 227:C:/Workspace/FW_Inertia/branch_indesit/Application_Platform\APP_ActivateAlgorithm.c **** 				AAL_algList[i](cmd);				
 187                             		.loc 1 227 0
 188 0044 EC AE                   		mov.L	[r10], r14
 189 0046 66 21                   		mov	#2, r1
 190 0048 7F 1E                   		jsr	r14
 191                             	.LVL19:
 229:C:/Workspace/FW_Inertia/branch_indesit/Application_Platform\APP_ActivateAlgorithm.c **** 				SETBIT(TerminatedAlgorithmBmp[compartment], i);	            
 192                             		.loc 1 229 0
 193 004a FC 60 D7                		bset	r7, [r13].B
 194                             	.LVL20:
 195 004d 03                      		.balign 2,3,1
 196                             	.L17:
 197 004e 62 17                   		add	#1, r7
 198 0050 62 4A                   		add	#4, r10
 193:C:/Workspace/FW_Inertia/branch_indesit/Application_Platform\APP_ActivateAlgorithm.c **** 	for (i = 0; i < N_MAX_ALG; i++)
 199                             		.loc 1 193 0
 200 0052 61 87                   		cmp	#8, r7
 201 0054 21 C8                   		bne	.L18
 233:C:/Workspace/FW_Inertia/branch_indesit/Application_Platform\APP_ActivateAlgorithm.c **** 	ActiveAlgorithmBmpOld[compartment] = ActiveAlgorithmBmp[compartment];
 202                             		.loc 1 233 0
 203 0056 FB A2 00 00 00 00       		mov.L	#_ActiveAlgorithmBmp, r10
 204 005c FB 72 00 00 00 00       		mov.L	#_ActiveAlgorithmBmpOld, r7
 205 0062 C0 A7                   		mov.B	[r10], [r7]
 234:C:/Workspace/FW_Inertia/branch_indesit/Application_Platform\APP_ActivateAlgorithm.c **** }
 206                             		.loc 1 234 0
 207 0064 3F 7D 07                		rtsd	#28, r7-r13
 208                             	.LFE1:
 210 0067 03                      		.section	.text.AAL_resetAlgorithmCtlVars,"ax",@progbits
 211                             		.global	_AAL_resetAlgorithmCtlVars
 213                             	_AAL_resetAlgorithmCtlVars:
 214                             	.LFB2:
 250:C:/Workspace/FW_Inertia/branch_indesit/Application_Platform\APP_ActivateAlgorithm.c **** {
 215                             		.loc 1 250 0
 216                             	.LVL21:
 253:C:/Workspace/FW_Inertia/branch_indesit/Application_Platform\APP_ActivateAlgorithm.c **** 	ActiveAlgorithmBmp[compartment] = 0;
 217                             		.loc 1 253 0
 218 0000 FB E2 00 00 00 00       		mov.L	#_ActiveAlgorithmBmp, r14
 219 0006 F8 E4 00                		mov.B	#0, [r14]
 254:C:/Workspace/FW_Inertia/branch_indesit/Application_Platform\APP_ActivateAlgorithm.c **** 	ActiveAlgorithmBmpOld[compartment] = 0;
 220                             		.loc 1 254 0
 221 0009 FB E2 00 00 00 00       		mov.L	#_ActiveAlgorithmBmpOld, r14
 222 000f F8 E4 00                		mov.B	#0, [r14]
 255:C:/Workspace/FW_Inertia/branch_indesit/Application_Platform\APP_ActivateAlgorithm.c **** 	TerminatedAlgorithmBmp[compartment] = 0;
 223                             		.loc 1 255 0
 224 0012 FB E2 00 00 00 00       		mov.L	#_TerminatedAlgorithmBmp, r14
 225 0018 F8 E4 00                		mov.B	#0, [r14]
 226 001b 02                      		rts
 227                             	.LFE2:
 313                             	.Letext0:
 314                             		.file 2 "C:\\Workspace\\FW_Inertia\\branch_indesit\\HAL\\HAL_General/StandardTypes.h"
 315                             		.file 3 "C:\\Workspace\\FW_Inertia\\branch_indesit\\ProductModules\\PM_Library/LIB_Utilities.h"
 316                             		.file 4 "C:\\Workspace\\FW_Inertia\\branch_indesit\\Application_Platform/APP_Types.h"
 317                             		.file 5 "C:\\Workspace\\FW_Inertia\\branch_indesit\\ProductModules\\PM_BusCOMM/BCP_General.h"
 318                             		.file 6 "C:\\Workspace\\FW_Inertia\\branch_indesit\\ProductModules\\PM_BusCOMM/BCP_BusCommMng.h"
 319                             		.file 7 "C:\\Workspace\\FW_Inertia\\branch_indesit\\Application_Platform/APP_Global.h"
 320                             		.file 8 "C:\\Workspace\\FW_Inertia\\branch_indesit\\Application_Platform/APP_ActivateAlgorithm.h"
 321                             		.file 9 "C:\\Workspace\\FW_Inertia\\branch_indesit\\Application_Platform/APP_FuncLib.h"
DEFINED SYMBOLS
                            *ABS*:00000000 APP_ActivateAlgorithm.c
C:\Users\Andrea\AppData\Local\Temp\cctfQ74P.s:7      .text.NullFunc:00000000 _NullFunc
C:\Users\Andrea\AppData\Local\Temp\cctfQ74P.s:12     .text.NullFunc:00000000 L0
C:\Users\Andrea\AppData\Local\Temp\cctfQ74P.s:51     .text.AAL_Activate_Algorithm_Exe:00000000 _AAL_Activate_Algorithm_Exe
C:\Users\Andrea\AppData\Local\Temp\cctfQ74P.s:55     .text.AAL_Activate_Algorithm_Exe:00000000 L0
C:\Users\Andrea\AppData\Local\Temp\cctfQ74P.s:143    .text.AAL_algorithmManagement:00000000 _AAL_algorithmManagement
C:\Users\Andrea\AppData\Local\Temp\cctfQ74P.s:146    .text.AAL_algorithmManagement:00000000 L0
C:\Users\Andrea\AppData\Local\Temp\cctfQ74P.s:213    .text.AAL_resetAlgorithmCtlVars:00000000 _AAL_resetAlgorithmCtlVars
C:\Users\Andrea\AppData\Local\Temp\cctfQ74P.s:218    .text.AAL_resetAlgorithmCtlVars:00000000 L0
C:\Users\Andrea\AppData\Local\Temp\cctfQ74P.s:230    .debug_frame:00000000 .Lframe0
C:\Users\Andrea\AppData\Local\Temp\cctfQ74P.s:8      .text.NullFunc:00000000 .LFB3
C:\Users\Andrea\AppData\Local\Temp\cctfQ74P.s:52     .text.AAL_Activate_Algorithm_Exe:00000000 .LFB0
C:\Users\Andrea\AppData\Local\Temp\cctfQ74P.s:144    .text.AAL_algorithmManagement:00000000 .LFB1
C:\Users\Andrea\AppData\Local\Temp\cctfQ74P.s:214    .text.AAL_resetAlgorithmCtlVars:00000000 .LFB2
C:\Users\Andrea\AppData\Local\Temp\cctfQ74P.s:947    .debug_abbrev:00000000 .Ldebug_abbrev0
C:\Users\Andrea\AppData\Local\Temp\cctfQ74P.s:1722   .debug_str:00000009 .LASF55
C:\Users\Andrea\AppData\Local\Temp\cctfQ74P.s:1762   .debug_str:0000013e .LASF56
C:\Users\Andrea\AppData\Local\Temp\cctfQ74P.s:1706   .debug_ranges:00000000 .Ldebug_ranges0
C:\Users\Andrea\AppData\Local\Temp\cctfQ74P.s:1718   .debug_line:00000000 .Ldebug_line0
C:\Users\Andrea\AppData\Local\Temp\cctfQ74P.s:1788   .debug_str:00000230 .LASF0
C:\Users\Andrea\AppData\Local\Temp\cctfQ74P.s:1736   .debug_str:0000009e .LASF1
C:\Users\Andrea\AppData\Local\Temp\cctfQ74P.s:1790   .debug_str:0000023d .LASF3
C:\Users\Andrea\AppData\Local\Temp\cctfQ74P.s:1796   .debug_str:00000272 .LASF2
C:\Users\Andrea\AppData\Local\Temp\cctfQ74P.s:1784   .debug_str:0000021a .LASF4
C:\Users\Andrea\AppData\Local\Temp\cctfQ74P.s:1818   .debug_str:00000312 .LASF5
C:\Users\Andrea\AppData\Local\Temp\cctfQ74P.s:1770   .debug_str:000001bf .LASF6
C:\Users\Andrea\AppData\Local\Temp\cctfQ74P.s:1782   .debug_str:00000203 .LASF7
C:\Users\Andrea\AppData\Local\Temp\cctfQ74P.s:1764   .debug_str:00000192 .LASF8
C:\Users\Andrea\AppData\Local\Temp\cctfQ74P.s:1756   .debug_str:00000124 .LASF9
C:\Users\Andrea\AppData\Local\Temp\cctfQ74P.s:1778   .debug_str:000001e9 .LASF10
C:\Users\Andrea\AppData\Local\Temp\cctfQ74P.s:1780   .debug_str:000001f7 .LASF11
C:\Users\Andrea\AppData\Local\Temp\cctfQ74P.s:1750   .debug_str:000000f3 .LASF21
C:\Users\Andrea\AppData\Local\Temp\cctfQ74P.s:1774   .debug_str:000001d6 .LASF12
C:\Users\Andrea\AppData\Local\Temp\cctfQ74P.s:1816   .debug_str:00000307 .LASF13
C:\Users\Andrea\AppData\Local\Temp\cctfQ74P.s:1772   .debug_str:000001c8 .LASF14
C:\Users\Andrea\AppData\Local\Temp\cctfQ74P.s:1740   .debug_str:000000ae .LASF15
C:\Users\Andrea\AppData\Local\Temp\cctfQ74P.s:1800   .debug_str:000002a0 .LASF16
C:\Users\Andrea\AppData\Local\Temp\cctfQ74P.s:1828   .debug_str:00000360 .LASF17
C:\Users\Andrea\AppData\Local\Temp\cctfQ74P.s:1748   .debug_str:000000e5 .LASF18
C:\Users\Andrea\AppData\Local\Temp\cctfQ74P.s:1768   .debug_str:000001b6 .LASF19
C:\Users\Andrea\AppData\Local\Temp\cctfQ74P.s:1738   .debug_str:000000a8 .LASF20
C:\Users\Andrea\AppData\Local\Temp\cctfQ74P.s:1730   .debug_str:0000006e .LASF22
C:\Users\Andrea\AppData\Local\Temp\cctfQ74P.s:1776   .debug_str:000001db .LASF23
C:\Users\Andrea\AppData\Local\Temp\cctfQ74P.s:1834   .debug_str:0000038a .LASF24
C:\Users\Andrea\AppData\Local\Temp\cctfQ74P.s:1744   .debug_str:000000c7 .LASF25
C:\Users\Andrea\AppData\Local\Temp\cctfQ74P.s:1836   .debug_str:00000390 .LASF26
C:\Users\Andrea\AppData\Local\Temp\cctfQ74P.s:1822   .debug_str:00000331 .LASF27
C:\Users\Andrea\AppData\Local\Temp\cctfQ74P.s:1826   .debug_str:0000034a .LASF28
C:\Users\Andrea\AppData\Local\Temp\cctfQ74P.s:1812   .debug_str:000002ea .LASF29
C:\Users\Andrea\AppData\Local\Temp\cctfQ74P.s:1810   .debug_str:000002d8 .LASF30
C:\Users\Andrea\AppData\Local\Temp\cctfQ74P.s:1746   .debug_str:000000cd .LASF31
C:\Users\Andrea\AppData\Local\Temp\cctfQ74P.s:1832   .debug_str:0000037a .LASF32
C:\Users\Andrea\AppData\Local\Temp\cctfQ74P.s:1838   .debug_str:000003a0 .LASF33
C:\Users\Andrea\AppData\Local\Temp\cctfQ74P.s:1760   .debug_str:00000135 .LASF34
C:\Users\Andrea\AppData\Local\Temp\cctfQ74P.s:1754   .debug_str:00000111 .LASF35
C:\Users\Andrea\AppData\Local\Temp\cctfQ74P.s:1804   .debug_str:000002ad .LASF36
C:\Users\Andrea\AppData\Local\Temp\cctfQ74P.s:1806   .debug_str:000002be .LASF57
C:\Users\Andrea\AppData\Local\Temp\cctfQ74P.s:1732   .debug_str:00000082 .LASF37
C:\Users\Andrea\AppData\Local\Temp\cctfQ74P.s:1824   .debug_str:0000033d .LASF38
C:\Users\Andrea\AppData\Local\Temp\cctfQ74P.s:1742   .debug_str:000000b7 .LASF39
C:\Users\Andrea\AppData\Local\Temp\cctfQ74P.s:1758   .debug_str:0000012c .LASF45
C:\Users\Andrea\AppData\Local\Temp\cctfQ74P.s:46     .text.NullFunc:00000047 .LFE3
C:\Users\Andrea\AppData\Local\Temp\cctfQ74P.s:1523   .debug_loc:00000000 .LLST0
C:\Users\Andrea\AppData\Local\Temp\cctfQ74P.s:1830   .debug_str:0000036e .LASF40
C:\Users\Andrea\AppData\Local\Temp\cctfQ74P.s:1537   .debug_loc:00000021 .LLST1
C:\Users\Andrea\AppData\Local\Temp\cctfQ74P.s:1798   .debug_str:00000285 .LASF58
C:\Users\Andrea\AppData\Local\Temp\cctfQ74P.s:138    .text.AAL_Activate_Algorithm_Exe:00000093 .LFE0
C:\Users\Andrea\AppData\Local\Temp\cctfQ74P.s:1545   .debug_loc:00000035 .LLST2
C:\Users\Andrea\AppData\Local\Temp\cctfQ74P.s:1808   .debug_str:000002ca .LASF41
C:\Users\Andrea\AppData\Local\Temp\cctfQ74P.s:1563   .debug_loc:00000061 .LLST3
C:\Users\Andrea\AppData\Local\Temp\cctfQ74P.s:1786   .debug_str:00000223 .LASF42
C:\Users\Andrea\AppData\Local\Temp\cctfQ74P.s:1581   .debug_loc:0000008d .LLST4
C:\Users\Andrea\AppData\Local\Temp\cctfQ74P.s:1794   .debug_str:00000260 .LASF43
C:\Users\Andrea\AppData\Local\Temp\cctfQ74P.s:1802   .debug_str:000002a5 .LASF44
C:\Users\Andrea\AppData\Local\Temp\cctfQ74P.s:1599   .debug_loc:000000b9 .LLST5
C:\Users\Andrea\AppData\Local\Temp\cctfQ74P.s:1720   .debug_str:00000000 .LASF59
C:\Users\Andrea\AppData\Local\Temp\cctfQ74P.s:70     .text.AAL_Activate_Algorithm_Exe:00000019 .LVL6
C:\Users\Andrea\AppData\Local\Temp\cctfQ74P.s:77     .text.AAL_Activate_Algorithm_Exe:00000026 .LVL7
C:\Users\Andrea\AppData\Local\Temp\cctfQ74P.s:1728   .debug_str:00000056 .LASF46
C:\Users\Andrea\AppData\Local\Temp\cctfQ74P.s:208    .text.AAL_algorithmManagement:00000067 .LFE1
C:\Users\Andrea\AppData\Local\Temp\cctfQ74P.s:1618   .debug_loc:000000e6 .LLST6
C:\Users\Andrea\AppData\Local\Temp\cctfQ74P.s:1631   .debug_loc:00000106 .LLST7
C:\Users\Andrea\AppData\Local\Temp\cctfQ74P.s:1639   .debug_loc:0000011a .LLST8
C:\Users\Andrea\AppData\Local\Temp\cctfQ74P.s:191    .text.AAL_algorithmManagement:0000004a .LVL19
C:\Users\Andrea\AppData\Local\Temp\cctfQ74P.s:1792   .debug_str:00000246 .LASF47
C:\Users\Andrea\AppData\Local\Temp\cctfQ74P.s:227    .text.AAL_resetAlgorithmCtlVars:0000001c .LFE2
C:\Users\Andrea\AppData\Local\Temp\cctfQ74P.s:1840   .debug_str:000003b5 .LASF48
C:\Users\Andrea\AppData\Local\Temp\cctfQ74P.s:1814   .debug_str:000002f6 .LASF49
C:\Users\Andrea\AppData\Local\Temp\cctfQ74P.s:1726   .debug_str:00000043 .LASF50
C:\Users\Andrea\AppData\Local\Temp\cctfQ74P.s:1752   .debug_str:000000fa .LASF51
C:\Users\Andrea\AppData\Local\Temp\cctfQ74P.s:1766   .debug_str:000001a0 .LASF52
C:\Users\Andrea\AppData\Local\Temp\cctfQ74P.s:1842   .debug_str:000003bd .LASF53
C:\Users\Andrea\AppData\Local\Temp\cctfQ74P.s:1734   .debug_str:00000092 .LASF54
C:\Users\Andrea\AppData\Local\Temp\cctfQ74P.s:1724   .debug_str:0000002f .LASF60
C:\Users\Andrea\AppData\Local\Temp\cctfQ74P.s:1820   .debug_str:00000324 .LASF61
C:\Users\Andrea\AppData\Local\Temp\cctfQ74P.s:11     .text.NullFunc:00000000 .LVL0
C:\Users\Andrea\AppData\Local\Temp\cctfQ74P.s:21     .text.NullFunc:0000001a .LVL1
C:\Users\Andrea\AppData\Local\Temp\cctfQ74P.s:56     .text.AAL_Activate_Algorithm_Exe:00000002 .LCFI0
C:\Users\Andrea\AppData\Local\Temp\cctfQ74P.s:58     .text.AAL_Activate_Algorithm_Exe:00000004 .LCFI1
C:\Users\Andrea\AppData\Local\Temp\cctfQ74P.s:54     .text.AAL_Activate_Algorithm_Exe:00000000 .LVL2
C:\Users\Andrea\AppData\Local\Temp\cctfQ74P.s:65     .text.AAL_Activate_Algorithm_Exe:00000010 .LVL4
C:\Users\Andrea\AppData\Local\Temp\cctfQ74P.s:91     .text.AAL_Activate_Algorithm_Exe:00000035 .LVL9
C:\Users\Andrea\AppData\Local\Temp\cctfQ74P.s:67     .text.AAL_Activate_Algorithm_Exe:00000013 .LVL5
C:\Users\Andrea\AppData\Local\Temp\cctfQ74P.s:84     .text.AAL_Activate_Algorithm_Exe:0000002c .LVL8
C:\Users\Andrea\AppData\Local\Temp\cctfQ74P.s:103    .text.AAL_Activate_Algorithm_Exe:0000004a .LVL10
C:\Users\Andrea\AppData\Local\Temp\cctfQ74P.s:127    .text.AAL_Activate_Algorithm_Exe:00000085 .LVL11
C:\Users\Andrea\AppData\Local\Temp\cctfQ74P.s:132    .text.AAL_Activate_Algorithm_Exe:0000008e .LVL12
C:\Users\Andrea\AppData\Local\Temp\cctfQ74P.s:147    .text.AAL_algorithmManagement:00000002 .LCFI2
C:\Users\Andrea\AppData\Local\Temp\cctfQ74P.s:148    .text.AAL_algorithmManagement:00000002 .LVL13
C:\Users\Andrea\AppData\Local\Temp\cctfQ74P.s:157    .text.AAL_algorithmManagement:0000001c .LVL14
C:\Users\Andrea\AppData\Local\Temp\cctfQ74P.s:165    .text.AAL_algorithmManagement:00000025 .LVL15
C:\Users\Andrea\AppData\Local\Temp\cctfQ74P.s:170    .text.AAL_algorithmManagement:0000002b .LVL16
C:\Users\Andrea\AppData\Local\Temp\cctfQ74P.s:177    .text.AAL_algorithmManagement:00000036 .LVL17
C:\Users\Andrea\AppData\Local\Temp\cctfQ74P.s:186    .text.AAL_algorithmManagement:00000044 .LVL18
C:\Users\Andrea\AppData\Local\Temp\cctfQ74P.s:194    .text.AAL_algorithmManagement:0000004d .LVL20
C:\Users\Andrea\AppData\Local\Temp\cctfQ74P.s:323    .debug_info:00000000 .Ldebug_info0

UNDEFINED SYMBOLS
_TerminatedAlgorithmBmp
_ActiveAlgorithmBmp
_AAL_algList
_Interpreter_Data
_MSettingBasicLoader
_DBG_CheckErr
_AADisplParams
_ActiveAlgorithmBmpOld
