   1                             		.file	"APP_Global.c"
   2                             		.section P,"ax"
   3                             	.Ltext0:
   4                             		.comm	_MachineStatistics,582,1
   5                             		.comm	_Debug_Error,20,1
   6                             		.global	_No_Fault
   7                             		.section	.rodata.No_Fault,"a",@progbits
  10                             	_No_Fault:
  11 0000 00 00                   		.zero	2
  12                             		.global	_FaultMgmt_Data
  13                             		.section	.data.FaultMgmt_Data,"aw",@progbits
  16                             	_FaultMgmt_Data:
  17 0000 00                      		.byte	0
  18 0001 00                      		.byte	0
  19 0002 00                      		.byte	0
  20 0003 00 00                   		.2byte	0
  21 0005 FF FF                   		.2byte	-1
  22 0007 0E                      		.byte	14
  23                             		.global	_CurrentFault
  24                             		.section	.bss.CurrentFault,"aw",@nobits
  27                             	_CurrentFault:
  28 0000 00 00                   		.zero	2
  29                             		.global	_PltFaultCodes
  30                             		.section	.bss.PltFaultCodes,"aw",@nobits
  33                             	_PltFaultCodes:
  34 0000 00 00                   		.zero	2
  35                             		.global	_ApplCurrentFault
  36                             		.section	.bss.ApplCurrentFault,"aw",@nobits
  39                             	_ApplCurrentFault:
  40 0000 00 00 00 00             		.zero	4
  41                             		.comm	_HarakiriLowPower,1,1
  42                             		.comm	_Tab_SFTStandByData,8,4
  43                             		.comm	_HarakiriRequired,1,1
  44                             		.global	_StbHarakiri_ConfigCounter
  45                             		.section	.data.StbHarakiri_ConfigCounter,"aw",@progbits
  48                             	_StbHarakiri_ConfigCounter:
  49 0000 06                      		.byte	6
  50                             		.global	_StbHarakiri_MCounter
  51                             		.section	.data.StbHarakiri_MCounter,"aw",@progbits
  52                             		.balign 2
  55                             	_StbHarakiri_MCounter:
  56 0000 FF FF                   		.short	-1
  57                             		.comm	_AADisplParams,8,1
  58                             		.comm	_ActiveAlgorithmBmpOld,1,1
  59                             		.comm	_TerminatedAlgorithmBmp,1,1
  60                             		.comm	_ActiveAlgorithmBmp,1,1
  61                             		.comm	_UIPhase,1,1
  62                             		.comm	_UICycle,1,1
  63                             		.comm	_Jsr,7,1
  64                             		.comm	_ReturnPoint,3,1
  65                             		.comm	_JmpPhase_Return,5,1
  66                             		.comm	_Paused_JmpPhase,5,1
  67                             		.comm	_JmpPhase,5,1
  68                             		.comm	_Table_JumpIf,4,1
  69                             		.comm	_Interpreter_Data,6,1
  70                             		.global	_cfgtte_enphnospecialselapsedtime_Counter
  71                             		.section	.data.cfgtte_enphnospecialselapsedtime_Counter,"aw",@progbits
  74                             	_cfgtte_enphnospecialselapsedtime_Counter:
  75 0000 59                      		.byte	0x59
  76                             		.global	_tte_enphnospecialselapsedtime_Counter
  77                             		.section	.data.tte_enphnospecialselapsedtime_Counter,"aw",@progbits
  80                             	_tte_enphnospecialselapsedtime_Counter:
  81 0000 FF                      		.byte	-1
  82                             		.global	_cfgTimeBtwPhases_Counter
  83                             		.section	.data.cfgTimeBtwPhases_Counter,"aw",@progbits
  86                             	_cfgTimeBtwPhases_Counter:
  87 0000 0D                      		.byte	13
  88                             		.global	_TimeBtwPhases_Counter
  89                             		.section	.data.TimeBtwPhases_Counter,"aw",@progbits
  92                             	_TimeBtwPhases_Counter:
  93 0000 FF                      		.byte	-1
  94                             		.global	_cfgEnPhElapsedTime_Counter
  95                             		.section	.data.cfgEnPhElapsedTime_Counter,"aw",@progbits
  98                             	_cfgEnPhElapsedTime_Counter:
  99 0000 59                      		.byte	0x59
 100                             		.global	_EnPhElapsedTime_Counter
 101                             		.section	.data.EnPhElapsedTime_Counter,"aw",@progbits
 104                             	_EnPhElapsedTime_Counter:
 105 0000 FF                      		.byte	-1
 106                             		.comm	_EnergyPause_Status,1,1
 107                             		.comm	_bkp_CompItpDataFirstStatement,1,1
 108                             		.comm	_bkp_CompItpDatamSetting,1,1
 109                             		.comm	_bkp_CompItpDataPhase,1,1
 110                             		.comm	_bkp_CompItpDataCycle,1,1
 111                             		.comm	_uiSavedEnPhElapsedTime_Counter,1,1
 112                             		.comm	_TTEEstimation,2,2
 113                             		.comm	_totalEnergyEst,1,1
 114                             		.comm	_ApplPowerProfileStatus,1,1
 115                             		.comm	_APP_PowerUp_flg,4,4
 116                             		.section P,"ax"
 117                             	.Letext0:
 118                             		.file 1 "C:\\Workspace\\FW_Inertia\\branch_indesit\\HAL\\HAL_General/StandardTypes.h"
 119                             		.file 2 "C:\\Workspace\\FW_Inertia\\branch_indesit\\ProductModules\\PM_SwTimersCounters/SwTimersCo
 120                             		.file 3 "C:\\Workspace\\FW_Inertia\\branch_indesit\\CFG_DishWasher\\CFG_Inertia/ProductSafety_cfg.
 121                             		.file 4 "C:\\Workspace\\FW_Inertia\\branch_indesit\\Inertia\\General/CstmDefines.h"
 122                             		.file 5 "C:\\Workspace\\FW_Inertia\\branch_indesit\\Application_Platform/APP_Types.h"
 123                             		.file 6 "C:\\Workspace\\FW_Inertia\\branch_indesit\\ProductModules\\PM_BusCOMM/BCP_General.h"
 124                             		.file 7 "C:\\Workspace\\FW_Inertia\\branch_indesit\\CFG_DishWasher\\CFG_Inertia/BusCommPltf_cfg.h"
 125                             		.file 8 "C:\\Workspace\\FW_Inertia\\branch_indesit\\Inertia\\General/CstmTypes.h"
 126                             		.file 9 "C:\\Workspace\\FW_Inertia\\branch_indesit\\ProductModules\\PM_BusCOMM/BCP_BusCommMng.h"
 127                             		.file 10 "C:\\Workspace\\FW_Inertia\\branch_indesit\\Application_Platform/APP_Global.h"
 128                             		.file 11 "C:/Workspace/FW_Inertia/branch_indesit/Application_Platform/APP_Global.c"
DEFINED SYMBOLS
                            *ABS*:00000000 APP_Global.c
                            *COM*:00000246 _MachineStatistics
                            *COM*:00000014 _Debug_Error
C:\Users\Andrea\AppData\Local\Temp\ccUl2Qtv.s:10     .rodata.No_Fault:00000000 _No_Fault
C:\Users\Andrea\AppData\Local\Temp\ccUl2Qtv.s:16     .data.FaultMgmt_Data:00000000 _FaultMgmt_Data
C:\Users\Andrea\AppData\Local\Temp\ccUl2Qtv.s:27     .bss.CurrentFault:00000000 _CurrentFault
C:\Users\Andrea\AppData\Local\Temp\ccUl2Qtv.s:33     .bss.PltFaultCodes:00000000 _PltFaultCodes
C:\Users\Andrea\AppData\Local\Temp\ccUl2Qtv.s:39     .bss.ApplCurrentFault:00000000 _ApplCurrentFault
                            *COM*:00000001 _HarakiriLowPower
                            *COM*:00000008 _Tab_SFTStandByData
                            *COM*:00000001 _HarakiriRequired
C:\Users\Andrea\AppData\Local\Temp\ccUl2Qtv.s:48     .data.StbHarakiri_ConfigCounter:00000000 _StbHarakiri_ConfigCounter
C:\Users\Andrea\AppData\Local\Temp\ccUl2Qtv.s:55     .data.StbHarakiri_MCounter:00000000 _StbHarakiri_MCounter
                            *COM*:00000008 _AADisplParams
                            *COM*:00000001 _ActiveAlgorithmBmpOld
                            *COM*:00000001 _TerminatedAlgorithmBmp
                            *COM*:00000001 _ActiveAlgorithmBmp
                            *COM*:00000001 _UIPhase
                            *COM*:00000001 _UICycle
                            *COM*:00000007 _Jsr
                            *COM*:00000003 _ReturnPoint
                            *COM*:00000005 _JmpPhase_Return
                            *COM*:00000005 _Paused_JmpPhase
                            *COM*:00000005 _JmpPhase
                            *COM*:00000004 _Table_JumpIf
                            *COM*:00000006 _Interpreter_Data
C:\Users\Andrea\AppData\Local\Temp\ccUl2Qtv.s:74     .data.cfgtte_enphnospecialselapsedtime_Counter:00000000 _cfgtte_enphnospecialselapsedtime_Counter
C:\Users\Andrea\AppData\Local\Temp\ccUl2Qtv.s:80     .data.tte_enphnospecialselapsedtime_Counter:00000000 _tte_enphnospecialselapsedtime_Counter
C:\Users\Andrea\AppData\Local\Temp\ccUl2Qtv.s:86     .data.cfgTimeBtwPhases_Counter:00000000 _cfgTimeBtwPhases_Counter
C:\Users\Andrea\AppData\Local\Temp\ccUl2Qtv.s:92     .data.TimeBtwPhases_Counter:00000000 _TimeBtwPhases_Counter
C:\Users\Andrea\AppData\Local\Temp\ccUl2Qtv.s:98     .data.cfgEnPhElapsedTime_Counter:00000000 _cfgEnPhElapsedTime_Counter
C:\Users\Andrea\AppData\Local\Temp\ccUl2Qtv.s:104    .data.EnPhElapsedTime_Counter:00000000 _EnPhElapsedTime_Counter
                            *COM*:00000001 _EnergyPause_Status
                            *COM*:00000001 _bkp_CompItpDataFirstStatement
                            *COM*:00000001 _bkp_CompItpDatamSetting
                            *COM*:00000001 _bkp_CompItpDataPhase
                            *COM*:00000001 _bkp_CompItpDataCycle
                            *COM*:00000001 _uiSavedEnPhElapsedTime_Counter
                            *COM*:00000002 _TTEEstimation
                            *COM*:00000001 _totalEnergyEst
                            *COM*:00000001 _ApplPowerProfileStatus
                            *COM*:00000004 _APP_PowerUp_flg
C:\Users\Andrea\AppData\Local\Temp\ccUl2Qtv.s:2495   .debug_abbrev:00000000 .Ldebug_abbrev0
C:\Users\Andrea\AppData\Local\Temp\ccUl2Qtv.s:3083   .debug_str:000003c9 .LASF275
C:\Users\Andrea\AppData\Local\Temp\ccUl2Qtv.s:3439   .debug_str:00000f65 .LASF276
C:\Users\Andrea\AppData\Local\Temp\ccUl2Qtv.s:2965   .debug_line:00000000 .Ldebug_line0
C:\Users\Andrea\AppData\Local\Temp\ccUl2Qtv.s:3007   .debug_str:0000014e .LASF0
C:\Users\Andrea\AppData\Local\Temp\ccUl2Qtv.s:3099   .debug_str:0000044a .LASF2
C:\Users\Andrea\AppData\Local\Temp\ccUl2Qtv.s:3335   .debug_str:00000bdb .LASF1
C:\Users\Andrea\AppData\Local\Temp\ccUl2Qtv.s:3419   .debug_str:00000ee2 .LASF3
C:\Users\Andrea\AppData\Local\Temp\ccUl2Qtv.s:3301   .debug_str:00000ab9 .LASF4
C:\Users\Andrea\AppData\Local\Temp\ccUl2Qtv.s:3077   .debug_str:000003ab .LASF5
C:\Users\Andrea\AppData\Local\Temp\ccUl2Qtv.s:3399   .debug_str:00000e07 .LASF6
C:\Users\Andrea\AppData\Local\Temp\ccUl2Qtv.s:3343   .debug_str:00000c0c .LASF7
C:\Users\Andrea\AppData\Local\Temp\ccUl2Qtv.s:3103   .debug_str:00000462 .LASF8
C:\Users\Andrea\AppData\Local\Temp\ccUl2Qtv.s:3245   .debug_str:000008db .LASF9
C:\Users\Andrea\AppData\Local\Temp\ccUl2Qtv.s:3219   .debug_str:00000809 .LASF10
C:\Users\Andrea\AppData\Local\Temp\ccUl2Qtv.s:3421   .debug_str:00000eeb .LASF11
C:\Users\Andrea\AppData\Local\Temp\ccUl2Qtv.s:3189   .debug_str:00000713 .LASF12
C:\Users\Andrea\AppData\Local\Temp\ccUl2Qtv.s:3465   .debug_str:0000105d .LASF13
C:\Users\Andrea\AppData\Local\Temp\ccUl2Qtv.s:3151   .debug_str:000005e9 .LASF14
C:\Users\Andrea\AppData\Local\Temp\ccUl2Qtv.s:3055   .debug_str:000002fa .LASF19
C:\Users\Andrea\AppData\Local\Temp\ccUl2Qtv.s:3511   .debug_str:000011f4 .LASF15
C:\Users\Andrea\AppData\Local\Temp\ccUl2Qtv.s:3253   .debug_str:0000091d .LASF16
C:\Users\Andrea\AppData\Local\Temp\ccUl2Qtv.s:3359   .debug_str:00000ca0 .LASF17
C:\Users\Andrea\AppData\Local\Temp\ccUl2Qtv.s:3393   .debug_str:00000de3 .LASF18
C:\Users\Andrea\AppData\Local\Temp\ccUl2Qtv.s:3311   .debug_str:00000b1f .LASF20
C:\Users\Andrea\AppData\Local\Temp\ccUl2Qtv.s:3179   .debug_str:000006cb .LASF21
C:\Users\Andrea\AppData\Local\Temp\ccUl2Qtv.s:2981   .debug_str:00000082 .LASF22
C:\Users\Andrea\AppData\Local\Temp\ccUl2Qtv.s:3313   .debug_str:00000b31 .LASF23
C:\Users\Andrea\AppData\Local\Temp\ccUl2Qtv.s:3023   .debug_str:000001d6 .LASF38
C:\Users\Andrea\AppData\Local\Temp\ccUl2Qtv.s:3167   .debug_str:00000654 .LASF24
C:\Users\Andrea\AppData\Local\Temp\ccUl2Qtv.s:3297   .debug_str:00000a9a .LASF25
C:\Users\Andrea\AppData\Local\Temp\ccUl2Qtv.s:3239   .debug_str:000008a5 .LASF26
C:\Users\Andrea\AppData\Local\Temp\ccUl2Qtv.s:3263   .debug_str:0000096f .LASF27
C:\Users\Andrea\AppData\Local\Temp\ccUl2Qtv.s:3129   .debug_str:00000534 .LASF28
C:\Users\Andrea\AppData\Local\Temp\ccUl2Qtv.s:2989   .debug_str:000000af .LASF29
C:\Users\Andrea\AppData\Local\Temp\ccUl2Qtv.s:3161   .debug_str:00000623 .LASF30
C:\Users\Andrea\AppData\Local\Temp\ccUl2Qtv.s:3193   .debug_str:00000730 .LASF31
C:\Users\Andrea\AppData\Local\Temp\ccUl2Qtv.s:3349   .debug_str:00000c55 .LASF32
C:\Users\Andrea\AppData\Local\Temp\ccUl2Qtv.s:3115   .debug_str:000004c8 .LASF33
C:\Users\Andrea\AppData\Local\Temp\ccUl2Qtv.s:3143   .debug_str:000005bb .LASF35
C:\Users\Andrea\AppData\Local\Temp\ccUl2Qtv.s:3449   .debug_str:00000fe5 .LASF34
C:\Users\Andrea\AppData\Local\Temp\ccUl2Qtv.s:3205   .debug_str:0000077a .LASF36
C:\Users\Andrea\AppData\Local\Temp\ccUl2Qtv.s:3309   .debug_str:00000b01 .LASF37
C:\Users\Andrea\AppData\Local\Temp\ccUl2Qtv.s:3227   .debug_str:00000839 .LASF39
C:\Users\Andrea\AppData\Local\Temp\ccUl2Qtv.s:3373   .debug_str:00000d1b .LASF40
C:\Users\Andrea\AppData\Local\Temp\ccUl2Qtv.s:3257   .debug_str:00000937 .LASF41
C:\Users\Andrea\AppData\Local\Temp\ccUl2Qtv.s:3049   .debug_str:000002c2 .LASF42
C:\Users\Andrea\AppData\Local\Temp\ccUl2Qtv.s:3183   .debug_str:000006e0 .LASF43
C:\Users\Andrea\AppData\Local\Temp\ccUl2Qtv.s:3329   .debug_str:00000ba1 .LASF44
C:\Users\Andrea\AppData\Local\Temp\ccUl2Qtv.s:3431   .debug_str:00000f31 .LASF45
C:\Users\Andrea\AppData\Local\Temp\ccUl2Qtv.s:3507   .debug_str:000011cb .LASF46
C:\Users\Andrea\AppData\Local\Temp\ccUl2Qtv.s:3307   .debug_str:00000aeb .LASF47
C:\Users\Andrea\AppData\Local\Temp\ccUl2Qtv.s:2977   .debug_str:00000060 .LASF48
C:\Users\Andrea\AppData\Local\Temp\ccUl2Qtv.s:3015   .debug_str:0000018b .LASF49
C:\Users\Andrea\AppData\Local\Temp\ccUl2Qtv.s:3071   .debug_str:00000374 .LASF50
C:\Users\Andrea\AppData\Local\Temp\ccUl2Qtv.s:3053   .debug_str:000002e9 .LASF51
C:\Users\Andrea\AppData\Local\Temp\ccUl2Qtv.s:3105   .debug_str:00000479 .LASF52
C:\Users\Andrea\AppData\Local\Temp\ccUl2Qtv.s:2967   .debug_str:00000000 .LASF53
C:\Users\Andrea\AppData\Local\Temp\ccUl2Qtv.s:3283   .debug_str:00000a21 .LASF54
C:\Users\Andrea\AppData\Local\Temp\ccUl2Qtv.s:3091   .debug_str:00000412 .LASF55
C:\Users\Andrea\AppData\Local\Temp\ccUl2Qtv.s:3469   .debug_str:00001072 .LASF56
C:\Users\Andrea\AppData\Local\Temp\ccUl2Qtv.s:3289   .debug_str:00000a5e .LASF57
C:\Users\Andrea\AppData\Local\Temp\ccUl2Qtv.s:3401   .debug_str:00000e19 .LASF58
C:\Users\Andrea\AppData\Local\Temp\ccUl2Qtv.s:3255   .debug_str:00000928 .LASF59
C:\Users\Andrea\AppData\Local\Temp\ccUl2Qtv.s:3159   .debug_str:00000612 .LASF60
C:\Users\Andrea\AppData\Local\Temp\ccUl2Qtv.s:3117   .debug_str:000004db .LASF61
C:\Users\Andrea\AppData\Local\Temp\ccUl2Qtv.s:2979   .debug_str:00000073 .LASF62
C:\Users\Andrea\AppData\Local\Temp\ccUl2Qtv.s:3119   .debug_str:000004e8 .LASF63
C:\Users\Andrea\AppData\Local\Temp\ccUl2Qtv.s:3045   .debug_str:0000029f .LASF64
C:\Users\Andrea\AppData\Local\Temp\ccUl2Qtv.s:3387   .debug_str:00000da7 .LASF65
C:\Users\Andrea\AppData\Local\Temp\ccUl2Qtv.s:3433   .debug_str:00000f47 .LASF66
C:\Users\Andrea\AppData\Local\Temp\ccUl2Qtv.s:3131   .debug_str:0000054a .LASF67
C:\Users\Andrea\AppData\Local\Temp\ccUl2Qtv.s:3149   .debug_str:000005d6 .LASF68
C:\Users\Andrea\AppData\Local\Temp\ccUl2Qtv.s:3405   .debug_str:00000e37 .LASF69
C:\Users\Andrea\AppData\Local\Temp\ccUl2Qtv.s:3041   .debug_str:0000026f .LASF70
C:\Users\Andrea\AppData\Local\Temp\ccUl2Qtv.s:3017   .debug_str:0000019a .LASF71
C:\Users\Andrea\AppData\Local\Temp\ccUl2Qtv.s:3133   .debug_str:00000565 .LASF72
C:\Users\Andrea\AppData\Local\Temp\ccUl2Qtv.s:3357   .debug_str:00000c8c .LASF73
C:\Users\Andrea\AppData\Local\Temp\ccUl2Qtv.s:3123   .debug_str:0000050d .LASF74
C:\Users\Andrea\AppData\Local\Temp\ccUl2Qtv.s:3447   .debug_str:00000fd6 .LASF75
C:\Users\Andrea\AppData\Local\Temp\ccUl2Qtv.s:3503   .debug_str:000011a8 .LASF76
C:\Users\Andrea\AppData\Local\Temp\ccUl2Qtv.s:3233   .debug_str:0000086d .LASF77
C:\Users\Andrea\AppData\Local\Temp\ccUl2Qtv.s:3021   .debug_str:000001c6 .LASF78
C:\Users\Andrea\AppData\Local\Temp\ccUl2Qtv.s:3455   .debug_str:00001017 .LASF79
C:\Users\Andrea\AppData\Local\Temp\ccUl2Qtv.s:3379   .debug_str:00000d49 .LASF80
C:\Users\Andrea\AppData\Local\Temp\ccUl2Qtv.s:3445   .debug_str:00000fcd .LASF81
C:\Users\Andrea\AppData\Local\Temp\ccUl2Qtv.s:3437   .debug_str:00000f5f .LASF82
C:\Users\Andrea\AppData\Local\Temp\ccUl2Qtv.s:3509   .debug_str:000011e0 .LASF83
C:\Users\Andrea\AppData\Local\Temp\ccUl2Qtv.s:3213   .debug_str:000007da .LASF84
C:\Users\Andrea\AppData\Local\Temp\ccUl2Qtv.s:3353   .debug_str:00000c74 .LASF85
C:\Users\Andrea\AppData\Local\Temp\ccUl2Qtv.s:2985   .debug_str:00000097 .LASF86
C:\Users\Andrea\AppData\Local\Temp\ccUl2Qtv.s:3365   .debug_str:00000cd2 .LASF87
C:\Users\Andrea\AppData\Local\Temp\ccUl2Qtv.s:3147   .debug_str:000005ca .LASF88
C:\Users\Andrea\AppData\Local\Temp\ccUl2Qtv.s:3267   .debug_str:0000098f .LASF89
C:\Users\Andrea\AppData\Local\Temp\ccUl2Qtv.s:3063   .debug_str:00000337 .LASF90
C:\Users\Andrea\AppData\Local\Temp\ccUl2Qtv.s:3269   .debug_str:000009a5 .LASF91
C:\Users\Andrea\AppData\Local\Temp\ccUl2Qtv.s:3367   .debug_str:00000ce2 .LASF92
C:\Users\Andrea\AppData\Local\Temp\ccUl2Qtv.s:3223   .debug_str:0000081c .LASF93
C:\Users\Andrea\AppData\Local\Temp\ccUl2Qtv.s:3075   .debug_str:00000396 .LASF94
C:\Users\Andrea\AppData\Local\Temp\ccUl2Qtv.s:3495   .debug_str:0000117f .LASF95
C:\Users\Andrea\AppData\Local\Temp\ccUl2Qtv.s:3029   .debug_str:00000211 .LASF96
C:\Users\Andrea\AppData\Local\Temp\ccUl2Qtv.s:3003   .debug_str:00000125 .LASF97
C:\Users\Andrea\AppData\Local\Temp\ccUl2Qtv.s:3221   .debug_str:00000811 .LASF98
C:\Users\Andrea\AppData\Local\Temp\ccUl2Qtv.s:3093   .debug_str:00000423 .LASF99
C:\Users\Andrea\AppData\Local\Temp\ccUl2Qtv.s:3211   .debug_str:000007c7 .LASF100
C:\Users\Andrea\AppData\Local\Temp\ccUl2Qtv.s:3173   .debug_str:00000690 .LASF101
C:\Users\Andrea\AppData\Local\Temp\ccUl2Qtv.s:3385   .debug_str:00000da1 .LASF102
C:\Users\Andrea\AppData\Local\Temp\ccUl2Qtv.s:3317   .debug_str:00000b50 .LASF103
C:\Users\Andrea\AppData\Local\Temp\ccUl2Qtv.s:3061   .debug_str:00000326 .LASF104
C:\Users\Andrea\AppData\Local\Temp\ccUl2Qtv.s:3271   .debug_str:000009b7 .LASF105
C:\Users\Andrea\AppData\Local\Temp\ccUl2Qtv.s:3461   .debug_str:00001038 .LASF106
C:\Users\Andrea\AppData\Local\Temp\ccUl2Qtv.s:3319   .debug_str:00000b60 .LASF107
C:\Users\Andrea\AppData\Local\Temp\ccUl2Qtv.s:2975   .debug_str:00000049 .LASF108
C:\Users\Andrea\AppData\Local\Temp\ccUl2Qtv.s:3163   .debug_str:0000063a .LASF109
C:\Users\Andrea\AppData\Local\Temp\ccUl2Qtv.s:3285   .debug_str:00000a37 .LASF110
C:\Users\Andrea\AppData\Local\Temp\ccUl2Qtv.s:3127   .debug_str:0000052f .LASF111
C:\Users\Andrea\AppData\Local\Temp\ccUl2Qtv.s:3519   .debug_str:0000122f .LASF112
C:\Users\Andrea\AppData\Local\Temp\ccUl2Qtv.s:3501   .debug_str:000011a2 .LASF113
C:\Users\Andrea\AppData\Local\Temp\ccUl2Qtv.s:3467   .debug_str:00001069 .LASF114
C:\Users\Andrea\AppData\Local\Temp\ccUl2Qtv.s:3389   .debug_str:00000db8 .LASF115
C:\Users\Andrea\AppData\Local\Temp\ccUl2Qtv.s:3293   .debug_str:00000a79 .LASF116
C:\Users\Andrea\AppData\Local\Temp\ccUl2Qtv.s:3197   .debug_str:00000748 .LASF117
C:\Users\Andrea\AppData\Local\Temp\ccUl2Qtv.s:3515   .debug_str:00001201 .LASF118
C:\Users\Andrea\AppData\Local\Temp\ccUl2Qtv.s:3073   .debug_str:00000384 .LASF119
C:\Users\Andrea\AppData\Local\Temp\ccUl2Qtv.s:3051   .debug_str:000002d8 .LASF120
C:\Users\Andrea\AppData\Local\Temp\ccUl2Qtv.s:3363   .debug_str:00000cc1 .LASF121
C:\Users\Andrea\AppData\Local\Temp\ccUl2Qtv.s:3417   .debug_str:00000ecd .LASF122
C:\Users\Andrea\AppData\Local\Temp\ccUl2Qtv.s:3339   .debug_str:00000bf8 .LASF123
C:\Users\Andrea\AppData\Local\Temp\ccUl2Qtv.s:3281   .debug_str:00000a17 .LASF124
C:\Users\Andrea\AppData\Local\Temp\ccUl2Qtv.s:3047   .debug_str:000002ae .LASF125
C:\Users\Andrea\AppData\Local\Temp\ccUl2Qtv.s:3027   .debug_str:000001ff .LASF126
C:\Users\Andrea\AppData\Local\Temp\ccUl2Qtv.s:2969   .debug_str:00000018 .LASF127
C:\Users\Andrea\AppData\Local\Temp\ccUl2Qtv.s:3065   .debug_str:00000343 .LASF128
C:\Users\Andrea\AppData\Local\Temp\ccUl2Qtv.s:3479   .debug_str:000010e7 .LASF129
C:\Users\Andrea\AppData\Local\Temp\ccUl2Qtv.s:3287   .debug_str:00000a43 .LASF130
C:\Users\Andrea\AppData\Local\Temp\ccUl2Qtv.s:3057   .debug_str:00000301 .LASF131
C:\Users\Andrea\AppData\Local\Temp\ccUl2Qtv.s:3327   .debug_str:00000b94 .LASF132
C:\Users\Andrea\AppData\Local\Temp\ccUl2Qtv.s:3139   .debug_str:0000059f .LASF133
C:\Users\Andrea\AppData\Local\Temp\ccUl2Qtv.s:3499   .debug_str:00001195 .LASF134
C:\Users\Andrea\AppData\Local\Temp\ccUl2Qtv.s:3295   .debug_str:00000a8d .LASF135
C:\Users\Andrea\AppData\Local\Temp\ccUl2Qtv.s:3249   .debug_str:000008f5 .LASF136
C:\Users\Andrea\AppData\Local\Temp\ccUl2Qtv.s:3215   .debug_str:000007e8 .LASF137
C:\Users\Andrea\AppData\Local\Temp\ccUl2Qtv.s:3187   .debug_str:00000705 .LASF138
C:\Users\Andrea\AppData\Local\Temp\ccUl2Qtv.s:3037   .debug_str:00000256 .LASF139
C:\Users\Andrea\AppData\Local\Temp\ccUl2Qtv.s:3165   .debug_str:00000645 .LASF140
C:\Users\Andrea\AppData\Local\Temp\ccUl2Qtv.s:2995   .debug_str:000000eb .LASF141
C:\Users\Andrea\AppData\Local\Temp\ccUl2Qtv.s:3361   .debug_str:00000cae .LASF142
C:\Users\Andrea\AppData\Local\Temp\ccUl2Qtv.s:3019   .debug_str:000001b5 .LASF143
C:\Users\Andrea\AppData\Local\Temp\ccUl2Qtv.s:3391   .debug_str:00000dce .LASF144
C:\Users\Andrea\AppData\Local\Temp\ccUl2Qtv.s:2987   .debug_str:0000009d .LASF145
C:\Users\Andrea\AppData\Local\Temp\ccUl2Qtv.s:3491   .debug_str:00001154 .LASF146
C:\Users\Andrea\AppData\Local\Temp\ccUl2Qtv.s:3031   .debug_str:00000224 .LASF147
C:\Users\Andrea\AppData\Local\Temp\ccUl2Qtv.s:3169   .debug_str:00000665 .LASF148
C:\Users\Andrea\AppData\Local\Temp\ccUl2Qtv.s:3493   .debug_str:0000116d .LASF149
C:\Users\Andrea\AppData\Local\Temp\ccUl2Qtv.s:3145   .debug_str:000005c3 .LASF150
C:\Users\Andrea\AppData\Local\Temp\ccUl2Qtv.s:2991   .debug_str:000000c4 .LASF151
C:\Users\Andrea\AppData\Local\Temp\ccUl2Qtv.s:3331   .debug_str:00000bb6 .LASF152
C:\Users\Andrea\AppData\Local\Temp\ccUl2Qtv.s:3035   .debug_str:00000246 .LASF153
C:\Users\Andrea\AppData\Local\Temp\ccUl2Qtv.s:3443   .debug_str:00000fbc .LASF154
C:\Users\Andrea\AppData\Local\Temp\ccUl2Qtv.s:3517   .debug_str:00001214 .LASF155
C:\Users\Andrea\AppData\Local\Temp\ccUl2Qtv.s:2973   .debug_str:0000003f .LASF156
C:\Users\Andrea\AppData\Local\Temp\ccUl2Qtv.s:3013   .debug_str:00000175 .LASF157
C:\Users\Andrea\AppData\Local\Temp\ccUl2Qtv.s:3489   .debug_str:00001149 .LASF158
C:\Users\Andrea\AppData\Local\Temp\ccUl2Qtv.s:3497   .debug_str:00001188 .LASF159
C:\Users\Andrea\AppData\Local\Temp\ccUl2Qtv.s:2997   .debug_str:000000f6 .LASF160
C:\Users\Andrea\AppData\Local\Temp\ccUl2Qtv.s:3059   .debug_str:0000030e .LASF161
C:\Users\Andrea\AppData\Local\Temp\ccUl2Qtv.s:3097   .debug_str:00000432 .LASF162
C:\Users\Andrea\AppData\Local\Temp\ccUl2Qtv.s:3137   .debug_str:0000058b .LASF163
C:\Users\Andrea\AppData\Local\Temp\ccUl2Qtv.s:3011   .debug_str:0000016c .LASF164
C:\Users\Andrea\AppData\Local\Temp\ccUl2Qtv.s:3085   .debug_str:000003ef .LASF165
C:\Users\Andrea\AppData\Local\Temp\ccUl2Qtv.s:3383   .debug_str:00000d76 .LASF170
C:\Users\Andrea\AppData\Local\Temp\ccUl2Qtv.s:3411   .debug_str:00000e76 .LASF166
C:\Users\Andrea\AppData\Local\Temp\ccUl2Qtv.s:3475   .debug_str:000010a1 .LASF167
C:\Users\Andrea\AppData\Local\Temp\ccUl2Qtv.s:3039   .debug_str:00000263 .LASF168
C:\Users\Andrea\AppData\Local\Temp\ccUl2Qtv.s:3201   .debug_str:00000767 .LASF169
C:\Users\Andrea\AppData\Local\Temp\ccUl2Qtv.s:3231   .debug_str:00000855 .LASF171
C:\Users\Andrea\AppData\Local\Temp\ccUl2Qtv.s:3005   .debug_str:00000139 .LASF172
C:\Users\Andrea\AppData\Local\Temp\ccUl2Qtv.s:3251   .debug_str:00000906 .LASF173
C:\Users\Andrea\AppData\Local\Temp\ccUl2Qtv.s:3135   .debug_str:00000581 .LASF174
C:\Users\Andrea\AppData\Local\Temp\ccUl2Qtv.s:3409   .debug_str:00000e6e .LASF175
C:\Users\Andrea\AppData\Local\Temp\ccUl2Qtv.s:3333   .debug_str:00000bc1 .LASF176
C:\Users\Andrea\AppData\Local\Temp\ccUl2Qtv.s:3355   .debug_str:00000c7a .LASF177
C:\Users\Andrea\AppData\Local\Temp\ccUl2Qtv.s:3237   .debug_str:0000088b .LASF178
C:\Users\Andrea\AppData\Local\Temp\ccUl2Qtv.s:3481   .debug_str:00001104 .LASF179
C:\Users\Andrea\AppData\Local\Temp\ccUl2Qtv.s:3181   .debug_str:000006d0 .LASF180
C:\Users\Andrea\AppData\Local\Temp\ccUl2Qtv.s:3243   .debug_str:000008bb .LASF181
C:\Users\Andrea\AppData\Local\Temp\ccUl2Qtv.s:3125   .debug_str:0000051e .LASF182
C:\Users\Andrea\AppData\Local\Temp\ccUl2Qtv.s:3095   .debug_str:00000429 .LASF183
C:\Users\Andrea\AppData\Local\Temp\ccUl2Qtv.s:3069   .debug_str:00000367 .LASF184
C:\Users\Andrea\AppData\Local\Temp\ccUl2Qtv.s:3315   .debug_str:00000b43 .LASF185
C:\Users\Andrea\AppData\Local\Temp\ccUl2Qtv.s:3273   .debug_str:000009c7 .LASF186
C:\Users\Andrea\AppData\Local\Temp\ccUl2Qtv.s:3275   .debug_str:000009de .LASF187
C:\Users\Andrea\AppData\Local\Temp\ccUl2Qtv.s:3453   .debug_str:0000100d .LASF188
C:\Users\Andrea\AppData\Local\Temp\ccUl2Qtv.s:3217   .debug_str:000007f9 .LASF189
C:\Users\Andrea\AppData\Local\Temp\ccUl2Qtv.s:3259   .debug_str:0000094d .LASF190
C:\Users\Andrea\AppData\Local\Temp\ccUl2Qtv.s:3323   .debug_str:00000b7d .LASF191
C:\Users\Andrea\AppData\Local\Temp\ccUl2Qtv.s:3403   .debug_str:00000e29 .LASF192
C:\Users\Andrea\AppData\Local\Temp\ccUl2Qtv.s:3371   .debug_str:00000d13 .LASF193
C:\Users\Andrea\AppData\Local\Temp\ccUl2Qtv.s:3001   .debug_str:0000011d .LASF194
C:\Users\Andrea\AppData\Local\Temp\ccUl2Qtv.s:3241   .debug_str:000008b3 .LASF195
C:\Users\Andrea\AppData\Local\Temp\ccUl2Qtv.s:3415   .debug_str:00000ec5 .LASF196
C:\Users\Andrea\AppData\Local\Temp\ccUl2Qtv.s:3441   .debug_str:00000fae .LASF197
C:\Users\Andrea\AppData\Local\Temp\ccUl2Qtv.s:3087   .debug_str:000003fe .LASF198
C:\Users\Andrea\AppData\Local\Temp\ccUl2Qtv.s:3229   .debug_str:0000084b .LASF199
C:\Users\Andrea\AppData\Local\Temp\ccUl2Qtv.s:3081   .debug_str:000003bd .LASF200
C:\Users\Andrea\AppData\Local\Temp\ccUl2Qtv.s:3347   .debug_str:00000c3e .LASF201
C:\Users\Andrea\AppData\Local\Temp\ccUl2Qtv.s:2999   .debug_str:00000108 .LASF202
C:\Users\Andrea\AppData\Local\Temp\ccUl2Qtv.s:3305   .debug_str:00000ada .LASF203
C:\Users\Andrea\AppData\Local\Temp\ccUl2Qtv.s:3107   .debug_str:00000490 .LASF204
C:\Users\Andrea\AppData\Local\Temp\ccUl2Qtv.s:3423   .debug_str:00000ef9 .LASF205
C:\Users\Andrea\AppData\Local\Temp\ccUl2Qtv.s:3235   .debug_str:0000087a .LASF206
C:\Users\Andrea\AppData\Local\Temp\ccUl2Qtv.s:3089   .debug_str:0000040c .LASF207
C:\Users\Andrea\AppData\Local\Temp\ccUl2Qtv.s:3033   .debug_str:00000237 .LASF208
C:\Users\Andrea\AppData\Local\Temp\ccUl2Qtv.s:3483   .debug_str:0000111c .LASF209
C:\Users\Andrea\AppData\Local\Temp\ccUl2Qtv.s:3225   .debug_str:0000082c .LASF210
C:\Users\Andrea\AppData\Local\Temp\ccUl2Qtv.s:3155   .debug_str:000005f8 .LASF211
C:\Users\Andrea\AppData\Local\Temp\ccUl2Qtv.s:3473   .debug_str:00001097 .LASF212
C:\Users\Andrea\AppData\Local\Temp\ccUl2Qtv.s:3247   .debug_str:000008e9 .LASF213
C:\Users\Andrea\AppData\Local\Temp\ccUl2Qtv.s:3185   .debug_str:000006f5 .LASF214
C:\Users\Andrea\AppData\Local\Temp\ccUl2Qtv.s:3157   .debug_str:0000060a .LASF215
C:\Users\Andrea\AppData\Local\Temp\ccUl2Qtv.s:3299   .debug_str:00000ab0 .LASF216
C:\Users\Andrea\AppData\Local\Temp\ccUl2Qtv.s:3261   .debug_str:0000095e .LASF217
C:\Users\Andrea\AppData\Local\Temp\ccUl2Qtv.s:3513   .debug_str:000011f9 .LASF218
C:\Users\Andrea\AppData\Local\Temp\ccUl2Qtv.s:3427   .debug_str:00000f1b .LASF219
C:\Users\Andrea\AppData\Local\Temp\ccUl2Qtv.s:3141   .debug_str:000005ac .LASF220
C:\Users\Andrea\AppData\Local\Temp\ccUl2Qtv.s:3111   .debug_str:000004a4 .LASF221
C:\Users\Andrea\AppData\Local\Temp\ccUl2Qtv.s:3459   .debug_str:0000102e .LASF222
C:\Users\Andrea\AppData\Local\Temp\ccUl2Qtv.s:2993   .debug_str:000000db .LASF223
C:\Users\Andrea\AppData\Local\Temp\ccUl2Qtv.s:3477   .debug_str:000010cb .LASF224
C:\Users\Andrea\AppData\Local\Temp\ccUl2Qtv.s:3207   .debug_str:00000794 .LASF225
C:\Users\Andrea\AppData\Local\Temp\ccUl2Qtv.s:3337   .debug_str:00000be5 .LASF226
C:\Users\Andrea\AppData\Local\Temp\ccUl2Qtv.s:3377   .debug_str:00000d3d .LASF227
C:\Users\Andrea\AppData\Local\Temp\ccUl2Qtv.s:3067   .debug_str:0000035c .LASF228
C:\Users\Andrea\AppData\Local\Temp\ccUl2Qtv.s:3429   .debug_str:00000f27 .LASF229
C:\Users\Andrea\AppData\Local\Temp\ccUl2Qtv.s:3375   .debug_str:00000d30 .LASF230
C:\Users\Andrea\AppData\Local\Temp\ccUl2Qtv.s:3321   .debug_str:00000b6e .LASF231
C:\Users\Andrea\AppData\Local\Temp\ccUl2Qtv.s:3451   .debug_str:00000fff .LASF232
C:\Users\Andrea\AppData\Local\Temp\ccUl2Qtv.s:3505   .debug_str:000011b9 .LASF233
C:\Users\Andrea\AppData\Local\Temp\ccUl2Qtv.s:3457   .debug_str:00001026 .LASF234
C:\Users\Andrea\AppData\Local\Temp\ccUl2Qtv.s:3101   .debug_str:00000452 .LASF235
C:\Users\Andrea\AppData\Local\Temp\ccUl2Qtv.s:3171   .debug_str:00000679 .LASF236
C:\Users\Andrea\AppData\Local\Temp\ccUl2Qtv.s:3341   .debug_str:00000bfd .LASF237
C:\Users\Andrea\AppData\Local\Temp\ccUl2Qtv.s:3303   .debug_str:00000acc .LASF238
C:\Users\Andrea\AppData\Local\Temp\ccUl2Qtv.s:3407   .debug_str:00000e4f .LASF239
C:\Users\Andrea\AppData\Local\Temp\ccUl2Qtv.s:3043   .debug_str:0000028a .LASF240
C:\Users\Andrea\AppData\Local\Temp\ccUl2Qtv.s:3177   .debug_str:000006b6 .LASF241
C:\Users\Andrea\AppData\Local\Temp\ccUl2Qtv.s:3113   .debug_str:000004b0 .LASF242
C:\Users\Andrea\AppData\Local\Temp\ccUl2Qtv.s:3381   .debug_str:00000d58 .LASF243
C:\Users\Andrea\AppData\Local\Temp\ccUl2Qtv.s:3195   .debug_str:00000735 .LASF244
C:\Users\Andrea\AppData\Local\Temp\ccUl2Qtv.s:3209   .debug_str:000007af .LASF245
C:\Users\Andrea\AppData\Local\Temp\ccUl2Qtv.s:3277   .debug_str:000009eb .LASF246
C:\Users\Andrea\AppData\Local\Temp\ccUl2Qtv.s:3463   .debug_str:00001047 .LASF247
C:\Users\Andrea\AppData\Local\Temp\ccUl2Qtv.s:3369   .debug_str:00000cfa .LASF248
C:\Users\Andrea\AppData\Local\Temp\ccUl2Qtv.s:3413   .debug_str:00000e9f .LASF249
C:\Users\Andrea\AppData\Local\Temp\ccUl2Qtv.s:3345   .debug_str:00000c15 .LASF250
C:\Users\Andrea\AppData\Local\Temp\ccUl2Qtv.s:3009   .debug_str:0000015b .LASF251
C:\Users\Andrea\AppData\Local\Temp\ccUl2Qtv.s:2983   .debug_str:0000008a .LASF252
C:\Users\Andrea\AppData\Local\Temp\ccUl2Qtv.s:3079   .debug_str:000003b4 .LASF253
C:\Users\Andrea\AppData\Local\Temp\ccUl2Qtv.s:3425   .debug_str:00000f0b .LASF254
C:\Users\Andrea\AppData\Local\Temp\ccUl2Qtv.s:2971   .debug_str:0000002f .LASF255
C:\Users\Andrea\AppData\Local\Temp\ccUl2Qtv.s:3351   .debug_str:00000c68 .LASF256
C:\Users\Andrea\AppData\Local\Temp\ccUl2Qtv.s:3395   .debug_str:00000dec .LASF257
C:\Users\Andrea\AppData\Local\Temp\ccUl2Qtv.s:3153   .debug_str:000005f0 .LASF258
C:\Users\Andrea\AppData\Local\Temp\ccUl2Qtv.s:3471   .debug_str:00001084 .LASF259
C:\Users\Andrea\AppData\Local\Temp\ccUl2Qtv.s:3121   .debug_str:000004f6 .LASF260
C:\Users\Andrea\AppData\Local\Temp\ccUl2Qtv.s:3191   .debug_str:0000071a .LASF261
C:\Users\Andrea\AppData\Local\Temp\ccUl2Qtv.s:3265   .debug_str:00000981 .LASF262
C:\Users\Andrea\AppData\Local\Temp\ccUl2Qtv.s:3175   .debug_str:000006a1 .LASF263
C:\Users\Andrea\AppData\Local\Temp\ccUl2Qtv.s:3025   .debug_str:000001e5 .LASF264
C:\Users\Andrea\AppData\Local\Temp\ccUl2Qtv.s:3487   .debug_str:00001138 .LASF265
C:\Users\Andrea\AppData\Local\Temp\ccUl2Qtv.s:3397   .debug_str:00000df4 .LASF266
C:\Users\Andrea\AppData\Local\Temp\ccUl2Qtv.s:3199   .debug_str:00000756 .LASF267
C:\Users\Andrea\AppData\Local\Temp\ccUl2Qtv.s:3279   .debug_str:00000a06 .LASF268
C:\Users\Andrea\AppData\Local\Temp\ccUl2Qtv.s:3109   .debug_str:00000496 .LASF269
C:\Users\Andrea\AppData\Local\Temp\ccUl2Qtv.s:3291   .debug_str:00000a6c .LASF270
C:\Users\Andrea\AppData\Local\Temp\ccUl2Qtv.s:3325   .debug_str:00000b85 .LASF271
C:\Users\Andrea\AppData\Local\Temp\ccUl2Qtv.s:3203   .debug_str:00000771 .LASF272
C:\Users\Andrea\AppData\Local\Temp\ccUl2Qtv.s:3435   .debug_str:00000f53 .LASF273
C:\Users\Andrea\AppData\Local\Temp\ccUl2Qtv.s:3485   .debug_str:00001126 .LASF274
C:\Users\Andrea\AppData\Local\Temp\ccUl2Qtv.s:130    .debug_info:00000000 .Ldebug_info0

NO UNDEFINED SYMBOLS
