   1                             		.file	"APP_SetState.c"
   2                             		.section P,"ax"
   3                             	.Ltext0:
   4                             		.section	.text.SST_SetState_Exe,"ax",@progbits
   5                             		.global	_SST_SetState_Exe
   7                             	_SST_SetState_Exe:
   8                             	.LFB0:
   9                             		.file 1 "C:/Workspace/FW_Inertia/branch_indesit/Application_Platform/APP_SetState.c"
   1:C:/Workspace/FW_Inertia/branch_indesit/Application_Platform\APP_SetState.c **** /**
   2:C:/Workspace/FW_Inertia/branch_indesit/Application_Platform\APP_SetState.c **** \defgroup	APP_SetState Modulo microprogramma SetState
   3:C:/Workspace/FW_Inertia/branch_indesit/Application_Platform\APP_SetState.c **** \ingroup	ApplPlatform
   4:C:/Workspace/FW_Inertia/branch_indesit/Application_Platform\APP_SetState.c **** 
   5:C:/Workspace/FW_Inertia/branch_indesit/Application_Platform\APP_SetState.c **** Il modulo implementa il microprogramma SetState (varianti NOP e RESET).
   6:C:/Workspace/FW_Inertia/branch_indesit/Application_Platform\APP_SetState.c **** */
   7:C:/Workspace/FW_Inertia/branch_indesit/Application_Platform\APP_SetState.c **** 
   8:C:/Workspace/FW_Inertia/branch_indesit/Application_Platform\APP_SetState.c **** /**
   9:C:/Workspace/FW_Inertia/branch_indesit/Application_Platform\APP_SetState.c **** Source file del modulo microprogramma SetState
  10:C:/Workspace/FW_Inertia/branch_indesit/Application_Platform\APP_SetState.c **** 
  11:C:/Workspace/FW_Inertia/branch_indesit/Application_Platform\APP_SetState.c **** \file		APP_SetState.c
  12:C:/Workspace/FW_Inertia/branch_indesit/Application_Platform\APP_SetState.c **** \ingroup	APP_SetState
  13:C:/Workspace/FW_Inertia/branch_indesit/Application_Platform\APP_SetState.c **** \date		22/09/2009
  14:C:/Workspace/FW_Inertia/branch_indesit/Application_Platform\APP_SetState.c **** \version	01.00.00
  15:C:/Workspace/FW_Inertia/branch_indesit/Application_Platform\APP_SetState.c **** \author		Marco Quintini, Simone Costantini, Francesco Corvo
  16:C:/Workspace/FW_Inertia/branch_indesit/Application_Platform\APP_SetState.c **** 
  17:C:/Workspace/FW_Inertia/branch_indesit/Application_Platform\APP_SetState.c **** \par		PCLint
  18:C:/Workspace/FW_Inertia/branch_indesit/Application_Platform\APP_SetState.c **** 			Report 16/01/2009: 0 Errors, 0 Warnings, 0 Info
  19:C:/Workspace/FW_Inertia/branch_indesit/Application_Platform\APP_SetState.c **** 
  20:C:/Workspace/FW_Inertia/branch_indesit/Application_Platform\APP_SetState.c **** */
  21:C:/Workspace/FW_Inertia/branch_indesit/Application_Platform\APP_SetState.c **** 
  22:C:/Workspace/FW_Inertia/branch_indesit/Application_Platform\APP_SetState.c **** /*
  23:C:/Workspace/FW_Inertia/branch_indesit/Application_Platform\APP_SetState.c **** Copyright (c) 2004-2007, Indesit Company, EDT.
  24:C:/Workspace/FW_Inertia/branch_indesit/Application_Platform\APP_SetState.c **** Tutti i diritti sono riservati. All rights reserved.
  25:C:/Workspace/FW_Inertia/branch_indesit/Application_Platform\APP_SetState.c **** */
  26:C:/Workspace/FW_Inertia/branch_indesit/Application_Platform\APP_SetState.c **** 
  27:C:/Workspace/FW_Inertia/branch_indesit/Application_Platform\APP_SetState.c **** /* ******** */
  28:C:/Workspace/FW_Inertia/branch_indesit/Application_Platform\APP_SetState.c **** /* Includes */
  29:C:/Workspace/FW_Inertia/branch_indesit/Application_Platform\APP_SetState.c **** /* ******** */
  30:C:/Workspace/FW_Inertia/branch_indesit/Application_Platform\APP_SetState.c **** #include "CstmHeaders.h"
  31:C:/Workspace/FW_Inertia/branch_indesit/Application_Platform\APP_SetState.c **** 
  32:C:/Workspace/FW_Inertia/branch_indesit/Application_Platform\APP_SetState.c **** /* ****************** */
  33:C:/Workspace/FW_Inertia/branch_indesit/Application_Platform\APP_SetState.c **** /* Defines and Macros */
  34:C:/Workspace/FW_Inertia/branch_indesit/Application_Platform\APP_SetState.c **** /* ****************** */
  35:C:/Workspace/FW_Inertia/branch_indesit/Application_Platform\APP_SetState.c **** 
  36:C:/Workspace/FW_Inertia/branch_indesit/Application_Platform\APP_SetState.c **** /* *************************** */
  37:C:/Workspace/FW_Inertia/branch_indesit/Application_Platform\APP_SetState.c **** /* Typedef, Structs and Unions */
  38:C:/Workspace/FW_Inertia/branch_indesit/Application_Platform\APP_SetState.c **** /* *************************** */
  39:C:/Workspace/FW_Inertia/branch_indesit/Application_Platform\APP_SetState.c **** 
  40:C:/Workspace/FW_Inertia/branch_indesit/Application_Platform\APP_SetState.c **** /* **************************** */
  41:C:/Workspace/FW_Inertia/branch_indesit/Application_Platform\APP_SetState.c **** /* Prototype of local functions */
  42:C:/Workspace/FW_Inertia/branch_indesit/Application_Platform\APP_SetState.c **** /* **************************** */
  43:C:/Workspace/FW_Inertia/branch_indesit/Application_Platform\APP_SetState.c **** 
  44:C:/Workspace/FW_Inertia/branch_indesit/Application_Platform\APP_SetState.c **** /* ****************** */
  45:C:/Workspace/FW_Inertia/branch_indesit/Application_Platform\APP_SetState.c **** /* Exported variables */
  46:C:/Workspace/FW_Inertia/branch_indesit/Application_Platform\APP_SetState.c **** /* ****************** */
  47:C:/Workspace/FW_Inertia/branch_indesit/Application_Platform\APP_SetState.c **** 
  48:C:/Workspace/FW_Inertia/branch_indesit/Application_Platform\APP_SetState.c **** /* **************** */
  49:C:/Workspace/FW_Inertia/branch_indesit/Application_Platform\APP_SetState.c **** /* Global variables */
  50:C:/Workspace/FW_Inertia/branch_indesit/Application_Platform\APP_SetState.c **** /* **************** */
  51:C:/Workspace/FW_Inertia/branch_indesit/Application_Platform\APP_SetState.c **** 
  52:C:/Workspace/FW_Inertia/branch_indesit/Application_Platform\APP_SetState.c **** /* ***************** */
  53:C:/Workspace/FW_Inertia/branch_indesit/Application_Platform\APP_SetState.c **** /* Exported function */
  54:C:/Workspace/FW_Inertia/branch_indesit/Application_Platform\APP_SetState.c **** /* ***************** */
  55:C:/Workspace/FW_Inertia/branch_indesit/Application_Platform\APP_SetState.c **** 
  56:C:/Workspace/FW_Inertia/branch_indesit/Application_Platform\APP_SetState.c **** 
  57:C:/Workspace/FW_Inertia/branch_indesit/Application_Platform\APP_SetState.c **** /**
  58:C:/Workspace/FW_Inertia/branch_indesit/Application_Platform\APP_SetState.c **** Gestisce l'esecuzione del microprogramma SetState.
  59:C:/Workspace/FW_Inertia/branch_indesit/Application_Platform\APP_SetState.c **** 
  60:C:/Workspace/FW_Inertia/branch_indesit/Application_Platform\APP_SetState.c **** \param [in]		highStatement specifica l'High Statement (T flag + N flag + 
  61:C:/Workspace/FW_Inertia/branch_indesit/Application_Platform\APP_SetState.c **** 				modificatori F1-F0 + opcode) del microprogramma.
  62:C:/Workspace/FW_Inertia/branch_indesit/Application_Platform\APP_SetState.c **** \param [in]		lowStatement specifica il low statement (indice displacement ai dati)
  63:C:/Workspace/FW_Inertia/branch_indesit/Application_Platform\APP_SetState.c **** 				del microprogramma.
  64:C:/Workspace/FW_Inertia/branch_indesit/Application_Platform\APP_SetState.c **** \param [in]		compartment specifica il vano in cui viene eseguito il microprogramma.
  65:C:/Workspace/FW_Inertia/branch_indesit/Application_Platform\APP_SetState.c **** 
  66:C:/Workspace/FW_Inertia/branch_indesit/Application_Platform\APP_SetState.c **** \attention		Interpreter_Data (global, struttura con i dati sullo stato
  67:C:/Workspace/FW_Inertia/branch_indesit/Application_Platform\APP_SetState.c **** 				corrente dell'interprete) e' usata come input
  68:C:/Workspace/FW_Inertia/branch_indesit/Application_Platform\APP_SetState.c **** 
  69:C:/Workspace/FW_Inertia/branch_indesit/Application_Platform\APP_SetState.c **** \return			uint8_t
  70:C:/Workspace/FW_Inertia/branch_indesit/Application_Platform\APP_SetState.c **** 
  71:C:/Workspace/FW_Inertia/branch_indesit/Application_Platform\APP_SetState.c **** \retval			S_OK/S_FALSE
  72:C:/Workspace/FW_Inertia/branch_indesit/Application_Platform\APP_SetState.c **** 
  73:C:/Workspace/FW_Inertia/branch_indesit/Application_Platform\APP_SetState.c **** \warning		none		
  74:C:/Workspace/FW_Inertia/branch_indesit/Application_Platform\APP_SetState.c **** 
  75:C:/Workspace/FW_Inertia/branch_indesit/Application_Platform\APP_SetState.c **** \author			Marco Quintini, Simone Costantini, Francesco Corvo
  76:C:/Workspace/FW_Inertia/branch_indesit/Application_Platform\APP_SetState.c **** \date			22/09/2009
  77:C:/Workspace/FW_Inertia/branch_indesit/Application_Platform\APP_SetState.c **** \version		1.0.0
  78:C:/Workspace/FW_Inertia/branch_indesit/Application_Platform\APP_SetState.c **** 
  79:C:/Workspace/FW_Inertia/branch_indesit/Application_Platform\APP_SetState.c **** \bug			none
  80:C:/Workspace/FW_Inertia/branch_indesit/Application_Platform\APP_SetState.c **** 
  81:C:/Workspace/FW_Inertia/branch_indesit/Application_Platform\APP_SetState.c **** \todo			nothing
  82:C:/Workspace/FW_Inertia/branch_indesit/Application_Platform\APP_SetState.c ****    
  83:C:/Workspace/FW_Inertia/branch_indesit/Application_Platform\APP_SetState.c **** \note			none
  84:C:/Workspace/FW_Inertia/branch_indesit/Application_Platform\APP_SetState.c **** */
  85:C:/Workspace/FW_Inertia/branch_indesit/Application_Platform\APP_SetState.c **** /*lint -e715 */
  86:C:/Workspace/FW_Inertia/branch_indesit/Application_Platform\APP_SetState.c **** #if (MULTI_COMPARTMENT_APPL == 1)
  87:C:/Workspace/FW_Inertia/branch_indesit/Application_Platform\APP_SetState.c **** uint8_t SST_SetState_Exe(uint8_t highStatement, uint8_t lowStatement, uint8_t compartment)
  88:C:/Workspace/FW_Inertia/branch_indesit/Application_Platform\APP_SetState.c **** #else
  89:C:/Workspace/FW_Inertia/branch_indesit/Application_Platform\APP_SetState.c **** uint8_t SST_SetState_Exe(uint8_t highStatement, uint8_t lowStatement)
  90:C:/Workspace/FW_Inertia/branch_indesit/Application_Platform\APP_SetState.c **** #endif /* !MULTI_COMPARTMENT_APPL */
  91:C:/Workspace/FW_Inertia/branch_indesit/Application_Platform\APP_SetState.c **** {
  10                             		.loc 1 91 0
  11                             	.LVL0:
  92:C:/Workspace/FW_Inertia/branch_indesit/Application_Platform\APP_SetState.c **** #if ( (SST_NOPNOP_ENABLE == 1) || (SST_IDROSTOP_ENABLE == 1)  )
  93:C:/Workspace/FW_Inertia/branch_indesit/Application_Platform\APP_SetState.c **** 
  94:C:/Workspace/FW_Inertia/branch_indesit/Application_Platform\APP_SetState.c **** #if (MULTI_COMPARTMENT_APPL == 1)
  95:C:/Workspace/FW_Inertia/branch_indesit/Application_Platform\APP_SetState.c **** Interpreter_Struct *pItpData = &Interpreter_Data[compartment];
  96:C:/Workspace/FW_Inertia/branch_indesit/Application_Platform\APP_SetState.c **** #else
  97:C:/Workspace/FW_Inertia/branch_indesit/Application_Platform\APP_SetState.c **** Interpreter_Struct *pItpData = &Interpreter_Data[0];
  98:C:/Workspace/FW_Inertia/branch_indesit/Application_Platform\APP_SetState.c **** #endif /* !MULTI_COMPARTMENT_APPL */
  99:C:/Workspace/FW_Inertia/branch_indesit/Application_Platform\APP_SetState.c **** 
 100:C:/Workspace/FW_Inertia/branch_indesit/Application_Platform\APP_SetState.c **** #endif /* (SST_NOPNOP_ENABLE == 1) || (SST_IDROSTOP_ENABLE == 1) */
 101:C:/Workspace/FW_Inertia/branch_indesit/Application_Platform\APP_SetState.c **** 
 102:C:/Workspace/FW_Inertia/branch_indesit/Application_Platform\APP_SetState.c **** 	if(highStatement & F1)
  12                             		.loc 1 102 0
  13 0000 EF 1E                   		mov.L	r1, r14
  14 0002 75 2E 20                		and #32, r14
  15 0005 20 19                   		beq	.L3
 103:C:/Workspace/FW_Inertia/branch_indesit/Application_Platform\APP_SetState.c **** 	{
 104:C:/Workspace/FW_Inertia/branch_indesit/Application_Platform\APP_SetState.c **** #if ((SST_NOPNOP_ENABLE == 1) || (SST_IDROSTOP_ENABLE == 1) || (SST_COOLSTATE_ENABLE == 1) || (ITP_
 105:C:/Workspace/FW_Inertia/branch_indesit/Application_Platform\APP_SetState.c **** 	
 106:C:/Workspace/FW_Inertia/branch_indesit/Application_Platform\APP_SetState.c **** 	/* Abilitata almeno una tra le varianti NOP-NOP, IDROSTOP o RETURN */
 107:C:/Workspace/FW_Inertia/branch_indesit/Application_Platform\APP_SetState.c **** 
 108:C:/Workspace/FW_Inertia/branch_indesit/Application_Platform\APP_SetState.c **** #if (SST_NOPNOP_ENABLE == 1)
 109:C:/Workspace/FW_Inertia/branch_indesit/Application_Platform\APP_SetState.c **** 		if ( COMPLETE_OPCODE(highStatement) == UP_SETSTATE_NOP_NOP )
  16                             		.loc 1 109 0
  17 0007 75 21 3F                		and #63, r1
  18                             	.LVL1:
  19 000a 75 51 30                		cmp	#48, r1
  20 000d 21 14                   		bne	.L4
 110:C:/Workspace/FW_Inertia/branch_indesit/Application_Platform\APP_SetState.c **** 		{
 111:C:/Workspace/FW_Inertia/branch_indesit/Application_Platform\APP_SetState.c **** 			/*lint -save -e912 */
 112:C:/Workspace/FW_Inertia/branch_indesit/Application_Platform\APP_SetState.c **** 			if (pItpData->stepInitialized == FALSE)
  21                             		.loc 1 112 0
  22 000f FB E2 00 00 00 00       		mov.L	#_Interpreter_Data, r14
  23 0015 CD E1 04                		mov.B	4[r14], r1
  24 0018 64 21                   		and	#2, r1
  25 001a FC DB 10                		sceq.L	r1
  26 001d 0F                      		bra	.L2
  27                             	.LVL2:
  28                             	.L3:
 113:C:/Workspace/FW_Inertia/branch_indesit/Application_Platform\APP_SetState.c **** 			/*lint -restore */
 114:C:/Workspace/FW_Inertia/branch_indesit/Application_Platform\APP_SetState.c **** 			{
 115:C:/Workspace/FW_Inertia/branch_indesit/Application_Platform\APP_SetState.c **** 				/* Prima iterazione del passo */
 116:C:/Workspace/FW_Inertia/branch_indesit/Application_Platform\APP_SetState.c **** 				return S_FALSE;	
 117:C:/Workspace/FW_Inertia/branch_indesit/Application_Platform\APP_SetState.c **** 			}
 118:C:/Workspace/FW_Inertia/branch_indesit/Application_Platform\APP_SetState.c **** 		} 
 119:C:/Workspace/FW_Inertia/branch_indesit/Application_Platform\APP_SetState.c **** #endif	/* #if (SST_NOPNOP_ENABLE == 1) */
 120:C:/Workspace/FW_Inertia/branch_indesit/Application_Platform\APP_SetState.c **** 
 121:C:/Workspace/FW_Inertia/branch_indesit/Application_Platform\APP_SetState.c **** #if (SST_IDROSTOP_ENABLE == 1)
 122:C:/Workspace/FW_Inertia/branch_indesit/Application_Platform\APP_SetState.c **** 		/*
 123:C:/Workspace/FW_Inertia/branch_indesit/Application_Platform\APP_SetState.c **** 		In ARCADIA 1 e 2, la configurazione F0=0 e F1=1 è utilizzata per l'Idrostop.
 124:C:/Workspace/FW_Inertia/branch_indesit/Application_Platform\APP_SetState.c **** 		In tutte le altre linee prodotto la stessa configurazione di F1/F0 è
 125:C:/Workspace/FW_Inertia/branch_indesit/Application_Platform\APP_SetState.c **** 		utilizzata per il SetState RETURN
 126:C:/Workspace/FW_Inertia/branch_indesit/Application_Platform\APP_SetState.c **** 		*/
 127:C:/Workspace/FW_Inertia/branch_indesit/Application_Platform\APP_SetState.c **** 		if (COMPLETE_OPCODE(highStatement) == UP_SETSTATE_IDROSTOP)
 128:C:/Workspace/FW_Inertia/branch_indesit/Application_Platform\APP_SetState.c **** 		{
 129:C:/Workspace/FW_Inertia/branch_indesit/Application_Platform\APP_SetState.c **** 			/*lint -save -e912 */
 130:C:/Workspace/FW_Inertia/branch_indesit/Application_Platform\APP_SetState.c **** 			if ( pItpData->stepInitialized == FALSE )
 131:C:/Workspace/FW_Inertia/branch_indesit/Application_Platform\APP_SetState.c **** 			/*lint -restore */
 132:C:/Workspace/FW_Inertia/branch_indesit/Application_Platform\APP_SetState.c **** 			{
 133:C:/Workspace/FW_Inertia/branch_indesit/Application_Platform\APP_SetState.c **** 				/* prima iterazione del passo */
 134:C:/Workspace/FW_Inertia/branch_indesit/Application_Platform\APP_SetState.c **** 				
 135:C:/Workspace/FW_Inertia/branch_indesit/Application_Platform\APP_SetState.c **** 				Idrostop_Status = IDROSTOP_ON;
 136:C:/Workspace/FW_Inertia/branch_indesit/Application_Platform\APP_SetState.c **** 				
 137:C:/Workspace/FW_Inertia/branch_indesit/Application_Platform\APP_SetState.c **** 				return S_FALSE;	
 138:C:/Workspace/FW_Inertia/branch_indesit/Application_Platform\APP_SetState.c **** 			}
 139:C:/Workspace/FW_Inertia/branch_indesit/Application_Platform\APP_SetState.c **** 			
 140:C:/Workspace/FW_Inertia/branch_indesit/Application_Platform\APP_SetState.c **** 			/* iterazioni successive */
 141:C:/Workspace/FW_Inertia/branch_indesit/Application_Platform\APP_SetState.c **** 		
 142:C:/Workspace/FW_Inertia/branch_indesit/Application_Platform\APP_SetState.c **** 			if ( Idrostop_Status != IDROSTOP_END )
 143:C:/Workspace/FW_Inertia/branch_indesit/Application_Platform\APP_SetState.c **** 			{
 144:C:/Workspace/FW_Inertia/branch_indesit/Application_Platform\APP_SetState.c **** 				/* stato di ON */
 145:C:/Workspace/FW_Inertia/branch_indesit/Application_Platform\APP_SetState.c **** 				
 146:C:/Workspace/FW_Inertia/branch_indesit/Application_Platform\APP_SetState.c **** 				Idrostop_Status = IDROSTOP_ON;
 147:C:/Workspace/FW_Inertia/branch_indesit/Application_Platform\APP_SetState.c **** 				
 148:C:/Workspace/FW_Inertia/branch_indesit/Application_Platform\APP_SetState.c **** 				return S_FALSE;
 149:C:/Workspace/FW_Inertia/branch_indesit/Application_Platform\APP_SetState.c **** 			}	
 150:C:/Workspace/FW_Inertia/branch_indesit/Application_Platform\APP_SetState.c **** 		}
 151:C:/Workspace/FW_Inertia/branch_indesit/Application_Platform\APP_SetState.c **** 
 152:C:/Workspace/FW_Inertia/branch_indesit/Application_Platform\APP_SetState.c **** #elif (SST_COOLSTATE_ENABLE == 1)
 153:C:/Workspace/FW_Inertia/branch_indesit/Application_Platform\APP_SetState.c **** 		/*
 154:C:/Workspace/FW_Inertia/branch_indesit/Application_Platform\APP_SetState.c **** 		In ARCADIA DRYER, la configurazione F0=0 e F1=1 è utilizzata per indicare
 155:C:/Workspace/FW_Inertia/branch_indesit/Application_Platform\APP_SetState.c **** 		lo stato di COOLSTATE
 156:C:/Workspace/FW_Inertia/branch_indesit/Application_Platform\APP_SetState.c **** 		*/
 157:C:/Workspace/FW_Inertia/branch_indesit/Application_Platform\APP_SetState.c **** 		if (COMPLETE_OPCODE(highStatement) == UP_SETSTATE_COOLSTATE)
 158:C:/Workspace/FW_Inertia/branch_indesit/Application_Platform\APP_SetState.c **** 		{
 159:C:/Workspace/FW_Inertia/branch_indesit/Application_Platform\APP_SetState.c **** 
 160:C:/Workspace/FW_Inertia/branch_indesit/Application_Platform\APP_SetState.c **** 			/* stato di ON */
 161:C:/Workspace/FW_Inertia/branch_indesit/Application_Platform\APP_SetState.c **** 
 162:C:/Workspace/FW_Inertia/branch_indesit/Application_Platform\APP_SetState.c **** 			Cool_Status = COOLSTATE_ON;
 163:C:/Workspace/FW_Inertia/branch_indesit/Application_Platform\APP_SetState.c **** 
 164:C:/Workspace/FW_Inertia/branch_indesit/Application_Platform\APP_SetState.c **** 			return S_FALSE;
 165:C:/Workspace/FW_Inertia/branch_indesit/Application_Platform\APP_SetState.c **** 
 166:C:/Workspace/FW_Inertia/branch_indesit/Application_Platform\APP_SetState.c **** 		}
 167:C:/Workspace/FW_Inertia/branch_indesit/Application_Platform\APP_SetState.c **** 
 168:C:/Workspace/FW_Inertia/branch_indesit/Application_Platform\APP_SetState.c **** #elif (ITP_JIF_RET_ENABLE == 1)
 169:C:/Workspace/FW_Inertia/branch_indesit/Application_Platform\APP_SetState.c **** 
 170:C:/Workspace/FW_Inertia/branch_indesit/Application_Platform\APP_SetState.c **** 		/* Insert code here for "SetState RETURN" */
 171:C:/Workspace/FW_Inertia/branch_indesit/Application_Platform\APP_SetState.c **** 
 172:C:/Workspace/FW_Inertia/branch_indesit/Application_Platform\APP_SetState.c **** #endif /* (ITP_JIF_RET_ENABLE == 1) */
 173:C:/Workspace/FW_Inertia/branch_indesit/Application_Platform\APP_SetState.c **** 		
 174:C:/Workspace/FW_Inertia/branch_indesit/Application_Platform\APP_SetState.c **** 
 175:C:/Workspace/FW_Inertia/branch_indesit/Application_Platform\APP_SetState.c **** #else /* (SST_NOPNOP_ENABLE == 1) || (SST_IDROSTOP_ENABLE == 1) || (SST_COOLSTATE_ENABLE == 1) || (
 176:C:/Workspace/FW_Inertia/branch_indesit/Application_Platform\APP_SetState.c **** 
 177:C:/Workspace/FW_Inertia/branch_indesit/Application_Platform\APP_SetState.c **** 		/*
 178:C:/Workspace/FW_Inertia/branch_indesit/Application_Platform\APP_SetState.c **** 		Nessuna tra le varianti NOP-NOP, IDROSTOP o RETURN  abilitata.
 179:C:/Workspace/FW_Inertia/branch_indesit/Application_Platform\APP_SetState.c **** 		F1 != 0 è una configurazione non prevista.
 180:C:/Workspace/FW_Inertia/branch_indesit/Application_Platform\APP_SetState.c **** 		*/
 181:C:/Workspace/FW_Inertia/branch_indesit/Application_Platform\APP_SetState.c **** 
 182:C:/Workspace/FW_Inertia/branch_indesit/Application_Platform\APP_SetState.c **** #ifdef _SST_CHECKERRORS_
 183:C:/Workspace/FW_Inertia/branch_indesit/Application_Platform\APP_SetState.c **** 		DBG_CheckErr(SST_ERROR_WRONG_PARAM);
 184:C:/Workspace/FW_Inertia/branch_indesit/Application_Platform\APP_SetState.c **** #endif
 185:C:/Workspace/FW_Inertia/branch_indesit/Application_Platform\APP_SetState.c **** 		
 186:C:/Workspace/FW_Inertia/branch_indesit/Application_Platform\APP_SetState.c **** #endif	/* (SST_NOPNOP_ENABLE == 1) || (SST_IDROSTOP_ENABLE == 1) || (SST_COOLSTATE_ENABLE == 1) || 
 187:C:/Workspace/FW_Inertia/branch_indesit/Application_Platform\APP_SetState.c **** 	}
 188:C:/Workspace/FW_Inertia/branch_indesit/Application_Platform\APP_SetState.c **** 	else
 189:C:/Workspace/FW_Inertia/branch_indesit/Application_Platform\APP_SetState.c **** 	{
 190:C:/Workspace/FW_Inertia/branch_indesit/Application_Platform\APP_SetState.c **** 		/* F1F0 == 00 -> NOP */
 191:C:/Workspace/FW_Inertia/branch_indesit/Application_Platform\APP_SetState.c **** 		/* F1F0 == 01 -> RESET */
 192:C:/Workspace/FW_Inertia/branch_indesit/Application_Platform\APP_SetState.c **** 	}
 193:C:/Workspace/FW_Inertia/branch_indesit/Application_Platform\APP_SetState.c **** 	
 194:C:/Workspace/FW_Inertia/branch_indesit/Application_Platform\APP_SetState.c **** 	return S_OK;					
  29                             		.loc 1 194 0
  30 001e CF E1                   		mov.B	r14, r1
  31                             	.LVL3:
  32 0020 0C                      		bra	.L2
  33                             	.L4:
  34 0021 66 01                   		mov	#0, r1
  35 0023 03                      		.balign 2,3,2
  36                             	.L2:
 195:C:/Workspace/FW_Inertia/branch_indesit/Application_Platform\APP_SetState.c **** }
  37                             		.loc 1 195 0
  38 0024 75 21 21                		and #33, r1
  39 0027 02                      		rts
  40                             	.LFE0:
  68                             	.Letext0:
  69                             		.file 2 "C:\\Workspace\\FW_Inertia\\branch_indesit\\HAL\\HAL_General/StandardTypes.h"
  70                             		.file 3 "C:\\Workspace\\FW_Inertia\\branch_indesit\\Application_Platform/APP_Types.h"
  71                             		.file 4 "C:\\Workspace\\FW_Inertia\\branch_indesit\\ProductModules\\PM_BusCOMM/BCP_General.h"
  72                             		.file 5 "C:\\Workspace\\FW_Inertia\\branch_indesit\\ProductModules\\PM_BusCOMM/BCP_BusCommMng.h"
  73                             		.file 6 "C:\\Workspace\\FW_Inertia\\branch_indesit\\Application_Platform/APP_Global.h"
DEFINED SYMBOLS
                            *ABS*:00000000 APP_SetState.c
C:\Users\Andrea\AppData\Local\Temp\cc0z3rhN.s:7      .text.SST_SetState_Exe:00000000 _SST_SetState_Exe
C:\Users\Andrea\AppData\Local\Temp\cc0z3rhN.s:13     .text.SST_SetState_Exe:00000000 L0
C:\Users\Andrea\AppData\Local\Temp\cc0z3rhN.s:43     .debug_frame:00000000 .Lframe0
C:\Users\Andrea\AppData\Local\Temp\cc0z3rhN.s:8      .text.SST_SetState_Exe:00000000 .LFB0
C:\Users\Andrea\AppData\Local\Temp\cc0z3rhN.s:393    .debug_abbrev:00000000 .Ldebug_abbrev0
C:\Users\Andrea\AppData\Local\Temp\cc0z3rhN.s:759    .debug_str:0000010f .LASF33
C:\Users\Andrea\AppData\Local\Temp\cc0z3rhN.s:735    .debug_str:00000022 .LASF34
C:\Users\Andrea\AppData\Local\Temp\cc0z3rhN.s:721    .debug_ranges:00000000 .Ldebug_ranges0
C:\Users\Andrea\AppData\Local\Temp\cc0z3rhN.s:727    .debug_line:00000000 .Ldebug_line0
C:\Users\Andrea\AppData\Local\Temp\cc0z3rhN.s:773    .debug_str:00000196 .LASF0
C:\Users\Andrea\AppData\Local\Temp\cc0z3rhN.s:787    .debug_str:000001ec .LASF1
C:\Users\Andrea\AppData\Local\Temp\cc0z3rhN.s:791    .debug_str:00000204 .LASF7
C:\Users\Andrea\AppData\Local\Temp\cc0z3rhN.s:755    .debug_str:000000f6 .LASF2
C:\Users\Andrea\AppData\Local\Temp\cc0z3rhN.s:753    .debug_str:000000e4 .LASF3
C:\Users\Andrea\AppData\Local\Temp\cc0z3rhN.s:795    .debug_str:0000021e .LASF4
C:\Users\Andrea\AppData\Local\Temp\cc0z3rhN.s:775    .debug_str:000001a3 .LASF5
C:\Users\Andrea\AppData\Local\Temp\cc0z3rhN.s:783    .debug_str:000001d9 .LASF6
C:\Users\Andrea\AppData\Local\Temp\cc0z3rhN.s:777    .debug_str:000001ba .LASF8
C:\Users\Andrea\AppData\Local\Temp\cc0z3rhN.s:747    .debug_str:000000bb .LASF9
C:\Users\Andrea\AppData\Local\Temp\cc0z3rhN.s:745    .debug_str:000000af .LASF10
C:\Users\Andrea\AppData\Local\Temp\cc0z3rhN.s:781    .debug_str:000001d0 .LASF11
C:\Users\Andrea\AppData\Local\Temp\cc0z3rhN.s:785    .debug_str:000001e7 .LASF12
C:\Users\Andrea\AppData\Local\Temp\cc0z3rhN.s:751    .debug_str:000000db .LASF13
C:\Users\Andrea\AppData\Local\Temp\cc0z3rhN.s:799    .debug_str:0000022f .LASF14
C:\Users\Andrea\AppData\Local\Temp\cc0z3rhN.s:771    .debug_str:00000182 .LASF35
C:\Users\Andrea\AppData\Local\Temp\cc0z3rhN.s:789    .debug_str:000001f6 .LASF15
C:\Users\Andrea\AppData\Local\Temp\cc0z3rhN.s:729    .debug_str:00000000 .LASF16
C:\Users\Andrea\AppData\Local\Temp\cc0z3rhN.s:757    .debug_str:00000109 .LASF17
C:\Users\Andrea\AppData\Local\Temp\cc0z3rhN.s:739    .debug_str:0000007e .LASF18
C:\Users\Andrea\AppData\Local\Temp\cc0z3rhN.s:801    .debug_str:00000235 .LASF19
C:\Users\Andrea\AppData\Local\Temp\cc0z3rhN.s:769    .debug_str:0000016c .LASF20
C:\Users\Andrea\AppData\Local\Temp\cc0z3rhN.s:765    .debug_str:00000153 .LASF21
C:\Users\Andrea\AppData\Local\Temp\cc0z3rhN.s:749    .debug_str:000000c9 .LASF22
C:\Users\Andrea\AppData\Local\Temp\cc0z3rhN.s:803    .debug_str:00000241 .LASF23
C:\Users\Andrea\AppData\Local\Temp\cc0z3rhN.s:741    .debug_str:0000008e .LASF24
C:\Users\Andrea\AppData\Local\Temp\cc0z3rhN.s:763    .debug_str:0000013e .LASF25
C:\Users\Andrea\AppData\Local\Temp\cc0z3rhN.s:761    .debug_str:00000135 .LASF26
C:\Users\Andrea\AppData\Local\Temp\cc0z3rhN.s:733    .debug_str:0000000f .LASF27
C:\Users\Andrea\AppData\Local\Temp\cc0z3rhN.s:743    .debug_str:0000009e .LASF28
C:\Users\Andrea\AppData\Local\Temp\cc0z3rhN.s:737    .debug_str:0000006d .LASF36
C:\Users\Andrea\AppData\Local\Temp\cc0z3rhN.s:40     .text.SST_SetState_Exe:00000028 .LFE0
C:\Users\Andrea\AppData\Local\Temp\cc0z3rhN.s:779    .debug_str:000001c2 .LASF29
C:\Users\Andrea\AppData\Local\Temp\cc0z3rhN.s:683    .debug_loc:00000000 .LLST0
C:\Users\Andrea\AppData\Local\Temp\cc0z3rhN.s:767    .debug_str:0000015f .LASF30
C:\Users\Andrea\AppData\Local\Temp\cc0z3rhN.s:731    .debug_str:00000006 .LASF37
C:\Users\Andrea\AppData\Local\Temp\cc0z3rhN.s:797    .debug_str:00000227 .LASF31
C:\Users\Andrea\AppData\Local\Temp\cc0z3rhN.s:793    .debug_str:0000020d .LASF32
C:\Users\Andrea\AppData\Local\Temp\cc0z3rhN.s:11     .text.SST_SetState_Exe:00000000 .LVL0
C:\Users\Andrea\AppData\Local\Temp\cc0z3rhN.s:18     .text.SST_SetState_Exe:0000000a .LVL1
C:\Users\Andrea\AppData\Local\Temp\cc0z3rhN.s:27     .text.SST_SetState_Exe:0000001e .LVL2
C:\Users\Andrea\AppData\Local\Temp\cc0z3rhN.s:31     .text.SST_SetState_Exe:00000020 .LVL3
C:\Users\Andrea\AppData\Local\Temp\cc0z3rhN.s:75     .debug_info:00000000 .Ldebug_info0

UNDEFINED SYMBOLS
_Interpreter_Data
