   1                             		.file	"BackupAddress.c"
   2                             		.section P,"ax"
   3                             	.Ltext0:
   4                             		.global	_AppBackupDimTab
   5                             		.section	.rodata.AppBackupDimTab,"a",@progbits
   8                             	_AppBackupDimTab:
   9 0000 06                      		.byte	6
  10 0001 06                      		.byte	6
  11 0002 05                      		.byte	5
  12 0003 05                      		.byte	5
  13 0004 05                      		.byte	5
  14 0005 03                      		.byte	3
  15 0006 07                      		.byte	7
  16 0007 0A                      		.byte	10
  17 0008 02                      		.byte	2
  18 0009 01                      		.byte	1
  19 000a 05                      		.byte	5
  20 000b 05                      		.byte	5
  21 000c 04                      		.byte	4
  22 000d 10                      		.byte	16
  23 000e 0E                      		.byte	14
  24 000f 09                      		.byte	9
  25 0010 08                      		.byte	8
  26 0011 02                      		.byte	2
  27 0012 01                      		.byte	1
  28 0013 02                      		.byte	2
  29 0014 08                      		.byte	8
  30 0015 07                      		.byte	7
  31 0016 08                      		.byte	8
  32 0017 01                      		.byte	1
  33 0018 01                      		.byte	1
  34 0019 08                      		.byte	8
  35 001a 08                      		.byte	8
  36 001b 08                      		.byte	8
  37 001c 08                      		.byte	8
  38 001d 28                      		.byte	40
  39 001e 02                      		.byte	2
  40 001f 01                      		.byte	1
  41 0020 01                      		.byte	1
  42 0021 01                      		.byte	1
  43 0022 01                      		.byte	1
  44 0023 02                      		.byte	2
  45 0024 02                      		.byte	2
  46 0025 01                      		.byte	1
  47 0026 02                      		.byte	2
  48 0027 02                      		.byte	2
  49 0028 04                      		.byte	4
  50 0029 02                      		.byte	2
  51 002a 02                      		.byte	2
  52 002b 10                      		.byte	16
  53 002c 01                      		.byte	1
  54 002d 04                      		.byte	4
  55 002e 01                      		.byte	1
  56 002f 04                      		.byte	4
  57 0030 08                      		.byte	8
  58 0031 0E                      		.byte	14
  59 0032 01                      		.byte	1
  60 0033 02                      		.byte	2
  61 0034 02                      		.byte	2
  62 0035 01                      		.byte	1
  63 0036 00                      		.byte	0
  64 0037 70                      		.byte	0x70
  65 0038 F0                      		.byte	-16
  66 0039 0F                      		.byte	15
  67 003a 0F                      		.byte	15
  68 003b 28                      		.byte	40
  69 003c A0                      		.byte	0xffffffa0
  70 003d 0E                      		.byte	14
  71 003e 02                      		.byte	2
  72 003f 01                      		.byte	1
  73 0040 00                      		.zero	1
  74                             		.global	_AppBackupAddrTab
  75                             		.section	.rodata.AppBackupAddrTab,"a",@progbits
  76                             		.balign 4
  79                             	_AppBackupAddrTab:
  80 0000 00 00 00 00             		.long	_Interpreter_Data
  81 0004 00 00 00 00             		.long	_Paused_Intpt_Data
  82 0008 00 00 00 00             		.long	_JmpPhase
  83 000c 00 00 00 00             		.long	_Paused_JmpPhase
  84 0010 00 00 00 00             		.long	_JmpPhase_Return
  85 0014 00 00 00 00             		.long	_ReturnPoint
  86 0018 00 00 00 00             		.long	_Jsr
  87 001c 00 00 00 00             		.long	_uP_Maintain_Data
  88 0020 00 00 00 00             		.long	_uP_PumpCtrl_Data
  89 0024 00 00 00 00             		.long	_uP_LoadsControl_Data
  90 0028 00 00 00 00             		.long	_loadsPulseData1
  91 002c 00 00 00 00             		.long	_loadsPulseData2
  92 0030 00 00 00 00             		.long	_uP_Drain_Data
  93 0034 00 00 00 00             		.long	_uP_Load_Data
  94 0038 00 00 00 00             		.long	_uP_LoadRestore_Data
  95 003c 00 00 00 00             		.long	_uP_Regenerate_Data
  96 0040 00 00 00 00             		.long	_uP_7liter_Data
  97 0044 00 00 00 00             		.long	_uP_7liter_dirtywater_timer
  98 0048 00 00 00 00             		.long	_uP_7liter_dirtywater_timer_cfg
  99 004c 00 00 00 00             		.long	_uP_Heat_Data
 100 0050 00 00 00 00             		.long	_uP_SparklingAid_Data
 101 0054 00 00 00 00             		.long	_uP_SetProfile_Data
 102 0058 00 00 00 00             		.long	_AADisplParams
 103 005c 00 00 00 00             		.long	_ActiveAlgorithmBmp
 104 0060 00 00 00 00             		.long	_ActiveAlgorithmBmpOld
 105 0064 00 00 00 00             		.long	_uP_AltCtrl_Data
 106 0068 00 00 00 00             		.long	_uP_SparklingAid_Data
 107 006c 00 00 00 00             		.long	_uPSparklingAid_setting_data
 108 0070 00 00 00 00             		.long	_dirty_foam_setting_data
 109 0074 00 00 00 00             		.long	_BufOldReg
 110 0078 00 00 00 00             		.long	_DelayInMinutes
 111 007c 00 00 00 00             		.long	_Flags_1
 112 0080 00 00 00 00             		.long	_Flags_2
 113 0084 00 00 00 00             		.long	_Flags_3
 114 0088 00 00 00 00             		.long	_GICriteria
 115 008c 00 00 00 00             		.long	_TurbiditySensorCal
 116 0090 00 00 00 00             		.long	_TurbiditySensorCal+2
 117 0094 00 00 00 00             		.long	_SftPulseWarn
 118 0098 00 00 00 00             		.long	_Reg_WaterLoaded
 119 009c 00 00 00 00             		.long	_FltWarning
 120 00a0 00 00 00 00             		.long	_FltHeatToutData
 121 00a4 00 00 00 00             		.long	_Flt_UnderVoltage_ResOff_timer
 122 00a8 00 00 00 00             		.long	_Flt_overheating_ResOff_timer
 123 00ac 00 00 00 00             		.long	_UIBackupData
 124 00b0 00 00 00 00             		.long	_StartedCycle
 125 00b4 00 00 00 00             		.long	_Pump_Load_Data
 126 00b8 00 00 00 00             		.long	_WaterInDW
 127 00bc 00 00 00 00             		.long	_cycle_loaded_water
 128 00c0 00 00 00 00             		.long	_ReadVS_Data
 129 00c4 00 00 00 00             		.long	_dirty_foam_Data
 130 00c8 00 00 00 00             		.long	_Aal_DF_end_always3_config
 131 00cc 00 00 00 00             		.long	_Aal_DF_end_always3_timer
 132 00d0 00 00 00 00             		.long	_State5
 133 00d4 00 00 00 00             		.long	_HarakiriLowPower
 134 00d8 00 00 00 00             		.long	0
 135 00dc 00 00 00 00             		.long	_MachineStatistics
 136 00e0 00 00 00 00             		.long	_MachineStatistics+112
 137 00e4 00 00 00 00             		.long	_MachineStatistics+352
 138 00e8 00 00 00 00             		.long	_MachineStatistics+367
 139 00ec 00 00 00 00             		.long	_MachineStatistics+382
 140 00f0 00 00 00 00             		.long	_MachineStatistics+422
 141 00f4 00 00 00 00             		.long	_TempCycle_Stats
 142 00f8 00 00 00 00             		.long	_TTEEstimation
 143 00fc 00 00 00 00             		.long	_tte_enphnospecialselapsedtime_Counter
 144 0100 FF FF FF FF             		.long	-1
 145 0104 00 00 00 00             		.zero	4
 146                             		.section P,"ax"
 147                             	.Letext0:
 148                             		.file 1 "C:\\Workspace\\FW_Inertia\\branch_indesit\\HAL\\HAL_General/StandardTypes.h"
 149                             		.file 2 "C:\\Workspace\\FW_Inertia\\branch_indesit\\ProductModules\\PM_SwTimersCounters/SwTimersCo
 150                             		.file 3 "C:\\Workspace\\FW_Inertia\\branch_indesit\\CFG_DishWasher\\CFG_Inertia/ProductSafety_cfg.
 151                             		.file 4 "C:/Workspace/FW_Inertia/branch_indesit/Inertia/General/CstmDefines.h"
 152                             		.file 5 "C:\\Workspace\\FW_Inertia\\branch_indesit\\Application_Platform/APP_Types.h"
 153                             		.file 6 "C:\\Workspace\\FW_Inertia\\branch_indesit\\ProductModules\\PM_BusCOMM/BCP_General.h"
 154                             		.file 7 "C:\\Workspace\\FW_Inertia\\branch_indesit\\CFG_DishWasher\\CFG_Inertia/BusCommPltf_cfg.h"
 155                             		.file 8 "C:/Workspace/FW_Inertia/branch_indesit/Inertia/General/CstmTypes.h"
 156                             		.file 9 "C:\\Workspace\\FW_Inertia\\branch_indesit\\ProductModules\\PM_BusCOMM/BCP_BusCommMng.h"
 157                             		.file 10 "C:\\Workspace\\FW_Inertia\\branch_indesit\\Application_Platform/APP_Global.h"
 158                             		.file 11 "C:/Workspace/FW_Inertia/branch_indesit/Inertia/General/CstmGlobal.h"
 159                             		.file 12 "C:/Workspace/FW_Inertia/branch_indesit/Inertia/General/BackupAddress.c"
DEFINED SYMBOLS
                            *ABS*:00000000 BackupAddress.c
C:\Users\Andrea\AppData\Local\Temp\ccCXsqVe.s:8      .rodata.AppBackupDimTab:00000000 _AppBackupDimTab
C:\Users\Andrea\AppData\Local\Temp\ccCXsqVe.s:79     .rodata.AppBackupAddrTab:00000000 _AppBackupAddrTab
C:\Users\Andrea\AppData\Local\Temp\ccCXsqVe.s:4139   .debug_abbrev:00000000 .Ldebug_abbrev0
C:\Users\Andrea\AppData\Local\Temp\ccCXsqVe.s:4822   .debug_str:0000053d .LASF418
C:\Users\Andrea\AppData\Local\Temp\ccCXsqVe.s:4992   .debug_str:00000a15 .LASF419
C:\Users\Andrea\AppData\Local\Temp\ccCXsqVe.s:4648   .debug_line:00000000 .Ldebug_line0
C:\Users\Andrea\AppData\Local\Temp\ccCXsqVe.s:5300   .debug_str:00001431 .LASF0
C:\Users\Andrea\AppData\Local\Temp\ccCXsqVe.s:4850   .debug_str:00000610 .LASF2
C:\Users\Andrea\AppData\Local\Temp\ccCXsqVe.s:5226   .debug_str:000011a9 .LASF1
C:\Users\Andrea\AppData\Local\Temp\ccCXsqVe.s:5182   .debug_str:00001050 .LASF3
C:\Users\Andrea\AppData\Local\Temp\ccCXsqVe.s:4940   .debug_str:00000896 .LASF4
C:\Users\Andrea\AppData\Local\Temp\ccCXsqVe.s:4812   .debug_str:000004f9 .LASF5
C:\Users\Andrea\AppData\Local\Temp\ccCXsqVe.s:5316   .debug_str:00001494 .LASF6
C:\Users\Andrea\AppData\Local\Temp\ccCXsqVe.s:5238   .debug_str:000011fe .LASF7
C:\Users\Andrea\AppData\Local\Temp\ccCXsqVe.s:4858   .debug_str:00000636 .LASF8
C:\Users\Andrea\AppData\Local\Temp\ccCXsqVe.s:5086   .debug_str:00000d42 .LASF9
C:\Users\Andrea\AppData\Local\Temp\ccCXsqVe.s:5014   .debug_str:00000afb .LASF10
C:\Users\Andrea\AppData\Local\Temp\ccCXsqVe.s:5354   .debug_str:0000160c .LASF11
C:\Users\Andrea\AppData\Local\Temp\ccCXsqVe.s:4990   .debug_str:00000a0e .LASF12
C:\Users\Andrea\AppData\Local\Temp\ccCXsqVe.s:5412   .debug_str:000017b5 .LASF13
C:\Users\Andrea\AppData\Local\Temp\ccCXsqVe.s:4772   .debug_str:000003b6 .LASF18
C:\Users\Andrea\AppData\Local\Temp\ccCXsqVe.s:5476   .debug_str:000019e4 .LASF14
C:\Users\Andrea\AppData\Local\Temp\ccCXsqVe.s:5094   .debug_str:00000d83 .LASF15
C:\Users\Andrea\AppData\Local\Temp\ccCXsqVe.s:5262   .debug_str:000012d5 .LASF16
C:\Users\Andrea\AppData\Local\Temp\ccCXsqVe.s:5314   .debug_str:0000148b .LASF17
C:\Users\Andrea\AppData\Local\Temp\ccCXsqVe.s:5194   .debug_str:000010b1 .LASF19
C:\Users\Andrea\AppData\Local\Temp\ccCXsqVe.s:4976   .debug_str:000009ac .LASF20
C:\Users\Andrea\AppData\Local\Temp\ccCXsqVe.s:5158   .debug_str:00000f97 .LASF21
C:\Users\Andrea\AppData\Local\Temp\ccCXsqVe.s:5196   .debug_str:000010c3 .LASF22
C:\Users\Andrea\AppData\Local\Temp\ccCXsqVe.s:4720   .debug_str:0000020e .LASF37
C:\Users\Andrea\AppData\Local\Temp\ccCXsqVe.s:4964   .debug_str:0000095e .LASF23
C:\Users\Andrea\AppData\Local\Temp\ccCXsqVe.s:5164   .debug_str:00000fbe .LASF24
C:\Users\Andrea\AppData\Local\Temp\ccCXsqVe.s:5078   .debug_str:00000cfd .LASF25
C:\Users\Andrea\AppData\Local\Temp\ccCXsqVe.s:5112   .debug_str:00000dfe .LASF26
C:\Users\Andrea\AppData\Local\Temp\ccCXsqVe.s:4904   .debug_str:00000771 .LASF27
C:\Users\Andrea\AppData\Local\Temp\ccCXsqVe.s:4672   .debug_str:0000009c .LASF28
C:\Users\Andrea\AppData\Local\Temp\ccCXsqVe.s:4952   .debug_str:00000905 .LASF29
C:\Users\Andrea\AppData\Local\Temp\ccCXsqVe.s:5006   .debug_str:00000ac1 .LASF30
C:\Users\Andrea\AppData\Local\Temp\ccCXsqVe.s:5248   .debug_str:0000125b .LASF31
C:\Users\Andrea\AppData\Local\Temp\ccCXsqVe.s:4872   .debug_str:000006a5 .LASF32
C:\Users\Andrea\AppData\Local\Temp\ccCXsqVe.s:4928   .debug_str:00000851 .LASF34
C:\Users\Andrea\AppData\Local\Temp\ccCXsqVe.s:5396   .debug_str:0000173c .LASF33
C:\Users\Andrea\AppData\Local\Temp\ccCXsqVe.s:4744   .debug_str:000002ca .LASF35
C:\Users\Andrea\AppData\Local\Temp\ccCXsqVe.s:5190   .debug_str:00001085 .LASF36
C:\Users\Andrea\AppData\Local\Temp\ccCXsqVe.s:4660   .debug_str:00000058 .LASF38
C:\Users\Andrea\AppData\Local\Temp\ccCXsqVe.s:4708   .debug_str:000001ac .LASF39
C:\Users\Andrea\AppData\Local\Temp\ccCXsqVe.s:5350   .debug_str:000015e9 .LASF40
C:\Users\Andrea\AppData\Local\Temp\ccCXsqVe.s:4770   .debug_str:000003a5 .LASF41
C:\Users\Andrea\AppData\Local\Temp\ccCXsqVe.s:4860   .debug_str:0000064d .LASF42
C:\Users\Andrea\AppData\Local\Temp\ccCXsqVe.s:4650   .debug_str:00000000 .LASF43
C:\Users\Andrea\AppData\Local\Temp\ccCXsqVe.s:5148   .debug_str:00000f2d .LASF44
C:\Users\Andrea\AppData\Local\Temp\ccCXsqVe.s:4838   .debug_str:000005b9 .LASF45
C:\Users\Andrea\AppData\Local\Temp\ccCXsqVe.s:5414   .debug_str:000017c1 .LASF46
C:\Users\Andrea\AppData\Local\Temp\ccCXsqVe.s:5154   .debug_str:00000f72 .LASF47
C:\Users\Andrea\AppData\Local\Temp\ccCXsqVe.s:5318   .debug_str:000014a6 .LASF48
C:\Users\Andrea\AppData\Local\Temp\ccCXsqVe.s:4868   .debug_str:0000068a .LASF49
C:\Users\Andrea\AppData\Local\Temp\ccCXsqVe.s:4950   .debug_str:000008f4 .LASF50
C:\Users\Andrea\AppData\Local\Temp\ccCXsqVe.s:5186   .debug_str:00001069 .LASF51
C:\Users\Andrea\AppData\Local\Temp\ccCXsqVe.s:4836   .debug_str:000005aa .LASF52
C:\Users\Andrea\AppData\Local\Temp\ccCXsqVe.s:4884   .debug_str:000006f4 .LASF53
C:\Users\Andrea\AppData\Local\Temp\ccCXsqVe.s:4760   .debug_str:00000349 .LASF54
C:\Users\Andrea\AppData\Local\Temp\ccCXsqVe.s:5304   .debug_str:00001444 .LASF55
C:\Users\Andrea\AppData\Local\Temp\ccCXsqVe.s:5376   .debug_str:000016c3 .LASF56
C:\Users\Andrea\AppData\Local\Temp\ccCXsqVe.s:4910   .debug_str:0000079f .LASF57
C:\Users\Andrea\AppData\Local\Temp\ccCXsqVe.s:4942   .debug_str:000008a9 .LASF58
C:\Users\Andrea\AppData\Local\Temp\ccCXsqVe.s:5330   .debug_str:00001517 .LASF59
C:\Users\Andrea\AppData\Local\Temp\ccCXsqVe.s:5066   .debug_str:00000c7c .LASF60
C:\Users\Andrea\AppData\Local\Temp\ccCXsqVe.s:4712   .debug_str:000001c2 .LASF61
C:\Users\Andrea\AppData\Local\Temp\ccCXsqVe.s:4912   .debug_str:000007ba .LASF62
C:\Users\Andrea\AppData\Local\Temp\ccCXsqVe.s:5260   .debug_str:000012c1 .LASF63
C:\Users\Andrea\AppData\Local\Temp\ccCXsqVe.s:4896   .debug_str:00000740 .LASF64
C:\Users\Andrea\AppData\Local\Temp\ccCXsqVe.s:5394   .debug_str:0000172d .LASF65
C:\Users\Andrea\AppData\Local\Temp\ccCXsqVe.s:4936   .debug_str:00000879 .LASF66
C:\Users\Andrea\AppData\Local\Temp\ccCXsqVe.s:4852   .debug_str:00000618 .LASF67
C:\Users\Andrea\AppData\Local\Temp\ccCXsqVe.s:4716   .debug_str:000001ee .LASF68
C:\Users\Andrea\AppData\Local\Temp\ccCXsqVe.s:5402   .debug_str:0000176f .LASF69
C:\Users\Andrea\AppData\Local\Temp\ccCXsqVe.s:5286   .debug_str:0000139e .LASF70
C:\Users\Andrea\AppData\Local\Temp\ccCXsqVe.s:5390   .debug_str:0000171d .LASF71
C:\Users\Andrea\AppData\Local\Temp\ccCXsqVe.s:5384   .debug_str:000016f8 .LASF72
C:\Users\Andrea\AppData\Local\Temp\ccCXsqVe.s:5474   .debug_str:000019d0 .LASF73
C:\Users\Andrea\AppData\Local\Temp\ccCXsqVe.s:5176   .debug_str:00001026 .LASF74
C:\Users\Andrea\AppData\Local\Temp\ccCXsqVe.s:5480   .debug_str:000019f1 .LASF75
C:\Users\Andrea\AppData\Local\Temp\ccCXsqVe.s:4980   .debug_str:000009c1 .LASF76
C:\Users\Andrea\AppData\Local\Temp\ccCXsqVe.s:5274   .debug_str:0000132f .LASF77
C:\Users\Andrea\AppData\Local\Temp\ccCXsqVe.s:4938   .debug_str:0000088a .LASF78
C:\Users\Andrea\AppData\Local\Temp\ccCXsqVe.s:5122   .debug_str:00000e56 .LASF79
C:\Users\Andrea\AppData\Local\Temp\ccCXsqVe.s:4784   .debug_str:0000040e .LASF80
C:\Users\Andrea\AppData\Local\Temp\ccCXsqVe.s:5124   .debug_str:00000e6c .LASF81
C:\Users\Andrea\AppData\Local\Temp\ccCXsqVe.s:5276   .debug_str:0000133f .LASF82
C:\Users\Andrea\AppData\Local\Temp\ccCXsqVe.s:5054   .debug_str:00000c23 .LASF83
C:\Users\Andrea\AppData\Local\Temp\ccCXsqVe.s:4810   .debug_str:000004e4 .LASF84
C:\Users\Andrea\AppData\Local\Temp\ccCXsqVe.s:5454   .debug_str:0000194c .LASF85
C:\Users\Andrea\AppData\Local\Temp\ccCXsqVe.s:5374   .debug_str:000016b0 .LASF86
C:\Users\Andrea\AppData\Local\Temp\ccCXsqVe.s:4690   .debug_str:00000120 .LASF87
C:\Users\Andrea\AppData\Local\Temp\ccCXsqVe.s:5052   .debug_str:00000c18 .LASF88
C:\Users\Andrea\AppData\Local\Temp\ccCXsqVe.s:4840   .debug_str:000005ca .LASF89
C:\Users\Andrea\AppData\Local\Temp\ccCXsqVe.s:5218   .debug_str:00001157 .LASF90
C:\Users\Andrea\AppData\Local\Temp\ccCXsqVe.s:4972   .debug_str:0000098d .LASF91
C:\Users\Andrea\AppData\Local\Temp\ccCXsqVe.s:5302   .debug_str:0000143e .LASF92
C:\Users\Andrea\AppData\Local\Temp\ccCXsqVe.s:5204   .debug_str:000010fc .LASF93
C:\Users\Andrea\AppData\Local\Temp\ccCXsqVe.s:4782   .debug_str:000003fd .LASF94
C:\Users\Andrea\AppData\Local\Temp\ccCXsqVe.s:5126   .debug_str:00000e7e .LASF95
C:\Users\Andrea\AppData\Local\Temp\ccCXsqVe.s:4808   .debug_str:000004d2 .LASF96
C:\Users\Andrea\AppData\Local\Temp\ccCXsqVe.s:4954   .debug_str:0000091c .LASF97
C:\Users\Andrea\AppData\Local\Temp\ccCXsqVe.s:4768   .debug_str:00000394 .LASF98
C:\Users\Andrea\AppData\Local\Temp\ccCXsqVe.s:5270   .debug_str:00001311 .LASF99
C:\Users\Andrea\AppData\Local\Temp\ccCXsqVe.s:5366   .debug_str:00001665 .LASF100
C:\Users\Andrea\AppData\Local\Temp\ccCXsqVe.s:5232   .debug_str:000011d9 .LASF101
C:\Users\Andrea\AppData\Local\Temp\ccCXsqVe.s:5140   .debug_str:00000f02 .LASF102
C:\Users\Andrea\AppData\Local\Temp\ccCXsqVe.s:4762   .debug_str:00000358 .LASF103
C:\Users\Andrea\AppData\Local\Temp\ccCXsqVe.s:4730   .debug_str:0000025c .LASF104
C:\Users\Andrea\AppData\Local\Temp\ccCXsqVe.s:4652   .debug_str:00000018 .LASF105
C:\Users\Andrea\AppData\Local\Temp\ccCXsqVe.s:4788   .debug_str:00000439 .LASF106
C:\Users\Andrea\AppData\Local\Temp\ccCXsqVe.s:5290   .debug_str:000013c0 .LASF107
C:\Users\Andrea\AppData\Local\Temp\ccCXsqVe.s:5152   .debug_str:00000f57 .LASF108
C:\Users\Andrea\AppData\Local\Temp\ccCXsqVe.s:4944   .debug_str:000008bc .LASF109
C:\Users\Andrea\AppData\Local\Temp\ccCXsqVe.s:5214   .debug_str:0000113f .LASF110
C:\Users\Andrea\AppData\Local\Temp\ccCXsqVe.s:4922   .debug_str:00000823 .LASF111
C:\Users\Andrea\AppData\Local\Temp\ccCXsqVe.s:5460   .debug_str:00001973 .LASF112
C:\Users\Andrea\AppData\Local\Temp\ccCXsqVe.s:5160   .debug_str:00000f9f .LASF113
C:\Users\Andrea\AppData\Local\Temp\ccCXsqVe.s:5294   .debug_str:000013e7 .LASF114
C:\Users\Andrea\AppData\Local\Temp\ccCXsqVe.s:5044   .debug_str:00000be0 .LASF115
C:\Users\Andrea\AppData\Local\Temp\ccCXsqVe.s:4882   .debug_str:000006e6 .LASF116
C:\Users\Andrea\AppData\Local\Temp\ccCXsqVe.s:4748   .debug_str:000002f9 .LASF117
C:\Users\Andrea\AppData\Local\Temp\ccCXsqVe.s:4932   .debug_str:00000863 .LASF118
C:\Users\Andrea\AppData\Local\Temp\ccCXsqVe.s:4682   .debug_str:000000eb .LASF119
C:\Users\Andrea\AppData\Local\Temp\ccCXsqVe.s:5332   .debug_str:0000152f .LASF120
C:\Users\Andrea\AppData\Local\Temp\ccCXsqVe.s:5050   .debug_str:00000c11 .LASF121
C:\Users\Andrea\AppData\Local\Temp\ccCXsqVe.s:4684   .debug_str:000000f6 .LASF122
C:\Users\Andrea\AppData\Local\Temp\ccCXsqVe.s:5462   .debug_str:00001980 .LASF123
C:\Users\Andrea\AppData\Local\Temp\ccCXsqVe.s:4984   .debug_str:000009d0 .LASF124
C:\Users\Andrea\AppData\Local\Temp\ccCXsqVe.s:4956   .debug_str:00000927 .LASF125
C:\Users\Andrea\AppData\Local\Temp\ccCXsqVe.s:4790   .debug_str:00000452 .LASF126
C:\Users\Andrea\AppData\Local\Temp\ccCXsqVe.s:5288   .debug_str:000013ad .LASF127
C:\Users\Andrea\AppData\Local\Temp\ccCXsqVe.s:4862   .debug_str:00000664 .LASF128
C:\Users\Andrea\AppData\Local\Temp\ccCXsqVe.s:4902   .debug_str:0000076c .LASF129
C:\Users\Andrea\AppData\Local\Temp\ccCXsqVe.s:5070   .debug_str:00000ca8 .LASF130
C:\Users\Andrea\AppData\Local\Temp\ccCXsqVe.s:5252   .debug_str:0000127a .LASF131
C:\Users\Andrea\AppData\Local\Temp\ccCXsqVe.s:5408   .debug_str:00001790 .LASF132
C:\Users\Andrea\AppData\Local\Temp\ccCXsqVe.s:4806   .debug_str:000004c1 .LASF133
C:\Users\Andrea\AppData\Local\Temp\ccCXsqVe.s:5008   .debug_str:00000ac6 .LASF134
C:\Users\Andrea\AppData\Local\Temp\ccCXsqVe.s:4888   .debug_str:00000717 .LASF135
C:\Users\Andrea\AppData\Local\Temp\ccCXsqVe.s:5202   .debug_str:000010f5 .LASF136
C:\Users\Andrea\AppData\Local\Temp\ccCXsqVe.s:4818   .debug_str:00000517 .LASF137
C:\Users\Andrea\AppData\Local\Temp\ccCXsqVe.s:4924   .debug_str:00000830 .LASF138
C:\Users\Andrea\AppData\Local\Temp\ccCXsqVe.s:5040   .debug_str:00000bb7 .LASF139
C:\Users\Andrea\AppData\Local\Temp\ccCXsqVe.s:4930   .debug_str:00000859 .LASF140
C:\Users\Andrea\AppData\Local\Temp\ccCXsqVe.s:4668   .debug_str:0000007f .LASF141
C:\Users\Andrea\AppData\Local\Temp\ccCXsqVe.s:5364   .debug_str:00001654 .LASF142
C:\Users\Andrea\AppData\Local\Temp\ccCXsqVe.s:5434   .debug_str:00001885 .LASF143
C:\Users\Andrea\AppData\Local\Temp\ccCXsqVe.s:4680   .debug_str:000000e5 .LASF144
C:\Users\Andrea\AppData\Local\Temp\ccCXsqVe.s:4766   .debug_str:0000037e .LASF145
C:\Users\Andrea\AppData\Local\Temp\ccCXsqVe.s:4722   .debug_str:0000021d .LASF146
C:\Users\Andrea\AppData\Local\Temp\ccCXsqVe.s:5018   .debug_str:00000b0d .LASF147
C:\Users\Andrea\AppData\Local\Temp\ccCXsqVe.s:5096   .debug_str:00000d8e .LASF148
C:\Users\Andrea\AppData\Local\Temp\ccCXsqVe.s:5240   .debug_str:00001207 .LASF149
C:\Users\Andrea\AppData\Local\Temp\ccCXsqVe.s:5416   .debug_str:000017d3 .LASF150
C:\Users\Andrea\AppData\Local\Temp\ccCXsqVe.s:4662   .debug_str:0000006b .LASF151
C:\Users\Andrea\AppData\Local\Temp\ccCXsqVe.s:5146   .debug_str:00000f24 .LASF152
C:\Users\Andrea\AppData\Local\Temp\ccCXsqVe.s:4906   .debug_str:00000787 .LASF153
C:\Users\Andrea\AppData\Local\Temp\ccCXsqVe.s:5162   .debug_str:00000fac .LASF154
C:\Users\Andrea\AppData\Local\Temp\ccCXsqVe.s:5424   .debug_str:0000180d .LASF155
C:\Users\Andrea\AppData\Local\Temp\ccCXsqVe.s:4736   .debug_str:00000290 .LASF156
C:\Users\Andrea\AppData\Local\Temp\ccCXsqVe.s:5410   .debug_str:000017a7 .LASF157
C:\Users\Andrea\AppData\Local\Temp\ccCXsqVe.s:5468   .debug_str:000019a7 .LASF158
C:\Users\Andrea\AppData\Local\Temp\ccCXsqVe.s:4966   .debug_str:0000096f .LASF159
C:\Users\Andrea\AppData\Local\Temp\ccCXsqVe.s:4828   .debug_str:0000057e .LASF160
C:\Users\Andrea\AppData\Local\Temp\ccCXsqVe.s:5170   .debug_str:00000ffe .LASF161
C:\Users\Andrea\AppData\Local\Temp\ccCXsqVe.s:4854   .debug_str:00000625 .LASF162
C:\Users\Andrea\AppData\Local\Temp\ccCXsqVe.s:5310   .debug_str:00001471 .LASF163
C:\Users\Andrea\AppData\Local\Temp\ccCXsqVe.s:5372   .debug_str:0000169b .LASF164
C:\Users\Andrea\AppData\Local\Temp\ccCXsqVe.s:5166   .debug_str:00000fd4 .LASF165
C:\Users\Andrea\AppData\Local\Temp\ccCXsqVe.s:5116   .debug_str:00000e1d .LASF166
C:\Users\Andrea\AppData\Local\Temp\ccCXsqVe.s:5168   .debug_str:00000fed .LASF167
C:\Users\Andrea\AppData\Local\Temp\ccCXsqVe.s:4764   .debug_str:0000036c .LASF168
C:\Users\Andrea\AppData\Local\Temp\ccCXsqVe.s:5326   .debug_str:000014f3 .LASF169
C:\Users\Andrea\AppData\Local\Temp\ccCXsqVe.s:5458   .debug_str:00001962 .LASF170
C:\Users\Andrea\AppData\Local\Temp\ccCXsqVe.s:5256   .debug_str:0000129a .LASF171
C:\Users\Andrea\AppData\Local\Temp\ccCXsqVe.s:4894   .debug_str:0000073b .LASF172
C:\Users\Andrea\AppData\Local\Temp\ccCXsqVe.s:5000   .debug_str:00000aa4 .LASF173
C:\Users\Andrea\AppData\Local\Temp\ccCXsqVe.s:4732   .debug_str:0000026e .LASF174
C:\Users\Andrea\AppData\Local\Temp\ccCXsqVe.s:5156   .debug_str:00000f80 .LASF175
C:\Users\Andrea\AppData\Local\Temp\ccCXsqVe.s:4792   .debug_str:00000465 .LASF176
C:\Users\Andrea\AppData\Local\Temp\ccCXsqVe.s:4844   .debug_str:000005e3 .LASF177
C:\Users\Andrea\AppData\Local\Temp\ccCXsqVe.s:5142   .debug_str:00000f0c .LASF178
C:\Users\Andrea\AppData\Local\Temp\ccCXsqVe.s:5130   .debug_str:00000ea4 .LASF179
C:\Users\Andrea\AppData\Local\Temp\ccCXsqVe.s:5484   .debug_str:00001a12 .LASF180
C:\Users\Andrea\AppData\Local\Temp\ccCXsqVe.s:5488   .debug_str:00001a32 .LASF181
C:\Users\Andrea\AppData\Local\Temp\ccCXsqVe.s:5048   .debug_str:00000c01 .LASF182
C:\Users\Andrea\AppData\Local\Temp\ccCXsqVe.s:4880   .debug_str:000006dd .LASF183
C:\Users\Andrea\AppData\Local\Temp\ccCXsqVe.s:5334   .debug_str:00001543 .LASF184
C:\Users\Andrea\AppData\Local\Temp\ccCXsqVe.s:4830   .debug_str:00000589 .LASF185
C:\Users\Andrea\AppData\Local\Temp\ccCXsqVe.s:4892   .debug_str:00000736 .LASF186
C:\Users\Andrea\AppData\Local\Temp\ccCXsqVe.s:5022   .debug_str:00000b32 .LASF187
C:\Users\Andrea\AppData\Local\Temp\ccCXsqVe.s:5174   .debug_str:00001015 .LASF188
C:\Users\Andrea\AppData\Local\Temp\ccCXsqVe.s:5278   .debug_str:00001357 .LASF189
C:\Users\Andrea\AppData\Local\Temp\ccCXsqVe.s:5072   .debug_str:00000cba .LASF190
C:\Users\Andrea\AppData\Local\Temp\ccCXsqVe.s:4820   .debug_str:00000526 .LASF191
C:\Users\Andrea\AppData\Local\Temp\ccCXsqVe.s:5120   .debug_str:00000e43 .LASF192
C:\Users\Andrea\AppData\Local\Temp\ccCXsqVe.s:5104   .debug_str:00000dc8 .LASF193
C:\Users\Andrea\AppData\Local\Temp\ccCXsqVe.s:5298   .debug_str:00001423 .LASF194
C:\Users\Andrea\AppData\Local\Temp\ccCXsqVe.s:4694   .debug_str:00000149 .LASF195
C:\Users\Andrea\AppData\Local\Temp\ccCXsqVe.s:5420   .debug_str:000017f6 .LASF196
C:\Users\Andrea\AppData\Local\Temp\ccCXsqVe.s:4878   .debug_str:000006d0 .LASF197
C:\Users\Andrea\AppData\Local\Temp\ccCXsqVe.s:5090   .debug_str:00000d5c .LASF198
C:\Users\Andrea\AppData\Local\Temp\ccCXsqVe.s:5292   .debug_str:000013dd .LASF199
C:\Users\Andrea\AppData\Local\Temp\ccCXsqVe.s:4890   .debug_str:00000727 .LASF200
C:\Users\Andrea\AppData\Local\Temp\ccCXsqVe.s:5212   .debug_str:0000112a .LASF201
C:\Users\Andrea\AppData\Local\Temp\ccCXsqVe.s:4724   .debug_str:00000230 .LASF202
C:\Users\Andrea\AppData\Local\Temp\ccCXsqVe.s:4958   .debug_str:0000092f .LASF203
C:\Users\Andrea\AppData\Local\Temp\ccCXsqVe.s:5320   .debug_str:000014b6 .LASF204
C:\Users\Andrea\AppData\Local\Temp\ccCXsqVe.s:5002   .debug_str:00000aac .LASF205
C:\Users\Andrea\AppData\Local\Temp\ccCXsqVe.s:5180   .debug_str:00001045 .LASF206
C:\Users\Andrea\AppData\Local\Temp\ccCXsqVe.s:5210   .debug_str:00001123 .LASF207
C:\Users\Andrea\AppData\Local\Temp\ccCXsqVe.s:5340   .debug_str:00001582 .LASF208
C:\Users\Andrea\AppData\Local\Temp\ccCXsqVe.s:4886   .debug_str:00000702 .LASF209
C:\Users\Andrea\AppData\Local\Temp\ccCXsqVe.s:5192   .debug_str:000010a3 .LASF210
C:\Users\Andrea\AppData\Local\Temp\ccCXsqVe.s:5188   .debug_str:00001076 .LASF211
C:\Users\Andrea\AppData\Local\Temp\ccCXsqVe.s:4826   .debug_str:00000572 .LASF212
C:\Users\Andrea\AppData\Local\Temp\ccCXsqVe.s:4948   .debug_str:000008db .LASF213
C:\Users\Andrea\AppData\Local\Temp\ccCXsqVe.s:5280   .debug_str:0000136c .LASF214
C:\Users\Andrea\AppData\Local\Temp\ccCXsqVe.s:4960   .debug_str:0000093e .LASF215
C:\Users\Andrea\AppData\Local\Temp\ccCXsqVe.s:5448   .debug_str:00001909 .LASF216
C:\Users\Andrea\AppData\Local\Temp\ccCXsqVe.s:5150   .debug_str:00000f43 .LASF217
C:\Users\Andrea\AppData\Local\Temp\ccCXsqVe.s:4908   .debug_str:00000790 .LASF218
C:\Users\Andrea\AppData\Local\Temp\ccCXsqVe.s:5236   .debug_str:000011f1 .LASF219
C:\Users\Andrea\AppData\Local\Temp\ccCXsqVe.s:4874   .debug_str:000006b8 .LASF220
C:\Users\Andrea\AppData\Local\Temp\ccCXsqVe.s:4866   .debug_str:00000681 .LASF221
C:\Users\Andrea\AppData\Local\Temp\ccCXsqVe.s:5362   .debug_str:00001648 .LASF222
C:\Users\Andrea\AppData\Local\Temp\ccCXsqVe.s:4758   .debug_str:0000033e .LASF223
C:\Users\Andrea\AppData\Local\Temp\ccCXsqVe.s:4742   .debug_str:000002bc .LASF224
C:\Users\Andrea\AppData\Local\Temp\ccCXsqVe.s:4802   .debug_str:000004a0 .LASF225
C:\Users\Andrea\AppData\Local\Temp\ccCXsqVe.s:5378   .debug_str:000016cf .LASF226
C:\Users\Andrea\AppData\Local\Temp\ccCXsqVe.s:5268   .debug_str:00001300 .LASF227
C:\Users\Andrea\AppData\Local\Temp\ccCXsqVe.s:5470   .debug_str:000019af .LASF228
C:\Users\Andrea\AppData\Local\Temp\ccCXsqVe.s:4710   .debug_str:000001bb .LASF280
C:\Users\Andrea\AppData\Local\Temp\ccCXsqVe.s:4996   .debug_str:00000a6c .LASF229
C:\Users\Andrea\AppData\Local\Temp\ccCXsqVe.s:4982   .debug_str:000009c7 .LASF230
C:\Users\Andrea\AppData\Local\Temp\ccCXsqVe.s:4666   .debug_str:00000078 .LASF231
C:\Users\Andrea\AppData\Local\Temp\ccCXsqVe.s:5244   .debug_str:00001236 .LASF232
C:\Users\Andrea\AppData\Local\Temp\ccCXsqVe.s:4988   .debug_str:000009ec .LASF233
C:\Users\Andrea\AppData\Local\Temp\ccCXsqVe.s:4706   .debug_str:0000019d .LASF234
C:\Users\Andrea\AppData\Local\Temp\ccCXsqVe.s:5036   .debug_str:00000b8c .LASF235
C:\Users\Andrea\AppData\Local\Temp\ccCXsqVe.s:4774   .debug_str:000003bd .LASF236
C:\Users\Andrea\AppData\Local\Temp\ccCXsqVe.s:4746   .debug_str:000002e4 .LASF237
C:\Users\Andrea\AppData\Local\Temp\ccCXsqVe.s:4778   .debug_str:000003e3 .LASF238
C:\Users\Andrea\AppData\Local\Temp\ccCXsqVe.s:4750   .debug_str:00000306 .LASF239
C:\Users\Andrea\AppData\Local\Temp\ccCXsqVe.s:5264   .debug_str:000012e3 .LASF240
C:\Users\Andrea\AppData\Local\Temp\ccCXsqVe.s:5368   .debug_str:0000167a .LASF241
C:\Users\Andrea\AppData\Local\Temp\ccCXsqVe.s:5234   .debug_str:000011de .LASF242
C:\Users\Andrea\AppData\Local\Temp\ccCXsqVe.s:4714   .debug_str:000001dd .LASF243
C:\Users\Andrea\AppData\Local\Temp\ccCXsqVe.s:5312   .debug_str:00001476 .LASF244
C:\Users\Andrea\AppData\Local\Temp\ccCXsqVe.s:4670   .debug_str:0000008a .LASF245
C:\Users\Andrea\AppData\Local\Temp\ccCXsqVe.s:4798   .debug_str:00000483 .LASF246
C:\Users\Andrea\AppData\Local\Temp\ccCXsqVe.s:5392   .debug_str:00001726 .LASF247
C:\Users\Andrea\AppData\Local\Temp\ccCXsqVe.s:4726   .debug_str:0000023e .LASF248
C:\Users\Andrea\AppData\Local\Temp\ccCXsqVe.s:5026   .debug_str:00000b50 .LASF249
C:\Users\Andrea\AppData\Local\Temp\ccCXsqVe.s:5138   .debug_str:00000eec .LASF250
C:\Users\Andrea\AppData\Local\Temp\ccCXsqVe.s:4780   .debug_str:000003f1 .LASF251
C:\Users\Andrea\AppData\Local\Temp\ccCXsqVe.s:5348   .debug_str:000015dc .LASF252
C:\Users\Andrea\AppData\Local\Temp\ccCXsqVe.s:5254   .debug_str:00001292 .LASF253
C:\Users\Andrea\AppData\Local\Temp\ccCXsqVe.s:5056   .debug_str:00000c33 .LASF254
C:\Users\Andrea\AppData\Local\Temp\ccCXsqVe.s:5322   .debug_str:000014ce .LASF255
C:\Users\Andrea\AppData\Local\Temp\ccCXsqVe.s:5064   .debug_str:00000c6d .LASF256
C:\Users\Andrea\AppData\Local\Temp\ccCXsqVe.s:5012   .debug_str:00000aeb .LASF257
C:\Users\Andrea\AppData\Local\Temp\ccCXsqVe.s:4970   .debug_str:00000988 .LASF258
C:\Users\Andrea\AppData\Local\Temp\ccCXsqVe.s:5438   .debug_str:000018b4 .LASF259
C:\Users\Andrea\AppData\Local\Temp\ccCXsqVe.s:5450   .debug_str:00001921 .LASF260
C:\Users\Andrea\AppData\Local\Temp\ccCXsqVe.s:4734   .debug_str:0000027d .LASF261
C:\Users\Andrea\AppData\Local\Temp\ccCXsqVe.s:4968   .debug_str:00000974 .LASF262
C:\Users\Andrea\AppData\Local\Temp\ccCXsqVe.s:5452   .debug_str:0000193a .LASF263
C:\Users\Andrea\AppData\Local\Temp\ccCXsqVe.s:4934   .debug_str:00000872 .LASF264
C:\Users\Andrea\AppData\Local\Temp\ccCXsqVe.s:4674   .debug_str:000000b1 .LASF265
C:\Users\Andrea\AppData\Local\Temp\ccCXsqVe.s:5216   .debug_str:0000114c .LASF266
C:\Users\Andrea\AppData\Local\Temp\ccCXsqVe.s:4740   .debug_str:000002ac .LASF267
C:\Users\Andrea\AppData\Local\Temp\ccCXsqVe.s:5388   .debug_str:0000170c .LASF268
C:\Users\Andrea\AppData\Local\Temp\ccCXsqVe.s:5482   .debug_str:000019f7 .LASF269
C:\Users\Andrea\AppData\Local\Temp\ccCXsqVe.s:4656   .debug_str:0000003f .LASF270
C:\Users\Andrea\AppData\Local\Temp\ccCXsqVe.s:4702   .debug_str:0000017f .LASF271
C:\Users\Andrea\AppData\Local\Temp\ccCXsqVe.s:5444   .debug_str:000018e2 .LASF272
C:\Users\Andrea\AppData\Local\Temp\ccCXsqVe.s:5456   .debug_str:00001955 .LASF273
C:\Users\Andrea\AppData\Local\Temp\ccCXsqVe.s:5308   .debug_str:0000145f .LASF274
C:\Users\Andrea\AppData\Local\Temp\ccCXsqVe.s:4776   .debug_str:000003cb .LASF275
C:\Users\Andrea\AppData\Local\Temp\ccCXsqVe.s:4848   .debug_str:000005f8 .LASF276
C:\Users\Andrea\AppData\Local\Temp\ccCXsqVe.s:4920   .debug_str:0000080f .LASF277
C:\Users\Andrea\AppData\Local\Temp\ccCXsqVe.s:4700   .debug_str:00000176 .LASF278
C:\Users\Andrea\AppData\Local\Temp\ccCXsqVe.s:4824   .debug_str:00000563 .LASF279
C:\Users\Andrea\AppData\Local\Temp\ccCXsqVe.s:5296   .debug_str:000013f8 .LASF281
C:\Users\Andrea\AppData\Local\Temp\ccCXsqVe.s:5338   .debug_str:00001559 .LASF282
C:\Users\Andrea\AppData\Local\Temp\ccCXsqVe.s:5428   .debug_str:00001827 .LASF283
C:\Users\Andrea\AppData\Local\Temp\ccCXsqVe.s:4754   .debug_str:00000319 .LASF284
C:\Users\Andrea\AppData\Local\Temp\ccCXsqVe.s:5220   .debug_str:0000116a .LASF285
C:\Users\Andrea\AppData\Local\Temp\ccCXsqVe.s:5062   .debug_str:00000c55 .LASF286
C:\Users\Andrea\AppData\Local\Temp\ccCXsqVe.s:4692   .debug_str:00000134 .LASF287
C:\Users\Andrea\AppData\Local\Temp\ccCXsqVe.s:5092   .debug_str:00000d6c .LASF288
C:\Users\Andrea\AppData\Local\Temp\ccCXsqVe.s:4916   .debug_str:000007e7 .LASF289
C:\Users\Andrea\AppData\Local\Temp\ccCXsqVe.s:5336   .debug_str:00001551 .LASF290
C:\Users\Andrea\AppData\Local\Temp\ccCXsqVe.s:5224   .debug_str:0000118f .LASF291
C:\Users\Andrea\AppData\Local\Temp\ccCXsqVe.s:5258   .debug_str:000012af .LASF292
C:\Users\Andrea\AppData\Local\Temp\ccCXsqVe.s:5076   .debug_str:00000ce3 .LASF293
C:\Users\Andrea\AppData\Local\Temp\ccCXsqVe.s:4856   .debug_str:0000062e .LASF294
C:\Users\Andrea\AppData\Local\Temp\ccCXsqVe.s:4676   .debug_str:000000c8 .LASF295
C:\Users\Andrea\AppData\Local\Temp\ccCXsqVe.s:4898   .debug_str:00000751 .LASF296
C:\Users\Andrea\AppData\Local\Temp\ccCXsqVe.s:5242   .debug_str:0000121a .LASF297
C:\Users\Andrea\AppData\Local\Temp\ccCXsqVe.s:5486   .debug_str:00001a28 .LASF298
C:\Users\Andrea\AppData\Local\Temp\ccCXsqVe.s:5084   .debug_str:00000d33 .LASF299
C:\Users\Andrea\AppData\Local\Temp\ccCXsqVe.s:5382   .debug_str:000016e5 .LASF300
C:\Users\Andrea\AppData\Local\Temp\ccCXsqVe.s:5042   .debug_str:00000bd1 .LASF301
C:\Users\Andrea\AppData\Local\Temp\ccCXsqVe.s:4704   .debug_str:00000195 .LASF302
C:\Users\Andrea\AppData\Local\Temp\ccCXsqVe.s:4688   .debug_str:00000118 .LASF303
C:\Users\Andrea\AppData\Local\Temp\ccCXsqVe.s:4686   .debug_str:00000103 .LASF304
C:\Users\Andrea\AppData\Local\Temp\ccCXsqVe.s:5178   .debug_str:00001034 .LASF305
C:\Users\Andrea\AppData\Local\Temp\ccCXsqVe.s:5272   .debug_str:00001322 .LASF306
C:\Users\Andrea\AppData\Local\Temp\ccCXsqVe.s:5128   .debug_str:00000e8e .LASF307
C:\Users\Andrea\AppData\Local\Temp\ccCXsqVe.s:5436   .debug_str:0000189c .LASF308
C:\Users\Andrea\AppData\Local\Temp\ccCXsqVe.s:4978   .debug_str:000009b1 .LASF309
C:\Users\Andrea\AppData\Local\Temp\ccCXsqVe.s:5082   .debug_str:00000d13 .LASF310
C:\Users\Andrea\AppData\Local\Temp\ccCXsqVe.s:4900   .debug_str:0000075b .LASF311
C:\Users\Andrea\AppData\Local\Temp\ccCXsqVe.s:4846   .debug_str:000005ef .LASF312
C:\Users\Andrea\AppData\Local\Temp\ccCXsqVe.s:5136   .debug_str:00000ede .LASF313
C:\Users\Andrea\AppData\Local\Temp\ccCXsqVe.s:4800   .debug_str:00000493 .LASF314
C:\Users\Andrea\AppData\Local\Temp\ccCXsqVe.s:5198   .debug_str:000010d5 .LASF315
C:\Users\Andrea\AppData\Local\Temp\ccCXsqVe.s:5132   .debug_str:00000eba .LASF316
C:\Users\Andrea\AppData\Local\Temp\ccCXsqVe.s:5134   .debug_str:00000ed1 .LASF317
C:\Users\Andrea\AppData\Local\Temp\ccCXsqVe.s:5306   .debug_str:00001455 .LASF318
C:\Users\Andrea\AppData\Local\Temp\ccCXsqVe.s:5046   .debug_str:00000bf1 .LASF319
C:\Users\Andrea\AppData\Local\Temp\ccCXsqVe.s:5108   .debug_str:00000ddc .LASF320
C:\Users\Andrea\AppData\Local\Temp\ccCXsqVe.s:5208   .debug_str:0000111b .LASF321
C:\Users\Andrea\AppData\Local\Temp\ccCXsqVe.s:5328   .debug_str:00001509 .LASF322
C:\Users\Andrea\AppData\Local\Temp\ccCXsqVe.s:5080   .debug_str:00000d0b .LASF323
C:\Users\Andrea\AppData\Local\Temp\ccCXsqVe.s:5342   .debug_str:00001599 .LASF324
C:\Users\Andrea\AppData\Local\Temp\ccCXsqVe.s:5386   .debug_str:000016fe .LASF325
C:\Users\Andrea\AppData\Local\Temp\ccCXsqVe.s:4832   .debug_str:00000596 .LASF326
C:\Users\Andrea\AppData\Local\Temp\ccCXsqVe.s:5060   .debug_str:00000c4b .LASF327
C:\Users\Andrea\AppData\Local\Temp\ccCXsqVe.s:4816   .debug_str:0000050b .LASF328
C:\Users\Andrea\AppData\Local\Temp\ccCXsqVe.s:5246   .debug_str:00001244 .LASF329
C:\Users\Andrea\AppData\Local\Temp\ccCXsqVe.s:4664   .debug_str:00000072 .LASF330
C:\Users\Andrea\AppData\Local\Temp\ccCXsqVe.s:5356   .debug_str:0000161a .LASF331
C:\Users\Andrea\AppData\Local\Temp\ccCXsqVe.s:5074   .debug_str:00000cd2 .LASF332
C:\Users\Andrea\AppData\Local\Temp\ccCXsqVe.s:4834   .debug_str:000005a4 .LASF333
C:\Users\Andrea\AppData\Local\Temp\ccCXsqVe.s:4738   .debug_str:0000029d .LASF334
C:\Users\Andrea\AppData\Local\Temp\ccCXsqVe.s:5440   .debug_str:000018c6 .LASF335
C:\Users\Andrea\AppData\Local\Temp\ccCXsqVe.s:5058   .debug_str:00000c3e .LASF336
C:\Users\Andrea\AppData\Local\Temp\ccCXsqVe.s:4946   .debug_str:000008c9 .LASF337
C:\Users\Andrea\AppData\Local\Temp\ccCXsqVe.s:5426   .debug_str:0000181d .LASF338
C:\Users\Andrea\AppData\Local\Temp\ccCXsqVe.s:5088   .debug_str:00000d50 .LASF339
C:\Users\Andrea\AppData\Local\Temp\ccCXsqVe.s:4986   .debug_str:000009dc .LASF340
C:\Users\Andrea\AppData\Local\Temp\ccCXsqVe.s:5106   .debug_str:00000dd4 .LASF341
C:\Users\Andrea\AppData\Local\Temp\ccCXsqVe.s:4962   .debug_str:00000955 .LASF342
C:\Users\Andrea\AppData\Local\Temp\ccCXsqVe.s:5110   .debug_str:00000ded .LASF343
C:\Users\Andrea\AppData\Local\Temp\ccCXsqVe.s:5478   .debug_str:000019e9 .LASF344
C:\Users\Andrea\AppData\Local\Temp\ccCXsqVe.s:5360   .debug_str:0000163c .LASF345
C:\Users\Andrea\AppData\Local\Temp\ccCXsqVe.s:4926   .debug_str:00000842 .LASF346
C:\Users\Andrea\AppData\Local\Temp\ccCXsqVe.s:4870   .debug_str:00000699 .LASF347
C:\Users\Andrea\AppData\Local\Temp\ccCXsqVe.s:5406   .debug_str:00001786 .LASF348
C:\Users\Andrea\AppData\Local\Temp\ccCXsqVe.s:5380   .debug_str:000016d5 .LASF349
C:\Users\Andrea\AppData\Local\Temp\ccCXsqVe.s:5430   .debug_str:00001851 .LASF350
C:\Users\Andrea\AppData\Local\Temp\ccCXsqVe.s:5038   .debug_str:00000b9c .LASF351
C:\Users\Andrea\AppData\Local\Temp\ccCXsqVe.s:5230   .debug_str:000011c6 .LASF352
C:\Users\Andrea\AppData\Local\Temp\ccCXsqVe.s:5284   .debug_str:00001392 .LASF353
C:\Users\Andrea\AppData\Local\Temp\ccCXsqVe.s:4796   .debug_str:00000478 .LASF354
C:\Users\Andrea\AppData\Local\Temp\ccCXsqVe.s:5016   .debug_str:00000b03 .LASF355
C:\Users\Andrea\AppData\Local\Temp\ccCXsqVe.s:5114   .debug_str:00000e10 .LASF356
C:\Users\Andrea\AppData\Local\Temp\ccCXsqVe.s:5206   .debug_str:0000110c .LASF357
C:\Users\Andrea\AppData\Local\Temp\ccCXsqVe.s:5398   .debug_str:00001756 .LASF358
C:\Users\Andrea\AppData\Local\Temp\ccCXsqVe.s:5472   .debug_str:000019be .LASF359
C:\Users\Andrea\AppData\Local\Temp\ccCXsqVe.s:5404   .debug_str:0000177e .LASF360
C:\Users\Andrea\AppData\Local\Temp\ccCXsqVe.s:5172   .debug_str:00001007 .LASF361
C:\Users\Andrea\AppData\Local\Temp\ccCXsqVe.s:5344   .debug_str:000015a1 .LASF362
C:\Users\Andrea\AppData\Local\Temp\ccCXsqVe.s:4698   .debug_str:00000165 .LASF363
C:\Users\Andrea\AppData\Local\Temp\ccCXsqVe.s:4814   .debug_str:00000502 .LASF364
C:\Users\Andrea\AppData\Local\Temp\ccCXsqVe.s:5358   .debug_str:0000162c .LASF365
C:\Users\Andrea\AppData\Local\Temp\ccCXsqVe.s:4654   .debug_str:0000002f .LASF366
C:\Users\Andrea\AppData\Local\Temp\ccCXsqVe.s:5250   .debug_str:0000126e .LASF367
C:\Users\Andrea\AppData\Local\Temp\ccCXsqVe.s:5418   .debug_str:000017e3 .LASF368
C:\Users\Andrea\AppData\Local\Temp\ccCXsqVe.s:4864   .debug_str:0000066b .LASF369
C:\Users\Andrea\AppData\Local\Temp\ccCXsqVe.s:4752   .debug_str:0000030b .LASF370
C:\Users\Andrea\AppData\Local\Temp\ccCXsqVe.s:5020   .debug_str:00000b21 .LASF371
C:\Users\Andrea\AppData\Local\Temp\ccCXsqVe.s:5442   .debug_str:000018d0 .LASF372
C:\Users\Andrea\AppData\Local\Temp\ccCXsqVe.s:5200   .debug_str:000010e2 .LASF373
C:\Users\Andrea\AppData\Local\Temp\ccCXsqVe.s:5370   .debug_str:0000168e .LASF374
C:\Users\Andrea\AppData\Local\Temp\ccCXsqVe.s:4658   .debug_str:00000049 .LASF375
C:\Users\Andrea\AppData\Local\Temp\ccCXsqVe.s:5184   .debug_str:00001059 .LASF376
C:\Users\Andrea\AppData\Local\Temp\ccCXsqVe.s:5144   .debug_str:00000f19 .LASF377
C:\Users\Andrea\AppData\Local\Temp\ccCXsqVe.s:5446   .debug_str:000018ed .LASF378
C:\Users\Andrea\AppData\Local\Temp\ccCXsqVe.s:5432   .debug_str:0000186d .LASF379
C:\Users\Andrea\AppData\Local\Temp\ccCXsqVe.s:5228   .debug_str:000011b3 .LASF380
C:\Users\Andrea\AppData\Local\Temp\ccCXsqVe.s:4876   .debug_str:000006c4 .LASF381
C:\Users\Andrea\AppData\Local\Temp\ccCXsqVe.s:5282   .debug_str:00001382 .LASF382
C:\Users\Andrea\AppData\Local\Temp\ccCXsqVe.s:5466   .debug_str:000019a0 .LASF383
C:\Users\Andrea\AppData\Local\Temp\ccCXsqVe.s:5464   .debug_str:00001986 .LASF384
C:\Users\Andrea\AppData\Local\Temp\ccCXsqVe.s:4756   .debug_str:00000325 .LASF385
C:\Users\Andrea\AppData\Local\Temp\ccCXsqVe.s:5024   .debug_str:00000b43 .LASF386
C:\Users\Andrea\AppData\Local\Temp\ccCXsqVe.s:5400   .debug_str:00001764 .LASF387
C:\Users\Andrea\AppData\Local\Temp\ccCXsqVe.s:4994   .debug_str:00000a5c .LASF388
C:\Users\Andrea\AppData\Local\Temp\ccCXsqVe.s:4918   .debug_str:000007f1 .LASF389
C:\Users\Andrea\AppData\Local\Temp\ccCXsqVe.s:4998   .debug_str:00000a87 .LASF390
C:\Users\Andrea\AppData\Local\Temp\ccCXsqVe.s:4728   .debug_str:0000024d .LASF391
C:\Users\Andrea\AppData\Local\Temp\ccCXsqVe.s:5068   .debug_str:00000c97 .LASF392
C:\Users\Andrea\AppData\Local\Temp\ccCXsqVe.s:5346   .debug_str:000015c7 .LASF393
C:\Users\Andrea\AppData\Local\Temp\ccCXsqVe.s:5098   .debug_str:00000d9b .LASF394
C:\Users\Andrea\AppData\Local\Temp\ccCXsqVe.s:5100   .debug_str:00000dab .LASF395
C:\Users\Andrea\AppData\Local\Temp\ccCXsqVe.s:4914   .debug_str:000007d6 .LASF396
C:\Users\Andrea\AppData\Local\Temp\ccCXsqVe.s:4974   .debug_str:0000099e .LASF397
C:\Users\Andrea\AppData\Local\Temp\ccCXsqVe.s:4804   .debug_str:000004b2 .LASF398
C:\Users\Andrea\AppData\Local\Temp\ccCXsqVe.s:4786   .debug_str:0000041a .LASF399
C:\Users\Andrea\AppData\Local\Temp\ccCXsqVe.s:5222   .debug_str:00001174 .LASF400
C:\Users\Andrea\AppData\Local\Temp\ccCXsqVe.s:4718   .debug_str:000001fe .LASF401
C:\Users\Andrea\AppData\Local\Temp\ccCXsqVe.s:5422   .debug_str:00001800 .LASF402
C:\Users\Andrea\AppData\Local\Temp\ccCXsqVe.s:5102   .debug_str:00000dbb .LASF403
C:\Users\Andrea\AppData\Local\Temp\ccCXsqVe.s:5324   .debug_str:000014df .LASF404
C:\Users\Andrea\AppData\Local\Temp\ccCXsqVe.s:4842   .debug_str:000005d0 .LASF405
C:\Users\Andrea\AppData\Local\Temp\ccCXsqVe.s:5352   .debug_str:000015f9 .LASF406
C:\Users\Andrea\AppData\Local\Temp\ccCXsqVe.s:5010   .debug_str:00000ad6 .LASF407
C:\Users\Andrea\AppData\Local\Temp\ccCXsqVe.s:4794   .debug_str:0000046e .LASF408
C:\Users\Andrea\AppData\Local\Temp\ccCXsqVe.s:5004   .debug_str:00000ab7 .LASF409
C:\Users\Andrea\AppData\Local\Temp\ccCXsqVe.s:5118   .debug_str:00000e31 .LASF410
C:\Users\Andrea\AppData\Local\Temp\ccCXsqVe.s:5266   .debug_str:000012f3 .LASF411
C:\Users\Andrea\AppData\Local\Temp\ccCXsqVe.s:4678   .debug_str:000000d5 .LASF412
C:\Users\Andrea\AppData\Local\Temp\ccCXsqVe.s:5030   .debug_str:00000b74 .LASF413
C:\Users\Andrea\AppData\Local\Temp\ccCXsqVe.s:5032   .debug_str:00000b7c .LASF414
C:\Users\Andrea\AppData\Local\Temp\ccCXsqVe.s:5034   .debug_str:00000b84 .LASF415
C:\Users\Andrea\AppData\Local\Temp\ccCXsqVe.s:5028   .debug_str:00000b63 .LASF416
C:\Users\Andrea\AppData\Local\Temp\ccCXsqVe.s:4696   .debug_str:00000155 .LASF417
C:\Users\Andrea\AppData\Local\Temp\ccCXsqVe.s:161    .debug_info:00000000 .Ldebug_info0

UNDEFINED SYMBOLS
_Interpreter_Data
_Paused_Intpt_Data
_JmpPhase
_Paused_JmpPhase
_JmpPhase_Return
_ReturnPoint
_Jsr
_uP_Maintain_Data
_uP_PumpCtrl_Data
_uP_LoadsControl_Data
_loadsPulseData1
_loadsPulseData2
_uP_Drain_Data
_uP_Load_Data
_uP_LoadRestore_Data
_uP_Regenerate_Data
_uP_7liter_Data
_uP_7liter_dirtywater_timer
_uP_7liter_dirtywater_timer_cfg
_uP_Heat_Data
_uP_SparklingAid_Data
_uP_SetProfile_Data
_AADisplParams
_ActiveAlgorithmBmp
_ActiveAlgorithmBmpOld
_uP_AltCtrl_Data
_uPSparklingAid_setting_data
_dirty_foam_setting_data
_BufOldReg
_DelayInMinutes
_Flags_1
_Flags_2
_Flags_3
_GICriteria
_TurbiditySensorCal
_SftPulseWarn
_Reg_WaterLoaded
_FltWarning
_FltHeatToutData
_Flt_UnderVoltage_ResOff_timer
_Flt_overheating_ResOff_timer
_UIBackupData
_StartedCycle
_Pump_Load_Data
_WaterInDW
_cycle_loaded_water
_ReadVS_Data
_dirty_foam_Data
_Aal_DF_end_always3_config
_Aal_DF_end_always3_timer
_State5
_HarakiriLowPower
_MachineStatistics
_TempCycle_Stats
_TTEEstimation
_tte_enphnospecialselapsedtime_Counter
