   1                             		.file	"crc.c"
   2                             		.section P,"ax"
   3                             	.Ltext0:
   4                             		.section	.text.CRC_Init,"ax",@progbits
   5                             		.global	_CRC_Init
   7                             	_CRC_Init:
   8                             	.LFB0:
   9                             		.file 1 "C:/Workspace/FW_Inertia/branch_indesit/HAL/RN_RX200/IEC60335_B_libs/src/ROM/crc.c"
   1:C:/Workspace/FW_Inertia/branch_indesit/HAL/RN_RX200/IEC60335_B_libs/src/ROM\crc.c **** /*******************************************************************************
   2:C:/Workspace/FW_Inertia/branch_indesit/HAL/RN_RX200/IEC60335_B_libs/src/ROM\crc.c **** * DISCLAIMER
   3:C:/Workspace/FW_Inertia/branch_indesit/HAL/RN_RX200/IEC60335_B_libs/src/ROM\crc.c **** * This software is supplied by Renesas Electronics Corporation and is only
   4:C:/Workspace/FW_Inertia/branch_indesit/HAL/RN_RX200/IEC60335_B_libs/src/ROM\crc.c **** * intended for use with Renesas products. No other uses are authorized. This
   5:C:/Workspace/FW_Inertia/branch_indesit/HAL/RN_RX200/IEC60335_B_libs/src/ROM\crc.c **** * software is owned by Renesas Electronics Corporation and is protected under
   6:C:/Workspace/FW_Inertia/branch_indesit/HAL/RN_RX200/IEC60335_B_libs/src/ROM\crc.c **** * all applicable laws, including copyright laws.
   7:C:/Workspace/FW_Inertia/branch_indesit/HAL/RN_RX200/IEC60335_B_libs/src/ROM\crc.c **** * THIS SOFTWARE IS PROVIDED "AS IS" AND RENESAS MAKES NO WARRANTIES REGARDING
   8:C:/Workspace/FW_Inertia/branch_indesit/HAL/RN_RX200/IEC60335_B_libs/src/ROM\crc.c **** * THIS SOFTWARE, WHETHER EXPRESS, IMPLIED OR STATUTORY, INCLUDING BUT NOT
   9:C:/Workspace/FW_Inertia/branch_indesit/HAL/RN_RX200/IEC60335_B_libs/src/ROM\crc.c **** * LIMITED TO WARRANTIES OF MERCHANTABILITY, FITNESS FOR A PARTICULAR PURPOSE
  10:C:/Workspace/FW_Inertia/branch_indesit/HAL/RN_RX200/IEC60335_B_libs/src/ROM\crc.c **** * AND NON-INFRINGEMENT. ALL SUCH WARRANTIES ARE EXPRESSLY DISCLAIMED.
  11:C:/Workspace/FW_Inertia/branch_indesit/HAL/RN_RX200/IEC60335_B_libs/src/ROM\crc.c **** * TO THE MAXIMUM EXTENT PERMITTED NOT PROHIBITED BY LAW, NEITHER RENESAS
  12:C:/Workspace/FW_Inertia/branch_indesit/HAL/RN_RX200/IEC60335_B_libs/src/ROM\crc.c **** * ELECTRONICS CORPORATION NOR ANY OF ITS AFFILIATED COMPANIES SHALL BE LIABLE
  13:C:/Workspace/FW_Inertia/branch_indesit/HAL/RN_RX200/IEC60335_B_libs/src/ROM\crc.c **** * FOR ANY DIRECT, INDIRECT, SPECIAL, INCIDENTAL OR CONSEQUENTIAL DAMAGES FOR
  14:C:/Workspace/FW_Inertia/branch_indesit/HAL/RN_RX200/IEC60335_B_libs/src/ROM\crc.c **** * ANY REASON RELATED TO THIS SOFTWARE, EVEN IF RENESAS OR ITS AFFILIATES HAVE
  15:C:/Workspace/FW_Inertia/branch_indesit/HAL/RN_RX200/IEC60335_B_libs/src/ROM\crc.c **** * BEEN ADVISED OF THE POSSIBILITY OF SUCH DAMAGES.
  16:C:/Workspace/FW_Inertia/branch_indesit/HAL/RN_RX200/IEC60335_B_libs/src/ROM\crc.c **** * Renesas reserves the right, without notice, to make changes to this software
  17:C:/Workspace/FW_Inertia/branch_indesit/HAL/RN_RX200/IEC60335_B_libs/src/ROM\crc.c **** * and to discontinue the availability of this software. By using this software,
  18:C:/Workspace/FW_Inertia/branch_indesit/HAL/RN_RX200/IEC60335_B_libs/src/ROM\crc.c **** * you agree to the additional terms and conditions found by accessing the
  19:C:/Workspace/FW_Inertia/branch_indesit/HAL/RN_RX200/IEC60335_B_libs/src/ROM\crc.c **** * following link:
  20:C:/Workspace/FW_Inertia/branch_indesit/HAL/RN_RX200/IEC60335_B_libs/src/ROM\crc.c **** * http://www.renesas.com/disclaimer
  21:C:/Workspace/FW_Inertia/branch_indesit/HAL/RN_RX200/IEC60335_B_libs/src/ROM\crc.c **** *******************************************************************************/
  22:C:/Workspace/FW_Inertia/branch_indesit/HAL/RN_RX200/IEC60335_B_libs/src/ROM\crc.c **** /* Copyright (C) 2010 Renesas Electronics Corporation. All rights reserved. */
  23:C:/Workspace/FW_Inertia/branch_indesit/HAL/RN_RX200/IEC60335_B_libs/src/ROM\crc.c **** /**********************************************************************
  24:C:/Workspace/FW_Inertia/branch_indesit/HAL/RN_RX200/IEC60335_B_libs/src/ROM\crc.c **** * File Name : CRC.c
  25:C:/Workspace/FW_Inertia/branch_indesit/HAL/RN_RX200/IEC60335_B_libs/src/ROM\crc.c **** * Version : 1.00
  26:C:/Workspace/FW_Inertia/branch_indesit/HAL/RN_RX200/IEC60335_B_libs/src/ROM\crc.c **** * Device : RX210
  27:C:/Workspace/FW_Inertia/branch_indesit/HAL/RN_RX200/IEC60335_B_libs/src/ROM\crc.c **** * Tool Chain :
  28:C:/Workspace/FW_Inertia/branch_indesit/HAL/RN_RX200/IEC60335_B_libs/src/ROM\crc.c **** * H/W Platform : 
  29:C:/Workspace/FW_Inertia/branch_indesit/HAL/RN_RX200/IEC60335_B_libs/src/ROM\crc.c **** * Description : Functions for calculating CRC for a range or ranges of memory.
  30:C:/Workspace/FW_Inertia/branch_indesit/HAL/RN_RX200/IEC60335_B_libs/src/ROM\crc.c **** *
  31:C:/Workspace/FW_Inertia/branch_indesit/HAL/RN_RX200/IEC60335_B_libs/src/ROM\crc.c **** *	Calculates the CRC of a specified memory area or memory areas.
  32:C:/Workspace/FW_Inertia/branch_indesit/HAL/RN_RX200/IEC60335_B_libs/src/ROM\crc.c **** *	NOTE:
  33:C:/Workspace/FW_Inertia/branch_indesit/HAL/RN_RX200/IEC60335_B_libs/src/ROM\crc.c **** *	This produces same CRC-CCITT result as Renesas RX Toolchain does
  34:C:/Workspace/FW_Inertia/branch_indesit/HAL/RN_RX200/IEC60335_B_libs/src/ROM\crc.c **** *	using -crc option.  (Initial Value = 0xFFFF, Final XOR with 0xFFFF.)
  35:C:/Workspace/FW_Inertia/branch_indesit/HAL/RN_RX200/IEC60335_B_libs/src/ROM\crc.c **** **********************************************************************/
  36:C:/Workspace/FW_Inertia/branch_indesit/HAL/RN_RX200/IEC60335_B_libs/src/ROM\crc.c **** 
  37:C:/Workspace/FW_Inertia/branch_indesit/HAL/RN_RX200/IEC60335_B_libs/src/ROM\crc.c **** /**********************************************************************************
  38:C:/Workspace/FW_Inertia/branch_indesit/HAL/RN_RX200/IEC60335_B_libs/src/ROM\crc.c **** Revision History
  39:C:/Workspace/FW_Inertia/branch_indesit/HAL/RN_RX200/IEC60335_B_libs/src/ROM\crc.c **** DD-MMM-YYYY OSO-UID Description
  40:C:/Workspace/FW_Inertia/branch_indesit/HAL/RN_RX200/IEC60335_B_libs/src/ROM\crc.c **** 20-Jan-2011 RTE-PJI First Release
  41:C:/Workspace/FW_Inertia/branch_indesit/HAL/RN_RX200/IEC60335_B_libs/src/ROM\crc.c **** 03-Feb-2011 VDE (Version 1.0) (RX62T)
  42:C:/Workspace/FW_Inertia/branch_indesit/HAL/RN_RX200/IEC60335_B_libs/src/ROM\crc.c **** 15-Nov-2011 VDE (Version 1.1) (RX210)
  43:C:/Workspace/FW_Inertia/branch_indesit/HAL/RN_RX200/IEC60335_B_libs/src/ROM\crc.c **** ***********************************************************************************/
  44:C:/Workspace/FW_Inertia/branch_indesit/HAL/RN_RX200/IEC60335_B_libs/src/ROM\crc.c **** 
  45:C:/Workspace/FW_Inertia/branch_indesit/HAL/RN_RX200/IEC60335_B_libs/src/ROM\crc.c **** /**********************************************************************
  46:C:/Workspace/FW_Inertia/branch_indesit/HAL/RN_RX200/IEC60335_B_libs/src/ROM\crc.c **** Includes
  47:C:/Workspace/FW_Inertia/branch_indesit/HAL/RN_RX200/IEC60335_B_libs/src/ROM\crc.c **** **********************************************************************/
  48:C:/Workspace/FW_Inertia/branch_indesit/HAL/RN_RX200/IEC60335_B_libs/src/ROM\crc.c **** #include "RN_RX200_reg.h"
  49:C:/Workspace/FW_Inertia/branch_indesit/HAL/RN_RX200/IEC60335_B_libs/src/ROM\crc.c **** #include "CRC.h"
  50:C:/Workspace/FW_Inertia/branch_indesit/HAL/RN_RX200/IEC60335_B_libs/src/ROM\crc.c **** 
  51:C:/Workspace/FW_Inertia/branch_indesit/HAL/RN_RX200/IEC60335_B_libs/src/ROM\crc.c **** 
  52:C:/Workspace/FW_Inertia/branch_indesit/HAL/RN_RX200/IEC60335_B_libs/src/ROM\crc.c **** /**********************************************************************
  53:C:/Workspace/FW_Inertia/branch_indesit/HAL/RN_RX200/IEC60335_B_libs/src/ROM\crc.c **** Functions
  54:C:/Workspace/FW_Inertia/branch_indesit/HAL/RN_RX200/IEC60335_B_libs/src/ROM\crc.c **** **********************************************************************/
  55:C:/Workspace/FW_Inertia/branch_indesit/HAL/RN_RX200/IEC60335_B_libs/src/ROM\crc.c **** 
  56:C:/Workspace/FW_Inertia/branch_indesit/HAL/RN_RX200/IEC60335_B_libs/src/ROM\crc.c **** /***********************************************************************************
  57:C:/Workspace/FW_Inertia/branch_indesit/HAL/RN_RX200/IEC60335_B_libs/src/ROM\crc.c **** Function Name : CRC_Init
  58:C:/Workspace/FW_Inertia/branch_indesit/HAL/RN_RX200/IEC60335_B_libs/src/ROM\crc.c **** Description   : Initialise the CRC module for CRC-CCITT
  59:C:/Workspace/FW_Inertia/branch_indesit/HAL/RN_RX200/IEC60335_B_libs/src/ROM\crc.c **** 				This function must be used before any other function in this module.
  60:C:/Workspace/FW_Inertia/branch_indesit/HAL/RN_RX200/IEC60335_B_libs/src/ROM\crc.c **** 				
  61:C:/Workspace/FW_Inertia/branch_indesit/HAL/RN_RX200/IEC60335_B_libs/src/ROM\crc.c **** Parameters    :
  62:C:/Workspace/FW_Inertia/branch_indesit/HAL/RN_RX200/IEC60335_B_libs/src/ROM\crc.c **** Return value  : 
  63:C:/Workspace/FW_Inertia/branch_indesit/HAL/RN_RX200/IEC60335_B_libs/src/ROM\crc.c **** ***********************************************************************************/
  64:C:/Workspace/FW_Inertia/branch_indesit/HAL/RN_RX200/IEC60335_B_libs/src/ROM\crc.c **** void CRC_Init(void)
  65:C:/Workspace/FW_Inertia/branch_indesit/HAL/RN_RX200/IEC60335_B_libs/src/ROM\crc.c **** {
  10                             		.loc 1 65 0
  66:C:/Workspace/FW_Inertia/branch_indesit/HAL/RN_RX200/IEC60335_B_libs/src/ROM\crc.c **** 	/*Disable register protection (PRC1)*/
  67:C:/Workspace/FW_Inertia/branch_indesit/HAL/RN_RX200/IEC60335_B_libs/src/ROM\crc.c **** 	SYSTEM.PRCR.WORD = 0xA502;	
  11                             		.loc 1 67 0
  12 0000 FB EE 00 00 08          		mov.L	#0x80000, r14
  13 0005 FA E9 FF 01 02 A5       		mov.W	#0xffffa502, 1022[r14]
  68:C:/Workspace/FW_Inertia/branch_indesit/HAL/RN_RX200/IEC60335_B_libs/src/ROM\crc.c **** 	/*Enable CRC module*/
  69:C:/Workspace/FW_Inertia/branch_indesit/HAL/RN_RX200/IEC60335_B_libs/src/ROM\crc.c **** 	SYSTEM.MSTPCRB.BIT.MSTPB23 = 0;
  14                             		.loc 1 69 0
  15 000b ED E4 05                		mov.L	20[r14], r4
  16 000e 7B 74                   		bclr	#23, r4
  17 0010 E7 E4 05                		mov.L	r4, 20[r14]
  70:C:/Workspace/FW_Inertia/branch_indesit/HAL/RN_RX200/IEC60335_B_libs/src/ROM\crc.c **** 	/*Re-Enable register protection*/
  71:C:/Workspace/FW_Inertia/branch_indesit/HAL/RN_RX200/IEC60335_B_libs/src/ROM\crc.c **** 	SYSTEM.PRCR.WORD = 0xA500;
  18                             		.loc 1 71 0
  19 0013 FA E9 FF 01 00 A5       		mov.W	#0xffffa500, 1022[r14]
  72:C:/Workspace/FW_Inertia/branch_indesit/HAL/RN_RX200/IEC60335_B_libs/src/ROM\crc.c **** 	
  73:C:/Workspace/FW_Inertia/branch_indesit/HAL/RN_RX200/IEC60335_B_libs/src/ROM\crc.c **** 	/*Configure CRC Control Register:
  74:C:/Workspace/FW_Inertia/branch_indesit/HAL/RN_RX200/IEC60335_B_libs/src/ROM\crc.c **** 	1.Set Polynomial to CRC-CCITT XModem (h'1021)
  75:C:/Workspace/FW_Inertia/branch_indesit/HAL/RN_RX200/IEC60335_B_libs/src/ROM\crc.c **** 		(p(x) = x ** 16 + x ** 12 + x ** 5 + 1)
  76:C:/Workspace/FW_Inertia/branch_indesit/HAL/RN_RX200/IEC60335_B_libs/src/ROM\crc.c **** 	2.Set MSB First. (This makes result agree with online CRC calculators.)
  77:C:/Workspace/FW_Inertia/branch_indesit/HAL/RN_RX200/IEC60335_B_libs/src/ROM\crc.c **** 	3.Clear CRCDOR register*/	
  78:C:/Workspace/FW_Inertia/branch_indesit/HAL/RN_RX200/IEC60335_B_libs/src/ROM\crc.c **** 	CRC.CRCCR.BYTE = 0x87;
  20                             		.loc 1 78 0
  21 0019 FB EE 80 82 08          		mov.L	#0x88280, r14
  22 001e F8 E4 87                		mov.B	#0xffffff87, [r14]
  23 0021 02                      		rts
  24                             	.LFE0:
  26                             		.section	.text.CRC_Start,"ax",@progbits
  27                             		.global	_CRC_Start
  29                             	_CRC_Start:
  30                             	.LFB2:
  79:C:/Workspace/FW_Inertia/branch_indesit/HAL/RN_RX200/IEC60335_B_libs/src/ROM\crc.c **** }
  80:C:/Workspace/FW_Inertia/branch_indesit/HAL/RN_RX200/IEC60335_B_libs/src/ROM\crc.c **** 
  81:C:/Workspace/FW_Inertia/branch_indesit/HAL/RN_RX200/IEC60335_B_libs/src/ROM\crc.c **** /***********************************************************************************
  82:C:/Workspace/FW_Inertia/branch_indesit/HAL/RN_RX200/IEC60335_B_libs/src/ROM\crc.c **** Function Name : CRC_Calculate
  83:C:/Workspace/FW_Inertia/branch_indesit/HAL/RN_RX200/IEC60335_B_libs/src/ROM\crc.c **** Description   : Calculate CRC on supplied data. (Single address range)
  84:C:/Workspace/FW_Inertia/branch_indesit/HAL/RN_RX200/IEC60335_B_libs/src/ROM\crc.c **** 				
  85:C:/Workspace/FW_Inertia/branch_indesit/HAL/RN_RX200/IEC60335_B_libs/src/ROM\crc.c **** Parameters    : pui8_Data: Start address of dta
  86:C:/Workspace/FW_Inertia/branch_indesit/HAL/RN_RX200/IEC60335_B_libs/src/ROM\crc.c **** 			    ui32_Length : Number of bytes of data.
  87:C:/Workspace/FW_Inertia/branch_indesit/HAL/RN_RX200/IEC60335_B_libs/src/ROM\crc.c **** 				
  88:C:/Workspace/FW_Inertia/branch_indesit/HAL/RN_RX200/IEC60335_B_libs/src/ROM\crc.c **** Return value  : Calculated CRC
  89:C:/Workspace/FW_Inertia/branch_indesit/HAL/RN_RX200/IEC60335_B_libs/src/ROM\crc.c **** ***********************************************************************************/
  90:C:/Workspace/FW_Inertia/branch_indesit/HAL/RN_RX200/IEC60335_B_libs/src/ROM\crc.c **** uint16_t CRC_Calculate(const uint8_t* pui8_Data,
  91:C:/Workspace/FW_Inertia/branch_indesit/HAL/RN_RX200/IEC60335_B_libs/src/ROM\crc.c **** 					   uint32_t ui32_Length)
  92:C:/Workspace/FW_Inertia/branch_indesit/HAL/RN_RX200/IEC60335_B_libs/src/ROM\crc.c **** {
  93:C:/Workspace/FW_Inertia/branch_indesit/HAL/RN_RX200/IEC60335_B_libs/src/ROM\crc.c **** 	CRC_Start();
  94:C:/Workspace/FW_Inertia/branch_indesit/HAL/RN_RX200/IEC60335_B_libs/src/ROM\crc.c **** 	
  95:C:/Workspace/FW_Inertia/branch_indesit/HAL/RN_RX200/IEC60335_B_libs/src/ROM\crc.c **** 	CRC_AddRange(pui8_Data, ui32_Length);
  96:C:/Workspace/FW_Inertia/branch_indesit/HAL/RN_RX200/IEC60335_B_libs/src/ROM\crc.c **** 	
  97:C:/Workspace/FW_Inertia/branch_indesit/HAL/RN_RX200/IEC60335_B_libs/src/ROM\crc.c **** 	return CRC_Result();
  98:C:/Workspace/FW_Inertia/branch_indesit/HAL/RN_RX200/IEC60335_B_libs/src/ROM\crc.c **** }
  99:C:/Workspace/FW_Inertia/branch_indesit/HAL/RN_RX200/IEC60335_B_libs/src/ROM\crc.c **** 
 100:C:/Workspace/FW_Inertia/branch_indesit/HAL/RN_RX200/IEC60335_B_libs/src/ROM\crc.c **** /***********************************************************************************
 101:C:/Workspace/FW_Inertia/branch_indesit/HAL/RN_RX200/IEC60335_B_libs/src/ROM\crc.c **** Function Name : CRC_Start
 102:C:/Workspace/FW_Inertia/branch_indesit/HAL/RN_RX200/IEC60335_B_libs/src/ROM\crc.c **** Description   : Call this function before using the CRC_AddRange function to
 103:C:/Workspace/FW_Inertia/branch_indesit/HAL/RN_RX200/IEC60335_B_libs/src/ROM\crc.c **** 				add the first address range.
 104:C:/Workspace/FW_Inertia/branch_indesit/HAL/RN_RX200/IEC60335_B_libs/src/ROM\crc.c **** 				Re-sets the CRC module to a start condition.
 105:C:/Workspace/FW_Inertia/branch_indesit/HAL/RN_RX200/IEC60335_B_libs/src/ROM\crc.c **** 				
 106:C:/Workspace/FW_Inertia/branch_indesit/HAL/RN_RX200/IEC60335_B_libs/src/ROM\crc.c **** Parameters    :
 107:C:/Workspace/FW_Inertia/branch_indesit/HAL/RN_RX200/IEC60335_B_libs/src/ROM\crc.c **** Return value  : 
 108:C:/Workspace/FW_Inertia/branch_indesit/HAL/RN_RX200/IEC60335_B_libs/src/ROM\crc.c **** ***********************************************************************************/
 109:C:/Workspace/FW_Inertia/branch_indesit/HAL/RN_RX200/IEC60335_B_libs/src/ROM\crc.c **** void CRC_Start(void)
 110:C:/Workspace/FW_Inertia/branch_indesit/HAL/RN_RX200/IEC60335_B_libs/src/ROM\crc.c **** {
  31                             		.loc 1 110 0
 111:C:/Workspace/FW_Inertia/branch_indesit/HAL/RN_RX200/IEC60335_B_libs/src/ROM\crc.c **** 	/*Clear any previous result.*/
 112:C:/Workspace/FW_Inertia/branch_indesit/HAL/RN_RX200/IEC60335_B_libs/src/ROM\crc.c **** 	CRC.CRCCR.BIT.DORCLR = 1;
  32                             		.loc 1 112 0
  33 0000 FB EE 80 82 08          		mov.L	#0x88280, r14
  34 0005 CC E4                   		mov.B	[r14], r4
  35 0007 78 74                   		bset	#7, r4
  36 0009 C3 E4                   		mov.B	r4, [r14]
 113:C:/Workspace/FW_Inertia/branch_indesit/HAL/RN_RX200/IEC60335_B_libs/src/ROM\crc.c **** 	
 114:C:/Workspace/FW_Inertia/branch_indesit/HAL/RN_RX200/IEC60335_B_libs/src/ROM\crc.c **** 	/*Initial value */
 115:C:/Workspace/FW_Inertia/branch_indesit/HAL/RN_RX200/IEC60335_B_libs/src/ROM\crc.c **** 	CRC.CRCDOR = 0xFFFF;
  37                             		.loc 1 115 0
  38 000b F9 E5 01 FF             		mov.W	#-1, 2[r14]
  39 000f 02                      		rts
  40                             	.LFE2:
  42                             		.section	.text.CRC_AddRange,"ax",@progbits
  43                             		.global	_CRC_AddRange
  45                             	_CRC_AddRange:
  46                             	.LFB3:
 116:C:/Workspace/FW_Inertia/branch_indesit/HAL/RN_RX200/IEC60335_B_libs/src/ROM\crc.c **** }
 117:C:/Workspace/FW_Inertia/branch_indesit/HAL/RN_RX200/IEC60335_B_libs/src/ROM\crc.c **** 
 118:C:/Workspace/FW_Inertia/branch_indesit/HAL/RN_RX200/IEC60335_B_libs/src/ROM\crc.c **** /***********************************************************************************
 119:C:/Workspace/FW_Inertia/branch_indesit/HAL/RN_RX200/IEC60335_B_libs/src/ROM\crc.c **** Function Name : CRC_AddRange
 120:C:/Workspace/FW_Inertia/branch_indesit/HAL/RN_RX200/IEC60335_B_libs/src/ROM\crc.c **** Description   : Use this function rather than CRC_Calculate if wanting
 121:C:/Workspace/FW_Inertia/branch_indesit/HAL/RN_RX200/IEC60335_B_libs/src/ROM\crc.c **** 				to calculate the CRC on data made up of more than one address range.
 122:C:/Workspace/FW_Inertia/branch_indesit/HAL/RN_RX200/IEC60335_B_libs/src/ROM\crc.c **** 				Call CRC_Start first then CRC_AddRange for each address range
 123:C:/Workspace/FW_Inertia/branch_indesit/HAL/RN_RX200/IEC60335_B_libs/src/ROM\crc.c **** 				required and then call CRC_Result to get the CRC value.
 124:C:/Workspace/FW_Inertia/branch_indesit/HAL/RN_RX200/IEC60335_B_libs/src/ROM\crc.c **** 				
 125:C:/Workspace/FW_Inertia/branch_indesit/HAL/RN_RX200/IEC60335_B_libs/src/ROM\crc.c **** Parameters    : pui8_Data: Start address of dta
 126:C:/Workspace/FW_Inertia/branch_indesit/HAL/RN_RX200/IEC60335_B_libs/src/ROM\crc.c **** 			    ui32_Length : Number of bytes of data.
 127:C:/Workspace/FW_Inertia/branch_indesit/HAL/RN_RX200/IEC60335_B_libs/src/ROM\crc.c **** Return value  : 
 128:C:/Workspace/FW_Inertia/branch_indesit/HAL/RN_RX200/IEC60335_B_libs/src/ROM\crc.c **** ***********************************************************************************/					  
 129:C:/Workspace/FW_Inertia/branch_indesit/HAL/RN_RX200/IEC60335_B_libs/src/ROM\crc.c **** void CRC_AddRange(const uint8_t* pui8_Data,
 130:C:/Workspace/FW_Inertia/branch_indesit/HAL/RN_RX200/IEC60335_B_libs/src/ROM\crc.c **** 					  uint32_t ui32_Length)
 131:C:/Workspace/FW_Inertia/branch_indesit/HAL/RN_RX200/IEC60335_B_libs/src/ROM\crc.c **** {
  47                             		.loc 1 131 0
  48                             	.LVL0:
 129:C:/Workspace/FW_Inertia/branch_indesit/HAL/RN_RX200/IEC60335_B_libs/src/ROM\crc.c **** void CRC_AddRange(const uint8_t* pui8_Data,
  49                             		.loc 1 129 0
  50 0000 4B 12                   		add	r1, r2
  51                             	.LVL1:
 132:C:/Workspace/FW_Inertia/branch_indesit/HAL/RN_RX200/IEC60335_B_libs/src/ROM\crc.c **** 	/*Write the data a byte at a time to the CRC Data Input register.*/
 133:C:/Workspace/FW_Inertia/branch_indesit/HAL/RN_RX200/IEC60335_B_libs/src/ROM\crc.c **** 	while(0 != ui32_Length)
 134:C:/Workspace/FW_Inertia/branch_indesit/HAL/RN_RX200/IEC60335_B_libs/src/ROM\crc.c **** 	{	
 135:C:/Workspace/FW_Inertia/branch_indesit/HAL/RN_RX200/IEC60335_B_libs/src/ROM\crc.c **** 		CRC.CRCDIR = *pui8_Data;
  52                             		.loc 1 135 0
  53 0002 FB EE 80 82 08          		mov.L	#0x88280, r14
 133:C:/Workspace/FW_Inertia/branch_indesit/HAL/RN_RX200/IEC60335_B_libs/src/ROM\crc.c **** 	while(0 != ui32_Length)
  54                             		.loc 1 133 0
  55 0007 0F                      		bra	.L4
  56                             	.LVL2:
  57                             	.L5:
  58                             		.loc 1 135 0
  59 0008 FD 28 14                		mov.B	[r1+], r4
  60                             	.LVL3:
  61 000b C7 E4 01                		mov.B	r4, 1[r14]
  62                             	.LVL4:
  63                             		.balign 2,3,1
  64                             	.L4:
 133:C:/Workspace/FW_Inertia/branch_indesit/HAL/RN_RX200/IEC60335_B_libs/src/ROM\crc.c **** 	while(0 != ui32_Length)
  65                             		.loc 1 133 0 discriminator 1
  66 000e 47 21                   		cmp	r2, r1
  67 0010 21 F8                   		bne	.L5
 136:C:/Workspace/FW_Inertia/branch_indesit/HAL/RN_RX200/IEC60335_B_libs/src/ROM\crc.c **** 		/*Onto the next byte*/
 137:C:/Workspace/FW_Inertia/branch_indesit/HAL/RN_RX200/IEC60335_B_libs/src/ROM\crc.c **** 		pui8_Data++;
 138:C:/Workspace/FW_Inertia/branch_indesit/HAL/RN_RX200/IEC60335_B_libs/src/ROM\crc.c **** 		ui32_Length--;
 139:C:/Workspace/FW_Inertia/branch_indesit/HAL/RN_RX200/IEC60335_B_libs/src/ROM\crc.c **** 	}
 140:C:/Workspace/FW_Inertia/branch_indesit/HAL/RN_RX200/IEC60335_B_libs/src/ROM\crc.c **** }
  68                             		.loc 1 140 0
  69 0012 02                      		rts
  70                             	.LFE3:
  72 0013 03                      		.section	.text.CRC_Calculate,"ax",@progbits
  73                             		.global	_CRC_Calculate
  75                             	_CRC_Calculate:
  76                             	.LFB1:
  92:C:/Workspace/FW_Inertia/branch_indesit/HAL/RN_RX200/IEC60335_B_libs/src/ROM\crc.c **** {
  77                             		.loc 1 92 0
  78                             	.LVL5:
  79 0000 60 80                   		sub	#8, r0
  80                             	.LCFI0:
  93:C:/Workspace/FW_Inertia/branch_indesit/HAL/RN_RX200/IEC60335_B_libs/src/ROM\crc.c **** 	CRC_Start();
  81                             		.loc 1 93 0
  82 0002 E3 01                   		mov.L	r1, [r0]
  83 0004 A0 0A                   		mov.L	r2, 4[r0]
  84 0006 05 00 00 00             		bsr	_CRC_Start
  85                             	.LVL6:
  95:C:/Workspace/FW_Inertia/branch_indesit/HAL/RN_RX200/IEC60335_B_libs/src/ROM\crc.c **** 	CRC_AddRange(pui8_Data, ui32_Length);
  86                             		.loc 1 95 0
  87 000a EC 01                   		mov.L	[r0], r1
  88 000c A8 0A                   		mov.L	4[r0], r2
  89 000e 05 00 00 00             		bsr	_CRC_AddRange
  90                             	.LVL7:
  91                             	.LBB4:
  92                             	.LBB5:
 141:C:/Workspace/FW_Inertia/branch_indesit/HAL/RN_RX200/IEC60335_B_libs/src/ROM\crc.c **** 
 142:C:/Workspace/FW_Inertia/branch_indesit/HAL/RN_RX200/IEC60335_B_libs/src/ROM\crc.c **** /***********************************************************************************
 143:C:/Workspace/FW_Inertia/branch_indesit/HAL/RN_RX200/IEC60335_B_libs/src/ROM\crc.c **** Function Name : CRC_Result
 144:C:/Workspace/FW_Inertia/branch_indesit/HAL/RN_RX200/IEC60335_B_libs/src/ROM\crc.c **** Description   : use this function to get a CRC result after adding supplying data
 145:C:/Workspace/FW_Inertia/branch_indesit/HAL/RN_RX200/IEC60335_B_libs/src/ROM\crc.c **** 				using CRC_AddRange function.			
 146:C:/Workspace/FW_Inertia/branch_indesit/HAL/RN_RX200/IEC60335_B_libs/src/ROM\crc.c **** Parameters    :
 147:C:/Workspace/FW_Inertia/branch_indesit/HAL/RN_RX200/IEC60335_B_libs/src/ROM\crc.c **** Return value  : CRC value
 148:C:/Workspace/FW_Inertia/branch_indesit/HAL/RN_RX200/IEC60335_B_libs/src/ROM\crc.c **** ***********************************************************************************/
 149:C:/Workspace/FW_Inertia/branch_indesit/HAL/RN_RX200/IEC60335_B_libs/src/ROM\crc.c **** uint16_t CRC_Result(void)
 150:C:/Workspace/FW_Inertia/branch_indesit/HAL/RN_RX200/IEC60335_B_libs/src/ROM\crc.c **** {
 151:C:/Workspace/FW_Inertia/branch_indesit/HAL/RN_RX200/IEC60335_B_libs/src/ROM\crc.c **** 	/*Return the CRC result.
 152:C:/Workspace/FW_Inertia/branch_indesit/HAL/RN_RX200/IEC60335_B_libs/src/ROM\crc.c **** 	This is as read from CRC Data Ouput register and bit inversed*/
 153:C:/Workspace/FW_Inertia/branch_indesit/HAL/RN_RX200/IEC60335_B_libs/src/ROM\crc.c **** 	return (uint16_t)~CRC.CRCDOR;
  93                             		.loc 1 153 0
  94 0012 FB EE 80 82 08          		mov.L	#0x88280, r14
  95 0017 DD E1 01                		mov.W	2[r14], r1
  96 001a 7E 01                   		not	r1
  97                             	.LBE5:
  98                             	.LBE4:
  98:C:/Workspace/FW_Inertia/branch_indesit/HAL/RN_RX200/IEC60335_B_libs/src/ROM\crc.c **** }
  99                             		.loc 1 98 0
 100 001c 5F 11                   		movu.W	r1, r1
 101 001e 67 02                   		rtsd	#8
 102                             	.LFE1:
 104                             		.section	.text.CRC_Result,"ax",@progbits
 105                             		.global	_CRC_Result
 107                             	_CRC_Result:
 108                             	.LFB4:
 150:C:/Workspace/FW_Inertia/branch_indesit/HAL/RN_RX200/IEC60335_B_libs/src/ROM\crc.c **** {
 109                             		.loc 1 150 0
 110                             		.loc 1 153 0
 111 0000 FB EE 80 82 08          		mov.L	#0x88280, r14
 112 0005 DD E1 01                		mov.W	2[r14], r1
 113 0008 7E 01                   		not	r1
 154:C:/Workspace/FW_Inertia/branch_indesit/HAL/RN_RX200/IEC60335_B_libs/src/ROM\crc.c **** }
 114                             		.loc 1 154 0
 115 000a 5F 11                   		movu.W	r1, r1
 116 000c 02                      		rts
 117                             	.LFE4:
 181                             	.Letext0:
 182                             		.file 2 "C:\\Workspace\\FW_Inertia\\branch_indesit\\HAL\\RN_RX200/RN_RX200_reg.h"
 183                             		.file 3 "C:\\Workspace\\FW_Inertia\\branch_indesit\\HAL\\RN_RX200\\IEC60335_B_libs\\src\\Common/mi
DEFINED SYMBOLS
                            *ABS*:00000000 crc.c
C:\Users\Andrea\AppData\Local\Temp\ccIlGmFs.s:7      .text.CRC_Init:00000000 _CRC_Init
C:\Users\Andrea\AppData\Local\Temp\ccIlGmFs.s:12     .text.CRC_Init:00000000 L0
C:\Users\Andrea\AppData\Local\Temp\ccIlGmFs.s:29     .text.CRC_Start:00000000 _CRC_Start
C:\Users\Andrea\AppData\Local\Temp\ccIlGmFs.s:33     .text.CRC_Start:00000000 L0
C:\Users\Andrea\AppData\Local\Temp\ccIlGmFs.s:45     .text.CRC_AddRange:00000000 _CRC_AddRange
C:\Users\Andrea\AppData\Local\Temp\ccIlGmFs.s:50     .text.CRC_AddRange:00000000 L0
C:\Users\Andrea\AppData\Local\Temp\ccIlGmFs.s:75     .text.CRC_Calculate:00000000 _CRC_Calculate
C:\Users\Andrea\AppData\Local\Temp\ccIlGmFs.s:79     .text.CRC_Calculate:00000000 L0
C:\Users\Andrea\AppData\Local\Temp\ccIlGmFs.s:107    .text.CRC_Result:00000000 _CRC_Result
C:\Users\Andrea\AppData\Local\Temp\ccIlGmFs.s:111    .text.CRC_Result:00000000 L0
C:\Users\Andrea\AppData\Local\Temp\ccIlGmFs.s:120    .debug_frame:00000000 .Lframe0
C:\Users\Andrea\AppData\Local\Temp\ccIlGmFs.s:8      .text.CRC_Init:00000000 .LFB0
C:\Users\Andrea\AppData\Local\Temp\ccIlGmFs.s:30     .text.CRC_Start:00000000 .LFB2
C:\Users\Andrea\AppData\Local\Temp\ccIlGmFs.s:46     .text.CRC_AddRange:00000000 .LFB3
C:\Users\Andrea\AppData\Local\Temp\ccIlGmFs.s:76     .text.CRC_Calculate:00000000 .LFB1
C:\Users\Andrea\AppData\Local\Temp\ccIlGmFs.s:108    .text.CRC_Result:00000000 .LFB4
C:\Users\Andrea\AppData\Local\Temp\ccIlGmFs.s:4040   .debug_abbrev:00000000 .Ldebug_abbrev0
C:\Users\Andrea\AppData\Local\Temp\ccIlGmFs.s:5011   .debug_str:00000723 .LASF249
C:\Users\Andrea\AppData\Local\Temp\ccIlGmFs.s:4541   .debug_str:00000000 .LASF250
C:\Users\Andrea\AppData\Local\Temp\ccIlGmFs.s:4525   .debug_ranges:00000000 .Ldebug_ranges0
C:\Users\Andrea\AppData\Local\Temp\ccIlGmFs.s:4539   .debug_line:00000000 .Ldebug_line0
C:\Users\Andrea\AppData\Local\Temp\ccIlGmFs.s:4967   .debug_str:00000677 .LASF0
C:\Users\Andrea\AppData\Local\Temp\ccIlGmFs.s:5009   .debug_str:00000710 .LASF1
C:\Users\Andrea\AppData\Local\Temp\ccIlGmFs.s:4935   .debug_str:0000060c .LASF2
C:\Users\Andrea\AppData\Local\Temp\ccIlGmFs.s:4933   .debug_str:00000603 .LASF3
C:\Users\Andrea\AppData\Local\Temp\ccIlGmFs.s:4551   .debug_str:00000072 .LASF4
C:\Users\Andrea\AppData\Local\Temp\ccIlGmFs.s:4879   .debug_str:00000539 .LASF5
C:\Users\Andrea\AppData\Local\Temp\ccIlGmFs.s:4795   .debug_str:000003f5 .LASF6
C:\Users\Andrea\AppData\Local\Temp\ccIlGmFs.s:4701   .debug_str:00000296 .LASF165
C:\Users\Andrea\AppData\Local\Temp\ccIlGmFs.s:4681   .debug_str:00000252 .LASF7
C:\Users\Andrea\AppData\Local\Temp\ccIlGmFs.s:5037   .debug_str:000007a5 .LASF8
C:\Users\Andrea\AppData\Local\Temp\ccIlGmFs.s:4719   .debug_str:000002db .LASF9
C:\Users\Andrea\AppData\Local\Temp\ccIlGmFs.s:4611   .debug_str:00000159 .LASF10
C:\Users\Andrea\AppData\Local\Temp\ccIlGmFs.s:4723   .debug_str:000002ea .LASF11
C:\Users\Andrea\AppData\Local\Temp\ccIlGmFs.s:4813   .debug_str:00000437 .LASF12
C:\Users\Andrea\AppData\Local\Temp\ccIlGmFs.s:4771   .debug_str:0000039d .LASF13
C:\Users\Andrea\AppData\Local\Temp\ccIlGmFs.s:4885   .debug_str:00000551 .LASF14
C:\Users\Andrea\AppData\Local\Temp\ccIlGmFs.s:4693   .debug_str:0000027c .LASF15
C:\Users\Andrea\AppData\Local\Temp\ccIlGmFs.s:4925   .debug_str:000005e8 .LASF16
C:\Users\Andrea\AppData\Local\Temp\ccIlGmFs.s:4937   .debug_str:0000061e .LASF17
C:\Users\Andrea\AppData\Local\Temp\ccIlGmFs.s:4619   .debug_str:00000171 .LASF18
C:\Users\Andrea\AppData\Local\Temp\ccIlGmFs.s:4865   .debug_str:00000507 .LASF19
C:\Users\Andrea\AppData\Local\Temp\ccIlGmFs.s:4863   .debug_str:000004ff .LASF20
C:\Users\Andrea\AppData\Local\Temp\ccIlGmFs.s:4725   .debug_str:000002ef .LASF21
C:\Users\Andrea\AppData\Local\Temp\ccIlGmFs.s:4859   .debug_str:000004f1 .LASF22
C:\Users\Andrea\AppData\Local\Temp\ccIlGmFs.s:4821   .debug_str:00000454 .LASF23
C:\Users\Andrea\AppData\Local\Temp\ccIlGmFs.s:4819   .debug_str:0000044c .LASF24
C:\Users\Andrea\AppData\Local\Temp\ccIlGmFs.s:4817   .debug_str:00000444 .LASF25
C:\Users\Andrea\AppData\Local\Temp\ccIlGmFs.s:4815   .debug_str:0000043c .LASF26
C:\Users\Andrea\AppData\Local\Temp\ccIlGmFs.s:4905   .debug_str:0000059c .LASF27
C:\Users\Andrea\AppData\Local\Temp\ccIlGmFs.s:4901   .debug_str:0000058b .LASF28
C:\Users\Andrea\AppData\Local\Temp\ccIlGmFs.s:4789   .debug_str:000003dc .LASF29
C:\Users\Andrea\AppData\Local\Temp\ccIlGmFs.s:5017   .debug_str:0000075e .LASF30
C:\Users\Andrea\AppData\Local\Temp\ccIlGmFs.s:4593   .debug_str:00000117 .LASF31
C:\Users\Andrea\AppData\Local\Temp\ccIlGmFs.s:4591   .debug_str:0000010f .LASF32
C:\Users\Andrea\AppData\Local\Temp\ccIlGmFs.s:4561   .debug_str:00000096 .LASF33
C:\Users\Andrea\AppData\Local\Temp\ccIlGmFs.s:4559   .debug_str:0000008e .LASF34
C:\Users\Andrea\AppData\Local\Temp\ccIlGmFs.s:4557   .debug_str:00000086 .LASF35
C:\Users\Andrea\AppData\Local\Temp\ccIlGmFs.s:4555   .debug_str:0000007e .LASF36
C:\Users\Andrea\AppData\Local\Temp\ccIlGmFs.s:5033   .debug_str:00000796 .LASF37
C:\Users\Andrea\AppData\Local\Temp\ccIlGmFs.s:5027   .debug_str:0000077e .LASF38
C:\Users\Andrea\AppData\Local\Temp\ccIlGmFs.s:4931   .debug_str:000005fc .LASF39
C:\Users\Andrea\AppData\Local\Temp\ccIlGmFs.s:4929   .debug_str:000005f5 .LASF40
C:\Users\Andrea\AppData\Local\Temp\ccIlGmFs.s:4791   .debug_str:000003e3 .LASF41
C:\Users\Andrea\AppData\Local\Temp\ccIlGmFs.s:4857   .debug_str:000004ea .LASF42
C:\Users\Andrea\AppData\Local\Temp\ccIlGmFs.s:4761   .debug_str:00000373 .LASF43
C:\Users\Andrea\AppData\Local\Temp\ccIlGmFs.s:4759   .debug_str:0000036b .LASF44
C:\Users\Andrea\AppData\Local\Temp\ccIlGmFs.s:4721   .debug_str:000002e2 .LASF45
C:\Users\Andrea\AppData\Local\Temp\ccIlGmFs.s:4971   .debug_str:0000068b .LASF46
C:\Users\Andrea\AppData\Local\Temp\ccIlGmFs.s:4597   .debug_str:00000129 .LASF47
C:\Users\Andrea\AppData\Local\Temp\ccIlGmFs.s:4675   .debug_str:00000241 .LASF48
C:\Users\Andrea\AppData\Local\Temp\ccIlGmFs.s:4679   .debug_str:0000024d .LASF49
C:\Users\Andrea\AppData\Local\Temp\ccIlGmFs.s:4739   .debug_str:00000327 .LASF50
C:\Users\Andrea\AppData\Local\Temp\ccIlGmFs.s:4749   .debug_str:00000345 .LASF51
C:\Users\Andrea\AppData\Local\Temp\ccIlGmFs.s:4877   .debug_str:00000533 .LASF52
C:\Users\Andrea\AppData\Local\Temp\ccIlGmFs.s:4785   .debug_str:000003cf .LASF53
C:\Users\Andrea\AppData\Local\Temp\ccIlGmFs.s:4645   .debug_str:000001d6 .LASF54
C:\Users\Andrea\AppData\Local\Temp\ccIlGmFs.s:4607   .debug_str:0000014d .LASF55
C:\Users\Andrea\AppData\Local\Temp\ccIlGmFs.s:4847   .debug_str:000004c3 .LASF56
C:\Users\Andrea\AppData\Local\Temp\ccIlGmFs.s:4711   .debug_str:000002bd .LASF57
C:\Users\Andrea\AppData\Local\Temp\ccIlGmFs.s:4549   .debug_str:0000006c .LASF58
C:\Users\Andrea\AppData\Local\Temp\ccIlGmFs.s:4911   .debug_str:000005b0 .LASF59
C:\Users\Andrea\AppData\Local\Temp\ccIlGmFs.s:4615   .debug_str:00000165 .LASF60
C:\Users\Andrea\AppData\Local\Temp\ccIlGmFs.s:4875   .debug_str:0000052c .LASF61
C:\Users\Andrea\AppData\Local\Temp\ccIlGmFs.s:4617   .debug_str:0000016b .LASF62
C:\Users\Andrea\AppData\Local\Temp\ccIlGmFs.s:4983   .debug_str:000006bf .LASF63
C:\Users\Andrea\AppData\Local\Temp\ccIlGmFs.s:4703   .debug_str:0000029d .LASF64
C:\Users\Andrea\AppData\Local\Temp\ccIlGmFs.s:4639   .debug_str:000001bd .LASF65
C:\Users\Andrea\AppData\Local\Temp\ccIlGmFs.s:4945   .debug_str:0000063c .LASF66
C:\Users\Andrea\AppData\Local\Temp\ccIlGmFs.s:4787   .debug_str:000003d7 .LASF67
C:\Users\Andrea\AppData\Local\Temp\ccIlGmFs.s:5025   .debug_str:00000779 .LASF68
C:\Users\Andrea\AppData\Local\Temp\ccIlGmFs.s:4657   .debug_str:00000200 .LASF69
C:\Users\Andrea\AppData\Local\Temp\ccIlGmFs.s:4621   .debug_str:00000176 .LASF70
C:\Users\Andrea\AppData\Local\Temp\ccIlGmFs.s:4811   .debug_str:00000431 .LASF71
C:\Users\Andrea\AppData\Local\Temp\ccIlGmFs.s:4743   .debug_str:00000333 .LASF72
C:\Users\Andrea\AppData\Local\Temp\ccIlGmFs.s:4843   .debug_str:000004b6 .LASF73
C:\Users\Andrea\AppData\Local\Temp\ccIlGmFs.s:4709   .debug_str:000002b6 .LASF74
C:\Users\Andrea\AppData\Local\Temp\ccIlGmFs.s:4973   .debug_str:00000692 .LASF75
C:\Users\Andrea\AppData\Local\Temp\ccIlGmFs.s:4735   .debug_str:00000314 .LASF76
C:\Users\Andrea\AppData\Local\Temp\ccIlGmFs.s:4673   .debug_str:00000239 .LASF77
C:\Users\Andrea\AppData\Local\Temp\ccIlGmFs.s:4573   .debug_str:000000c3 .LASF78
C:\Users\Andrea\AppData\Local\Temp\ccIlGmFs.s:4793   .debug_str:000003ea .LASF79
C:\Users\Andrea\AppData\Local\Temp\ccIlGmFs.s:4547   .debug_str:00000061 .LASF80
C:\Users\Andrea\AppData\Local\Temp\ccIlGmFs.s:5015   .debug_str:00000756 .LASF81
C:\Users\Andrea\AppData\Local\Temp\ccIlGmFs.s:4747   .debug_str:0000033d .LASF82
C:\Users\Andrea\AppData\Local\Temp\ccIlGmFs.s:4913   .debug_str:000005b6 .LASF83
C:\Users\Andrea\AppData\Local\Temp\ccIlGmFs.s:4893   .debug_str:0000056e .LASF84
C:\Users\Andrea\AppData\Local\Temp\ccIlGmFs.s:4745   .debug_str:00000338 .LASF85
C:\Users\Andrea\AppData\Local\Temp\ccIlGmFs.s:4889   .debug_str:0000055f .LASF86
C:\Users\Andrea\AppData\Local\Temp\ccIlGmFs.s:4915   .debug_str:000005bc .LASF87
C:\Users\Andrea\AppData\Local\Temp\ccIlGmFs.s:4733   .debug_str:0000030d .LASF88
C:\Users\Andrea\AppData\Local\Temp\ccIlGmFs.s:4797   .debug_str:000003fa .LASF89
C:\Users\Andrea\AppData\Local\Temp\ccIlGmFs.s:4717   .debug_str:000002d4 .LASF90
C:\Users\Andrea\AppData\Local\Temp\ccIlGmFs.s:4687   .debug_str:00000266 .LASF91
C:\Users\Andrea\AppData\Local\Temp\ccIlGmFs.s:4659   .debug_str:00000205 .LASF92
C:\Users\Andrea\AppData\Local\Temp\ccIlGmFs.s:4623   .debug_str:0000017c .LASF93
C:\Users\Andrea\AppData\Local\Temp\ccIlGmFs.s:4603   .debug_str:0000013f .LASF94
C:\Users\Andrea\AppData\Local\Temp\ccIlGmFs.s:4563   .debug_str:0000009e .LASF95
C:\Users\Andrea\AppData\Local\Temp\ccIlGmFs.s:5035   .debug_str:0000079e .LASF96
C:\Users\Andrea\AppData\Local\Temp\ccIlGmFs.s:5005   .debug_str:00000702 .LASF97
C:\Users\Andrea\AppData\Local\Temp\ccIlGmFs.s:4669   .debug_str:00000228 .LASF98
C:\Users\Andrea\AppData\Local\Temp\ccIlGmFs.s:4867   .debug_str:0000050f .LASF99
C:\Users\Andrea\AppData\Local\Temp\ccIlGmFs.s:4869   .debug_str:00000517 .LASF100
C:\Users\Andrea\AppData\Local\Temp\ccIlGmFs.s:4579   .debug_str:000000dd .LASF101
C:\Users\Andrea\AppData\Local\Temp\ccIlGmFs.s:4653   .debug_str:000001f0 .LASF102
C:\Users\Andrea\AppData\Local\Temp\ccIlGmFs.s:4713   .debug_str:000002c4 .LASF103
C:\Users\Andrea\AppData\Local\Temp\ccIlGmFs.s:5029   .debug_str:00000786 .LASF104
C:\Users\Andrea\AppData\Local\Temp\ccIlGmFs.s:4729   .debug_str:000002ff .LASF105
C:\Users\Andrea\AppData\Local\Temp\ccIlGmFs.s:4689   .debug_str:0000026d .LASF106
C:\Users\Andrea\AppData\Local\Temp\ccIlGmFs.s:4661   .debug_str:0000020c .LASF107
C:\Users\Andrea\AppData\Local\Temp\ccIlGmFs.s:4625   .debug_str:00000183 .LASF108
C:\Users\Andrea\AppData\Local\Temp\ccIlGmFs.s:4605   .debug_str:00000146 .LASF109
C:\Users\Andrea\AppData\Local\Temp\ccIlGmFs.s:4565   .debug_str:000000a5 .LASF110
C:\Users\Andrea\AppData\Local\Temp\ccIlGmFs.s:4587   .debug_str:000000fc .LASF111
C:\Users\Andrea\AppData\Local\Temp\ccIlGmFs.s:5007   .debug_str:00000709 .LASF112
C:\Users\Andrea\AppData\Local\Temp\ccIlGmFs.s:4943   .debug_str:00000633 .LASF113
C:\Users\Andrea\AppData\Local\Temp\ccIlGmFs.s:4637   .debug_str:000001b4 .LASF114
C:\Users\Andrea\AppData\Local\Temp\ccIlGmFs.s:4871   .debug_str:0000051d .LASF115
C:\Users\Andrea\AppData\Local\Temp\ccIlGmFs.s:4581   .debug_str:000000e5 .LASF116
C:\Users\Andrea\AppData\Local\Temp\ccIlGmFs.s:4655   .debug_str:000001f8 .LASF117
C:\Users\Andrea\AppData\Local\Temp\ccIlGmFs.s:4715   .debug_str:000002cc .LASF118
C:\Users\Andrea\AppData\Local\Temp\ccIlGmFs.s:5031   .debug_str:0000078e .LASF119
C:\Users\Andrea\AppData\Local\Temp\ccIlGmFs.s:4699   .debug_str:0000028e .LASF120
C:\Users\Andrea\AppData\Local\Temp\ccIlGmFs.s:4927   .debug_str:000005ed .LASF121
C:\Users\Andrea\AppData\Local\Temp\ccIlGmFs.s:4727   .debug_str:000002f7 .LASF122
C:\Users\Andrea\AppData\Local\Temp\ccIlGmFs.s:5041   .debug_str:000007b4 .LASF123
C:\Users\Andrea\AppData\Local\Temp\ccIlGmFs.s:4827   .debug_str:0000046d .LASF124
C:\Users\Andrea\AppData\Local\Temp\ccIlGmFs.s:4633   .debug_str:000001a3 .LASF125
C:\Users\Andrea\AppData\Local\Temp\ccIlGmFs.s:4939   .debug_str:00000623 .LASF126
C:\Users\Andrea\AppData\Local\Temp\ccIlGmFs.s:4737   .debug_str:0000031f .LASF127
C:\Users\Andrea\AppData\Local\Temp\ccIlGmFs.s:4803   .debug_str:00000410 .LASF128
C:\Users\Andrea\AppData\Local\Temp\ccIlGmFs.s:5021   .debug_str:00000769 .LASF129
C:\Users\Andrea\AppData\Local\Temp\ccIlGmFs.s:4783   .debug_str:000003c8 .LASF130
C:\Users\Andrea\AppData\Local\Temp\ccIlGmFs.s:4601   .debug_str:00000137 .LASF131
C:\Users\Andrea\AppData\Local\Temp\ccIlGmFs.s:4899   .debug_str:00000583 .LASF132
C:\Users\Andrea\AppData\Local\Temp\ccIlGmFs.s:4999   .debug_str:000006ec .LASF133
C:\Users\Andrea\AppData\Local\Temp\ccIlGmFs.s:4917   .debug_str:000005c2 .LASF134
C:\Users\Andrea\AppData\Local\Temp\ccIlGmFs.s:4683   .debug_str:00000258 .LASF135
C:\Users\Andrea\AppData\Local\Temp\ccIlGmFs.s:4845   .debug_str:000004bc .LASF136
C:\Users\Andrea\AppData\Local\Temp\ccIlGmFs.s:4769   .debug_str:00000396 .LASF137
C:\Users\Andrea\AppData\Local\Temp\ccIlGmFs.s:4545   .debug_str:0000005c .LASF138
C:\Users\Andrea\AppData\Local\Temp\ccIlGmFs.s:4663   .debug_str:00000213 .LASF139
C:\Users\Andrea\AppData\Local\Temp\ccIlGmFs.s:4649   .debug_str:000001e2 .LASF140
C:\Users\Andrea\AppData\Local\Temp\ccIlGmFs.s:4567   .debug_str:000000ac .LASF141
C:\Users\Andrea\AppData\Local\Temp\ccIlGmFs.s:4609   .debug_str:00000153 .LASF142
C:\Users\Andrea\AppData\Local\Temp\ccIlGmFs.s:4919   .debug_str:000005ca .LASF143
C:\Users\Andrea\AppData\Local\Temp\ccIlGmFs.s:4851   .debug_str:000004d0 .LASF144
C:\Users\Andrea\AppData\Local\Temp\ccIlGmFs.s:4741   .debug_str:0000032d .LASF145
C:\Users\Andrea\AppData\Local\Temp\ccIlGmFs.s:4697   .debug_str:00000288 .LASF146
C:\Users\Andrea\AppData\Local\Temp\ccIlGmFs.s:4707   .debug_str:000002ac .LASF147
C:\Users\Andrea\AppData\Local\Temp\ccIlGmFs.s:4833   .debug_str:0000048e .LASF148
C:\Users\Andrea\AppData\Local\Temp\ccIlGmFs.s:4705   .debug_str:000002a2 .LASF149
C:\Users\Andrea\AppData\Local\Temp\ccIlGmFs.s:4831   .debug_str:00000483 .LASF150
C:\Users\Andrea\AppData\Local\Temp\ccIlGmFs.s:5003   .debug_str:000006fa .LASF151
C:\Users\Andrea\AppData\Local\Temp\ccIlGmFs.s:4691   .debug_str:00000274 .LASF152
C:\Users\Andrea\AppData\Local\Temp\ccIlGmFs.s:4855   .debug_str:000004e3 .LASF153
C:\Users\Andrea\AppData\Local\Temp\ccIlGmFs.s:4849   .debug_str:000004c9 .LASF154
C:\Users\Andrea\AppData\Local\Temp\ccIlGmFs.s:4595   .debug_str:0000011f .LASF155
C:\Users\Andrea\AppData\Local\Temp\ccIlGmFs.s:4873   .debug_str:00000523 .LASF156
C:\Users\Andrea\AppData\Local\Temp\ccIlGmFs.s:4779   .debug_str:000003b9 .LASF157
C:\Users\Andrea\AppData\Local\Temp\ccIlGmFs.s:4975   .debug_str:0000069d .LASF158
C:\Users\Andrea\AppData\Local\Temp\ccIlGmFs.s:4773   .debug_str:000003a2 .LASF159
C:\Users\Andrea\AppData\Local\Temp\ccIlGmFs.s:4553   .debug_str:00000077 .LASF160
C:\Users\Andrea\AppData\Local\Temp\ccIlGmFs.s:4853   .debug_str:000004d9 .LASF161
C:\Users\Andrea\AppData\Local\Temp\ccIlGmFs.s:4643   .debug_str:000001cd .LASF162
C:\Users\Andrea\AppData\Local\Temp\ccIlGmFs.s:4923   .debug_str:000005de .LASF163
C:\Users\Andrea\AppData\Local\Temp\ccIlGmFs.s:4757   .debug_str:00000363 .LASF164
C:\Users\Andrea\AppData\Local\Temp\ccIlGmFs.s:4891   .debug_str:00000564 .LASF166
C:\Users\Andrea\AppData\Local\Temp\ccIlGmFs.s:4731   .debug_str:00000306 .LASF167
C:\Users\Andrea\AppData\Local\Temp\ccIlGmFs.s:4781   .debug_str:000003c3 .LASF168
C:\Users\Andrea\AppData\Local\Temp\ccIlGmFs.s:4835   .debug_str:00000499 .LASF169
C:\Users\Andrea\AppData\Local\Temp\ccIlGmFs.s:4837   .debug_str:000004a0 .LASF170
C:\Users\Andrea\AppData\Local\Temp\ccIlGmFs.s:4861   .debug_str:000004f9 .LASF171
C:\Users\Andrea\AppData\Local\Temp\ccIlGmFs.s:4805   .debug_str:00000419 .LASF172
C:\Users\Andrea\AppData\Local\Temp\ccIlGmFs.s:4807   .debug_str:00000421 .LASF173
C:\Users\Andrea\AppData\Local\Temp\ccIlGmFs.s:4809   .debug_str:00000429 .LASF174
C:\Users\Andrea\AppData\Local\Temp\ccIlGmFs.s:5001   .debug_str:000006f4 .LASF175
C:\Users\Andrea\AppData\Local\Temp\ccIlGmFs.s:4883   .debug_str:0000054a .LASF176
C:\Users\Andrea\AppData\Local\Temp\ccIlGmFs.s:4801   .debug_str:0000040a .LASF177
C:\Users\Andrea\AppData\Local\Temp\ccIlGmFs.s:4685   .debug_str:0000025f .LASF178
C:\Users\Andrea\AppData\Local\Temp\ccIlGmFs.s:4969   .debug_str:00000685 .LASF179
C:\Users\Andrea\AppData\Local\Temp\ccIlGmFs.s:4799   .debug_str:00000403 .LASF180
C:\Users\Andrea\AppData\Local\Temp\ccIlGmFs.s:4613   .debug_str:0000015e .LASF181
C:\Users\Andrea\AppData\Local\Temp\ccIlGmFs.s:4755   .debug_str:0000035c .LASF182
C:\Users\Andrea\AppData\Local\Temp\ccIlGmFs.s:4641   .debug_str:000001c5 .LASF183
C:\Users\Andrea\AppData\Local\Temp\ccIlGmFs.s:4585   .debug_str:000000f5 .LASF184
C:\Users\Andrea\AppData\Local\Temp\ccIlGmFs.s:4907   .debug_str:000005a3 .LASF185
C:\Users\Andrea\AppData\Local\Temp\ccIlGmFs.s:4677   .debug_str:00000246 .LASF186
C:\Users\Andrea\AppData\Local\Temp\ccIlGmFs.s:4695   .debug_str:00000281 .LASF187
C:\Users\Andrea\AppData\Local\Temp\ccIlGmFs.s:4839   .debug_str:000004a7 .LASF188
C:\Users\Andrea\AppData\Local\Temp\ccIlGmFs.s:4583   .debug_str:000000ed .LASF189
C:\Users\Andrea\AppData\Local\Temp\ccIlGmFs.s:4763   .debug_str:0000037b .LASF190
C:\Users\Andrea\AppData\Local\Temp\ccIlGmFs.s:4825   .debug_str:00000464 .LASF191
C:\Users\Andrea\AppData\Local\Temp\ccIlGmFs.s:4823   .debug_str:0000045c .LASF192
C:\Users\Andrea\AppData\Local\Temp\ccIlGmFs.s:4947   .debug_str:00000645 .LASF193
C:\Users\Andrea\AppData\Local\Temp\ccIlGmFs.s:4981   .debug_str:000006b5 .LASF194
C:\Users\Andrea\AppData\Local\Temp\ccIlGmFs.s:4903   .debug_str:00000592 .LASF195
C:\Users\Andrea\AppData\Local\Temp\ccIlGmFs.s:4949   .debug_str:0000064a .LASF196
C:\Users\Andrea\AppData\Local\Temp\ccIlGmFs.s:5047   .debug_str:000007ca .LASF197
C:\Users\Andrea\AppData\Local\Temp\ccIlGmFs.s:4951   .debug_str:0000064f .LASF198
C:\Users\Andrea\AppData\Local\Temp\ccIlGmFs.s:4753   .debug_str:00000357 .LASF199
C:\Users\Andrea\AppData\Local\Temp\ccIlGmFs.s:4953   .debug_str:00000654 .LASF200
C:\Users\Andrea\AppData\Local\Temp\ccIlGmFs.s:4777   .debug_str:000003b1 .LASF201
C:\Users\Andrea\AppData\Local\Temp\ccIlGmFs.s:4897   .debug_str:0000057c .LASF202
C:\Users\Andrea\AppData\Local\Temp\ccIlGmFs.s:4571   .debug_str:000000bb .LASF203
C:\Users\Andrea\AppData\Local\Temp\ccIlGmFs.s:4599   .debug_str:00000130 .LASF204
C:\Users\Andrea\AppData\Local\Temp\ccIlGmFs.s:4955   .debug_str:00000659 .LASF205
C:\Users\Andrea\AppData\Local\Temp\ccIlGmFs.s:4909   .debug_str:000005ab .LASF206
C:\Users\Andrea\AppData\Local\Temp\ccIlGmFs.s:4957   .debug_str:0000065e .LASF207
C:\Users\Andrea\AppData\Local\Temp\ccIlGmFs.s:4941   .debug_str:0000062b .LASF208
C:\Users\Andrea\AppData\Local\Temp\ccIlGmFs.s:4959   .debug_str:00000663 .LASF209
C:\Users\Andrea\AppData\Local\Temp\ccIlGmFs.s:4977   .debug_str:000006a5 .LASF210
C:\Users\Andrea\AppData\Local\Temp\ccIlGmFs.s:4961   .debug_str:00000668 .LASF211
C:\Users\Andrea\AppData\Local\Temp\ccIlGmFs.s:4979   .debug_str:000006ad .LASF212
C:\Users\Andrea\AppData\Local\Temp\ccIlGmFs.s:4963   .debug_str:0000066d .LASF213
C:\Users\Andrea\AppData\Local\Temp\ccIlGmFs.s:4665   .debug_str:00000218 .LASF214
C:\Users\Andrea\AppData\Local\Temp\ccIlGmFs.s:4965   .debug_str:00000672 .LASF215
C:\Users\Andrea\AppData\Local\Temp\ccIlGmFs.s:4667   .debug_str:00000220 .LASF216
C:\Users\Andrea\AppData\Local\Temp\ccIlGmFs.s:4987   .debug_str:000006ce .LASF217
C:\Users\Andrea\AppData\Local\Temp\ccIlGmFs.s:4575   .debug_str:000000cb .LASF218
C:\Users\Andrea\AppData\Local\Temp\ccIlGmFs.s:4989   .debug_str:000006d3 .LASF219
C:\Users\Andrea\AppData\Local\Temp\ccIlGmFs.s:4577   .debug_str:000000d4 .LASF220
C:\Users\Andrea\AppData\Local\Temp\ccIlGmFs.s:4991   .debug_str:000006d8 .LASF221
C:\Users\Andrea\AppData\Local\Temp\ccIlGmFs.s:4671   .debug_str:00000230 .LASF222
C:\Users\Andrea\AppData\Local\Temp\ccIlGmFs.s:5043   .debug_str:000007bc .LASF223
C:\Users\Andrea\AppData\Local\Temp\ccIlGmFs.s:5045   .debug_str:000007c3 .LASF224
C:\Users\Andrea\AppData\Local\Temp\ccIlGmFs.s:4993   .debug_str:000006dd .LASF225
C:\Users\Andrea\AppData\Local\Temp\ccIlGmFs.s:5019   .debug_str:00000763 .LASF226
C:\Users\Andrea\AppData\Local\Temp\ccIlGmFs.s:5039   .debug_str:000007ac .LASF227
C:\Users\Andrea\AppData\Local\Temp\ccIlGmFs.s:4995   .debug_str:000006e2 .LASF228
C:\Users\Andrea\AppData\Local\Temp\ccIlGmFs.s:4627   .debug_str:0000018a .LASF229
C:\Users\Andrea\AppData\Local\Temp\ccIlGmFs.s:4651   .debug_str:000001e8 .LASF230
C:\Users\Andrea\AppData\Local\Temp\ccIlGmFs.s:4997   .debug_str:000006e7 .LASF231
C:\Users\Andrea\AppData\Local\Temp\ccIlGmFs.s:4775   .debug_str:000003a9 .LASF232
C:\Users\Andrea\AppData\Local\Temp\ccIlGmFs.s:4569   .debug_str:000000b3 .LASF233
C:\Users\Andrea\AppData\Local\Temp\ccIlGmFs.s:4631   .debug_str:0000019e .LASF234
C:\Users\Andrea\AppData\Local\Temp\ccIlGmFs.s:4985   .debug_str:000006c7 .LASF235
C:\Users\Andrea\AppData\Local\Temp\ccIlGmFs.s:4765   .debug_str:00000384 .LASF236
C:\Users\Andrea\AppData\Local\Temp\ccIlGmFs.s:4841   .debug_str:000004ad .LASF237
C:\Users\Andrea\AppData\Local\Temp\ccIlGmFs.s:4635   .debug_str:000001ab .LASF238
C:\Users\Andrea\AppData\Local\Temp\ccIlGmFs.s:4629   .debug_str:00000192 .LASF239
C:\Users\Andrea\AppData\Local\Temp\ccIlGmFs.s:4881   .debug_str:00000540 .LASF240
C:\Users\Andrea\AppData\Local\Temp\ccIlGmFs.s:4887   .debug_str:00000556 .LASF241
C:\Users\Andrea\AppData\Local\Temp\ccIlGmFs.s:4647   .debug_str:000001dc .LASF242
C:\Users\Andrea\AppData\Local\Temp\ccIlGmFs.s:5023   .debug_str:00000772 .LASF243
C:\Users\Andrea\AppData\Local\Temp\ccIlGmFs.s:4921   .debug_str:000005d1 .LASF244
C:\Users\Andrea\AppData\Local\Temp\ccIlGmFs.s:4751   .debug_str:0000034c .LASF251
C:\Users\Andrea\AppData\Local\Temp\ccIlGmFs.s:4895   .debug_str:00000573 .LASF245
C:\Users\Andrea\AppData\Local\Temp\ccIlGmFs.s:24     .text.CRC_Init:00000022 .LFE0
C:\Users\Andrea\AppData\Local\Temp\ccIlGmFs.s:4543   .debug_str:00000052 .LASF246
C:\Users\Andrea\AppData\Local\Temp\ccIlGmFs.s:40     .text.CRC_Start:00000010 .LFE2
C:\Users\Andrea\AppData\Local\Temp\ccIlGmFs.s:5013   .debug_str:00000749 .LASF252
C:\Users\Andrea\AppData\Local\Temp\ccIlGmFs.s:70     .text.CRC_AddRange:00000013 .LFE3
C:\Users\Andrea\AppData\Local\Temp\ccIlGmFs.s:4767   .debug_str:0000038c .LASF247
C:\Users\Andrea\AppData\Local\Temp\ccIlGmFs.s:4432   .debug_loc:00000000 .LLST0
C:\Users\Andrea\AppData\Local\Temp\ccIlGmFs.s:4589   .debug_str:00000103 .LASF248
C:\Users\Andrea\AppData\Local\Temp\ccIlGmFs.s:4449   .debug_loc:0000002b .LLST1
C:\Users\Andrea\AppData\Local\Temp\ccIlGmFs.s:4829   .debug_str:00000475 .LASF253
C:\Users\Andrea\AppData\Local\Temp\ccIlGmFs.s:102    .text.CRC_Calculate:00000020 .LFE1
C:\Users\Andrea\AppData\Local\Temp\ccIlGmFs.s:4463   .debug_loc:0000004c .LLST2
C:\Users\Andrea\AppData\Local\Temp\ccIlGmFs.s:4476   .debug_loc:0000006c .LLST3
C:\Users\Andrea\AppData\Local\Temp\ccIlGmFs.s:4490   .debug_loc:0000008d .LLST4
C:\Users\Andrea\AppData\Local\Temp\ccIlGmFs.s:91     .text.CRC_Calculate:00000012 .LBB4
C:\Users\Andrea\AppData\Local\Temp\ccIlGmFs.s:98     .text.CRC_Calculate:0000001c .LBE4
C:\Users\Andrea\AppData\Local\Temp\ccIlGmFs.s:85     .text.CRC_Calculate:0000000a .LVL6
C:\Users\Andrea\AppData\Local\Temp\ccIlGmFs.s:90     .text.CRC_Calculate:00000012 .LVL7
C:\Users\Andrea\AppData\Local\Temp\ccIlGmFs.s:117    .text.CRC_Result:0000000d .LFE4
C:\Users\Andrea\AppData\Local\Temp\ccIlGmFs.s:48     .text.CRC_AddRange:00000000 .LVL0
C:\Users\Andrea\AppData\Local\Temp\ccIlGmFs.s:60     .text.CRC_AddRange:0000000b .LVL3
C:\Users\Andrea\AppData\Local\Temp\ccIlGmFs.s:62     .text.CRC_AddRange:0000000e .LVL4
C:\Users\Andrea\AppData\Local\Temp\ccIlGmFs.s:51     .text.CRC_AddRange:00000002 .LVL1
C:\Users\Andrea\AppData\Local\Temp\ccIlGmFs.s:56     .text.CRC_AddRange:00000008 .LVL2
C:\Users\Andrea\AppData\Local\Temp\ccIlGmFs.s:80     .text.CRC_Calculate:00000002 .LCFI0
C:\Users\Andrea\AppData\Local\Temp\ccIlGmFs.s:78     .text.CRC_Calculate:00000000 .LVL5
C:\Users\Andrea\AppData\Local\Temp\ccIlGmFs.s:185    .debug_info:00000000 .Ldebug_info0

NO UNDEFINED SYMBOLS
