   1                             		.file	"CRC_Verify.c"
   2                             		.section P,"ax"
   3                             	.Ltext0:
   4                             		.section	.text.CRC_Verify,"ax",@progbits
   5                             		.global	_CRC_Verify
   7                             	_CRC_Verify:
   8                             	.LFB0:
   9                             		.file 1 "C:/Workspace/FW_Inertia/branch_indesit/HAL/RN_RX200/IEC60335_B_libs/src/ROM/CRC_Verify.c"
   1:C:/Workspace/FW_Inertia/branch_indesit/HAL/RN_RX200/IEC60335_B_libs/src/ROM\CRC_Verify.c **** /**************************************************************************************
   2:C:/Workspace/FW_Inertia/branch_indesit/HAL/RN_RX200/IEC60335_B_libs/src/ROM\CRC_Verify.c ****  DISCLAIMER	: We (Renesas Electronics Europe Limited) do NOT warrant that the Software
   3:C:/Workspace/FW_Inertia/branch_indesit/HAL/RN_RX200/IEC60335_B_libs/src/ROM\CRC_Verify.c **** 			  is free from claims by a third party of copyright, patent, trademark,
   4:C:/Workspace/FW_Inertia/branch_indesit/HAL/RN_RX200/IEC60335_B_libs/src/ROM\CRC_Verify.c **** 			  trade secret or any other intellectual property infringement.
   5:C:/Workspace/FW_Inertia/branch_indesit/HAL/RN_RX200/IEC60335_B_libs/src/ROM\CRC_Verify.c **** 
   6:C:/Workspace/FW_Inertia/branch_indesit/HAL/RN_RX200/IEC60335_B_libs/src/ROM\CRC_Verify.c **** 			  Under no circumstances are we liable for any of the following:
   7:C:/Workspace/FW_Inertia/branch_indesit/HAL/RN_RX200/IEC60335_B_libs/src/ROM\CRC_Verify.c **** 
   8:C:/Workspace/FW_Inertia/branch_indesit/HAL/RN_RX200/IEC60335_B_libs/src/ROM\CRC_Verify.c **** 			  1. third-party claims against you for losses or damages;
   9:C:/Workspace/FW_Inertia/branch_indesit/HAL/RN_RX200/IEC60335_B_libs/src/ROM\CRC_Verify.c **** 			  2. loss of, or damage to, your records or data; or
  10:C:/Workspace/FW_Inertia/branch_indesit/HAL/RN_RX200/IEC60335_B_libs/src/ROM\CRC_Verify.c **** 			  3. economic consequential damages (including lost profits or savings)
  11:C:/Workspace/FW_Inertia/branch_indesit/HAL/RN_RX200/IEC60335_B_libs/src/ROM\CRC_Verify.c **** 			  	 or incidental damages, even if we are informed of their possibility.
  12:C:/Workspace/FW_Inertia/branch_indesit/HAL/RN_RX200/IEC60335_B_libs/src/ROM\CRC_Verify.c **** 
  13:C:/Workspace/FW_Inertia/branch_indesit/HAL/RN_RX200/IEC60335_B_libs/src/ROM\CRC_Verify.c **** 			  We do not warrant uninterrupted or error free operation of the Software.
  14:C:/Workspace/FW_Inertia/branch_indesit/HAL/RN_RX200/IEC60335_B_libs/src/ROM\CRC_Verify.c **** 			  We have no obligation to provide service, defect, correction, or any
  15:C:/Workspace/FW_Inertia/branch_indesit/HAL/RN_RX200/IEC60335_B_libs/src/ROM\CRC_Verify.c **** 			  maintenance for the Software. We have no obligation to supply any
  16:C:/Workspace/FW_Inertia/branch_indesit/HAL/RN_RX200/IEC60335_B_libs/src/ROM\CRC_Verify.c **** 			  Software updates or enhancements to you even if such are or later become
  17:C:/Workspace/FW_Inertia/branch_indesit/HAL/RN_RX200/IEC60335_B_libs/src/ROM\CRC_Verify.c **** 			  available.
  18:C:/Workspace/FW_Inertia/branch_indesit/HAL/RN_RX200/IEC60335_B_libs/src/ROM\CRC_Verify.c **** 
  19:C:/Workspace/FW_Inertia/branch_indesit/HAL/RN_RX200/IEC60335_B_libs/src/ROM\CRC_Verify.c **** 			  IF YOU DOWNLOAD OR USE THIS SOFTWARE YOU AGREE TO THESE TERMS.
  20:C:/Workspace/FW_Inertia/branch_indesit/HAL/RN_RX200/IEC60335_B_libs/src/ROM\CRC_Verify.c **** 
  21:C:/Workspace/FW_Inertia/branch_indesit/HAL/RN_RX200/IEC60335_B_libs/src/ROM\CRC_Verify.c **** 			  THERE ARE NO WARRANTIES, EXPRESS OR IMPLIED, INCLUDING THE IMPLIED
  22:C:/Workspace/FW_Inertia/branch_indesit/HAL/RN_RX200/IEC60335_B_libs/src/ROM\CRC_Verify.c **** 			  WARRANTIES OF MERCHANTABILITY AND FITNESS FOR A PARTICULAR PURPOSE.
  23:C:/Workspace/FW_Inertia/branch_indesit/HAL/RN_RX200/IEC60335_B_libs/src/ROM\CRC_Verify.c **** 
  24:C:/Workspace/FW_Inertia/branch_indesit/HAL/RN_RX200/IEC60335_B_libs/src/ROM\CRC_Verify.c **** FILE NAME  	: CRC_Verify.c
  25:C:/Workspace/FW_Inertia/branch_indesit/HAL/RN_RX200/IEC60335_B_libs/src/ROM\CRC_Verify.c **** 
  26:C:/Workspace/FW_Inertia/branch_indesit/HAL/RN_RX200/IEC60335_B_libs/src/ROM\CRC_Verify.c **** DESCRIPTION	: Verify that a newly calculated CRC value is correct by comparing
  27:C:/Workspace/FW_Inertia/branch_indesit/HAL/RN_RX200/IEC60335_B_libs/src/ROM\CRC_Verify.c **** 				it with a value stored in ROM.
  28:C:/Workspace/FW_Inertia/branch_indesit/HAL/RN_RX200/IEC60335_B_libs/src/ROM\CRC_Verify.c **** ***********************************************************************************/
  29:C:/Workspace/FW_Inertia/branch_indesit/HAL/RN_RX200/IEC60335_B_libs/src/ROM\CRC_Verify.c **** 
  30:C:/Workspace/FW_Inertia/branch_indesit/HAL/RN_RX200/IEC60335_B_libs/src/ROM\CRC_Verify.c **** /***********************************************************************************
  31:C:/Workspace/FW_Inertia/branch_indesit/HAL/RN_RX200/IEC60335_B_libs/src/ROM\CRC_Verify.c **** Revision History
  32:C:/Workspace/FW_Inertia/branch_indesit/HAL/RN_RX200/IEC60335_B_libs/src/ROM\CRC_Verify.c **** DD-MMM-YYYY OSO-UID Description
  33:C:/Workspace/FW_Inertia/branch_indesit/HAL/RN_RX200/IEC60335_B_libs/src/ROM\CRC_Verify.c **** 27-May-2009 RTE-PJI First Release
  34:C:/Workspace/FW_Inertia/branch_indesit/HAL/RN_RX200/IEC60335_B_libs/src/ROM\CRC_Verify.c **** 28-May-2009	VDE (Version 1.0)
  35:C:/Workspace/FW_Inertia/branch_indesit/HAL/RN_RX200/IEC60335_B_libs/src/ROM\CRC_Verify.c **** 03-August-2009	RTE Added comment - MISRA warning explanation. (Version 1.1)
  36:C:/Workspace/FW_Inertia/branch_indesit/HAL/RN_RX200/IEC60335_B_libs/src/ROM\CRC_Verify.c **** 26-November-2009 RTE Corrected comment in Function header. (Version 1.2)	
  37:C:/Workspace/FW_Inertia/branch_indesit/HAL/RN_RX200/IEC60335_B_libs/src/ROM\CRC_Verify.c **** 03-Feb-2011 VDE (Version 1.2)
  38:C:/Workspace/FW_Inertia/branch_indesit/HAL/RN_RX200/IEC60335_B_libs/src/ROM\CRC_Verify.c **** ***********************************************************************************/
  39:C:/Workspace/FW_Inertia/branch_indesit/HAL/RN_RX200/IEC60335_B_libs/src/ROM\CRC_Verify.c **** 
  40:C:/Workspace/FW_Inertia/branch_indesit/HAL/RN_RX200/IEC60335_B_libs/src/ROM\CRC_Verify.c **** /**********************************************************************************
  41:C:/Workspace/FW_Inertia/branch_indesit/HAL/RN_RX200/IEC60335_B_libs/src/ROM\CRC_Verify.c **** User Includes
  42:C:/Workspace/FW_Inertia/branch_indesit/HAL/RN_RX200/IEC60335_B_libs/src/ROM\CRC_Verify.c **** ***********************************************************************************/
  43:C:/Workspace/FW_Inertia/branch_indesit/HAL/RN_RX200/IEC60335_B_libs/src/ROM\CRC_Verify.c **** #include "misratypes.h"
  44:C:/Workspace/FW_Inertia/branch_indesit/HAL/RN_RX200/IEC60335_B_libs/src/ROM\CRC_Verify.c **** #include "crc_verify.h"
  45:C:/Workspace/FW_Inertia/branch_indesit/HAL/RN_RX200/IEC60335_B_libs/src/ROM\CRC_Verify.c **** 
  46:C:/Workspace/FW_Inertia/branch_indesit/HAL/RN_RX200/IEC60335_B_libs/src/ROM\CRC_Verify.c **** 
  47:C:/Workspace/FW_Inertia/branch_indesit/HAL/RN_RX200/IEC60335_B_libs/src/ROM\CRC_Verify.c **** /***********************************************************************************
  48:C:/Workspace/FW_Inertia/branch_indesit/HAL/RN_RX200/IEC60335_B_libs/src/ROM\CRC_Verify.c **** Function Name : CRC_Verify
  49:C:/Workspace/FW_Inertia/branch_indesit/HAL/RN_RX200/IEC60335_B_libs/src/ROM\CRC_Verify.c **** 
  50:C:/Workspace/FW_Inertia/branch_indesit/HAL/RN_RX200/IEC60335_B_libs/src/ROM\CRC_Verify.c **** Description   :	Test if a CRC value is correct by comparing
  51:C:/Workspace/FW_Inertia/branch_indesit/HAL/RN_RX200/IEC60335_B_libs/src/ROM\CRC_Verify.c **** 				it with a value stored in ROM at a specifed address.
  52:C:/Workspace/FW_Inertia/branch_indesit/HAL/RN_RX200/IEC60335_B_libs/src/ROM\CRC_Verify.c **** 
  53:C:/Workspace/FW_Inertia/branch_indesit/HAL/RN_RX200/IEC60335_B_libs/src/ROM\CRC_Verify.c **** Parameters    : ui16_NewCRCValue: 	CRC value that has just been calculated.
  54:C:/Workspace/FW_Inertia/branch_indesit/HAL/RN_RX200/IEC60335_B_libs/src/ROM\CRC_Verify.c **** 				ui32_AddrRefCRC: 	Address where 16 bit reference CRC value
  55:C:/Workspace/FW_Inertia/branch_indesit/HAL/RN_RX200/IEC60335_B_libs/src/ROM\CRC_Verify.c **** 									is stored.
  56:C:/Workspace/FW_Inertia/branch_indesit/HAL/RN_RX200/IEC60335_B_libs/src/ROM\CRC_Verify.c **** 
  57:C:/Workspace/FW_Inertia/branch_indesit/HAL/RN_RX200/IEC60335_B_libs/src/ROM\CRC_Verify.c **** Return value  : TRUE = Test Passed. FALSE = Test Failed.
  58:C:/Workspace/FW_Inertia/branch_indesit/HAL/RN_RX200/IEC60335_B_libs/src/ROM\CRC_Verify.c **** ***********************************************************************************/
  59:C:/Workspace/FW_Inertia/branch_indesit/HAL/RN_RX200/IEC60335_B_libs/src/ROM\CRC_Verify.c **** bool_t CRC_Verify(const uint16_t ui16_NewCRCValue, const uint32_t ui32_AddrRefCRC)
  60:C:/Workspace/FW_Inertia/branch_indesit/HAL/RN_RX200/IEC60335_B_libs/src/ROM\CRC_Verify.c **** {
  10                             		.loc 1 60 0
  11                             	.LVL0:
  61:C:/Workspace/FW_Inertia/branch_indesit/HAL/RN_RX200/IEC60335_B_libs/src/ROM\CRC_Verify.c **** 	bool_t bPassed;
  62:C:/Workspace/FW_Inertia/branch_indesit/HAL/RN_RX200/IEC60335_B_libs/src/ROM\CRC_Verify.c **** 	
  63:C:/Workspace/FW_Inertia/branch_indesit/HAL/RN_RX200/IEC60335_B_libs/src/ROM\CRC_Verify.c **** 	/*Read reference CRC from specified address*/
  64:C:/Workspace/FW_Inertia/branch_indesit/HAL/RN_RX200/IEC60335_B_libs/src/ROM\CRC_Verify.c **** 	/*NOTE: This causes MISRA message 0306 -
  65:C:/Workspace/FW_Inertia/branch_indesit/HAL/RN_RX200/IEC60335_B_libs/src/ROM\CRC_Verify.c **** 	"The size of integer required to hold the result of a pointer cast is implementation-defined."
  66:C:/Workspace/FW_Inertia/branch_indesit/HAL/RN_RX200/IEC60335_B_libs/src/ROM\CRC_Verify.c **** 	This is recognised as unavoidable for certain embedded applications.*/
  67:C:/Workspace/FW_Inertia/branch_indesit/HAL/RN_RX200/IEC60335_B_libs/src/ROM\CRC_Verify.c **** 	uint16_t ui16_RefCRCValue = *(uint16_t*)ui32_AddrRefCRC;
  68:C:/Workspace/FW_Inertia/branch_indesit/HAL/RN_RX200/IEC60335_B_libs/src/ROM\CRC_Verify.c **** 	
  69:C:/Workspace/FW_Inertia/branch_indesit/HAL/RN_RX200/IEC60335_B_libs/src/ROM\CRC_Verify.c **** 	/*Compare with the passed in CRC value*/
  70:C:/Workspace/FW_Inertia/branch_indesit/HAL/RN_RX200/IEC60335_B_libs/src/ROM\CRC_Verify.c **** 	if(ui16_NewCRCValue == ui16_RefCRCValue)
  12                             		.loc 1 70 0
  13 0000 5F 11                   		movu.W	r1, r1
  71:C:/Workspace/FW_Inertia/branch_indesit/HAL/RN_RX200/IEC60335_B_libs/src/ROM\CRC_Verify.c **** 	{
  72:C:/Workspace/FW_Inertia/branch_indesit/HAL/RN_RX200/IEC60335_B_libs/src/ROM\CRC_Verify.c **** 		/*Test Passed*/
  73:C:/Workspace/FW_Inertia/branch_indesit/HAL/RN_RX200/IEC60335_B_libs/src/ROM\CRC_Verify.c **** 		bPassed = TRUE;
  74:C:/Workspace/FW_Inertia/branch_indesit/HAL/RN_RX200/IEC60335_B_libs/src/ROM\CRC_Verify.c **** 	}
  75:C:/Workspace/FW_Inertia/branch_indesit/HAL/RN_RX200/IEC60335_B_libs/src/ROM\CRC_Verify.c **** 	else
  76:C:/Workspace/FW_Inertia/branch_indesit/HAL/RN_RX200/IEC60335_B_libs/src/ROM\CRC_Verify.c **** 	{
  77:C:/Workspace/FW_Inertia/branch_indesit/HAL/RN_RX200/IEC60335_B_libs/src/ROM\CRC_Verify.c **** 		/*Test Failed*/
  78:C:/Workspace/FW_Inertia/branch_indesit/HAL/RN_RX200/IEC60335_B_libs/src/ROM\CRC_Verify.c **** 		bPassed = FALSE;
  79:C:/Workspace/FW_Inertia/branch_indesit/HAL/RN_RX200/IEC60335_B_libs/src/ROM\CRC_Verify.c **** 	}
  80:C:/Workspace/FW_Inertia/branch_indesit/HAL/RN_RX200/IEC60335_B_libs/src/ROM\CRC_Verify.c **** 	
  81:C:/Workspace/FW_Inertia/branch_indesit/HAL/RN_RX200/IEC60335_B_libs/src/ROM\CRC_Verify.c **** 	/*Return the test result*/
  82:C:/Workspace/FW_Inertia/branch_indesit/HAL/RN_RX200/IEC60335_B_libs/src/ROM\CRC_Verify.c **** 	return bPassed;	
  83:C:/Workspace/FW_Inertia/branch_indesit/HAL/RN_RX200/IEC60335_B_libs/src/ROM\CRC_Verify.c **** }
  14                             		.loc 1 83 0
  15 0002 06 C4 21                		cmp	[r2].UW, r1
  16 0005 FC DB 10                		sceq.L	r1
  17                             	.LVL1:
  18 0008 02                      		rts
  19                             	.LFE0:
  47                             	.Letext0:
  48                             		.file 2 "C:\\Workspace\\FW_Inertia\\branch_indesit\\HAL\\RN_RX200\\IEC60335_B_libs\\src\\Common/mi
DEFINED SYMBOLS
                            *ABS*:00000000 CRC_Verify.c
C:\Users\Andrea\AppData\Local\Temp\ccQbnFfI.s:7      .text.CRC_Verify:00000000 _CRC_Verify
C:\Users\Andrea\AppData\Local\Temp\ccQbnFfI.s:13     .text.CRC_Verify:00000000 L0
C:\Users\Andrea\AppData\Local\Temp\ccQbnFfI.s:22     .debug_frame:00000000 .Lframe0
C:\Users\Andrea\AppData\Local\Temp\ccQbnFfI.s:8      .text.CRC_Verify:00000000 .LFB0
C:\Users\Andrea\AppData\Local\Temp\ccQbnFfI.s:166    .debug_abbrev:00000000 .Ldebug_abbrev0
C:\Users\Andrea\AppData\Local\Temp\ccQbnFfI.s:404    .debug_str:000000d8 .LASF17
C:\Users\Andrea\AppData\Local\Temp\ccQbnFfI.s:400    .debug_str:00000076 .LASF18
C:\Users\Andrea\AppData\Local\Temp\ccQbnFfI.s:374    .debug_ranges:00000000 .Ldebug_ranges0
C:\Users\Andrea\AppData\Local\Temp\ccQbnFfI.s:380    .debug_line:00000000 .Ldebug_line0
C:\Users\Andrea\AppData\Local\Temp\ccQbnFfI.s:398    .debug_str:00000071 .LASF0
C:\Users\Andrea\AppData\Local\Temp\ccQbnFfI.s:396    .debug_str:00000063 .LASF1
C:\Users\Andrea\AppData\Local\Temp\ccQbnFfI.s:414    .debug_str:0000012d .LASF3
C:\Users\Andrea\AppData\Local\Temp\ccQbnFfI.s:410    .debug_str:0000010e .LASF2
C:\Users\Andrea\AppData\Local\Temp\ccQbnFfI.s:402    .debug_str:000000cf .LASF4
C:\Users\Andrea\AppData\Local\Temp\ccQbnFfI.s:388    .debug_str:00000028 .LASF5
C:\Users\Andrea\AppData\Local\Temp\ccQbnFfI.s:412    .debug_str:00000121 .LASF6
C:\Users\Andrea\AppData\Local\Temp\ccQbnFfI.s:418    .debug_str:0000013c .LASF7
C:\Users\Andrea\AppData\Local\Temp\ccQbnFfI.s:408    .debug_str:00000105 .LASF8
C:\Users\Andrea\AppData\Local\Temp\ccQbnFfI.s:416    .debug_str:00000136 .LASF9
C:\Users\Andrea\AppData\Local\Temp\ccQbnFfI.s:406    .debug_str:000000fe .LASF10
C:\Users\Andrea\AppData\Local\Temp\ccQbnFfI.s:390    .debug_str:0000003a .LASF11
C:\Users\Andrea\AppData\Local\Temp\ccQbnFfI.s:386    .debug_str:0000001b .LASF12
C:\Users\Andrea\AppData\Local\Temp\ccQbnFfI.s:384    .debug_str:00000010 .LASF19
C:\Users\Andrea\AppData\Local\Temp\ccQbnFfI.s:19     .text.CRC_Verify:00000009 .LFE0
C:\Users\Andrea\AppData\Local\Temp\ccQbnFfI.s:392    .debug_str:00000041 .LASF13
C:\Users\Andrea\AppData\Local\Temp\ccQbnFfI.s:307    .debug_loc:00000000 .LLST0
C:\Users\Andrea\AppData\Local\Temp\ccQbnFfI.s:382    .debug_str:00000000 .LASF14
C:\Users\Andrea\AppData\Local\Temp\ccQbnFfI.s:420    .debug_str:00000146 .LASF15
C:\Users\Andrea\AppData\Local\Temp\ccQbnFfI.s:321    .debug_loc:00000021 .LLST1
C:\Users\Andrea\AppData\Local\Temp\ccQbnFfI.s:394    .debug_str:00000052 .LASF16
C:\Users\Andrea\AppData\Local\Temp\ccQbnFfI.s:11     .text.CRC_Verify:00000000 .LVL0
C:\Users\Andrea\AppData\Local\Temp\ccQbnFfI.s:17     .text.CRC_Verify:00000008 .LVL1
C:\Users\Andrea\AppData\Local\Temp\ccQbnFfI.s:50     .debug_info:00000000 .Ldebug_info0

NO UNDEFINED SYMBOLS
