   1                             		.file	"DigitalOutputs.c"
   2                             		.section P,"ax"
   3                             	.Ltext0:
   4                             		.section	.text.LIB_DIO_SET_LOAD,"ax",@progbits
   5                             		.global	_LIB_DIO_SET_LOAD
   7                             	_LIB_DIO_SET_LOAD:
   8                             	.LFB0:
   9                             		.file 1 "C:/Workspace/FW_Inertia/branch_indesit/PlatformLibrary/LIB_DigitalIO/DigitalOutputs.c"
   1:C:/Workspace/FW_Inertia/branch_indesit/PlatformLibrary/LIB_DigitalIO\DigitalOutputs.c **** /*
   2:C:/Workspace/FW_Inertia/branch_indesit/PlatformLibrary/LIB_DigitalIO\DigitalOutputs.c **** Copyright (c) 2004-2005, Indesit Company, I.D.D..
   3:C:/Workspace/FW_Inertia/branch_indesit/PlatformLibrary/LIB_DigitalIO\DigitalOutputs.c **** Tutti i diritti sono riservati. All rights reserved.
   4:C:/Workspace/FW_Inertia/branch_indesit/PlatformLibrary/LIB_DigitalIO\DigitalOutputs.c **** */
   5:C:/Workspace/FW_Inertia/branch_indesit/PlatformLibrary/LIB_DigitalIO\DigitalOutputs.c **** 
   6:C:/Workspace/FW_Inertia/branch_indesit/PlatformLibrary/LIB_DigitalIO\DigitalOutputs.c **** /**
   7:C:/Workspace/FW_Inertia/branch_indesit/PlatformLibrary/LIB_DigitalIO\DigitalOutputs.c **** \n
   8:C:/Workspace/FW_Inertia/branch_indesit/PlatformLibrary/LIB_DigitalIO\DigitalOutputs.c **** \par		DigitalOutputs.c
   9:C:/Workspace/FW_Inertia/branch_indesit/PlatformLibrary/LIB_DigitalIO\DigitalOutputs.c **** \n			Implementation of all functions necessary to achieve the aim.
  10:C:/Workspace/FW_Inertia/branch_indesit/PlatformLibrary/LIB_DigitalIO\DigitalOutputs.c **** \n
  11:C:/Workspace/FW_Inertia/branch_indesit/PlatformLibrary/LIB_DigitalIO\DigitalOutputs.c **** \file		DigitalOutputs.c
  12:C:/Workspace/FW_Inertia/branch_indesit/PlatformLibrary/LIB_DigitalIO\DigitalOutputs.c **** \ingroup	DigitalOutput
  13:C:/Workspace/FW_Inertia/branch_indesit/PlatformLibrary/LIB_DigitalIO\DigitalOutputs.c **** \date		Jun 18, 2010
  14:C:/Workspace/FW_Inertia/branch_indesit/PlatformLibrary/LIB_DigitalIO\DigitalOutputs.c **** \version	01.00.00
  15:C:/Workspace/FW_Inertia/branch_indesit/PlatformLibrary/LIB_DigitalIO\DigitalOutputs.c **** \author		stefano.ughi
  16:C:/Workspace/FW_Inertia/branch_indesit/PlatformLibrary/LIB_DigitalIO\DigitalOutputs.c **** \n
  17:C:/Workspace/FW_Inertia/branch_indesit/PlatformLibrary/LIB_DigitalIO\DigitalOutputs.c **** \n
  18:C:/Workspace/FW_Inertia/branch_indesit/PlatformLibrary/LIB_DigitalIO\DigitalOutputs.c **** \par\b	History:
  19:C:/Workspace/FW_Inertia/branch_indesit/PlatformLibrary/LIB_DigitalIO\DigitalOutputs.c **** \n
  20:C:/Workspace/FW_Inertia/branch_indesit/PlatformLibrary/LIB_DigitalIO\DigitalOutputs.c **** \n 		01.04.00
  21:C:/Workspace/FW_Inertia/branch_indesit/PlatformLibrary/LIB_DigitalIO\DigitalOutputs.c **** \n		dd/mm/yyyy
  22:C:/Workspace/FW_Inertia/branch_indesit/PlatformLibrary/LIB_DigitalIO\DigitalOutputs.c **** \n		developer
  23:C:/Workspace/FW_Inertia/branch_indesit/PlatformLibrary/LIB_DigitalIO\DigitalOutputs.c **** \n		changes
  24:C:/Workspace/FW_Inertia/branch_indesit/PlatformLibrary/LIB_DigitalIO\DigitalOutputs.c **** \n 		- change 1
  25:C:/Workspace/FW_Inertia/branch_indesit/PlatformLibrary/LIB_DigitalIO\DigitalOutputs.c **** \n		- change 2
  26:C:/Workspace/FW_Inertia/branch_indesit/PlatformLibrary/LIB_DigitalIO\DigitalOutputs.c **** \n
  27:C:/Workspace/FW_Inertia/branch_indesit/PlatformLibrary/LIB_DigitalIO\DigitalOutputs.c **** \n
  28:C:/Workspace/FW_Inertia/branch_indesit/PlatformLibrary/LIB_DigitalIO\DigitalOutputs.c **** \n 		01.03.00
  29:C:/Workspace/FW_Inertia/branch_indesit/PlatformLibrary/LIB_DigitalIO\DigitalOutputs.c **** \n		dd/mm/yyyy
  30:C:/Workspace/FW_Inertia/branch_indesit/PlatformLibrary/LIB_DigitalIO\DigitalOutputs.c **** \n		developer
  31:C:/Workspace/FW_Inertia/branch_indesit/PlatformLibrary/LIB_DigitalIO\DigitalOutputs.c **** \n		changes
  32:C:/Workspace/FW_Inertia/branch_indesit/PlatformLibrary/LIB_DigitalIO\DigitalOutputs.c **** \n 		- change 1
  33:C:/Workspace/FW_Inertia/branch_indesit/PlatformLibrary/LIB_DigitalIO\DigitalOutputs.c **** \n		- change 2
  34:C:/Workspace/FW_Inertia/branch_indesit/PlatformLibrary/LIB_DigitalIO\DigitalOutputs.c **** \n
  35:C:/Workspace/FW_Inertia/branch_indesit/PlatformLibrary/LIB_DigitalIO\DigitalOutputs.c **** \n
  36:C:/Workspace/FW_Inertia/branch_indesit/PlatformLibrary/LIB_DigitalIO\DigitalOutputs.c **** \n etc.
  37:C:/Workspace/FW_Inertia/branch_indesit/PlatformLibrary/LIB_DigitalIO\DigitalOutputs.c **** */
  38:C:/Workspace/FW_Inertia/branch_indesit/PlatformLibrary/LIB_DigitalIO\DigitalOutputs.c **** #define MODULE_BODY_LIB_DIGITAL_IO
  39:C:/Workspace/FW_Inertia/branch_indesit/PlatformLibrary/LIB_DigitalIO\DigitalOutputs.c **** /* ******** */
  40:C:/Workspace/FW_Inertia/branch_indesit/PlatformLibrary/LIB_DigitalIO\DigitalOutputs.c **** /* Includes */
  41:C:/Workspace/FW_Inertia/branch_indesit/PlatformLibrary/LIB_DigitalIO\DigitalOutputs.c **** /* ******** */
  42:C:/Workspace/FW_Inertia/branch_indesit/PlatformLibrary/LIB_DigitalIO\DigitalOutputs.c **** #include "Config.h"
  43:C:/Workspace/FW_Inertia/branch_indesit/PlatformLibrary/LIB_DigitalIO\DigitalOutputs.c **** #include "IOSharing.h"
  44:C:/Workspace/FW_Inertia/branch_indesit/PlatformLibrary/LIB_DigitalIO\DigitalOutputs.c **** #include "DigitalOutputs.h"
  45:C:/Workspace/FW_Inertia/branch_indesit/PlatformLibrary/LIB_DigitalIO\DigitalOutputs.c **** #include "LIB_Error.h"
  46:C:/Workspace/FW_Inertia/branch_indesit/PlatformLibrary/LIB_DigitalIO\DigitalOutputs.c **** #include "OCDIO_drv.h"
  47:C:/Workspace/FW_Inertia/branch_indesit/PlatformLibrary/LIB_DigitalIO\DigitalOutputs.c **** /* ****************** */
  48:C:/Workspace/FW_Inertia/branch_indesit/PlatformLibrary/LIB_DigitalIO\DigitalOutputs.c **** /* Defines and Macros */
  49:C:/Workspace/FW_Inertia/branch_indesit/PlatformLibrary/LIB_DigitalIO\DigitalOutputs.c **** /* ****************** */
  50:C:/Workspace/FW_Inertia/branch_indesit/PlatformLibrary/LIB_DigitalIO\DigitalOutputs.c **** 
  51:C:/Workspace/FW_Inertia/branch_indesit/PlatformLibrary/LIB_DigitalIO\DigitalOutputs.c **** /* *************************** */
  52:C:/Workspace/FW_Inertia/branch_indesit/PlatformLibrary/LIB_DigitalIO\DigitalOutputs.c **** /* Typedef, Structs and Unions */
  53:C:/Workspace/FW_Inertia/branch_indesit/PlatformLibrary/LIB_DigitalIO\DigitalOutputs.c **** /* *************************** */
  54:C:/Workspace/FW_Inertia/branch_indesit/PlatformLibrary/LIB_DigitalIO\DigitalOutputs.c **** 
  55:C:/Workspace/FW_Inertia/branch_indesit/PlatformLibrary/LIB_DigitalIO\DigitalOutputs.c **** 
  56:C:/Workspace/FW_Inertia/branch_indesit/PlatformLibrary/LIB_DigitalIO\DigitalOutputs.c **** /* ********* */
  57:C:/Workspace/FW_Inertia/branch_indesit/PlatformLibrary/LIB_DigitalIO\DigitalOutputs.c **** /* Variables */
  58:C:/Workspace/FW_Inertia/branch_indesit/PlatformLibrary/LIB_DigitalIO\DigitalOutputs.c **** /* ********* */
  59:C:/Workspace/FW_Inertia/branch_indesit/PlatformLibrary/LIB_DigitalIO\DigitalOutputs.c **** 
  60:C:/Workspace/FW_Inertia/branch_indesit/PlatformLibrary/LIB_DigitalIO\DigitalOutputs.c **** /* Global */
  61:C:/Workspace/FW_Inertia/branch_indesit/PlatformLibrary/LIB_DigitalIO\DigitalOutputs.c **** 
  62:C:/Workspace/FW_Inertia/branch_indesit/PlatformLibrary/LIB_DigitalIO\DigitalOutputs.c **** /* Static */
  63:C:/Workspace/FW_Inertia/branch_indesit/PlatformLibrary/LIB_DigitalIO\DigitalOutputs.c **** 
  64:C:/Workspace/FW_Inertia/branch_indesit/PlatformLibrary/LIB_DigitalIO\DigitalOutputs.c **** /* ******************* */
  65:C:/Workspace/FW_Inertia/branch_indesit/PlatformLibrary/LIB_DigitalIO\DigitalOutputs.c **** /* Functions Prototype */
  66:C:/Workspace/FW_Inertia/branch_indesit/PlatformLibrary/LIB_DigitalIO\DigitalOutputs.c **** /* ******************* */
  67:C:/Workspace/FW_Inertia/branch_indesit/PlatformLibrary/LIB_DigitalIO\DigitalOutputs.c **** 
  68:C:/Workspace/FW_Inertia/branch_indesit/PlatformLibrary/LIB_DigitalIO\DigitalOutputs.c **** /* Exported function */
  69:C:/Workspace/FW_Inertia/branch_indesit/PlatformLibrary/LIB_DigitalIO\DigitalOutputs.c **** 
  70:C:/Workspace/FW_Inertia/branch_indesit/PlatformLibrary/LIB_DigitalIO\DigitalOutputs.c **** /* Local Function */
  71:C:/Workspace/FW_Inertia/branch_indesit/PlatformLibrary/LIB_DigitalIO\DigitalOutputs.c **** static void LIB_DIO_SET_LOAD_F(uint8_t value, uint8_t pin);
  72:C:/Workspace/FW_Inertia/branch_indesit/PlatformLibrary/LIB_DigitalIO\DigitalOutputs.c **** 
  73:C:/Workspace/FW_Inertia/branch_indesit/PlatformLibrary/LIB_DigitalIO\DigitalOutputs.c **** /* *************** */
  74:C:/Workspace/FW_Inertia/branch_indesit/PlatformLibrary/LIB_DigitalIO\DigitalOutputs.c **** /* Function Bodies */
  75:C:/Workspace/FW_Inertia/branch_indesit/PlatformLibrary/LIB_DigitalIO\DigitalOutputs.c **** /* *************** */
  76:C:/Workspace/FW_Inertia/branch_indesit/PlatformLibrary/LIB_DigitalIO\DigitalOutputs.c **** 
  77:C:/Workspace/FW_Inertia/branch_indesit/PlatformLibrary/LIB_DigitalIO\DigitalOutputs.c **** /* Exported function */
  78:C:/Workspace/FW_Inertia/branch_indesit/PlatformLibrary/LIB_DigitalIO\DigitalOutputs.c **** /**
  79:C:/Workspace/FW_Inertia/branch_indesit/PlatformLibrary/LIB_DigitalIO\DigitalOutputs.c **** Set the pin value according with pinValue and reiterates it's direction as output.
  80:C:/Workspace/FW_Inertia/branch_indesit/PlatformLibrary/LIB_DigitalIO\DigitalOutputs.c **** 
  81:C:/Workspace/FW_Inertia/branch_indesit/PlatformLibrary/LIB_DigitalIO\DigitalOutputs.c **** \param  [in]		pinValue  if 1 -> On if 0 -> off
  82:C:/Workspace/FW_Inertia/branch_indesit/PlatformLibrary/LIB_DigitalIO\DigitalOutputs.c **** \param  [in]		pin pinIndex of Module IO Map
  83:C:/Workspace/FW_Inertia/branch_indesit/PlatformLibrary/LIB_DigitalIO\DigitalOutputs.c **** 
  84:C:/Workspace/FW_Inertia/branch_indesit/PlatformLibrary/LIB_DigitalIO\DigitalOutputs.c **** \author 	Stefano Ughi
  85:C:/Workspace/FW_Inertia/branch_indesit/PlatformLibrary/LIB_DigitalIO\DigitalOutputs.c **** \date		18/06/2010
  86:C:/Workspace/FW_Inertia/branch_indesit/PlatformLibrary/LIB_DigitalIO\DigitalOutputs.c **** \version	1.0.0
  87:C:/Workspace/FW_Inertia/branch_indesit/PlatformLibrary/LIB_DigitalIO\DigitalOutputs.c **** 
  88:C:/Workspace/FW_Inertia/branch_indesit/PlatformLibrary/LIB_DigitalIO\DigitalOutputs.c **** 
  89:C:/Workspace/FW_Inertia/branch_indesit/PlatformLibrary/LIB_DigitalIO\DigitalOutputs.c **** \note		\par \b Nota 1:
  90:C:/Workspace/FW_Inertia/branch_indesit/PlatformLibrary/LIB_DigitalIO\DigitalOutputs.c **** 			documentation by Stefano Ughi
  91:C:/Workspace/FW_Inertia/branch_indesit/PlatformLibrary/LIB_DigitalIO\DigitalOutputs.c **** 
  92:C:/Workspace/FW_Inertia/branch_indesit/PlatformLibrary/LIB_DigitalIO\DigitalOutputs.c **** */
  93:C:/Workspace/FW_Inertia/branch_indesit/PlatformLibrary/LIB_DigitalIO\DigitalOutputs.c **** void LIB_DIO_SET_LOAD(uint8_t pinValue, uint8_t pin)
  94:C:/Workspace/FW_Inertia/branch_indesit/PlatformLibrary/LIB_DigitalIO\DigitalOutputs.c **** {
  10                             		.loc 1 94 0
  11                             	.LVL0:
  12 0000 6E 7A                   		pushm	r7-r10
  13                             	.LCFI0:
  14 0002 CF 27                   		mov.B	r2, r7
  95:C:/Workspace/FW_Inertia/branch_indesit/PlatformLibrary/LIB_DigitalIO\DigitalOutputs.c **** 	if ( pin >= IO_MODULE_MAP_SIZE )
  15                             		.loc 1 95 0
  16 0004 5B 2E                   		movu.B	r2, r14
  17 0006 75 5E 2B                		cmp	#43, r14
  18 0009 25 0A                   		bleu	.L2
  96:C:/Workspace/FW_Inertia/branch_indesit/PlatformLibrary/LIB_DigitalIO\DigitalOutputs.c **** 	{
  97:C:/Workspace/FW_Inertia/branch_indesit/PlatformLibrary/LIB_DigitalIO\DigitalOutputs.c **** 		PLT_ERROR_FATAL(PLT_ERROR_DIG_OUT_1);
  19                             		.loc 1 97 0
  20 000b 66 61                   		mov.L	#6, r1
  21                             	.LVL1:
  98:C:/Workspace/FW_Inertia/branch_indesit/PlatformLibrary/LIB_DigitalIO\DigitalOutputs.c **** 		return;  /* Serious Error */
  99:C:/Workspace/FW_Inertia/branch_indesit/PlatformLibrary/LIB_DigitalIO\DigitalOutputs.c **** 	}
 100:C:/Workspace/FW_Inertia/branch_indesit/PlatformLibrary/LIB_DigitalIO\DigitalOutputs.c **** 
 101:C:/Workspace/FW_Inertia/branch_indesit/PlatformLibrary/LIB_DigitalIO\DigitalOutputs.c **** 	LIB_DIO_SET_LOAD_F(pinValue, pin);
 102:C:/Workspace/FW_Inertia/branch_indesit/PlatformLibrary/LIB_DigitalIO\DigitalOutputs.c **** 	(void)OCDIO_SetPinDirValueSync(pin,1);
 103:C:/Workspace/FW_Inertia/branch_indesit/PlatformLibrary/LIB_DigitalIO\DigitalOutputs.c **** }
  22                             		.loc 1 103 0
  23 000d 6F 7A                   		popm	r7-r10
  97:C:/Workspace/FW_Inertia/branch_indesit/PlatformLibrary/LIB_DigitalIO\DigitalOutputs.c **** 		PLT_ERROR_FATAL(PLT_ERROR_DIG_OUT_1);
  24                             		.loc 1 97 0
  25 000f 04 00 00 00             		bra	_LIB_Error_Fatal_Handler
  26                             	.LVL2:
  27                             	.L2:
  28 0013 CF 1A                   		mov.B	r1, r10
  29                             	.LVL3:
  30                             	.LBB4:
  31                             	.LBB5:
 104:C:/Workspace/FW_Inertia/branch_indesit/PlatformLibrary/LIB_DigitalIO\DigitalOutputs.c **** /* Local Function */
 105:C:/Workspace/FW_Inertia/branch_indesit/PlatformLibrary/LIB_DigitalIO\DigitalOutputs.c **** /**
 106:C:/Workspace/FW_Inertia/branch_indesit/PlatformLibrary/LIB_DigitalIO\DigitalOutputs.c **** Set an output.
 107:C:/Workspace/FW_Inertia/branch_indesit/PlatformLibrary/LIB_DigitalIO\DigitalOutputs.c **** 
 108:C:/Workspace/FW_Inertia/branch_indesit/PlatformLibrary/LIB_DigitalIO\DigitalOutputs.c **** \param  [in]	value  if 1 -> On if 0 -> off
 109:C:/Workspace/FW_Inertia/branch_indesit/PlatformLibrary/LIB_DigitalIO\DigitalOutputs.c **** \param  [in]	pin pinIndex of Module IO Map
 110:C:/Workspace/FW_Inertia/branch_indesit/PlatformLibrary/LIB_DigitalIO\DigitalOutputs.c **** 
 111:C:/Workspace/FW_Inertia/branch_indesit/PlatformLibrary/LIB_DigitalIO\DigitalOutputs.c **** \author 	Stefano Ughi
 112:C:/Workspace/FW_Inertia/branch_indesit/PlatformLibrary/LIB_DigitalIO\DigitalOutputs.c **** \date		18/06/2010
 113:C:/Workspace/FW_Inertia/branch_indesit/PlatformLibrary/LIB_DigitalIO\DigitalOutputs.c **** \version	1.0.0
 114:C:/Workspace/FW_Inertia/branch_indesit/PlatformLibrary/LIB_DigitalIO\DigitalOutputs.c **** 
 115:C:/Workspace/FW_Inertia/branch_indesit/PlatformLibrary/LIB_DigitalIO\DigitalOutputs.c **** 
 116:C:/Workspace/FW_Inertia/branch_indesit/PlatformLibrary/LIB_DigitalIO\DigitalOutputs.c **** \note		\par \b Nota 1:
 117:C:/Workspace/FW_Inertia/branch_indesit/PlatformLibrary/LIB_DigitalIO\DigitalOutputs.c **** 			documentation by Stefano Ughi
 118:C:/Workspace/FW_Inertia/branch_indesit/PlatformLibrary/LIB_DigitalIO\DigitalOutputs.c **** 
 119:C:/Workspace/FW_Inertia/branch_indesit/PlatformLibrary/LIB_DigitalIO\DigitalOutputs.c **** */
 120:C:/Workspace/FW_Inertia/branch_indesit/PlatformLibrary/LIB_DigitalIO\DigitalOutputs.c **** 
 121:C:/Workspace/FW_Inertia/branch_indesit/PlatformLibrary/LIB_DigitalIO\DigitalOutputs.c **** static void LIB_DIO_SET_LOAD_F(uint8_t value, uint8_t pin)
 122:C:/Workspace/FW_Inertia/branch_indesit/PlatformLibrary/LIB_DigitalIO\DigitalOutputs.c **** {
 123:C:/Workspace/FW_Inertia/branch_indesit/PlatformLibrary/LIB_DigitalIO\DigitalOutputs.c **** 	bool_t actvSense;
 124:C:/Workspace/FW_Inertia/branch_indesit/PlatformLibrary/LIB_DigitalIO\DigitalOutputs.c **** 
 125:C:/Workspace/FW_Inertia/branch_indesit/PlatformLibrary/LIB_DigitalIO\DigitalOutputs.c **** 	actvSense = LIB_IOM_Get_IODir_ActiveSense(pin);
  32                             		.loc 1 125 0
  33 0015 CF 21                   		mov.B	r2, r1
  34                             	.LVL4:
  35 0017 05 00 00 00             		bsr	_LIB_IOM_Get_IODir_ActiveSense
  36                             	.LVL5:
 126:C:/Workspace/FW_Inertia/branch_indesit/PlatformLibrary/LIB_DigitalIO\DigitalOutputs.c **** 	/*lint -e514 Unusual use of a Boolean */
 127:C:/Workspace/FW_Inertia/branch_indesit/PlatformLibrary/LIB_DigitalIO\DigitalOutputs.c **** 	if (value^(!actvSense))
  37                             		.loc 1 127 0
  38 001b 5B AA                   		movu.B	r10, r10
  39                             	.LVL6:
  40 001d 61 01                   		cmp	#0, r1
  41 001f FC DB 10                		sceq.L	r1
  42                             	.LVL7:
  43 0022 47 1A                   		cmp	r1, r10
 128:C:/Workspace/FW_Inertia/branch_indesit/PlatformLibrary/LIB_DigitalIO\DigitalOutputs.c **** 	{
 129:C:/Workspace/FW_Inertia/branch_indesit/PlatformLibrary/LIB_DigitalIO\DigitalOutputs.c **** 		/*lint +e514 */
 130:C:/Workspace/FW_Inertia/branch_indesit/PlatformLibrary/LIB_DigitalIO\DigitalOutputs.c **** 		/* pin high */
 131:C:/Workspace/FW_Inertia/branch_indesit/PlatformLibrary/LIB_DigitalIO\DigitalOutputs.c **** 		OCDIO_SetPinValueSync(pin, 1);
  44                             		.loc 1 131 0
  45 0024 CF 71                   		mov.B	r7, r1
 127:C:/Workspace/FW_Inertia/branch_indesit/PlatformLibrary/LIB_DigitalIO\DigitalOutputs.c **** 	if (value^(!actvSense))
  46                             		.loc 1 127 0
  47 0026 14                      		beq	.L3
  48                             	.LVL8:
  49                             		.loc 1 131 0
  50 0027 66 12                   		mov	#1, r2
  51 0029 0B                      		bra	.L6
  52                             	.L3:
 132:C:/Workspace/FW_Inertia/branch_indesit/PlatformLibrary/LIB_DigitalIO\DigitalOutputs.c **** 	}
 133:C:/Workspace/FW_Inertia/branch_indesit/PlatformLibrary/LIB_DigitalIO\DigitalOutputs.c **** 	else
 134:C:/Workspace/FW_Inertia/branch_indesit/PlatformLibrary/LIB_DigitalIO\DigitalOutputs.c **** 	{
 135:C:/Workspace/FW_Inertia/branch_indesit/PlatformLibrary/LIB_DigitalIO\DigitalOutputs.c **** 		/* pin low */
 136:C:/Workspace/FW_Inertia/branch_indesit/PlatformLibrary/LIB_DigitalIO\DigitalOutputs.c **** 		OCDIO_SetPinValueSync(pin, 0);
  53                             		.loc 1 136 0
  54 002a 66 02                   		mov	#0, r2
  55                             		.balign 2,3,3
  56                             	.L6:
  57 002c 05 00 00 00             		bsr	_OCDIO_SetPinValueSync
  58                             	.LVL9:
  59                             	.LBE5:
  60                             	.LBE4:
 102:C:/Workspace/FW_Inertia/branch_indesit/PlatformLibrary/LIB_DigitalIO\DigitalOutputs.c **** 	(void)OCDIO_SetPinDirValueSync(pin,1);
  61                             		.loc 1 102 0
  62 0030 CF 71                   		mov.B	r7, r1
  63 0032 66 12                   		mov	#1, r2
 103:C:/Workspace/FW_Inertia/branch_indesit/PlatformLibrary/LIB_DigitalIO\DigitalOutputs.c **** }
  64                             		.loc 1 103 0
  65 0034 6F 7A                   		popm	r7-r10
  66                             	.LVL10:
 102:C:/Workspace/FW_Inertia/branch_indesit/PlatformLibrary/LIB_DigitalIO\DigitalOutputs.c **** 	(void)OCDIO_SetPinDirValueSync(pin,1);
  67                             		.loc 1 102 0
  68 0036 04 00 00 00             		bra	_OCDIO_SetPinDirValueSync
  69                             	.LVL11:
  70                             	.LFE0:
 110                             	.Letext0:
 111                             		.file 2 "C:\\Workspace\\FW_Inertia\\branch_indesit\\HAL\\HAL_General/StandardTypes.h"
 112                             		.file 3 "C:\\Workspace\\FW_Inertia\\branch_indesit\\PlatformLibrary\\LIB_Error/LIB_Error.h"
 113                             		.file 4 "C:\\Workspace\\FW_Inertia\\branch_indesit\\Drivers/IO_driver.h"
 114                             		.file 5 "C:\\Workspace\\FW_Inertia\\branch_indesit\\Drivers\\OCDIO/OCDIO_drv.h"
 115                             		.file 6 "C:\\Workspace\\FW_Inertia\\branch_indesit\\PlatformLibrary\\LIB_IOManager/IOSharing.h"
DEFINED SYMBOLS
                            *ABS*:00000000 DigitalOutputs.c
C:\Users\Andrea\AppData\Local\Temp\cczCWyGR.s:7      .text.LIB_DIO_SET_LOAD:00000000 _LIB_DIO_SET_LOAD
C:\Users\Andrea\AppData\Local\Temp\cczCWyGR.s:12     .text.LIB_DIO_SET_LOAD:00000000 L0
C:\Users\Andrea\AppData\Local\Temp\cczCWyGR.s:73     .debug_frame:00000000 .Lframe0
C:\Users\Andrea\AppData\Local\Temp\cczCWyGR.s:8      .text.LIB_DIO_SET_LOAD:00000000 .LFB0
C:\Users\Andrea\AppData\Local\Temp\cczCWyGR.s:641    .debug_abbrev:00000000 .Ldebug_abbrev0
C:\Users\Andrea\AppData\Local\Temp\cczCWyGR.s:1169   .debug_str:00000061 .LASF112
C:\Users\Andrea\AppData\Local\Temp\cczCWyGR.s:1191   .debug_str:0000016e .LASF113
C:\Users\Andrea\AppData\Local\Temp\cczCWyGR.s:1155   .debug_ranges:00000000 .Ldebug_ranges0
C:\Users\Andrea\AppData\Local\Temp\cczCWyGR.s:1161   .debug_line:00000000 .Ldebug_line0
C:\Users\Andrea\AppData\Local\Temp\cczCWyGR.s:1197   .debug_str:0000020c .LASF0
C:\Users\Andrea\AppData\Local\Temp\cczCWyGR.s:1307   .debug_str:00000822 .LASF1
C:\Users\Andrea\AppData\Local\Temp\cczCWyGR.s:1253   .debug_str:0000050e .LASF2
C:\Users\Andrea\AppData\Local\Temp\cczCWyGR.s:1249   .debug_str:000004ea .LASF3
C:\Users\Andrea\AppData\Local\Temp\cczCWyGR.s:1285   .debug_str:000006f2 .LASF4
C:\Users\Andrea\AppData\Local\Temp\cczCWyGR.s:1313   .debug_str:00000860 .LASF5
C:\Users\Andrea\AppData\Local\Temp\cczCWyGR.s:1359   .debug_str:00000ad9 .LASF8
C:\Users\Andrea\AppData\Local\Temp\cczCWyGR.s:1273   .debug_str:0000063f .LASF6
C:\Users\Andrea\AppData\Local\Temp\cczCWyGR.s:1283   .debug_str:000006e6 .LASF7
C:\Users\Andrea\AppData\Local\Temp\cczCWyGR.s:1321   .debug_str:000008ba .LASF9
C:\Users\Andrea\AppData\Local\Temp\cczCWyGR.s:1371   .debug_str:00000b72 .LASF10
C:\Users\Andrea\AppData\Local\Temp\cczCWyGR.s:1199   .debug_str:00000216 .LASF11
C:\Users\Andrea\AppData\Local\Temp\cczCWyGR.s:1315   .debug_str:0000086e .LASF12
C:\Users\Andrea\AppData\Local\Temp\cczCWyGR.s:1299   .debug_str:000007b4 .LASF13
C:\Users\Andrea\AppData\Local\Temp\cczCWyGR.s:1379   .debug_str:00000bba .LASF14
C:\Users\Andrea\AppData\Local\Temp\cczCWyGR.s:1381   .debug_str:00000bcd .LASF15
C:\Users\Andrea\AppData\Local\Temp\cczCWyGR.s:1317   .debug_str:00000873 .LASF16
C:\Users\Andrea\AppData\Local\Temp\cczCWyGR.s:1259   .debug_str:0000055b .LASF17
C:\Users\Andrea\AppData\Local\Temp\cczCWyGR.s:1357   .debug_str:00000ac6 .LASF18
C:\Users\Andrea\AppData\Local\Temp\cczCWyGR.s:1173   .debug_str:000000a1 .LASF19
C:\Users\Andrea\AppData\Local\Temp\cczCWyGR.s:1355   .debug_str:00000ab1 .LASF20
C:\Users\Andrea\AppData\Local\Temp\cczCWyGR.s:1229   .debug_str:000003c9 .LASF21
C:\Users\Andrea\AppData\Local\Temp\cczCWyGR.s:1329   .debug_str:00000927 .LASF22
C:\Users\Andrea\AppData\Local\Temp\cczCWyGR.s:1281   .debug_str:000006aa .LASF23
C:\Users\Andrea\AppData\Local\Temp\cczCWyGR.s:1383   .debug_str:00000be0 .LASF24
C:\Users\Andrea\AppData\Local\Temp\cczCWyGR.s:1319   .debug_str:00000886 .LASF25
C:\Users\Andrea\AppData\Local\Temp\cczCWyGR.s:1339   .debug_str:000009c7 .LASF26
C:\Users\Andrea\AppData\Local\Temp\cczCWyGR.s:1261   .debug_str:0000056e .LASF27
C:\Users\Andrea\AppData\Local\Temp\cczCWyGR.s:1167   .debug_str:0000002c .LASF28
C:\Users\Andrea\AppData\Local\Temp\cczCWyGR.s:1213   .debug_str:000002b8 .LASF29
C:\Users\Andrea\AppData\Local\Temp\cczCWyGR.s:1303   .debug_str:000007dd .LASF30
C:\Users\Andrea\AppData\Local\Temp\cczCWyGR.s:1367   .debug_str:00000b3b .LASF31
C:\Users\Andrea\AppData\Local\Temp\cczCWyGR.s:1175   .debug_str:000000b5 .LASF32
C:\Users\Andrea\AppData\Local\Temp\cczCWyGR.s:1177   .debug_str:000000cc .LASF33
C:\Users\Andrea\AppData\Local\Temp\cczCWyGR.s:1179   .debug_str:000000e3 .LASF34
C:\Users\Andrea\AppData\Local\Temp\cczCWyGR.s:1181   .debug_str:000000fa .LASF35
C:\Users\Andrea\AppData\Local\Temp\cczCWyGR.s:1183   .debug_str:00000111 .LASF36
C:\Users\Andrea\AppData\Local\Temp\cczCWyGR.s:1185   .debug_str:00000128 .LASF37
C:\Users\Andrea\AppData\Local\Temp\cczCWyGR.s:1187   .debug_str:0000013f .LASF38
C:\Users\Andrea\AppData\Local\Temp\cczCWyGR.s:1221   .debug_str:00000348 .LASF39
C:\Users\Andrea\AppData\Local\Temp\cczCWyGR.s:1287   .debug_str:00000709 .LASF40
C:\Users\Andrea\AppData\Local\Temp\cczCWyGR.s:1245   .debug_str:000004b2 .LASF41
C:\Users\Andrea\AppData\Local\Temp\cczCWyGR.s:1291   .debug_str:00000744 .LASF42
C:\Users\Andrea\AppData\Local\Temp\cczCWyGR.s:1269   .debug_str:0000060f .LASF43
C:\Users\Andrea\AppData\Local\Temp\cczCWyGR.s:1271   .debug_str:00000627 .LASF44
C:\Users\Andrea\AppData\Local\Temp\cczCWyGR.s:1297   .debug_str:0000079c .LASF45
C:\Users\Andrea\AppData\Local\Temp\cczCWyGR.s:1277   .debug_str:00000667 .LASF46
C:\Users\Andrea\AppData\Local\Temp\cczCWyGR.s:1385   .debug_str:00000c15 .LASF47
C:\Users\Andrea\AppData\Local\Temp\cczCWyGR.s:1387   .debug_str:00000c2e .LASF48
C:\Users\Andrea\AppData\Local\Temp\cczCWyGR.s:1389   .debug_str:00000c47 .LASF49
C:\Users\Andrea\AppData\Local\Temp\cczCWyGR.s:1391   .debug_str:00000c60 .LASF50
C:\Users\Andrea\AppData\Local\Temp\cczCWyGR.s:1393   .debug_str:00000c79 .LASF51
C:\Users\Andrea\AppData\Local\Temp\cczCWyGR.s:1217   .debug_str:0000030e .LASF52
C:\Users\Andrea\AppData\Local\Temp\cczCWyGR.s:1397   .debug_str:00000ca5 .LASF53
C:\Users\Andrea\AppData\Local\Temp\cczCWyGR.s:1163   .debug_str:00000000 .LASF54
C:\Users\Andrea\AppData\Local\Temp\cczCWyGR.s:1265   .debug_str:000005ca .LASF55
C:\Users\Andrea\AppData\Local\Temp\cczCWyGR.s:1267   .debug_str:000005ea .LASF56
C:\Users\Andrea\AppData\Local\Temp\cczCWyGR.s:1295   .debug_str:00000777 .LASF57
C:\Users\Andrea\AppData\Local\Temp\cczCWyGR.s:1353   .debug_str:00000a9c .LASF58
C:\Users\Andrea\AppData\Local\Temp\cczCWyGR.s:1201   .debug_str:0000021f .LASF59
C:\Users\Andrea\AppData\Local\Temp\cczCWyGR.s:1395   .debug_str:00000c92 .LASF60
C:\Users\Andrea\AppData\Local\Temp\cczCWyGR.s:1243   .debug_str:000004a2 .LASF61
C:\Users\Andrea\AppData\Local\Temp\cczCWyGR.s:1351   .debug_str:00000a8d .LASF62
C:\Users\Andrea\AppData\Local\Temp\cczCWyGR.s:1325   .debug_str:000008ef .LASF63
C:\Users\Andrea\AppData\Local\Temp\cczCWyGR.s:1171   .debug_str:00000087 .LASF64
C:\Users\Andrea\AppData\Local\Temp\cczCWyGR.s:1363   .debug_str:00000b05 .LASF65
C:\Users\Andrea\AppData\Local\Temp\cczCWyGR.s:1343   .debug_str:00000a17 .LASF66
C:\Users\Andrea\AppData\Local\Temp\cczCWyGR.s:1223   .debug_str:00000360 .LASF67
C:\Users\Andrea\AppData\Local\Temp\cczCWyGR.s:1377   .debug_str:00000b9e .LASF68
C:\Users\Andrea\AppData\Local\Temp\cczCWyGR.s:1347   .debug_str:00000a4f .LASF69
C:\Users\Andrea\AppData\Local\Temp\cczCWyGR.s:1239   .debug_str:00000465 .LASF70
C:\Users\Andrea\AppData\Local\Temp\cczCWyGR.s:1247   .debug_str:000004ca .LASF71
C:\Users\Andrea\AppData\Local\Temp\cczCWyGR.s:1301   .debug_str:000007c3 .LASF72
C:\Users\Andrea\AppData\Local\Temp\cczCWyGR.s:1207   .debug_str:0000025c .LASF73
C:\Users\Andrea\AppData\Local\Temp\cczCWyGR.s:1233   .debug_str:000003e7 .LASF74
C:\Users\Andrea\AppData\Local\Temp\cczCWyGR.s:1237   .debug_str:00000440 .LASF75
C:\Users\Andrea\AppData\Local\Temp\cczCWyGR.s:1263   .debug_str:000005a4 .LASF76
C:\Users\Andrea\AppData\Local\Temp\cczCWyGR.s:1361   .debug_str:00000ae1 .LASF77
C:\Users\Andrea\AppData\Local\Temp\cczCWyGR.s:1349   .debug_str:00000a69 .LASF78
C:\Users\Andrea\AppData\Local\Temp\cczCWyGR.s:1211   .debug_str:00000299 .LASF79
C:\Users\Andrea\AppData\Local\Temp\cczCWyGR.s:1275   .debug_str:0000064d .LASF80
C:\Users\Andrea\AppData\Local\Temp\cczCWyGR.s:1205   .debug_str:00000245 .LASF81
C:\Users\Andrea\AppData\Local\Temp\cczCWyGR.s:1215   .debug_str:000002ed .LASF82
C:\Users\Andrea\AppData\Local\Temp\cczCWyGR.s:1335   .debug_str:0000098b .LASF83
C:\Users\Andrea\AppData\Local\Temp\cczCWyGR.s:1289   .debug_str:00000721 .LASF84
C:\Users\Andrea\AppData\Local\Temp\cczCWyGR.s:1227   .debug_str:0000039a .LASF85
C:\Users\Andrea\AppData\Local\Temp\cczCWyGR.s:1195   .debug_str:000001dd .LASF86
C:\Users\Andrea\AppData\Local\Temp\cczCWyGR.s:1323   .debug_str:000008c1 .LASF87
C:\Users\Andrea\AppData\Local\Temp\cczCWyGR.s:1279   .debug_str:0000067f .LASF88
C:\Users\Andrea\AppData\Local\Temp\cczCWyGR.s:1255   .debug_str:00000520 .LASF89
C:\Users\Andrea\AppData\Local\Temp\cczCWyGR.s:1235   .debug_str:00000412 .LASF90
C:\Users\Andrea\AppData\Local\Temp\cczCWyGR.s:1327   .debug_str:0000090c .LASF91
C:\Users\Andrea\AppData\Local\Temp\cczCWyGR.s:1369   .debug_str:00000b52 .LASF92
C:\Users\Andrea\AppData\Local\Temp\cczCWyGR.s:1337   .debug_str:000009ad .LASF93
C:\Users\Andrea\AppData\Local\Temp\cczCWyGR.s:1189   .debug_str:00000156 .LASF94
C:\Users\Andrea\AppData\Local\Temp\cczCWyGR.s:1209   .debug_str:0000027a .LASF95
C:\Users\Andrea\AppData\Local\Temp\cczCWyGR.s:1309   .debug_str:00000835 .LASF96
C:\Users\Andrea\AppData\Local\Temp\cczCWyGR.s:1293   .debug_str:0000075c .LASF97
C:\Users\Andrea\AppData\Local\Temp\cczCWyGR.s:1331   .debug_str:00000956 .LASF98
C:\Users\Andrea\AppData\Local\Temp\cczCWyGR.s:1225   .debug_str:00000385 .LASF99
C:\Users\Andrea\AppData\Local\Temp\cczCWyGR.s:1193   .debug_str:000001c4 .LASF100
C:\Users\Andrea\AppData\Local\Temp\cczCWyGR.s:1341   .debug_str:000009fd .LASF101
C:\Users\Andrea\AppData\Local\Temp\cczCWyGR.s:1375   .debug_str:00000b85 .LASF102
C:\Users\Andrea\AppData\Local\Temp\cczCWyGR.s:1251   .debug_str:000004f3 .LASF103
C:\Users\Andrea\AppData\Local\Temp\cczCWyGR.s:1365   .debug_str:00000b21 .LASF104
C:\Users\Andrea\AppData\Local\Temp\cczCWyGR.s:1203   .debug_str:0000023a .LASF105
C:\Users\Andrea\AppData\Local\Temp\cczCWyGR.s:1311   .debug_str:00000853 .LASF106
C:\Users\Andrea\AppData\Local\Temp\cczCWyGR.s:1165   .debug_str:00000019 .LASF114
C:\Users\Andrea\AppData\Local\Temp\cczCWyGR.s:1373   .debug_str:00000b7f .LASF107
C:\Users\Andrea\AppData\Local\Temp\cczCWyGR.s:1257   .debug_str:00000551 .LASF115
C:\Users\Andrea\AppData\Local\Temp\cczCWyGR.s:1305   .debug_str:00000811 .LASF116
C:\Users\Andrea\AppData\Local\Temp\cczCWyGR.s:70     .text.LIB_DIO_SET_LOAD:0000003a .LFE0
C:\Users\Andrea\AppData\Local\Temp\cczCWyGR.s:1008   .debug_loc:00000000 .LLST0
C:\Users\Andrea\AppData\Local\Temp\cczCWyGR.s:1231   .debug_str:000003de .LASF108
C:\Users\Andrea\AppData\Local\Temp\cczCWyGR.s:1021   .debug_loc:00000020 .LLST1
C:\Users\Andrea\AppData\Local\Temp\cczCWyGR.s:1050   .debug_loc:00000065 .LLST2
C:\Users\Andrea\AppData\Local\Temp\cczCWyGR.s:30     .text.LIB_DIO_SET_LOAD:00000015 .LBB4
C:\Users\Andrea\AppData\Local\Temp\cczCWyGR.s:60     .text.LIB_DIO_SET_LOAD:00000030 .LBE4
C:\Users\Andrea\AppData\Local\Temp\cczCWyGR.s:1091   .debug_loc:000000cb .LLST3
C:\Users\Andrea\AppData\Local\Temp\cczCWyGR.s:1121   .debug_loc:00000118 .LLST4
C:\Users\Andrea\AppData\Local\Temp\cczCWyGR.s:31     .text.LIB_DIO_SET_LOAD:00000015 .LBB5
C:\Users\Andrea\AppData\Local\Temp\cczCWyGR.s:59     .text.LIB_DIO_SET_LOAD:00000030 .LBE5
C:\Users\Andrea\AppData\Local\Temp\cczCWyGR.s:1135   .debug_loc:00000139 .LLST5
C:\Users\Andrea\AppData\Local\Temp\cczCWyGR.s:36     .text.LIB_DIO_SET_LOAD:0000001b .LVL5
C:\Users\Andrea\AppData\Local\Temp\cczCWyGR.s:58     .text.LIB_DIO_SET_LOAD:00000030 .LVL9
C:\Users\Andrea\AppData\Local\Temp\cczCWyGR.s:26     .text.LIB_DIO_SET_LOAD:00000013 .LVL2
C:\Users\Andrea\AppData\Local\Temp\cczCWyGR.s:69     .text.LIB_DIO_SET_LOAD:0000003a .LVL11
C:\Users\Andrea\AppData\Local\Temp\cczCWyGR.s:1345   .debug_str:00000a31 .LASF117
C:\Users\Andrea\AppData\Local\Temp\cczCWyGR.s:1219   .debug_str:00000332 .LASF109
C:\Users\Andrea\AppData\Local\Temp\cczCWyGR.s:1333   .debug_str:00000973 .LASF110
C:\Users\Andrea\AppData\Local\Temp\cczCWyGR.s:1241   .debug_str:00000489 .LASF111
C:\Users\Andrea\AppData\Local\Temp\cczCWyGR.s:13     .text.LIB_DIO_SET_LOAD:00000002 .LCFI0
C:\Users\Andrea\AppData\Local\Temp\cczCWyGR.s:11     .text.LIB_DIO_SET_LOAD:00000000 .LVL0
C:\Users\Andrea\AppData\Local\Temp\cczCWyGR.s:21     .text.LIB_DIO_SET_LOAD:0000000d .LVL1
C:\Users\Andrea\AppData\Local\Temp\cczCWyGR.s:34     .text.LIB_DIO_SET_LOAD:00000017 .LVL4
C:\Users\Andrea\AppData\Local\Temp\cczCWyGR.s:39     .text.LIB_DIO_SET_LOAD:0000001d .LVL6
C:\Users\Andrea\AppData\Local\Temp\cczCWyGR.s:48     .text.LIB_DIO_SET_LOAD:00000027 .LVL8
C:\Users\Andrea\AppData\Local\Temp\cczCWyGR.s:66     .text.LIB_DIO_SET_LOAD:00000036 .LVL10
C:\Users\Andrea\AppData\Local\Temp\cczCWyGR.s:29     .text.LIB_DIO_SET_LOAD:00000015 .LVL3
C:\Users\Andrea\AppData\Local\Temp\cczCWyGR.s:42     .text.LIB_DIO_SET_LOAD:00000022 .LVL7
C:\Users\Andrea\AppData\Local\Temp\cczCWyGR.s:117    .debug_info:00000000 .Ldebug_info0

UNDEFINED SYMBOLS
_LIB_Error_Fatal_Handler
_LIB_IOM_Get_IODir_ActiveSense
_OCDIO_SetPinValueSync
_OCDIO_SetPinDirValueSync
