   1                             		.file	"Heat.c"
   2                             		.section P,"ax"
   3                             	.Ltext0:
   4                             		.section	.text.HEA_uP_Heat_Exe,"ax",@progbits
   5                             		.global	_HEA_uP_Heat_Exe
   7                             	_HEA_uP_Heat_Exe:
   8                             	.LFB0:
   9                             		.file 1 "C:/Workspace/FW_Inertia/branch_indesit/Inertia/Modules/Heat.c"
   1:C:/Workspace/FW_Inertia/branch_indesit/Inertia/Modules\Heat.c **** /*
   2:C:/Workspace/FW_Inertia/branch_indesit/Inertia/Modules\Heat.c **** ** **************************************************************************
   3:C:/Workspace/FW_Inertia/branch_indesit/Inertia/Modules\Heat.c **** ** **************************************************************************
   4:C:/Workspace/FW_Inertia/branch_indesit/Inertia/Modules\Heat.c **** */ 
   5:C:/Workspace/FW_Inertia/branch_indesit/Inertia/Modules\Heat.c **** /** 
   6:C:/Workspace/FW_Inertia/branch_indesit/Inertia/Modules\Heat.c **** Gestisce il microprogramma Heat, 
   7:C:/Workspace/FW_Inertia/branch_indesit/Inertia/Modules\Heat.c **** Source File
   8:C:/Workspace/FW_Inertia/branch_indesit/Inertia/Modules\Heat.c **** 
   9:C:/Workspace/FW_Inertia/branch_indesit/Inertia/Modules\Heat.c **** \file    Heat.c
  10:C:/Workspace/FW_Inertia/branch_indesit/Inertia/Modules\Heat.c **** \ingroup Heat
  11:C:/Workspace/FW_Inertia/branch_indesit/Inertia/Modules\Heat.c **** \date    07/02/2008
  12:C:/Workspace/FW_Inertia/branch_indesit/Inertia/Modules\Heat.c **** \author  Valeria Catani
  13:C:/Workspace/FW_Inertia/branch_indesit/Inertia/Modules\Heat.c **** \version 1.0.0
  14:C:/Workspace/FW_Inertia/branch_indesit/Inertia/Modules\Heat.c **** */
  15:C:/Workspace/FW_Inertia/branch_indesit/Inertia/Modules\Heat.c **** 
  16:C:/Workspace/FW_Inertia/branch_indesit/Inertia/Modules\Heat.c **** /*
  17:C:/Workspace/FW_Inertia/branch_indesit/Inertia/Modules\Heat.c **** Copyright (c) 2004-2008, Indesit Company, IDD.
  18:C:/Workspace/FW_Inertia/branch_indesit/Inertia/Modules\Heat.c **** Tutti i diritti sono riservati. All rights reserved.
  19:C:/Workspace/FW_Inertia/branch_indesit/Inertia/Modules\Heat.c **** */
  20:C:/Workspace/FW_Inertia/branch_indesit/Inertia/Modules\Heat.c **** 
  21:C:/Workspace/FW_Inertia/branch_indesit/Inertia/Modules\Heat.c **** /* Old Versions
  22:C:/Workspace/FW_Inertia/branch_indesit/Inertia/Modules\Heat.c **** \version 
  23:C:/Workspace/FW_Inertia/branch_indesit/Inertia/Modules\Heat.c **** \date    
  24:C:/Workspace/FW_Inertia/branch_indesit/Inertia/Modules\Heat.c **** \author  
  25:C:/Workspace/FW_Inertia/branch_indesit/Inertia/Modules\Heat.c **** */
  26:C:/Workspace/FW_Inertia/branch_indesit/Inertia/Modules\Heat.c **** 
  27:C:/Workspace/FW_Inertia/branch_indesit/Inertia/Modules\Heat.c **** 
  28:C:/Workspace/FW_Inertia/branch_indesit/Inertia/Modules\Heat.c **** /* ******** */
  29:C:/Workspace/FW_Inertia/branch_indesit/Inertia/Modules\Heat.c **** /* Includes */
  30:C:/Workspace/FW_Inertia/branch_indesit/Inertia/Modules\Heat.c **** /* ******** */
  31:C:/Workspace/FW_Inertia/branch_indesit/Inertia/Modules\Heat.c **** 
  32:C:/Workspace/FW_Inertia/branch_indesit/Inertia/Modules\Heat.c **** 
  33:C:/Workspace/FW_Inertia/branch_indesit/Inertia/Modules\Heat.c **** #include "CstmHeaders.h"
  34:C:/Workspace/FW_Inertia/branch_indesit/Inertia/Modules\Heat.c **** 
  35:C:/Workspace/FW_Inertia/branch_indesit/Inertia/Modules\Heat.c **** /* ****************** */
  36:C:/Workspace/FW_Inertia/branch_indesit/Inertia/Modules\Heat.c **** /* Defines and Macros */
  37:C:/Workspace/FW_Inertia/branch_indesit/Inertia/Modules\Heat.c **** /* ****************** */
  38:C:/Workspace/FW_Inertia/branch_indesit/Inertia/Modules\Heat.c **** 
  39:C:/Workspace/FW_Inertia/branch_indesit/Inertia/Modules\Heat.c **** /**DEBUG*/
  40:C:/Workspace/FW_Inertia/branch_indesit/Inertia/Modules\Heat.c **** /**DEBUG END*/
  41:C:/Workspace/FW_Inertia/branch_indesit/Inertia/Modules\Heat.c **** 
  42:C:/Workspace/FW_Inertia/branch_indesit/Inertia/Modules\Heat.c **** /* *************************** */
  43:C:/Workspace/FW_Inertia/branch_indesit/Inertia/Modules\Heat.c **** /* Typedef, Structs and Unions */
  44:C:/Workspace/FW_Inertia/branch_indesit/Inertia/Modules\Heat.c **** /* *************************** */
  45:C:/Workspace/FW_Inertia/branch_indesit/Inertia/Modules\Heat.c **** 
  46:C:/Workspace/FW_Inertia/branch_indesit/Inertia/Modules\Heat.c **** /* **************************** */
  47:C:/Workspace/FW_Inertia/branch_indesit/Inertia/Modules\Heat.c **** /* Prototype of local functions */
  48:C:/Workspace/FW_Inertia/branch_indesit/Inertia/Modules\Heat.c **** /* **************************** */
  49:C:/Workspace/FW_Inertia/branch_indesit/Inertia/Modules\Heat.c **** 
  50:C:/Workspace/FW_Inertia/branch_indesit/Inertia/Modules\Heat.c **** static void HEA_tgTemp_Update(void);
  51:C:/Workspace/FW_Inertia/branch_indesit/Inertia/Modules\Heat.c **** 
  52:C:/Workspace/FW_Inertia/branch_indesit/Inertia/Modules\Heat.c **** /* ****************** */
  53:C:/Workspace/FW_Inertia/branch_indesit/Inertia/Modules\Heat.c **** /* Exported variables */
  54:C:/Workspace/FW_Inertia/branch_indesit/Inertia/Modules\Heat.c **** /* ****************** */
  55:C:/Workspace/FW_Inertia/branch_indesit/Inertia/Modules\Heat.c **** 
  56:C:/Workspace/FW_Inertia/branch_indesit/Inertia/Modules\Heat.c **** /* **************** */
  57:C:/Workspace/FW_Inertia/branch_indesit/Inertia/Modules\Heat.c **** /* Global variables */
  58:C:/Workspace/FW_Inertia/branch_indesit/Inertia/Modules\Heat.c **** /* **************** */
  59:C:/Workspace/FW_Inertia/branch_indesit/Inertia/Modules\Heat.c **** 
  60:C:/Workspace/FW_Inertia/branch_indesit/Inertia/Modules\Heat.c **** /* ***************** */
  61:C:/Workspace/FW_Inertia/branch_indesit/Inertia/Modules\Heat.c **** /* Exported function */
  62:C:/Workspace/FW_Inertia/branch_indesit/Inertia/Modules\Heat.c **** /* ***************** */
  63:C:/Workspace/FW_Inertia/branch_indesit/Inertia/Modules\Heat.c **** 
  64:C:/Workspace/FW_Inertia/branch_indesit/Inertia/Modules\Heat.c **** 
  65:C:/Workspace/FW_Inertia/branch_indesit/Inertia/Modules\Heat.c **** /**
  66:C:/Workspace/FW_Inertia/branch_indesit/Inertia/Modules\Heat.c **** Gestisce l'esecuzione del microprogramma Heat.
  67:C:/Workspace/FW_Inertia/branch_indesit/Inertia/Modules\Heat.c ****  
  68:C:/Workspace/FW_Inertia/branch_indesit/Inertia/Modules\Heat.c **** \param [in] HighStatement specifica l'high statement (opcode +  modificatori F0-F1 + N flag + T fla
  69:C:/Workspace/FW_Inertia/branch_indesit/Inertia/Modules\Heat.c **** \param [in] LowStatement specifica il low statement (displacement ai dati) del microprogramma.
  70:C:/Workspace/FW_Inertia/branch_indesit/Inertia/Modules\Heat.c ****  
  71:C:/Workspace/FW_Inertia/branch_indesit/Inertia/Modules\Heat.c **** \return S_OK se la condizione di avanzamento passo per il microprogramma è verificata (raggiunta te
  72:C:/Workspace/FW_Inertia/branch_indesit/Inertia/Modules\Heat.c **** \return S_FALSE se non è ancora verificata(temperatura non ancora raggiunta),
  73:C:/Workspace/FW_Inertia/branch_indesit/Inertia/Modules\Heat.c **** \return codice di errore in altri casi
  74:C:/Workspace/FW_Inertia/branch_indesit/Inertia/Modules\Heat.c ****  
  75:C:/Workspace/FW_Inertia/branch_indesit/Inertia/Modules\Heat.c **** \version		1.0.0
  76:C:/Workspace/FW_Inertia/branch_indesit/Inertia/Modules\Heat.c **** \date 			07/02/2008
  77:C:/Workspace/FW_Inertia/branch_indesit/Inertia/Modules\Heat.c **** \author			Valeria Catani
  78:C:/Workspace/FW_Inertia/branch_indesit/Inertia/Modules\Heat.c **** 
  79:C:/Workspace/FW_Inertia/branch_indesit/Inertia/Modules\Heat.c **** */
  80:C:/Workspace/FW_Inertia/branch_indesit/Inertia/Modules\Heat.c **** uint8_t HEA_uP_Heat_Exe (uint8_t HighStatement,uint8_t LowStatement)
  81:C:/Workspace/FW_Inertia/branch_indesit/Inertia/Modules\Heat.c **** {
  10                             		.loc 1 81 0
  11                             	.LVL0:
  12 0000 6E 7A                   		pushm	r7-r10
  13                             	.LCFI0:
  14 0002 60 40                   		sub	#4, r0
  15                             	.LCFI1:
  82:C:/Workspace/FW_Inertia/branch_indesit/Inertia/Modules\Heat.c **** 
  83:C:/Workspace/FW_Inertia/branch_indesit/Inertia/Modules\Heat.c **** 	if (Interpreter_Data[0].stepInitialized == FALSE)
  16                             		.loc 1 83 0
  17 0004 FB 72 00 00 00 00       		mov.L	#_Interpreter_Data, r7
  18 000a 89 77                   		mov.B	4[r7], r7
  19 000c 64 27                   		and	#2, r7
  20 000e 1A                      		bne	.L2
  84:C:/Workspace/FW_Inertia/branch_indesit/Inertia/Modules\Heat.c **** 	{	/* Prima iterazione del passo */
  85:C:/Workspace/FW_Inertia/branch_indesit/Inertia/Modules\Heat.c **** 		
  86:C:/Workspace/FW_Inertia/branch_indesit/Inertia/Modules\Heat.c **** 		uP_Heat_Data.status = HEAT_INIT;
  21                             		.loc 1 86 0
  22 000f FB A2 00 00 00 00       		mov.L	#_uP_Heat_Data, r10
  23 0015 C7 A7 01                		mov.B	r7, 1[r10]
  24                             		.balign 2,3,5
  25                             	.L2:
  87:C:/Workspace/FW_Inertia/branch_indesit/Inertia/Modules\Heat.c **** 		
  88:C:/Workspace/FW_Inertia/branch_indesit/Inertia/Modules\Heat.c **** 	}
  89:C:/Workspace/FW_Inertia/branch_indesit/Inertia/Modules\Heat.c **** 		
  90:C:/Workspace/FW_Inertia/branch_indesit/Inertia/Modules\Heat.c **** 	if ( Res_Pos[LD_WASH_RES_IND]== NO_LD_POS )
  26                             		.loc 1 90 0
  27 0018 FB 72 00 00 00 00       		mov.L	#_Res_Pos, r7
  28 001e 58 7E                   		movu.B	[r7], r14
  29 0020 75 5E FF                		cmp	#0xff, r14
  30 0023 1C                      		bne	.L3
  31 0024 38 F8 00                		bra	.L24
  32                             	.L3:
  91:C:/Workspace/FW_Inertia/branch_indesit/Inertia/Modules\Heat.c **** 	{/* Res lavaggio non presente */
  92:C:/Workspace/FW_Inertia/branch_indesit/Inertia/Modules\Heat.c **** 
  93:C:/Workspace/FW_Inertia/branch_indesit/Inertia/Modules\Heat.c **** 		return S_OK;
  94:C:/Workspace/FW_Inertia/branch_indesit/Inertia/Modules\Heat.c **** 	}
  95:C:/Workspace/FW_Inertia/branch_indesit/Inertia/Modules\Heat.c **** 	
  96:C:/Workspace/FW_Inertia/branch_indesit/Inertia/Modules\Heat.c **** 	
  97:C:/Workspace/FW_Inertia/branch_indesit/Inertia/Modules\Heat.c **** 	/* passaggio per uP Heat */
  98:C:/Workspace/FW_Inertia/branch_indesit/Inertia/Modules\Heat.c **** 	FltHeatToutData.uP_exe = TRUE;
  33                             		.loc 1 98 0
  34 0027 FB 72 00 00 00 00       		mov.L	#_FltHeatToutData, r7
  35 002d CC 74                   		mov.B	[r7], r4
  36 002f 78 74                   		bset	#7, r4
  37 0031 C3 74                   		mov.B	r4, [r7]
  99:C:/Workspace/FW_Inertia/branch_indesit/Inertia/Modules\Heat.c **** 
 100:C:/Workspace/FW_Inertia/branch_indesit/Inertia/Modules\Heat.c **** 	if ( uPDoorStatus == UP_DOOR_WAIT )
  38                             		.loc 1 100 0
  39 0033 FB A2 00 00 00 00       		mov.L	#_uPDoorStatus, r10
  40 0039 58 AA                   		movu.B	[r10], r10
  41 003b 61 0A                   		cmp	#0, r10
  42 003d 3A E2 00                		beq	.L13
 101:C:/Workspace/FW_Inertia/branch_indesit/Inertia/Modules\Heat.c **** 	{/* porta aperta o in attesa di timeout dopo la chiusura -> il uP va sospeso */
 102:C:/Workspace/FW_Inertia/branch_indesit/Inertia/Modules\Heat.c **** 
 103:C:/Workspace/FW_Inertia/branch_indesit/Inertia/Modules\Heat.c **** 		return S_FALSE;
 104:C:/Workspace/FW_Inertia/branch_indesit/Inertia/Modules\Heat.c **** 	}
 105:C:/Workspace/FW_Inertia/branch_indesit/Inertia/Modules\Heat.c **** 
 106:C:/Workspace/FW_Inertia/branch_indesit/Inertia/Modules\Heat.c **** 	
 107:C:/Workspace/FW_Inertia/branch_indesit/Inertia/Modules\Heat.c **** 	/* Gestione Warning Res OPEN :  Res ON - No Delta */
 108:C:/Workspace/FW_Inertia/branch_indesit/Inertia/Modules\Heat.c **** 	
 109:C:/Workspace/FW_Inertia/branch_indesit/Inertia/Modules\Heat.c **** 	
 110:C:/Workspace/FW_Inertia/branch_indesit/Inertia/Modules\Heat.c **** /*Init uP*/	  
 111:C:/Workspace/FW_Inertia/branch_indesit/Inertia/Modules\Heat.c **** 
 112:C:/Workspace/FW_Inertia/branch_indesit/Inertia/Modules\Heat.c **** 	if (uP_Heat_Data.status == HEAT_INIT)
  43                             		.loc 1 112 0
  44 0040 FB A2 00 00 00 00       		mov.L	#_uP_Heat_Data, r10
  45 0046 CD A3 01                		mov.B	1[r10], r3
  46 0049 5B 31                   		movu.B	r3, r1
  47                             	.LVL1:
  48 004b 61 01                   		cmp	#0, r1
  49 004d 21 69                   		bne	.L5
 113:C:/Workspace/FW_Inertia/branch_indesit/Inertia/Modules\Heat.c **** 	{/* caricamento dati dalla flash */
 114:C:/Workspace/FW_Inertia/branch_indesit/Inertia/Modules\Heat.c **** 		
 115:C:/Workspace/FW_Inertia/branch_indesit/Inertia/Modules\Heat.c **** 	
 116:C:/Workspace/FW_Inertia/branch_indesit/Inertia/Modules\Heat.c **** 		if ( BasicLoader( PTR_UP_HEAT, LowStatement, &uPHeat_setting_data ) != S_OK )
  50                             		.loc 1 116 0
  51 004f 5B 22                   		movu.B	r2, r2
  52 0051 75 41 13                		mov	#19, r1
  53 0054 FB 32 00 00 00 00       		mov.L	#_uPHeat_setting_data, r3
  54 005a 05 00 00 00             		bsr	_BasicLoader
  55                             	.LVL2:
  56 005e 76 21 FF 00             		and #0xff, r1
  57 0062 3B BA 00                		bne	.L24
 117:C:/Workspace/FW_Inertia/branch_indesit/Inertia/Modules\Heat.c **** 		{		
 118:C:/Workspace/FW_Inertia/branch_indesit/Inertia/Modules\Heat.c **** 			return S_OK;	/*non eseguo il uP, ma abilito avanzamento passo*/
 119:C:/Workspace/FW_Inertia/branch_indesit/Inertia/Modules\Heat.c **** 		}
 120:C:/Workspace/FW_Inertia/branch_indesit/Inertia/Modules\Heat.c **** 		
 121:C:/Workspace/FW_Inertia/branch_indesit/Inertia/Modules\Heat.c **** 		/* Init Tout riscaldamento in fault */
 122:C:/Workspace/FW_Inertia/branch_indesit/Inertia/Modules\Heat.c **** 		FltHeatToutData.state = FLT_HEAT_TOUT_INIT;
  58                             		.loc 1 122 0
  59 0065 CC 7E                   		mov.B	[r7], r14
  60 0067 75 2E 80                		and #0xffffff80, r14
  61 006a 78 0E                   		bset #0, r14
  62 006c C3 7E                   		mov.B	r14, [r7]
 123:C:/Workspace/FW_Inertia/branch_indesit/Inertia/Modules\Heat.c **** 	  
 124:C:/Workspace/FW_Inertia/branch_indesit/Inertia/Modules\Heat.c **** 		/* Init flag temperatura raggiunta = FALSE */		
 125:C:/Workspace/FW_Inertia/branch_indesit/Inertia/Modules\Heat.c **** 		CLRBIT(Flags_1,JIF_FLAG1_TARGET_TEMP_OK_POS);		
  63                             		.loc 1 125 0
  64 006e FB 72 00 00 00 00       		mov.L	#_Flags_1, r7
  65 0074 F0 7E                   		bclr #6, [r7].B
 126:C:/Workspace/FW_Inertia/branch_indesit/Inertia/Modules\Heat.c **** 			
 127:C:/Workspace/FW_Inertia/branch_indesit/Inertia/Modules\Heat.c **** 		/*init target temp (stacco)*/
 128:C:/Workspace/FW_Inertia/branch_indesit/Inertia/Modules\Heat.c **** 		uP_Heat_Data.tgTemp =  OFFS_B(uPHeat_setting_data.Data,0) ;	/*uP_Heat_Data.tgTemp = ( OFFS_B(uPHe
  66                             		.loc 1 128 0
  67 0076 FB 72 00 00 00 00       		mov.L	#_uPHeat_setting_data, r7
  68 007c EC 7E                   		mov.L	[r7], r14
  69 007e C0 EA                   		mov.B	[r14], [r10]
  70                             	.LBB4:
  71                             	.LBB5:
 129:C:/Workspace/FW_Inertia/branch_indesit/Inertia/Modules\Heat.c **** 		
 130:C:/Workspace/FW_Inertia/branch_indesit/Inertia/Modules\Heat.c **** 		/*aggiornamento temperatura target in base a modificatori. 
 131:C:/Workspace/FW_Inertia/branch_indesit/Inertia/Modules\Heat.c **** 		Viene fatto solo in Init, poi non più modificabile */
 132:C:/Workspace/FW_Inertia/branch_indesit/Inertia/Modules\Heat.c **** 		HEA_tgTemp_Update();
 133:C:/Workspace/FW_Inertia/branch_indesit/Inertia/Modules\Heat.c **** 		
 134:C:/Workspace/FW_Inertia/branch_indesit/Inertia/Modules\Heat.c **** 		uP_Heat_Data.status = HEAT_EXE;
 135:C:/Workspace/FW_Inertia/branch_indesit/Inertia/Modules\Heat.c **** 		
 136:C:/Workspace/FW_Inertia/branch_indesit/Inertia/Modules\Heat.c **** 		return S_FALSE;	/*nella prima iterazione non vengono pilotati i carichi */
 137:C:/Workspace/FW_Inertia/branch_indesit/Inertia/Modules\Heat.c **** 		
 138:C:/Workspace/FW_Inertia/branch_indesit/Inertia/Modules\Heat.c **** 	}/*END HEAT_INIT*/
 139:C:/Workspace/FW_Inertia/branch_indesit/Inertia/Modules\Heat.c **** 	
 140:C:/Workspace/FW_Inertia/branch_indesit/Inertia/Modules\Heat.c **** 	if (uP_Heat_Data.status == HEAT_EXE)
 141:C:/Workspace/FW_Inertia/branch_indesit/Inertia/Modules\Heat.c **** 	{
 142:C:/Workspace/FW_Inertia/branch_indesit/Inertia/Modules\Heat.c **** 		/*controllo raggiungimento temperatura*/	
 143:C:/Workspace/FW_Inertia/branch_indesit/Inertia/Modules\Heat.c **** 		if( GITemp < uP_Heat_Data.tgTemp )
 144:C:/Workspace/FW_Inertia/branch_indesit/Inertia/Modules\Heat.c **** 		{/* temperatura target NON raggiunta */
 145:C:/Workspace/FW_Inertia/branch_indesit/Inertia/Modules\Heat.c **** 
 146:C:/Workspace/FW_Inertia/branch_indesit/Inertia/Modules\Heat.c **** 			if ( TESTBIT(Flags_1,JIF_FLAG1_TARGET_TEMP_OK_POS)!= 0 )
 147:C:/Workspace/FW_Inertia/branch_indesit/Inertia/Modules\Heat.c **** 			{/*temperatura stacco già raggiunta - abilitazione a procedere nel passo*/
 148:C:/Workspace/FW_Inertia/branch_indesit/Inertia/Modules\Heat.c **** 
 149:C:/Workspace/FW_Inertia/branch_indesit/Inertia/Modules\Heat.c **** 				return S_OK;
 150:C:/Workspace/FW_Inertia/branch_indesit/Inertia/Modules\Heat.c **** 			}																						 
 151:C:/Workspace/FW_Inertia/branch_indesit/Inertia/Modules\Heat.c **** 			/*else temperatura non ancora raggiunta*/
 152:C:/Workspace/FW_Inertia/branch_indesit/Inertia/Modules\Heat.c **** 
 153:C:/Workspace/FW_Inertia/branch_indesit/Inertia/Modules\Heat.c **** 			if (	FltHeatToutData.state== FLT_HEAT_TOUT_END )
 154:C:/Workspace/FW_Inertia/branch_indesit/Inertia/Modules\Heat.c **** 			{/*timeout riscaldamento raggiunto*/
 155:C:/Workspace/FW_Inertia/branch_indesit/Inertia/Modules\Heat.c **** 
 156:C:/Workspace/FW_Inertia/branch_indesit/Inertia/Modules\Heat.c **** 				return S_OK; 
 157:C:/Workspace/FW_Inertia/branch_indesit/Inertia/Modules\Heat.c **** 			}
 158:C:/Workspace/FW_Inertia/branch_indesit/Inertia/Modules\Heat.c **** 
 159:C:/Workspace/FW_Inertia/branch_indesit/Inertia/Modules\Heat.c **** 
 160:C:/Workspace/FW_Inertia/branch_indesit/Inertia/Modules\Heat.c **** 			LoadsReq_New[Res_Pos[LD_WASH_RES_IND]].b = RES_ON;
 161:C:/Workspace/FW_Inertia/branch_indesit/Inertia/Modules\Heat.c **** 		}	
 162:C:/Workspace/FW_Inertia/branch_indesit/Inertia/Modules\Heat.c **** 		else
 163:C:/Workspace/FW_Inertia/branch_indesit/Inertia/Modules\Heat.c **** 		{/* temperatura target raggiunta - resistenza OFF*/
 164:C:/Workspace/FW_Inertia/branch_indesit/Inertia/Modules\Heat.c **** 
 165:C:/Workspace/FW_Inertia/branch_indesit/Inertia/Modules\Heat.c **** 			/* 
 166:C:/Workspace/FW_Inertia/branch_indesit/Inertia/Modules\Heat.c **** 			questa istruzione garantisce continuità tra le fasi se usata con routine continuità carichi in i
 167:C:/Workspace/FW_Inertia/branch_indesit/Inertia/Modules\Heat.c **** 			perchè comunque in Init i carichi non vengono pilotati */
 168:C:/Workspace/FW_Inertia/branch_indesit/Inertia/Modules\Heat.c **** 
 169:C:/Workspace/FW_Inertia/branch_indesit/Inertia/Modules\Heat.c **** 			if ( (TESTBIT(Flags_1,JIF_FLAG1_TARGET_TEMP_OK_POS) == 0) && (LoadsReq_Old[Res_Pos[LD_WASH_RES_I
 170:C:/Workspace/FW_Inertia/branch_indesit/Inertia/Modules\Heat.c **** 			{
 171:C:/Workspace/FW_Inertia/branch_indesit/Inertia/Modules\Heat.c **** 				LoadsReq_New[Res_Pos[LD_WASH_RES_IND]].b = RES_ON;
 172:C:/Workspace/FW_Inertia/branch_indesit/Inertia/Modules\Heat.c **** 			}
 173:C:/Workspace/FW_Inertia/branch_indesit/Inertia/Modules\Heat.c **** 
 174:C:/Workspace/FW_Inertia/branch_indesit/Inertia/Modules\Heat.c **** 			/* disabilito gestione fault timeout riscaldamento */
 175:C:/Workspace/FW_Inertia/branch_indesit/Inertia/Modules\Heat.c **** 			FltHeatToutData.state = FLT_HEAT_TOUT_DISABLE;
 176:C:/Workspace/FW_Inertia/branch_indesit/Inertia/Modules\Heat.c **** 
 177:C:/Workspace/FW_Inertia/branch_indesit/Inertia/Modules\Heat.c **** 			/* flag temperatura target raggiunta */
 178:C:/Workspace/FW_Inertia/branch_indesit/Inertia/Modules\Heat.c **** 			SETBIT(Flags_1,JIF_FLAG1_TARGET_TEMP_OK_POS);	
 179:C:/Workspace/FW_Inertia/branch_indesit/Inertia/Modules\Heat.c **** 
 180:C:/Workspace/FW_Inertia/branch_indesit/Inertia/Modules\Heat.c **** 			return S_OK;
 181:C:/Workspace/FW_Inertia/branch_indesit/Inertia/Modules\Heat.c **** 		}
 182:C:/Workspace/FW_Inertia/branch_indesit/Inertia/Modules\Heat.c **** 
 183:C:/Workspace/FW_Inertia/branch_indesit/Inertia/Modules\Heat.c **** 										
 184:C:/Workspace/FW_Inertia/branch_indesit/Inertia/Modules\Heat.c **** 	}/*END HEAT_EXE*/
 185:C:/Workspace/FW_Inertia/branch_indesit/Inertia/Modules\Heat.c **** 
 186:C:/Workspace/FW_Inertia/branch_indesit/Inertia/Modules\Heat.c **** 	return S_FALSE;	
 187:C:/Workspace/FW_Inertia/branch_indesit/Inertia/Modules\Heat.c **** }
 188:C:/Workspace/FW_Inertia/branch_indesit/Inertia/Modules\Heat.c **** 
 189:C:/Workspace/FW_Inertia/branch_indesit/Inertia/Modules\Heat.c **** 
 190:C:/Workspace/FW_Inertia/branch_indesit/Inertia/Modules\Heat.c **** /**
 191:C:/Workspace/FW_Inertia/branch_indesit/Inertia/Modules\Heat.c **** Gestisce aggiornamento della temperatura target per il uP in base alla tabella di modificatori
 192:C:/Workspace/FW_Inertia/branch_indesit/Inertia/Modules\Heat.c **** 
 193:C:/Workspace/FW_Inertia/branch_indesit/Inertia/Modules\Heat.c **** \param [in]		*p : puntatore al campo dati del uP
 194:C:/Workspace/FW_Inertia/branch_indesit/Inertia/Modules\Heat.c **** \return 		void (la temperatura target (temperatura di stacco) viene aggiornata come var globale)
 195:C:/Workspace/FW_Inertia/branch_indesit/Inertia/Modules\Heat.c ****  
 196:C:/Workspace/FW_Inertia/branch_indesit/Inertia/Modules\Heat.c **** \version		1.0.0
 197:C:/Workspace/FW_Inertia/branch_indesit/Inertia/Modules\Heat.c **** \date 			07/02/2008
 198:C:/Workspace/FW_Inertia/branch_indesit/Inertia/Modules\Heat.c **** \author			Valeria Catani
 199:C:/Workspace/FW_Inertia/branch_indesit/Inertia/Modules\Heat.c **** 
 200:C:/Workspace/FW_Inertia/branch_indesit/Inertia/Modules\Heat.c **** \note			in sospeso gestione modificatori
 201:C:/Workspace/FW_Inertia/branch_indesit/Inertia/Modules\Heat.c **** 				  
 202:C:/Workspace/FW_Inertia/branch_indesit/Inertia/Modules\Heat.c **** */
 203:C:/Workspace/FW_Inertia/branch_indesit/Inertia/Modules\Heat.c **** 
 204:C:/Workspace/FW_Inertia/branch_indesit/Inertia/Modules\Heat.c **** static void HEA_tgTemp_Update(void)
 205:C:/Workspace/FW_Inertia/branch_indesit/Inertia/Modules\Heat.c **** {		
 206:C:/Workspace/FW_Inertia/branch_indesit/Inertia/Modules\Heat.c **** uint8_t temp;
 207:C:/Workspace/FW_Inertia/branch_indesit/Inertia/Modules\Heat.c **** int8_t variation;
 208:C:/Workspace/FW_Inertia/branch_indesit/Inertia/Modules\Heat.c **** int16_t delta;
 209:C:/Workspace/FW_Inertia/branch_indesit/Inertia/Modules\Heat.c **** uint8_t res;
 210:C:/Workspace/FW_Inertia/branch_indesit/Inertia/Modules\Heat.c **** 	
 211:C:/Workspace/FW_Inertia/branch_indesit/Inertia/Modules\Heat.c **** 	temp = OFFS_B(uPHeat_setting_data.Data,0);	
  72                             		.loc 1 211 0
  73 0080 CC E7                   		mov.B	[r14], r7
  74                             	.LVL3:
 212:C:/Workspace/FW_Inertia/branch_indesit/Inertia/Modules\Heat.c **** 
 213:C:/Workspace/FW_Inertia/branch_indesit/Inertia/Modules\Heat.c **** 	/* Gestione modificatori */
 214:C:/Workspace/FW_Inertia/branch_indesit/Inertia/Modules\Heat.c **** 
 215:C:/Workspace/FW_Inertia/branch_indesit/Inertia/Modules\Heat.c **** 	res = GetModifierValue (OFFS_B(uPHeat_setting_data.Data,1), &variation);
  75                             		.loc 1 215 0
  76 0082 CD E1 01                		mov.B	1[r14], r1
  77 0085 EF 02                   		mov.L	r0, r2
  78 0087 05 00 00 00             		bsr	_GetModifierValue
  79                             	.LVL4:
 216:C:/Workspace/FW_Inertia/branch_indesit/Inertia/Modules\Heat.c **** 
 217:C:/Workspace/FW_Inertia/branch_indesit/Inertia/Modules\Heat.c **** 	if(MOD_DONT_CARE == res || S_FALSE == res)
  80                             		.loc 1 217 0
  81 008b 5B 11                   		movu.B	r1, r1
  82 008d 75 51 7F                		cmp	#0x7f, r1
  83 0090 14                      		beq	.L7
  84 0091 61 11                   		cmp	#1, r1
  85 0093 1D                      		bne	.L8
  86                             		.balign 2,3,4
  87                             	.L7:
 218:C:/Workspace/FW_Inertia/branch_indesit/Inertia/Modules\Heat.c **** 	{/* Se non è attivo nessun modificatore la variazione viene posta a zero */
 219:C:/Workspace/FW_Inertia/branch_indesit/Inertia/Modules\Heat.c **** 
 220:C:/Workspace/FW_Inertia/branch_indesit/Inertia/Modules\Heat.c **** 		variation=0;
  88                             		.loc 1 220 0
  89 0094 3C 00 00                		mov.B	#0, [r0]
  90                             	.LVL5:
  91 0097 03                      		.balign 2,3,5
  92                             	.L8:
 221:C:/Workspace/FW_Inertia/branch_indesit/Inertia/Modules\Heat.c **** 	}
 222:C:/Workspace/FW_Inertia/branch_indesit/Inertia/Modules\Heat.c **** 
 223:C:/Workspace/FW_Inertia/branch_indesit/Inertia/Modules\Heat.c **** 	if(variation)
  93                             		.loc 1 223 0
  94 0098 CC 02                   		mov.B	[r0], r2
  95 009a CF 2A                   		mov.B	r2, r10
  96 009c 61 0A                   		cmp	#0, r10
  97 009e 12                      		beq	.L9
 224:C:/Workspace/FW_Inertia/branch_indesit/Inertia/Modules\Heat.c **** 	{/* variazione != 0 va applicata*/
 225:C:/Workspace/FW_Inertia/branch_indesit/Inertia/Modules\Heat.c **** 	 
 226:C:/Workspace/FW_Inertia/branch_indesit/Inertia/Modules\Heat.c **** 		/* calcolo delta */                      
 227:C:/Workspace/FW_Inertia/branch_indesit/Inertia/Modules\Heat.c **** 		delta = GetDeltaFromVariation(temp,variation);
  98                             		.loc 1 227 0
  99 009f 5B 71                   		movu.B	r7, r1
 100                             	.LVL6:
 101 00a1 05 00 00 00             		bsr	_GetDeltaFromVariation
 102                             	.LVL7:
 228:C:/Workspace/FW_Inertia/branch_indesit/Inertia/Modules\Heat.c **** 
 229:C:/Workspace/FW_Inertia/branch_indesit/Inertia/Modules\Heat.c **** 		/* aggiornamento */     
 230:C:/Workspace/FW_Inertia/branch_indesit/Inertia/Modules\Heat.c **** 		temp += (uint8_t)delta;         
 103                             		.loc 1 230 0
 104 00a5 4B 17                   		add	r1, r7
 105                             	.LVL8:
 106 00a7 03                      		.balign 2,3,5
 107                             	.L9:
 231:C:/Workspace/FW_Inertia/branch_indesit/Inertia/Modules\Heat.c **** 	}
 232:C:/Workspace/FW_Inertia/branch_indesit/Inertia/Modules\Heat.c **** 
 233:C:/Workspace/FW_Inertia/branch_indesit/Inertia/Modules\Heat.c **** 	uP_Heat_Data.tgTemp = temp;
 108                             		.loc 1 233 0
 109 00a8 FB A2 00 00 00 00       		mov.L	#_uP_Heat_Data, r10
 110 00ae C3 A7                   		mov.B	r7, [r10]
 111                             	.LBE5:
 112                             	.LBE4:
 134:C:/Workspace/FW_Inertia/branch_indesit/Inertia/Modules\Heat.c **** 		uP_Heat_Data.status = HEAT_EXE;
 113                             		.loc 1 134 0
 114 00b0 F9 A4 01 01             		mov.B	#1, 1[r10]
 115 00b4 2E 6B                   		bra	.L13
 116                             	.LVL9:
 117                             	.L5:
 140:C:/Workspace/FW_Inertia/branch_indesit/Inertia/Modules\Heat.c **** 	if (uP_Heat_Data.status == HEAT_EXE)
 118                             		.loc 1 140 0
 119 00b6 61 11                   		cmp	#1, r1
 120 00b8 21 67                   		bne	.L13
 143:C:/Workspace/FW_Inertia/branch_indesit/Inertia/Modules\Heat.c **** 		if( GITemp < uP_Heat_Data.tgTemp )
 121                             		.loc 1 143 0
 122 00ba FB 72 00 00 00 00       		mov.L	#_GITemp, r7
 123 00c0 58 72                   		movu.B	[r7], r2
 124                             	.LVL10:
 125 00c2 58 AA                   		movu.B	[r10], r10
 126 00c4 FB 72 00 00 00 00       		mov.L	#_Flags_1, r7
 146:C:/Workspace/FW_Inertia/branch_indesit/Inertia/Modules\Heat.c **** 			if ( TESTBIT(Flags_1,JIF_FLAG1_TARGET_TEMP_OK_POS)!= 0 )
 127                             		.loc 1 146 0
 128 00ca CC 77                   		mov.B	[r7], r7
 143:C:/Workspace/FW_Inertia/branch_indesit/Inertia/Modules\Heat.c **** 		if( GITemp < uP_Heat_Data.tgTemp )
 129                             		.loc 1 143 0
 130 00cc 47 A2                   		cmp	r10, r2
 131 00ce 22 19                   		bgeu	.L10
 146:C:/Workspace/FW_Inertia/branch_indesit/Inertia/Modules\Heat.c **** 			if ( TESTBIT(Flags_1,JIF_FLAG1_TARGET_TEMP_OK_POS)!= 0 )
 132                             		.loc 1 146 0
 133 00d0 75 27 40                		and #64, r7
 134 00d3 21 49                   		bne	.L24
 153:C:/Workspace/FW_Inertia/branch_indesit/Inertia/Modules\Heat.c **** 			if (	FltHeatToutData.state== FLT_HEAT_TOUT_END )
 135                             		.loc 1 153 0
 136 00d5 75 24 7F                		and #0x7f, r4
 137 00d8 61 44                   		cmp	#4, r4
 138 00da 20 42                   		beq	.L24
 160:C:/Workspace/FW_Inertia/branch_indesit/Inertia/Modules\Heat.c **** 			LoadsReq_New[Res_Pos[LD_WASH_RES_IND]].b = RES_ON;
 139                             		.loc 1 160 0
 140 00dc FB 72 00 00 00 00       		mov.L	#_LoadsReq_New, r7
 141 00e2 FE 0E 73                		mov.B	r3, [r14,r7]
 142 00e5 2E 3D                   		bra	.L4
 143                             	.L10:
 169:C:/Workspace/FW_Inertia/branch_indesit/Inertia/Modules\Heat.c **** 			if ( (TESTBIT(Flags_1,JIF_FLAG1_TARGET_TEMP_OK_POS) == 0) && (LoadsReq_Old[Res_Pos[LD_WASH_RES_I
 144                             		.loc 1 169 0
 145 00e7 EF 7A                   		mov.L	r7, r10
 146 00e9 75 2A 40                		and #64, r10
 147 00ec 21 18                   		bne	.L11
 169:C:/Workspace/FW_Inertia/branch_indesit/Inertia/Modules\Heat.c **** 			if ( (TESTBIT(Flags_1,JIF_FLAG1_TARGET_TEMP_OK_POS) == 0) && (LoadsReq_Old[Res_Pos[LD_WASH_RES_I
 148                             		.loc 1 169 0 is_stmt 0 discriminator 1
 149 00ee FB A2 00 00 00 00       		mov.L	#_LoadsReq_Old, r10
 150 00f4 FE CE AA                		movu.B	[r14,r10], r10
 151 00f7 61 1A                   		cmp	#1, r10
 152 00f9 21 0B                   		bne	.L11
 171:C:/Workspace/FW_Inertia/branch_indesit/Inertia/Modules\Heat.c **** 				LoadsReq_New[Res_Pos[LD_WASH_RES_IND]].b = RES_ON;
 153                             		.loc 1 171 0 is_stmt 1
 154 00fb FB 42 00 00 00 00       		mov.L	#_LoadsReq_New, r4
 155 0101 FE 0E 4A                		mov.B	r10, [r14,r4]
 156                             		.balign 2,3,5
 157                             	.L11:
 175:C:/Workspace/FW_Inertia/branch_indesit/Inertia/Modules\Heat.c **** 			FltHeatToutData.state = FLT_HEAT_TOUT_DISABLE;
 158                             		.loc 1 175 0
 159 0104 FB A2 00 00 00 00       		mov.L	#_FltHeatToutData, r10
 160 010a CC AE                   		mov.B	[r10], r14
 161 010c 75 2E 80                		and #0xffffff80, r14
 162 010f C3 AE                   		mov.B	r14, [r10]
 178:C:/Workspace/FW_Inertia/branch_indesit/Inertia/Modules\Heat.c **** 			SETBIT(Flags_1,JIF_FLAG1_TARGET_TEMP_OK_POS);	
 163                             		.loc 1 178 0
 164 0111 78 67                   		bset #6, r7
 165 0113 FB A2 00 00 00 00       		mov.L	#_Flags_1, r10
 166 0119 C3 A7                   		mov.B	r7, [r10]
 167 011b 03                      		.balign 2,3,1
 168                             	.L24:
 180:C:/Workspace/FW_Inertia/branch_indesit/Inertia/Modules\Heat.c **** 			return S_OK;
 169                             		.loc 1 180 0
 170 011c 66 01                   		mov	#0, r1
 171 011e 0C                      		bra	.L4
 172                             	.LVL11:
 173                             	.L13:
 103:C:/Workspace/FW_Inertia/branch_indesit/Inertia/Modules\Heat.c **** 		return S_FALSE;
 174                             		.loc 1 103 0
 175 011f 66 11                   		mov	#1, r1
 176 0121 03                      		.balign 2,3,1
 177                             	.L4:
 187:C:/Workspace/FW_Inertia/branch_indesit/Inertia/Modules\Heat.c **** }
 178                             		.loc 1 187 0
 179 0122 5B 11                   		movu.B	r1, r1
 180 0124 3F 7A 05                		rtsd	#20, r7-r10
 181                             	.LFE0:
 225                             	.Letext0:
 226                             		.file 2 "C:\\Workspace\\FW_Inertia\\branch_indesit\\HAL\\HAL_General/StandardTypes.h"
 227                             		.file 3 "C:\\Workspace\\FW_Inertia\\branch_indesit\\ProductModules\\PM_SwTimersCounters/SwTimersCo
 228                             		.file 4 "C:\\Workspace\\FW_Inertia\\branch_indesit\\ProductModules\\PM_Library/LIB_Utilities.h"
 229                             		.file 5 "C:\\Workspace\\FW_Inertia\\branch_indesit\\Application_Platform/APP_Types.h"
 230                             		.file 6 "C:\\Workspace\\FW_Inertia\\branch_indesit\\ProductModules\\PM_BusCOMM/BCP_General.h"
 231                             		.file 7 "C:\\Workspace\\FW_Inertia\\branch_indesit\\Inertia\\General/CstmTypes.h"
 232                             		.file 8 "C:\\Workspace\\FW_Inertia\\branch_indesit\\PlatformLibrary\\LIB_IOManager/OutputManagerEx
 233                             		.file 9 "C:\\Workspace\\FW_Inertia\\branch_indesit\\ProductModules\\PM_BusCOMM/BCP_BusCommMng.h"
 234                             		.file 10 "C:\\Workspace\\FW_Inertia\\branch_indesit\\Application_Platform/APP_Global.h"
 235                             		.file 11 "C:\\Workspace\\FW_Inertia\\branch_indesit\\Inertia\\General/CstmGlobal.h"
 236                             		.file 12 "C:\\Workspace\\FW_Inertia\\branch_indesit\\Inertia\\General/CstmFuncLib.h"
 237                             		.file 13 "C:\\Workspace\\FW_Inertia\\branch_indesit\\Inertia\\General/CstmDefines.h"
DEFINED SYMBOLS
                            *ABS*:00000000 Heat.c
C:\Users\Andrea\AppData\Local\Temp\ccyH08T1.s:7      .text.HEA_uP_Heat_Exe:00000000 _HEA_uP_Heat_Exe
C:\Users\Andrea\AppData\Local\Temp\ccyH08T1.s:12     .text.HEA_uP_Heat_Exe:00000000 L0
C:\Users\Andrea\AppData\Local\Temp\ccyH08T1.s:184    .debug_frame:00000000 .Lframe0
C:\Users\Andrea\AppData\Local\Temp\ccyH08T1.s:8      .text.HEA_uP_Heat_Exe:00000000 .LFB0
C:\Users\Andrea\AppData\Local\Temp\ccyH08T1.s:996    .debug_abbrev:00000000 .Ldebug_abbrev0
C:\Users\Andrea\AppData\Local\Temp\ccyH08T1.s:1635   .debug_str:00000000 .LASF77
C:\Users\Andrea\AppData\Local\Temp\ccyH08T1.s:1759   .debug_str:00000326 .LASF78
C:\Users\Andrea\AppData\Local\Temp\ccyH08T1.s:1627   .debug_ranges:00000000 .Ldebug_ranges0
C:\Users\Andrea\AppData\Local\Temp\ccyH08T1.s:1633   .debug_line:00000000 .Ldebug_line0
C:\Users\Andrea\AppData\Local\Temp\ccyH08T1.s:1725   .debug_str:0000023a .LASF0
C:\Users\Andrea\AppData\Local\Temp\ccyH08T1.s:1745   .debug_str:000002b4 .LASF2
C:\Users\Andrea\AppData\Local\Temp\ccyH08T1.s:1653   .debug_str:0000008e .LASF1
C:\Users\Andrea\AppData\Local\Temp\ccyH08T1.s:1727   .debug_str:00000247 .LASF3
C:\Users\Andrea\AppData\Local\Temp\ccyH08T1.s:1731   .debug_str:00000258 .LASF4
C:\Users\Andrea\AppData\Local\Temp\ccyH08T1.s:1719   .debug_str:00000210 .LASF5
C:\Users\Andrea\AppData\Local\Temp\ccyH08T1.s:1761   .debug_str:00000364 .LASF6
C:\Users\Andrea\AppData\Local\Temp\ccyH08T1.s:1697   .debug_str:00000189 .LASF7
C:\Users\Andrea\AppData\Local\Temp\ccyH08T1.s:1717   .debug_str:000001f9 .LASF8
C:\Users\Andrea\AppData\Local\Temp\ccyH08T1.s:1691   .debug_str:00000161 .LASF9
C:\Users\Andrea\AppData\Local\Temp\ccyH08T1.s:1679   .debug_str:00000125 .LASF10
C:\Users\Andrea\AppData\Local\Temp\ccyH08T1.s:1711   .debug_str:000001d4 .LASF11
C:\Users\Andrea\AppData\Local\Temp\ccyH08T1.s:1645   .debug_str:0000005e .LASF12
C:\Users\Andrea\AppData\Local\Temp\ccyH08T1.s:1687   .debug_str:0000014b .LASF13
C:\Users\Andrea\AppData\Local\Temp\ccyH08T1.s:1793   .debug_str:00000452 .LASF30
C:\Users\Andrea\AppData\Local\Temp\ccyH08T1.s:1703   .debug_str:000001ad .LASF14
C:\Users\Andrea\AppData\Local\Temp\ccyH08T1.s:1757   .debug_str:0000031b .LASF15
C:\Users\Andrea\AppData\Local\Temp\ccyH08T1.s:1701   .debug_str:0000019f .LASF16
C:\Users\Andrea\AppData\Local\Temp\ccyH08T1.s:1657   .debug_str:0000009e .LASF17
C:\Users\Andrea\AppData\Local\Temp\ccyH08T1.s:1737   .debug_str:0000027f .LASF18
C:\Users\Andrea\AppData\Local\Temp\ccyH08T1.s:1667   .debug_str:000000d3 .LASF19
C:\Users\Andrea\AppData\Local\Temp\ccyH08T1.s:1713   .debug_str:000001e2 .LASF29
C:\Users\Andrea\AppData\Local\Temp\ccyH08T1.s:1747   .debug_str:000002bc .LASF20
C:\Users\Andrea\AppData\Local\Temp\ccyH08T1.s:1647   .debug_str:00000065 .LASF21
C:\Users\Andrea\AppData\Local\Temp\ccyH08T1.s:1775   .debug_str:000003d1 .LASF22
C:\Users\Andrea\AppData\Local\Temp\ccyH08T1.s:1763   .debug_str:00000376 .LASF23
C:\Users\Andrea\AppData\Local\Temp\ccyH08T1.s:1715   .debug_str:000001ea .LASF24
C:\Users\Andrea\AppData\Local\Temp\ccyH08T1.s:1693   .debug_str:0000016f .LASF25
C:\Users\Andrea\AppData\Local\Temp\ccyH08T1.s:1637   .debug_str:00000026 .LASF26
C:\Users\Andrea\AppData\Local\Temp\ccyH08T1.s:1695   .debug_str:00000180 .LASF27
C:\Users\Andrea\AppData\Local\Temp\ccyH08T1.s:1655   .debug_str:00000098 .LASF28
C:\Users\Andrea\AppData\Local\Temp\ccyH08T1.s:1773   .debug_str:000003bd .LASF31
C:\Users\Andrea\AppData\Local\Temp\ccyH08T1.s:1709   .debug_str:000001c6 .LASF32
C:\Users\Andrea\AppData\Local\Temp\ccyH08T1.s:1783   .debug_str:0000040e .LASF33
C:\Users\Andrea\AppData\Local\Temp\ccyH08T1.s:1661   .debug_str:000000ad .LASF34
C:\Users\Andrea\AppData\Local\Temp\ccyH08T1.s:1791   .debug_str:00000442 .LASF35
C:\Users\Andrea\AppData\Local\Temp\ccyH08T1.s:1771   .debug_str:000003b1 .LASF36
C:\Users\Andrea\AppData\Local\Temp\ccyH08T1.s:1749   .debug_str:000002d6 .LASF37
C:\Users\Andrea\AppData\Local\Temp\ccyH08T1.s:1753   .debug_str:000002fe .LASF38
C:\Users\Andrea\AppData\Local\Temp\ccyH08T1.s:1751   .debug_str:000002ec .LASF39
C:\Users\Andrea\AppData\Local\Temp\ccyH08T1.s:1663   .debug_str:000000b3 .LASF40
C:\Users\Andrea\AppData\Local\Temp\ccyH08T1.s:1781   .debug_str:000003fe .LASF41
C:\Users\Andrea\AppData\Local\Temp\ccyH08T1.s:1721   .debug_str:00000219 .LASF42
C:\Users\Andrea\AppData\Local\Temp\ccyH08T1.s:1685   .debug_str:00000142 .LASF43
C:\Users\Andrea\AppData\Local\Temp\ccyH08T1.s:1675   .debug_str:00000102 .LASF44
C:\Users\Andrea\AppData\Local\Temp\ccyH08T1.s:1741   .debug_str:00000294 .LASF45
C:\Users\Andrea\AppData\Local\Temp\ccyH08T1.s:1677   .debug_str:00000115 .LASF46
C:\Users\Andrea\AppData\Local\Temp\ccyH08T1.s:1767   .debug_str:00000394 .LASF47
C:\Users\Andrea\AppData\Local\Temp\ccyH08T1.s:1733   .debug_str:0000026b .LASF48
C:\Users\Andrea\AppData\Local\Temp\ccyH08T1.s:1743   .debug_str:000002a5 .LASF49
C:\Users\Andrea\AppData\Local\Temp\ccyH08T1.s:1739   .debug_str:00000284 .LASF50
C:\Users\Andrea\AppData\Local\Temp\ccyH08T1.s:1705   .debug_str:000001b2 .LASF51
C:\Users\Andrea\AppData\Local\Temp\ccyH08T1.s:1649   .debug_str:00000083 .LASF52
C:\Users\Andrea\AppData\Local\Temp\ccyH08T1.s:1735   .debug_str:00000272 .LASF53
C:\Users\Andrea\AppData\Local\Temp\ccyH08T1.s:1681   .debug_str:0000012d .LASF54
C:\Users\Andrea\AppData\Local\Temp\ccyH08T1.s:1683   .debug_str:00000133 .LASF55
C:\Users\Andrea\AppData\Local\Temp\ccyH08T1.s:1671   .debug_str:000000f3 .LASF56
C:\Users\Andrea\AppData\Local\Temp\ccyH08T1.s:1665   .debug_str:000000cb .LASF57
C:\Users\Andrea\AppData\Local\Temp\ccyH08T1.s:1777   .debug_str:000003df .LASF79
C:\Users\Andrea\AppData\Local\Temp\ccyH08T1.s:1651   .debug_str:00000089 .LASF58
C:\Users\Andrea\AppData\Local\Temp\ccyH08T1.s:1689   .debug_str:00000157 .LASF59
C:\Users\Andrea\AppData\Local\Temp\ccyH08T1.s:1659   .debug_str:000000a7 .LASF60
C:\Users\Andrea\AppData\Local\Temp\ccyH08T1.s:1641   .debug_str:00000047 .LASF80
C:\Users\Andrea\AppData\Local\Temp\ccyH08T1.s:181    .text.HEA_uP_Heat_Exe:00000127 .LFE0
C:\Users\Andrea\AppData\Local\Temp\ccyH08T1.s:1523   .debug_loc:00000000 .LLST0
C:\Users\Andrea\AppData\Local\Temp\ccyH08T1.s:1765   .debug_str:00000386 .LASF61
C:\Users\Andrea\AppData\Local\Temp\ccyH08T1.s:1541   .debug_loc:0000002c .LLST1
C:\Users\Andrea\AppData\Local\Temp\ccyH08T1.s:1707   .debug_str:000001b9 .LASF62
C:\Users\Andrea\AppData\Local\Temp\ccyH08T1.s:1555   .debug_loc:0000004d .LLST2
C:\Users\Andrea\AppData\Local\Temp\ccyH08T1.s:70     .text.HEA_uP_Heat_Exe:00000080 .LBB4
C:\Users\Andrea\AppData\Local\Temp\ccyH08T1.s:112    .text.HEA_uP_Heat_Exe:000000b0 .LBE4
C:\Users\Andrea\AppData\Local\Temp\ccyH08T1.s:71     .text.HEA_uP_Heat_Exe:00000080 .LBB5
C:\Users\Andrea\AppData\Local\Temp\ccyH08T1.s:111    .text.HEA_uP_Heat_Exe:000000b0 .LBE5
C:\Users\Andrea\AppData\Local\Temp\ccyH08T1.s:1580   .debug_loc:00000087 .LLST3
C:\Users\Andrea\AppData\Local\Temp\ccyH08T1.s:1587   .debug_loc:0000009a .LLST4
C:\Users\Andrea\AppData\Local\Temp\ccyH08T1.s:1600   .debug_loc:000000ba .LLST5
C:\Users\Andrea\AppData\Local\Temp\ccyH08T1.s:1607   .debug_loc:000000cd .LLST6
C:\Users\Andrea\AppData\Local\Temp\ccyH08T1.s:79     .text.HEA_uP_Heat_Exe:0000008b .LVL4
C:\Users\Andrea\AppData\Local\Temp\ccyH08T1.s:102    .text.HEA_uP_Heat_Exe:000000a5 .LVL7
C:\Users\Andrea\AppData\Local\Temp\ccyH08T1.s:55     .text.HEA_uP_Heat_Exe:0000005e .LVL2
C:\Users\Andrea\AppData\Local\Temp\ccyH08T1.s:1795   .debug_str:00000459 .LASF63
C:\Users\Andrea\AppData\Local\Temp\ccyH08T1.s:1755   .debug_str:0000030a .LASF64
C:\Users\Andrea\AppData\Local\Temp\ccyH08T1.s:1643   .debug_str:00000057 .LASF65
C:\Users\Andrea\AppData\Local\Temp\ccyH08T1.s:1729   .debug_str:00000250 .LASF66
C:\Users\Andrea\AppData\Local\Temp\ccyH08T1.s:1669   .debug_str:000000e6 .LASF67
C:\Users\Andrea\AppData\Local\Temp\ccyH08T1.s:1779   .debug_str:000003f1 .LASF68
C:\Users\Andrea\AppData\Local\Temp\ccyH08T1.s:1639   .debug_str:00000033 .LASF69
C:\Users\Andrea\AppData\Local\Temp\ccyH08T1.s:1787   .debug_str:00000421 .LASF70
C:\Users\Andrea\AppData\Local\Temp\ccyH08T1.s:1785   .debug_str:00000414 .LASF71
C:\Users\Andrea\AppData\Local\Temp\ccyH08T1.s:1699   .debug_str:00000192 .LASF72
C:\Users\Andrea\AppData\Local\Temp\ccyH08T1.s:1673   .debug_str:000000fa .LASF73
C:\Users\Andrea\AppData\Local\Temp\ccyH08T1.s:1789   .debug_str:00000431 .LASF74
C:\Users\Andrea\AppData\Local\Temp\ccyH08T1.s:1769   .debug_str:0000039b .LASF75
C:\Users\Andrea\AppData\Local\Temp\ccyH08T1.s:1723   .debug_str:0000022e .LASF76
C:\Users\Andrea\AppData\Local\Temp\ccyH08T1.s:13     .text.HEA_uP_Heat_Exe:00000002 .LCFI0
C:\Users\Andrea\AppData\Local\Temp\ccyH08T1.s:15     .text.HEA_uP_Heat_Exe:00000004 .LCFI1
C:\Users\Andrea\AppData\Local\Temp\ccyH08T1.s:11     .text.HEA_uP_Heat_Exe:00000000 .LVL0
C:\Users\Andrea\AppData\Local\Temp\ccyH08T1.s:47     .text.HEA_uP_Heat_Exe:0000004b .LVL1
C:\Users\Andrea\AppData\Local\Temp\ccyH08T1.s:116    .text.HEA_uP_Heat_Exe:000000b6 .LVL9
C:\Users\Andrea\AppData\Local\Temp\ccyH08T1.s:124    .text.HEA_uP_Heat_Exe:000000c2 .LVL10
C:\Users\Andrea\AppData\Local\Temp\ccyH08T1.s:74     .text.HEA_uP_Heat_Exe:00000082 .LVL3
C:\Users\Andrea\AppData\Local\Temp\ccyH08T1.s:90     .text.HEA_uP_Heat_Exe:00000097 .LVL5
C:\Users\Andrea\AppData\Local\Temp\ccyH08T1.s:172    .text.HEA_uP_Heat_Exe:0000011f .LVL11
C:\Users\Andrea\AppData\Local\Temp\ccyH08T1.s:105    .text.HEA_uP_Heat_Exe:000000a7 .LVL8
C:\Users\Andrea\AppData\Local\Temp\ccyH08T1.s:100    .text.HEA_uP_Heat_Exe:000000a1 .LVL6
C:\Users\Andrea\AppData\Local\Temp\ccyH08T1.s:239    .debug_info:00000000 .Ldebug_info0

UNDEFINED SYMBOLS
_Interpreter_Data
_uP_Heat_Data
_Res_Pos
_FltHeatToutData
_uPDoorStatus
_uPHeat_setting_data
_BasicLoader
_Flags_1
_GetModifierValue
_GetDeltaFromVariation
_GITemp
_LoadsReq_New
_LoadsReq_Old
