   1                             		.file	"IEC60335_RN_adapter.c"
   2                             		.section P,"ax"
   3                             	.Ltext0:
   4                             		.section	.text.CPU_Test_ErrorHandler,"ax",@progbits
   5                             		.global	_CPU_Test_ErrorHandler
   7                             	_CPU_Test_ErrorHandler:
   8                             	.LFB0:
   9                             		.file 1 "C:/Workspace/FW_Inertia/branch_indesit/HAL/RN_RX200/IEC60335_B_libs/src/IEC60335_RN_adapt
   1:C:/Workspace/FW_Inertia/branch_indesit/HAL/RN_RX200/IEC60335_B_libs/src\IEC60335_RN_adapter.c **** /*
   2:C:/Workspace/FW_Inertia/branch_indesit/HAL/RN_RX200/IEC60335_B_libs/src\IEC60335_RN_adapter.c **** Copyright (c) 2004-2005, Indesit Company, EDT.
   3:C:/Workspace/FW_Inertia/branch_indesit/HAL/RN_RX200/IEC60335_B_libs/src\IEC60335_RN_adapter.c **** Tutti i diritti sono riservati. All rights reserved.
   4:C:/Workspace/FW_Inertia/branch_indesit/HAL/RN_RX200/IEC60335_B_libs/src\IEC60335_RN_adapter.c **** */
   5:C:/Workspace/FW_Inertia/branch_indesit/HAL/RN_RX200/IEC60335_B_libs/src\IEC60335_RN_adapter.c **** 
   6:C:/Workspace/FW_Inertia/branch_indesit/HAL/RN_RX200/IEC60335_B_libs/src\IEC60335_RN_adapter.c **** /**
   7:C:/Workspace/FW_Inertia/branch_indesit/HAL/RN_RX200/IEC60335_B_libs/src\IEC60335_RN_adapter.c **** \Par		[Title]
   8:C:/Workspace/FW_Inertia/branch_indesit/HAL/RN_RX200/IEC60335_B_libs/src\IEC60335_RN_adapter.c **** \n			[Brief description]
   9:C:/Workspace/FW_Inertia/branch_indesit/HAL/RN_RX200/IEC60335_B_libs/src\IEC60335_RN_adapter.c **** \n
  10:C:/Workspace/FW_Inertia/branch_indesit/HAL/RN_RX200/IEC60335_B_libs/src\IEC60335_RN_adapter.c **** \file		[File Name] <file's name, use tag ${file} if you are Eclipse's user>
  11:C:/Workspace/FW_Inertia/branch_indesit/HAL/RN_RX200/IEC60335_B_libs/src\IEC60335_RN_adapter.c **** \ingroup	[module_name_slave] <Symbolic name used by Doxygen to group files belonging to the same mo
  12:C:/Workspace/FW_Inertia/branch_indesit/HAL/RN_RX200/IEC60335_B_libs/src\IEC60335_RN_adapter.c **** \date		[Date] <Creation date, format dd/mm/yyyy, use tag ${date} if you are Eclipse's user >
  13:C:/Workspace/FW_Inertia/branch_indesit/HAL/RN_RX200/IEC60335_B_libs/src\IEC60335_RN_adapter.c **** \version	01.00.00 <Start Project's BaseLine>
  14:C:/Workspace/FW_Inertia/branch_indesit/HAL/RN_RX200/IEC60335_B_libs/src\IEC60335_RN_adapter.c **** \author		[Developer] <Name and Surname of Developer, use tag ${user} if you are Eclipse's user >
  15:C:/Workspace/FW_Inertia/branch_indesit/HAL/RN_RX200/IEC60335_B_libs/src\IEC60335_RN_adapter.c **** \n
  16:C:/Workspace/FW_Inertia/branch_indesit/HAL/RN_RX200/IEC60335_B_libs/src\IEC60335_RN_adapter.c **** \n
  17:C:/Workspace/FW_Inertia/branch_indesit/HAL/RN_RX200/IEC60335_B_libs/src\IEC60335_RN_adapter.c **** \Par\b	History:
  18:C:/Workspace/FW_Inertia/branch_indesit/HAL/RN_RX200/IEC60335_B_libs/src\IEC60335_RN_adapter.c **** \n
  19:C:/Workspace/FW_Inertia/branch_indesit/HAL/RN_RX200/IEC60335_B_libs/src\IEC60335_RN_adapter.c **** \n 		01.04.00 <Current Project's BaseLine>
  20:C:/Workspace/FW_Inertia/branch_indesit/HAL/RN_RX200/IEC60335_B_libs/src\IEC60335_RN_adapter.c **** \n		[Date] <Date of Current Project's BaseLine, format dd/mm/yyyy>
  21:C:/Workspace/FW_Inertia/branch_indesit/HAL/RN_RX200/IEC60335_B_libs/src\IEC60335_RN_adapter.c **** \n		[Developer] <Name and Surname of Developer>
  22:C:/Workspace/FW_Inertia/branch_indesit/HAL/RN_RX200/IEC60335_B_libs/src\IEC60335_RN_adapter.c **** \n		changes: <Changes's Description>
  23:C:/Workspace/FW_Inertia/branch_indesit/HAL/RN_RX200/IEC60335_B_libs/src\IEC60335_RN_adapter.c **** \n 		- change 1 <Description of change 1>
  24:C:/Workspace/FW_Inertia/branch_indesit/HAL/RN_RX200/IEC60335_B_libs/src\IEC60335_RN_adapter.c **** \n		- change 2 <Description of change 2>\n
  25:C:/Workspace/FW_Inertia/branch_indesit/HAL/RN_RX200/IEC60335_B_libs/src\IEC60335_RN_adapter.c **** \n
  26:C:/Workspace/FW_Inertia/branch_indesit/HAL/RN_RX200/IEC60335_B_libs/src\IEC60335_RN_adapter.c **** \n 		01.03.00 <Previous Project's BaseLine>
  27:C:/Workspace/FW_Inertia/branch_indesit/HAL/RN_RX200/IEC60335_B_libs/src\IEC60335_RN_adapter.c **** \n		[Date] <Date of Previous Project's BaseLine, format dd/mm/yyyy >
  28:C:/Workspace/FW_Inertia/branch_indesit/HAL/RN_RX200/IEC60335_B_libs/src\IEC60335_RN_adapter.c **** \n		[Developer] <Name and Surname of Developer>
  29:C:/Workspace/FW_Inertia/branch_indesit/HAL/RN_RX200/IEC60335_B_libs/src\IEC60335_RN_adapter.c **** \n		changes: <Changes's Description>
  30:C:/Workspace/FW_Inertia/branch_indesit/HAL/RN_RX200/IEC60335_B_libs/src\IEC60335_RN_adapter.c **** \n 		- change 1 <Description of change 1>
  31:C:/Workspace/FW_Inertia/branch_indesit/HAL/RN_RX200/IEC60335_B_libs/src\IEC60335_RN_adapter.c **** \n		- change 2 <Description of change 2>
  32:C:/Workspace/FW_Inertia/branch_indesit/HAL/RN_RX200/IEC60335_B_libs/src\IEC60335_RN_adapter.c **** \n
  33:C:/Workspace/FW_Inertia/branch_indesit/HAL/RN_RX200/IEC60335_B_libs/src\IEC60335_RN_adapter.c **** \n
  34:C:/Workspace/FW_Inertia/branch_indesit/HAL/RN_RX200/IEC60335_B_libs/src\IEC60335_RN_adapter.c **** \n etc.
  35:C:/Workspace/FW_Inertia/branch_indesit/HAL/RN_RX200/IEC60335_B_libs/src\IEC60335_RN_adapter.c **** */
  36:C:/Workspace/FW_Inertia/branch_indesit/HAL/RN_RX200/IEC60335_B_libs/src\IEC60335_RN_adapter.c **** 
  37:C:/Workspace/FW_Inertia/branch_indesit/HAL/RN_RX200/IEC60335_B_libs/src\IEC60335_RN_adapter.c **** #define MODULE_BODY_CLASSBCHECK
  38:C:/Workspace/FW_Inertia/branch_indesit/HAL/RN_RX200/IEC60335_B_libs/src\IEC60335_RN_adapter.c **** 
  39:C:/Workspace/FW_Inertia/branch_indesit/HAL/RN_RX200/IEC60335_B_libs/src\IEC60335_RN_adapter.c **** /* ********** */
  40:C:/Workspace/FW_Inertia/branch_indesit/HAL/RN_RX200/IEC60335_B_libs/src\IEC60335_RN_adapter.c **** /* Includes */
  41:C:/Workspace/FW_Inertia/branch_indesit/HAL/RN_RX200/IEC60335_B_libs/src\IEC60335_RN_adapter.c **** /* ********* */
  42:C:/Workspace/FW_Inertia/branch_indesit/HAL/RN_RX200/IEC60335_B_libs/src\IEC60335_RN_adapter.c **** #include "Config.h"
  43:C:/Workspace/FW_Inertia/branch_indesit/HAL/RN_RX200/IEC60335_B_libs/src\IEC60335_RN_adapter.c **** #include "IEC60335.h"
  44:C:/Workspace/FW_Inertia/branch_indesit/HAL/RN_RX200/IEC60335_B_libs/src\IEC60335_RN_adapter.c **** #include "interrupt_handlers.h"
  45:C:/Workspace/FW_Inertia/branch_indesit/HAL/RN_RX200/IEC60335_B_libs/src\IEC60335_RN_adapter.c **** #include "LIB_Error.h"
  46:C:/Workspace/FW_Inertia/branch_indesit/HAL/RN_RX200/IEC60335_B_libs/src\IEC60335_RN_adapter.c **** #include "OCRST_drv.h"
  47:C:/Workspace/FW_Inertia/branch_indesit/HAL/RN_RX200/IEC60335_B_libs/src\IEC60335_RN_adapter.c **** #include "Common/misratypes.h"
  48:C:/Workspace/FW_Inertia/branch_indesit/HAL/RN_RX200/IEC60335_B_libs/src\IEC60335_RN_adapter.c **** #include "CPU/cpu_test.h"
  49:C:/Workspace/FW_Inertia/branch_indesit/HAL/RN_RX200/IEC60335_B_libs/src\IEC60335_RN_adapter.c **** #include "RAM/ramtest_march_c.h"
  50:C:/Workspace/FW_Inertia/branch_indesit/HAL/RN_RX200/IEC60335_B_libs/src\IEC60335_RN_adapter.c **** #include "RAM/ramtest_stack.h"
  51:C:/Workspace/FW_Inertia/branch_indesit/HAL/RN_RX200/IEC60335_B_libs/src\IEC60335_RN_adapter.c **** #include "Clock/clock_monitor.h"
  52:C:/Workspace/FW_Inertia/branch_indesit/HAL/RN_RX200/IEC60335_B_libs/src\IEC60335_RN_adapter.c **** #include "ADC12/test_adc12.h"
  53:C:/Workspace/FW_Inertia/branch_indesit/HAL/RN_RX200/IEC60335_B_libs/src\IEC60335_RN_adapter.c **** #include "IWDT/iwdt.h"
  54:C:/Workspace/FW_Inertia/branch_indesit/HAL/RN_RX200/IEC60335_B_libs/src\IEC60335_RN_adapter.c **** 
  55:C:/Workspace/FW_Inertia/branch_indesit/HAL/RN_RX200/IEC60335_B_libs/src\IEC60335_RN_adapter.c **** /* ****************** */
  56:C:/Workspace/FW_Inertia/branch_indesit/HAL/RN_RX200/IEC60335_B_libs/src\IEC60335_RN_adapter.c **** /* Defines and Macros */
  57:C:/Workspace/FW_Inertia/branch_indesit/HAL/RN_RX200/IEC60335_B_libs/src\IEC60335_RN_adapter.c **** /* ****************** */
  58:C:/Workspace/FW_Inertia/branch_indesit/HAL/RN_RX200/IEC60335_B_libs/src\IEC60335_RN_adapter.c **** 
  59:C:/Workspace/FW_Inertia/branch_indesit/HAL/RN_RX200/IEC60335_B_libs/src\IEC60335_RN_adapter.c **** /* *************************** */
  60:C:/Workspace/FW_Inertia/branch_indesit/HAL/RN_RX200/IEC60335_B_libs/src\IEC60335_RN_adapter.c **** /* Typedef, Structs and Unions */
  61:C:/Workspace/FW_Inertia/branch_indesit/HAL/RN_RX200/IEC60335_B_libs/src\IEC60335_RN_adapter.c **** /* *************************** */
  62:C:/Workspace/FW_Inertia/branch_indesit/HAL/RN_RX200/IEC60335_B_libs/src\IEC60335_RN_adapter.c **** 
  63:C:/Workspace/FW_Inertia/branch_indesit/HAL/RN_RX200/IEC60335_B_libs/src\IEC60335_RN_adapter.c **** 
  64:C:/Workspace/FW_Inertia/branch_indesit/HAL/RN_RX200/IEC60335_B_libs/src\IEC60335_RN_adapter.c **** /* ****************** */
  65:C:/Workspace/FW_Inertia/branch_indesit/HAL/RN_RX200/IEC60335_B_libs/src\IEC60335_RN_adapter.c **** /* Exported variables */
  66:C:/Workspace/FW_Inertia/branch_indesit/HAL/RN_RX200/IEC60335_B_libs/src\IEC60335_RN_adapter.c **** /* ****************** */
  67:C:/Workspace/FW_Inertia/branch_indesit/HAL/RN_RX200/IEC60335_B_libs/src\IEC60335_RN_adapter.c **** 
  68:C:/Workspace/FW_Inertia/branch_indesit/HAL/RN_RX200/IEC60335_B_libs/src\IEC60335_RN_adapter.c **** /* **************** */
  69:C:/Workspace/FW_Inertia/branch_indesit/HAL/RN_RX200/IEC60335_B_libs/src\IEC60335_RN_adapter.c **** /* Global variables */
  70:C:/Workspace/FW_Inertia/branch_indesit/HAL/RN_RX200/IEC60335_B_libs/src\IEC60335_RN_adapter.c **** /* **************** */
  71:C:/Workspace/FW_Inertia/branch_indesit/HAL/RN_RX200/IEC60335_B_libs/src\IEC60335_RN_adapter.c **** 
  72:C:/Workspace/FW_Inertia/branch_indesit/HAL/RN_RX200/IEC60335_B_libs/src\IEC60335_RN_adapter.c **** #if defined(CONFIG_LIB_CLASS_B_RAM)
  73:C:/Workspace/FW_Inertia/branch_indesit/HAL/RN_RX200/IEC60335_B_libs/src\IEC60335_RN_adapter.c **** /* safe ram must be outside the block to be tested, tested by ad hoc function*/
  74:C:/Workspace/FW_Inertia/branch_indesit/HAL/RN_RX200/IEC60335_B_libs/src\IEC60335_RN_adapter.c **** static uint8_t SafeRam[CONFIG_LIB_CLASS_B_RAM_CHUNKSIZE]  			__attribute__ ((section (".CLASS_B_tem
  75:C:/Workspace/FW_Inertia/branch_indesit/HAL/RN_RX200/IEC60335_B_libs/src\IEC60335_RN_adapter.c **** static int SafeStack[12];
  76:C:/Workspace/FW_Inertia/branch_indesit/HAL/RN_RX200/IEC60335_B_libs/src\IEC60335_RN_adapter.c **** #endif
  77:C:/Workspace/FW_Inertia/branch_indesit/HAL/RN_RX200/IEC60335_B_libs/src\IEC60335_RN_adapter.c **** 
  78:C:/Workspace/FW_Inertia/branch_indesit/HAL/RN_RX200/IEC60335_B_libs/src\IEC60335_RN_adapter.c **** /* ******************* */
  79:C:/Workspace/FW_Inertia/branch_indesit/HAL/RN_RX200/IEC60335_B_libs/src\IEC60335_RN_adapter.c **** /* Function prototypes */
  80:C:/Workspace/FW_Inertia/branch_indesit/HAL/RN_RX200/IEC60335_B_libs/src\IEC60335_RN_adapter.c **** /* ******************* */
  81:C:/Workspace/FW_Inertia/branch_indesit/HAL/RN_RX200/IEC60335_B_libs/src\IEC60335_RN_adapter.c **** 
  82:C:/Workspace/FW_Inertia/branch_indesit/HAL/RN_RX200/IEC60335_B_libs/src\IEC60335_RN_adapter.c **** /*CPU TEST*/
  83:C:/Workspace/FW_Inertia/branch_indesit/HAL/RN_RX200/IEC60335_B_libs/src\IEC60335_RN_adapter.c **** void CPU_Test_ErrorHandler(void)
  84:C:/Workspace/FW_Inertia/branch_indesit/HAL/RN_RX200/IEC60335_B_libs/src\IEC60335_RN_adapter.c **** {
  10                             		.loc 1 84 0
  11 0000 7E A6                   		push.l	r6
  12                             	.LCFI0:
  13 0002 EF 06                   		mov.L	r0, r6
  14                             	.LCFI1:
  85:C:/Workspace/FW_Inertia/branch_indesit/HAL/RN_RX200/IEC60335_B_libs/src\IEC60335_RN_adapter.c **** #if defined(CONFIG_PL_DEBUG)
  86:C:/Workspace/FW_Inertia/branch_indesit/HAL/RN_RX200/IEC60335_B_libs/src\IEC60335_RN_adapter.c **** 	PLT_ERROR_FATAL(PLT_ERROR_CLASSBCHECK_CPU);
  87:C:/Workspace/FW_Inertia/branch_indesit/HAL/RN_RX200/IEC60335_B_libs/src\IEC60335_RN_adapter.c **** #else
  88:C:/Workspace/FW_Inertia/branch_indesit/HAL/RN_RX200/IEC60335_B_libs/src\IEC60335_RN_adapter.c **** 	OCRST_GenerateUserResetSync();
  15                             		.loc 1 88 0
  16 0004 05 00 00 00             		bsr	_OCRST_GenerateUserResetSync
  17                             	.LVL0:
  89:C:/Workspace/FW_Inertia/branch_indesit/HAL/RN_RX200/IEC60335_B_libs/src\IEC60335_RN_adapter.c **** #endif
  90:C:/Workspace/FW_Inertia/branch_indesit/HAL/RN_RX200/IEC60335_B_libs/src\IEC60335_RN_adapter.c **** }
  18                             		.loc 1 90 0
  19 0008 3F 66 01                		rtsd	#4, r6-r6
  20                             	.LFE0:
  22                             		.section	.text.IEC60335_CPUregTest_BIST,"ax",@progbits
  23                             		.global	_IEC60335_CPUregTest_BIST
  25                             	_IEC60335_CPUregTest_BIST:
  26                             	.LFB1:
  91:C:/Workspace/FW_Inertia/branch_indesit/HAL/RN_RX200/IEC60335_B_libs/src\IEC60335_RN_adapter.c **** 
  92:C:/Workspace/FW_Inertia/branch_indesit/HAL/RN_RX200/IEC60335_B_libs/src\IEC60335_RN_adapter.c **** void IEC60335_CPUregTest_BIST(void)
  93:C:/Workspace/FW_Inertia/branch_indesit/HAL/RN_RX200/IEC60335_B_libs/src\IEC60335_RN_adapter.c **** {
  27                             		.loc 1 93 0
  28 0000 7E A6                   		push.l	r6
  29                             	.LCFI2:
  30 0002 EF 06                   		mov.L	r0, r6
  31                             	.LCFI3:
  94:C:/Workspace/FW_Inertia/branch_indesit/HAL/RN_RX200/IEC60335_B_libs/src\IEC60335_RN_adapter.c **** 	CPU_Test_All();
  32                             		.loc 1 94 0
  33 0004 05 00 00 00             		bsr	_CPU_Test_All
  34                             	.LVL1:
  95:C:/Workspace/FW_Inertia/branch_indesit/HAL/RN_RX200/IEC60335_B_libs/src\IEC60335_RN_adapter.c **** }
  35                             		.loc 1 95 0
  36 0008 3F 66 01                		rtsd	#4, r6-r6
  37                             	.LFE1:
  39                             		.section	.text.IEC60335_RamMarchC,"ax",@progbits
  40                             		.global	_IEC60335_RamMarchC
  42                             	_IEC60335_RamMarchC:
  43                             	.LFB2:
  96:C:/Workspace/FW_Inertia/branch_indesit/HAL/RN_RX200/IEC60335_B_libs/src\IEC60335_RN_adapter.c **** 
  97:C:/Workspace/FW_Inertia/branch_indesit/HAL/RN_RX200/IEC60335_B_libs/src\IEC60335_RN_adapter.c **** /*RAM TEST*/
  98:C:/Workspace/FW_Inertia/branch_indesit/HAL/RN_RX200/IEC60335_B_libs/src\IEC60335_RN_adapter.c **** 
  99:C:/Workspace/FW_Inertia/branch_indesit/HAL/RN_RX200/IEC60335_B_libs/src\IEC60335_RN_adapter.c **** #if defined(CONFIG_LIB_CLASS_B_RAM)
 100:C:/Workspace/FW_Inertia/branch_indesit/HAL/RN_RX200/IEC60335_B_libs/src\IEC60335_RN_adapter.c **** 
 101:C:/Workspace/FW_Inertia/branch_indesit/HAL/RN_RX200/IEC60335_B_libs/src\IEC60335_RN_adapter.c **** /*
 102:C:/Workspace/FW_Inertia/branch_indesit/HAL/RN_RX200/IEC60335_B_libs/src\IEC60335_RN_adapter.c **** Generic test
 103:C:/Workspace/FW_Inertia/branch_indesit/HAL/RN_RX200/IEC60335_B_libs/src\IEC60335_RN_adapter.c **** \param [in]	startAddrs	start address
 104:C:/Workspace/FW_Inertia/branch_indesit/HAL/RN_RX200/IEC60335_B_libs/src\IEC60335_RN_adapter.c **** \param [in]	length in bytes
 105:C:/Workspace/FW_Inertia/branch_indesit/HAL/RN_RX200/IEC60335_B_libs/src\IEC60335_RN_adapter.c **** \param [in]	isBIST boolean indicating whether BIST or POST test
 106:C:/Workspace/FW_Inertia/branch_indesit/HAL/RN_RX200/IEC60335_B_libs/src\IEC60335_RN_adapter.c **** */
 107:C:/Workspace/FW_Inertia/branch_indesit/HAL/RN_RX200/IEC60335_B_libs/src\IEC60335_RN_adapter.c **** bool_t IEC60335_RamMarchC (const uint32_t startAddrs, const uint32_t length, bool_t isBIST)
 108:C:/Workspace/FW_Inertia/branch_indesit/HAL/RN_RX200/IEC60335_B_libs/src\IEC60335_RN_adapter.c **** {
  44                             		.loc 1 108 0
  45                             	.LVL2:
  46 0000 7E AA                   		push.l	r10
  47                             	.LCFI4:
  48 0002 7E A6                   		push.l	r6
  49                             	.LCFI5:
  50 0004 71 06 F0                		add	#-16, r0, r6
  51                             	.LCFI6:
  52 0007 EF 60                   		mov.L	r6, r0
  53                             	.LCFI7:
  54 0009 A0 69                   		mov.L	r1, 4[r6]
  55 000b A0 E2                   		mov.L	r2, 8[r6]
  56 000d A0 EB                   		mov.L	r3, 12[r6]
 109:C:/Workspace/FW_Inertia/branch_indesit/HAL/RN_RX200/IEC60335_B_libs/src\IEC60335_RN_adapter.c **** 	void* p_RAMSafe=0;
  57                             		.loc 1 109 0
  58 000f 3E 60 00                		mov.L	#0, [r6]
  59                             	.LVL3:
 110:C:/Workspace/FW_Inertia/branch_indesit/HAL/RN_RX200/IEC60335_B_libs/src\IEC60335_RN_adapter.c **** 	if(0 != isBIST)
  60                             		.loc 1 110 0
  61 0012 ED 6A 03                		mov.L	12[r6], r10
  62 0015 61 0A                   		cmp	#0, r10
  63 0017 17                      		beq	.L4
 111:C:/Workspace/FW_Inertia/branch_indesit/HAL/RN_RX200/IEC60335_B_libs/src\IEC60335_RN_adapter.c **** 	{
 112:C:/Workspace/FW_Inertia/branch_indesit/HAL/RN_RX200/IEC60335_B_libs/src\IEC60335_RN_adapter.c **** 		p_RAMSafe=SafeRam;
  64                             		.loc 1 112 0
  65 0018 F8 62 00 00 00 00       		mov.L	#_SafeRam, [r6]
  66                             		.balign 2,3,1
  67                             	.L4:
 113:C:/Workspace/FW_Inertia/branch_indesit/HAL/RN_RX200/IEC60335_B_libs/src\IEC60335_RN_adapter.c **** 	}
 114:C:/Workspace/FW_Inertia/branch_indesit/HAL/RN_RX200/IEC60335_B_libs/src\IEC60335_RN_adapter.c **** 	return RamTest_March_C(startAddrs, startAddrs+(length-1), p_RAMSafe);
  68                             		.loc 1 114 0
  69 001e ED 6A 02                		mov.L	8[r6], r10
  70 0021 06 89 6A 01             		add	4[r6].L, r10
  71 0025 60 1A                   		sub	#1, r10
  72 0027 A8 69                   		mov.L	4[r6], r1
  73                             	.LVL4:
  74 0029 EF A2                   		mov.L	r10, r2
  75                             	.LVL5:
  76 002b EC 63                   		mov.L	[r6], r3
  77                             	.LVL6:
  78 002d 05 00 00 00             		bsr	_RamTest_March_C
  79                             	.LVL7:
  80 0031 EF 1A                   		mov.L	r1, r10
 115:C:/Workspace/FW_Inertia/branch_indesit/HAL/RN_RX200/IEC60335_B_libs/src\IEC60335_RN_adapter.c **** }
  81                             		.loc 1 115 0
  82 0033 EF A1                   		mov.L	r10, r1
  83 0035 71 00 10                		add	#16, r0
  84                             	.LVL8:
  85 0038 7E B6                   		pop	r6
  86                             	.LVL9:
  87 003a 7E BA                   		pop	r10
  88                             	.LVL10:
  89 003c 02                      		rts
  90                             	.LFE2:
  92 003d 03                      		.section	.text.IEC60335_RamMarchC_SafeRam,"ax",@progbits
  93                             		.global	_IEC60335_RamMarchC_SafeRam
  95                             	_IEC60335_RamMarchC_SafeRam:
  96                             	.LFB3:
 116:C:/Workspace/FW_Inertia/branch_indesit/HAL/RN_RX200/IEC60335_B_libs/src\IEC60335_RN_adapter.c **** 
 117:C:/Workspace/FW_Inertia/branch_indesit/HAL/RN_RX200/IEC60335_B_libs/src\IEC60335_RN_adapter.c **** /*
 118:C:/Workspace/FW_Inertia/branch_indesit/HAL/RN_RX200/IEC60335_B_libs/src\IEC60335_RN_adapter.c **** safe ram destructive test : POST - Pre-Operation Self test and BIST - built-in self test
 119:C:/Workspace/FW_Inertia/branch_indesit/HAL/RN_RX200/IEC60335_B_libs/src\IEC60335_RN_adapter.c **** */
 120:C:/Workspace/FW_Inertia/branch_indesit/HAL/RN_RX200/IEC60335_B_libs/src\IEC60335_RN_adapter.c **** bool_t IEC60335_RamMarchC_SafeRam (void)
 121:C:/Workspace/FW_Inertia/branch_indesit/HAL/RN_RX200/IEC60335_B_libs/src\IEC60335_RN_adapter.c **** {
  97                             		.loc 1 121 0
  98 0000 6E 6B                   		pushm	r6-r11
  99                             	.LCFI8:
 100 0002 EF 06                   		mov.L	r0, r6
 101                             	.LCFI9:
 122:C:/Workspace/FW_Inertia/branch_indesit/HAL/RN_RX200/IEC60335_B_libs/src\IEC60335_RN_adapter.c **** 	return RamTest_March_C((uint32_t)SafeRam, (uint32_t)(SafeRam+sizeof(SafeRam)-1), (void* const)0);
 102                             		.loc 1 122 0
 103 0004 FB B2 00 00 00 00       		mov.L	#_SafeRam, r11
 104 000a FB A2 07 00 00 00       		mov.L	#_SafeRam+7, r10
 105 0010 EF B1                   		mov.L	r11, r1
 106 0012 EF A2                   		mov.L	r10, r2
 107 0014 66 03                   		mov.L	#0, r3
 108 0016 05 00 00 00             		bsr	_RamTest_March_C
 109                             	.LVL11:
 110 001a EF 1A                   		mov.L	r1, r10
 123:C:/Workspace/FW_Inertia/branch_indesit/HAL/RN_RX200/IEC60335_B_libs/src\IEC60335_RN_adapter.c **** }
 111                             		.loc 1 123 0
 112 001c EF A1                   		mov.L	r10, r1
 113 001e 3F 6B 06                		rtsd	#24, r6-r11
 114                             	.LFE3:
 116                             		.section	.text.IEC60335_RamMarchC_UserStack,"ax",@progbits
 117                             		.global	_IEC60335_RamMarchC_UserStack
 119                             	_IEC60335_RamMarchC_UserStack:
 120                             	.LFB4:
 124:C:/Workspace/FW_Inertia/branch_indesit/HAL/RN_RX200/IEC60335_B_libs/src\IEC60335_RN_adapter.c **** 
 125:C:/Workspace/FW_Inertia/branch_indesit/HAL/RN_RX200/IEC60335_B_libs/src\IEC60335_RN_adapter.c **** /*
 126:C:/Workspace/FW_Inertia/branch_indesit/HAL/RN_RX200/IEC60335_B_libs/src\IEC60335_RN_adapter.c **** User Stack test
 127:C:/Workspace/FW_Inertia/branch_indesit/HAL/RN_RX200/IEC60335_B_libs/src\IEC60335_RN_adapter.c **** \param [in]	startAddrs	start address
 128:C:/Workspace/FW_Inertia/branch_indesit/HAL/RN_RX200/IEC60335_B_libs/src\IEC60335_RN_adapter.c **** \param [in]	length in bytes
 129:C:/Workspace/FW_Inertia/branch_indesit/HAL/RN_RX200/IEC60335_B_libs/src\IEC60335_RN_adapter.c **** \param [in]	isBIST boolean indicating whether BIST or POST test
 130:C:/Workspace/FW_Inertia/branch_indesit/HAL/RN_RX200/IEC60335_B_libs/src\IEC60335_RN_adapter.c **** */
 131:C:/Workspace/FW_Inertia/branch_indesit/HAL/RN_RX200/IEC60335_B_libs/src\IEC60335_RN_adapter.c **** bool_t IEC60335_RamMarchC_UserStack (const uint32_t startAddrs, const uint32_t length, bool_t isBIS
 132:C:/Workspace/FW_Inertia/branch_indesit/HAL/RN_RX200/IEC60335_B_libs/src\IEC60335_RN_adapter.c **** {
 121                             		.loc 1 132 0
 122                             	.LVL12:
 123 0000 6E 6B                   		pushm	r6-r11
 124                             	.LCFI10:
 125 0002 71 06 F0                		add	#-16, r0, r6
 126                             	.LCFI11:
 127 0005 71 60 FC                		add	#-4, r6, r0
 128                             	.LCFI12:
 129 0008 A0 69                   		mov.L	r1, 4[r6]
 130 000a A0 E2                   		mov.L	r2, 8[r6]
 131 000c A0 EB                   		mov.L	r3, 12[r6]
 133:C:/Workspace/FW_Inertia/branch_indesit/HAL/RN_RX200/IEC60335_B_libs/src\IEC60335_RN_adapter.c **** 	void* p_RAMSafe=0;
 132                             		.loc 1 133 0
 133 000e 3E 60 00                		mov.L	#0, [r6]
 134                             	.LVL13:
 134:C:/Workspace/FW_Inertia/branch_indesit/HAL/RN_RX200/IEC60335_B_libs/src\IEC60335_RN_adapter.c **** 	if(0 != isBIST)
 135                             		.loc 1 134 0
 136 0011 ED 6A 03                		mov.L	12[r6], r10
 137 0014 61 0A                   		cmp	#0, r10
 138 0016 10                      		beq	.L9
 135:C:/Workspace/FW_Inertia/branch_indesit/HAL/RN_RX200/IEC60335_B_libs/src\IEC60335_RN_adapter.c **** 	{
 136:C:/Workspace/FW_Inertia/branch_indesit/HAL/RN_RX200/IEC60335_B_libs/src\IEC60335_RN_adapter.c **** 		p_RAMSafe=SafeRam;
 139                             		.loc 1 136 0
 140 0017 F8 62 00 00 00 00       		mov.L	#_SafeRam, [r6]
 141 001d 03                      		.balign 2,3,1
 142                             	.L9:
 137:C:/Workspace/FW_Inertia/branch_indesit/HAL/RN_RX200/IEC60335_B_libs/src\IEC60335_RN_adapter.c **** 	}
 138:C:/Workspace/FW_Inertia/branch_indesit/HAL/RN_RX200/IEC60335_B_libs/src\IEC60335_RN_adapter.c **** 	return RamTest_Stack_User(startAddrs, startAddrs+(length-1), p_RAMSafe,(uint32_t) SafeStack + size
 143                             		.loc 1 138 0
 144 001e ED 6A 02                		mov.L	8[r6], r10
 145 0021 06 89 6A 01             		add	4[r6].L, r10
 146 0025 71 AB FF                		add	#-1, r10, r11
 147 0028 FB A2 00 00 00 00       		mov.L	#_SafeStack, r10
 148 002e 71 AA 2F                		add	#47, r10
 149 0031 F8 02 00 00 00 00       		mov.L	#_RamTest_March_C, [r0]
 150 0037 A8 69                   		mov.L	4[r6], r1
 151                             	.LVL14:
 152 0039 EF B2                   		mov.L	r11, r2
 153                             	.LVL15:
 154 003b EC 63                   		mov.L	[r6], r3
 155                             	.LVL16:
 156 003d EF A4                   		mov.L	r10, r4
 157 003f 05 00 00 00             		bsr	_RamTest_Stack_User
 158                             	.LVL17:
 159 0043 EF 1A                   		mov.L	r1, r10
 139:C:/Workspace/FW_Inertia/branch_indesit/HAL/RN_RX200/IEC60335_B_libs/src\IEC60335_RN_adapter.c **** }
 160                             		.loc 1 139 0
 161 0045 EF A1                   		mov.L	r10, r1
 162 0047 3F 6B 0B                		rtsd	#44, r6-r11
 163                             	.LFE4:
 165                             		.section	.text.IEC60335_RamMarchC_IntStack,"ax",@progbits
 166                             		.global	_IEC60335_RamMarchC_IntStack
 168                             	_IEC60335_RamMarchC_IntStack:
 169                             	.LFB5:
 140:C:/Workspace/FW_Inertia/branch_indesit/HAL/RN_RX200/IEC60335_B_libs/src\IEC60335_RN_adapter.c **** /*
 141:C:/Workspace/FW_Inertia/branch_indesit/HAL/RN_RX200/IEC60335_B_libs/src\IEC60335_RN_adapter.c **** Int Stack test
 142:C:/Workspace/FW_Inertia/branch_indesit/HAL/RN_RX200/IEC60335_B_libs/src\IEC60335_RN_adapter.c **** \param [in]	startAddrs	start address
 143:C:/Workspace/FW_Inertia/branch_indesit/HAL/RN_RX200/IEC60335_B_libs/src\IEC60335_RN_adapter.c **** \param [in]	length in bytes
 144:C:/Workspace/FW_Inertia/branch_indesit/HAL/RN_RX200/IEC60335_B_libs/src\IEC60335_RN_adapter.c **** \param [in]	isBIST boolean indicating whether BIST or POST test
 145:C:/Workspace/FW_Inertia/branch_indesit/HAL/RN_RX200/IEC60335_B_libs/src\IEC60335_RN_adapter.c **** */
 146:C:/Workspace/FW_Inertia/branch_indesit/HAL/RN_RX200/IEC60335_B_libs/src\IEC60335_RN_adapter.c **** bool_t IEC60335_RamMarchC_IntStack (const uint32_t startAddrs, const uint32_t length, bool_t isBIST
 147:C:/Workspace/FW_Inertia/branch_indesit/HAL/RN_RX200/IEC60335_B_libs/src\IEC60335_RN_adapter.c **** {
 170                             		.loc 1 147 0
 171                             	.LVL18:
 172 0000 6E 6B                   		pushm	r6-r11
 173                             	.LCFI13:
 174 0002 71 06 F4                		add	#-12, r0, r6
 175                             	.LCFI14:
 176 0005 71 60 FC                		add	#-4, r6, r0
 177                             	.LCFI15:
 178 0008 E3 61                   		mov.L	r1, [r6]
 179 000a A0 6A                   		mov.L	r2, 4[r6]
 180 000c A0 E3                   		mov.L	r3, 8[r6]
 148:C:/Workspace/FW_Inertia/branch_indesit/HAL/RN_RX200/IEC60335_B_libs/src\IEC60335_RN_adapter.c **** 	/*in POST (isBIST is FALSE): isBIST is ignored because Int stack is used */
 149:C:/Workspace/FW_Inertia/branch_indesit/HAL/RN_RX200/IEC60335_B_libs/src\IEC60335_RN_adapter.c **** 	return RamTest_Stack_Int(startAddrs, startAddrs+(length-1), SafeRam,(uint32_t) SafeStack + sizeof(
 181                             		.loc 1 149 0
 182 000e ED 6A 01                		mov.L	4[r6], r10
 183 0011 06 88 6A                		add	[r6].L, r10
 184 0014 71 AB FF                		add	#-1, r10, r11
 185 0017 FB A2 00 00 00 00       		mov.L	#_SafeStack, r10
 186 001d 71 AA 2F                		add	#47, r10
 187 0020 F8 02 00 00 00 00       		mov.L	#_RamTest_March_C, [r0]
 188 0026 EC 61                   		mov.L	[r6], r1
 189                             	.LVL19:
 190 0028 EF B2                   		mov.L	r11, r2
 191                             	.LVL20:
 192 002a FB 32 00 00 00 00       		mov.L	#_SafeRam, r3
 193                             	.LVL21:
 194 0030 EF A4                   		mov.L	r10, r4
 195 0032 05 00 00 00             		bsr	_RamTest_Stack_Int
 196                             	.LVL22:
 197 0036 EF 1A                   		mov.L	r1, r10
 150:C:/Workspace/FW_Inertia/branch_indesit/HAL/RN_RX200/IEC60335_B_libs/src\IEC60335_RN_adapter.c **** }
 198                             		.loc 1 150 0
 199 0038 EF A1                   		mov.L	r10, r1
 200 003a 3F 6B 0A                		rtsd	#40, r6-r11
 201                             	.LFE5:
 203                             		.section	.text.IEC60335_initClockTestHW,"ax",@progbits
 204                             		.global	_IEC60335_initClockTestHW
 206                             	_IEC60335_initClockTestHW:
 207                             	.LFB6:
 151:C:/Workspace/FW_Inertia/branch_indesit/HAL/RN_RX200/IEC60335_B_libs/src\IEC60335_RN_adapter.c **** 
 152:C:/Workspace/FW_Inertia/branch_indesit/HAL/RN_RX200/IEC60335_B_libs/src\IEC60335_RN_adapter.c **** #endif
 153:C:/Workspace/FW_Inertia/branch_indesit/HAL/RN_RX200/IEC60335_B_libs/src\IEC60335_RN_adapter.c **** 
 154:C:/Workspace/FW_Inertia/branch_indesit/HAL/RN_RX200/IEC60335_B_libs/src\IEC60335_RN_adapter.c **** /*Clock Error Management ------------------------------*/
 155:C:/Workspace/FW_Inertia/branch_indesit/HAL/RN_RX200/IEC60335_B_libs/src\IEC60335_RN_adapter.c **** 
 156:C:/Workspace/FW_Inertia/branch_indesit/HAL/RN_RX200/IEC60335_B_libs/src\IEC60335_RN_adapter.c **** #if defined(CONFIG_LIB_CLASS_B_CLOCK_HW)
 157:C:/Workspace/FW_Inertia/branch_indesit/HAL/RN_RX200/IEC60335_B_libs/src\IEC60335_RN_adapter.c **** 
 158:C:/Workspace/FW_Inertia/branch_indesit/HAL/RN_RX200/IEC60335_B_libs/src\IEC60335_RN_adapter.c **** void IEC60335_initClockTestHW(void)
 159:C:/Workspace/FW_Inertia/branch_indesit/HAL/RN_RX200/IEC60335_B_libs/src\IEC60335_RN_adapter.c **** {
 208                             		.loc 1 159 0
 209 0000 7E A6                   		push.l	r6
 210                             	.LCFI16:
 211 0002 EF 06                   		mov.L	r0, r6
 212                             	.LCFI17:
 160:C:/Workspace/FW_Inertia/branch_indesit/HAL/RN_RX200/IEC60335_B_libs/src\IEC60335_RN_adapter.c **** #if defined(CONFIG_WDT_ENABLED) /* funziona solo se l'IWDT e' fatto partire*/
 161:C:/Workspace/FW_Inertia/branch_indesit/HAL/RN_RX200/IEC60335_B_libs/src\IEC60335_RN_adapter.c **** 	ClockMonitor_Init(NULL);
 213                             		.loc 1 161 0
 214 0004 66 01                   		mov.L	#0, r1
 215 0006 05 00 00 00             		bsr	_ClockMonitor_Init
 216                             	.LVL23:
 162:C:/Workspace/FW_Inertia/branch_indesit/HAL/RN_RX200/IEC60335_B_libs/src\IEC60335_RN_adapter.c **** #endif
 163:C:/Workspace/FW_Inertia/branch_indesit/HAL/RN_RX200/IEC60335_B_libs/src\IEC60335_RN_adapter.c **** }
 217                             		.loc 1 163 0
 218 000a 3F 66 01                		rtsd	#4, r6-r6
 219                             	.LFE6:
 221                             		.section	.text.IEC60335_Clocktest_MainLoopHandler,"ax",@progbits
 222                             		.global	_IEC60335_Clocktest_MainLoopHandler
 224                             	_IEC60335_Clocktest_MainLoopHandler:
 225                             	.LFB7:
 164:C:/Workspace/FW_Inertia/branch_indesit/HAL/RN_RX200/IEC60335_B_libs/src\IEC60335_RN_adapter.c **** 
 165:C:/Workspace/FW_Inertia/branch_indesit/HAL/RN_RX200/IEC60335_B_libs/src\IEC60335_RN_adapter.c **** /* Clock test main loop handler is not necessary
 166:C:/Workspace/FW_Inertia/branch_indesit/HAL/RN_RX200/IEC60335_B_libs/src\IEC60335_RN_adapter.c ****  * Failure is already performed by peripheral exception
 167:C:/Workspace/FW_Inertia/branch_indesit/HAL/RN_RX200/IEC60335_B_libs/src\IEC60335_RN_adapter.c ****  */
 168:C:/Workspace/FW_Inertia/branch_indesit/HAL/RN_RX200/IEC60335_B_libs/src\IEC60335_RN_adapter.c **** 
 169:C:/Workspace/FW_Inertia/branch_indesit/HAL/RN_RX200/IEC60335_B_libs/src\IEC60335_RN_adapter.c **** type_testResult IEC60335_Clocktest_MainLoopHandler(void)
 170:C:/Workspace/FW_Inertia/branch_indesit/HAL/RN_RX200/IEC60335_B_libs/src\IEC60335_RN_adapter.c **** {
 226                             		.loc 1 170 0
 227 0000 7E AA                   		push.l	r10
 228                             	.LCFI18:
 229 0002 7E A6                   		push.l	r6
 230                             	.LCFI19:
 231 0004 EF 06                   		mov.L	r0, r6
 232                             	.LCFI20:
 171:C:/Workspace/FW_Inertia/branch_indesit/HAL/RN_RX200/IEC60335_B_libs/src\IEC60335_RN_adapter.c **** 	return IEC60335_testPassed;
 233                             		.loc 1 171 0
 234 0006 66 1A                   		mov.L	#1, r10
 172:C:/Workspace/FW_Inertia/branch_indesit/HAL/RN_RX200/IEC60335_B_libs/src\IEC60335_RN_adapter.c **** }
 235                             		.loc 1 172 0
 236 0008 EF A1                   		mov.L	r10, r1
 237 000a 7E B6                   		pop	r6
 238 000c 7E BA                   		pop	r10
 239 000e 02                      		rts
 240                             	.LFE7:
 242                             		.section	.text.INT_Excep_FERRF,"ax",@progbits
 243                             		.global	_INT_Excep_FERRF
 245                             	_INT_Excep_FERRF:
 246                             	.LFB8:
 173:C:/Workspace/FW_Inertia/branch_indesit/HAL/RN_RX200/IEC60335_B_libs/src\IEC60335_RN_adapter.c **** 
 174:C:/Workspace/FW_Inertia/branch_indesit/HAL/RN_RX200/IEC60335_B_libs/src\IEC60335_RN_adapter.c **** void INT_Excep_FERRF(void)
 175:C:/Workspace/FW_Inertia/branch_indesit/HAL/RN_RX200/IEC60335_B_libs/src\IEC60335_RN_adapter.c **** {
 247                             		.loc 1 175 0
 248                             		; Note: Interrupt Handler
 249 0000 6E 1F                   		pushm	r1-r15
 250                             	.LCFI21:
 251 0002 EF 06                   		mov.L	r0, r6
 252                             	.LCFI22:
 176:C:/Workspace/FW_Inertia/branch_indesit/HAL/RN_RX200/IEC60335_B_libs/src\IEC60335_RN_adapter.c **** 	PLT_ERROR_FATAL(PLT_ERROR_CLASSBCHECK_CLOCK);
 253                             		.loc 1 176 0
 254 0004 75 41 37                		mov.L	#55, r1
 255 0007 05 00 00 00             		bsr	_LIB_Error_Fatal_Handler
 256                             	.LVL24:
 177:C:/Workspace/FW_Inertia/branch_indesit/HAL/RN_RX200/IEC60335_B_libs/src\IEC60335_RN_adapter.c **** }
 257                             		.loc 1 177 0
 258 000b 6F 1F                   		popm	r1-r15
 259 000d 7F 95                   		rte
 260                             	.LFE8:
 262                             		.section	.text.INT_Excep_OVFF,"ax",@progbits
 263                             		.global	_INT_Excep_OVFF
 265                             	_INT_Excep_OVFF:
 266                             	.LFB9:
 178:C:/Workspace/FW_Inertia/branch_indesit/HAL/RN_RX200/IEC60335_B_libs/src\IEC60335_RN_adapter.c **** 
 179:C:/Workspace/FW_Inertia/branch_indesit/HAL/RN_RX200/IEC60335_B_libs/src\IEC60335_RN_adapter.c **** void INT_Excep_OVFF(void)
 180:C:/Workspace/FW_Inertia/branch_indesit/HAL/RN_RX200/IEC60335_B_libs/src\IEC60335_RN_adapter.c **** {
 267                             		.loc 1 180 0
 268                             		; Note: Interrupt Handler
 269 0000 6E 1F                   		pushm	r1-r15
 270                             	.LCFI23:
 271 0002 EF 06                   		mov.L	r0, r6
 272                             	.LCFI24:
 181:C:/Workspace/FW_Inertia/branch_indesit/HAL/RN_RX200/IEC60335_B_libs/src\IEC60335_RN_adapter.c **** 	PLT_ERROR_FATAL(PLT_ERROR_CLASSBCHECK_CLOCK);
 273                             		.loc 1 181 0
 274 0004 75 41 37                		mov.L	#55, r1
 275 0007 05 00 00 00             		bsr	_LIB_Error_Fatal_Handler
 276                             	.LVL25:
 182:C:/Workspace/FW_Inertia/branch_indesit/HAL/RN_RX200/IEC60335_B_libs/src\IEC60335_RN_adapter.c **** }
 277                             		.loc 1 182 0
 278 000b 6F 1F                   		popm	r1-r15
 279 000d 7F 95                   		rte
 280                             	.LFE9:
 282                             		.section	.text.IEC60335_WDTest,"ax",@progbits
 283                             		.global	_IEC60335_WDTest
 285                             	_IEC60335_WDTest:
 286                             	.LFB10:
 183:C:/Workspace/FW_Inertia/branch_indesit/HAL/RN_RX200/IEC60335_B_libs/src\IEC60335_RN_adapter.c **** 
 184:C:/Workspace/FW_Inertia/branch_indesit/HAL/RN_RX200/IEC60335_B_libs/src\IEC60335_RN_adapter.c **** #endif
 185:C:/Workspace/FW_Inertia/branch_indesit/HAL/RN_RX200/IEC60335_B_libs/src\IEC60335_RN_adapter.c **** 
 186:C:/Workspace/FW_Inertia/branch_indesit/HAL/RN_RX200/IEC60335_B_libs/src\IEC60335_RN_adapter.c **** /* --- WDT TEST -------------------------------------------------------*/
 187:C:/Workspace/FW_Inertia/branch_indesit/HAL/RN_RX200/IEC60335_B_libs/src\IEC60335_RN_adapter.c **** /*!
 188:C:/Workspace/FW_Inertia/branch_indesit/HAL/RN_RX200/IEC60335_B_libs/src\IEC60335_RN_adapter.c ****  * @brief IEC60335 WD Test
 189:C:/Workspace/FW_Inertia/branch_indesit/HAL/RN_RX200/IEC60335_B_libs/src\IEC60335_RN_adapter.c ****  */
 190:C:/Workspace/FW_Inertia/branch_indesit/HAL/RN_RX200/IEC60335_B_libs/src\IEC60335_RN_adapter.c **** 
 191:C:/Workspace/FW_Inertia/branch_indesit/HAL/RN_RX200/IEC60335_B_libs/src\IEC60335_RN_adapter.c **** type_testResult IEC60335_WDTest(void)
 192:C:/Workspace/FW_Inertia/branch_indesit/HAL/RN_RX200/IEC60335_B_libs/src\IEC60335_RN_adapter.c **** {
 287                             		.loc 1 192 0
 288 0000 7E AA                   		push.l	r10
 289                             	.LCFI25:
 290 0002 7E A6                   		push.l	r6
 291                             	.LCFI26:
 292 0004 EF 06                   		mov.L	r0, r6
 293                             	.LCFI27:
 294 0006 60 40                   		sub	#4, r0
 193:C:/Workspace/FW_Inertia/branch_indesit/HAL/RN_RX200/IEC60335_B_libs/src\IEC60335_RN_adapter.c **** 	IWDT_Init(0,0,0,0,0);
 295                             		.loc 1 193 0
 296 0008 3E 00 00                		mov.L	#0, [r0]
 297 000b 66 01                   		mov.L	#0, r1
 298 000d 66 02                   		mov.L	#0, r2
 299 000f 66 03                   		mov.L	#0, r3
 300 0011 66 04                   		mov.L	#0, r4
 301 0013 05 00 00 00             		bsr	_IWDT_Init
 302                             	.LVL26:
 194:C:/Workspace/FW_Inertia/branch_indesit/HAL/RN_RX200/IEC60335_B_libs/src\IEC60335_RN_adapter.c **** 	return IEC60335_testPassed;
 303                             		.loc 1 194 0
 304 0017 66 1A                   		mov.L	#1, r10
 195:C:/Workspace/FW_Inertia/branch_indesit/HAL/RN_RX200/IEC60335_B_libs/src\IEC60335_RN_adapter.c **** }
 305                             		.loc 1 195 0
 306 0019 EF A1                   		mov.L	r10, r1
 307 001b 62 40                   		add	#4, r0
 308 001d 7E B6                   		pop	r6
 309 001f 7E BA                   		pop	r10
 310 0021 02                      		rts
 311                             	.LFE10:
 313                             		.section	.text.IEC60335_ADCtest_POST,"ax",@progbits
 314                             		.global	_IEC60335_ADCtest_POST
 316                             	_IEC60335_ADCtest_POST:
 317                             	.LFB11:
 196:C:/Workspace/FW_Inertia/branch_indesit/HAL/RN_RX200/IEC60335_B_libs/src\IEC60335_RN_adapter.c **** 
 197:C:/Workspace/FW_Inertia/branch_indesit/HAL/RN_RX200/IEC60335_B_libs/src\IEC60335_RN_adapter.c **** type_testResult IEC60335_ADCtest_POST(void)
 198:C:/Workspace/FW_Inertia/branch_indesit/HAL/RN_RX200/IEC60335_B_libs/src\IEC60335_RN_adapter.c **** {
 318                             		.loc 1 198 0
 319 0000 7E AA                   		push.l	r10
 320                             	.LCFI28:
 321 0002 7E A6                   		push.l	r6
 322                             	.LCFI29:
 323 0004 71 06 FC                		add	#-4, r0, r6
 324                             	.LCFI30:
 325 0007 EF 60                   		mov.L	r6, r0
 326                             	.LCFI31:
 199:C:/Workspace/FW_Inertia/branch_indesit/HAL/RN_RX200/IEC60335_B_libs/src\IEC60335_RN_adapter.c **** 	type_testResult retVal=IEC60335_testPassed;
 327                             		.loc 1 199 0
 328 0009 3E 60 01                		mov.L	#1, [r6]
 329                             	.LVL27:
 200:C:/Workspace/FW_Inertia/branch_indesit/HAL/RN_RX200/IEC60335_B_libs/src\IEC60335_RN_adapter.c **** 
 201:C:/Workspace/FW_Inertia/branch_indesit/HAL/RN_RX200/IEC60335_B_libs/src\IEC60335_RN_adapter.c **** 	Test_ADC12_Init();
 330                             		.loc 1 201 0
 331 000c 05 00 00 00             		bsr	_Test_ADC12_Init
 332                             	.LVL28:
 202:C:/Workspace/FW_Inertia/branch_indesit/HAL/RN_RX200/IEC60335_B_libs/src\IEC60335_RN_adapter.c **** 
 203:C:/Workspace/FW_Inertia/branch_indesit/HAL/RN_RX200/IEC60335_B_libs/src\IEC60335_RN_adapter.c **** 	if(!Test_ADC12_Wait()){
 333                             		.loc 1 203 0
 334 0010 05 00 00 00             		bsr	_Test_ADC12_Wait
 335                             	.LVL29:
 336 0014 EF 1A                   		mov.L	r1, r10
 337 0016 61 0A                   		cmp	#0, r10
 338 0018 1C                      		bne	.L21
 204:C:/Workspace/FW_Inertia/branch_indesit/HAL/RN_RX200/IEC60335_B_libs/src\IEC60335_RN_adapter.c **** 		retVal = IEC60335_testFailed;
 339                             		.loc 1 204 0
 340 0019 3E 60 00                		mov.L	#0, [r6]
 341                             		.balign 2,3,1
 342                             	.L21:
 205:C:/Workspace/FW_Inertia/branch_indesit/HAL/RN_RX200/IEC60335_B_libs/src\IEC60335_RN_adapter.c **** 	}
 206:C:/Workspace/FW_Inertia/branch_indesit/HAL/RN_RX200/IEC60335_B_libs/src\IEC60335_RN_adapter.c **** 	return retVal;
 343                             		.loc 1 206 0
 344 001c EC 6A                   		mov.L	[r6], r10
 207:C:/Workspace/FW_Inertia/branch_indesit/HAL/RN_RX200/IEC60335_B_libs/src\IEC60335_RN_adapter.c **** }
 345                             		.loc 1 207 0
 346 001e EF A1                   		mov.L	r10, r1
 347 0020 62 40                   		add	#4, r0
 348                             	.LVL30:
 349 0022 7E B6                   		pop	r6
 350 0024 7E BA                   		pop	r10
 351 0026 02                      		rts
 352                             	.LFE11:
 354 0027 03                      		.section	.text.IEC60335_ADCtest_BITS_start,"ax",@progbits
 355                             		.global	_IEC60335_ADCtest_BITS_start
 357                             	_IEC60335_ADCtest_BITS_start:
 358                             	.LFB12:
 208:C:/Workspace/FW_Inertia/branch_indesit/HAL/RN_RX200/IEC60335_B_libs/src\IEC60335_RN_adapter.c **** 
 209:C:/Workspace/FW_Inertia/branch_indesit/HAL/RN_RX200/IEC60335_B_libs/src\IEC60335_RN_adapter.c **** void IEC60335_ADCtest_BITS_start(void)
 210:C:/Workspace/FW_Inertia/branch_indesit/HAL/RN_RX200/IEC60335_B_libs/src\IEC60335_RN_adapter.c **** {
 359                             		.loc 1 210 0
 360 0000 7E A6                   		push.l	r6
 361                             	.LCFI32:
 362 0002 EF 06                   		mov.L	r0, r6
 363                             	.LCFI33:
 211:C:/Workspace/FW_Inertia/branch_indesit/HAL/RN_RX200/IEC60335_B_libs/src\IEC60335_RN_adapter.c **** 	Test_ADC12_Start(0);
 364                             		.loc 1 211 0
 365 0004 66 01                   		mov.L	#0, r1
 366 0006 05 00 00 00             		bsr	_Test_ADC12_Start
 367                             	.LVL31:
 212:C:/Workspace/FW_Inertia/branch_indesit/HAL/RN_RX200/IEC60335_B_libs/src\IEC60335_RN_adapter.c **** }
 368                             		.loc 1 212 0
 369 000a 3F 66 01                		rtsd	#4, r6-r6
 370                             	.LFE12:
 372                             		.section	.text.IEC60335_ADCtest_BITS_check,"ax",@progbits
 373                             		.global	_IEC60335_ADCtest_BITS_check
 375                             	_IEC60335_ADCtest_BITS_check:
 376                             	.LFB13:
 213:C:/Workspace/FW_Inertia/branch_indesit/HAL/RN_RX200/IEC60335_B_libs/src\IEC60335_RN_adapter.c **** 
 214:C:/Workspace/FW_Inertia/branch_indesit/HAL/RN_RX200/IEC60335_B_libs/src\IEC60335_RN_adapter.c **** type_testResult IEC60335_ADCtest_BITS_check(void)
 215:C:/Workspace/FW_Inertia/branch_indesit/HAL/RN_RX200/IEC60335_B_libs/src\IEC60335_RN_adapter.c **** {
 377                             		.loc 1 215 0
 378 0000 7E AA                   		push.l	r10
 379                             	.LCFI34:
 380 0002 7E A6                   		push.l	r6
 381                             	.LCFI35:
 382 0004 71 06 FC                		add	#-4, r0, r6
 383                             	.LCFI36:
 384 0007 EF 60                   		mov.L	r6, r0
 385                             	.LCFI37:
 216:C:/Workspace/FW_Inertia/branch_indesit/HAL/RN_RX200/IEC60335_B_libs/src\IEC60335_RN_adapter.c **** 	type_testResult retVal=IEC60335_testPassed;
 386                             		.loc 1 216 0
 387 0009 3E 60 01                		mov.L	#1, [r6]
 388                             	.LVL32:
 217:C:/Workspace/FW_Inertia/branch_indesit/HAL/RN_RX200/IEC60335_B_libs/src\IEC60335_RN_adapter.c **** 
 218:C:/Workspace/FW_Inertia/branch_indesit/HAL/RN_RX200/IEC60335_B_libs/src\IEC60335_RN_adapter.c **** 	if(!Test_ADC12_CheckResult(FALSE))
 389                             		.loc 1 218 0
 390 000c 66 01                   		mov.L	#0, r1
 391 000e 05 00 00 00             		bsr	_Test_ADC12_CheckResult
 392                             	.LVL33:
 393 0012 EF 1A                   		mov.L	r1, r10
 394 0014 61 0A                   		cmp	#0, r10
 395 0016 1C                      		bne	.L25
 219:C:/Workspace/FW_Inertia/branch_indesit/HAL/RN_RX200/IEC60335_B_libs/src\IEC60335_RN_adapter.c **** 		retVal = IEC60335_testFailed;
 396                             		.loc 1 219 0
 397 0017 3E 60 00                		mov.L	#0, [r6]
 398                             		.balign 2,3,1
 399                             	.L25:
 220:C:/Workspace/FW_Inertia/branch_indesit/HAL/RN_RX200/IEC60335_B_libs/src\IEC60335_RN_adapter.c **** 
 221:C:/Workspace/FW_Inertia/branch_indesit/HAL/RN_RX200/IEC60335_B_libs/src\IEC60335_RN_adapter.c **** 	return retVal;
 400                             		.loc 1 221 0
 401 001a EC 6A                   		mov.L	[r6], r10
 222:C:/Workspace/FW_Inertia/branch_indesit/HAL/RN_RX200/IEC60335_B_libs/src\IEC60335_RN_adapter.c **** }
 402                             		.loc 1 222 0
 403 001c EF A1                   		mov.L	r10, r1
 404 001e 62 40                   		add	#4, r0
 405                             	.LVL34:
 406 0020 7E B6                   		pop	r6
 407 0022 7E BA                   		pop	r10
 408 0024 02                      		rts
 409                             	.LFE13:
 411 0025 03                      		.section	.CLASS_B_temp,"aw",@progbits
 414                             	_SafeRam:
 415 0000 00 00 00 00 00 00 00 00 		.zero	8
 416                             		.section	.bss.SafeStack,"aw",@nobits
 417                             		.balign 4
 420                             	_SafeStack:
 421 0000 00 00 00 00 00 00 00 00 		.zero	48
 421      00 00 00 00 00 00 00 00 
 421      00 00 00 00 00 00 00 00 
 421      00 00 00 00 00 00 00 00 
 421      00 00 00 00 00 00 00 00 
 835                             	.Letext0:
 836                             		.file 2 "C:\\Workspace\\FW_Inertia\\branch_indesit\\HAL\\RN_RX200\\IEC60335_B_libs\\inc/IEC60335.h
 837                             		.file 3 "C:\\Workspace\\FW_Inertia\\branch_indesit\\PlatformLibrary\\LIB_Error/LIB_Error.h"
 838                             		.file 4 "C:/Workspace/FW_Inertia/branch_indesit/HAL/RN_RX200/IEC60335_B_libs/src/RAM/ramtest_stack
 839                             		.file 5 "C:/Workspace/FW_Inertia/branch_indesit/HAL/RN_RX200/IEC60335_B_libs/src/Clock/clock_monit
 840                             		.file 6 "C:/Workspace/FW_Inertia/branch_indesit/HAL/RN_RX200/IEC60335_B_libs/src/ADC12/test_adc12.
 841                             		.file 7 "C:/Workspace/FW_Inertia/branch_indesit/HAL/RN_RX200/IEC60335_B_libs/src/IWDT/iwdt.h"
 842                             		.file 8 "C:\\Workspace\\FW_Inertia\\branch_indesit\\Drivers\\OCRST/OCRST_drv.h"
 843                             		.file 9 "C:/Workspace/FW_Inertia/branch_indesit/HAL/RN_RX200/IEC60335_B_libs/src/CPU/cpu_test.h"
 844                             		.file 10 "C:/Workspace/FW_Inertia/branch_indesit/HAL/RN_RX200/IEC60335_B_libs/src/RAM/ramtest_marc
DEFINED SYMBOLS
                            *ABS*:00000000 IEC60335_RN_adapter.c
C:\Users\Andrea\AppData\Local\Temp\ccalJRRy.s:7      .text.CPU_Test_ErrorHandler:00000000 _CPU_Test_ErrorHandler
C:\Users\Andrea\AppData\Local\Temp\ccalJRRy.s:11     .text.CPU_Test_ErrorHandler:00000000 L0
C:\Users\Andrea\AppData\Local\Temp\ccalJRRy.s:25     .text.IEC60335_CPUregTest_BIST:00000000 _IEC60335_CPUregTest_BIST
C:\Users\Andrea\AppData\Local\Temp\ccalJRRy.s:28     .text.IEC60335_CPUregTest_BIST:00000000 L0
C:\Users\Andrea\AppData\Local\Temp\ccalJRRy.s:42     .text.IEC60335_RamMarchC:00000000 _IEC60335_RamMarchC
C:\Users\Andrea\AppData\Local\Temp\ccalJRRy.s:46     .text.IEC60335_RamMarchC:00000000 L0
C:\Users\Andrea\AppData\Local\Temp\ccalJRRy.s:414    .CLASS_B_temp:00000000 _SafeRam
C:\Users\Andrea\AppData\Local\Temp\ccalJRRy.s:95     .text.IEC60335_RamMarchC_SafeRam:00000000 _IEC60335_RamMarchC_SafeRam
C:\Users\Andrea\AppData\Local\Temp\ccalJRRy.s:98     .text.IEC60335_RamMarchC_SafeRam:00000000 L0
C:\Users\Andrea\AppData\Local\Temp\ccalJRRy.s:119    .text.IEC60335_RamMarchC_UserStack:00000000 _IEC60335_RamMarchC_UserStack
C:\Users\Andrea\AppData\Local\Temp\ccalJRRy.s:123    .text.IEC60335_RamMarchC_UserStack:00000000 L0
C:\Users\Andrea\AppData\Local\Temp\ccalJRRy.s:420    .bss.SafeStack:00000000 _SafeStack
C:\Users\Andrea\AppData\Local\Temp\ccalJRRy.s:168    .text.IEC60335_RamMarchC_IntStack:00000000 _IEC60335_RamMarchC_IntStack
C:\Users\Andrea\AppData\Local\Temp\ccalJRRy.s:172    .text.IEC60335_RamMarchC_IntStack:00000000 L0
C:\Users\Andrea\AppData\Local\Temp\ccalJRRy.s:206    .text.IEC60335_initClockTestHW:00000000 _IEC60335_initClockTestHW
C:\Users\Andrea\AppData\Local\Temp\ccalJRRy.s:209    .text.IEC60335_initClockTestHW:00000000 L0
C:\Users\Andrea\AppData\Local\Temp\ccalJRRy.s:224    .text.IEC60335_Clocktest_MainLoopHandler:00000000 _IEC60335_Clocktest_MainLoopHandler
C:\Users\Andrea\AppData\Local\Temp\ccalJRRy.s:227    .text.IEC60335_Clocktest_MainLoopHandler:00000000 L0
C:\Users\Andrea\AppData\Local\Temp\ccalJRRy.s:245    .text.INT_Excep_FERRF:00000000 _INT_Excep_FERRF
C:\Users\Andrea\AppData\Local\Temp\ccalJRRy.s:249    .text.INT_Excep_FERRF:00000000 L0
C:\Users\Andrea\AppData\Local\Temp\ccalJRRy.s:265    .text.INT_Excep_OVFF:00000000 _INT_Excep_OVFF
C:\Users\Andrea\AppData\Local\Temp\ccalJRRy.s:269    .text.INT_Excep_OVFF:00000000 L0
C:\Users\Andrea\AppData\Local\Temp\ccalJRRy.s:285    .text.IEC60335_WDTest:00000000 _IEC60335_WDTest
C:\Users\Andrea\AppData\Local\Temp\ccalJRRy.s:288    .text.IEC60335_WDTest:00000000 L0
C:\Users\Andrea\AppData\Local\Temp\ccalJRRy.s:316    .text.IEC60335_ADCtest_POST:00000000 _IEC60335_ADCtest_POST
C:\Users\Andrea\AppData\Local\Temp\ccalJRRy.s:319    .text.IEC60335_ADCtest_POST:00000000 L0
C:\Users\Andrea\AppData\Local\Temp\ccalJRRy.s:357    .text.IEC60335_ADCtest_BITS_start:00000000 _IEC60335_ADCtest_BITS_start
C:\Users\Andrea\AppData\Local\Temp\ccalJRRy.s:360    .text.IEC60335_ADCtest_BITS_start:00000000 L0
C:\Users\Andrea\AppData\Local\Temp\ccalJRRy.s:375    .text.IEC60335_ADCtest_BITS_check:00000000 _IEC60335_ADCtest_BITS_check
C:\Users\Andrea\AppData\Local\Temp\ccalJRRy.s:378    .text.IEC60335_ADCtest_BITS_check:00000000 L0
C:\Users\Andrea\AppData\Local\Temp\ccalJRRy.s:423    .debug_frame:00000000 .Lframe0
C:\Users\Andrea\AppData\Local\Temp\ccalJRRy.s:8      .text.CPU_Test_ErrorHandler:00000000 .LFB0
C:\Users\Andrea\AppData\Local\Temp\ccalJRRy.s:26     .text.IEC60335_CPUregTest_BIST:00000000 .LFB1
C:\Users\Andrea\AppData\Local\Temp\ccalJRRy.s:43     .text.IEC60335_RamMarchC:00000000 .LFB2
C:\Users\Andrea\AppData\Local\Temp\ccalJRRy.s:96     .text.IEC60335_RamMarchC_SafeRam:00000000 .LFB3
C:\Users\Andrea\AppData\Local\Temp\ccalJRRy.s:120    .text.IEC60335_RamMarchC_UserStack:00000000 .LFB4
C:\Users\Andrea\AppData\Local\Temp\ccalJRRy.s:169    .text.IEC60335_RamMarchC_IntStack:00000000 .LFB5
C:\Users\Andrea\AppData\Local\Temp\ccalJRRy.s:207    .text.IEC60335_initClockTestHW:00000000 .LFB6
C:\Users\Andrea\AppData\Local\Temp\ccalJRRy.s:225    .text.IEC60335_Clocktest_MainLoopHandler:00000000 .LFB7
C:\Users\Andrea\AppData\Local\Temp\ccalJRRy.s:246    .text.INT_Excep_FERRF:00000000 .LFB8
C:\Users\Andrea\AppData\Local\Temp\ccalJRRy.s:266    .text.INT_Excep_OVFF:00000000 .LFB9
C:\Users\Andrea\AppData\Local\Temp\ccalJRRy.s:286    .text.IEC60335_WDTest:00000000 .LFB10
C:\Users\Andrea\AppData\Local\Temp\ccalJRRy.s:317    .text.IEC60335_ADCtest_POST:00000000 .LFB11
C:\Users\Andrea\AppData\Local\Temp\ccalJRRy.s:358    .text.IEC60335_ADCtest_BITS_start:00000000 .LFB12
C:\Users\Andrea\AppData\Local\Temp\ccalJRRy.s:376    .text.IEC60335_ADCtest_BITS_check:00000000 .LFB13
C:\Users\Andrea\AppData\Local\Temp\ccalJRRy.s:2001   .debug_abbrev:00000000 .Ldebug_abbrev0
C:\Users\Andrea\AppData\Local\Temp\ccalJRRy.s:3176   .debug_str:00000a48 .LASF166
C:\Users\Andrea\AppData\Local\Temp\ccalJRRy.s:3098   .debug_str:00000652 .LASF167
C:\Users\Andrea\AppData\Local\Temp\ccalJRRy.s:2928   .debug_ranges:00000000 .Ldebug_ranges0
C:\Users\Andrea\AppData\Local\Temp\ccalJRRy.s:2960   .debug_line:00000000 .Ldebug_line0
C:\Users\Andrea\AppData\Local\Temp\ccalJRRy.s:3192   .debug_str:00000afc .LASF0
C:\Users\Andrea\AppData\Local\Temp\ccalJRRy.s:3080   .debug_str:00000580 .LASF1
C:\Users\Andrea\AppData\Local\Temp\ccalJRRy.s:3068   .debug_str:000004f5 .LASF2
C:\Users\Andrea\AppData\Local\Temp\ccalJRRy.s:2982   .debug_str:000000df .LASF3
C:\Users\Andrea\AppData\Local\Temp\ccalJRRy.s:3004   .debug_str:000001cc .LASF4
C:\Users\Andrea\AppData\Local\Temp\ccalJRRy.s:2998   .debug_str:0000018f .LASF5
C:\Users\Andrea\AppData\Local\Temp\ccalJRRy.s:3180   .debug_str:00000a78 .LASF6
C:\Users\Andrea\AppData\Local\Temp\ccalJRRy.s:3000   .debug_str:0000019d .LASF7
C:\Users\Andrea\AppData\Local\Temp\ccalJRRy.s:3020   .debug_str:00000297 .LASF8
C:\Users\Andrea\AppData\Local\Temp\ccalJRRy.s:3126   .debug_str:000007e7 .LASF9
C:\Users\Andrea\AppData\Local\Temp\ccalJRRy.s:3212   .debug_str:00000c04 .LASF10
C:\Users\Andrea\AppData\Local\Temp\ccalJRRy.s:3158   .debug_str:000009a0 .LASF105
C:\Users\Andrea\AppData\Local\Temp\ccalJRRy.s:3166   .debug_str:000009ed .LASF11
C:\Users\Andrea\AppData\Local\Temp\ccalJRRy.s:3294   .debug_str:00001019 .LASF12
C:\Users\Andrea\AppData\Local\Temp\ccalJRRy.s:2986   .debug_str:000000f7 .LASF13
C:\Users\Andrea\AppData\Local\Temp\ccalJRRy.s:3206   .debug_str:00000bc8 .LASF14
C:\Users\Andrea\AppData\Local\Temp\ccalJRRy.s:3208   .debug_str:00000bdb .LASF15
C:\Users\Andrea\AppData\Local\Temp\ccalJRRy.s:2974   .debug_str:00000086 .LASF16
C:\Users\Andrea\AppData\Local\Temp\ccalJRRy.s:2976   .debug_str:00000099 .LASF17
C:\Users\Andrea\AppData\Local\Temp\ccalJRRy.s:3268   .debug_str:00000ed9 .LASF18
C:\Users\Andrea\AppData\Local\Temp\ccalJRRy.s:3038   .debug_str:00000366 .LASF19
C:\Users\Andrea\AppData\Local\Temp\ccalJRRy.s:3162   .debug_str:000009c3 .LASF20
C:\Users\Andrea\AppData\Local\Temp\ccalJRRy.s:3164   .debug_str:000009d8 .LASF21
C:\Users\Andrea\AppData\Local\Temp\ccalJRRy.s:3146   .debug_str:000008b8 .LASF22
C:\Users\Andrea\AppData\Local\Temp\ccalJRRy.s:3056   .debug_str:00000430 .LASF23
C:\Users\Andrea\AppData\Local\Temp\ccalJRRy.s:3202   .debug_str:00000b5f .LASF24
C:\Users\Andrea\AppData\Local\Temp\ccalJRRy.s:3148   .debug_str:000008e7 .LASF25
C:\Users\Andrea\AppData\Local\Temp\ccalJRRy.s:3240   .debug_str:00000d5c .LASF26
C:\Users\Andrea\AppData\Local\Temp\ccalJRRy.s:3106   .debug_str:000006ef .LASF27
C:\Users\Andrea\AppData\Local\Temp\ccalJRRy.s:3228   .debug_str:00000c84 .LASF28
C:\Users\Andrea\AppData\Local\Temp\ccalJRRy.s:3272   .debug_str:00000eff .LASF29
C:\Users\Andrea\AppData\Local\Temp\ccalJRRy.s:3204   .debug_str:00000b94 .LASF30
C:\Users\Andrea\AppData\Local\Temp\ccalJRRy.s:3042   .debug_str:0000038d .LASF31
C:\Users\Andrea\AppData\Local\Temp\ccalJRRy.s:3044   .debug_str:000003a4 .LASF32
C:\Users\Andrea\AppData\Local\Temp\ccalJRRy.s:3184   .debug_str:00000aa0 .LASF33
C:\Users\Andrea\AppData\Local\Temp\ccalJRRy.s:3048   .debug_str:000003c6 .LASF34
C:\Users\Andrea\AppData\Local\Temp\ccalJRRy.s:3050   .debug_str:000003dd .LASF35
C:\Users\Andrea\AppData\Local\Temp\ccalJRRy.s:3052   .debug_str:000003f4 .LASF36
C:\Users\Andrea\AppData\Local\Temp\ccalJRRy.s:3196   .debug_str:00000b16 .LASF37
C:\Users\Andrea\AppData\Local\Temp\ccalJRRy.s:2962   .debug_str:00000000 .LASF38
C:\Users\Andrea\AppData\Local\Temp\ccalJRRy.s:3280   .debug_str:00000f8d .LASF39
C:\Users\Andrea\AppData\Local\Temp\ccalJRRy.s:3248   .debug_str:00000deb .LASF40
C:\Users\Andrea\AppData\Local\Temp\ccalJRRy.s:3128   .debug_str:000007f0 .LASF41
C:\Users\Andrea\AppData\Local\Temp\ccalJRRy.s:3254   .debug_str:00000e30 .LASF42
C:\Users\Andrea\AppData\Local\Temp\ccalJRRy.s:3132   .debug_str:00000821 .LASF43
C:\Users\Andrea\AppData\Local\Temp\ccalJRRy.s:3102   .debug_str:000006bd .LASF44
C:\Users\Andrea\AppData\Local\Temp\ccalJRRy.s:3136   .debug_str:00000853 .LASF45
C:\Users\Andrea\AppData\Local\Temp\ccalJRRy.s:3138   .debug_str:0000086b .LASF46
C:\Users\Andrea\AppData\Local\Temp\ccalJRRy.s:3084   .debug_str:000005a3 .LASF47
C:\Users\Andrea\AppData\Local\Temp\ccalJRRy.s:3086   .debug_str:000005bc .LASF48
C:\Users\Andrea\AppData\Local\Temp\ccalJRRy.s:3088   .debug_str:000005d5 .LASF49
C:\Users\Andrea\AppData\Local\Temp\ccalJRRy.s:3090   .debug_str:000005ee .LASF50
C:\Users\Andrea\AppData\Local\Temp\ccalJRRy.s:3092   .debug_str:00000607 .LASF51
C:\Users\Andrea\AppData\Local\Temp\ccalJRRy.s:3296   .debug_str:00001020 .LASF52
C:\Users\Andrea\AppData\Local\Temp\ccalJRRy.s:3094   .debug_str:00000620 .LASF53
C:\Users\Andrea\AppData\Local\Temp\ccalJRRy.s:3096   .debug_str:00000639 .LASF54
C:\Users\Andrea\AppData\Local\Temp\ccalJRRy.s:3170   .debug_str:00000a08 .LASF55
C:\Users\Andrea\AppData\Local\Temp\ccalJRRy.s:3244   .debug_str:00000dab .LASF56
C:\Users\Andrea\AppData\Local\Temp\ccalJRRy.s:3282   .debug_str:00000fa5 .LASF57
C:\Users\Andrea\AppData\Local\Temp\ccalJRRy.s:3114   .debug_str:00000766 .LASF58
C:\Users\Andrea\AppData\Local\Temp\ccalJRRy.s:2968   .debug_str:0000004c .LASF59
C:\Users\Andrea\AppData\Local\Temp\ccalJRRy.s:3200   .debug_str:00000b4c .LASF60
C:\Users\Andrea\AppData\Local\Temp\ccalJRRy.s:3298   .debug_str:00001044 .LASF61
C:\Users\Andrea\AppData\Local\Temp\ccalJRRy.s:2984   .debug_str:000000e8 .LASF62
C:\Users\Andrea\AppData\Local\Temp\ccalJRRy.s:3060   .debug_str:00000491 .LASF63
C:\Users\Andrea\AppData\Local\Temp\ccalJRRy.s:3104   .debug_str:000006d5 .LASF64
C:\Users\Andrea\AppData\Local\Temp\ccalJRRy.s:3064   .debug_str:000004d0 .LASF65
C:\Users\Andrea\AppData\Local\Temp\ccalJRRy.s:3032   .debug_str:0000030f .LASF66
C:\Users\Andrea\AppData\Local\Temp\ccalJRRy.s:3054   .debug_str:0000040b .LASF67
C:\Users\Andrea\AppData\Local\Temp\ccalJRRy.s:3186   .debug_str:00000ab7 .LASF68
C:\Users\Andrea\AppData\Local\Temp\ccalJRRy.s:3150   .debug_str:0000091b .LASF69
C:\Users\Andrea\AppData\Local\Temp\ccalJRRy.s:3074   .debug_str:00000531 .LASF70
C:\Users\Andrea\AppData\Local\Temp\ccalJRRy.s:3036   .debug_str:00000346 .LASF71
C:\Users\Andrea\AppData\Local\Temp\ccalJRRy.s:3182   .debug_str:00000a86 .LASF72
C:\Users\Andrea\AppData\Local\Temp\ccalJRRy.s:3024   .debug_str:000002b6 .LASF73
C:\Users\Andrea\AppData\Local\Temp\ccalJRRy.s:3276   .debug_str:00000f3e .LASF74
C:\Users\Andrea\AppData\Local\Temp\ccalJRRy.s:3058   .debug_str:0000046c .LASF75
C:\Users\Andrea\AppData\Local\Temp\ccalJRRy.s:2980   .debug_str:000000b9 .LASF76
C:\Users\Andrea\AppData\Local\Temp\ccalJRRy.s:3014   .debug_str:00000244 .LASF77
C:\Users\Andrea\AppData\Local\Temp\ccalJRRy.s:3278   .debug_str:00000f69 .LASF78
C:\Users\Andrea\AppData\Local\Temp\ccalJRRy.s:3220   .debug_str:00000c36 .LASF79
C:\Users\Andrea\AppData\Local\Temp\ccalJRRy.s:3134   .debug_str:00000839 .LASF80
C:\Users\Andrea\AppData\Local\Temp\ccalJRRy.s:3260   .debug_str:00000e79 .LASF81
C:\Users\Andrea\AppData\Local\Temp\ccalJRRy.s:3006   .debug_str:000001e3 .LASF82
C:\Users\Andrea\AppData\Local\Temp\ccalJRRy.s:3062   .debug_str:000004ae .LASF83
C:\Users\Andrea\AppData\Local\Temp\ccalJRRy.s:3002   .debug_str:000001a9 .LASF84
C:\Users\Andrea\AppData\Local\Temp\ccalJRRy.s:3232   .debug_str:00000cd4 .LASF85
C:\Users\Andrea\AppData\Local\Temp\ccalJRRy.s:3154   .debug_str:00000943 .LASF86
C:\Users\Andrea\AppData\Local\Temp\ccalJRRy.s:3156   .debug_str:00000972 .LASF87
C:\Users\Andrea\AppData\Local\Temp\ccalJRRy.s:3234   .debug_str:00000d03 .LASF88
C:\Users\Andrea\AppData\Local\Temp\ccalJRRy.s:2994   .debug_str:00000143 .LASF89
C:\Users\Andrea\AppData\Local\Temp\ccalJRRy.s:2966   .debug_str:0000001e .LASF90
C:\Users\Andrea\AppData\Local\Temp\ccalJRRy.s:3122   .debug_str:000007c0 .LASF91
C:\Users\Andrea\AppData\Local\Temp\ccalJRRy.s:3266   .debug_str:00000eb9 .LASF92
C:\Users\Andrea\AppData\Local\Temp\ccalJRRy.s:3016   .debug_str:00000268 .LASF93
C:\Users\Andrea\AppData\Local\Temp\ccalJRRy.s:3012   .debug_str:0000022c .LASF94
C:\Users\Andrea\AppData\Local\Temp\ccalJRRy.s:3198   .debug_str:00000b2d .LASF95
C:\Users\Andrea\AppData\Local\Temp\ccalJRRy.s:3190   .debug_str:00000ade .LASF96
C:\Users\Andrea\AppData\Local\Temp\ccalJRRy.s:3230   .debug_str:00000cb9 .LASF97
C:\Users\Andrea\AppData\Local\Temp\ccalJRRy.s:3250   .debug_str:00000e03 .LASF98
C:\Users\Andrea\AppData\Local\Temp\ccalJRRy.s:3218   .debug_str:00000c21 .LASF99
C:\Users\Andrea\AppData\Local\Temp\ccalJRRy.s:3262   .debug_str:00000e90 .LASF100
C:\Users\Andrea\AppData\Local\Temp\ccalJRRy.s:3226   .debug_str:00000c6a .LASF101
C:\Users\Andrea\AppData\Local\Temp\ccalJRRy.s:3130   .debug_str:00000808 .LASF102
C:\Users\Andrea\AppData\Local\Temp\ccalJRRy.s:3142   .debug_str:00000893 .LASF103
C:\Users\Andrea\AppData\Local\Temp\ccalJRRy.s:3030   .debug_str:000002f5 .LASF104
C:\Users\Andrea\AppData\Local\Temp\ccalJRRy.s:3188   .debug_str:00000ad3 .LASF106
C:\Users\Andrea\AppData\Local\Temp\ccalJRRy.s:3178   .debug_str:00000a6e .LASF107
C:\Users\Andrea\AppData\Local\Temp\ccalJRRy.s:3300   .debug_str:00001054 .LASF108
C:\Users\Andrea\AppData\Local\Temp\ccalJRRy.s:3120   .debug_str:000007aa .LASF109
C:\Users\Andrea\AppData\Local\Temp\ccalJRRy.s:3066   .debug_str:000004ec .LASF114
C:\Users\Andrea\AppData\Local\Temp\ccalJRRy.s:3222   .debug_str:00000c55 .LASF110
C:\Users\Andrea\AppData\Local\Temp\ccalJRRy.s:3070   .debug_str:00000507 .LASF111
C:\Users\Andrea\AppData\Local\Temp\ccalJRRy.s:3152   .debug_str:00000935 .LASF112
C:\Users\Andrea\AppData\Local\Temp\ccalJRRy.s:3008   .debug_str:00000204 .LASF113
C:\Users\Andrea\AppData\Local\Temp\ccalJRRy.s:2978   .debug_str:000000ac .LASF115
C:\Users\Andrea\AppData\Local\Temp\ccalJRRy.s:2972   .debug_str:00000077 .LASF116
C:\Users\Andrea\AppData\Local\Temp\ccalJRRy.s:3172   .debug_str:00000a28 .LASF117
C:\Users\Andrea\AppData\Local\Temp\ccalJRRy.s:3252   .debug_str:00000e20 .LASF118
C:\Users\Andrea\AppData\Local\Temp\ccalJRRy.s:3028   .debug_str:000002e5 .LASF119
C:\Users\Andrea\AppData\Local\Temp\ccalJRRy.s:3216   .debug_str:00000c10 .LASF120
C:\Users\Andrea\AppData\Local\Temp\ccalJRRy.s:3292   .debug_str:00001008 .LASF121
C:\Users\Andrea\AppData\Local\Temp\ccalJRRy.s:3284   .debug_str:00000fca .LASF122
C:\Users\Andrea\AppData\Local\Temp\ccalJRRy.s:3018   .debug_str:00000282 .LASF123
C:\Users\Andrea\AppData\Local\Temp\ccalJRRy.s:3168   .debug_str:000009f3 .LASF124
C:\Users\Andrea\AppData\Local\Temp\ccalJRRy.s:3258   .debug_str:00000e64 .LASF125
C:\Users\Andrea\AppData\Local\Temp\ccalJRRy.s:2996   .debug_str:00000174 .LASF126
C:\Users\Andrea\AppData\Local\Temp\ccalJRRy.s:3082   .debug_str:00000593 .LASF127
C:\Users\Andrea\AppData\Local\Temp\ccalJRRy.s:3286   .debug_str:00000fdc .LASF128
C:\Users\Andrea\AppData\Local\Temp\ccalJRRy.s:3270   .debug_str:00000eec .LASF129
C:\Users\Andrea\AppData\Local\Temp\ccalJRRy.s:3040   .debug_str:0000037a .LASF130
C:\Users\Andrea\AppData\Local\Temp\ccalJRRy.s:3112   .debug_str:0000074f .LASF131
C:\Users\Andrea\AppData\Local\Temp\ccalJRRy.s:3124   .debug_str:000007db .LASF132
C:\Users\Andrea\AppData\Local\Temp\ccalJRRy.s:3022   .debug_str:000002a4 .LASF133
C:\Users\Andrea\AppData\Local\Temp\ccalJRRy.s:3194   .debug_str:00000b06 .LASF134
C:\Users\Andrea\AppData\Local\Temp\ccalJRRy.s:2992   .debug_str:0000012d .LASF135
C:\Users\Andrea\AppData\Local\Temp\ccalJRRy.s:20     .text.CPU_Test_ErrorHandler:0000000b .LFE0
C:\Users\Andrea\AppData\Local\Temp\ccalJRRy.s:2387   .debug_loc:00000000 .LLST0
C:\Users\Andrea\AppData\Local\Temp\ccalJRRy.s:17     .text.CPU_Test_ErrorHandler:00000008 .LVL0
C:\Users\Andrea\AppData\Local\Temp\ccalJRRy.s:3242   .debug_str:00000d92 .LASF136
C:\Users\Andrea\AppData\Local\Temp\ccalJRRy.s:37     .text.IEC60335_CPUregTest_BIST:0000000b .LFE1
C:\Users\Andrea\AppData\Local\Temp\ccalJRRy.s:2405   .debug_loc:0000002c .LLST1
C:\Users\Andrea\AppData\Local\Temp\ccalJRRy.s:34     .text.IEC60335_CPUregTest_BIST:00000008 .LVL1
C:\Users\Andrea\AppData\Local\Temp\ccalJRRy.s:3118   .debug_str:00000797 .LASF140
C:\Users\Andrea\AppData\Local\Temp\ccalJRRy.s:90     .text.IEC60335_RamMarchC:0000003d .LFE2
C:\Users\Andrea\AppData\Local\Temp\ccalJRRy.s:2423   .debug_loc:00000058 .LLST2
C:\Users\Andrea\AppData\Local\Temp\ccalJRRy.s:3046   .debug_str:000003bb .LASF137
C:\Users\Andrea\AppData\Local\Temp\ccalJRRy.s:2451   .debug_loc:0000009c .LLST3
C:\Users\Andrea\AppData\Local\Temp\ccalJRRy.s:3214   .debug_str:00000c09 .LASF138
C:\Users\Andrea\AppData\Local\Temp\ccalJRRy.s:2478   .debug_loc:000000df .LLST4
C:\Users\Andrea\AppData\Local\Temp\ccalJRRy.s:3224   .debug_str:00000c63 .LASF139
C:\Users\Andrea\AppData\Local\Temp\ccalJRRy.s:2505   .debug_loc:00000122 .LLST5
C:\Users\Andrea\AppData\Local\Temp\ccalJRRy.s:3144   .debug_str:000008ae .LASF143
C:\Users\Andrea\AppData\Local\Temp\ccalJRRy.s:2532   .debug_loc:00000165 .LLST6
C:\Users\Andrea\AppData\Local\Temp\ccalJRRy.s:79     .text.IEC60335_RamMarchC:00000031 .LVL7
C:\Users\Andrea\AppData\Local\Temp\ccalJRRy.s:3246   .debug_str:00000dd0 .LASF141
C:\Users\Andrea\AppData\Local\Temp\ccalJRRy.s:114    .text.IEC60335_RamMarchC_SafeRam:00000021 .LFE3
C:\Users\Andrea\AppData\Local\Temp\ccalJRRy.s:2555   .debug_loc:0000019d .LLST7
C:\Users\Andrea\AppData\Local\Temp\ccalJRRy.s:109    .text.IEC60335_RamMarchC_SafeRam:0000001a .LVL11
C:\Users\Andrea\AppData\Local\Temp\ccalJRRy.s:3034   .debug_str:00000329 .LASF142
C:\Users\Andrea\AppData\Local\Temp\ccalJRRy.s:163    .text.IEC60335_RamMarchC_UserStack:0000004a .LFE4
C:\Users\Andrea\AppData\Local\Temp\ccalJRRy.s:2573   .debug_loc:000001c9 .LLST8
C:\Users\Andrea\AppData\Local\Temp\ccalJRRy.s:2596   .debug_loc:00000201 .LLST9
C:\Users\Andrea\AppData\Local\Temp\ccalJRRy.s:2608   .debug_loc:00000220 .LLST10
C:\Users\Andrea\AppData\Local\Temp\ccalJRRy.s:2620   .debug_loc:0000023f .LLST11
C:\Users\Andrea\AppData\Local\Temp\ccalJRRy.s:158    .text.IEC60335_RamMarchC_UserStack:00000043 .LVL17
C:\Users\Andrea\AppData\Local\Temp\ccalJRRy.s:3116   .debug_str:0000077b .LASF144
C:\Users\Andrea\AppData\Local\Temp\ccalJRRy.s:201    .text.IEC60335_RamMarchC_IntStack:0000003d .LFE5
C:\Users\Andrea\AppData\Local\Temp\ccalJRRy.s:2632   .debug_loc:0000025e .LLST12
C:\Users\Andrea\AppData\Local\Temp\ccalJRRy.s:2655   .debug_loc:00000296 .LLST13
C:\Users\Andrea\AppData\Local\Temp\ccalJRRy.s:2667   .debug_loc:000002b5 .LLST14
C:\Users\Andrea\AppData\Local\Temp\ccalJRRy.s:2679   .debug_loc:000002d4 .LLST15
C:\Users\Andrea\AppData\Local\Temp\ccalJRRy.s:196    .text.IEC60335_RamMarchC_IntStack:00000036 .LVL22
C:\Users\Andrea\AppData\Local\Temp\ccalJRRy.s:3010   .debug_str:00000213 .LASF145
C:\Users\Andrea\AppData\Local\Temp\ccalJRRy.s:219    .text.IEC60335_initClockTestHW:0000000d .LFE6
C:\Users\Andrea\AppData\Local\Temp\ccalJRRy.s:2691   .debug_loc:000002f3 .LLST16
C:\Users\Andrea\AppData\Local\Temp\ccalJRRy.s:216    .text.IEC60335_initClockTestHW:0000000a .LVL23
C:\Users\Andrea\AppData\Local\Temp\ccalJRRy.s:3078   .debug_str:0000055d .LASF168
C:\Users\Andrea\AppData\Local\Temp\ccalJRRy.s:240    .text.IEC60335_Clocktest_MainLoopHandler:0000000f .LFE7
C:\Users\Andrea\AppData\Local\Temp\ccalJRRy.s:2709   .debug_loc:0000031f .LLST17
C:\Users\Andrea\AppData\Local\Temp\ccalJRRy.s:3174   .debug_str:00000a38 .LASF146
C:\Users\Andrea\AppData\Local\Temp\ccalJRRy.s:260    .text.INT_Excep_FERRF:0000000f .LFE8
C:\Users\Andrea\AppData\Local\Temp\ccalJRRy.s:2732   .debug_loc:00000357 .LLST18
C:\Users\Andrea\AppData\Local\Temp\ccalJRRy.s:256    .text.INT_Excep_FERRF:0000000b .LVL24
C:\Users\Andrea\AppData\Local\Temp\ccalJRRy.s:3288   .debug_str:00000fef .LASF147
C:\Users\Andrea\AppData\Local\Temp\ccalJRRy.s:280    .text.INT_Excep_OVFF:0000000f .LFE9
C:\Users\Andrea\AppData\Local\Temp\ccalJRRy.s:2750   .debug_loc:00000385 .LLST19
C:\Users\Andrea\AppData\Local\Temp\ccalJRRy.s:276    .text.INT_Excep_OVFF:0000000b .LVL25
C:\Users\Andrea\AppData\Local\Temp\ccalJRRy.s:2970   .debug_str:00000067 .LASF148
C:\Users\Andrea\AppData\Local\Temp\ccalJRRy.s:311    .text.IEC60335_WDTest:00000022 .LFE10
C:\Users\Andrea\AppData\Local\Temp\ccalJRRy.s:2768   .debug_loc:000003b3 .LLST20
C:\Users\Andrea\AppData\Local\Temp\ccalJRRy.s:302    .text.IEC60335_WDTest:00000017 .LVL26
C:\Users\Andrea\AppData\Local\Temp\ccalJRRy.s:3210   .debug_str:00000bee .LASF149
C:\Users\Andrea\AppData\Local\Temp\ccalJRRy.s:352    .text.IEC60335_ADCtest_POST:00000027 .LFE11
C:\Users\Andrea\AppData\Local\Temp\ccalJRRy.s:2791   .debug_loc:000003eb .LLST21
C:\Users\Andrea\AppData\Local\Temp\ccalJRRy.s:2964   .debug_str:00000017 .LASF150
C:\Users\Andrea\AppData\Local\Temp\ccalJRRy.s:2819   .debug_loc:0000042f .LLST22
C:\Users\Andrea\AppData\Local\Temp\ccalJRRy.s:332    .text.IEC60335_ADCtest_POST:00000010 .LVL28
C:\Users\Andrea\AppData\Local\Temp\ccalJRRy.s:335    .text.IEC60335_ADCtest_POST:00000014 .LVL29
C:\Users\Andrea\AppData\Local\Temp\ccalJRRy.s:3236   .debug_str:00000d2e .LASF151
C:\Users\Andrea\AppData\Local\Temp\ccalJRRy.s:370    .text.IEC60335_ADCtest_BITS_start:0000000d .LFE12
C:\Users\Andrea\AppData\Local\Temp\ccalJRRy.s:2831   .debug_loc:0000044e .LLST23
C:\Users\Andrea\AppData\Local\Temp\ccalJRRy.s:367    .text.IEC60335_ADCtest_BITS_start:0000000a .LVL31
C:\Users\Andrea\AppData\Local\Temp\ccalJRRy.s:3072   .debug_str:00000515 .LASF152
C:\Users\Andrea\AppData\Local\Temp\ccalJRRy.s:409    .text.IEC60335_ADCtest_BITS_check:00000025 .LFE13
C:\Users\Andrea\AppData\Local\Temp\ccalJRRy.s:2849   .debug_loc:0000047a .LLST24
C:\Users\Andrea\AppData\Local\Temp\ccalJRRy.s:2877   .debug_loc:000004be .LLST25
C:\Users\Andrea\AppData\Local\Temp\ccalJRRy.s:392    .text.IEC60335_ADCtest_BITS_check:00000012 .LVL33
C:\Users\Andrea\AppData\Local\Temp\ccalJRRy.s:3076   .debug_str:00000555 .LASF153
C:\Users\Andrea\AppData\Local\Temp\ccalJRRy.s:3290   .debug_str:00000ffe .LASF154
C:\Users\Andrea\AppData\Local\Temp\ccalJRRy.s:3256   .debug_str:00000e48 .LASF155
C:\Users\Andrea\AppData\Local\Temp\ccalJRRy.s:3100   .debug_str:000006b0 .LASF156
C:\Users\Andrea\AppData\Local\Temp\ccalJRRy.s:2990   .debug_str:0000011d .LASF157
C:\Users\Andrea\AppData\Local\Temp\ccalJRRy.s:3160   .debug_str:000009b0 .LASF158
C:\Users\Andrea\AppData\Local\Temp\ccalJRRy.s:3108   .debug_str:00000725 .LASF159
C:\Users\Andrea\AppData\Local\Temp\ccalJRRy.s:3238   .debug_str:00000d4a .LASF160
C:\Users\Andrea\AppData\Local\Temp\ccalJRRy.s:3110   .debug_str:00000737 .LASF161
C:\Users\Andrea\AppData\Local\Temp\ccalJRRy.s:3274   .debug_str:00000f34 .LASF162
C:\Users\Andrea\AppData\Local\Temp\ccalJRRy.s:3140   .debug_str:00000883 .LASF163
C:\Users\Andrea\AppData\Local\Temp\ccalJRRy.s:3264   .debug_str:00000ea9 .LASF169
C:\Users\Andrea\AppData\Local\Temp\ccalJRRy.s:3026   .debug_str:000002d4 .LASF164
C:\Users\Andrea\AppData\Local\Temp\ccalJRRy.s:2988   .debug_str:00000106 .LASF165
C:\Users\Andrea\AppData\Local\Temp\ccalJRRy.s:12     .text.CPU_Test_ErrorHandler:00000002 .LCFI0
C:\Users\Andrea\AppData\Local\Temp\ccalJRRy.s:14     .text.CPU_Test_ErrorHandler:00000004 .LCFI1
C:\Users\Andrea\AppData\Local\Temp\ccalJRRy.s:29     .text.IEC60335_CPUregTest_BIST:00000002 .LCFI2
C:\Users\Andrea\AppData\Local\Temp\ccalJRRy.s:31     .text.IEC60335_CPUregTest_BIST:00000004 .LCFI3
C:\Users\Andrea\AppData\Local\Temp\ccalJRRy.s:47     .text.IEC60335_RamMarchC:00000002 .LCFI4
C:\Users\Andrea\AppData\Local\Temp\ccalJRRy.s:49     .text.IEC60335_RamMarchC:00000004 .LCFI5
C:\Users\Andrea\AppData\Local\Temp\ccalJRRy.s:51     .text.IEC60335_RamMarchC:00000007 .LCFI6
C:\Users\Andrea\AppData\Local\Temp\ccalJRRy.s:53     .text.IEC60335_RamMarchC:00000009 .LCFI7
C:\Users\Andrea\AppData\Local\Temp\ccalJRRy.s:45     .text.IEC60335_RamMarchC:00000000 .LVL2
C:\Users\Andrea\AppData\Local\Temp\ccalJRRy.s:73     .text.IEC60335_RamMarchC:00000029 .LVL4
C:\Users\Andrea\AppData\Local\Temp\ccalJRRy.s:84     .text.IEC60335_RamMarchC:00000038 .LVL8
C:\Users\Andrea\AppData\Local\Temp\ccalJRRy.s:86     .text.IEC60335_RamMarchC:0000003a .LVL9
C:\Users\Andrea\AppData\Local\Temp\ccalJRRy.s:88     .text.IEC60335_RamMarchC:0000003c .LVL10
C:\Users\Andrea\AppData\Local\Temp\ccalJRRy.s:75     .text.IEC60335_RamMarchC:0000002b .LVL5
C:\Users\Andrea\AppData\Local\Temp\ccalJRRy.s:77     .text.IEC60335_RamMarchC:0000002d .LVL6
C:\Users\Andrea\AppData\Local\Temp\ccalJRRy.s:59     .text.IEC60335_RamMarchC:00000012 .LVL3
C:\Users\Andrea\AppData\Local\Temp\ccalJRRy.s:99     .text.IEC60335_RamMarchC_SafeRam:00000002 .LCFI8
C:\Users\Andrea\AppData\Local\Temp\ccalJRRy.s:101    .text.IEC60335_RamMarchC_SafeRam:00000004 .LCFI9
C:\Users\Andrea\AppData\Local\Temp\ccalJRRy.s:124    .text.IEC60335_RamMarchC_UserStack:00000002 .LCFI10
C:\Users\Andrea\AppData\Local\Temp\ccalJRRy.s:126    .text.IEC60335_RamMarchC_UserStack:00000005 .LCFI11
C:\Users\Andrea\AppData\Local\Temp\ccalJRRy.s:128    .text.IEC60335_RamMarchC_UserStack:00000008 .LCFI12
C:\Users\Andrea\AppData\Local\Temp\ccalJRRy.s:122    .text.IEC60335_RamMarchC_UserStack:00000000 .LVL12
C:\Users\Andrea\AppData\Local\Temp\ccalJRRy.s:151    .text.IEC60335_RamMarchC_UserStack:00000039 .LVL14
C:\Users\Andrea\AppData\Local\Temp\ccalJRRy.s:153    .text.IEC60335_RamMarchC_UserStack:0000003b .LVL15
C:\Users\Andrea\AppData\Local\Temp\ccalJRRy.s:155    .text.IEC60335_RamMarchC_UserStack:0000003d .LVL16
C:\Users\Andrea\AppData\Local\Temp\ccalJRRy.s:173    .text.IEC60335_RamMarchC_IntStack:00000002 .LCFI13
C:\Users\Andrea\AppData\Local\Temp\ccalJRRy.s:175    .text.IEC60335_RamMarchC_IntStack:00000005 .LCFI14
C:\Users\Andrea\AppData\Local\Temp\ccalJRRy.s:177    .text.IEC60335_RamMarchC_IntStack:00000008 .LCFI15
C:\Users\Andrea\AppData\Local\Temp\ccalJRRy.s:171    .text.IEC60335_RamMarchC_IntStack:00000000 .LVL18
C:\Users\Andrea\AppData\Local\Temp\ccalJRRy.s:189    .text.IEC60335_RamMarchC_IntStack:00000028 .LVL19
C:\Users\Andrea\AppData\Local\Temp\ccalJRRy.s:191    .text.IEC60335_RamMarchC_IntStack:0000002a .LVL20
C:\Users\Andrea\AppData\Local\Temp\ccalJRRy.s:193    .text.IEC60335_RamMarchC_IntStack:00000030 .LVL21
C:\Users\Andrea\AppData\Local\Temp\ccalJRRy.s:210    .text.IEC60335_initClockTestHW:00000002 .LCFI16
C:\Users\Andrea\AppData\Local\Temp\ccalJRRy.s:212    .text.IEC60335_initClockTestHW:00000004 .LCFI17
C:\Users\Andrea\AppData\Local\Temp\ccalJRRy.s:228    .text.IEC60335_Clocktest_MainLoopHandler:00000002 .LCFI18
C:\Users\Andrea\AppData\Local\Temp\ccalJRRy.s:230    .text.IEC60335_Clocktest_MainLoopHandler:00000004 .LCFI19
C:\Users\Andrea\AppData\Local\Temp\ccalJRRy.s:232    .text.IEC60335_Clocktest_MainLoopHandler:00000006 .LCFI20
C:\Users\Andrea\AppData\Local\Temp\ccalJRRy.s:250    .text.INT_Excep_FERRF:00000002 .LCFI21
C:\Users\Andrea\AppData\Local\Temp\ccalJRRy.s:252    .text.INT_Excep_FERRF:00000004 .LCFI22
C:\Users\Andrea\AppData\Local\Temp\ccalJRRy.s:270    .text.INT_Excep_OVFF:00000002 .LCFI23
C:\Users\Andrea\AppData\Local\Temp\ccalJRRy.s:272    .text.INT_Excep_OVFF:00000004 .LCFI24
C:\Users\Andrea\AppData\Local\Temp\ccalJRRy.s:289    .text.IEC60335_WDTest:00000002 .LCFI25
C:\Users\Andrea\AppData\Local\Temp\ccalJRRy.s:291    .text.IEC60335_WDTest:00000004 .LCFI26
C:\Users\Andrea\AppData\Local\Temp\ccalJRRy.s:293    .text.IEC60335_WDTest:00000006 .LCFI27
C:\Users\Andrea\AppData\Local\Temp\ccalJRRy.s:320    .text.IEC60335_ADCtest_POST:00000002 .LCFI28
C:\Users\Andrea\AppData\Local\Temp\ccalJRRy.s:322    .text.IEC60335_ADCtest_POST:00000004 .LCFI29
C:\Users\Andrea\AppData\Local\Temp\ccalJRRy.s:324    .text.IEC60335_ADCtest_POST:00000007 .LCFI30
C:\Users\Andrea\AppData\Local\Temp\ccalJRRy.s:326    .text.IEC60335_ADCtest_POST:00000009 .LCFI31
C:\Users\Andrea\AppData\Local\Temp\ccalJRRy.s:329    .text.IEC60335_ADCtest_POST:0000000c .LVL27
C:\Users\Andrea\AppData\Local\Temp\ccalJRRy.s:348    .text.IEC60335_ADCtest_POST:00000022 .LVL30
C:\Users\Andrea\AppData\Local\Temp\ccalJRRy.s:361    .text.IEC60335_ADCtest_BITS_start:00000002 .LCFI32
C:\Users\Andrea\AppData\Local\Temp\ccalJRRy.s:363    .text.IEC60335_ADCtest_BITS_start:00000004 .LCFI33
C:\Users\Andrea\AppData\Local\Temp\ccalJRRy.s:379    .text.IEC60335_ADCtest_BITS_check:00000002 .LCFI34
C:\Users\Andrea\AppData\Local\Temp\ccalJRRy.s:381    .text.IEC60335_ADCtest_BITS_check:00000004 .LCFI35
C:\Users\Andrea\AppData\Local\Temp\ccalJRRy.s:383    .text.IEC60335_ADCtest_BITS_check:00000007 .LCFI36
C:\Users\Andrea\AppData\Local\Temp\ccalJRRy.s:385    .text.IEC60335_ADCtest_BITS_check:00000009 .LCFI37
C:\Users\Andrea\AppData\Local\Temp\ccalJRRy.s:388    .text.IEC60335_ADCtest_BITS_check:0000000c .LVL32
C:\Users\Andrea\AppData\Local\Temp\ccalJRRy.s:405    .text.IEC60335_ADCtest_BITS_check:00000020 .LVL34
C:\Users\Andrea\AppData\Local\Temp\ccalJRRy.s:846    .debug_info:00000000 .Ldebug_info0

UNDEFINED SYMBOLS
_OCRST_GenerateUserResetSync
_CPU_Test_All
_RamTest_March_C
_RamTest_Stack_User
_RamTest_Stack_Int
_ClockMonitor_Init
_LIB_Error_Fatal_Handler
_IWDT_Init
_Test_ADC12_Init
_Test_ADC12_Wait
_Test_ADC12_Start
_Test_ADC12_CheckResult
