   1                             		.file	"IOSharing.c"
   2                             		.section P,"ax"
   3                             	.Ltext0:
   4                             		.section	.text.LIB_IOM_Set_IODir_ActiveSense,"ax",@progbits
   5                             		.global	_LIB_IOM_Set_IODir_ActiveSense
   7                             	_LIB_IOM_Set_IODir_ActiveSense:
   8                             	.LFB0:
   9                             		.file 1 "C:/Workspace/FW_Inertia/branch_indesit/PlatformLibrary/LIB_IOManager/IOSharing.c"
   1:C:/Workspace/FW_Inertia/branch_indesit/PlatformLibrary/LIB_IOManager\IOSharing.c **** /*
   2:C:/Workspace/FW_Inertia/branch_indesit/PlatformLibrary/LIB_IOManager\IOSharing.c **** Copyright (c) 2004-2005, Indesit Company, I.D.D..
   3:C:/Workspace/FW_Inertia/branch_indesit/PlatformLibrary/LIB_IOManager\IOSharing.c **** Tutti i diritti sono riservati. All rights reserved.
   4:C:/Workspace/FW_Inertia/branch_indesit/PlatformLibrary/LIB_IOManager\IOSharing.c **** */
   5:C:/Workspace/FW_Inertia/branch_indesit/PlatformLibrary/LIB_IOManager\IOSharing.c **** 
   6:C:/Workspace/FW_Inertia/branch_indesit/PlatformLibrary/LIB_IOManager\IOSharing.c **** /**
   7:C:/Workspace/FW_Inertia/branch_indesit/PlatformLibrary/LIB_IOManager\IOSharing.c **** \n
   8:C:/Workspace/FW_Inertia/branch_indesit/PlatformLibrary/LIB_IOManager\IOSharing.c **** \Par		IOSharing.c
   9:C:/Workspace/FW_Inertia/branch_indesit/PlatformLibrary/LIB_IOManager\IOSharing.c **** \n			Implementation of all functions necessary to achieve the aim.
  10:C:/Workspace/FW_Inertia/branch_indesit/PlatformLibrary/LIB_IOManager\IOSharing.c **** \n
  11:C:/Workspace/FW_Inertia/branch_indesit/PlatformLibrary/LIB_IOManager\IOSharing.c **** \file		IOSharing.c
  12:C:/Workspace/FW_Inertia/branch_indesit/PlatformLibrary/LIB_IOManager\IOSharing.c **** \ingroup	InputOutputShare
  13:C:/Workspace/FW_Inertia/branch_indesit/PlatformLibrary/LIB_IOManager\IOSharing.c **** \date		Jun 10, 2010
  14:C:/Workspace/FW_Inertia/branch_indesit/PlatformLibrary/LIB_IOManager\IOSharing.c **** \version	01.00.00
  15:C:/Workspace/FW_Inertia/branch_indesit/PlatformLibrary/LIB_IOManager\IOSharing.c **** \author		stefano.ughi
  16:C:/Workspace/FW_Inertia/branch_indesit/PlatformLibrary/LIB_IOManager\IOSharing.c **** \n
  17:C:/Workspace/FW_Inertia/branch_indesit/PlatformLibrary/LIB_IOManager\IOSharing.c **** \n
  18:C:/Workspace/FW_Inertia/branch_indesit/PlatformLibrary/LIB_IOManager\IOSharing.c **** \par\b	History:
  19:C:/Workspace/FW_Inertia/branch_indesit/PlatformLibrary/LIB_IOManager\IOSharing.c **** \n
  20:C:/Workspace/FW_Inertia/branch_indesit/PlatformLibrary/LIB_IOManager\IOSharing.c **** \n 		01.00.00
  21:C:/Workspace/FW_Inertia/branch_indesit/PlatformLibrary/LIB_IOManager\IOSharing.c **** \n		Jun 10, 2010
  22:C:/Workspace/FW_Inertia/branch_indesit/PlatformLibrary/LIB_IOManager\IOSharing.c **** \n		stefano.ughi
  23:C:/Workspace/FW_Inertia/branch_indesit/PlatformLibrary/LIB_IOManager\IOSharing.c **** \n		changes
  24:C:/Workspace/FW_Inertia/branch_indesit/PlatformLibrary/LIB_IOManager\IOSharing.c **** \n 		- creation
  25:C:/Workspace/FW_Inertia/branch_indesit/PlatformLibrary/LIB_IOManager\IOSharing.c **** \n
  26:C:/Workspace/FW_Inertia/branch_indesit/PlatformLibrary/LIB_IOManager\IOSharing.c **** \n 		01.00.01
  27:C:/Workspace/FW_Inertia/branch_indesit/PlatformLibrary/LIB_IOManager\IOSharing.c **** \n		Apr 01, 2011
  28:C:/Workspace/FW_Inertia/branch_indesit/PlatformLibrary/LIB_IOManager\IOSharing.c **** \n		stefano.ughi
  29:C:/Workspace/FW_Inertia/branch_indesit/PlatformLibrary/LIB_IOManager\IOSharing.c **** \n		changes
  30:C:/Workspace/FW_Inertia/branch_indesit/PlatformLibrary/LIB_IOManager\IOSharing.c **** \n 		- #include "Trash.h" under defines
  31:C:/Workspace/FW_Inertia/branch_indesit/PlatformLibrary/LIB_IOManager\IOSharing.c **** \n		- added #include "DIO_cfg.h"
  32:C:/Workspace/FW_Inertia/branch_indesit/PlatformLibrary/LIB_IOManager\IOSharing.c **** \n      - void LIB_IOM_IO_Manager_Init(void) call InitCalibrationPointers_trash(); under defines
  33:C:/Workspace/FW_Inertia/branch_indesit/PlatformLibrary/LIB_IOManager\IOSharing.c **** \n etc.
  34:C:/Workspace/FW_Inertia/branch_indesit/PlatformLibrary/LIB_IOManager\IOSharing.c **** */
  35:C:/Workspace/FW_Inertia/branch_indesit/PlatformLibrary/LIB_IOManager\IOSharing.c **** #define MODULE_BODY_LIB_IOMANAGER
  36:C:/Workspace/FW_Inertia/branch_indesit/PlatformLibrary/LIB_IOManager\IOSharing.c **** /* ******** */
  37:C:/Workspace/FW_Inertia/branch_indesit/PlatformLibrary/LIB_IOManager\IOSharing.c **** /* Includes */
  38:C:/Workspace/FW_Inertia/branch_indesit/PlatformLibrary/LIB_IOManager\IOSharing.c **** /* ******** */
  39:C:/Workspace/FW_Inertia/branch_indesit/PlatformLibrary/LIB_IOManager\IOSharing.c **** #include "Config.h"
  40:C:/Workspace/FW_Inertia/branch_indesit/PlatformLibrary/LIB_IOManager\IOSharing.c **** #include <string.h>
  41:C:/Workspace/FW_Inertia/branch_indesit/PlatformLibrary/LIB_IOManager\IOSharing.c **** #include "IOSharing.h"
  42:C:/Workspace/FW_Inertia/branch_indesit/PlatformLibrary/LIB_IOManager\IOSharing.c **** 
  43:C:/Workspace/FW_Inertia/branch_indesit/PlatformLibrary/LIB_IOManager\IOSharing.c **** /* ****************** */
  44:C:/Workspace/FW_Inertia/branch_indesit/PlatformLibrary/LIB_IOManager\IOSharing.c **** /* Defines and Macros */
  45:C:/Workspace/FW_Inertia/branch_indesit/PlatformLibrary/LIB_IOManager\IOSharing.c **** /* ****************** */
  46:C:/Workspace/FW_Inertia/branch_indesit/PlatformLibrary/LIB_IOManager\IOSharing.c **** 
  47:C:/Workspace/FW_Inertia/branch_indesit/PlatformLibrary/LIB_IOManager\IOSharing.c **** #if (IO_MODULE_MAP_SIZE%BYTE_SIZE)
  48:C:/Workspace/FW_Inertia/branch_indesit/PlatformLibrary/LIB_IOManager\IOSharing.c **** #define ACT_SENSE_SIZE_VECT (IO_MODULE_MAP_SIZE/BYTE_SIZE+1)
  49:C:/Workspace/FW_Inertia/branch_indesit/PlatformLibrary/LIB_IOManager\IOSharing.c **** #else
  50:C:/Workspace/FW_Inertia/branch_indesit/PlatformLibrary/LIB_IOManager\IOSharing.c **** #define ACT_SENSE_SIZE_VECT (IO_MODULE_MAP_SIZE/BYTE_SIZE)
  51:C:/Workspace/FW_Inertia/branch_indesit/PlatformLibrary/LIB_IOManager\IOSharing.c **** #endif
  52:C:/Workspace/FW_Inertia/branch_indesit/PlatformLibrary/LIB_IOManager\IOSharing.c **** 
  53:C:/Workspace/FW_Inertia/branch_indesit/PlatformLibrary/LIB_IOManager\IOSharing.c **** 
  54:C:/Workspace/FW_Inertia/branch_indesit/PlatformLibrary/LIB_IOManager\IOSharing.c **** /* *************************** */
  55:C:/Workspace/FW_Inertia/branch_indesit/PlatformLibrary/LIB_IOManager\IOSharing.c **** /* Typedef, Structs and Unions */
  56:C:/Workspace/FW_Inertia/branch_indesit/PlatformLibrary/LIB_IOManager\IOSharing.c **** /* *************************** */
  57:C:/Workspace/FW_Inertia/branch_indesit/PlatformLibrary/LIB_IOManager\IOSharing.c **** 
  58:C:/Workspace/FW_Inertia/branch_indesit/PlatformLibrary/LIB_IOManager\IOSharing.c **** 
  59:C:/Workspace/FW_Inertia/branch_indesit/PlatformLibrary/LIB_IOManager\IOSharing.c **** /* ********* */
  60:C:/Workspace/FW_Inertia/branch_indesit/PlatformLibrary/LIB_IOManager\IOSharing.c **** /* Variables */
  61:C:/Workspace/FW_Inertia/branch_indesit/PlatformLibrary/LIB_IOManager\IOSharing.c **** /* ********* */
  62:C:/Workspace/FW_Inertia/branch_indesit/PlatformLibrary/LIB_IOManager\IOSharing.c **** 
  63:C:/Workspace/FW_Inertia/branch_indesit/PlatformLibrary/LIB_IOManager\IOSharing.c **** /* Global */
  64:C:/Workspace/FW_Inertia/branch_indesit/PlatformLibrary/LIB_IOManager\IOSharing.c **** /*
  65:C:/Workspace/FW_Inertia/branch_indesit/PlatformLibrary/LIB_IOManager\IOSharing.c **** In this vector we store the following info:
  66:C:/Workspace/FW_Inertia/branch_indesit/PlatformLibrary/LIB_IOManager\IOSharing.c **** for each input if the pin's read must be inverted or not (1 inverted)
  67:C:/Workspace/FW_Inertia/branch_indesit/PlatformLibrary/LIB_IOManager\IOSharing.c **** for each output if the pin is active high or low (1 active high)
  68:C:/Workspace/FW_Inertia/branch_indesit/PlatformLibrary/LIB_IOManager\IOSharing.c **** */
  69:C:/Workspace/FW_Inertia/branch_indesit/PlatformLibrary/LIB_IOManager\IOSharing.c **** uint8_t PinIOActvSense[ACT_SENSE_SIZE_VECT];
  70:C:/Workspace/FW_Inertia/branch_indesit/PlatformLibrary/LIB_IOManager\IOSharing.c **** /* Static */
  71:C:/Workspace/FW_Inertia/branch_indesit/PlatformLibrary/LIB_IOManager\IOSharing.c **** 
  72:C:/Workspace/FW_Inertia/branch_indesit/PlatformLibrary/LIB_IOManager\IOSharing.c **** /* ******************* */
  73:C:/Workspace/FW_Inertia/branch_indesit/PlatformLibrary/LIB_IOManager\IOSharing.c **** /* Functions Prototype */
  74:C:/Workspace/FW_Inertia/branch_indesit/PlatformLibrary/LIB_IOManager\IOSharing.c **** /* ******************* */
  75:C:/Workspace/FW_Inertia/branch_indesit/PlatformLibrary/LIB_IOManager\IOSharing.c **** 
  76:C:/Workspace/FW_Inertia/branch_indesit/PlatformLibrary/LIB_IOManager\IOSharing.c **** /* Exported function */
  77:C:/Workspace/FW_Inertia/branch_indesit/PlatformLibrary/LIB_IOManager\IOSharing.c **** 
  78:C:/Workspace/FW_Inertia/branch_indesit/PlatformLibrary/LIB_IOManager\IOSharing.c **** /* Local Function */
  79:C:/Workspace/FW_Inertia/branch_indesit/PlatformLibrary/LIB_IOManager\IOSharing.c **** 
  80:C:/Workspace/FW_Inertia/branch_indesit/PlatformLibrary/LIB_IOManager\IOSharing.c **** /* *************** */
  81:C:/Workspace/FW_Inertia/branch_indesit/PlatformLibrary/LIB_IOManager\IOSharing.c **** /* Function Bodies */
  82:C:/Workspace/FW_Inertia/branch_indesit/PlatformLibrary/LIB_IOManager\IOSharing.c **** /* *************** */
  83:C:/Workspace/FW_Inertia/branch_indesit/PlatformLibrary/LIB_IOManager\IOSharing.c **** 
  84:C:/Workspace/FW_Inertia/branch_indesit/PlatformLibrary/LIB_IOManager\IOSharing.c **** /* Exported function */
  85:C:/Workspace/FW_Inertia/branch_indesit/PlatformLibrary/LIB_IOManager\IOSharing.c **** /**
  86:C:/Workspace/FW_Inertia/branch_indesit/PlatformLibrary/LIB_IOManager\IOSharing.c **** PinIOActvSense[] setup.
  87:C:/Workspace/FW_Inertia/branch_indesit/PlatformLibrary/LIB_IOManager\IOSharing.c **** 
  88:C:/Workspace/FW_Inertia/branch_indesit/PlatformLibrary/LIB_IOManager\IOSharing.c **** \param  [in]		actSense if '1' inversion
  89:C:/Workspace/FW_Inertia/branch_indesit/PlatformLibrary/LIB_IOManager\IOSharing.c **** \param  [in]		pinIndex (pinIndex-1) of M.C.U. Linkage Module
  90:C:/Workspace/FW_Inertia/branch_indesit/PlatformLibrary/LIB_IOManager\IOSharing.c **** 
  91:C:/Workspace/FW_Inertia/branch_indesit/PlatformLibrary/LIB_IOManager\IOSharing.c **** 
  92:C:/Workspace/FW_Inertia/branch_indesit/PlatformLibrary/LIB_IOManager\IOSharing.c **** \author 	Stefano Ughi
  93:C:/Workspace/FW_Inertia/branch_indesit/PlatformLibrary/LIB_IOManager\IOSharing.c **** \date		10/06/2010
  94:C:/Workspace/FW_Inertia/branch_indesit/PlatformLibrary/LIB_IOManager\IOSharing.c **** \version	1.0.0
  95:C:/Workspace/FW_Inertia/branch_indesit/PlatformLibrary/LIB_IOManager\IOSharing.c **** 
  96:C:/Workspace/FW_Inertia/branch_indesit/PlatformLibrary/LIB_IOManager\IOSharing.c **** 
  97:C:/Workspace/FW_Inertia/branch_indesit/PlatformLibrary/LIB_IOManager\IOSharing.c **** \note		\par \b Nota 1:
  98:C:/Workspace/FW_Inertia/branch_indesit/PlatformLibrary/LIB_IOManager\IOSharing.c **** 			documentation by Stefano Ughi
  99:C:/Workspace/FW_Inertia/branch_indesit/PlatformLibrary/LIB_IOManager\IOSharing.c **** 
 100:C:/Workspace/FW_Inertia/branch_indesit/PlatformLibrary/LIB_IOManager\IOSharing.c **** */
 101:C:/Workspace/FW_Inertia/branch_indesit/PlatformLibrary/LIB_IOManager\IOSharing.c **** void LIB_IOM_Set_IODir_ActiveSense(bool_t actSense,uint8_t pinIndex)
 102:C:/Workspace/FW_Inertia/branch_indesit/PlatformLibrary/LIB_IOManager\IOSharing.c **** {
  10                             		.loc 1 102 0
 103:C:/Workspace/FW_Inertia/branch_indesit/PlatformLibrary/LIB_IOManager\IOSharing.c **** 	uint8_t mask;
 104:C:/Workspace/FW_Inertia/branch_indesit/PlatformLibrary/LIB_IOManager\IOSharing.c **** 	uint8_t offset;
 105:C:/Workspace/FW_Inertia/branch_indesit/PlatformLibrary/LIB_IOManager\IOSharing.c ****     
 106:C:/Workspace/FW_Inertia/branch_indesit/PlatformLibrary/LIB_IOManager\IOSharing.c **** 	mask = (uint8_t)(1u << (pinIndex%BYTE_SIZE));
 107:C:/Workspace/FW_Inertia/branch_indesit/PlatformLibrary/LIB_IOManager\IOSharing.c **** 	offset = (uint8_t)(pinIndex/BYTE_SIZE);
  11                             		.loc 1 107 0
  12 0000 5B 2E                   		movu.B	r2, r14
 108:C:/Workspace/FW_Inertia/branch_indesit/PlatformLibrary/LIB_IOManager\IOSharing.c **** 
 109:C:/Workspace/FW_Inertia/branch_indesit/PlatformLibrary/LIB_IOManager\IOSharing.c **** 	if (offset < ACT_SENSE_SIZE_VECT)
  13                             		.loc 1 109 0
  14 0002 68 3E                   		shlr	#3, r14
  15 0004 61 5E                   		cmp	#5, r14
  16 0006 24 1A                   		bgtu	.L5
 106:C:/Workspace/FW_Inertia/branch_indesit/PlatformLibrary/LIB_IOManager\IOSharing.c **** 	mask = (uint8_t)(1u << (pinIndex%BYTE_SIZE));
  17                             		.loc 1 106 0
  18 0008 64 72                   		and #7, r2
  19 000a 66 13                   		mov.L	#1, r3
  20 000c FD 62 23                		shll	r2, r3
  21 000f FB 42 00 00 00 00       		mov.L	#_PinIOActvSense, r4
 110:C:/Workspace/FW_Inertia/branch_indesit/PlatformLibrary/LIB_IOManager\IOSharing.c **** 	{
 111:C:/Workspace/FW_Inertia/branch_indesit/PlatformLibrary/LIB_IOManager\IOSharing.c **** 		if (actSense)
  22                             		.loc 1 111 0
  23 0015 61 01                   		cmp	#0, r1
  24 0017 12                      		beq	.L3
 112:C:/Workspace/FW_Inertia/branch_indesit/PlatformLibrary/LIB_IOManager\IOSharing.c **** 		{
 113:C:/Workspace/FW_Inertia/branch_indesit/PlatformLibrary/LIB_IOManager\IOSharing.c **** 			PinIOActvSense[offset] |= mask;
  25                             		.loc 1 113 0
  26 0018 FE 4E 42                		mov.B	[r14,r4], r2
  27 001b 57 23                   		or	r2, r3
  28 001d FE 0E 43                		mov.B	r3, [r14,r4]
  29                             	.L5:
  30 0020 02                      		rts
  31                             	.L3:
 102:C:/Workspace/FW_Inertia/branch_indesit/PlatformLibrary/LIB_IOManager\IOSharing.c **** {
  32                             		.loc 1 102 0
  33 0021 7E A7                   		push.l	r7
  34                             	.LCFI0:
 114:C:/Workspace/FW_Inertia/branch_indesit/PlatformLibrary/LIB_IOManager\IOSharing.c **** 		}
 115:C:/Workspace/FW_Inertia/branch_indesit/PlatformLibrary/LIB_IOManager\IOSharing.c **** 		else
 116:C:/Workspace/FW_Inertia/branch_indesit/PlatformLibrary/LIB_IOManager\IOSharing.c **** 		{
 117:C:/Workspace/FW_Inertia/branch_indesit/PlatformLibrary/LIB_IOManager\IOSharing.c **** 			PinIOActvSense[offset] &= (uint8_t)(~(uint32_t)mask);
  35                             		.loc 1 117 0
  36 0023 7E 03                   		not	r3
  37 0025 FE 4E 47                		mov.B	[r14,r4], r7
  38 0028 53 73                   		and	r7, r3
  39 002a FE 0E 43                		mov.B	r3, [r14,r4]
 118:C:/Workspace/FW_Inertia/branch_indesit/PlatformLibrary/LIB_IOManager\IOSharing.c **** 		}
 119:C:/Workspace/FW_Inertia/branch_indesit/PlatformLibrary/LIB_IOManager\IOSharing.c **** 	}
 120:C:/Workspace/FW_Inertia/branch_indesit/PlatformLibrary/LIB_IOManager\IOSharing.c **** }
  40                             		.loc 1 120 0
  41 002d 3F 77 01                		rtsd	#4, r7-r7
  42                             	.LFE0:
  44                             		.section	.text.LIB_IOM_Get_IODir_ActiveSense,"ax",@progbits
  45                             		.global	_LIB_IOM_Get_IODir_ActiveSense
  47                             	_LIB_IOM_Get_IODir_ActiveSense:
  48                             	.LFB1:
 121:C:/Workspace/FW_Inertia/branch_indesit/PlatformLibrary/LIB_IOManager\IOSharing.c **** /**
 122:C:/Workspace/FW_Inertia/branch_indesit/PlatformLibrary/LIB_IOManager\IOSharing.c **** Fixed a pinIndex return if the pin must be inverted or not.
 123:C:/Workspace/FW_Inertia/branch_indesit/PlatformLibrary/LIB_IOManager\IOSharing.c **** 
 124:C:/Workspace/FW_Inertia/branch_indesit/PlatformLibrary/LIB_IOManager\IOSharing.c **** \param  [in]		pinIndex (pinIndex-1) of M.C.U. Linkage Module
 125:C:/Workspace/FW_Inertia/branch_indesit/PlatformLibrary/LIB_IOManager\IOSharing.c **** 
 126:C:/Workspace/FW_Inertia/branch_indesit/PlatformLibrary/LIB_IOManager\IOSharing.c **** \return bool_t
 127:C:/Workspace/FW_Inertia/branch_indesit/PlatformLibrary/LIB_IOManager\IOSharing.c **** \retval TRUE inversion
 128:C:/Workspace/FW_Inertia/branch_indesit/PlatformLibrary/LIB_IOManager\IOSharing.c **** \retval FALSE no inversion
 129:C:/Workspace/FW_Inertia/branch_indesit/PlatformLibrary/LIB_IOManager\IOSharing.c **** 
 130:C:/Workspace/FW_Inertia/branch_indesit/PlatformLibrary/LIB_IOManager\IOSharing.c **** \author 	Stefano Ughi
 131:C:/Workspace/FW_Inertia/branch_indesit/PlatformLibrary/LIB_IOManager\IOSharing.c **** \date		11/06/2010
 132:C:/Workspace/FW_Inertia/branch_indesit/PlatformLibrary/LIB_IOManager\IOSharing.c **** \version	1.0.0
 133:C:/Workspace/FW_Inertia/branch_indesit/PlatformLibrary/LIB_IOManager\IOSharing.c **** 
 134:C:/Workspace/FW_Inertia/branch_indesit/PlatformLibrary/LIB_IOManager\IOSharing.c **** 
 135:C:/Workspace/FW_Inertia/branch_indesit/PlatformLibrary/LIB_IOManager\IOSharing.c **** \note		\par \b Nota 1:
 136:C:/Workspace/FW_Inertia/branch_indesit/PlatformLibrary/LIB_IOManager\IOSharing.c **** 			documentation by Stefano Ughi
 137:C:/Workspace/FW_Inertia/branch_indesit/PlatformLibrary/LIB_IOManager\IOSharing.c **** 
 138:C:/Workspace/FW_Inertia/branch_indesit/PlatformLibrary/LIB_IOManager\IOSharing.c **** */
 139:C:/Workspace/FW_Inertia/branch_indesit/PlatformLibrary/LIB_IOManager\IOSharing.c **** bool_t LIB_IOM_Get_IODir_ActiveSense(uint8_t pinIndex)
 140:C:/Workspace/FW_Inertia/branch_indesit/PlatformLibrary/LIB_IOManager\IOSharing.c **** {
  49                             		.loc 1 140 0
  50                             	.LVL0:
 141:C:/Workspace/FW_Inertia/branch_indesit/PlatformLibrary/LIB_IOManager\IOSharing.c **** 	uint8_t mask;
 142:C:/Workspace/FW_Inertia/branch_indesit/PlatformLibrary/LIB_IOManager\IOSharing.c **** 	uint8_t offset;
 143:C:/Workspace/FW_Inertia/branch_indesit/PlatformLibrary/LIB_IOManager\IOSharing.c **** 
 144:C:/Workspace/FW_Inertia/branch_indesit/PlatformLibrary/LIB_IOManager\IOSharing.c **** 	mask = (uint8_t)(1u << (pinIndex%BYTE_SIZE));
  51                             		.loc 1 144 0
  52 0000 EF 14                   		mov.L	r1, r4
  53 0002 64 74                   		and #7, r4
  54 0004 66 1E                   		mov.L	#1, r14
  55 0006 FD 62 4E                		shll	r4, r14
 145:C:/Workspace/FW_Inertia/branch_indesit/PlatformLibrary/LIB_IOManager\IOSharing.c **** 	offset = (uint8_t)(pinIndex/BYTE_SIZE);
  56                             		.loc 1 145 0
  57 0009 5B 11                   		movu.B	r1, r1
 146:C:/Workspace/FW_Inertia/branch_indesit/PlatformLibrary/LIB_IOManager\IOSharing.c **** 
 147:C:/Workspace/FW_Inertia/branch_indesit/PlatformLibrary/LIB_IOManager\IOSharing.c **** 	if (PinIOActvSense[offset]&mask)
  58                             		.loc 1 147 0
  59 000b 68 31                   		shlr	#3, r1
  60                             	.LVL1:
  61 000d FB 42 00 00 00 00       		mov.L	#_PinIOActvSense, r4
  62 0013 FE 41 41                		mov.B	[r1,r4], r1
  63 0016 53 1E                   		and	r1, r14
  64 0018 5B E1                   		movu.B	r14, r1
 148:C:/Workspace/FW_Inertia/branch_indesit/PlatformLibrary/LIB_IOManager\IOSharing.c **** 	{
 149:C:/Workspace/FW_Inertia/branch_indesit/PlatformLibrary/LIB_IOManager\IOSharing.c **** 		return 1;
 150:C:/Workspace/FW_Inertia/branch_indesit/PlatformLibrary/LIB_IOManager\IOSharing.c **** 	}
 151:C:/Workspace/FW_Inertia/branch_indesit/PlatformLibrary/LIB_IOManager\IOSharing.c **** 	else
 152:C:/Workspace/FW_Inertia/branch_indesit/PlatformLibrary/LIB_IOManager\IOSharing.c **** 	{
 153:C:/Workspace/FW_Inertia/branch_indesit/PlatformLibrary/LIB_IOManager\IOSharing.c **** 		return 0;
 154:C:/Workspace/FW_Inertia/branch_indesit/PlatformLibrary/LIB_IOManager\IOSharing.c **** 	}
 155:C:/Workspace/FW_Inertia/branch_indesit/PlatformLibrary/LIB_IOManager\IOSharing.c **** }
  65                             		.loc 1 155 0
  66 001a 61 01                   		cmp	#0, r1
  67 001c FC DB 11                		scne.L	r1
  68 001f 02                      		rts
  69                             	.LFE1:
  71                             		.section	.text.LIB_IOM_IO_Manager_Init,"ax",@progbits
  72                             		.global	_LIB_IOM_IO_Manager_Init
  74                             	_LIB_IOM_IO_Manager_Init:
  75                             	.LFB2:
 156:C:/Workspace/FW_Inertia/branch_indesit/PlatformLibrary/LIB_IOManager\IOSharing.c **** 
 157:C:/Workspace/FW_Inertia/branch_indesit/PlatformLibrary/LIB_IOManager\IOSharing.c **** /**
 158:C:/Workspace/FW_Inertia/branch_indesit/PlatformLibrary/LIB_IOManager\IOSharing.c **** \n Initialization.
 159:C:/Workspace/FW_Inertia/branch_indesit/PlatformLibrary/LIB_IOManager\IOSharing.c **** \n The function must be called if SystemMode == SYSTEM_NORMAL_MODE regardless reset's type.
 160:C:/Workspace/FW_Inertia/branch_indesit/PlatformLibrary/LIB_IOManager\IOSharing.c **** 
 161:C:/Workspace/FW_Inertia/branch_indesit/PlatformLibrary/LIB_IOManager\IOSharing.c **** \attention \b PinIOActvSense[] used as W
 162:C:/Workspace/FW_Inertia/branch_indesit/PlatformLibrary/LIB_IOManager\IOSharing.c **** 
 163:C:/Workspace/FW_Inertia/branch_indesit/PlatformLibrary/LIB_IOManager\IOSharing.c **** \author 	Stefano Ughi
 164:C:/Workspace/FW_Inertia/branch_indesit/PlatformLibrary/LIB_IOManager\IOSharing.c **** \date		07/09/2010
 165:C:/Workspace/FW_Inertia/branch_indesit/PlatformLibrary/LIB_IOManager\IOSharing.c **** \version	1.0.0
 166:C:/Workspace/FW_Inertia/branch_indesit/PlatformLibrary/LIB_IOManager\IOSharing.c **** 
 167:C:/Workspace/FW_Inertia/branch_indesit/PlatformLibrary/LIB_IOManager\IOSharing.c **** \note		\par \b Nota 1:
 168:C:/Workspace/FW_Inertia/branch_indesit/PlatformLibrary/LIB_IOManager\IOSharing.c **** 			documentation by Stefano Ughi
 169:C:/Workspace/FW_Inertia/branch_indesit/PlatformLibrary/LIB_IOManager\IOSharing.c **** 
 170:C:/Workspace/FW_Inertia/branch_indesit/PlatformLibrary/LIB_IOManager\IOSharing.c **** */
 171:C:/Workspace/FW_Inertia/branch_indesit/PlatformLibrary/LIB_IOManager\IOSharing.c **** void LIB_IOM_IO_Manager_Init(void)
 172:C:/Workspace/FW_Inertia/branch_indesit/PlatformLibrary/LIB_IOManager\IOSharing.c **** {
  76                             		.loc 1 172 0
 173:C:/Workspace/FW_Inertia/branch_indesit/PlatformLibrary/LIB_IOManager\IOSharing.c **** 	(void)memset(&PinIOActvSense[0], 0, sizeof(PinIOActvSense) );
  77                             		.loc 1 173 0
  78 0000 FB 12 00 00 00 00       		mov.L	#_PinIOActvSense, r1
  79 0006 66 63                   		mov.L	#6, r3
  80 0008 66 02                   		mov	#0, r2
  81 000a 7F 88                   		sstr.b
  82 000c 02                      		rts
  83                             	.LFE2:
  85                             		.comm	_PinIOActvSense,6,1
 134                             	.Letext0:
 135                             		.file 2 "C:\\Workspace\\FW_Inertia\\branch_indesit\\HAL\\HAL_General/StandardTypes.h"
DEFINED SYMBOLS
                            *ABS*:00000000 IOSharing.c
C:\Users\Andrea\AppData\Local\Temp\cctojWI5.s:7      .text.LIB_IOM_Set_IODir_ActiveSense:00000000 _LIB_IOM_Set_IODir_ActiveSense
C:\Users\Andrea\AppData\Local\Temp\cctojWI5.s:12     .text.LIB_IOM_Set_IODir_ActiveSense:00000000 L0
                            *COM*:00000006 _PinIOActvSense
C:\Users\Andrea\AppData\Local\Temp\cctojWI5.s:47     .text.LIB_IOM_Get_IODir_ActiveSense:00000000 _LIB_IOM_Get_IODir_ActiveSense
C:\Users\Andrea\AppData\Local\Temp\cctojWI5.s:52     .text.LIB_IOM_Get_IODir_ActiveSense:00000000 L0
C:\Users\Andrea\AppData\Local\Temp\cctojWI5.s:74     .text.LIB_IOM_IO_Manager_Init:00000000 _LIB_IOM_IO_Manager_Init
C:\Users\Andrea\AppData\Local\Temp\cctojWI5.s:78     .text.LIB_IOM_IO_Manager_Init:00000000 L0
C:\Users\Andrea\AppData\Local\Temp\cctojWI5.s:87     .debug_frame:00000000 .Lframe0
C:\Users\Andrea\AppData\Local\Temp\cctojWI5.s:8      .text.LIB_IOM_Set_IODir_ActiveSense:00000000 .LFB0
C:\Users\Andrea\AppData\Local\Temp\cctojWI5.s:48     .text.LIB_IOM_Get_IODir_ActiveSense:00000000 .LFB1
C:\Users\Andrea\AppData\Local\Temp\cctojWI5.s:75     .text.LIB_IOM_IO_Manager_Init:00000000 .LFB2
C:\Users\Andrea\AppData\Local\Temp\cctojWI5.s:311    .debug_abbrev:00000000 .Ldebug_abbrev0
C:\Users\Andrea\AppData\Local\Temp\cctojWI5.s:643    .debug_str:00000119 .LASF18
C:\Users\Andrea\AppData\Local\Temp\cctojWI5.s:631    .debug_str:0000009f .LASF19
C:\Users\Andrea\AppData\Local\Temp\cctojWI5.s:601    .debug_ranges:00000000 .Ldebug_ranges0
C:\Users\Andrea\AppData\Local\Temp\cctojWI5.s:611    .debug_line:00000000 .Ldebug_line0
C:\Users\Andrea\AppData\Local\Temp\cctojWI5.s:655    .debug_str:00000177 .LASF0
C:\Users\Andrea\AppData\Local\Temp\cctojWI5.s:647    .debug_str:00000148 .LASF1
C:\Users\Andrea\AppData\Local\Temp\cctojWI5.s:641    .debug_str:00000110 .LASF6
C:\Users\Andrea\AppData\Local\Temp\cctojWI5.s:623    .debug_str:00000060 .LASF2
C:\Users\Andrea\AppData\Local\Temp\cctojWI5.s:645    .debug_str:0000013f .LASF3
C:\Users\Andrea\AppData\Local\Temp\cctojWI5.s:625    .debug_str:00000072 .LASF4
C:\Users\Andrea\AppData\Local\Temp\cctojWI5.s:613    .debug_str:00000000 .LASF5
C:\Users\Andrea\AppData\Local\Temp\cctojWI5.s:635    .debug_str:000000f5 .LASF7
C:\Users\Andrea\AppData\Local\Temp\cctojWI5.s:637    .debug_str:000000fd .LASF8
C:\Users\Andrea\AppData\Local\Temp\cctojWI5.s:649    .debug_str:0000015b .LASF9
C:\Users\Andrea\AppData\Local\Temp\cctojWI5.s:651    .debug_str:00000167 .LASF10
C:\Users\Andrea\AppData\Local\Temp\cctojWI5.s:615    .debug_str:0000000e .LASF11
C:\Users\Andrea\AppData\Local\Temp\cctojWI5.s:659    .debug_str:00000199 .LASF12
C:\Users\Andrea\AppData\Local\Temp\cctojWI5.s:639    .debug_str:0000010b .LASF13
C:\Users\Andrea\AppData\Local\Temp\cctojWI5.s:619    .debug_str:00000039 .LASF20
C:\Users\Andrea\AppData\Local\Temp\cctojWI5.s:42     .text.LIB_IOM_Set_IODir_ActiveSense:00000030 .LFE0
C:\Users\Andrea\AppData\Local\Temp\cctojWI5.s:537    .debug_loc:00000000 .LLST0
C:\Users\Andrea\AppData\Local\Temp\cctojWI5.s:621    .debug_str:00000057 .LASF14
C:\Users\Andrea\AppData\Local\Temp\cctojWI5.s:653    .debug_str:0000016e .LASF15
C:\Users\Andrea\AppData\Local\Temp\cctojWI5.s:633    .debug_str:000000f0 .LASF16
C:\Users\Andrea\AppData\Local\Temp\cctojWI5.s:629    .debug_str:00000098 .LASF17
C:\Users\Andrea\AppData\Local\Temp\cctojWI5.s:617    .debug_str:0000001b .LASF21
C:\Users\Andrea\AppData\Local\Temp\cctojWI5.s:69     .text.LIB_IOM_Get_IODir_ActiveSense:00000020 .LFE1
C:\Users\Andrea\AppData\Local\Temp\cctojWI5.s:550    .debug_loc:00000020 .LLST1
C:\Users\Andrea\AppData\Local\Temp\cctojWI5.s:564    .debug_loc:00000041 .LLST2
C:\Users\Andrea\AppData\Local\Temp\cctojWI5.s:657    .debug_str:00000181 .LASF22
C:\Users\Andrea\AppData\Local\Temp\cctojWI5.s:83     .text.LIB_IOM_IO_Manager_Init:0000000d .LFE2
C:\Users\Andrea\AppData\Local\Temp\cctojWI5.s:627    .debug_str:00000089 .LASF23
C:\Users\Andrea\AppData\Local\Temp\cctojWI5.s:34     .text.LIB_IOM_Set_IODir_ActiveSense:00000023 .LCFI0
C:\Users\Andrea\AppData\Local\Temp\cctojWI5.s:50     .text.LIB_IOM_Get_IODir_ActiveSense:00000000 .LVL0
C:\Users\Andrea\AppData\Local\Temp\cctojWI5.s:60     .text.LIB_IOM_Get_IODir_ActiveSense:0000000d .LVL1
C:\Users\Andrea\AppData\Local\Temp\cctojWI5.s:137    .debug_info:00000000 .Ldebug_info0

NO UNDEFINED SYMBOLS
