   1                             		.file	"LIB_LowPowerMode.c"
   2                             		.section P,"ax"
   3                             	.Ltext0:
   4                             	.Letext0:
DEFINED SYMBOLS
                            *ABS*:00000000 LIB_LowPowerMode.c
C:\Users\Andrea\AppData\Local\Temp\ccUjSjLK.s:66     .debug_abbrev:00000000 .Ldebug_abbrev0
C:\Users\Andrea\AppData\Local\Temp\ccUjSjLK.s:124    .debug_str:00000086 .LASF11
C:\Users\Andrea\AppData\Local\Temp\ccUjSjLK.s:122    .debug_str:0000002b .LASF12
C:\Users\Andrea\AppData\Local\Temp\ccUjSjLK.s:114    .debug_line:00000000 .Ldebug_line0
C:\Users\Andrea\AppData\Local\Temp\ccUjSjLK.s:126    .debug_str:000000ac .LASF0
C:\Users\Andrea\AppData\Local\Temp\ccUjSjLK.s:138    .debug_str:000000f2 .LASF1
C:\Users\Andrea\AppData\Local\Temp\ccUjSjLK.s:118    .debug_str:0000000d .LASF2
C:\Users\Andrea\AppData\Local\Temp\ccUjSjLK.s:132    .debug_str:000000db .LASF3
C:\Users\Andrea\AppData\Local\Temp\ccUjSjLK.s:128    .debug_str:000000b6 .LASF4
C:\Users\Andrea\AppData\Local\Temp\ccUjSjLK.s:140    .debug_str:00000105 .LASF5
C:\Users\Andrea\AppData\Local\Temp\ccUjSjLK.s:130    .debug_str:000000cd .LASF6
C:\Users\Andrea\AppData\Local\Temp\ccUjSjLK.s:120    .debug_str:0000001f .LASF7
C:\Users\Andrea\AppData\Local\Temp\ccUjSjLK.s:116    .debug_str:00000000 .LASF8
C:\Users\Andrea\AppData\Local\Temp\ccUjSjLK.s:134    .debug_str:000000e4 .LASF9
C:\Users\Andrea\AppData\Local\Temp\ccUjSjLK.s:136    .debug_str:000000ed .LASF10
C:\Users\Andrea\AppData\Local\Temp\ccUjSjLK.s:6      .debug_info:00000000 .Ldebug_info0

NO UNDEFINED SYMBOLS
