   1                             		.file	"LoadsRequest.c"
   2                             		.section P,"ax"
   3                             	.Ltext0:
   4                             	.Letext0:
DEFINED SYMBOLS
                            *ABS*:00000000 LoadsRequest.c
C:\Users\Andrea\AppData\Local\Temp\ccHvSuyL.s:66     .debug_abbrev:00000000 .Ldebug_abbrev0
C:\Users\Andrea\AppData\Local\Temp\ccHvSuyL.s:122    .debug_str:0000002b .LASF11
C:\Users\Andrea\AppData\Local\Temp\ccHvSuyL.s:124    .debug_str:00000051 .LASF12
C:\Users\Andrea\AppData\Local\Temp\ccHvSuyL.s:114    .debug_line:00000000 .Ldebug_line0
C:\Users\Andrea\AppData\Local\Temp\ccHvSuyL.s:116    .debug_str:00000000 .LASF0
C:\Users\Andrea\AppData\Local\Temp\ccHvSuyL.s:134    .debug_str:000000dc .LASF1
C:\Users\Andrea\AppData\Local\Temp\ccHvSuyL.s:138    .debug_str:000000eb .LASF2
C:\Users\Andrea\AppData\Local\Temp\ccHvSuyL.s:118    .debug_str:0000000d .LASF3
C:\Users\Andrea\AppData\Local\Temp\ccHvSuyL.s:130    .debug_str:000000ca .LASF4
C:\Users\Andrea\AppData\Local\Temp\ccHvSuyL.s:126    .debug_str:000000a5 .LASF5
C:\Users\Andrea\AppData\Local\Temp\ccHvSuyL.s:140    .debug_str:000000fe .LASF6
C:\Users\Andrea\AppData\Local\Temp\ccHvSuyL.s:128    .debug_str:000000bc .LASF7
C:\Users\Andrea\AppData\Local\Temp\ccHvSuyL.s:120    .debug_str:0000001f .LASF8
C:\Users\Andrea\AppData\Local\Temp\ccHvSuyL.s:132    .debug_str:000000d3 .LASF9
C:\Users\Andrea\AppData\Local\Temp\ccHvSuyL.s:136    .debug_str:000000e6 .LASF10
C:\Users\Andrea\AppData\Local\Temp\ccHvSuyL.s:6      .debug_info:00000000 .Ldebug_info0

NO UNDEFINED SYMBOLS
