   1                             		.file	"Loads_cfg.c"
   2                             		.section P,"ax"
   3                             	.Ltext0:
   4                             	.Letext0:
DEFINED SYMBOLS
                            *ABS*:00000000 Loads_cfg.c
C:\Users\Andrea\AppData\Local\Temp\ccs83Rod.s:66     .debug_abbrev:00000000 .Ldebug_abbrev0
C:\Users\Andrea\AppData\Local\Temp\ccs83Rod.s:122    .debug_str:0000002b .LASF11
C:\Users\Andrea\AppData\Local\Temp\ccs83Rod.s:134    .debug_str:00000092 .LASF12
C:\Users\Andrea\AppData\Local\Temp\ccs83Rod.s:114    .debug_line:00000000 .Ldebug_line0
C:\Users\Andrea\AppData\Local\Temp\ccs83Rod.s:124    .debug_str:00000051 .LASF0
C:\Users\Andrea\AppData\Local\Temp\ccs83Rod.s:138    .debug_str:000000e5 .LASF1
C:\Users\Andrea\AppData\Local\Temp\ccs83Rod.s:118    .debug_str:0000000d .LASF2
C:\Users\Andrea\AppData\Local\Temp\ccs83Rod.s:130    .debug_str:00000080 .LASF3
C:\Users\Andrea\AppData\Local\Temp\ccs83Rod.s:126    .debug_str:0000005b .LASF4
C:\Users\Andrea\AppData\Local\Temp\ccs83Rod.s:140    .debug_str:000000f8 .LASF5
C:\Users\Andrea\AppData\Local\Temp\ccs83Rod.s:128    .debug_str:00000072 .LASF6
C:\Users\Andrea\AppData\Local\Temp\ccs83Rod.s:120    .debug_str:0000001f .LASF7
C:\Users\Andrea\AppData\Local\Temp\ccs83Rod.s:116    .debug_str:00000000 .LASF8
C:\Users\Andrea\AppData\Local\Temp\ccs83Rod.s:132    .debug_str:00000089 .LASF9
C:\Users\Andrea\AppData\Local\Temp\ccs83Rod.s:136    .debug_str:000000e0 .LASF10
C:\Users\Andrea\AppData\Local\Temp\ccs83Rod.s:6      .debug_info:00000000 .Ldebug_info0

NO UNDEFINED SYMBOLS
