   1                             		.file	"Main_Dispatcher.c"
   2                             		.section P,"ax"
   3                             	.Ltext0:
   4                             	.Letext0:
DEFINED SYMBOLS
                            *ABS*:00000000 Main_Dispatcher.c
C:\Users\Andrea\AppData\Local\Temp\ccUexvnv.s:66     .debug_abbrev:00000000 .Ldebug_abbrev0
C:\Users\Andrea\AppData\Local\Temp\ccUexvnv.s:122    .debug_str:0000002b .LASF11
C:\Users\Andrea\AppData\Local\Temp\ccUexvnv.s:124    .debug_str:00000051 .LASF12
C:\Users\Andrea\AppData\Local\Temp\ccUexvnv.s:114    .debug_line:00000000 .Ldebug_line0
C:\Users\Andrea\AppData\Local\Temp\ccUexvnv.s:134    .debug_str:000000cc .LASF0
C:\Users\Andrea\AppData\Local\Temp\ccUexvnv.s:138    .debug_str:000000db .LASF1
C:\Users\Andrea\AppData\Local\Temp\ccUexvnv.s:118    .debug_str:0000000d .LASF2
C:\Users\Andrea\AppData\Local\Temp\ccUexvnv.s:130    .debug_str:000000ba .LASF3
C:\Users\Andrea\AppData\Local\Temp\ccUexvnv.s:126    .debug_str:00000095 .LASF4
C:\Users\Andrea\AppData\Local\Temp\ccUexvnv.s:140    .debug_str:000000ee .LASF5
C:\Users\Andrea\AppData\Local\Temp\ccUexvnv.s:128    .debug_str:000000ac .LASF6
C:\Users\Andrea\AppData\Local\Temp\ccUexvnv.s:120    .debug_str:0000001f .LASF7
C:\Users\Andrea\AppData\Local\Temp\ccUexvnv.s:116    .debug_str:00000000 .LASF8
C:\Users\Andrea\AppData\Local\Temp\ccUexvnv.s:132    .debug_str:000000c3 .LASF9
C:\Users\Andrea\AppData\Local\Temp\ccUexvnv.s:136    .debug_str:000000d6 .LASF10
C:\Users\Andrea\AppData\Local\Temp\ccUexvnv.s:6      .debug_info:00000000 .Ldebug_info0

NO UNDEFINED SYMBOLS
