   1                             		.file	"OCDMA_drv.c"
   2                             		.section P,"ax"
   3                             	.Ltext0:
   4                             	.Letext0:
DEFINED SYMBOLS
                            *ABS*:00000000 OCDMA_drv.c
C:\Users\Andrea\AppData\Local\Temp\cc0UXIAJ.s:66     .debug_abbrev:00000000 .Ldebug_abbrev0
C:\Users\Andrea\AppData\Local\Temp\cc0UXIAJ.s:126    .debug_str:0000007f .LASF11
C:\Users\Andrea\AppData\Local\Temp\cc0UXIAJ.s:122    .debug_str:0000002b .LASF12
C:\Users\Andrea\AppData\Local\Temp\cc0UXIAJ.s:114    .debug_line:00000000 .Ldebug_line0
C:\Users\Andrea\AppData\Local\Temp\cc0UXIAJ.s:128    .debug_str:000000a5 .LASF0
C:\Users\Andrea\AppData\Local\Temp\cc0UXIAJ.s:124    .debug_str:0000006c .LASF1
C:\Users\Andrea\AppData\Local\Temp\cc0UXIAJ.s:118    .debug_str:0000000d .LASF2
C:\Users\Andrea\AppData\Local\Temp\cc0UXIAJ.s:134    .debug_str:000000d4 .LASF3
C:\Users\Andrea\AppData\Local\Temp\cc0UXIAJ.s:130    .debug_str:000000af .LASF4
C:\Users\Andrea\AppData\Local\Temp\cc0UXIAJ.s:140    .debug_str:000000eb .LASF5
C:\Users\Andrea\AppData\Local\Temp\cc0UXIAJ.s:132    .debug_str:000000c6 .LASF6
C:\Users\Andrea\AppData\Local\Temp\cc0UXIAJ.s:120    .debug_str:0000001f .LASF7
C:\Users\Andrea\AppData\Local\Temp\cc0UXIAJ.s:116    .debug_str:00000000 .LASF8
C:\Users\Andrea\AppData\Local\Temp\cc0UXIAJ.s:136    .debug_str:000000dd .LASF9
C:\Users\Andrea\AppData\Local\Temp\cc0UXIAJ.s:138    .debug_str:000000e6 .LASF10
C:\Users\Andrea\AppData\Local\Temp\cc0UXIAJ.s:6      .debug_info:00000000 .Ldebug_info0

NO UNDEFINED SYMBOLS
