   1                             		.file	"OCWDT_drv.c"
   2                             		.section P,"ax"
   3                             	.Ltext0:
   4                             		.section	.text.OCWDT_InitSync,"ax",@progbits
   5                             		.global	_OCWDT_InitSync
   7                             	_OCWDT_InitSync:
   8                             	.LFB0:
   9                             		.file 1 "C:/Workspace/FW_Inertia/branch_indesit/Drivers/OCWDT/OCWDT_drv.c"
   1:C:/Workspace/FW_Inertia/branch_indesit/Drivers/OCWDT\OCWDT_drv.c **** /*
   2:C:/Workspace/FW_Inertia/branch_indesit/Drivers/OCWDT\OCWDT_drv.c **** Copyright (c) 2004-2005, Indesit Company, I.D.D..
   3:C:/Workspace/FW_Inertia/branch_indesit/Drivers/OCWDT\OCWDT_drv.c **** Tutti i diritti sono riservati. All rights reserved.
   4:C:/Workspace/FW_Inertia/branch_indesit/Drivers/OCWDT\OCWDT_drv.c **** */
   5:C:/Workspace/FW_Inertia/branch_indesit/Drivers/OCWDT\OCWDT_drv.c **** 
   6:C:/Workspace/FW_Inertia/branch_indesit/Drivers/OCWDT\OCWDT_drv.c **** /**
   7:C:/Workspace/FW_Inertia/branch_indesit/Drivers/OCWDT\OCWDT_drv.c **** \n
   8:C:/Workspace/FW_Inertia/branch_indesit/Drivers/OCWDT\OCWDT_drv.c **** \par		OCWDT_drv.c
   9:C:/Workspace/FW_Inertia/branch_indesit/Drivers/OCWDT\OCWDT_drv.c **** \n			Implementation of all functions necessary to achieve the aim.
  10:C:/Workspace/FW_Inertia/branch_indesit/Drivers/OCWDT\OCWDT_drv.c **** \n
  11:C:/Workspace/FW_Inertia/branch_indesit/Drivers/OCWDT\OCWDT_drv.c **** \file		OCWDT_drv.c
  12:C:/Workspace/FW_Inertia/branch_indesit/Drivers/OCWDT\OCWDT_drv.c **** \ingroup	OCWDT
  13:C:/Workspace/FW_Inertia/branch_indesit/Drivers/OCWDT\OCWDT_drv.c **** \date		Nov 3, 2009
  14:C:/Workspace/FW_Inertia/branch_indesit/Drivers/OCWDT\OCWDT_drv.c **** \version	00.00.17
  15:C:/Workspace/FW_Inertia/branch_indesit/Drivers/OCWDT\OCWDT_drv.c **** \author		Jaroslav Musil, Stefano Ughi
  16:C:/Workspace/FW_Inertia/branch_indesit/Drivers/OCWDT\OCWDT_drv.c **** \n
  17:C:/Workspace/FW_Inertia/branch_indesit/Drivers/OCWDT\OCWDT_drv.c **** \n
  18:C:/Workspace/FW_Inertia/branch_indesit/Drivers/OCWDT\OCWDT_drv.c **** \par	History:
  19:C:/Workspace/FW_Inertia/branch_indesit/Drivers/OCWDT\OCWDT_drv.c **** \n
  20:C:/Workspace/FW_Inertia/branch_indesit/Drivers/OCWDT\OCWDT_drv.c **** \n      00.00.21
  21:C:/Workspace/FW_Inertia/branch_indesit/Drivers/OCWDT\OCWDT_drv.c **** \n		Feb 28, 2011
  22:C:/Workspace/FW_Inertia/branch_indesit/Drivers/OCWDT\OCWDT_drv.c **** \n		stefano.ughi
  23:C:/Workspace/FW_Inertia/branch_indesit/Drivers/OCWDT\OCWDT_drv.c **** \n		changes
  24:C:/Workspace/FW_Inertia/branch_indesit/Drivers/OCWDT\OCWDT_drv.c **** \n 		- deep modifications Driver and HAL AG128 cfr. V.C.S.
  25:C:/Workspace/FW_Inertia/branch_indesit/Drivers/OCWDT\OCWDT_drv.c **** \n      00.00.20
  26:C:/Workspace/FW_Inertia/branch_indesit/Drivers/OCWDT\OCWDT_drv.c **** \n		Dec 20, 2010
  27:C:/Workspace/FW_Inertia/branch_indesit/Drivers/OCWDT\OCWDT_drv.c **** \n		stefano.ughi
  28:C:/Workspace/FW_Inertia/branch_indesit/Drivers/OCWDT\OCWDT_drv.c **** \n		changes
  29:C:/Workspace/FW_Inertia/branch_indesit/Drivers/OCWDT\OCWDT_drv.c **** \n 		- fixed bug on watchdog refresh target AG128
  30:C:/Workspace/FW_Inertia/branch_indesit/Drivers/OCWDT\OCWDT_drv.c **** \n 		00.00.19
  31:C:/Workspace/FW_Inertia/branch_indesit/Drivers/OCWDT\OCWDT_drv.c **** \n		Feb 15, 2010
  32:C:/Workspace/FW_Inertia/branch_indesit/Drivers/OCWDT\OCWDT_drv.c **** \n		Jaroslav Musil
  33:C:/Workspace/FW_Inertia/branch_indesit/Drivers/OCWDT\OCWDT_drv.c **** \n		changes
  34:C:/Workspace/FW_Inertia/branch_indesit/Drivers/OCWDT\OCWDT_drv.c **** \n 		- The init function lines moved to hal.
  35:C:/Workspace/FW_Inertia/branch_indesit/Drivers/OCWDT\OCWDT_drv.c **** \n 		00.00.18
  36:C:/Workspace/FW_Inertia/branch_indesit/Drivers/OCWDT\OCWDT_drv.c **** \n		Feb 16, 2010
  37:C:/Workspace/FW_Inertia/branch_indesit/Drivers/OCWDT\OCWDT_drv.c **** \n		Jaroslav Musil
  38:C:/Workspace/FW_Inertia/branch_indesit/Drivers/OCWDT\OCWDT_drv.c **** \n		changes
  39:C:/Workspace/FW_Inertia/branch_indesit/Drivers/OCWDT\OCWDT_drv.c **** \n 		- The inline functions moved to hal.
  40:C:/Workspace/FW_Inertia/branch_indesit/Drivers/OCWDT\OCWDT_drv.c **** \n 		00.00.17
  41:C:/Workspace/FW_Inertia/branch_indesit/Drivers/OCWDT\OCWDT_drv.c **** \n		Nov 3, 2009
  42:C:/Workspace/FW_Inertia/branch_indesit/Drivers/OCWDT\OCWDT_drv.c **** \n		stefano.ughi
  43:C:/Workspace/FW_Inertia/branch_indesit/Drivers/OCWDT\OCWDT_drv.c **** \n		changes
  44:C:/Workspace/FW_Inertia/branch_indesit/Drivers/OCWDT\OCWDT_drv.c **** \n 		- first insertion
  45:C:/Workspace/FW_Inertia/branch_indesit/Drivers/OCWDT\OCWDT_drv.c **** \n
  46:C:/Workspace/FW_Inertia/branch_indesit/Drivers/OCWDT\OCWDT_drv.c **** \n
  47:C:/Workspace/FW_Inertia/branch_indesit/Drivers/OCWDT\OCWDT_drv.c **** \n
  48:C:/Workspace/FW_Inertia/branch_indesit/Drivers/OCWDT\OCWDT_drv.c **** */
  49:C:/Workspace/FW_Inertia/branch_indesit/Drivers/OCWDT\OCWDT_drv.c **** #define MODULE_BODY_OCWDT
  50:C:/Workspace/FW_Inertia/branch_indesit/Drivers/OCWDT\OCWDT_drv.c **** /* ******** */
  51:C:/Workspace/FW_Inertia/branch_indesit/Drivers/OCWDT\OCWDT_drv.c **** /* Includes */
  52:C:/Workspace/FW_Inertia/branch_indesit/Drivers/OCWDT\OCWDT_drv.c **** /* ******** */
  53:C:/Workspace/FW_Inertia/branch_indesit/Drivers/OCWDT\OCWDT_drv.c **** #include "Config.h"
  54:C:/Workspace/FW_Inertia/branch_indesit/Drivers/OCWDT\OCWDT_drv.c **** #include "OCWDT_drv.h"
  55:C:/Workspace/FW_Inertia/branch_indesit/Drivers/OCWDT\OCWDT_drv.c **** #include "LIB_Error.h"
  56:C:/Workspace/FW_Inertia/branch_indesit/Drivers/OCWDT\OCWDT_drv.c **** 
  57:C:/Workspace/FW_Inertia/branch_indesit/Drivers/OCWDT\OCWDT_drv.c **** /* ****************** */
  58:C:/Workspace/FW_Inertia/branch_indesit/Drivers/OCWDT\OCWDT_drv.c **** /* Defines and Macros */
  59:C:/Workspace/FW_Inertia/branch_indesit/Drivers/OCWDT\OCWDT_drv.c **** /* ****************** */
  60:C:/Workspace/FW_Inertia/branch_indesit/Drivers/OCWDT\OCWDT_drv.c **** 
  61:C:/Workspace/FW_Inertia/branch_indesit/Drivers/OCWDT\OCWDT_drv.c **** 
  62:C:/Workspace/FW_Inertia/branch_indesit/Drivers/OCWDT\OCWDT_drv.c **** /* *************************** */
  63:C:/Workspace/FW_Inertia/branch_indesit/Drivers/OCWDT\OCWDT_drv.c **** /* Typedef, Structs and Unions */
  64:C:/Workspace/FW_Inertia/branch_indesit/Drivers/OCWDT\OCWDT_drv.c **** /* *************************** */
  65:C:/Workspace/FW_Inertia/branch_indesit/Drivers/OCWDT\OCWDT_drv.c **** /** Commands and status */
  66:C:/Workspace/FW_Inertia/branch_indesit/Drivers/OCWDT\OCWDT_drv.c **** typedef struct WatchDogTag
  67:C:/Workspace/FW_Inertia/branch_indesit/Drivers/OCWDT\OCWDT_drv.c **** {
  68:C:/Workspace/FW_Inertia/branch_indesit/Drivers/OCWDT\OCWDT_drv.c **** 	/** if '1' dog can be fed */
  69:C:/Workspace/FW_Inertia/branch_indesit/Drivers/OCWDT\OCWDT_drv.c **** 	bool_t feedTheDog:1;
  70:C:/Workspace/FW_Inertia/branch_indesit/Drivers/OCWDT\OCWDT_drv.c **** 	/** free for future use */
  71:C:/Workspace/FW_Inertia/branch_indesit/Drivers/OCWDT\OCWDT_drv.c **** 	bool_t free:7;
  72:C:/Workspace/FW_Inertia/branch_indesit/Drivers/OCWDT\OCWDT_drv.c **** } WatchDog_t;
  73:C:/Workspace/FW_Inertia/branch_indesit/Drivers/OCWDT\OCWDT_drv.c **** 
  74:C:/Workspace/FW_Inertia/branch_indesit/Drivers/OCWDT\OCWDT_drv.c **** 
  75:C:/Workspace/FW_Inertia/branch_indesit/Drivers/OCWDT\OCWDT_drv.c **** /* ********* */
  76:C:/Workspace/FW_Inertia/branch_indesit/Drivers/OCWDT\OCWDT_drv.c **** /* Variables */
  77:C:/Workspace/FW_Inertia/branch_indesit/Drivers/OCWDT\OCWDT_drv.c **** /* ********* */
  78:C:/Workspace/FW_Inertia/branch_indesit/Drivers/OCWDT\OCWDT_drv.c **** 
  79:C:/Workspace/FW_Inertia/branch_indesit/Drivers/OCWDT\OCWDT_drv.c **** /* Global */
  80:C:/Workspace/FW_Inertia/branch_indesit/Drivers/OCWDT\OCWDT_drv.c **** 
  81:C:/Workspace/FW_Inertia/branch_indesit/Drivers/OCWDT\OCWDT_drv.c **** /* Static */
  82:C:/Workspace/FW_Inertia/branch_indesit/Drivers/OCWDT\OCWDT_drv.c **** 
  83:C:/Workspace/FW_Inertia/branch_indesit/Drivers/OCWDT\OCWDT_drv.c **** #if (WDT_WINDOWED_MODE==1)
  84:C:/Workspace/FW_Inertia/branch_indesit/Drivers/OCWDT\OCWDT_drv.c **** 
  85:C:/Workspace/FW_Inertia/branch_indesit/Drivers/OCWDT\OCWDT_drv.c **** #if defined (__CWCC__)
  86:C:/Workspace/FW_Inertia/branch_indesit/Drivers/OCWDT\OCWDT_drv.c **** #pragma define_section noinit ".noinit" far_absolute
  87:C:/Workspace/FW_Inertia/branch_indesit/Drivers/OCWDT\OCWDT_drv.c **** #if _lint
  88:C:/Workspace/FW_Inertia/branch_indesit/Drivers/OCWDT\OCWDT_drv.c **** #define NO_INIT_VAR
  89:C:/Workspace/FW_Inertia/branch_indesit/Drivers/OCWDT\OCWDT_drv.c **** #else   /* _lint */
  90:C:/Workspace/FW_Inertia/branch_indesit/Drivers/OCWDT\OCWDT_drv.c **** #define NO_INIT_VAR __declspec(noinit)
  91:C:/Workspace/FW_Inertia/branch_indesit/Drivers/OCWDT\OCWDT_drv.c **** #endif  /* _lint */
  92:C:/Workspace/FW_Inertia/branch_indesit/Drivers/OCWDT\OCWDT_drv.c **** 
  93:C:/Workspace/FW_Inertia/branch_indesit/Drivers/OCWDT\OCWDT_drv.c **** /** Commands/Status for the dog */
  94:C:/Workspace/FW_Inertia/branch_indesit/Drivers/OCWDT\OCWDT_drv.c **** NO_INIT_VAR static WatchDog_t WatchDog;
  95:C:/Workspace/FW_Inertia/branch_indesit/Drivers/OCWDT\OCWDT_drv.c **** 
  96:C:/Workspace/FW_Inertia/branch_indesit/Drivers/OCWDT\OCWDT_drv.c **** #elif defined(__ICCARM__)
  97:C:/Workspace/FW_Inertia/branch_indesit/Drivers/OCWDT\OCWDT_drv.c **** #define __ram_initialization __iar_data_init3
  98:C:/Workspace/FW_Inertia/branch_indesit/Drivers/OCWDT\OCWDT_drv.c **** #pragma location = ".noinit"
  99:C:/Workspace/FW_Inertia/branch_indesit/Drivers/OCWDT\OCWDT_drv.c **** 
 100:C:/Workspace/FW_Inertia/branch_indesit/Drivers/OCWDT\OCWDT_drv.c **** /** Commands/Status for the dog */
 101:C:/Workspace/FW_Inertia/branch_indesit/Drivers/OCWDT\OCWDT_drv.c ****  __no_init static WatchDog_t WatchDog;
 102:C:/Workspace/FW_Inertia/branch_indesit/Drivers/OCWDT\OCWDT_drv.c **** 
 103:C:/Workspace/FW_Inertia/branch_indesit/Drivers/OCWDT\OCWDT_drv.c **** #elif defined(__GNUC__)
 104:C:/Workspace/FW_Inertia/branch_indesit/Drivers/OCWDT\OCWDT_drv.c **** 
 105:C:/Workspace/FW_Inertia/branch_indesit/Drivers/OCWDT\OCWDT_drv.c ****  /** Commands/Status for the dog */
 106:C:/Workspace/FW_Inertia/branch_indesit/Drivers/OCWDT\OCWDT_drv.c ****  static WatchDog_t __attribute__((section(".noinit"))) WatchDog;
 107:C:/Workspace/FW_Inertia/branch_indesit/Drivers/OCWDT\OCWDT_drv.c **** 
 108:C:/Workspace/FW_Inertia/branch_indesit/Drivers/OCWDT\OCWDT_drv.c **** #else
 109:C:/Workspace/FW_Inertia/branch_indesit/Drivers/OCWDT\OCWDT_drv.c **** #error "No IDE defined"
 110:C:/Workspace/FW_Inertia/branch_indesit/Drivers/OCWDT\OCWDT_drv.c **** static WatchDog_t WatchDog;
 111:C:/Workspace/FW_Inertia/branch_indesit/Drivers/OCWDT\OCWDT_drv.c **** #endif
 112:C:/Workspace/FW_Inertia/branch_indesit/Drivers/OCWDT\OCWDT_drv.c **** 
 113:C:/Workspace/FW_Inertia/branch_indesit/Drivers/OCWDT\OCWDT_drv.c **** #endif
 114:C:/Workspace/FW_Inertia/branch_indesit/Drivers/OCWDT\OCWDT_drv.c **** /* ******************* */
 115:C:/Workspace/FW_Inertia/branch_indesit/Drivers/OCWDT\OCWDT_drv.c **** /* Functions Prototype */
 116:C:/Workspace/FW_Inertia/branch_indesit/Drivers/OCWDT\OCWDT_drv.c **** /* ******************* */
 117:C:/Workspace/FW_Inertia/branch_indesit/Drivers/OCWDT\OCWDT_drv.c **** 
 118:C:/Workspace/FW_Inertia/branch_indesit/Drivers/OCWDT\OCWDT_drv.c **** /* Exported function */
 119:C:/Workspace/FW_Inertia/branch_indesit/Drivers/OCWDT\OCWDT_drv.c **** 
 120:C:/Workspace/FW_Inertia/branch_indesit/Drivers/OCWDT\OCWDT_drv.c **** /* Local Function */
 121:C:/Workspace/FW_Inertia/branch_indesit/Drivers/OCWDT\OCWDT_drv.c **** 
 122:C:/Workspace/FW_Inertia/branch_indesit/Drivers/OCWDT\OCWDT_drv.c **** /* *************** */
 123:C:/Workspace/FW_Inertia/branch_indesit/Drivers/OCWDT\OCWDT_drv.c **** /* Function Bodies */
 124:C:/Workspace/FW_Inertia/branch_indesit/Drivers/OCWDT\OCWDT_drv.c **** /* *************** */
 125:C:/Workspace/FW_Inertia/branch_indesit/Drivers/OCWDT\OCWDT_drv.c **** 
 126:C:/Workspace/FW_Inertia/branch_indesit/Drivers/OCWDT\OCWDT_drv.c **** /* Exported function */
 127:C:/Workspace/FW_Inertia/branch_indesit/Drivers/OCWDT\OCWDT_drv.c **** /**
 128:C:/Workspace/FW_Inertia/branch_indesit/Drivers/OCWDT\OCWDT_drv.c **** This function initialises the WDT driver according to the user's inputs which are:
 129:C:/Workspace/FW_Inertia/branch_indesit/Drivers/OCWDT\OCWDT_drv.c **** \n
 130:C:/Workspace/FW_Inertia/branch_indesit/Drivers/OCWDT\OCWDT_drv.c **** \n\b    WDT_ENABLED: FALSE disables watchdog, TRUE enables watchdog
 131:C:/Workspace/FW_Inertia/branch_indesit/Drivers/OCWDT\OCWDT_drv.c **** \n
 132:C:/Workspace/FW_Inertia/branch_indesit/Drivers/OCWDT\OCWDT_drv.c **** \n\b    WDT_UPDATE_AFTER_WRITE: FALSE disables possible reconfiguration, TRUE enables reconfigurati
 133:C:/Workspace/FW_Inertia/branch_indesit/Drivers/OCWDT\OCWDT_drv.c **** \n\li MCF51_AG128 supported
 134:C:/Workspace/FW_Inertia/branch_indesit/Drivers/OCWDT\OCWDT_drv.c **** \n\li HCS08 unsupported
 135:C:/Workspace/FW_Inertia/branch_indesit/Drivers/OCWDT\OCWDT_drv.c **** \n\li RN_300H_39079 unsupported
 136:C:/Workspace/FW_Inertia/branch_indesit/Drivers/OCWDT\OCWDT_drv.c **** \n
 137:C:/Workspace/FW_Inertia/branch_indesit/Drivers/OCWDT\OCWDT_drv.c **** \n\b    WDT_WINDOWED_MODE: FALSE disables the windowing, TRUE enables the windowing
 138:C:/Workspace/FW_Inertia/branch_indesit/Drivers/OCWDT\OCWDT_drv.c **** \n\li MCF51_AG128 supported
 139:C:/Workspace/FW_Inertia/branch_indesit/Drivers/OCWDT\OCWDT_drv.c **** \n\li HCS08 unsupported
 140:C:/Workspace/FW_Inertia/branch_indesit/Drivers/OCWDT\OCWDT_drv.c **** \n\li RN_300H_39079 unsupported
 141:C:/Workspace/FW_Inertia/branch_indesit/Drivers/OCWDT\OCWDT_drv.c **** \n
 142:C:/Workspace/FW_Inertia/branch_indesit/Drivers/OCWDT\OCWDT_drv.c **** \n\b    WDT_INT_ENABLED: FALSE disables interrupt before reset, TRUE enables interrupt before reset
 143:C:/Workspace/FW_Inertia/branch_indesit/Drivers/OCWDT\OCWDT_drv.c **** \n\li MCF51_AG128 supported
 144:C:/Workspace/FW_Inertia/branch_indesit/Drivers/OCWDT\OCWDT_drv.c **** \n\li HCS08 unsupported
 145:C:/Workspace/FW_Inertia/branch_indesit/Drivers/OCWDT\OCWDT_drv.c **** \n\li RN_300H_39079 unsupported
 146:C:/Workspace/FW_Inertia/branch_indesit/Drivers/OCWDT\OCWDT_drv.c **** \n
 147:C:/Workspace/FW_Inertia/branch_indesit/Drivers/OCWDT\OCWDT_drv.c **** \n\b    WDT_ALTERNATE_CLOCK dedicated source or alternate source:
 148:C:/Workspace/FW_Inertia/branch_indesit/Drivers/OCWDT\OCWDT_drv.c **** \n\li MCF51_AG128 FALSE LPO clock (dedicated), TRUE alternate clock (bus frequency)
 149:C:/Workspace/FW_Inertia/branch_indesit/Drivers/OCWDT\OCWDT_drv.c **** \n\li GB/GT unsupported
 150:C:/Workspace/FW_Inertia/branch_indesit/Drivers/OCWDT\OCWDT_drv.c **** \n\li QE128 supported
 151:C:/Workspace/FW_Inertia/branch_indesit/Drivers/OCWDT\OCWDT_drv.c **** \n\li RN_300H_39079 To Check
 152:C:/Workspace/FW_Inertia/branch_indesit/Drivers/OCWDT\OCWDT_drv.c **** \n
 153:C:/Workspace/FW_Inertia/branch_indesit/Drivers/OCWDT\OCWDT_drv.c **** \n\b    WDT_ENABLED_IN_STOP: FALSE disables watchdog in stop mode, TRUE enables watchdog in stop mo
 154:C:/Workspace/FW_Inertia/branch_indesit/Drivers/OCWDT\OCWDT_drv.c **** \n\li MCF51_AG128 supported
 155:C:/Workspace/FW_Inertia/branch_indesit/Drivers/OCWDT\OCWDT_drv.c **** \n\li HCS08 unsupported
 156:C:/Workspace/FW_Inertia/branch_indesit/Drivers/OCWDT\OCWDT_drv.c **** \n\li QE128 To Check
 157:C:/Workspace/FW_Inertia/branch_indesit/Drivers/OCWDT\OCWDT_drv.c **** \n\li RN_300H_39079 To Check
 158:C:/Workspace/FW_Inertia/branch_indesit/Drivers/OCWDT\OCWDT_drv.c **** \n
 159:C:/Workspace/FW_Inertia/branch_indesit/Drivers/OCWDT\OCWDT_drv.c **** \n\b    WDT_ENABLED_IN_DEBUG: 0 disables watchdog in debug mode, 1 enables watchdog in debug mode
 160:C:/Workspace/FW_Inertia/branch_indesit/Drivers/OCWDT\OCWDT_drv.c **** \n\li MCF51_AG128 supported
 161:C:/Workspace/FW_Inertia/branch_indesit/Drivers/OCWDT\OCWDT_drv.c **** \n\li HCS08 unsupported
 162:C:/Workspace/FW_Inertia/branch_indesit/Drivers/OCWDT\OCWDT_drv.c **** \n\li RN_300H_39079 unsupported
 163:C:/Workspace/FW_Inertia/branch_indesit/Drivers/OCWDT\OCWDT_drv.c **** \n
 164:C:/Workspace/FW_Inertia/branch_indesit/Drivers/OCWDT\OCWDT_drv.c **** \n\b    WDT_ENABLED_IN_WAIT: 0 disables watchdog in wait mode, 1 enables watchdog in wait mode
 165:C:/Workspace/FW_Inertia/branch_indesit/Drivers/OCWDT\OCWDT_drv.c **** \n\li MCF51_AG128 supported
 166:C:/Workspace/FW_Inertia/branch_indesit/Drivers/OCWDT\OCWDT_drv.c **** \n\li HCS08 unsupported
 167:C:/Workspace/FW_Inertia/branch_indesit/Drivers/OCWDT\OCWDT_drv.c **** \n\li RN_300H_39079 To Check
 168:C:/Workspace/FW_Inertia/branch_indesit/Drivers/OCWDT\OCWDT_drv.c **** \n
 169:C:/Workspace/FW_Inertia/branch_indesit/Drivers/OCWDT\OCWDT_drv.c **** \n\b    WDT_TIMEOUT: sets the timeout value
 170:C:/Workspace/FW_Inertia/branch_indesit/Drivers/OCWDT\OCWDT_drv.c **** \n\li MCF51_AG128 it should be at least 4 watchdog clocks and less than 2 ^ 32 - 1
 171:C:/Workspace/FW_Inertia/branch_indesit/Drivers/OCWDT\OCWDT_drv.c **** \n\li GB/GT 0->Short timeout period selected (2el(13) cycles of BUSCLK).
 172:C:/Workspace/FW_Inertia/branch_indesit/Drivers/OCWDT\OCWDT_drv.c **** \n\ 		1->Long timeout period selected (2el(18) cycles of BUSCLK)
 173:C:/Workspace/FW_Inertia/branch_indesit/Drivers/OCWDT\OCWDT_drv.c **** \n\li QE128 To Check
 174:C:/Workspace/FW_Inertia/branch_indesit/Drivers/OCWDT\OCWDT_drv.c **** \n\li RN_300H_39079 possible values [0-0xFE] 1 = 1,5625 msec typ, min. 0,78125 msec.
 175:C:/Workspace/FW_Inertia/branch_indesit/Drivers/OCWDT\OCWDT_drv.c **** \n          Typical WatchDog Timeout = (0xFF-WDT_RELOAD_TIME)*1,5625 msec. To Check Internal Source
 176:C:/Workspace/FW_Inertia/branch_indesit/Drivers/OCWDT\OCWDT_drv.c **** \n
 177:C:/Workspace/FW_Inertia/branch_indesit/Drivers/OCWDT\OCWDT_drv.c **** \n\b    WDT_WINDOW: sets the window value, it should be lower than WDT_TIMEOUT
 178:C:/Workspace/FW_Inertia/branch_indesit/Drivers/OCWDT\OCWDT_drv.c **** \n\li MCF51_AG128 supported.
 179:C:/Workspace/FW_Inertia/branch_indesit/Drivers/OCWDT\OCWDT_drv.c **** \n\li HCS08 unsupported
 180:C:/Workspace/FW_Inertia/branch_indesit/Drivers/OCWDT\OCWDT_drv.c **** \n\li RN_300H_39079 unsupported
 181:C:/Workspace/FW_Inertia/branch_indesit/Drivers/OCWDT\OCWDT_drv.c **** \n
 182:C:/Workspace/FW_Inertia/branch_indesit/Drivers/OCWDT\OCWDT_drv.c **** \attention
 183:C:/Workspace/FW_Inertia/branch_indesit/Drivers/OCWDT\OCWDT_drv.c **** \n\li               <b> GB/GT M.C.U. </b>
 184:C:/Workspace/FW_Inertia/branch_indesit/Drivers/OCWDT\OCWDT_drv.c **** \n                  Because of _HAL_S08_WDT_SOPT_REG is a write-once register,
 185:C:/Workspace/FW_Inertia/branch_indesit/Drivers/OCWDT\OCWDT_drv.c **** \n					so only the first write after reset is honored,
 186:C:/Workspace/FW_Inertia/branch_indesit/Drivers/OCWDT\OCWDT_drv.c **** \n					also BDM and STOP Mode must be setup in SystemOptionConfig.h that must
 187:C:/Workspace/FW_Inertia/branch_indesit/Drivers/OCWDT\OCWDT_drv.c **** \n					be included in Config.h.
 188:C:/Workspace/FW_Inertia/branch_indesit/Drivers/OCWDT\OCWDT_drv.c **** \n					\b BDM_ENABLE=TRUE -> Enable BDM
 189:C:/Workspace/FW_Inertia/branch_indesit/Drivers/OCWDT\OCWDT_drv.c **** \n					\b BDM_ENABLE=FALSE -> Disable BDM
 190:C:/Workspace/FW_Inertia/branch_indesit/Drivers/OCWDT\OCWDT_drv.c **** \n					\b STOP_ENABLE=TRUE -> Enable Stop Mode
 191:C:/Workspace/FW_Inertia/branch_indesit/Drivers/OCWDT\OCWDT_drv.c **** \n					\b STOP_ENABLE=FALSE -> Disable Stop Mode
 192:C:/Workspace/FW_Inertia/branch_indesit/Drivers/OCWDT\OCWDT_drv.c **** \n\li   			<b> QE M.C.U. </b>
 193:C:/Workspace/FW_Inertia/branch_indesit/Drivers/OCWDT\OCWDT_drv.c **** \n                  Because of _HAL_S08_WDT_SOPT1_REG is a write-once register,
 194:C:/Workspace/FW_Inertia/branch_indesit/Drivers/OCWDT\OCWDT_drv.c **** \n					so only the first write after reset is honored,
 195:C:/Workspace/FW_Inertia/branch_indesit/Drivers/OCWDT\OCWDT_drv.c **** \n					also BDM, STOP Mode, RSTO Mode, RESET Mode, must be setup in SystemOptionConfig.h that must
 196:C:/Workspace/FW_Inertia/branch_indesit/Drivers/OCWDT\OCWDT_drv.c **** \n					be included in Config.h.
 197:C:/Workspace/FW_Inertia/branch_indesit/Drivers/OCWDT\OCWDT_drv.c **** \n					\b BDM_ENABLE=TRUE -> Enable BDM
 198:C:/Workspace/FW_Inertia/branch_indesit/Drivers/OCWDT\OCWDT_drv.c **** \n					\b BDM_ENABLE=FALSE -> Disable BDM
 199:C:/Workspace/FW_Inertia/branch_indesit/Drivers/OCWDT\OCWDT_drv.c **** \n					\b STOP_ENABLE=TRUE -> Enable Stop Mode
 200:C:/Workspace/FW_Inertia/branch_indesit/Drivers/OCWDT\OCWDT_drv.c **** \n					\b STOP_ENABLE=FALSE -> Disable Stop Mode
 201:C:/Workspace/FW_Inertia/branch_indesit/Drivers/OCWDT\OCWDT_drv.c **** \n					\b RSTO_ENABLE=TRUE -> Enable RSTO, the PTC4/TPM3CH4/RSTO pin reflects the internal reset st
 202:C:/Workspace/FW_Inertia/branch_indesit/Drivers/OCWDT\OCWDT_drv.c **** \n                  of the M.C.U.
 203:C:/Workspace/FW_Inertia/branch_indesit/Drivers/OCWDT\OCWDT_drv.c **** \n					\b RSTO_ENABLE=FALSE -> Disable RSTO, the PTC4/TPM3CH4/RSTO pin is a a general-purpose port 
 204:C:/Workspace/FW_Inertia/branch_indesit/Drivers/OCWDT\OCWDT_drv.c **** \n					\b RESET_ENABLE=TRUE -> Enable Reset Mode PTA5/IRQ/TCLK/RESET pin can be used to reset
 205:C:/Workspace/FW_Inertia/branch_indesit/Drivers/OCWDT\OCWDT_drv.c **** \n                  the MCU from an external source when the pin is driven low.
 206:C:/Workspace/FW_Inertia/branch_indesit/Drivers/OCWDT\OCWDT_drv.c **** \n					\b RESET_ENABLE=FALSE -> Disable Reset Mode PTA5/IRQ/TCLK/RESET pin is a general-purpose inp
 207:C:/Workspace/FW_Inertia/branch_indesit/Drivers/OCWDT\OCWDT_drv.c **** \n
 208:C:/Workspace/FW_Inertia/branch_indesit/Drivers/OCWDT\OCWDT_drv.c **** 
 209:C:/Workspace/FW_Inertia/branch_indesit/Drivers/OCWDT\OCWDT_drv.c **** 
 210:C:/Workspace/FW_Inertia/branch_indesit/Drivers/OCWDT\OCWDT_drv.c **** \return 	IO_ErrorType
 211:C:/Workspace/FW_Inertia/branch_indesit/Drivers/OCWDT\OCWDT_drv.c **** 
 212:C:/Workspace/FW_Inertia/branch_indesit/Drivers/OCWDT\OCWDT_drv.c **** \retval		IO_E_OK
 213:C:/Workspace/FW_Inertia/branch_indesit/Drivers/OCWDT\OCWDT_drv.c **** 
 214:C:/Workspace/FW_Inertia/branch_indesit/Drivers/OCWDT\OCWDT_drv.c **** \note		\par \b Note 1:
 215:C:/Workspace/FW_Inertia/branch_indesit/Drivers/OCWDT\OCWDT_drv.c **** 			It's mandatory to perform this call before calling other services. \n
 216:C:/Workspace/FW_Inertia/branch_indesit/Drivers/OCWDT\OCWDT_drv.c **** 			\par \b Note 2:
 217:C:/Workspace/FW_Inertia/branch_indesit/Drivers/OCWDT\OCWDT_drv.c **** 			Mar 04,2011 Target AG128 call this routine before WCT elapsed !!
 218:C:/Workspace/FW_Inertia/branch_indesit/Drivers/OCWDT\OCWDT_drv.c **** 
 219:C:/Workspace/FW_Inertia/branch_indesit/Drivers/OCWDT\OCWDT_drv.c **** \par Architecture Requirements ID: SARS_WMMT_MN_DrvWTD_2
 220:C:/Workspace/FW_Inertia/branch_indesit/Drivers/OCWDT\OCWDT_drv.c **** */
 221:C:/Workspace/FW_Inertia/branch_indesit/Drivers/OCWDT\OCWDT_drv.c **** IO_ErrorType OCWDT_InitSync(void)
 222:C:/Workspace/FW_Inertia/branch_indesit/Drivers/OCWDT\OCWDT_drv.c **** {
  10                             		.loc 1 222 0
 223:C:/Workspace/FW_Inertia/branch_indesit/Drivers/OCWDT\OCWDT_drv.c **** 	WDT_InitSync();
  11                             		.loc 1 223 0
  12 0000 05 00 00 00             		bsr	_WDT_InitSync
  13                             	.LVL0:
 224:C:/Workspace/FW_Inertia/branch_indesit/Drivers/OCWDT\OCWDT_drv.c **** #if (WDT_WINDOWED_MODE)
 225:C:/Workspace/FW_Inertia/branch_indesit/Drivers/OCWDT\OCWDT_drv.c **** 	WatchDog.feedTheDog = 0;
 226:C:/Workspace/FW_Inertia/branch_indesit/Drivers/OCWDT\OCWDT_drv.c **** 	WatchDog.free = 0;
  14                             		.loc 1 226 0
  15 0004 FB E2 00 00 00 00       		mov.L	#_WatchDog, r14
  16 000a F8 E4 00                		mov.B	#0, [r14]
 227:C:/Workspace/FW_Inertia/branch_indesit/Drivers/OCWDT\OCWDT_drv.c **** #endif
 228:C:/Workspace/FW_Inertia/branch_indesit/Drivers/OCWDT\OCWDT_drv.c **** 	return (IO_ErrorType)IO_E_OK;
 229:C:/Workspace/FW_Inertia/branch_indesit/Drivers/OCWDT\OCWDT_drv.c **** }
  17                             		.loc 1 229 0
  18 000d 66 01                   		mov.L	#0, r1
  19 000f 02                      		rts
  20                             	.LFE0:
  22                             		.section	.text.OCWDT_RefreshSync,"ax",@progbits
  23                             		.global	_OCWDT_RefreshSync
  25                             	_OCWDT_RefreshSync:
  26                             	.LFB1:
 230:C:/Workspace/FW_Inertia/branch_indesit/Drivers/OCWDT\OCWDT_drv.c **** 
 231:C:/Workspace/FW_Inertia/branch_indesit/Drivers/OCWDT\OCWDT_drv.c **** /**
 232:C:/Workspace/FW_Inertia/branch_indesit/Drivers/OCWDT\OCWDT_drv.c **** \n This function refreshes the watchdog.
 233:C:/Workspace/FW_Inertia/branch_indesit/Drivers/OCWDT\OCWDT_drv.c **** \n If it is not called before the watchdog counter reaches the timeout period,
 234:C:/Workspace/FW_Inertia/branch_indesit/Drivers/OCWDT\OCWDT_drv.c **** \n a reset is generated. If the windowing is enabled, the refresh function must
 235:C:/Workspace/FW_Inertia/branch_indesit/Drivers/OCWDT\OCWDT_drv.c **** \n be call after the windowing time is counted and before the watchdog time out is elapsed.
 236:C:/Workspace/FW_Inertia/branch_indesit/Drivers/OCWDT\OCWDT_drv.c **** 
 237:C:/Workspace/FW_Inertia/branch_indesit/Drivers/OCWDT\OCWDT_drv.c **** \return 	IO_ErrorType
 238:C:/Workspace/FW_Inertia/branch_indesit/Drivers/OCWDT\OCWDT_drv.c **** 
 239:C:/Workspace/FW_Inertia/branch_indesit/Drivers/OCWDT\OCWDT_drv.c **** \retval		IO_E_OK	refresh performed
 240:C:/Workspace/FW_Inertia/branch_indesit/Drivers/OCWDT\OCWDT_drv.c **** \retval		IO_E_UNEXPECTED_CONDITION no refresh needed if watchdog disabled
 241:C:/Workspace/FW_Inertia/branch_indesit/Drivers/OCWDT\OCWDT_drv.c **** \retval     IO_E_FAIL watchdog's refresh not allowable
 242:C:/Workspace/FW_Inertia/branch_indesit/Drivers/OCWDT\OCWDT_drv.c **** 
 243:C:/Workspace/FW_Inertia/branch_indesit/Drivers/OCWDT\OCWDT_drv.c **** \note		- added define WDT_WINDOWED_MODE and code.
 244:C:/Workspace/FW_Inertia/branch_indesit/Drivers/OCWDT\OCWDT_drv.c ****             - added macro WDT_Enabled()
 245:C:/Workspace/FW_Inertia/branch_indesit/Drivers/OCWDT\OCWDT_drv.c **** 
 246:C:/Workspace/FW_Inertia/branch_indesit/Drivers/OCWDT\OCWDT_drv.c **** \par Architecture Requirements ID: SARS_WMMT_MN_DrvWTD_2
 247:C:/Workspace/FW_Inertia/branch_indesit/Drivers/OCWDT\OCWDT_drv.c **** */
 248:C:/Workspace/FW_Inertia/branch_indesit/Drivers/OCWDT\OCWDT_drv.c **** void OCWDT_RefreshSync(void)
 249:C:/Workspace/FW_Inertia/branch_indesit/Drivers/OCWDT\OCWDT_drv.c **** {
  27                             		.loc 1 249 0
  28 0000 7E A7                   		push.l	r7
  29                             	.LCFI0:
 250:C:/Workspace/FW_Inertia/branch_indesit/Drivers/OCWDT\OCWDT_drv.c **** 	if ( WDT_Enabled() )
  30                             		.loc 1 250 0
  31 0002 05 00 00 00             		bsr	_WDT_Enabled
  32                             	.LVL1:
  33 0006 61 01                   		cmp	#0, r1
  34 0008 20 28                   		beq	.L2
 251:C:/Workspace/FW_Inertia/branch_indesit/Drivers/OCWDT\OCWDT_drv.c **** 	{
 252:C:/Workspace/FW_Inertia/branch_indesit/Drivers/OCWDT\OCWDT_drv.c **** #if (WDT_WINDOWED_MODE)
 253:C:/Workspace/FW_Inertia/branch_indesit/Drivers/OCWDT\OCWDT_drv.c ****         if(WDT_IsWindowOpen())
  35                             		.loc 1 253 0
  36 000a 05 00 00 00             		bsr	_WDT_IsWindowOpen
  37                             	.LVL2:
  38 000e 5B 11                   		movu.B	r1, r1
  39 0010 FB 72 00 00 00 00       		mov.L	#_WatchDog, r7
  40 0016 61 01                   		cmp	#0, r1
  41 0018 20 11                   		beq	.L5
 254:C:/Workspace/FW_Inertia/branch_indesit/Drivers/OCWDT\OCWDT_drv.c ****         {
 255:C:/Workspace/FW_Inertia/branch_indesit/Drivers/OCWDT\OCWDT_drv.c ****             if ( WatchDog.feedTheDog )
  42                             		.loc 1 255 0
  43 001a EC 7E                   		mov.L	[r7], r14
  44 001c 61 0E                   		cmp	#0, r14
  45 001e 28 12                   		bge	.L2
 256:C:/Workspace/FW_Inertia/branch_indesit/Drivers/OCWDT\OCWDT_drv.c **** 			{
 257:C:/Workspace/FW_Inertia/branch_indesit/Drivers/OCWDT\OCWDT_drv.c **** 				/*TODO MS EnterCriticalSection();*/
 258:C:/Workspace/FW_Inertia/branch_indesit/Drivers/OCWDT\OCWDT_drv.c **** 				WDT_Refresh();
  46                             		.loc 1 258 0
  47 0020 05 00 00 00             		bsr	_WDT_Refresh
  48                             	.LVL3:
 259:C:/Workspace/FW_Inertia/branch_indesit/Drivers/OCWDT\OCWDT_drv.c **** 				WatchDog.feedTheDog = 0;
  49                             		.loc 1 259 0
  50 0024 CC 7E                   		mov.B	[r7], r14
  51 0026 7A 7E                   		bclr	#7, r14
  52 0028 0E                      		bra	.L11
  53                             	.L5:
 260:C:/Workspace/FW_Inertia/branch_indesit/Drivers/OCWDT\OCWDT_drv.c **** 				/* TODO MS ExitCriticalSection();*/
 261:C:/Workspace/FW_Inertia/branch_indesit/Drivers/OCWDT\OCWDT_drv.c **** 			}
 262:C:/Workspace/FW_Inertia/branch_indesit/Drivers/OCWDT\OCWDT_drv.c **** 			return; /* (IO_ErrorType)IO_E_OK; */
 263:C:/Workspace/FW_Inertia/branch_indesit/Drivers/OCWDT\OCWDT_drv.c **** 		}
 264:C:/Workspace/FW_Inertia/branch_indesit/Drivers/OCWDT\OCWDT_drv.c **** 		else
 265:C:/Workspace/FW_Inertia/branch_indesit/Drivers/OCWDT\OCWDT_drv.c **** 		{
 266:C:/Workspace/FW_Inertia/branch_indesit/Drivers/OCWDT\OCWDT_drv.c **** 			WatchDog.feedTheDog = 1;
  54                             		.loc 1 266 0
  55 0029 CC 7E                   		mov.B	[r7], r14
  56 002b 78 7E                   		bset	#7, r14
  57 002d 03                      		.balign 2,3,1
  58                             	.L11:
  59 002e C3 7E                   		mov.B	r14, [r7]
  60                             		.balign 2,3,2
  61                             	.L2:
 267:C:/Workspace/FW_Inertia/branch_indesit/Drivers/OCWDT\OCWDT_drv.c **** 			return; /*(IO_ErrorType)IO_E_FAIL;*/
 268:C:/Workspace/FW_Inertia/branch_indesit/Drivers/OCWDT\OCWDT_drv.c **** 		}
 269:C:/Workspace/FW_Inertia/branch_indesit/Drivers/OCWDT\OCWDT_drv.c **** #else
 270:C:/Workspace/FW_Inertia/branch_indesit/Drivers/OCWDT\OCWDT_drv.c **** 
 271:C:/Workspace/FW_Inertia/branch_indesit/Drivers/OCWDT\OCWDT_drv.c ****         /* MS EnterCriticalSection(); */
 272:C:/Workspace/FW_Inertia/branch_indesit/Drivers/OCWDT\OCWDT_drv.c **** 		WDT_Refresh();
 273:C:/Workspace/FW_Inertia/branch_indesit/Drivers/OCWDT\OCWDT_drv.c **** 		/* MS ExitCriticalSection(); */
 274:C:/Workspace/FW_Inertia/branch_indesit/Drivers/OCWDT\OCWDT_drv.c **** #endif  /* #if (WDT_WINDOWED_MODE) */
 275:C:/Workspace/FW_Inertia/branch_indesit/Drivers/OCWDT\OCWDT_drv.c **** 	}
 276:C:/Workspace/FW_Inertia/branch_indesit/Drivers/OCWDT\OCWDT_drv.c **** }
  62                             		.loc 1 276 0
  63 0030 3F 77 01                		rtsd	#4, r7-r7
  64                             	.LFE1:
  66 0033 03                      		.section	.text.OCWDT_SetSync,"ax",@progbits
  67                             		.global	_OCWDT_SetSync
  69                             	_OCWDT_SetSync:
  70                             	.LFB2:
 277:C:/Workspace/FW_Inertia/branch_indesit/Drivers/OCWDT\OCWDT_drv.c **** 
 278:C:/Workspace/FW_Inertia/branch_indesit/Drivers/OCWDT\OCWDT_drv.c **** /**
 279:C:/Workspace/FW_Inertia/branch_indesit/Drivers/OCWDT\OCWDT_drv.c **** \n This function sets the desired timeout.
 280:C:/Workspace/FW_Inertia/branch_indesit/Drivers/OCWDT\OCWDT_drv.c **** \n\li MCF51_AG128 influences the time-out register.
 281:C:/Workspace/FW_Inertia/branch_indesit/Drivers/OCWDT\OCWDT_drv.c **** \n\li HCS08 unsupported
 282:C:/Workspace/FW_Inertia/branch_indesit/Drivers/OCWDT\OCWDT_drv.c **** \n\li RN_300H_39079 to check
 283:C:/Workspace/FW_Inertia/branch_indesit/Drivers/OCWDT\OCWDT_drv.c **** 
 284:C:/Workspace/FW_Inertia/branch_indesit/Drivers/OCWDT\OCWDT_drv.c **** \param  [in]	timeout  specifies the timeout value.
 285:C:/Workspace/FW_Inertia/branch_indesit/Drivers/OCWDT\OCWDT_drv.c **** \return 	    IO_ErrorType
 286:C:/Workspace/FW_Inertia/branch_indesit/Drivers/OCWDT\OCWDT_drv.c **** 
 287:C:/Workspace/FW_Inertia/branch_indesit/Drivers/OCWDT\OCWDT_drv.c **** \retval		    IO_E_OK
 288:C:/Workspace/FW_Inertia/branch_indesit/Drivers/OCWDT\OCWDT_drv.c **** \retval         IO_E_UNEXPECTED_CONDITION  action denied
 289:C:/Workspace/FW_Inertia/branch_indesit/Drivers/OCWDT\OCWDT_drv.c **** 
 290:C:/Workspace/FW_Inertia/branch_indesit/Drivers/OCWDT\OCWDT_drv.c **** \note		    Watchdog is not refreshed by this fuction.
 291:C:/Workspace/FW_Inertia/branch_indesit/Drivers/OCWDT\OCWDT_drv.c ****                 - added macro WDT_AllowUpdate()
 292:C:/Workspace/FW_Inertia/branch_indesit/Drivers/OCWDT\OCWDT_drv.c **** 
 293:C:/Workspace/FW_Inertia/branch_indesit/Drivers/OCWDT\OCWDT_drv.c **** \par Architecture Requirements ID: SARS_WMMT_MN_DrvWTD_2
 294:C:/Workspace/FW_Inertia/branch_indesit/Drivers/OCWDT\OCWDT_drv.c **** */
 295:C:/Workspace/FW_Inertia/branch_indesit/Drivers/OCWDT\OCWDT_drv.c **** IO_ErrorType OCWDT_SetSync(WDT_timeoutType timeout)
 296:C:/Workspace/FW_Inertia/branch_indesit/Drivers/OCWDT\OCWDT_drv.c **** {
  71                             		.loc 1 296 0
  72                             	.LVL4:
 297:C:/Workspace/FW_Inertia/branch_indesit/Drivers/OCWDT\OCWDT_drv.c **** 	if (WDT_AllowUpdate())
  73                             		.loc 1 297 0
  74 0000 05 00 00 00             		bsr	_WDT_AllowUpdate
  75                             	.LVL5:
  76 0004 61 01                   		cmp	#0, r1
  77 0006 14                      		beq	.L14
 298:C:/Workspace/FW_Inertia/branch_indesit/Drivers/OCWDT\OCWDT_drv.c **** 	{
 299:C:/Workspace/FW_Inertia/branch_indesit/Drivers/OCWDT\OCWDT_drv.c **** 		WDT_SetSync(timeout);
 300:C:/Workspace/FW_Inertia/branch_indesit/Drivers/OCWDT\OCWDT_drv.c **** 		return (IO_ErrorType)IO_E_OK;
  78                             		.loc 1 300 0
  79 0007 66 01                   		mov	#0, r1
  80 0009 0D                      		bra	.L13
  81                             	.L14:
 301:C:/Workspace/FW_Inertia/branch_indesit/Drivers/OCWDT\OCWDT_drv.c **** 	}
 302:C:/Workspace/FW_Inertia/branch_indesit/Drivers/OCWDT\OCWDT_drv.c **** 	else
 303:C:/Workspace/FW_Inertia/branch_indesit/Drivers/OCWDT\OCWDT_drv.c **** 	{
 304:C:/Workspace/FW_Inertia/branch_indesit/Drivers/OCWDT\OCWDT_drv.c **** 		return (IO_ErrorType)IO_E_UNEXPECTED_CONDITION;
  82                             		.loc 1 304 0
  83 000a 75 41 17                		mov	#23, r1
  84 000d 03                      		.balign 2,3,2
  85                             	.L13:
 305:C:/Workspace/FW_Inertia/branch_indesit/Drivers/OCWDT\OCWDT_drv.c **** 	}
 306:C:/Workspace/FW_Inertia/branch_indesit/Drivers/OCWDT\OCWDT_drv.c **** }
  86                             		.loc 1 306 0
  87 000e 75 21 17                		and #23, r1
  88 0011 02                      		rts
  89                             	.LFE2:
  91                             		.section	.text.OCWDT_StopSync,"ax",@progbits
  92                             		.global	_OCWDT_StopSync
  94                             	_OCWDT_StopSync:
  95                             	.LFB3:
 307:C:/Workspace/FW_Inertia/branch_indesit/Drivers/OCWDT\OCWDT_drv.c **** 
 308:C:/Workspace/FW_Inertia/branch_indesit/Drivers/OCWDT\OCWDT_drv.c **** /**
 309:C:/Workspace/FW_Inertia/branch_indesit/Drivers/OCWDT\OCWDT_drv.c **** \n This function deactivates the watchdog.
 310:C:/Workspace/FW_Inertia/branch_indesit/Drivers/OCWDT\OCWDT_drv.c **** \n\li MCF51_AG128 The function influences the enable bit of the control register.
 311:C:/Workspace/FW_Inertia/branch_indesit/Drivers/OCWDT\OCWDT_drv.c **** \n\li HCS08 unsupported
 312:C:/Workspace/FW_Inertia/branch_indesit/Drivers/OCWDT\OCWDT_drv.c **** \n\li RN_300H_39079 supported
 313:C:/Workspace/FW_Inertia/branch_indesit/Drivers/OCWDT\OCWDT_drv.c **** 
 314:C:/Workspace/FW_Inertia/branch_indesit/Drivers/OCWDT\OCWDT_drv.c **** \return 	IO_ErrorType
 315:C:/Workspace/FW_Inertia/branch_indesit/Drivers/OCWDT\OCWDT_drv.c **** 
 316:C:/Workspace/FW_Inertia/branch_indesit/Drivers/OCWDT\OCWDT_drv.c **** \retval		IO_E_OK
 317:C:/Workspace/FW_Inertia/branch_indesit/Drivers/OCWDT\OCWDT_drv.c **** \retval		IO_E_UNEXPECTED_CONDITION action denied
 318:C:/Workspace/FW_Inertia/branch_indesit/Drivers/OCWDT\OCWDT_drv.c **** 
 319:C:/Workspace/FW_Inertia/branch_indesit/Drivers/OCWDT\OCWDT_drv.c **** \note		added macro WDT_AllowUpdate()
 320:C:/Workspace/FW_Inertia/branch_indesit/Drivers/OCWDT\OCWDT_drv.c **** 
 321:C:/Workspace/FW_Inertia/branch_indesit/Drivers/OCWDT\OCWDT_drv.c **** \par Architecture Requirements ID: SARS_WMMT_MN_DrvWTD_2
 322:C:/Workspace/FW_Inertia/branch_indesit/Drivers/OCWDT\OCWDT_drv.c **** */
 323:C:/Workspace/FW_Inertia/branch_indesit/Drivers/OCWDT\OCWDT_drv.c **** IO_ErrorType OCWDT_StopSync(void)
 324:C:/Workspace/FW_Inertia/branch_indesit/Drivers/OCWDT\OCWDT_drv.c **** {
  96                             		.loc 1 324 0
 325:C:/Workspace/FW_Inertia/branch_indesit/Drivers/OCWDT\OCWDT_drv.c **** 	if (WDT_AllowUpdate())
  97                             		.loc 1 325 0
  98 0000 05 00 00 00             		bsr	_WDT_AllowUpdate
  99                             	.LVL6:
 100 0004 61 01                   		cmp	#0, r1
 101 0006 14                      		beq	.L17
 326:C:/Workspace/FW_Inertia/branch_indesit/Drivers/OCWDT\OCWDT_drv.c **** 	{
 327:C:/Workspace/FW_Inertia/branch_indesit/Drivers/OCWDT\OCWDT_drv.c **** 		WDT_StopSync();
 328:C:/Workspace/FW_Inertia/branch_indesit/Drivers/OCWDT\OCWDT_drv.c **** 		return (IO_ErrorType)IO_E_OK;
 102                             		.loc 1 328 0
 103 0007 66 01                   		mov	#0, r1
 104 0009 0D                      		bra	.L16
 105                             	.L17:
 329:C:/Workspace/FW_Inertia/branch_indesit/Drivers/OCWDT\OCWDT_drv.c **** 	}
 330:C:/Workspace/FW_Inertia/branch_indesit/Drivers/OCWDT\OCWDT_drv.c **** 	else
 331:C:/Workspace/FW_Inertia/branch_indesit/Drivers/OCWDT\OCWDT_drv.c **** 	{
 332:C:/Workspace/FW_Inertia/branch_indesit/Drivers/OCWDT\OCWDT_drv.c **** 		return (IO_ErrorType)IO_E_UNEXPECTED_CONDITION;
 106                             		.loc 1 332 0
 107 000a 75 41 17                		mov	#23, r1
 108 000d 03                      		.balign 2,3,2
 109                             	.L16:
 333:C:/Workspace/FW_Inertia/branch_indesit/Drivers/OCWDT\OCWDT_drv.c **** 	}
 334:C:/Workspace/FW_Inertia/branch_indesit/Drivers/OCWDT\OCWDT_drv.c **** }
 110                             		.loc 1 334 0
 111 000e 75 21 17                		and #23, r1
 112 0011 02                      		rts
 113                             	.LFE3:
 115                             		.section	.text.OCWDT_StartSync,"ax",@progbits
 116                             		.global	_OCWDT_StartSync
 118                             	_OCWDT_StartSync:
 119                             	.LFB4:
 335:C:/Workspace/FW_Inertia/branch_indesit/Drivers/OCWDT\OCWDT_drv.c **** /**
 336:C:/Workspace/FW_Inertia/branch_indesit/Drivers/OCWDT\OCWDT_drv.c **** \n This function activates the watchdog.
 337:C:/Workspace/FW_Inertia/branch_indesit/Drivers/OCWDT\OCWDT_drv.c **** \n\li MCF51_AG128 The function influences the enable bit of the control register.
 338:C:/Workspace/FW_Inertia/branch_indesit/Drivers/OCWDT\OCWDT_drv.c **** \n\li HCS08 unsupported
 339:C:/Workspace/FW_Inertia/branch_indesit/Drivers/OCWDT\OCWDT_drv.c **** \n\li RN_300H_39079 supported
 340:C:/Workspace/FW_Inertia/branch_indesit/Drivers/OCWDT\OCWDT_drv.c **** 
 341:C:/Workspace/FW_Inertia/branch_indesit/Drivers/OCWDT\OCWDT_drv.c **** \return 	IO_ErrorType
 342:C:/Workspace/FW_Inertia/branch_indesit/Drivers/OCWDT\OCWDT_drv.c **** 
 343:C:/Workspace/FW_Inertia/branch_indesit/Drivers/OCWDT\OCWDT_drv.c **** \retval		IO_E_OK
 344:C:/Workspace/FW_Inertia/branch_indesit/Drivers/OCWDT\OCWDT_drv.c **** \retval		IO_E_UNEXPECTED_CONDITION action denied
 345:C:/Workspace/FW_Inertia/branch_indesit/Drivers/OCWDT\OCWDT_drv.c **** 
 346:C:/Workspace/FW_Inertia/branch_indesit/Drivers/OCWDT\OCWDT_drv.c **** \note		added macro WDT_AllowUpdate()
 347:C:/Workspace/FW_Inertia/branch_indesit/Drivers/OCWDT\OCWDT_drv.c **** 
 348:C:/Workspace/FW_Inertia/branch_indesit/Drivers/OCWDT\OCWDT_drv.c **** \par Architecture Requirements ID: SARS_WMMT_MN_DrvWTD_2
 349:C:/Workspace/FW_Inertia/branch_indesit/Drivers/OCWDT\OCWDT_drv.c **** */
 350:C:/Workspace/FW_Inertia/branch_indesit/Drivers/OCWDT\OCWDT_drv.c **** void OCWDT_StartSync(void)
 351:C:/Workspace/FW_Inertia/branch_indesit/Drivers/OCWDT\OCWDT_drv.c **** {
 120                             		.loc 1 351 0
 352:C:/Workspace/FW_Inertia/branch_indesit/Drivers/OCWDT\OCWDT_drv.c **** 	if (WDT_AllowUpdate())
 121                             		.loc 1 352 0
 122 0000 05 00 00 00             		bsr	_WDT_AllowUpdate
 123                             	.LVL7:
 124 0004 61 01                   		cmp	#0, r1
 125 0006 15                      		beq	.L19
 353:C:/Workspace/FW_Inertia/branch_indesit/Drivers/OCWDT\OCWDT_drv.c **** 	{
 354:C:/Workspace/FW_Inertia/branch_indesit/Drivers/OCWDT\OCWDT_drv.c **** 		WDT_StartSync();
 126                             		.loc 1 354 0
 127 0007 04 00 00 00             		bra	_WDT_StartSync
 128                             	.LVL8:
 129                             	.L19:
 355:C:/Workspace/FW_Inertia/branch_indesit/Drivers/OCWDT\OCWDT_drv.c **** 		/* return (IO_ErrorType)IO_E_OK; */
 356:C:/Workspace/FW_Inertia/branch_indesit/Drivers/OCWDT\OCWDT_drv.c **** 	}
 357:C:/Workspace/FW_Inertia/branch_indesit/Drivers/OCWDT\OCWDT_drv.c **** 	else
 358:C:/Workspace/FW_Inertia/branch_indesit/Drivers/OCWDT\OCWDT_drv.c **** 	{
 359:C:/Workspace/FW_Inertia/branch_indesit/Drivers/OCWDT\OCWDT_drv.c **** 		PLT_ERROR_FATAL(PLT_ERROR_OCWDT_NOSTART);
 130                             		.loc 1 359 0
 131 000b 75 41 51                		mov.L	#0x51, r1
 132 000e 04 00 00 00             		bra	_LIB_Error_Fatal_Handler
 133                             	.LVL9:
 134                             	.LFE4:
 136                             		.section	.text.OCWDT_SetWindowingSync,"ax",@progbits
 137                             		.global	_OCWDT_SetWindowingSync
 139                             	_OCWDT_SetWindowingSync:
 140                             	.LFB5:
 360:C:/Workspace/FW_Inertia/branch_indesit/Drivers/OCWDT\OCWDT_drv.c **** 		/* return (IO_ErrorType)IO_E_UNEXPECTED_CONDITION; */
 361:C:/Workspace/FW_Inertia/branch_indesit/Drivers/OCWDT\OCWDT_drv.c **** 	}
 362:C:/Workspace/FW_Inertia/branch_indesit/Drivers/OCWDT\OCWDT_drv.c **** }
 363:C:/Workspace/FW_Inertia/branch_indesit/Drivers/OCWDT\OCWDT_drv.c **** 
 364:C:/Workspace/FW_Inertia/branch_indesit/Drivers/OCWDT\OCWDT_drv.c **** /**
 365:C:/Workspace/FW_Inertia/branch_indesit/Drivers/OCWDT\OCWDT_drv.c **** \n This function sets the desired window.
 366:C:/Workspace/FW_Inertia/branch_indesit/Drivers/OCWDT\OCWDT_drv.c **** \n\li MCF51_AG128 the function influences the window register.
 367:C:/Workspace/FW_Inertia/branch_indesit/Drivers/OCWDT\OCWDT_drv.c **** \n\li HCS08 unsupported
 368:C:/Workspace/FW_Inertia/branch_indesit/Drivers/OCWDT\OCWDT_drv.c **** \n\li RN_300H_39079 unsupported
 369:C:/Workspace/FW_Inertia/branch_indesit/Drivers/OCWDT\OCWDT_drv.c **** 
 370:C:/Workspace/FW_Inertia/branch_indesit/Drivers/OCWDT\OCWDT_drv.c **** \param  [in]	window  specifies the window value.
 371:C:/Workspace/FW_Inertia/branch_indesit/Drivers/OCWDT\OCWDT_drv.c **** \return 	    IO_ErrorType
 372:C:/Workspace/FW_Inertia/branch_indesit/Drivers/OCWDT\OCWDT_drv.c **** 
 373:C:/Workspace/FW_Inertia/branch_indesit/Drivers/OCWDT\OCWDT_drv.c **** \retval		    IO_E_OK	window register changed
 374:C:/Workspace/FW_Inertia/branch_indesit/Drivers/OCWDT\OCWDT_drv.c **** \retval         IO_E_UNEXPECTED_CONDITION
 375:C:/Workspace/FW_Inertia/branch_indesit/Drivers/OCWDT\OCWDT_drv.c **** 
 376:C:/Workspace/FW_Inertia/branch_indesit/Drivers/OCWDT\OCWDT_drv.c **** \note		    Watchdog is not refreshed by this fuction.
 377:C:/Workspace/FW_Inertia/branch_indesit/Drivers/OCWDT\OCWDT_drv.c ****                 - added macro WDT_AllowUpdate()
 378:C:/Workspace/FW_Inertia/branch_indesit/Drivers/OCWDT\OCWDT_drv.c ****                 - added conditional define WDT_WINDOWED_MODE
 379:C:/Workspace/FW_Inertia/branch_indesit/Drivers/OCWDT\OCWDT_drv.c **** 
 380:C:/Workspace/FW_Inertia/branch_indesit/Drivers/OCWDT\OCWDT_drv.c **** \par Architecture Requirements ID: SARS_WMMT_MN_DrvWTD_2
 381:C:/Workspace/FW_Inertia/branch_indesit/Drivers/OCWDT\OCWDT_drv.c **** */
 382:C:/Workspace/FW_Inertia/branch_indesit/Drivers/OCWDT\OCWDT_drv.c **** IO_ErrorType OCWDT_SetWindowingSync(WDT_windowType window)
 383:C:/Workspace/FW_Inertia/branch_indesit/Drivers/OCWDT\OCWDT_drv.c **** {
 141                             		.loc 1 383 0
 142                             	.LVL10:
 143 0000 7E A7                   		push.l	r7
 144                             	.LCFI1:
 145 0002 CF 17                   		mov.B	r1, r7
 384:C:/Workspace/FW_Inertia/branch_indesit/Drivers/OCWDT\OCWDT_drv.c **** #if (WDT_WINDOWED_MODE)
 385:C:/Workspace/FW_Inertia/branch_indesit/Drivers/OCWDT\OCWDT_drv.c **** 	if (WDT_AllowUpdate())
 146                             		.loc 1 385 0
 147 0004 05 00 00 00             		bsr	_WDT_AllowUpdate
 148                             	.LVL11:
 149 0008 61 01                   		cmp	#0, r1
 150 000a 12                      		beq	.L22
 386:C:/Workspace/FW_Inertia/branch_indesit/Drivers/OCWDT\OCWDT_drv.c **** 	{
 387:C:/Workspace/FW_Inertia/branch_indesit/Drivers/OCWDT\OCWDT_drv.c **** 		WDT_SetWindowingSync(window);
 151                             		.loc 1 387 0
 152 000b CF 71                   		mov.B	r7, r1
 153 000d 05 00 00 00             		bsr	_WDT_SetWindowingSync
 154                             	.LVL12:
 388:C:/Workspace/FW_Inertia/branch_indesit/Drivers/OCWDT\OCWDT_drv.c **** 		return (IO_ErrorType)IO_E_OK;
 155                             		.loc 1 388 0
 156 0011 66 01                   		mov	#0, r1
 157 0013 0D                      		bra	.L21
 158                             	.L22:
 389:C:/Workspace/FW_Inertia/branch_indesit/Drivers/OCWDT\OCWDT_drv.c **** 	}
 390:C:/Workspace/FW_Inertia/branch_indesit/Drivers/OCWDT\OCWDT_drv.c **** 	else
 391:C:/Workspace/FW_Inertia/branch_indesit/Drivers/OCWDT\OCWDT_drv.c **** 	{
 392:C:/Workspace/FW_Inertia/branch_indesit/Drivers/OCWDT\OCWDT_drv.c **** 		return (IO_ErrorType)IO_E_UNEXPECTED_CONDITION;
 159                             		.loc 1 392 0
 160 0014 75 41 17                		mov	#23, r1
 161 0017 03                      		.balign 2,3,2
 162                             	.L21:
 393:C:/Workspace/FW_Inertia/branch_indesit/Drivers/OCWDT\OCWDT_drv.c **** 	}
 394:C:/Workspace/FW_Inertia/branch_indesit/Drivers/OCWDT\OCWDT_drv.c **** #else
 395:C:/Workspace/FW_Inertia/branch_indesit/Drivers/OCWDT\OCWDT_drv.c **** 	return (IO_ErrorType)IO_E_UNEXPECTED_CONDITION;
 396:C:/Workspace/FW_Inertia/branch_indesit/Drivers/OCWDT\OCWDT_drv.c **** #endif /* #if (WDT_WINDOWED_MODE) */
 397:C:/Workspace/FW_Inertia/branch_indesit/Drivers/OCWDT\OCWDT_drv.c **** }
 163                             		.loc 1 397 0
 164 0018 75 21 17                		and #23, r1
 165 001b 3F 77 01                		rtsd	#4, r7-r7
 166                             	.LFE5:
 168                             		.section	.text.OCWDT_ReadCounter,"ax",@progbits
 169                             		.global	_OCWDT_ReadCounter
 171                             	_OCWDT_ReadCounter:
 172                             	.LFB6:
 398:C:/Workspace/FW_Inertia/branch_indesit/Drivers/OCWDT\OCWDT_drv.c **** 
 399:C:/Workspace/FW_Inertia/branch_indesit/Drivers/OCWDT\OCWDT_drv.c **** 
 400:C:/Workspace/FW_Inertia/branch_indesit/Drivers/OCWDT\OCWDT_drv.c **** /**
 401:C:/Workspace/FW_Inertia/branch_indesit/Drivers/OCWDT\OCWDT_drv.c **** \n This function returns the watchdog counter register.
 402:C:/Workspace/FW_Inertia/branch_indesit/Drivers/OCWDT\OCWDT_drv.c **** \n\li MCF51_AG128 supported
 403:C:/Workspace/FW_Inertia/branch_indesit/Drivers/OCWDT\OCWDT_drv.c **** \n\li HCS08 unsupported
 404:C:/Workspace/FW_Inertia/branch_indesit/Drivers/OCWDT\OCWDT_drv.c **** \n\li RN_300H_39079 to check
 405:C:/Workspace/FW_Inertia/branch_indesit/Drivers/OCWDT\OCWDT_drv.c **** 
 406:C:/Workspace/FW_Inertia/branch_indesit/Drivers/OCWDT\OCWDT_drv.c **** \return 	    Watchdog counter
 407:C:/Workspace/FW_Inertia/branch_indesit/Drivers/OCWDT\OCWDT_drv.c **** \retval		    WDT_counterType
 408:C:/Workspace/FW_Inertia/branch_indesit/Drivers/OCWDT\OCWDT_drv.c **** 
 409:C:/Workspace/FW_Inertia/branch_indesit/Drivers/OCWDT\OCWDT_drv.c **** */
 410:C:/Workspace/FW_Inertia/branch_indesit/Drivers/OCWDT\OCWDT_drv.c **** WDT_counterType OCWDT_ReadCounter(void)
 411:C:/Workspace/FW_Inertia/branch_indesit/Drivers/OCWDT\OCWDT_drv.c **** {
 173                             		.loc 1 411 0
 412:C:/Workspace/FW_Inertia/branch_indesit/Drivers/OCWDT\OCWDT_drv.c **** 	return WDT_ReadCounter();
 174                             		.loc 1 412 0
 175 0000 05 00 00 00             		bsr	_WDT_ReadCounter
 176                             	.LVL13:
 413:C:/Workspace/FW_Inertia/branch_indesit/Drivers/OCWDT\OCWDT_drv.c **** }
 177                             		.loc 1 413 0
 178 0004 5B 11                   		movu.B	r1, r1
 179 0006 02                      		rts
 180                             	.LFE6:
 182                             		.section	.text.OCWDT_ReadWindow,"ax",@progbits
 183                             		.global	_OCWDT_ReadWindow
 185                             	_OCWDT_ReadWindow:
 186                             	.LFB7:
 414:C:/Workspace/FW_Inertia/branch_indesit/Drivers/OCWDT\OCWDT_drv.c **** 
 415:C:/Workspace/FW_Inertia/branch_indesit/Drivers/OCWDT\OCWDT_drv.c **** /**
 416:C:/Workspace/FW_Inertia/branch_indesit/Drivers/OCWDT\OCWDT_drv.c **** \n This function returns the watchdog window register.
 417:C:/Workspace/FW_Inertia/branch_indesit/Drivers/OCWDT\OCWDT_drv.c **** \n\li MCF51_AG128 supported
 418:C:/Workspace/FW_Inertia/branch_indesit/Drivers/OCWDT\OCWDT_drv.c **** \n\li HCS08 unsupported
 419:C:/Workspace/FW_Inertia/branch_indesit/Drivers/OCWDT\OCWDT_drv.c **** \n\li RN_300H_39079 unsupported
 420:C:/Workspace/FW_Inertia/branch_indesit/Drivers/OCWDT\OCWDT_drv.c **** 
 421:C:/Workspace/FW_Inertia/branch_indesit/Drivers/OCWDT\OCWDT_drv.c **** \return 	    Watchdog window register
 422:C:/Workspace/FW_Inertia/branch_indesit/Drivers/OCWDT\OCWDT_drv.c **** \retval		    WDT_windowType
 423:C:/Workspace/FW_Inertia/branch_indesit/Drivers/OCWDT\OCWDT_drv.c **** */
 424:C:/Workspace/FW_Inertia/branch_indesit/Drivers/OCWDT\OCWDT_drv.c **** WDT_windowType OCWDT_ReadWindow(void)
 425:C:/Workspace/FW_Inertia/branch_indesit/Drivers/OCWDT\OCWDT_drv.c **** {
 187                             		.loc 1 425 0
 426:C:/Workspace/FW_Inertia/branch_indesit/Drivers/OCWDT\OCWDT_drv.c **** 	return WDT_GetWindow();
 188                             		.loc 1 426 0
 189 0000 05 00 00 00             		bsr	_WDT_GetWindow
 190                             	.LVL14:
 427:C:/Workspace/FW_Inertia/branch_indesit/Drivers/OCWDT\OCWDT_drv.c **** }
 191                             		.loc 1 427 0
 192 0004 5B 11                   		movu.B	r1, r1
 193 0006 02                      		rts
 194                             	.LFE7:
 196                             		.section	.text.OCWDT_ReadRSTCounter,"ax",@progbits
 197                             		.global	_OCWDT_ReadRSTCounter
 199                             	_OCWDT_ReadRSTCounter:
 200                             	.LFB8:
 428:C:/Workspace/FW_Inertia/branch_indesit/Drivers/OCWDT\OCWDT_drv.c **** /**
 429:C:/Workspace/FW_Inertia/branch_indesit/Drivers/OCWDT\OCWDT_drv.c **** This function reads the watchdog reset counter register.
 430:C:/Workspace/FW_Inertia/branch_indesit/Drivers/OCWDT\OCWDT_drv.c **** \n\li MCF51_AG128 supported
 431:C:/Workspace/FW_Inertia/branch_indesit/Drivers/OCWDT\OCWDT_drv.c **** \n\li HCS08 unsupported
 432:C:/Workspace/FW_Inertia/branch_indesit/Drivers/OCWDT\OCWDT_drv.c **** \n\li RN_300H_39079 unsupported
 433:C:/Workspace/FW_Inertia/branch_indesit/Drivers/OCWDT\OCWDT_drv.c **** 
 434:C:/Workspace/FW_Inertia/branch_indesit/Drivers/OCWDT\OCWDT_drv.c **** \return 	    Watchdog reset counter
 435:C:/Workspace/FW_Inertia/branch_indesit/Drivers/OCWDT\OCWDT_drv.c **** 
 436:C:/Workspace/FW_Inertia/branch_indesit/Drivers/OCWDT\OCWDT_drv.c **** \retval		    WDT_resetCntrRegType
 437:C:/Workspace/FW_Inertia/branch_indesit/Drivers/OCWDT\OCWDT_drv.c **** */
 438:C:/Workspace/FW_Inertia/branch_indesit/Drivers/OCWDT\OCWDT_drv.c **** WDT_resetCntrRegType OCWDT_ReadRSTCounter(void)
 439:C:/Workspace/FW_Inertia/branch_indesit/Drivers/OCWDT\OCWDT_drv.c **** {
 201                             		.loc 1 439 0
 440:C:/Workspace/FW_Inertia/branch_indesit/Drivers/OCWDT\OCWDT_drv.c **** 	return WDT_RSTCounter();
 441:C:/Workspace/FW_Inertia/branch_indesit/Drivers/OCWDT\OCWDT_drv.c **** }
 202                             		.loc 1 441 0
 203 0000 66 01                   		mov.L	#0, r1
 204 0002 02                      		rts
 205                             	.LFE8:
 207                             		.section	.text.OCWDT_ResetRSTCounter,"ax",@progbits
 208                             		.global	_OCWDT_ResetRSTCounter
 210                             	_OCWDT_ResetRSTCounter:
 211                             	.LFB9:
 442:C:/Workspace/FW_Inertia/branch_indesit/Drivers/OCWDT\OCWDT_drv.c **** 
 443:C:/Workspace/FW_Inertia/branch_indesit/Drivers/OCWDT\OCWDT_drv.c **** /**
 444:C:/Workspace/FW_Inertia/branch_indesit/Drivers/OCWDT\OCWDT_drv.c **** \n This function resets the watchdog reset counter register.
 445:C:/Workspace/FW_Inertia/branch_indesit/Drivers/OCWDT\OCWDT_drv.c **** \n\li MCF51_AG128 The function influences the RST counter register.
 446:C:/Workspace/FW_Inertia/branch_indesit/Drivers/OCWDT\OCWDT_drv.c **** \n\li HCS08 unsupported
 447:C:/Workspace/FW_Inertia/branch_indesit/Drivers/OCWDT\OCWDT_drv.c **** \n\li RN_300H_39079 unsupported
 448:C:/Workspace/FW_Inertia/branch_indesit/Drivers/OCWDT\OCWDT_drv.c **** 
 449:C:/Workspace/FW_Inertia/branch_indesit/Drivers/OCWDT\OCWDT_drv.c **** \return 	    IO_ErrorType
 450:C:/Workspace/FW_Inertia/branch_indesit/Drivers/OCWDT\OCWDT_drv.c **** 
 451:C:/Workspace/FW_Inertia/branch_indesit/Drivers/OCWDT\OCWDT_drv.c **** \retval		    IO_E_OK
 452:C:/Workspace/FW_Inertia/branch_indesit/Drivers/OCWDT\OCWDT_drv.c **** */
 453:C:/Workspace/FW_Inertia/branch_indesit/Drivers/OCWDT\OCWDT_drv.c **** IO_ErrorType OCWDT_ResetRSTCounter(void)
 454:C:/Workspace/FW_Inertia/branch_indesit/Drivers/OCWDT\OCWDT_drv.c **** {
 212                             		.loc 1 454 0
 455:C:/Workspace/FW_Inertia/branch_indesit/Drivers/OCWDT\OCWDT_drv.c **** 
 456:C:/Workspace/FW_Inertia/branch_indesit/Drivers/OCWDT\OCWDT_drv.c **** 	WDT_ClearRSTCounter();
 457:C:/Workspace/FW_Inertia/branch_indesit/Drivers/OCWDT\OCWDT_drv.c **** 
 458:C:/Workspace/FW_Inertia/branch_indesit/Drivers/OCWDT\OCWDT_drv.c **** 	return (IO_ErrorType)IO_E_OK;
 459:C:/Workspace/FW_Inertia/branch_indesit/Drivers/OCWDT\OCWDT_drv.c **** }
 213                             		.loc 1 459 0
 214 0000 66 01                   		mov.L	#0, r1
 215 0002 02                      		rts
 216                             	.LFE9:
 218                             		.section	.noinit,"aw",@progbits
 219                             		.balign 4
 222                             	_WatchDog:
 223 0000 00 00 00 00             		.zero	4
 334                             	.Letext0:
 335                             		.file 2 "C:\\Workspace\\FW_Inertia\\branch_indesit\\HAL\\HAL_General/StandardTypes.h"
 336                             		.file 3 "C:\\Workspace\\FW_Inertia\\branch_indesit\\HAL\\RN_RX200/RN_RX200_cfg.h"
 337                             		.file 4 "C:\\Workspace\\FW_Inertia\\branch_indesit\\Drivers/IO_driver.h"
 338                             		.file 5 "C:\\Workspace\\FW_Inertia\\branch_indesit\\PlatformLibrary\\LIB_Error/LIB_Error.h"
 339                             		.file 6 "C:\\Workspace\\FW_Inertia\\branch_indesit\\HAL\\RN_RX200/RN_RX200_hal.h"
DEFINED SYMBOLS
                            *ABS*:00000000 OCWDT_drv.c
C:\Users\Andrea\AppData\Local\Temp\cc9Zj8Lr.s:7      .text.OCWDT_InitSync:00000000 _OCWDT_InitSync
C:\Users\Andrea\AppData\Local\Temp\cc9Zj8Lr.s:12     .text.OCWDT_InitSync:00000000 L0
C:\Users\Andrea\AppData\Local\Temp\cc9Zj8Lr.s:222    .noinit:00000000 _WatchDog
C:\Users\Andrea\AppData\Local\Temp\cc9Zj8Lr.s:25     .text.OCWDT_RefreshSync:00000000 _OCWDT_RefreshSync
C:\Users\Andrea\AppData\Local\Temp\cc9Zj8Lr.s:28     .text.OCWDT_RefreshSync:00000000 L0
C:\Users\Andrea\AppData\Local\Temp\cc9Zj8Lr.s:69     .text.OCWDT_SetSync:00000000 _OCWDT_SetSync
C:\Users\Andrea\AppData\Local\Temp\cc9Zj8Lr.s:74     .text.OCWDT_SetSync:00000000 L0
C:\Users\Andrea\AppData\Local\Temp\cc9Zj8Lr.s:94     .text.OCWDT_StopSync:00000000 _OCWDT_StopSync
C:\Users\Andrea\AppData\Local\Temp\cc9Zj8Lr.s:98     .text.OCWDT_StopSync:00000000 L0
C:\Users\Andrea\AppData\Local\Temp\cc9Zj8Lr.s:118    .text.OCWDT_StartSync:00000000 _OCWDT_StartSync
C:\Users\Andrea\AppData\Local\Temp\cc9Zj8Lr.s:122    .text.OCWDT_StartSync:00000000 L0
C:\Users\Andrea\AppData\Local\Temp\cc9Zj8Lr.s:139    .text.OCWDT_SetWindowingSync:00000000 _OCWDT_SetWindowingSync
C:\Users\Andrea\AppData\Local\Temp\cc9Zj8Lr.s:143    .text.OCWDT_SetWindowingSync:00000000 L0
C:\Users\Andrea\AppData\Local\Temp\cc9Zj8Lr.s:171    .text.OCWDT_ReadCounter:00000000 _OCWDT_ReadCounter
C:\Users\Andrea\AppData\Local\Temp\cc9Zj8Lr.s:175    .text.OCWDT_ReadCounter:00000000 L0
C:\Users\Andrea\AppData\Local\Temp\cc9Zj8Lr.s:185    .text.OCWDT_ReadWindow:00000000 _OCWDT_ReadWindow
C:\Users\Andrea\AppData\Local\Temp\cc9Zj8Lr.s:189    .text.OCWDT_ReadWindow:00000000 L0
C:\Users\Andrea\AppData\Local\Temp\cc9Zj8Lr.s:199    .text.OCWDT_ReadRSTCounter:00000000 _OCWDT_ReadRSTCounter
C:\Users\Andrea\AppData\Local\Temp\cc9Zj8Lr.s:203    .text.OCWDT_ReadRSTCounter:00000000 L0
C:\Users\Andrea\AppData\Local\Temp\cc9Zj8Lr.s:210    .text.OCWDT_ResetRSTCounter:00000000 _OCWDT_ResetRSTCounter
C:\Users\Andrea\AppData\Local\Temp\cc9Zj8Lr.s:214    .text.OCWDT_ResetRSTCounter:00000000 L0
C:\Users\Andrea\AppData\Local\Temp\cc9Zj8Lr.s:225    .debug_frame:00000000 .Lframe0
C:\Users\Andrea\AppData\Local\Temp\cc9Zj8Lr.s:8      .text.OCWDT_InitSync:00000000 .LFB0
C:\Users\Andrea\AppData\Local\Temp\cc9Zj8Lr.s:26     .text.OCWDT_RefreshSync:00000000 .LFB1
C:\Users\Andrea\AppData\Local\Temp\cc9Zj8Lr.s:70     .text.OCWDT_SetSync:00000000 .LFB2
C:\Users\Andrea\AppData\Local\Temp\cc9Zj8Lr.s:95     .text.OCWDT_StopSync:00000000 .LFB3
C:\Users\Andrea\AppData\Local\Temp\cc9Zj8Lr.s:119    .text.OCWDT_StartSync:00000000 .LFB4
C:\Users\Andrea\AppData\Local\Temp\cc9Zj8Lr.s:140    .text.OCWDT_SetWindowingSync:00000000 .LFB5
C:\Users\Andrea\AppData\Local\Temp\cc9Zj8Lr.s:172    .text.OCWDT_ReadCounter:00000000 .LFB6
C:\Users\Andrea\AppData\Local\Temp\cc9Zj8Lr.s:186    .text.OCWDT_ReadWindow:00000000 .LFB7
C:\Users\Andrea\AppData\Local\Temp\cc9Zj8Lr.s:200    .text.OCWDT_ReadRSTCounter:00000000 .LFB8
C:\Users\Andrea\AppData\Local\Temp\cc9Zj8Lr.s:211    .text.OCWDT_ResetRSTCounter:00000000 .LFB9
C:\Users\Andrea\AppData\Local\Temp\cc9Zj8Lr.s:1148   .debug_abbrev:00000000 .Ldebug_abbrev0
C:\Users\Andrea\AppData\Local\Temp\cc9Zj8Lr.s:1800   .debug_str:00000377 .LASF163
C:\Users\Andrea\AppData\Local\Temp\cc9Zj8Lr.s:2028   .debug_str:00000e57 .LASF164
C:\Users\Andrea\AppData\Local\Temp\cc9Zj8Lr.s:1690   .debug_ranges:00000000 .Ldebug_ranges0
C:\Users\Andrea\AppData\Local\Temp\cc9Zj8Lr.s:1714   .debug_line:00000000 .Ldebug_line0
C:\Users\Andrea\AppData\Local\Temp\cc9Zj8Lr.s:1938   .debug_str:000009fb .LASF0
C:\Users\Andrea\AppData\Local\Temp\cc9Zj8Lr.s:1838   .debug_str:0000056c .LASF1
C:\Users\Andrea\AppData\Local\Temp\cc9Zj8Lr.s:1956   .debug_str:00000af1 .LASF6
C:\Users\Andrea\AppData\Local\Temp\cc9Zj8Lr.s:1962   .debug_str:00000b15 .LASF2
C:\Users\Andrea\AppData\Local\Temp\cc9Zj8Lr.s:1742   .debug_str:0000011f .LASF3
C:\Users\Andrea\AppData\Local\Temp\cc9Zj8Lr.s:1748   .debug_str:00000146 .LASF4
C:\Users\Andrea\AppData\Local\Temp\cc9Zj8Lr.s:1764   .debug_str:000001ea .LASF5
C:\Users\Andrea\AppData\Local\Temp\cc9Zj8Lr.s:2012   .debug_str:00000d82 .LASF7
C:\Users\Andrea\AppData\Local\Temp\cc9Zj8Lr.s:1934   .debug_str:000009cf .LASF8
C:\Users\Andrea\AppData\Local\Temp\cc9Zj8Lr.s:1766   .debug_str:000001f8 .LASF9
C:\Users\Andrea\AppData\Local\Temp\cc9Zj8Lr.s:1770   .debug_str:00000227 .LASF10
C:\Users\Andrea\AppData\Local\Temp\cc9Zj8Lr.s:1974   .debug_str:00000b8e .LASF11
C:\Users\Andrea\AppData\Local\Temp\cc9Zj8Lr.s:1888   .debug_str:00000790 .LASF12
C:\Users\Andrea\AppData\Local\Temp\cc9Zj8Lr.s:1960   .debug_str:00000b10 .LASF13
C:\Users\Andrea\AppData\Local\Temp\cc9Zj8Lr.s:1858   .debug_str:0000065b .LASF14
C:\Users\Andrea\AppData\Local\Temp\cc9Zj8Lr.s:1836   .debug_str:0000055c .LASF15
C:\Users\Andrea\AppData\Local\Temp\cc9Zj8Lr.s:1926   .debug_str:00000981 .LASF16
C:\Users\Andrea\AppData\Local\Temp\cc9Zj8Lr.s:1948   .debug_str:00000a82 .LASF17
C:\Users\Andrea\AppData\Local\Temp\cc9Zj8Lr.s:1884   .debug_str:00000774 .LASF165
C:\Users\Andrea\AppData\Local\Temp\cc9Zj8Lr.s:1788   .debug_str:000002fb .LASF18
C:\Users\Andrea\AppData\Local\Temp\cc9Zj8Lr.s:1738   .debug_str:000000ef .LASF19
C:\Users\Andrea\AppData\Local\Temp\cc9Zj8Lr.s:1756   .debug_str:000001ab .LASF20
C:\Users\Andrea\AppData\Local\Temp\cc9Zj8Lr.s:1886   .debug_str:0000077e .LASF21
C:\Users\Andrea\AppData\Local\Temp\cc9Zj8Lr.s:1726   .debug_str:00000084 .LASF22
C:\Users\Andrea\AppData\Local\Temp\cc9Zj8Lr.s:1762   .debug_str:000001d7 .LASF23
C:\Users\Andrea\AppData\Local\Temp\cc9Zj8Lr.s:1862   .debug_str:0000067b .LASF24
C:\Users\Andrea\AppData\Local\Temp\cc9Zj8Lr.s:1916   .debug_str:000008fd .LASF25
C:\Users\Andrea\AppData\Local\Temp\cc9Zj8Lr.s:1824   .debug_str:000004e3 .LASF26
C:\Users\Andrea\AppData\Local\Temp\cc9Zj8Lr.s:1940   .debug_str:00000a05 .LASF27
C:\Users\Andrea\AppData\Local\Temp\cc9Zj8Lr.s:1874   .debug_str:00000710 .LASF28
C:\Users\Andrea\AppData\Local\Temp\cc9Zj8Lr.s:1976   .debug_str:00000b9b .LASF29
C:\Users\Andrea\AppData\Local\Temp\cc9Zj8Lr.s:1722   .debug_str:00000054 .LASF30
C:\Users\Andrea\AppData\Local\Temp\cc9Zj8Lr.s:2044   .debug_str:00000f4d .LASF31
C:\Users\Andrea\AppData\Local\Temp\cc9Zj8Lr.s:1840   .debug_str:0000057f .LASF32
C:\Users\Andrea\AppData\Local\Temp\cc9Zj8Lr.s:1832   .debug_str:00000523 .LASF33
C:\Users\Andrea\AppData\Local\Temp\cc9Zj8Lr.s:1932   .debug_str:000009c1 .LASF34
C:\Users\Andrea\AppData\Local\Temp\cc9Zj8Lr.s:2008   .debug_str:00000d6a .LASF35
C:\Users\Andrea\AppData\Local\Temp\cc9Zj8Lr.s:1880   .debug_str:00000758 .LASF36
C:\Users\Andrea\AppData\Local\Temp\cc9Zj8Lr.s:1852   .debug_str:00000608 .LASF37
C:\Users\Andrea\AppData\Local\Temp\cc9Zj8Lr.s:1826   .debug_str:000004f5 .LASF38
C:\Users\Andrea\AppData\Local\Temp\cc9Zj8Lr.s:1828   .debug_str:00000508 .LASF39
C:\Users\Andrea\AppData\Local\Temp\cc9Zj8Lr.s:1786   .debug_str:000002ec .LASF40
C:\Users\Andrea\AppData\Local\Temp\cc9Zj8Lr.s:1996   .debug_str:00000ced .LASF41
C:\Users\Andrea\AppData\Local\Temp\cc9Zj8Lr.s:2010   .debug_str:00000d76 .LASF42
C:\Users\Andrea\AppData\Local\Temp\cc9Zj8Lr.s:1904   .debug_str:00000846 .LASF43
C:\Users\Andrea\AppData\Local\Temp\cc9Zj8Lr.s:1752   .debug_str:0000016d .LASF44
C:\Users\Andrea\AppData\Local\Temp\cc9Zj8Lr.s:1746   .debug_str:00000137 .LASF45
C:\Users\Andrea\AppData\Local\Temp\cc9Zj8Lr.s:1952   .debug_str:00000acb .LASF46
C:\Users\Andrea\AppData\Local\Temp\cc9Zj8Lr.s:1954   .debug_str:00000ade .LASF47
C:\Users\Andrea\AppData\Local\Temp\cc9Zj8Lr.s:1730   .debug_str:000000a5 .LASF48
C:\Users\Andrea\AppData\Local\Temp\cc9Zj8Lr.s:1732   .debug_str:000000b8 .LASF49
C:\Users\Andrea\AppData\Local\Temp\cc9Zj8Lr.s:2018   .debug_str:00000dbf .LASF50
C:\Users\Andrea\AppData\Local\Temp\cc9Zj8Lr.s:1798   .debug_str:00000363 .LASF51
C:\Users\Andrea\AppData\Local\Temp\cc9Zj8Lr.s:1922   .debug_str:00000957 .LASF52
C:\Users\Andrea\AppData\Local\Temp\cc9Zj8Lr.s:1924   .debug_str:0000096c .LASF53
C:\Users\Andrea\AppData\Local\Temp\cc9Zj8Lr.s:1856   .debug_str:0000062c .LASF54
C:\Users\Andrea\AppData\Local\Temp\cc9Zj8Lr.s:1816   .debug_str:0000044c .LASF55
C:\Users\Andrea\AppData\Local\Temp\cc9Zj8Lr.s:1946   .debug_str:00000a4d .LASF56
C:\Users\Andrea\AppData\Local\Temp\cc9Zj8Lr.s:1906   .debug_str:0000085b .LASF57
C:\Users\Andrea\AppData\Local\Temp\cc9Zj8Lr.s:1990   .debug_str:00000c6d .LASF58
C:\Users\Andrea\AppData\Local\Temp\cc9Zj8Lr.s:1868   .debug_str:000006b4 .LASF59
C:\Users\Andrea\AppData\Local\Temp\cc9Zj8Lr.s:1978   .debug_str:00000bb5 .LASF60
C:\Users\Andrea\AppData\Local\Temp\cc9Zj8Lr.s:2026   .debug_str:00000e22 .LASF61
C:\Users\Andrea\AppData\Local\Temp\cc9Zj8Lr.s:1950   .debug_str:00000a97 .LASF62
C:\Users\Andrea\AppData\Local\Temp\cc9Zj8Lr.s:1802   .debug_str:0000039d .LASF63
C:\Users\Andrea\AppData\Local\Temp\cc9Zj8Lr.s:1804   .debug_str:000003b4 .LASF64
C:\Users\Andrea\AppData\Local\Temp\cc9Zj8Lr.s:1806   .debug_str:000003cb .LASF65
C:\Users\Andrea\AppData\Local\Temp\cc9Zj8Lr.s:1808   .debug_str:000003e2 .LASF66
C:\Users\Andrea\AppData\Local\Temp\cc9Zj8Lr.s:1810   .debug_str:000003f9 .LASF67
C:\Users\Andrea\AppData\Local\Temp\cc9Zj8Lr.s:1812   .debug_str:00000410 .LASF68
C:\Users\Andrea\AppData\Local\Temp\cc9Zj8Lr.s:2050   .debug_str:00000f91 .LASF69
C:\Users\Andrea\AppData\Local\Temp\cc9Zj8Lr.s:1716   .debug_str:00000000 .LASF70
C:\Users\Andrea\AppData\Local\Temp\cc9Zj8Lr.s:2036   .debug_str:00000ef5 .LASF71
C:\Users\Andrea\AppData\Local\Temp\cc9Zj8Lr.s:2038   .debug_str:00000f0d .LASF72
C:\Users\Andrea\AppData\Local\Temp\cc9Zj8Lr.s:1890   .debug_str:00000799 .LASF73
C:\Users\Andrea\AppData\Local\Temp\cc9Zj8Lr.s:1892   .debug_str:000007b1 .LASF74
C:\Users\Andrea\AppData\Local\Temp\cc9Zj8Lr.s:1894   .debug_str:000007c9 .LASF75
C:\Users\Andrea\AppData\Local\Temp\cc9Zj8Lr.s:2040   .debug_str:00000f25 .LASF76
C:\Users\Andrea\AppData\Local\Temp\cc9Zj8Lr.s:1898   .debug_str:000007fb .LASF77
C:\Users\Andrea\AppData\Local\Temp\cc9Zj8Lr.s:1900   .debug_str:00000813 .LASF78
C:\Users\Andrea\AppData\Local\Temp\cc9Zj8Lr.s:1842   .debug_str:00000589 .LASF79
C:\Users\Andrea\AppData\Local\Temp\cc9Zj8Lr.s:1910   .debug_str:000008a9 .LASF80
C:\Users\Andrea\AppData\Local\Temp\cc9Zj8Lr.s:1846   .debug_str:000005bd .LASF81
C:\Users\Andrea\AppData\Local\Temp\cc9Zj8Lr.s:1848   .debug_str:000005d6 .LASF82
C:\Users\Andrea\AppData\Local\Temp\cc9Zj8Lr.s:1850   .debug_str:000005ef .LASF83
C:\Users\Andrea\AppData\Local\Temp\cc9Zj8Lr.s:2046   .debug_str:00000f5d .LASF84
C:\Users\Andrea\AppData\Local\Temp\cc9Zj8Lr.s:1918   .debug_str:00000910 .LASF85
C:\Users\Andrea\AppData\Local\Temp\cc9Zj8Lr.s:1854   .debug_str:00000613 .LASF86
C:\Users\Andrea\AppData\Local\Temp\cc9Zj8Lr.s:1928   .debug_str:00000991 .LASF87
C:\Users\Andrea\AppData\Local\Temp\cc9Zj8Lr.s:1994   .debug_str:00000cc8 .LASF88
C:\Users\Andrea\AppData\Local\Temp\cc9Zj8Lr.s:1992   .debug_str:00000ca3 .LASF89
C:\Users\Andrea\AppData\Local\Temp\cc9Zj8Lr.s:1878   .debug_str:00000743 .LASF90
C:\Users\Andrea\AppData\Local\Temp\cc9Zj8Lr.s:1724   .debug_str:00000069 .LASF91
C:\Users\Andrea\AppData\Local\Temp\cc9Zj8Lr.s:1944   .debug_str:00000a3a .LASF92
C:\Users\Andrea\AppData\Local\Temp\cc9Zj8Lr.s:2048   .debug_str:00000f81 .LASF93
C:\Users\Andrea\AppData\Local\Temp\cc9Zj8Lr.s:1744   .debug_str:00000128 .LASF94
C:\Users\Andrea\AppData\Local\Temp\cc9Zj8Lr.s:1818   .debug_str:00000488 .LASF95
C:\Users\Andrea\AppData\Local\Temp\cc9Zj8Lr.s:1866   .debug_str:0000069a .LASF96
C:\Users\Andrea\AppData\Local\Temp\cc9Zj8Lr.s:1822   .debug_str:000004c7 .LASF97
C:\Users\Andrea\AppData\Local\Temp\cc9Zj8Lr.s:1792   .debug_str:0000031d .LASF98
C:\Users\Andrea\AppData\Local\Temp\cc9Zj8Lr.s:1814   .debug_str:00000427 .LASF99
C:\Users\Andrea\AppData\Local\Temp\cc9Zj8Lr.s:1782   .debug_str:000002b2 .LASF100
C:\Users\Andrea\AppData\Local\Temp\cc9Zj8Lr.s:1908   .debug_str:0000088f .LASF101
C:\Users\Andrea\AppData\Local\Temp\cc9Zj8Lr.s:1834   .debug_str:00000538 .LASF102
C:\Users\Andrea\AppData\Local\Temp\cc9Zj8Lr.s:1794   .debug_str:00000337 .LASF103
C:\Users\Andrea\AppData\Local\Temp\cc9Zj8Lr.s:2004   .debug_str:00000d39 .LASF104
C:\Users\Andrea\AppData\Local\Temp\cc9Zj8Lr.s:1784   .debug_str:000002ce .LASF105
C:\Users\Andrea\AppData\Local\Temp\cc9Zj8Lr.s:2030   .debug_str:00000e98 .LASF106
C:\Users\Andrea\AppData\Local\Temp\cc9Zj8Lr.s:2024   .debug_str:00000dfd .LASF107
C:\Users\Andrea\AppData\Local\Temp\cc9Zj8Lr.s:1740   .debug_str:000000f9 .LASF108
C:\Users\Andrea\AppData\Local\Temp\cc9Zj8Lr.s:1776   .debug_str:00000267 .LASF109
C:\Users\Andrea\AppData\Local\Temp\cc9Zj8Lr.s:2032   .debug_str:00000ec3 .LASF110
C:\Users\Andrea\AppData\Local\Temp\cc9Zj8Lr.s:1970   .debug_str:00000b5e .LASF111
C:\Users\Andrea\AppData\Local\Temp\cc9Zj8Lr.s:1896   .debug_str:000007e1 .LASF112
C:\Users\Andrea\AppData\Local\Temp\cc9Zj8Lr.s:2006   .debug_str:00000d53 .LASF113
C:\Users\Andrea\AppData\Local\Temp\cc9Zj8Lr.s:1772   .debug_str:0000022e .LASF114
C:\Users\Andrea\AppData\Local\Temp\cc9Zj8Lr.s:1820   .debug_str:000004a5 .LASF115
C:\Users\Andrea\AppData\Local\Temp\cc9Zj8Lr.s:1768   .debug_str:00000204 .LASF116
C:\Users\Andrea\AppData\Local\Temp\cc9Zj8Lr.s:1982   .debug_str:00000bff .LASF117
C:\Users\Andrea\AppData\Local\Temp\cc9Zj8Lr.s:1912   .debug_str:000008c2 .LASF118
C:\Users\Andrea\AppData\Local\Temp\cc9Zj8Lr.s:1920   .debug_str:00000929 .LASF119
C:\Users\Andrea\AppData\Local\Temp\cc9Zj8Lr.s:1984   .debug_str:00000c2e .LASF120
C:\Users\Andrea\AppData\Local\Temp\cc9Zj8Lr.s:1754   .debug_str:0000017a .LASF121
C:\Users\Andrea\AppData\Local\Temp\cc9Zj8Lr.s:1720   .debug_str:00000026 .LASF122
C:\Users\Andrea\AppData\Local\Temp\cc9Zj8Lr.s:1844   .debug_str:000005a2 .LASF123
C:\Users\Andrea\AppData\Local\Temp\cc9Zj8Lr.s:2014   .debug_str:00000d8a .LASF124
C:\Users\Andrea\AppData\Local\Temp\cc9Zj8Lr.s:1778   .debug_str:0000028b .LASF125
C:\Users\Andrea\AppData\Local\Temp\cc9Zj8Lr.s:1774   .debug_str:0000024f .LASF126
C:\Users\Andrea\AppData\Local\Temp\cc9Zj8Lr.s:1942   .debug_str:00000a1b .LASF127
C:\Users\Andrea\AppData\Local\Temp\cc9Zj8Lr.s:1936   .debug_str:000009dd .LASF128
C:\Users\Andrea\AppData\Local\Temp\cc9Zj8Lr.s:1876   .debug_str:00000728 .LASF129
C:\Users\Andrea\AppData\Local\Temp\cc9Zj8Lr.s:2000   .debug_str:00000d0a .LASF130
C:\Users\Andrea\AppData\Local\Temp\cc9Zj8Lr.s:1968   .debug_str:00000b49 .LASF131
C:\Users\Andrea\AppData\Local\Temp\cc9Zj8Lr.s:2022   .debug_str:00000de4 .LASF132
C:\Users\Andrea\AppData\Local\Temp\cc9Zj8Lr.s:1760   .debug_str:000001bd .LASF133
C:\Users\Andrea\AppData\Local\Temp\cc9Zj8Lr.s:1736   .debug_str:000000d6 .LASF134
C:\Users\Andrea\AppData\Local\Temp\cc9Zj8Lr.s:1902   .debug_str:0000082b .LASF135
C:\Users\Andrea\AppData\Local\Temp\cc9Zj8Lr.s:1790   .debug_str:00000303 .LASF136
C:\Users\Andrea\AppData\Local\Temp\cc9Zj8Lr.s:1988   .debug_str:00000c62 .LASF137
C:\Users\Andrea\AppData\Local\Temp\cc9Zj8Lr.s:1914   .debug_str:000008f1 .LASF166
C:\Users\Andrea\AppData\Local\Temp\cc9Zj8Lr.s:1964   .debug_str:00000b27 .LASF138
C:\Users\Andrea\AppData\Local\Temp\cc9Zj8Lr.s:1758   .debug_str:000001b8 .LASF139
C:\Users\Andrea\AppData\Local\Temp\cc9Zj8Lr.s:1734   .debug_str:000000cb .LASF140
C:\Users\Andrea\AppData\Local\Temp\cc9Zj8Lr.s:1718   .debug_str:00000017 .LASF141
C:\Users\Andrea\AppData\Local\Temp\cc9Zj8Lr.s:20     .text.OCWDT_InitSync:00000010 .LFE0
C:\Users\Andrea\AppData\Local\Temp\cc9Zj8Lr.s:13     .text.OCWDT_InitSync:00000004 .LVL0
C:\Users\Andrea\AppData\Local\Temp\cc9Zj8Lr.s:2020   .debug_str:00000dd2 .LASF144
C:\Users\Andrea\AppData\Local\Temp\cc9Zj8Lr.s:64     .text.OCWDT_RefreshSync:00000033 .LFE1
C:\Users\Andrea\AppData\Local\Temp\cc9Zj8Lr.s:1608   .debug_loc:00000000 .LLST0
C:\Users\Andrea\AppData\Local\Temp\cc9Zj8Lr.s:32     .text.OCWDT_RefreshSync:00000006 .LVL1
C:\Users\Andrea\AppData\Local\Temp\cc9Zj8Lr.s:37     .text.OCWDT_RefreshSync:0000000e .LVL2
C:\Users\Andrea\AppData\Local\Temp\cc9Zj8Lr.s:48     .text.OCWDT_RefreshSync:00000024 .LVL3
C:\Users\Andrea\AppData\Local\Temp\cc9Zj8Lr.s:2034   .debug_str:00000ee7 .LASF142
C:\Users\Andrea\AppData\Local\Temp\cc9Zj8Lr.s:89     .text.OCWDT_SetSync:00000012 .LFE2
C:\Users\Andrea\AppData\Local\Temp\cc9Zj8Lr.s:1830   .debug_str:0000051b .LASF147
C:\Users\Andrea\AppData\Local\Temp\cc9Zj8Lr.s:1621   .debug_loc:00000020 .LLST1
C:\Users\Andrea\AppData\Local\Temp\cc9Zj8Lr.s:75     .text.OCWDT_SetSync:00000004 .LVL5
C:\Users\Andrea\AppData\Local\Temp\cc9Zj8Lr.s:1882   .debug_str:00000765 .LASF143
C:\Users\Andrea\AppData\Local\Temp\cc9Zj8Lr.s:113    .text.OCWDT_StopSync:00000012 .LFE3
C:\Users\Andrea\AppData\Local\Temp\cc9Zj8Lr.s:99     .text.OCWDT_StopSync:00000004 .LVL6
C:\Users\Andrea\AppData\Local\Temp\cc9Zj8Lr.s:1750   .debug_str:0000015d .LASF145
C:\Users\Andrea\AppData\Local\Temp\cc9Zj8Lr.s:134    .text.OCWDT_StartSync:00000012 .LFE4
C:\Users\Andrea\AppData\Local\Temp\cc9Zj8Lr.s:123    .text.OCWDT_StartSync:00000004 .LVL7
C:\Users\Andrea\AppData\Local\Temp\cc9Zj8Lr.s:128    .text.OCWDT_StartSync:0000000b .LVL8
C:\Users\Andrea\AppData\Local\Temp\cc9Zj8Lr.s:133    .text.OCWDT_StartSync:00000012 .LVL9
C:\Users\Andrea\AppData\Local\Temp\cc9Zj8Lr.s:1966   .debug_str:00000b32 .LASF146
C:\Users\Andrea\AppData\Local\Temp\cc9Zj8Lr.s:166    .text.OCWDT_SetWindowingSync:0000001e .LFE5
C:\Users\Andrea\AppData\Local\Temp\cc9Zj8Lr.s:1635   .debug_loc:00000041 .LLST2
C:\Users\Andrea\AppData\Local\Temp\cc9Zj8Lr.s:1864   .debug_str:00000693 .LASF148
C:\Users\Andrea\AppData\Local\Temp\cc9Zj8Lr.s:1648   .debug_loc:00000061 .LLST3
C:\Users\Andrea\AppData\Local\Temp\cc9Zj8Lr.s:148    .text.OCWDT_SetWindowingSync:00000008 .LVL11
C:\Users\Andrea\AppData\Local\Temp\cc9Zj8Lr.s:154    .text.OCWDT_SetWindowingSync:00000011 .LVL12
C:\Users\Andrea\AppData\Local\Temp\cc9Zj8Lr.s:2002   .debug_str:00000d27 .LASF149
C:\Users\Andrea\AppData\Local\Temp\cc9Zj8Lr.s:180    .text.OCWDT_ReadCounter:00000007 .LFE6
C:\Users\Andrea\AppData\Local\Temp\cc9Zj8Lr.s:176    .text.OCWDT_ReadCounter:00000004 .LVL13
C:\Users\Andrea\AppData\Local\Temp\cc9Zj8Lr.s:1860   .debug_str:0000066a .LASF150
C:\Users\Andrea\AppData\Local\Temp\cc9Zj8Lr.s:194    .text.OCWDT_ReadWindow:00000007 .LFE7
C:\Users\Andrea\AppData\Local\Temp\cc9Zj8Lr.s:190    .text.OCWDT_ReadWindow:00000004 .LVL14
C:\Users\Andrea\AppData\Local\Temp\cc9Zj8Lr.s:2016   .debug_str:00000daa .LASF151
C:\Users\Andrea\AppData\Local\Temp\cc9Zj8Lr.s:205    .text.OCWDT_ReadRSTCounter:00000003 .LFE8
C:\Users\Andrea\AppData\Local\Temp\cc9Zj8Lr.s:1958   .debug_str:00000afa .LASF152
C:\Users\Andrea\AppData\Local\Temp\cc9Zj8Lr.s:216    .text.OCWDT_ResetRSTCounter:00000003 .LFE9
C:\Users\Andrea\AppData\Local\Temp\cc9Zj8Lr.s:1986   .debug_str:00000c59 .LASF167
C:\Users\Andrea\AppData\Local\Temp\cc9Zj8Lr.s:1780   .debug_str:000002a5 .LASF155
C:\Users\Andrea\AppData\Local\Temp\cc9Zj8Lr.s:1998   .debug_str:00000cfe .LASF153
C:\Users\Andrea\AppData\Local\Temp\cc9Zj8Lr.s:1972   .debug_str:00000b7d .LASF154
C:\Users\Andrea\AppData\Local\Temp\cc9Zj8Lr.s:1796   .debug_str:00000357 .LASF156
C:\Users\Andrea\AppData\Local\Temp\cc9Zj8Lr.s:1930   .debug_str:000009b1 .LASF157
C:\Users\Andrea\AppData\Local\Temp\cc9Zj8Lr.s:1872   .debug_str:00000702 .LASF158
C:\Users\Andrea\AppData\Local\Temp\cc9Zj8Lr.s:1870   .debug_str:000006ea .LASF159
C:\Users\Andrea\AppData\Local\Temp\cc9Zj8Lr.s:1980   .debug_str:00000bea .LASF160
C:\Users\Andrea\AppData\Local\Temp\cc9Zj8Lr.s:2042   .debug_str:00000f3d .LASF161
C:\Users\Andrea\AppData\Local\Temp\cc9Zj8Lr.s:1728   .debug_str:00000097 .LASF162
C:\Users\Andrea\AppData\Local\Temp\cc9Zj8Lr.s:29     .text.OCWDT_RefreshSync:00000002 .LCFI0
C:\Users\Andrea\AppData\Local\Temp\cc9Zj8Lr.s:72     .text.OCWDT_SetSync:00000000 .LVL4
C:\Users\Andrea\AppData\Local\Temp\cc9Zj8Lr.s:144    .text.OCWDT_SetWindowingSync:00000002 .LCFI1
C:\Users\Andrea\AppData\Local\Temp\cc9Zj8Lr.s:142    .text.OCWDT_SetWindowingSync:00000000 .LVL10
C:\Users\Andrea\AppData\Local\Temp\cc9Zj8Lr.s:341    .debug_info:00000000 .Ldebug_info0

UNDEFINED SYMBOLS
_WDT_InitSync
_WDT_Enabled
_WDT_IsWindowOpen
_WDT_Refresh
_WDT_AllowUpdate
_WDT_StartSync
_LIB_Error_Fatal_Handler
_WDT_SetWindowingSync
_WDT_ReadCounter
_WDT_GetWindow
