   1                             		.file	"OS_Error.c"
   2                             		.section P,"ax"
   3                             	.Ltext0:
   4                             		.section	.text.OS_Error,"ax",@progbits
   5                             		.global	_OS_Error
   7                             	_OS_Error:
   8                             	.LFB0:
   9                             		.file 1 "C:/Workspace/FW_Inertia/branch_indesit/CFG_DishWasher/CFG_Inertia/OS_Error.c"
   1:C:/Workspace/FW_Inertia/branch_indesit/CFG_DishWasher/CFG_Inertia\OS_Error.c **** /*********************************************************************
   2:C:/Workspace/FW_Inertia/branch_indesit/CFG_DishWasher/CFG_Inertia\OS_Error.c **** *               SEGGER MICROCONTROLLER GmbH & Co KG                  *
   3:C:/Workspace/FW_Inertia/branch_indesit/CFG_DishWasher/CFG_Inertia\OS_Error.c **** *       Solutions for real time microcontroller applications         *
   4:C:/Workspace/FW_Inertia/branch_indesit/CFG_DishWasher/CFG_Inertia\OS_Error.c **** **********************************************************************
   5:C:/Workspace/FW_Inertia/branch_indesit/CFG_DishWasher/CFG_Inertia\OS_Error.c **** *                                                                    *
   6:C:/Workspace/FW_Inertia/branch_indesit/CFG_DishWasher/CFG_Inertia\OS_Error.c **** *       (c) 1995 - 2010  SEGGER Microcontroller GmbH & Co KG         *
   7:C:/Workspace/FW_Inertia/branch_indesit/CFG_DishWasher/CFG_Inertia\OS_Error.c **** *                                                                    *
   8:C:/Workspace/FW_Inertia/branch_indesit/CFG_DishWasher/CFG_Inertia\OS_Error.c **** *       www.segger.com     Support: support@segger.com               *
   9:C:/Workspace/FW_Inertia/branch_indesit/CFG_DishWasher/CFG_Inertia\OS_Error.c **** *                                                                    *
  10:C:/Workspace/FW_Inertia/branch_indesit/CFG_DishWasher/CFG_Inertia\OS_Error.c **** **********************************************************************
  11:C:/Workspace/FW_Inertia/branch_indesit/CFG_DishWasher/CFG_Inertia\OS_Error.c **** *                                                                    *
  12:C:/Workspace/FW_Inertia/branch_indesit/CFG_DishWasher/CFG_Inertia\OS_Error.c **** *       embOS * Real time operating system for microcontrollers      *
  13:C:/Workspace/FW_Inertia/branch_indesit/CFG_DishWasher/CFG_Inertia\OS_Error.c **** *                                                                    *
  14:C:/Workspace/FW_Inertia/branch_indesit/CFG_DishWasher/CFG_Inertia\OS_Error.c **** *                                                                    *
  15:C:/Workspace/FW_Inertia/branch_indesit/CFG_DishWasher/CFG_Inertia\OS_Error.c **** *       Please note:                                                 *
  16:C:/Workspace/FW_Inertia/branch_indesit/CFG_DishWasher/CFG_Inertia\OS_Error.c **** *                                                                    *
  17:C:/Workspace/FW_Inertia/branch_indesit/CFG_DishWasher/CFG_Inertia\OS_Error.c **** *       Knowledge of this file may under no circumstances            *
  18:C:/Workspace/FW_Inertia/branch_indesit/CFG_DishWasher/CFG_Inertia\OS_Error.c **** *       be used to write a similar product or a real-time            *
  19:C:/Workspace/FW_Inertia/branch_indesit/CFG_DishWasher/CFG_Inertia\OS_Error.c **** *       operating system for in-house use.                           *
  20:C:/Workspace/FW_Inertia/branch_indesit/CFG_DishWasher/CFG_Inertia\OS_Error.c **** *                                                                    *
  21:C:/Workspace/FW_Inertia/branch_indesit/CFG_DishWasher/CFG_Inertia\OS_Error.c **** *       Thank you for your fairness !                                *
  22:C:/Workspace/FW_Inertia/branch_indesit/CFG_DishWasher/CFG_Inertia\OS_Error.c **** *                                                                    *
  23:C:/Workspace/FW_Inertia/branch_indesit/CFG_DishWasher/CFG_Inertia\OS_Error.c **** **********************************************************************
  24:C:/Workspace/FW_Inertia/branch_indesit/CFG_DishWasher/CFG_Inertia\OS_Error.c **** *                                                                    *
  25:C:/Workspace/FW_Inertia/branch_indesit/CFG_DishWasher/CFG_Inertia\OS_Error.c **** *       OS version: 3.82p                                            *
  26:C:/Workspace/FW_Inertia/branch_indesit/CFG_DishWasher/CFG_Inertia\OS_Error.c **** *                                                                    *
  27:C:/Workspace/FW_Inertia/branch_indesit/CFG_DishWasher/CFG_Inertia\OS_Error.c **** **********************************************************************
  28:C:/Workspace/FW_Inertia/branch_indesit/CFG_DishWasher/CFG_Inertia\OS_Error.c **** 
  29:C:/Workspace/FW_Inertia/branch_indesit/CFG_DishWasher/CFG_Inertia\OS_Error.c **** ----------------------------------------------------------------------
  30:C:/Workspace/FW_Inertia/branch_indesit/CFG_DishWasher/CFG_Inertia\OS_Error.c **** File    : OS_Error.c
  31:C:/Workspace/FW_Inertia/branch_indesit/CFG_DishWasher/CFG_Inertia\OS_Error.c **** Purpose : OS error handler. Not required in "R" (release) builds
  32:C:/Workspace/FW_Inertia/branch_indesit/CFG_DishWasher/CFG_Inertia\OS_Error.c ****           Feel free to modify this file acc. to your target system.
  33:C:/Workspace/FW_Inertia/branch_indesit/CFG_DishWasher/CFG_Inertia\OS_Error.c **** --------  END-OF-HEADER  ---------------------------------------------
  34:C:/Workspace/FW_Inertia/branch_indesit/CFG_DishWasher/CFG_Inertia\OS_Error.c **** */
  35:C:/Workspace/FW_Inertia/branch_indesit/CFG_DishWasher/CFG_Inertia\OS_Error.c **** 
  36:C:/Workspace/FW_Inertia/branch_indesit/CFG_DishWasher/CFG_Inertia\OS_Error.c **** #define MODULE_BODY_OS_ERROR
  37:C:/Workspace/FW_Inertia/branch_indesit/CFG_DishWasher/CFG_Inertia\OS_Error.c **** #include "OS_Config.h"
  38:C:/Workspace/FW_Inertia/branch_indesit/CFG_DishWasher/CFG_Inertia\OS_Error.c **** #include "Tools.h"
  39:C:/Workspace/FW_Inertia/branch_indesit/CFG_DishWasher/CFG_Inertia\OS_Error.c **** #include "LIB_Error.h"
  40:C:/Workspace/FW_Inertia/branch_indesit/CFG_DishWasher/CFG_Inertia\OS_Error.c **** 
  41:C:/Workspace/FW_Inertia/branch_indesit/CFG_DishWasher/CFG_Inertia\OS_Error.c **** /*********************************************************************
  42:C:/Workspace/FW_Inertia/branch_indesit/CFG_DishWasher/CFG_Inertia\OS_Error.c **** *
  43:C:/Workspace/FW_Inertia/branch_indesit/CFG_DishWasher/CFG_Inertia\OS_Error.c **** *       Global functions
  44:C:/Workspace/FW_Inertia/branch_indesit/CFG_DishWasher/CFG_Inertia\OS_Error.c **** *
  45:C:/Workspace/FW_Inertia/branch_indesit/CFG_DishWasher/CFG_Inertia\OS_Error.c **** **********************************************************************
  46:C:/Workspace/FW_Inertia/branch_indesit/CFG_DishWasher/CFG_Inertia\OS_Error.c **** */
  47:C:/Workspace/FW_Inertia/branch_indesit/CFG_DishWasher/CFG_Inertia\OS_Error.c **** 
  48:C:/Workspace/FW_Inertia/branch_indesit/CFG_DishWasher/CFG_Inertia\OS_Error.c **** /*********************************************************************
  49:C:/Workspace/FW_Inertia/branch_indesit/CFG_DishWasher/CFG_Inertia\OS_Error.c **** *
  50:C:/Workspace/FW_Inertia/branch_indesit/CFG_DishWasher/CFG_Inertia\OS_Error.c **** *       (OS_Error)
  51:C:/Workspace/FW_Inertia/branch_indesit/CFG_DishWasher/CFG_Inertia\OS_Error.c **** *
  52:C:/Workspace/FW_Inertia/branch_indesit/CFG_DishWasher/CFG_Inertia\OS_Error.c **** **********************************************************************
  53:C:/Workspace/FW_Inertia/branch_indesit/CFG_DishWasher/CFG_Inertia\OS_Error.c **** 
  54:C:/Workspace/FW_Inertia/branch_indesit/CFG_DishWasher/CFG_Inertia\OS_Error.c ****  Run-time error reaction
  55:C:/Workspace/FW_Inertia/branch_indesit/CFG_DishWasher/CFG_Inertia\OS_Error.c **** 
  56:C:/Workspace/FW_Inertia/branch_indesit/CFG_DishWasher/CFG_Inertia\OS_Error.c ****  When this happens, a fatal error has occured and the kernel
  57:C:/Workspace/FW_Inertia/branch_indesit/CFG_DishWasher/CFG_Inertia\OS_Error.c ****  can not continue. In linux, the equivalent would be a
  58:C:/Workspace/FW_Inertia/branch_indesit/CFG_DishWasher/CFG_Inertia\OS_Error.c ****  "kernel panic"
  59:C:/Workspace/FW_Inertia/branch_indesit/CFG_DishWasher/CFG_Inertia\OS_Error.c **** 
  60:C:/Workspace/FW_Inertia/branch_indesit/CFG_DishWasher/CFG_Inertia\OS_Error.c ****  This routine can be modified to suit your needs ...
  61:C:/Workspace/FW_Inertia/branch_indesit/CFG_DishWasher/CFG_Inertia\OS_Error.c ****  E.g. a red LED could light up. When using an
  62:C:/Workspace/FW_Inertia/branch_indesit/CFG_DishWasher/CFG_Inertia\OS_Error.c ****  emulator, you may set a breakpoint here.
  63:C:/Workspace/FW_Inertia/branch_indesit/CFG_DishWasher/CFG_Inertia\OS_Error.c ****  In the release builds of the library (R), this routine is not required
  64:C:/Workspace/FW_Inertia/branch_indesit/CFG_DishWasher/CFG_Inertia\OS_Error.c ****  (as no checks are performed).
  65:C:/Workspace/FW_Inertia/branch_indesit/CFG_DishWasher/CFG_Inertia\OS_Error.c ****  In the stack check builds (S/SP), only error 120 may occur.
  66:C:/Workspace/FW_Inertia/branch_indesit/CFG_DishWasher/CFG_Inertia\OS_Error.c ****  In the debug builds(D/DP), all of the listed errors may occur.
  67:C:/Workspace/FW_Inertia/branch_indesit/CFG_DishWasher/CFG_Inertia\OS_Error.c **** 
  68:C:/Workspace/FW_Inertia/branch_indesit/CFG_DishWasher/CFG_Inertia\OS_Error.c ****  The following are the current errorcodes:
  69:C:/Workspace/FW_Inertia/branch_indesit/CFG_DishWasher/CFG_Inertia\OS_Error.c ****  (Please refer to the documentation for more info)
  70:C:/Workspace/FW_Inertia/branch_indesit/CFG_DishWasher/CFG_Inertia\OS_Error.c **** 
  71:C:/Workspace/FW_Inertia/branch_indesit/CFG_DishWasher/CFG_Inertia\OS_Error.c **** *** Port 100..119 ********************************
  72:C:/Workspace/FW_Inertia/branch_indesit/CFG_DishWasher/CFG_Inertia\OS_Error.c **** OS_ERR_ISR_INDEX                      (100 = 0x64)
  73:C:/Workspace/FW_Inertia/branch_indesit/CFG_DishWasher/CFG_Inertia\OS_Error.c **** OS_ERR_ISR_VECTOR                     (101 = 0x65)
  74:C:/Workspace/FW_Inertia/branch_indesit/CFG_DishWasher/CFG_Inertia\OS_Error.c **** OS_ERR_ISR_PRIO                       (102 = 0x66)
  75:C:/Workspace/FW_Inertia/branch_indesit/CFG_DishWasher/CFG_Inertia\OS_Error.c **** OS_ERR_WRONG_STACK                    (103 = 0x67)
  76:C:/Workspace/FW_Inertia/branch_indesit/CFG_DishWasher/CFG_Inertia\OS_Error.c **** OS_ERR_ISR_NO_HANDLER                 (104 = 0x68)  *** No interrupt handler was defined for this i
  77:C:/Workspace/FW_Inertia/branch_indesit/CFG_DishWasher/CFG_Inertia\OS_Error.c **** 
  78:C:/Workspace/FW_Inertia/branch_indesit/CFG_DishWasher/CFG_Inertia\OS_Error.c **** *** OS generic ***********************************
  79:C:/Workspace/FW_Inertia/branch_indesit/CFG_DishWasher/CFG_Inertia\OS_Error.c **** 
  80:C:/Workspace/FW_Inertia/branch_indesit/CFG_DishWasher/CFG_Inertia\OS_Error.c **** OS_ERR_TIMESLICE                      (117 = 0x75)  *** A timeslice value of 0 (illegal) was set.
  81:C:/Workspace/FW_Inertia/branch_indesit/CFG_DishWasher/CFG_Inertia\OS_Error.c **** OS_ERR_INTERNAL                       (118 = 0x76)  *** OS_ChangeTask called without RegionCnt set 
  82:C:/Workspace/FW_Inertia/branch_indesit/CFG_DishWasher/CFG_Inertia\OS_Error.c **** OS_ERR_IDLE_RETURNS                   (119 = 0x77)  *** Idle loop should not return
  83:C:/Workspace/FW_Inertia/branch_indesit/CFG_DishWasher/CFG_Inertia\OS_Error.c **** 
  84:C:/Workspace/FW_Inertia/branch_indesit/CFG_DishWasher/CFG_Inertia\OS_Error.c **** *** Stack overflow ******************************
  85:C:/Workspace/FW_Inertia/branch_indesit/CFG_DishWasher/CFG_Inertia\OS_Error.c **** OS_ERR_STACK                          (120 = 0x78)  *** Stack overflow or invalid stack
  86:C:/Workspace/FW_Inertia/branch_indesit/CFG_DishWasher/CFG_Inertia\OS_Error.c **** 
  87:C:/Workspace/FW_Inertia/branch_indesit/CFG_DishWasher/CFG_Inertia\OS_Error.c **** *** Counting semaphore overflow ******************
  88:C:/Workspace/FW_Inertia/branch_indesit/CFG_DishWasher/CFG_Inertia\OS_Error.c **** OS_ERR_CSEMA_OVERFLOW                 (121 = 0x79)
  89:C:/Workspace/FW_Inertia/branch_indesit/CFG_DishWasher/CFG_Inertia\OS_Error.c **** 
  90:C:/Workspace/FW_Inertia/branch_indesit/CFG_DishWasher/CFG_Inertia\OS_Error.c **** *** Power handling module ************************
  91:C:/Workspace/FW_Inertia/branch_indesit/CFG_DishWasher/CFG_Inertia\OS_Error.c **** OS_ERR_POWER_OVER                     (122 = 0x7A)
  92:C:/Workspace/FW_Inertia/branch_indesit/CFG_DishWasher/CFG_Inertia\OS_Error.c **** OS_ERR_POWER_UNDER                    (123 = 0x7B)
  93:C:/Workspace/FW_Inertia/branch_indesit/CFG_DishWasher/CFG_Inertia\OS_Error.c **** OS_ERR_POWER_INDEX                    (124 = 0x7C)
  94:C:/Workspace/FW_Inertia/branch_indesit/CFG_DishWasher/CFG_Inertia\OS_Error.c **** 
  95:C:/Workspace/FW_Inertia/branch_indesit/CFG_DishWasher/CFG_Inertia\OS_Error.c **** *** System/interrupt stack ***********************
  96:C:/Workspace/FW_Inertia/branch_indesit/CFG_DishWasher/CFG_Inertia\OS_Error.c **** OS_ERR_SYS_STACK                      (125 = 0x7D) *** embOS system stack overflow
  97:C:/Workspace/FW_Inertia/branch_indesit/CFG_DishWasher/CFG_Inertia\OS_Error.c **** OS_ERR_INT_STACK                      (126 = 0x7E) *** Interrupt stack overflow
  98:C:/Workspace/FW_Inertia/branch_indesit/CFG_DishWasher/CFG_Inertia\OS_Error.c **** 
  99:C:/Workspace/FW_Inertia/branch_indesit/CFG_DishWasher/CFG_Inertia\OS_Error.c **** *** Invalid or non-initialized data structures ***
 100:C:/Workspace/FW_Inertia/branch_indesit/CFG_DishWasher/CFG_Inertia\OS_Error.c **** OS_ERR_INV_TASK                       (128 = 0x80)
 101:C:/Workspace/FW_Inertia/branch_indesit/CFG_DishWasher/CFG_Inertia\OS_Error.c **** OS_ERR_INV_TIMER                      (129 = 0x81)
 102:C:/Workspace/FW_Inertia/branch_indesit/CFG_DishWasher/CFG_Inertia\OS_Error.c **** OS_ERR_INV_MAILBOX                    (130 = 0x82)
 103:C:/Workspace/FW_Inertia/branch_indesit/CFG_DishWasher/CFG_Inertia\OS_Error.c **** OS_ERR_INV_CSEMA                      (132 = 0x84)
 104:C:/Workspace/FW_Inertia/branch_indesit/CFG_DishWasher/CFG_Inertia\OS_Error.c **** OS_ERR_INV_RSEMA                      (133 = 0x85)
 105:C:/Workspace/FW_Inertia/branch_indesit/CFG_DishWasher/CFG_Inertia\OS_Error.c **** 
 106:C:/Workspace/FW_Inertia/branch_indesit/CFG_DishWasher/CFG_Inertia\OS_Error.c **** *** Using GetMail1, PutMail1, GetMailCond1 or PutMailCond1
 107:C:/Workspace/FW_Inertia/branch_indesit/CFG_DishWasher/CFG_Inertia\OS_Error.c **** *** on a non-1 byte mailbox  *********************
 108:C:/Workspace/FW_Inertia/branch_indesit/CFG_DishWasher/CFG_Inertia\OS_Error.c **** OS_ERR_MAILBOX_NOT1                   (135 = 0x87)
 109:C:/Workspace/FW_Inertia/branch_indesit/CFG_DishWasher/CFG_Inertia\OS_Error.c **** 
 110:C:/Workspace/FW_Inertia/branch_indesit/CFG_DishWasher/CFG_Inertia\OS_Error.c **** *** Waitable objects deleted with waiting tasks or occupied by task ***
 111:C:/Workspace/FW_Inertia/branch_indesit/CFG_DishWasher/CFG_Inertia\OS_Error.c **** OS_ERR_MAILBOX_DELETE                 (136 = 0x88)
 112:C:/Workspace/FW_Inertia/branch_indesit/CFG_DishWasher/CFG_Inertia\OS_Error.c **** OS_ERR_CSEMA_DELETE                   (137 = 0x89)
 113:C:/Workspace/FW_Inertia/branch_indesit/CFG_DishWasher/CFG_Inertia\OS_Error.c **** OS_ERR_RSEMA_DELETE                   (138 = 0x8A)
 114:C:/Workspace/FW_Inertia/branch_indesit/CFG_DishWasher/CFG_Inertia\OS_Error.c **** 
 115:C:/Workspace/FW_Inertia/branch_indesit/CFG_DishWasher/CFG_Inertia\OS_Error.c **** *** Internal errors, please contact SEGGER Microcontrollersysteme ***
 116:C:/Workspace/FW_Inertia/branch_indesit/CFG_DishWasher/CFG_Inertia\OS_Error.c **** OS_ERR_MAILBOX_NOT_IN_LIST            (140 = 0x8C)
 117:C:/Workspace/FW_Inertia/branch_indesit/CFG_DishWasher/CFG_Inertia\OS_Error.c **** OS_ERR_TASKLIST_CORRUPT               (142 = 0x8E)
 118:C:/Workspace/FW_Inertia/branch_indesit/CFG_DishWasher/CFG_Inertia\OS_Error.c **** 
 119:C:/Workspace/FW_Inertia/branch_indesit/CFG_DishWasher/CFG_Inertia\OS_Error.c **** *** Queue errors *********************************
 120:C:/Workspace/FW_Inertia/branch_indesit/CFG_DishWasher/CFG_Inertia\OS_Error.c **** OS_ERR_QUEUE_INUSE                    (143 = 0x8F)
 121:C:/Workspace/FW_Inertia/branch_indesit/CFG_DishWasher/CFG_Inertia\OS_Error.c **** OS_ERR_QUEUE_NOT_INUSE                (144 = 0x90)
 122:C:/Workspace/FW_Inertia/branch_indesit/CFG_DishWasher/CFG_Inertia\OS_Error.c **** OS_ERR_QUEUE_INVALID                  (145 = 0x91)
 123:C:/Workspace/FW_Inertia/branch_indesit/CFG_DishWasher/CFG_Inertia\OS_Error.c **** OS_ERR_QUEUE_DELETE                   (146 = 0x92)
 124:C:/Workspace/FW_Inertia/branch_indesit/CFG_DishWasher/CFG_Inertia\OS_Error.c **** 
 125:C:/Workspace/FW_Inertia/branch_indesit/CFG_DishWasher/CFG_Inertia\OS_Error.c **** *** Not matching routine calls or macro usage ****
 126:C:/Workspace/FW_Inertia/branch_indesit/CFG_DishWasher/CFG_Inertia\OS_Error.c **** OS_ERR_UNUSE_BEFORE_USE               (150 = 0x96)
 127:C:/Workspace/FW_Inertia/branch_indesit/CFG_DishWasher/CFG_Inertia\OS_Error.c **** OS_ERR_LEAVEREGION_BEFORE_ENTERREGION (151 = 0x97)
 128:C:/Workspace/FW_Inertia/branch_indesit/CFG_DishWasher/CFG_Inertia\OS_Error.c **** OS_ERR_LEAVEINT                       (152 = 0x98)
 129:C:/Workspace/FW_Inertia/branch_indesit/CFG_DishWasher/CFG_Inertia\OS_Error.c **** OS_ERR_DICNT                          (153 = 0x99)
 130:C:/Workspace/FW_Inertia/branch_indesit/CFG_DishWasher/CFG_Inertia\OS_Error.c **** OS_ERR_INTERRUPT_DISABLED             (154 = 0x9A)
 131:C:/Workspace/FW_Inertia/branch_indesit/CFG_DishWasher/CFG_Inertia\OS_Error.c **** OS_ERR_TASK_ENDS_WITHOUT_TERMINATE    (155 = 0x9B)
 132:C:/Workspace/FW_Inertia/branch_indesit/CFG_DishWasher/CFG_Inertia\OS_Error.c **** OS_ERR_RESOURCE_OWNER                 (156 = 0x9C)
 133:C:/Workspace/FW_Inertia/branch_indesit/CFG_DishWasher/CFG_Inertia\OS_Error.c **** 
 134:C:/Workspace/FW_Inertia/branch_indesit/CFG_DishWasher/CFG_Inertia\OS_Error.c **** *** Not a legal system call during interrupt *****
 135:C:/Workspace/FW_Inertia/branch_indesit/CFG_DishWasher/CFG_Inertia\OS_Error.c **** OS_ERR_ILLEGAL_IN_ISR                 (160 = 0xA0)
 136:C:/Workspace/FW_Inertia/branch_indesit/CFG_DishWasher/CFG_Inertia\OS_Error.c **** 
 137:C:/Workspace/FW_Inertia/branch_indesit/CFG_DishWasher/CFG_Inertia\OS_Error.c **** *** Not a legal system call during timer *********
 138:C:/Workspace/FW_Inertia/branch_indesit/CFG_DishWasher/CFG_Inertia\OS_Error.c **** OS_ERR_ILLEGAL_IN_TIMER               (161 = 0xA1)
 139:C:/Workspace/FW_Inertia/branch_indesit/CFG_DishWasher/CFG_Inertia\OS_Error.c **** 
 140:C:/Workspace/FW_Inertia/branch_indesit/CFG_DishWasher/CFG_Inertia\OS_Error.c **** *** Not a legal system call outside interrupt ****
 141:C:/Workspace/FW_Inertia/branch_indesit/CFG_DishWasher/CFG_Inertia\OS_Error.c **** OS_ERR_ILLEGAL_OUT_ISR                (162 = 0xA2)
 142:C:/Workspace/FW_Inertia/branch_indesit/CFG_DishWasher/CFG_Inertia\OS_Error.c **** 
 143:C:/Workspace/FW_Inertia/branch_indesit/CFG_DishWasher/CFG_Inertia\OS_Error.c **** *** Illegal states or function calls *************
 144:C:/Workspace/FW_Inertia/branch_indesit/CFG_DishWasher/CFG_Inertia\OS_Error.c **** OS_ERR_NOT_IN_ISR                     (163 = 0xA3)  *** OS_EnterInterrupt() has been called, but CP
 145:C:/Workspace/FW_Inertia/branch_indesit/CFG_DishWasher/CFG_Inertia\OS_Error.c **** OS_ERR_IN_ISR                         (164 = 0xA4)  *** OS_EnterInterrupt() has not been called, bu
 146:C:/Workspace/FW_Inertia/branch_indesit/CFG_DishWasher/CFG_Inertia\OS_Error.c **** 
 147:C:/Workspace/FW_Inertia/branch_indesit/CFG_DishWasher/CFG_Inertia\OS_Error.c **** OS_ERR_INIT_NOT_CALLED                (165 = 0xA5)  *** OS_InitKern() was not called
 148:C:/Workspace/FW_Inertia/branch_indesit/CFG_DishWasher/CFG_Inertia\OS_Error.c **** 
 149:C:/Workspace/FW_Inertia/branch_indesit/CFG_DishWasher/CFG_Inertia\OS_Error.c **** OS_ERR_CPU_STATE_ISR_ILLEGAL          (166 = 0xA6)  *** OS-function called from ISR with high prior
 150:C:/Workspace/FW_Inertia/branch_indesit/CFG_DishWasher/CFG_Inertia\OS_Error.c **** OS_ERR_CPU_STATE_ILLEGAL              (167 = 0xA7)  *** CPU runs in illegal mode
 151:C:/Workspace/FW_Inertia/branch_indesit/CFG_DishWasher/CFG_Inertia\OS_Error.c **** OS_ERR_CPU_STATE_UNKNOWN              (168 = 0xA8)  *** CPU runs in unknown mode or mode could not 
 152:C:/Workspace/FW_Inertia/branch_indesit/CFG_DishWasher/CFG_Inertia\OS_Error.c **** 
 153:C:/Workspace/FW_Inertia/branch_indesit/CFG_DishWasher/CFG_Inertia\OS_Error.c **** *** Double used data structures **
 154:C:/Workspace/FW_Inertia/branch_indesit/CFG_DishWasher/CFG_Inertia\OS_Error.c **** OS_ERR_2USE_TASK                      (170 = 0xAA)
 155:C:/Workspace/FW_Inertia/branch_indesit/CFG_DishWasher/CFG_Inertia\OS_Error.c **** OS_ERR_2USE_TIMER                     (171 = 0xAB)
 156:C:/Workspace/FW_Inertia/branch_indesit/CFG_DishWasher/CFG_Inertia\OS_Error.c **** OS_ERR_2USE_MAILBOX                   (172 = 0xAC)
 157:C:/Workspace/FW_Inertia/branch_indesit/CFG_DishWasher/CFG_Inertia\OS_Error.c **** OS_ERR_2USE_BSEMA                     (173 = 0xAD)
 158:C:/Workspace/FW_Inertia/branch_indesit/CFG_DishWasher/CFG_Inertia\OS_Error.c **** OS_ERR_2USE_CSEMA                     (174 = 0xAE)
 159:C:/Workspace/FW_Inertia/branch_indesit/CFG_DishWasher/CFG_Inertia\OS_Error.c **** OS_ERR_2USE_RSEMA                     (175 = 0xAF)
 160:C:/Workspace/FW_Inertia/branch_indesit/CFG_DishWasher/CFG_Inertia\OS_Error.c **** OS_ERR_2USE_MEMF                      (176 = 0xB0)
 161:C:/Workspace/FW_Inertia/branch_indesit/CFG_DishWasher/CFG_Inertia\OS_Error.c **** 
 162:C:/Workspace/FW_Inertia/branch_indesit/CFG_DishWasher/CFG_Inertia\OS_Error.c **** *** Communication errors (OSCOM) **
 163:C:/Workspace/FW_Inertia/branch_indesit/CFG_DishWasher/CFG_Inertia\OS_Error.c **** OS_ERR_NESTED_RX_INT                  (180 = 0xB4)
 164:C:/Workspace/FW_Inertia/branch_indesit/CFG_DishWasher/CFG_Inertia\OS_Error.c **** 
 165:C:/Workspace/FW_Inertia/branch_indesit/CFG_DishWasher/CFG_Inertia\OS_Error.c **** *** Fixed block memory pool  ***
 166:C:/Workspace/FW_Inertia/branch_indesit/CFG_DishWasher/CFG_Inertia\OS_Error.c **** OS_ERR_MEMF_INV                       (190 = 0xBE)
 167:C:/Workspace/FW_Inertia/branch_indesit/CFG_DishWasher/CFG_Inertia\OS_Error.c **** OS_ERR_MEMF_INV_PTR                   (191 = 0xBF)
 168:C:/Workspace/FW_Inertia/branch_indesit/CFG_DishWasher/CFG_Inertia\OS_Error.c **** OS_ERR_MEMF_PTR_FREE                  (192 = 0xC0)
 169:C:/Workspace/FW_Inertia/branch_indesit/CFG_DishWasher/CFG_Inertia\OS_Error.c **** OS_ERR_MEMF_RELEASE                   (193 = 0xC1)
 170:C:/Workspace/FW_Inertia/branch_indesit/CFG_DishWasher/CFG_Inertia\OS_Error.c **** OS_ERR_MEMF_POOLADDR                  (194 = 0xC2)
 171:C:/Workspace/FW_Inertia/branch_indesit/CFG_DishWasher/CFG_Inertia\OS_Error.c **** OS_ERR_MEMF_BLOCKSIZE                 (195 = 0xC3)
 172:C:/Workspace/FW_Inertia/branch_indesit/CFG_DishWasher/CFG_Inertia\OS_Error.c **** 
 173:C:/Workspace/FW_Inertia/branch_indesit/CFG_DishWasher/CFG_Inertia\OS_Error.c **** *** Task suspend / resume errors ***
 174:C:/Workspace/FW_Inertia/branch_indesit/CFG_DishWasher/CFG_Inertia\OS_Error.c **** OS_ERR_SUSPEND_TOO_OFTEN              (200 = 0xC8)
 175:C:/Workspace/FW_Inertia/branch_indesit/CFG_DishWasher/CFG_Inertia\OS_Error.c **** OS_ERR_RESUME_BEFORE_SUSPEND          (201 = 0xC9)
 176:C:/Workspace/FW_Inertia/branch_indesit/CFG_DishWasher/CFG_Inertia\OS_Error.c **** 
 177:C:/Workspace/FW_Inertia/branch_indesit/CFG_DishWasher/CFG_Inertia\OS_Error.c **** *** Other task related errors ***
 178:C:/Workspace/FW_Inertia/branch_indesit/CFG_DishWasher/CFG_Inertia\OS_Error.c **** OS_ERR_TASK_PRIORITY                  (202 = 0xCA)
 179:C:/Workspace/FW_Inertia/branch_indesit/CFG_DishWasher/CFG_Inertia\OS_Error.c **** 
 180:C:/Workspace/FW_Inertia/branch_indesit/CFG_DishWasher/CFG_Inertia\OS_Error.c **** *** Event object ***
 181:C:/Workspace/FW_Inertia/branch_indesit/CFG_DishWasher/CFG_Inertia\OS_Error.c **** OS_ERR_EVENT_INVALID                  (210 = 0xD2)
 182:C:/Workspace/FW_Inertia/branch_indesit/CFG_DishWasher/CFG_Inertia\OS_Error.c **** OS_ERR_2USE_EVENTOBJ                  (211 = 0xD3)
 183:C:/Workspace/FW_Inertia/branch_indesit/CFG_DishWasher/CFG_Inertia\OS_Error.c **** OS_ERR_EVENT_DELETE                   (212 = 0xD4)
 184:C:/Workspace/FW_Inertia/branch_indesit/CFG_DishWasher/CFG_Inertia\OS_Error.c **** 
 185:C:/Workspace/FW_Inertia/branch_indesit/CFG_DishWasher/CFG_Inertia\OS_Error.c **** *** Cache related ***
 186:C:/Workspace/FW_Inertia/branch_indesit/CFG_DishWasher/CFG_Inertia\OS_Error.c **** OS_ERR_NON_ALIGNED_INVALIDATE         (230 = 0xE6)  *** Cache invalidation needs to be cache line a
 187:C:/Workspace/FW_Inertia/branch_indesit/CFG_DishWasher/CFG_Inertia\OS_Error.c **** 
 188:C:/Workspace/FW_Inertia/branch_indesit/CFG_DishWasher/CFG_Inertia\OS_Error.c **** *** embOS special build, or internal
 189:C:/Workspace/FW_Inertia/branch_indesit/CFG_DishWasher/CFG_Inertia\OS_Error.c **** OS_ERR_TRIAL_LIMIT                    (254 = 0xFE)
 190:C:/Workspace/FW_Inertia/branch_indesit/CFG_DishWasher/CFG_Inertia\OS_Error.c **** 
 191:C:/Workspace/FW_Inertia/branch_indesit/CFG_DishWasher/CFG_Inertia\OS_Error.c **** */
 192:C:/Workspace/FW_Inertia/branch_indesit/CFG_DishWasher/CFG_Inertia\OS_Error.c **** int OS_ErrorCode=0;
 193:C:/Workspace/FW_Inertia/branch_indesit/CFG_DishWasher/CFG_Inertia\OS_Error.c **** void OS_Error(int ErrCode) {
  10                             		.loc 1 193 0
  11                             	.LVL0:
  12 0000 6E 7A                   		pushm	r7-r10
  13                             	.LCFI0:
  14 0002 EF 1A                   		mov.L	r1, r10
 194:C:/Workspace/FW_Inertia/branch_indesit/CFG_DishWasher/CFG_Inertia\OS_Error.c ****   OS_EnterRegion();     /* Avoid further task switches            */
  15                             		.loc 1 194 0
  16 0004 05 00 00 00             		bsr	_OS_EnterRegionFunc
  17                             	.LVL1:
 195:C:/Workspace/FW_Inertia/branch_indesit/CFG_DishWasher/CFG_Inertia\OS_Error.c ****   OS_DICnt = 0;         /* Allow interrupts so we can communicate */
  18                             		.loc 1 195 0
  19 0008 FB 72 00 00 00 00       		mov.L	#_OS_Global, r7
  20 000e 3C 71 00                		mov.B	#0, 1[r7]
 196:C:/Workspace/FW_Inertia/branch_indesit/CFG_DishWasher/CFG_Inertia\OS_Error.c ****   OS_EI();
  21                             		.loc 1 196 0
  22 0011 05 00 00 00             		bsr	_OS_EnableInterrupt
  23                             	.LVL2:
 197:C:/Workspace/FW_Inertia/branch_indesit/CFG_DishWasher/CFG_Inertia\OS_Error.c ****   OS_ErrorCode = ErrCode;
  24                             		.loc 1 197 0
  25 0015 FB 72 00 00 00 00       		mov.L	#_OS_ErrorCode, r7
  26 001b E3 7A                   		mov.L	r10, [r7]
 198:C:/Workspace/FW_Inertia/branch_indesit/CFG_DishWasher/CFG_Inertia\OS_Error.c ****   Tools_ProcessOSErrorStack(OS_ErrorCode);
 199:C:/Workspace/FW_Inertia/branch_indesit/CFG_DishWasher/CFG_Inertia\OS_Error.c **** 
 200:C:/Workspace/FW_Inertia/branch_indesit/CFG_DishWasher/CFG_Inertia\OS_Error.c ****   PLT_ERROR_FATAL(PLT_ERROR_OS_1);
  27                             		.loc 1 200 0
  28 001d 75 41 31                		mov.L	#49, r1
  29 0020 05 00 00 00             		bsr	_LIB_Error_Fatal_Handler
  30                             	.LVL3:
 201:C:/Workspace/FW_Inertia/branch_indesit/CFG_DishWasher/CFG_Inertia\OS_Error.c **** 
 202:C:/Workspace/FW_Inertia/branch_indesit/CFG_DishWasher/CFG_Inertia\OS_Error.c ****   while (OS_ErrorCode) {
  31                             		.loc 1 202 0
  32 0024 EC 77                   		mov.L	[r7], r7
  33 0026 61 07                   		cmp	#0, r7
  34 0028 14                      		beq	.L3
  35 0029 03                      		.balign 2,3,3
  36                             	.L4:
  37 002a 2E 00                   		bra	.L4
  38                             	.L3:
 203:C:/Workspace/FW_Inertia/branch_indesit/CFG_DishWasher/CFG_Inertia\OS_Error.c ****   }
 204:C:/Workspace/FW_Inertia/branch_indesit/CFG_DishWasher/CFG_Inertia\OS_Error.c **** }
  39                             		.loc 1 204 0
  40 002c 3F 7A 04                		rtsd	#16, r7-r10
  41                             	.LFE0:
  43 002f 03                      		.section	.text.OS_X_Error,"ax",@progbits
  44                             		.global	_OS_X_Error
  46                             	_OS_X_Error:
  47                             	.LFB1:
 205:C:/Workspace/FW_Inertia/branch_indesit/CFG_DishWasher/CFG_Inertia\OS_Error.c **** 
 206:C:/Workspace/FW_Inertia/branch_indesit/CFG_DishWasher/CFG_Inertia\OS_Error.c **** 
 207:C:/Workspace/FW_Inertia/branch_indesit/CFG_DishWasher/CFG_Inertia\OS_Error.c **** 
 208:C:/Workspace/FW_Inertia/branch_indesit/CFG_DishWasher/CFG_Inertia\OS_Error.c **** 
 209:C:/Workspace/FW_Inertia/branch_indesit/CFG_DishWasher/CFG_Inertia\OS_Error.c **** /*
 210:C:/Workspace/FW_Inertia/branch_indesit/CFG_DishWasher/CFG_Inertia\OS_Error.c ****  When this happens, error has occured.
 211:C:/Workspace/FW_Inertia/branch_indesit/CFG_DishWasher/CFG_Inertia\OS_Error.c **** 
 212:C:/Workspace/FW_Inertia/branch_indesit/CFG_DishWasher/CFG_Inertia\OS_Error.c ****  This routine can be modified to suit your needs ...
 213:C:/Workspace/FW_Inertia/branch_indesit/CFG_DishWasher/CFG_Inertia\OS_Error.c ****  E.g. -a red LED could light up. 
 214:C:/Workspace/FW_Inertia/branch_indesit/CFG_DishWasher/CFG_Inertia\OS_Error.c ****       -When using an  emulator, you may set a breakpoint here.
 215:C:/Workspace/FW_Inertia/branch_indesit/CFG_DishWasher/CFG_Inertia\OS_Error.c ****       -filter on args may be applied.
 216:C:/Workspace/FW_Inertia/branch_indesit/CFG_DishWasher/CFG_Inertia\OS_Error.c ****       
 217:C:/Workspace/FW_Inertia/branch_indesit/CFG_DishWasher/CFG_Inertia\OS_Error.c ****  In the release builds of the library (R), this routine is not required
 218:C:/Workspace/FW_Inertia/branch_indesit/CFG_DishWasher/CFG_Inertia\OS_Error.c ****  (as no checks are performed).
 219:C:/Workspace/FW_Inertia/branch_indesit/CFG_DishWasher/CFG_Inertia\OS_Error.c ****  
 220:C:/Workspace/FW_Inertia/branch_indesit/CFG_DishWasher/CFG_Inertia\OS_Error.c ****  In the debug builds(D/DP), all of the listed errors may occur.
 221:C:/Workspace/FW_Inertia/branch_indesit/CFG_DishWasher/CFG_Inertia\OS_Error.c **** 
 222:C:/Workspace/FW_Inertia/branch_indesit/CFG_DishWasher/CFG_Inertia\OS_Error.c ****  
 223:C:/Workspace/FW_Inertia/branch_indesit/CFG_DishWasher/CFG_Inertia\OS_Error.c ****  
 224:C:/Workspace/FW_Inertia/branch_indesit/CFG_DishWasher/CFG_Inertia\OS_Error.c ****  1- Alarms
 225:C:/Workspace/FW_Inertia/branch_indesit/CFG_DishWasher/CFG_Inertia\OS_Error.c ****  
 226:C:/Workspace/FW_Inertia/branch_indesit/CFG_DishWasher/CFG_Inertia\OS_Error.c **** #define OS_ALARM_SERVICE_ID_START                             0
 227:C:/Workspace/FW_Inertia/branch_indesit/CFG_DishWasher/CFG_Inertia\OS_Error.c **** #define OS_ALARM_ERROR_ID_START                               0
 228:C:/Workspace/FW_Inertia/branch_indesit/CFG_DishWasher/CFG_Inertia\OS_Error.c **** 
 229:C:/Workspace/FW_Inertia/branch_indesit/CFG_DishWasher/CFG_Inertia\OS_Error.c ****     1.1 The following are the current services ID:
 230:C:/Workspace/FW_Inertia/branch_indesit/CFG_DishWasher/CFG_Inertia\OS_Error.c **** #define OS_StartAlarm_ServiceId                               (OS_ALARM_SERVICE_ID_START + 1)
 231:C:/Workspace/FW_Inertia/branch_indesit/CFG_DishWasher/CFG_Inertia\OS_Error.c **** #define OS_SetAlarmActivationsCount_ServiceId                 (OS_ALARM_SERVICE_ID_START + 2)
 232:C:/Workspace/FW_Inertia/branch_indesit/CFG_DishWasher/CFG_Inertia\OS_Error.c **** #define OS_SetAlarmOffset_ServiceId                           (OS_ALARM_SERVICE_ID_START + 3)
 233:C:/Workspace/FW_Inertia/branch_indesit/CFG_DishWasher/CFG_Inertia\OS_Error.c **** #define OS_SetAlarmPeriod_ServiceId                           (OS_ALARM_SERVICE_ID_START + 4)
 234:C:/Workspace/FW_Inertia/branch_indesit/CFG_DishWasher/CFG_Inertia\OS_Error.c **** 
 235:C:/Workspace/FW_Inertia/branch_indesit/CFG_DishWasher/CFG_Inertia\OS_Error.c ****     1.2 The following are the current errorcodes:
 236:C:/Workspace/FW_Inertia/branch_indesit/CFG_DishWasher/CFG_Inertia\OS_Error.c **** #define OS_AlarmActive_ErrorId                                (OS_ALARM_ERROR_ID_START + 1)
 237:C:/Workspace/FW_Inertia/branch_indesit/CFG_DishWasher/CFG_Inertia\OS_Error.c ****  
 238:C:/Workspace/FW_Inertia/branch_indesit/CFG_DishWasher/CFG_Inertia\OS_Error.c **** */
 239:C:/Workspace/FW_Inertia/branch_indesit/CFG_DishWasher/CFG_Inertia\OS_Error.c **** unsigned char OS_X_Status=0;
 240:C:/Workspace/FW_Inertia/branch_indesit/CFG_DishWasher/CFG_Inertia\OS_Error.c **** void OS_X_Error(unsigned char ErrCode, unsigned char ServiceId) {
  48                             		.loc 1 240 0
  49                             	.LVL4:
  50 0000 7E A7                   		push.l	r7
  51                             	.LCFI1:
  52 0002 CF 17                   		mov.B	r1, r7
 241:C:/Workspace/FW_Inertia/branch_indesit/CFG_DishWasher/CFG_Inertia\OS_Error.c **** 
 242:C:/Workspace/FW_Inertia/branch_indesit/CFG_DishWasher/CFG_Inertia\OS_Error.c ****   (void) ServiceId;
 243:C:/Workspace/FW_Inertia/branch_indesit/CFG_DishWasher/CFG_Inertia\OS_Error.c ****   
 244:C:/Workspace/FW_Inertia/branch_indesit/CFG_DishWasher/CFG_Inertia\OS_Error.c ****   OS_EnterRegion();     /* Avoid further task switches            */
  53                             		.loc 1 244 0
  54 0004 05 00 00 00             		bsr	_OS_EnterRegionFunc
  55                             	.LVL5:
 245:C:/Workspace/FW_Inertia/branch_indesit/CFG_DishWasher/CFG_Inertia\OS_Error.c ****   OS_DICnt = 0;         /* Allow interrupts so we can communicate */
  56                             		.loc 1 245 0
  57 0008 FB E2 00 00 00 00       		mov.L	#_OS_Global, r14
  58 000e F9 E4 01 00             		mov.B	#0, 1[r14]
 246:C:/Workspace/FW_Inertia/branch_indesit/CFG_DishWasher/CFG_Inertia\OS_Error.c ****   OS_EI();
  59                             		.loc 1 246 0
  60 0012 05 00 00 00             		bsr	_OS_EnableInterrupt
  61                             	.LVL6:
 247:C:/Workspace/FW_Inertia/branch_indesit/CFG_DishWasher/CFG_Inertia\OS_Error.c ****   OS_X_Status = (OS_U8) ErrCode;
  62                             		.loc 1 247 0
  63 0016 FB E2 00 00 00 00       		mov.L	#_OS_X_Status, r14
  64 001c C3 E7                   		mov.B	r7, [r14]
 248:C:/Workspace/FW_Inertia/branch_indesit/CFG_DishWasher/CFG_Inertia\OS_Error.c ****   while (OS_X_Status){
  65                             		.loc 1 248 0
  66 001e 76 27 FF 00             		and #0xff, r7
  67                             	.LVL7:
  68 0022 14                      		beq	.L8
  69 0023 03                      		.balign 2,3,3
  70                             	.L9:
  71 0024 2E 00                   		bra	.L9
  72                             	.L8:
 249:C:/Workspace/FW_Inertia/branch_indesit/CFG_DishWasher/CFG_Inertia\OS_Error.c ****   }
 250:C:/Workspace/FW_Inertia/branch_indesit/CFG_DishWasher/CFG_Inertia\OS_Error.c **** }
  73                             		.loc 1 250 0
  74 0026 3F 77 01                		rtsd	#4, r7-r7
  75                             	.LFE1:
  77                             		.global	_OS_X_Status
  78 0029 03                      		.section	.bss.OS_X_Status,"aw",@nobits
  81                             	_OS_X_Status:
  82 0000 00                      		.zero	1
  83                             		.global	_OS_ErrorCode
  84                             		.section	.bss.OS_ErrorCode,"aw",@nobits
  85                             		.balign 4
  88                             	_OS_ErrorCode:
  89 0000 00 00 00 00             		.zero	4
 142                             	.Letext0:
 143                             		.file 2 "C:\\Workspace\\FW_Inertia\\branch_indesit\\OS\\EmbOS\\RX200_GNU\\V388\\Inc/RTOS.h"
 144                             		.file 3 "C:\\Workspace\\FW_Inertia\\branch_indesit\\PlatformLibrary\\LIB_Error/LIB_Error.h"
DEFINED SYMBOLS
                            *ABS*:00000000 OS_Error.c
C:\Users\Andrea\AppData\Local\Temp\cchXF7te.s:7      .text.OS_Error:00000000 _OS_Error
C:\Users\Andrea\AppData\Local\Temp\cchXF7te.s:12     .text.OS_Error:00000000 L0
C:\Users\Andrea\AppData\Local\Temp\cchXF7te.s:88     .bss.OS_ErrorCode:00000000 _OS_ErrorCode
C:\Users\Andrea\AppData\Local\Temp\cchXF7te.s:46     .text.OS_X_Error:00000000 _OS_X_Error
C:\Users\Andrea\AppData\Local\Temp\cchXF7te.s:50     .text.OS_X_Error:00000000 L0
C:\Users\Andrea\AppData\Local\Temp\cchXF7te.s:81     .bss.OS_X_Status:00000000 _OS_X_Status
C:\Users\Andrea\AppData\Local\Temp\cchXF7te.s:91     .debug_frame:00000000 .Lframe0
C:\Users\Andrea\AppData\Local\Temp\cchXF7te.s:8      .text.OS_Error:00000000 .LFB0
C:\Users\Andrea\AppData\Local\Temp\cchXF7te.s:47     .text.OS_X_Error:00000000 .LFB1
C:\Users\Andrea\AppData\Local\Temp\cchXF7te.s:1360   .debug_abbrev:00000000 .Ldebug_abbrev0
C:\Users\Andrea\AppData\Local\Temp\cchXF7te.s:1945   .debug_str:00000224 .LASF170
C:\Users\Andrea\AppData\Local\Temp\cchXF7te.s:2085   .debug_str:00000798 .LASF171
C:\Users\Andrea\AppData\Local\Temp\cchXF7te.s:1885   .debug_ranges:00000000 .Ldebug_ranges0
C:\Users\Andrea\AppData\Local\Temp\cchXF7te.s:1893   .debug_line:00000000 .Ldebug_line0
C:\Users\Andrea\AppData\Local\Temp\cchXF7te.s:1913   .debug_str:000000be .LASF0
C:\Users\Andrea\AppData\Local\Temp\cchXF7te.s:2177   .debug_str:00000c27 .LASF1
C:\Users\Andrea\AppData\Local\Temp\cchXF7te.s:2179   .debug_str:00000c30 .LASF2
C:\Users\Andrea\AppData\Local\Temp\cchXF7te.s:2185   .debug_str:00000c65 .LASF3
C:\Users\Andrea\AppData\Local\Temp\cchXF7te.s:2047   .debug_str:00000653 .LASF4
C:\Users\Andrea\AppData\Local\Temp\cchXF7te.s:2175   .debug_str:00000c22 .LASF5
C:\Users\Andrea\AppData\Local\Temp\cchXF7te.s:1917   .debug_str:000000ff .LASF6
C:\Users\Andrea\AppData\Local\Temp\cchXF7te.s:2025   .debug_str:00000567 .LASF7
C:\Users\Andrea\AppData\Local\Temp\cchXF7te.s:2171   .debug_str:00000bde .LASF21
C:\Users\Andrea\AppData\Local\Temp\cchXF7te.s:2235   .debug_str:00000ea2 .LASF8
C:\Users\Andrea\AppData\Local\Temp\cchXF7te.s:2013   .debug_str:00000511 .LASF9
C:\Users\Andrea\AppData\Local\Temp\cchXF7te.s:1931   .debug_str:000001a7 .LASF10
C:\Users\Andrea\AppData\Local\Temp\cchXF7te.s:1895   .debug_str:00000000 .LASF11
C:\Users\Andrea\AppData\Local\Temp\cchXF7te.s:2223   .debug_str:00000e2b .LASF12
C:\Users\Andrea\AppData\Local\Temp\cchXF7te.s:1925   .debug_str:0000014f .LASF13
C:\Users\Andrea\AppData\Local\Temp\cchXF7te.s:2167   .debug_str:00000bcd .LASF14
C:\Users\Andrea\AppData\Local\Temp\cchXF7te.s:2169   .debug_str:00000bd4 .LASF15
C:\Users\Andrea\AppData\Local\Temp\cchXF7te.s:1985   .debug_str:000003c1 .LASF16
C:\Users\Andrea\AppData\Local\Temp\cchXF7te.s:2009   .debug_str:000004cb .LASF17
C:\Users\Andrea\AppData\Local\Temp\cchXF7te.s:2079   .debug_str:0000075f .LASF18
C:\Users\Andrea\AppData\Local\Temp\cchXF7te.s:2065   .debug_str:000006f3 .LASF19
C:\Users\Andrea\AppData\Local\Temp\cchXF7te.s:2055   .debug_str:000006b5 .LASF20
C:\Users\Andrea\AppData\Local\Temp\cchXF7te.s:2059   .debug_str:000006cc .LASF22
C:\Users\Andrea\AppData\Local\Temp\cchXF7te.s:1905   .debug_str:0000007d .LASF23
C:\Users\Andrea\AppData\Local\Temp\cchXF7te.s:2069   .debug_str:00000715 .LASF24
C:\Users\Andrea\AppData\Local\Temp\cchXF7te.s:2063   .debug_str:000006ed .LASF25
C:\Users\Andrea\AppData\Local\Temp\cchXF7te.s:2021   .debug_str:00000550 .LASF26
C:\Users\Andrea\AppData\Local\Temp\cchXF7te.s:2067   .debug_str:00000702 .LASF27
C:\Users\Andrea\AppData\Local\Temp\cchXF7te.s:1937   .debug_str:000001cb .LASF28
C:\Users\Andrea\AppData\Local\Temp\cchXF7te.s:2187   .debug_str:00000c72 .LASF29
C:\Users\Andrea\AppData\Local\Temp\cchXF7te.s:2057   .debug_str:000006c2 .LASF30
C:\Users\Andrea\AppData\Local\Temp\cchXF7te.s:2143   .debug_str:00000a87 .LASF31
C:\Users\Andrea\AppData\Local\Temp\cchXF7te.s:2237   .debug_str:00000ea8 .LASF32
C:\Users\Andrea\AppData\Local\Temp\cchXF7te.s:2225   .debug_str:00000e30 .LASF33
C:\Users\Andrea\AppData\Local\Temp\cchXF7te.s:1935   .debug_str:000001c4 .LASF34
C:\Users\Andrea\AppData\Local\Temp\cchXF7te.s:1951   .debug_str:00000289 .LASF35
C:\Users\Andrea\AppData\Local\Temp\cchXF7te.s:2155   .debug_str:00000b17 .LASF36
C:\Users\Andrea\AppData\Local\Temp\cchXF7te.s:2095   .debug_str:00000876 .LASF37
C:\Users\Andrea\AppData\Local\Temp\cchXF7te.s:1939   .debug_str:000001d7 .LASF38
C:\Users\Andrea\AppData\Local\Temp\cchXF7te.s:2061   .debug_str:000006e0 .LASF39
C:\Users\Andrea\AppData\Local\Temp\cchXF7te.s:2213   .debug_str:00000dc4 .LASF40
C:\Users\Andrea\AppData\Local\Temp\cchXF7te.s:2203   .debug_str:00000d54 .LASF41
C:\Users\Andrea\AppData\Local\Temp\cchXF7te.s:2129   .debug_str:000009e8 .LASF42
C:\Users\Andrea\AppData\Local\Temp\cchXF7te.s:2087   .debug_str:000007e5 .LASF43
C:\Users\Andrea\AppData\Local\Temp\cchXF7te.s:1999   .debug_str:00000463 .LASF44
C:\Users\Andrea\AppData\Local\Temp\cchXF7te.s:2051   .debug_str:00000676 .LASF45
C:\Users\Andrea\AppData\Local\Temp\cchXF7te.s:2049   .debug_str:0000065f .LASF46
C:\Users\Andrea\AppData\Local\Temp\cchXF7te.s:2019   .debug_str:0000054b .LASF47
C:\Users\Andrea\AppData\Local\Temp\cchXF7te.s:2221   .debug_str:00000e22 .LASF48
C:\Users\Andrea\AppData\Local\Temp\cchXF7te.s:1909   .debug_str:0000009d .LASF49
C:\Users\Andrea\AppData\Local\Temp\cchXF7te.s:2071   .debug_str:0000071e .LASF50
C:\Users\Andrea\AppData\Local\Temp\cchXF7te.s:2077   .debug_str:00000758 .LASF51
C:\Users\Andrea\AppData\Local\Temp\cchXF7te.s:2181   .debug_str:00000c42 .LASF52
C:\Users\Andrea\AppData\Local\Temp\cchXF7te.s:2005   .debug_str:000004a6 .LASF53
C:\Users\Andrea\AppData\Local\Temp\cchXF7te.s:1963   .debug_str:000002d4 .LASF54
C:\Users\Andrea\AppData\Local\Temp\cchXF7te.s:1919   .debug_str:00000107 .LASF55
C:\Users\Andrea\AppData\Local\Temp\cchXF7te.s:1977   .debug_str:00000370 .LASF56
C:\Users\Andrea\AppData\Local\Temp\cchXF7te.s:2023   .debug_str:0000055c .LASF57
C:\Users\Andrea\AppData\Local\Temp\cchXF7te.s:2191   .debug_str:00000cb6 .LASF58
C:\Users\Andrea\AppData\Local\Temp\cchXF7te.s:1961   .debug_str:000002cf .LASF59
C:\Users\Andrea\AppData\Local\Temp\cchXF7te.s:2215   .debug_str:00000dc9 .LASF60
C:\Users\Andrea\AppData\Local\Temp\cchXF7te.s:2151   .debug_str:00000aec .LASF61
C:\Users\Andrea\AppData\Local\Temp\cchXF7te.s:2209   .debug_str:00000d97 .LASF62
C:\Users\Andrea\AppData\Local\Temp\cchXF7te.s:2145   .debug_str:00000a98 .LASF63
C:\Users\Andrea\AppData\Local\Temp\cchXF7te.s:1959   .debug_str:000002b8 .LASF64
C:\Users\Andrea\AppData\Local\Temp\cchXF7te.s:2043   .debug_str:00000627 .LASF65
C:\Users\Andrea\AppData\Local\Temp\cchXF7te.s:2205   .debug_str:00000d5c .LASF66
C:\Users\Andrea\AppData\Local\Temp\cchXF7te.s:2141   .debug_str:00000a7e .LASF67
C:\Users\Andrea\AppData\Local\Temp\cchXF7te.s:1979   .debug_str:0000037b .LASF68
C:\Users\Andrea\AppData\Local\Temp\cchXF7te.s:2121   .debug_str:0000099b .LASF69
C:\Users\Andrea\AppData\Local\Temp\cchXF7te.s:2123   .debug_str:000009ae .LASF70
C:\Users\Andrea\AppData\Local\Temp\cchXF7te.s:1997   .debug_str:00000450 .LASF71
C:\Users\Andrea\AppData\Local\Temp\cchXF7te.s:1933   .debug_str:000001b1 .LASF72
C:\Users\Andrea\AppData\Local\Temp\cchXF7te.s:1955   .debug_str:0000029b .LASF73
C:\Users\Andrea\AppData\Local\Temp\cchXF7te.s:2117   .debug_str:0000096e .LASF74
C:\Users\Andrea\AppData\Local\Temp\cchXF7te.s:2131   .debug_str:000009f9 .LASF75
C:\Users\Andrea\AppData\Local\Temp\cchXF7te.s:2133   .debug_str:00000a0e .LASF76
C:\Users\Andrea\AppData\Local\Temp\cchXF7te.s:2139   .debug_str:00000a4f .LASF77
C:\Users\Andrea\AppData\Local\Temp\cchXF7te.s:2011   .debug_str:000004d5 .LASF78
C:\Users\Andrea\AppData\Local\Temp\cchXF7te.s:2173   .debug_str:00000bed .LASF79
C:\Users\Andrea\AppData\Local\Temp\cchXF7te.s:1915   .debug_str:000000cb .LASF80
C:\Users\Andrea\AppData\Local\Temp\cchXF7te.s:2089   .debug_str:00000803 .LASF81
C:\Users\Andrea\AppData\Local\Temp\cchXF7te.s:2189   .debug_str:00000c80 .LASF82
C:\Users\Andrea\AppData\Local\Temp\cchXF7te.s:2053   .debug_str:00000680 .LASF83
C:\Users\Andrea\AppData\Local\Temp\cchXF7te.s:2091   .debug_str:00000839 .LASF84
C:\Users\Andrea\AppData\Local\Temp\cchXF7te.s:2219   .debug_str:00000dee .LASF85
C:\Users\Andrea\AppData\Local\Temp\cchXF7te.s:2027   .debug_str:0000056f .LASF86
C:\Users\Andrea\AppData\Local\Temp\cchXF7te.s:2029   .debug_str:00000586 .LASF87
C:\Users\Andrea\AppData\Local\Temp\cchXF7te.s:2031   .debug_str:0000059d .LASF88
C:\Users\Andrea\AppData\Local\Temp\cchXF7te.s:2033   .debug_str:000005b4 .LASF89
C:\Users\Andrea\AppData\Local\Temp\cchXF7te.s:2035   .debug_str:000005cb .LASF90
C:\Users\Andrea\AppData\Local\Temp\cchXF7te.s:2037   .debug_str:000005e2 .LASF91
C:\Users\Andrea\AppData\Local\Temp\cchXF7te.s:2039   .debug_str:000005f9 .LASF92
C:\Users\Andrea\AppData\Local\Temp\cchXF7te.s:2041   .debug_str:00000610 .LASF93
C:\Users\Andrea\AppData\Local\Temp\cchXF7te.s:2097   .debug_str:0000087d .LASF94
C:\Users\Andrea\AppData\Local\Temp\cchXF7te.s:2099   .debug_str:00000895 .LASF95
C:\Users\Andrea\AppData\Local\Temp\cchXF7te.s:2101   .debug_str:000008ad .LASF96
C:\Users\Andrea\AppData\Local\Temp\cchXF7te.s:2103   .debug_str:000008c5 .LASF97
C:\Users\Andrea\AppData\Local\Temp\cchXF7te.s:2105   .debug_str:000008dd .LASF98
C:\Users\Andrea\AppData\Local\Temp\cchXF7te.s:2107   .debug_str:000008f5 .LASF99
C:\Users\Andrea\AppData\Local\Temp\cchXF7te.s:2109   .debug_str:0000090d .LASF100
C:\Users\Andrea\AppData\Local\Temp\cchXF7te.s:2111   .debug_str:00000925 .LASF101
C:\Users\Andrea\AppData\Local\Temp\cchXF7te.s:1965   .debug_str:000002da .LASF102
C:\Users\Andrea\AppData\Local\Temp\cchXF7te.s:1967   .debug_str:000002f3 .LASF103
C:\Users\Andrea\AppData\Local\Temp\cchXF7te.s:1969   .debug_str:0000030c .LASF104
C:\Users\Andrea\AppData\Local\Temp\cchXF7te.s:1971   .debug_str:00000325 .LASF105
C:\Users\Andrea\AppData\Local\Temp\cchXF7te.s:1973   .debug_str:0000033e .LASF106
C:\Users\Andrea\AppData\Local\Temp\cchXF7te.s:2149   .debug_str:00000ac8 .LASF107
C:\Users\Andrea\AppData\Local\Temp\cchXF7te.s:1975   .debug_str:00000357 .LASF108
C:\Users\Andrea\AppData\Local\Temp\cchXF7te.s:2115   .debug_str:00000955 .LASF109
C:\Users\Andrea\AppData\Local\Temp\cchXF7te.s:2001   .debug_str:0000046a .LASF110
C:\Users\Andrea\AppData\Local\Temp\cchXF7te.s:1949   .debug_str:00000264 .LASF111
C:\Users\Andrea\AppData\Local\Temp\cchXF7te.s:1943   .debug_str:000001ff .LASF112
C:\Users\Andrea\AppData\Local\Temp\cchXF7te.s:1989   .debug_str:000003d9 .LASF113
C:\Users\Andrea\AppData\Local\Temp\cchXF7te.s:2127   .debug_str:000009cd .LASF114
C:\Users\Andrea\AppData\Local\Temp\cchXF7te.s:1987   .debug_str:000003c6 .LASF115
C:\Users\Andrea\AppData\Local\Temp\cchXF7te.s:2075   .debug_str:00000748 .LASF116
C:\Users\Andrea\AppData\Local\Temp\cchXF7te.s:2081   .debug_str:00000769 .LASF117
C:\Users\Andrea\AppData\Local\Temp\cchXF7te.s:1921   .debug_str:00000113 .LASF118
C:\Users\Andrea\AppData\Local\Temp\cchXF7te.s:2239   .debug_str:00000eb0 .LASF119
C:\Users\Andrea\AppData\Local\Temp\cchXF7te.s:2183   .debug_str:00000c49 .LASF120
C:\Users\Andrea\AppData\Local\Temp\cchXF7te.s:1947   .debug_str:0000024a .LASF121
C:\Users\Andrea\AppData\Local\Temp\cchXF7te.s:2073   .debug_str:00000723 .LASF122
C:\Users\Andrea\AppData\Local\Temp\cchXF7te.s:2003   .debug_str:0000048a .LASF123
C:\Users\Andrea\AppData\Local\Temp\cchXF7te.s:1907   .debug_str:00000083 .LASF124
C:\Users\Andrea\AppData\Local\Temp\cchXF7te.s:1995   .debug_str:0000042c .LASF125
C:\Users\Andrea\AppData\Local\Temp\cchXF7te.s:2083   .debug_str:00000778 .LASF126
C:\Users\Andrea\AppData\Local\Temp\cchXF7te.s:2217   .debug_str:00000dd4 .LASF127
C:\Users\Andrea\AppData\Local\Temp\cchXF7te.s:2045   .debug_str:00000635 .LASF128
C:\Users\Andrea\AppData\Local\Temp\cchXF7te.s:2201   .debug_str:00000d29 .LASF129
C:\Users\Andrea\AppData\Local\Temp\cchXF7te.s:1897   .debug_str:00000008 .LASF130
C:\Users\Andrea\AppData\Local\Temp\cchXF7te.s:2147   .debug_str:00000aa2 .LASF131
C:\Users\Andrea\AppData\Local\Temp\cchXF7te.s:1929   .debug_str:00000183 .LASF132
C:\Users\Andrea\AppData\Local\Temp\cchXF7te.s:2229   .debug_str:00000e57 .LASF133
C:\Users\Andrea\AppData\Local\Temp\cchXF7te.s:2161   .debug_str:00000b75 .LASF134
C:\Users\Andrea\AppData\Local\Temp\cchXF7te.s:1899   .debug_str:0000002d .LASF135
C:\Users\Andrea\AppData\Local\Temp\cchXF7te.s:2135   .debug_str:00000a23 .LASF136
C:\Users\Andrea\AppData\Local\Temp\cchXF7te.s:2159   .debug_str:00000b54 .LASF137
C:\Users\Andrea\AppData\Local\Temp\cchXF7te.s:2153   .debug_str:00000af5 .LASF138
C:\Users\Andrea\AppData\Local\Temp\cchXF7te.s:1993   .debug_str:00000409 .LASF139
C:\Users\Andrea\AppData\Local\Temp\cchXF7te.s:2207   .debug_str:00000d68 .LASF140
C:\Users\Andrea\AppData\Local\Temp\cchXF7te.s:2197   .debug_str:00000ce7 .LASF141
C:\Users\Andrea\AppData\Local\Temp\cchXF7te.s:1983   .debug_str:00000393 .LASF142
C:\Users\Andrea\AppData\Local\Temp\cchXF7te.s:1927   .debug_str:00000158 .LASF143
C:\Users\Andrea\AppData\Local\Temp\cchXF7te.s:2157   .debug_str:00000b23 .LASF144
C:\Users\Andrea\AppData\Local\Temp\cchXF7te.s:2163   .debug_str:00000b94 .LASF145
C:\Users\Andrea\AppData\Local\Temp\cchXF7te.s:1991   .debug_str:000003ee .LASF146
C:\Users\Andrea\AppData\Local\Temp\cchXF7te.s:2017   .debug_str:0000052b .LASF147
C:\Users\Andrea\AppData\Local\Temp\cchXF7te.s:2227   .debug_str:00000e3d .LASF148
C:\Users\Andrea\AppData\Local\Temp\cchXF7te.s:2113   .debug_str:0000093d .LASF149
C:\Users\Andrea\AppData\Local\Temp\cchXF7te.s:1923   .debug_str:00000130 .LASF150
C:\Users\Andrea\AppData\Local\Temp\cchXF7te.s:2007   .debug_str:000004ad .LASF151
C:\Users\Andrea\AppData\Local\Temp\cchXF7te.s:1901   .debug_str:00000047 .LASF152
C:\Users\Andrea\AppData\Local\Temp\cchXF7te.s:2231   .debug_str:00000e7b .LASF153
C:\Users\Andrea\AppData\Local\Temp\cchXF7te.s:2137   .debug_str:00000a3a .LASF154
C:\Users\Andrea\AppData\Local\Temp\cchXF7te.s:2119   .debug_str:00000982 .LASF155
C:\Users\Andrea\AppData\Local\Temp\cchXF7te.s:2211   .debug_str:00000daa .LASF156
C:\Users\Andrea\AppData\Local\Temp\cchXF7te.s:2195   .debug_str:00000cce .LASF157
C:\Users\Andrea\AppData\Local\Temp\cchXF7te.s:1903   .debug_str:00000062 .LASF158
C:\Users\Andrea\AppData\Local\Temp\cchXF7te.s:1941   .debug_str:000001e5 .LASF159
C:\Users\Andrea\AppData\Local\Temp\cchXF7te.s:2165   .debug_str:00000bc2 .LASF160
C:\Users\Andrea\AppData\Local\Temp\cchXF7te.s:1981   .debug_str:0000038a .LASF161
C:\Users\Andrea\AppData\Local\Temp\cchXF7te.s:41     .text.OS_Error:0000002f .LFE0
C:\Users\Andrea\AppData\Local\Temp\cchXF7te.s:1803   .debug_loc:00000000 .LLST0
C:\Users\Andrea\AppData\Local\Temp\cchXF7te.s:2093   .debug_str:0000086e .LASF163
C:\Users\Andrea\AppData\Local\Temp\cchXF7te.s:1816   .debug_loc:00000020 .LLST1
C:\Users\Andrea\AppData\Local\Temp\cchXF7te.s:17     .text.OS_Error:00000008 .LVL1
C:\Users\Andrea\AppData\Local\Temp\cchXF7te.s:23     .text.OS_Error:00000015 .LVL2
C:\Users\Andrea\AppData\Local\Temp\cchXF7te.s:30     .text.OS_Error:00000024 .LVL3
C:\Users\Andrea\AppData\Local\Temp\cchXF7te.s:1953   .debug_str:00000290 .LASF162
C:\Users\Andrea\AppData\Local\Temp\cchXF7te.s:75     .text.OS_X_Error:00000029 .LFE1
C:\Users\Andrea\AppData\Local\Temp\cchXF7te.s:1827   .debug_loc:0000003e .LLST2
C:\Users\Andrea\AppData\Local\Temp\cchXF7te.s:1840   .debug_loc:0000005e .LLST3
C:\Users\Andrea\AppData\Local\Temp\cchXF7te.s:2233   .debug_str:00000e98 .LASF164
C:\Users\Andrea\AppData\Local\Temp\cchXF7te.s:1856   .debug_loc:0000008b .LLST4
C:\Users\Andrea\AppData\Local\Temp\cchXF7te.s:55     .text.OS_X_Error:00000008 .LVL5
C:\Users\Andrea\AppData\Local\Temp\cchXF7te.s:61     .text.OS_X_Error:00000016 .LVL6
C:\Users\Andrea\AppData\Local\Temp\cchXF7te.s:1957   .debug_str:000002ae .LASF165
C:\Users\Andrea\AppData\Local\Temp\cchXF7te.s:2193   .debug_str:00000cc1 .LASF166
C:\Users\Andrea\AppData\Local\Temp\cchXF7te.s:2125   .debug_str:000009c1 .LASF167
C:\Users\Andrea\AppData\Local\Temp\cchXF7te.s:2015   .debug_str:00000518 .LASF168
C:\Users\Andrea\AppData\Local\Temp\cchXF7te.s:2199   .debug_str:00000d16 .LASF169
C:\Users\Andrea\AppData\Local\Temp\cchXF7te.s:1911   .debug_str:000000a6 .LASF172
C:\Users\Andrea\AppData\Local\Temp\cchXF7te.s:13     .text.OS_Error:00000002 .LCFI0
C:\Users\Andrea\AppData\Local\Temp\cchXF7te.s:11     .text.OS_Error:00000000 .LVL0
C:\Users\Andrea\AppData\Local\Temp\cchXF7te.s:51     .text.OS_X_Error:00000002 .LCFI1
C:\Users\Andrea\AppData\Local\Temp\cchXF7te.s:49     .text.OS_X_Error:00000000 .LVL4
C:\Users\Andrea\AppData\Local\Temp\cchXF7te.s:67     .text.OS_X_Error:00000022 .LVL7
C:\Users\Andrea\AppData\Local\Temp\cchXF7te.s:146    .debug_info:00000000 .Ldebug_info0

UNDEFINED SYMBOLS
_OS_EnterRegionFunc
_OS_Global
_OS_EnableInterrupt
_LIB_Error_Fatal_Handler
