   1                             		.file	"PM_PowerProfile.c"
   2                             		.section P,"ax"
   3                             	.Ltext0:
   4                             	.Letext0:
DEFINED SYMBOLS
                            *ABS*:00000000 PM_PowerProfile.c
C:\Users\Andrea\AppData\Local\Temp\ccQw7lOd.s:66     .debug_abbrev:00000000 .Ldebug_abbrev0
C:\Users\Andrea\AppData\Local\Temp\ccQw7lOd.s:126    .debug_str:00000096 .LASF11
C:\Users\Andrea\AppData\Local\Temp\ccQw7lOd.s:118    .debug_str:0000000d .LASF12
C:\Users\Andrea\AppData\Local\Temp\ccQw7lOd.s:114    .debug_line:00000000 .Ldebug_line0
C:\Users\Andrea\AppData\Local\Temp\ccQw7lOd.s:128    .debug_str:000000bc .LASF0
C:\Users\Andrea\AppData\Local\Temp\ccQw7lOd.s:124    .debug_str:00000083 .LASF1
C:\Users\Andrea\AppData\Local\Temp\ccQw7lOd.s:120    .debug_str:00000065 .LASF2
C:\Users\Andrea\AppData\Local\Temp\ccQw7lOd.s:134    .debug_str:000000eb .LASF3
C:\Users\Andrea\AppData\Local\Temp\ccQw7lOd.s:130    .debug_str:000000c6 .LASF4
C:\Users\Andrea\AppData\Local\Temp\ccQw7lOd.s:140    .debug_str:00000102 .LASF5
C:\Users\Andrea\AppData\Local\Temp\ccQw7lOd.s:132    .debug_str:000000dd .LASF6
C:\Users\Andrea\AppData\Local\Temp\ccQw7lOd.s:122    .debug_str:00000077 .LASF7
C:\Users\Andrea\AppData\Local\Temp\ccQw7lOd.s:116    .debug_str:00000000 .LASF8
C:\Users\Andrea\AppData\Local\Temp\ccQw7lOd.s:136    .debug_str:000000f4 .LASF9
C:\Users\Andrea\AppData\Local\Temp\ccQw7lOd.s:138    .debug_str:000000fd .LASF10
C:\Users\Andrea\AppData\Local\Temp\ccQw7lOd.s:6      .debug_info:00000000 .Ldebug_info0

NO UNDEFINED SYMBOLS
