   1                             		.file	"ProductSafety_Cfg.c"
   2                             		.section P,"ax"
   3                             	.Ltext0:
   4                             	.Letext0:
DEFINED SYMBOLS
                            *ABS*:00000000 ProductSafety_Cfg.c
C:\Users\Andrea\AppData\Local\Temp\cc1QoGVP.s:66     .debug_abbrev:00000000 .Ldebug_abbrev0
C:\Users\Andrea\AppData\Local\Temp\cc1QoGVP.s:122    .debug_str:0000002b .LASF11
C:\Users\Andrea\AppData\Local\Temp\cc1QoGVP.s:128    .debug_str:00000072 .LASF12
C:\Users\Andrea\AppData\Local\Temp\cc1QoGVP.s:114    .debug_line:00000000 .Ldebug_line0
C:\Users\Andrea\AppData\Local\Temp\cc1QoGVP.s:116    .debug_str:00000000 .LASF0
C:\Users\Andrea\AppData\Local\Temp\cc1QoGVP.s:124    .debug_str:00000051 .LASF1
C:\Users\Andrea\AppData\Local\Temp\cc1QoGVP.s:138    .debug_str:000000ed .LASF2
C:\Users\Andrea\AppData\Local\Temp\cc1QoGVP.s:118    .debug_str:0000000d .LASF3
C:\Users\Andrea\AppData\Local\Temp\cc1QoGVP.s:132    .debug_str:000000d6 .LASF4
C:\Users\Andrea\AppData\Local\Temp\cc1QoGVP.s:126    .debug_str:0000005b .LASF5
C:\Users\Andrea\AppData\Local\Temp\cc1QoGVP.s:140    .debug_str:00000100 .LASF6
C:\Users\Andrea\AppData\Local\Temp\cc1QoGVP.s:130    .debug_str:000000c8 .LASF7
C:\Users\Andrea\AppData\Local\Temp\cc1QoGVP.s:120    .debug_str:0000001f .LASF8
C:\Users\Andrea\AppData\Local\Temp\cc1QoGVP.s:134    .debug_str:000000df .LASF9
C:\Users\Andrea\AppData\Local\Temp\cc1QoGVP.s:136    .debug_str:000000e8 .LASF10
C:\Users\Andrea\AppData\Local\Temp\cc1QoGVP.s:6      .debug_info:00000000 .Ldebug_info0

NO UNDEFINED SYMBOLS
