   1                             		.file	"SparklingAid.c"
   2                             		.section P,"ax"
   3                             	.Ltext0:
   4                             		.section	.text.SPA_uP_SparklingAid_Exe,"ax",@progbits
   5                             		.global	_SPA_uP_SparklingAid_Exe
   7                             	_SPA_uP_SparklingAid_Exe:
   8                             	.LFB0:
   9                             		.file 1 "C:/Workspace/FW_Inertia/branch_indesit/Inertia/Modules/SparklingAid.c"
   1:C:/Workspace/FW_Inertia/branch_indesit/Inertia/Modules\SparklingAid.c **** /**
   2:C:/Workspace/FW_Inertia/branch_indesit/Inertia/Modules\SparklingAid.c **** Source File 
   3:C:/Workspace/FW_Inertia/branch_indesit/Inertia/Modules\SparklingAid.c **** 
   4:C:/Workspace/FW_Inertia/branch_indesit/Inertia/Modules\SparklingAid.c **** \file    SparklingAid.c
   5:C:/Workspace/FW_Inertia/branch_indesit/Inertia/Modules\SparklingAid.c **** \ingroup SparklingAid
   6:C:/Workspace/FW_Inertia/branch_indesit/Inertia/Modules\SparklingAid.c **** \date    17/03/2008
   7:C:/Workspace/FW_Inertia/branch_indesit/Inertia/Modules\SparklingAid.c **** \author  Roberto Fioravanti
   8:C:/Workspace/FW_Inertia/branch_indesit/Inertia/Modules\SparklingAid.c **** \version 1.0.0
   9:C:/Workspace/FW_Inertia/branch_indesit/Inertia/Modules\SparklingAid.c **** */
  10:C:/Workspace/FW_Inertia/branch_indesit/Inertia/Modules\SparklingAid.c **** 
  11:C:/Workspace/FW_Inertia/branch_indesit/Inertia/Modules\SparklingAid.c **** /*
  12:C:/Workspace/FW_Inertia/branch_indesit/Inertia/Modules\SparklingAid.c **** Copyright (c) 2004-2008, Indesit Company, IDD.
  13:C:/Workspace/FW_Inertia/branch_indesit/Inertia/Modules\SparklingAid.c **** Tutti i diritti sono riservati. All rights reserved.
  14:C:/Workspace/FW_Inertia/branch_indesit/Inertia/Modules\SparklingAid.c **** */
  15:C:/Workspace/FW_Inertia/branch_indesit/Inertia/Modules\SparklingAid.c **** 
  16:C:/Workspace/FW_Inertia/branch_indesit/Inertia/Modules\SparklingAid.c **** /* Old Versions
  17:C:/Workspace/FW_Inertia/branch_indesit/Inertia/Modules\SparklingAid.c **** \version 
  18:C:/Workspace/FW_Inertia/branch_indesit/Inertia/Modules\SparklingAid.c **** \date    
  19:C:/Workspace/FW_Inertia/branch_indesit/Inertia/Modules\SparklingAid.c **** \author Roberto Fioravanti
  20:C:/Workspace/FW_Inertia/branch_indesit/Inertia/Modules\SparklingAid.c **** */
  21:C:/Workspace/FW_Inertia/branch_indesit/Inertia/Modules\SparklingAid.c **** 
  22:C:/Workspace/FW_Inertia/branch_indesit/Inertia/Modules\SparklingAid.c **** 
  23:C:/Workspace/FW_Inertia/branch_indesit/Inertia/Modules\SparklingAid.c **** /** 
  24:C:/Workspace/FW_Inertia/branch_indesit/Inertia/Modules\SparklingAid.c **** \note : 
  25:C:/Workspace/FW_Inertia/branch_indesit/Inertia/Modules\SparklingAid.c **** */ 
  26:C:/Workspace/FW_Inertia/branch_indesit/Inertia/Modules\SparklingAid.c **** 
  27:C:/Workspace/FW_Inertia/branch_indesit/Inertia/Modules\SparklingAid.c **** 
  28:C:/Workspace/FW_Inertia/branch_indesit/Inertia/Modules\SparklingAid.c **** /* ******** */
  29:C:/Workspace/FW_Inertia/branch_indesit/Inertia/Modules\SparklingAid.c **** /* Includes */
  30:C:/Workspace/FW_Inertia/branch_indesit/Inertia/Modules\SparklingAid.c **** /* ******** */
  31:C:/Workspace/FW_Inertia/branch_indesit/Inertia/Modules\SparklingAid.c **** 
  32:C:/Workspace/FW_Inertia/branch_indesit/Inertia/Modules\SparklingAid.c **** #include "CstmHeaders.h"
  33:C:/Workspace/FW_Inertia/branch_indesit/Inertia/Modules\SparklingAid.c **** 
  34:C:/Workspace/FW_Inertia/branch_indesit/Inertia/Modules\SparklingAid.c **** /* ****************** */
  35:C:/Workspace/FW_Inertia/branch_indesit/Inertia/Modules\SparklingAid.c **** /* Defines and Macros */
  36:C:/Workspace/FW_Inertia/branch_indesit/Inertia/Modules\SparklingAid.c **** /* ****************** */
  37:C:/Workspace/FW_Inertia/branch_indesit/Inertia/Modules\SparklingAid.c **** 
  38:C:/Workspace/FW_Inertia/branch_indesit/Inertia/Modules\SparklingAid.c **** /* *************************** */
  39:C:/Workspace/FW_Inertia/branch_indesit/Inertia/Modules\SparklingAid.c **** /* Typedef, Structs and Unions */
  40:C:/Workspace/FW_Inertia/branch_indesit/Inertia/Modules\SparklingAid.c **** /* *************************** */
  41:C:/Workspace/FW_Inertia/branch_indesit/Inertia/Modules\SparklingAid.c **** struct up_Spa_setting_data_s
  42:C:/Workspace/FW_Inertia/branch_indesit/Inertia/Modules\SparklingAid.c **** {
  43:C:/Workspace/FW_Inertia/branch_indesit/Inertia/Modules\SparklingAid.c ****   uint8_t d1;
  44:C:/Workspace/FW_Inertia/branch_indesit/Inertia/Modules\SparklingAid.c ****   uint8_t d1_d2;
  45:C:/Workspace/FW_Inertia/branch_indesit/Inertia/Modules\SparklingAid.c ****   uint8_t d2;
  46:C:/Workspace/FW_Inertia/branch_indesit/Inertia/Modules\SparklingAid.c ****   uint8_t delta;
  47:C:/Workspace/FW_Inertia/branch_indesit/Inertia/Modules\SparklingAid.c ****   uint8_t t1_d1;
  48:C:/Workspace/FW_Inertia/branch_indesit/Inertia/Modules\SparklingAid.c ****   uint8_t t2_d2;
  49:C:/Workspace/FW_Inertia/branch_indesit/Inertia/Modules\SparklingAid.c **** };
  50:C:/Workspace/FW_Inertia/branch_indesit/Inertia/Modules\SparklingAid.c **** 
  51:C:/Workspace/FW_Inertia/branch_indesit/Inertia/Modules\SparklingAid.c **** /* **************************** */
  52:C:/Workspace/FW_Inertia/branch_indesit/Inertia/Modules\SparklingAid.c **** /* Prototype of local functions */
  53:C:/Workspace/FW_Inertia/branch_indesit/Inertia/Modules\SparklingAid.c **** /* **************************** */
  54:C:/Workspace/FW_Inertia/branch_indesit/Inertia/Modules\SparklingAid.c **** static void SPA_uP_SparklingAid_Init(void);
  55:C:/Workspace/FW_Inertia/branch_indesit/Inertia/Modules\SparklingAid.c **** static uint8_t SPA_uP_SparklingAid_StepMgmt(uint8_t highStatement, uint8_t lowStatement);
  56:C:/Workspace/FW_Inertia/branch_indesit/Inertia/Modules\SparklingAid.c **** 
  57:C:/Workspace/FW_Inertia/branch_indesit/Inertia/Modules\SparklingAid.c **** /* ****************** */
  58:C:/Workspace/FW_Inertia/branch_indesit/Inertia/Modules\SparklingAid.c **** /* Exported variables */
  59:C:/Workspace/FW_Inertia/branch_indesit/Inertia/Modules\SparklingAid.c **** /* ****************** */
  60:C:/Workspace/FW_Inertia/branch_indesit/Inertia/Modules\SparklingAid.c **** 
  61:C:/Workspace/FW_Inertia/branch_indesit/Inertia/Modules\SparklingAid.c **** /* **************** */
  62:C:/Workspace/FW_Inertia/branch_indesit/Inertia/Modules\SparklingAid.c **** /* Global variables */
  63:C:/Workspace/FW_Inertia/branch_indesit/Inertia/Modules\SparklingAid.c **** /* **************** */
  64:C:/Workspace/FW_Inertia/branch_indesit/Inertia/Modules\SparklingAid.c **** 
  65:C:/Workspace/FW_Inertia/branch_indesit/Inertia/Modules\SparklingAid.c **** /* ***************** */
  66:C:/Workspace/FW_Inertia/branch_indesit/Inertia/Modules\SparklingAid.c **** /* Exported function */
  67:C:/Workspace/FW_Inertia/branch_indesit/Inertia/Modules\SparklingAid.c **** /* ***************** */
  68:C:/Workspace/FW_Inertia/branch_indesit/Inertia/Modules\SparklingAid.c **** 
  69:C:/Workspace/FW_Inertia/branch_indesit/Inertia/Modules\SparklingAid.c **** /**
  70:C:/Workspace/FW_Inertia/branch_indesit/Inertia/Modules\SparklingAid.c **** Gestisce l'esecuzione del microprogramma SparklingAid.
  71:C:/Workspace/FW_Inertia/branch_indesit/Inertia/Modules\SparklingAid.c **** Inizializza la macchina a stati (SPA_uP_SparklingAid_Init).
  72:C:/Workspace/FW_Inertia/branch_indesit/Inertia/Modules\SparklingAid.c **** sospende il microprogramma in particolari condizioni (SPA_uP_SparklingAid_Suspend).
  73:C:/Workspace/FW_Inertia/branch_indesit/Inertia/Modules\SparklingAid.c **** Esegue la macchina a stati associata al microprogramma (SPA_uP_SparklingAid_StepMgmt).
  74:C:/Workspace/FW_Inertia/branch_indesit/Inertia/Modules\SparklingAid.c **** 
  75:C:/Workspace/FW_Inertia/branch_indesit/Inertia/Modules\SparklingAid.c **** \param [in] HighStatement specifica l'high statement (opcode +  modificatori F0-F1 + N flag + T fla
  76:C:/Workspace/FW_Inertia/branch_indesit/Inertia/Modules\SparklingAid.c **** \param [in] LowStatement specifica il low statement (displacement ai dati) del microprogramma.
  77:C:/Workspace/FW_Inertia/branch_indesit/Inertia/Modules\SparklingAid.c ****  
  78:C:/Workspace/FW_Inertia/branch_indesit/Inertia/Modules\SparklingAid.c **** \retvalue S_OK se la condizione di avanzamento passo per il microprogramma è verificata (nel caso d
  79:C:/Workspace/FW_Inertia/branch_indesit/Inertia/Modules\SparklingAid.c **** almeno una volta)
  80:C:/Workspace/FW_Inertia/branch_indesit/Inertia/Modules\SparklingAid.c **** \retvalue S_FALSE se non è ancora verificata
  81:C:/Workspace/FW_Inertia/branch_indesit/Inertia/Modules\SparklingAid.c **** 
  82:C:/Workspace/FW_Inertia/branch_indesit/Inertia/Modules\SparklingAid.c **** \version		1.0.0
  83:C:/Workspace/FW_Inertia/branch_indesit/Inertia/Modules\SparklingAid.c **** \date 			26/02/2008
  84:C:/Workspace/FW_Inertia/branch_indesit/Inertia/Modules\SparklingAid.c **** \author			Roberto Fioravanti
  85:C:/Workspace/FW_Inertia/branch_indesit/Inertia/Modules\SparklingAid.c **** 
  86:C:/Workspace/FW_Inertia/branch_indesit/Inertia/Modules\SparklingAid.c **** \todo       -La condizione sulla porta viene testata solo se non ci sono faults
  87:C:/Workspace/FW_Inertia/branch_indesit/Inertia/Modules\SparklingAid.c ****             
  88:C:/Workspace/FW_Inertia/branch_indesit/Inertia/Modules\SparklingAid.c **** */
  89:C:/Workspace/FW_Inertia/branch_indesit/Inertia/Modules\SparklingAid.c **** 
  90:C:/Workspace/FW_Inertia/branch_indesit/Inertia/Modules\SparklingAid.c **** 
  91:C:/Workspace/FW_Inertia/branch_indesit/Inertia/Modules\SparklingAid.c **** uint8_t SPA_uP_SparklingAid_Exe( uint8_t highStatement, uint8_t lowStatement)
  92:C:/Workspace/FW_Inertia/branch_indesit/Inertia/Modules\SparklingAid.c **** {
  10                             		.loc 1 92 0
  11                             	.LVL0:
  12 0000 6E 7B                   		pushm	r7-r11
  13                             	.LCFI0:
  14                             	.LVL1:
  93:C:/Workspace/FW_Inertia/branch_indesit/Inertia/Modules\SparklingAid.c **** uint8_t nRet=S_FALSE;
  94:C:/Workspace/FW_Inertia/branch_indesit/Inertia/Modules\SparklingAid.c **** 
  95:C:/Workspace/FW_Inertia/branch_indesit/Inertia/Modules\SparklingAid.c **** 
  96:C:/Workspace/FW_Inertia/branch_indesit/Inertia/Modules\SparklingAid.c ****     /* Init passo o restore from backup */
  97:C:/Workspace/FW_Inertia/branch_indesit/Inertia/Modules\SparklingAid.c ****   if ( (FALSE == Interpreter_Data[0].stepInitialized) )
  15                             		.loc 1 97 0
  16 0002 FB 72 00 00 00 00       		mov.L	#_Interpreter_Data, r7
  17 0008 CD 7E 04                		mov.B	4[r7], r14
  18 000b 64 2E                   		and	#2, r14
  19 000d FB 72 00 00 00 00       		mov.L	#_uP_SparklingAid_Data, r7
  20 0013 1F                      		bne	.L2
  21                             	.LBB9:
  22                             	.LBB10:
  98:C:/Workspace/FW_Inertia/branch_indesit/Inertia/Modules\SparklingAid.c ****   {
  99:C:/Workspace/FW_Inertia/branch_indesit/Inertia/Modules\SparklingAid.c ****     
 100:C:/Workspace/FW_Inertia/branch_indesit/Inertia/Modules\SparklingAid.c **** 		SPA_uP_SparklingAid_Init();    
 101:C:/Workspace/FW_Inertia/branch_indesit/Inertia/Modules\SparklingAid.c **** 		return nRet;
 102:C:/Workspace/FW_Inertia/branch_indesit/Inertia/Modules\SparklingAid.c ****   } 
 103:C:/Workspace/FW_Inertia/branch_indesit/Inertia/Modules\SparklingAid.c ****   
 104:C:/Workspace/FW_Inertia/branch_indesit/Inertia/Modules\SparklingAid.c ****   /* TODO1: condizioni particolari in cui deve essere sospesa l'attività del microprogramma */
 105:C:/Workspace/FW_Inertia/branch_indesit/Inertia/Modules\SparklingAid.c **** /*    
 106:C:/Workspace/FW_Inertia/branch_indesit/Inertia/Modules\SparklingAid.c ****   if( !Alarm )
 107:C:/Workspace/FW_Inertia/branch_indesit/Inertia/Modules\SparklingAid.c ****   {
 108:C:/Workspace/FW_Inertia/branch_indesit/Inertia/Modules\SparklingAid.c **** */	
 109:C:/Workspace/FW_Inertia/branch_indesit/Inertia/Modules\SparklingAid.c ****     if (uPDoorStatus == UP_DOOR_WAIT)
 110:C:/Workspace/FW_Inertia/branch_indesit/Inertia/Modules\SparklingAid.c ****     {/* porta aperta o in attesa di timeout dopo la chiusura o delay MR -> il uP va sospeso */
 111:C:/Workspace/FW_Inertia/branch_indesit/Inertia/Modules\SparklingAid.c ****    
 112:C:/Workspace/FW_Inertia/branch_indesit/Inertia/Modules\SparklingAid.c ****   /*  DisableCounter(&uP_SparklingAid_Data.timer); */
 113:C:/Workspace/FW_Inertia/branch_indesit/Inertia/Modules\SparklingAid.c ****     	SWTC_Stop((SWTC_CountersType)MP_SPARKLINGAID_M_COUNTER);
 114:C:/Workspace/FW_Inertia/branch_indesit/Inertia/Modules\SparklingAid.c **** 	  	if( (uP_SparklingAid_Data. step== SPRKLING_T1 ) || (uP_SparklingAid_Data.step == SPRKLING_T2) )
 115:C:/Workspace/FW_Inertia/branch_indesit/Inertia/Modules\SparklingAid.c **** 		{
 116:C:/Workspace/FW_Inertia/branch_indesit/Inertia/Modules\SparklingAid.c **** 	  		uP_SparklingAid_Data.cmd.RepeatTurbRead = TRUE;
 117:C:/Workspace/FW_Inertia/branch_indesit/Inertia/Modules\SparklingAid.c **** 		}
 118:C:/Workspace/FW_Inertia/branch_indesit/Inertia/Modules\SparklingAid.c **** 
 119:C:/Workspace/FW_Inertia/branch_indesit/Inertia/Modules\SparklingAid.c **** 
 120:C:/Workspace/FW_Inertia/branch_indesit/Inertia/Modules\SparklingAid.c **** 			return S_FALSE;  				    
 121:C:/Workspace/FW_Inertia/branch_indesit/Inertia/Modules\SparklingAid.c **** 		}
 122:C:/Workspace/FW_Inertia/branch_indesit/Inertia/Modules\SparklingAid.c **** /*		
 123:C:/Workspace/FW_Inertia/branch_indesit/Inertia/Modules\SparklingAid.c **** 	}
 124:C:/Workspace/FW_Inertia/branch_indesit/Inertia/Modules\SparklingAid.c **** */
 125:C:/Workspace/FW_Inertia/branch_indesit/Inertia/Modules\SparklingAid.c **** 	nRet= SPA_uP_SparklingAid_StepMgmt(highStatement, lowStatement);
 126:C:/Workspace/FW_Inertia/branch_indesit/Inertia/Modules\SparklingAid.c ****   
 127:C:/Workspace/FW_Inertia/branch_indesit/Inertia/Modules\SparklingAid.c ****   return nRet;   
 128:C:/Workspace/FW_Inertia/branch_indesit/Inertia/Modules\SparklingAid.c **** }
 129:C:/Workspace/FW_Inertia/branch_indesit/Inertia/Modules\SparklingAid.c **** 
 130:C:/Workspace/FW_Inertia/branch_indesit/Inertia/Modules\SparklingAid.c **** /* ************** */
 131:C:/Workspace/FW_Inertia/branch_indesit/Inertia/Modules\SparklingAid.c **** /* Local Function */
 132:C:/Workspace/FW_Inertia/branch_indesit/Inertia/Modules\SparklingAid.c **** /* ************** */
 133:C:/Workspace/FW_Inertia/branch_indesit/Inertia/Modules\SparklingAid.c **** 
 134:C:/Workspace/FW_Inertia/branch_indesit/Inertia/Modules\SparklingAid.c **** /**
 135:C:/Workspace/FW_Inertia/branch_indesit/Inertia/Modules\SparklingAid.c **** Inizializza la macchina a stati del microprogramma SparklingAid.
 136:C:/Workspace/FW_Inertia/branch_indesit/Inertia/Modules\SparklingAid.c **** 
 137:C:/Workspace/FW_Inertia/branch_indesit/Inertia/Modules\SparklingAid.c **** \param nesssuno
 138:C:/Workspace/FW_Inertia/branch_indesit/Inertia/Modules\SparklingAid.c **** \return nessuno
 139:C:/Workspace/FW_Inertia/branch_indesit/Inertia/Modules\SparklingAid.c **** 
 140:C:/Workspace/FW_Inertia/branch_indesit/Inertia/Modules\SparklingAid.c **** \version		1.0.0
 141:C:/Workspace/FW_Inertia/branch_indesit/Inertia/Modules\SparklingAid.c **** \date 			26/02/2008
 142:C:/Workspace/FW_Inertia/branch_indesit/Inertia/Modules\SparklingAid.c **** \author			Roberto Fioravanti
 143:C:/Workspace/FW_Inertia/branch_indesit/Inertia/Modules\SparklingAid.c **** 
 144:C:/Workspace/FW_Inertia/branch_indesit/Inertia/Modules\SparklingAid.c **** */
 145:C:/Workspace/FW_Inertia/branch_indesit/Inertia/Modules\SparklingAid.c **** static void SPA_uP_SparklingAid_Init(void)
 146:C:/Workspace/FW_Inertia/branch_indesit/Inertia/Modules\SparklingAid.c **** {
 147:C:/Workspace/FW_Inertia/branch_indesit/Inertia/Modules\SparklingAid.c ****   uP_SparklingAid_Data.step = SPRKLING_INIT;
  23                             		.loc 1 147 0
  24 0014 C7 7E 03                		mov.B	r14, 3[r7]
  25 0017 38 F3 02                		bra	.L40
  26                             	.L2:
  27                             	.LBE10:
  28                             	.LBE9:
 109:C:/Workspace/FW_Inertia/branch_indesit/Inertia/Modules\SparklingAid.c ****     if (uPDoorStatus == UP_DOOR_WAIT)
  29                             		.loc 1 109 0
  30 001a FB E2 00 00 00 00       		mov.L	#_uPDoorStatus, r14
  31 0020 58 EE                   		movu.B	[r14], r14
  32 0022 61 0E                   		cmp	#0, r14
  33 0024 21 1F                   		bne	.L4
 113:C:/Workspace/FW_Inertia/branch_indesit/Inertia/Modules\SparklingAid.c ****     	SWTC_Stop((SWTC_CountersType)MP_SPARKLINGAID_M_COUNTER);
  34                             		.loc 1 113 0
  35 0026 75 41 11                		mov	#17, r1
  36                             	.LVL2:
  37 0029 05 00 00 00             		bsr	_SWTC_Stop
  38                             	.LVL3:
 114:C:/Workspace/FW_Inertia/branch_indesit/Inertia/Modules\SparklingAid.c **** 	  	if( (uP_SparklingAid_Data. step== SPRKLING_T1 ) || (uP_SparklingAid_Data.step == SPRKLING_T2) )
  39                             		.loc 1 114 0
  40 002d 59 7A 03                		movu.B	3[r7], r10
  41 0030 61 1A                   		cmp	#1, r10
  42 0032 16                      		beq	.L5
 114:C:/Workspace/FW_Inertia/branch_indesit/Inertia/Modules\SparklingAid.c **** 	  	if( (uP_SparklingAid_Data. step== SPRKLING_T1 ) || (uP_SparklingAid_Data.step == SPRKLING_T2) )
  43                             		.loc 1 114 0 is_stmt 0 discriminator 1
  44 0033 61 7A                   		cmp	#7, r10
  45 0035 3B D5 02                		bne	.L40
  46                             		.balign 2,3,5
  47                             	.L5:
 116:C:/Workspace/FW_Inertia/branch_indesit/Inertia/Modules\SparklingAid.c **** 	  		uP_SparklingAid_Data.cmd.RepeatTurbRead = TRUE;
  48                             		.loc 1 116 0 is_stmt 1
  49 0038 CD 7A 07                		mov.B	7[r7], r10
  50 003b 78 0A                   		bset	#0, r10
  51 003d C7 7A 07                		mov.B	r10, 7[r7]
  52 0040 38 CA 02                		bra	.L40
  53                             	.LVL4:
  54                             	.L4:
  55 0043 CF 1A                   		mov.B	r1, r10
  56 0045 CF 2B                   		mov.B	r2, r11
  57                             	.LVL5:
  58                             	.LBB11:
  59                             	.LBB12:
 148:C:/Workspace/FW_Inertia/branch_indesit/Inertia/Modules\SparklingAid.c **** }
 149:C:/Workspace/FW_Inertia/branch_indesit/Inertia/Modules\SparklingAid.c **** 
 150:C:/Workspace/FW_Inertia/branch_indesit/Inertia/Modules\SparklingAid.c **** 
 151:C:/Workspace/FW_Inertia/branch_indesit/Inertia/Modules\SparklingAid.c **** 
 152:C:/Workspace/FW_Inertia/branch_indesit/Inertia/Modules\SparklingAid.c **** 
 153:C:/Workspace/FW_Inertia/branch_indesit/Inertia/Modules\SparklingAid.c **** /**
 154:C:/Workspace/FW_Inertia/branch_indesit/Inertia/Modules\SparklingAid.c **** Gestisce l'avanzamento della macchina a stati del microprogramma SparklingAid.
 155:C:/Workspace/FW_Inertia/branch_indesit/Inertia/Modules\SparklingAid.c **** 
 156:C:/Workspace/FW_Inertia/branch_indesit/Inertia/Modules\SparklingAid.c **** \par \b Opzioni:
 157:C:/Workspace/FW_Inertia/branch_indesit/Inertia/Modules\SparklingAid.c **** 1-rilascio brillantante normale 
 158:C:/Workspace/FW_Inertia/branch_indesit/Inertia/Modules\SparklingAid.c **** 2-rilascio brillantante con lettura di torbidità
 159:C:/Workspace/FW_Inertia/branch_indesit/Inertia/Modules\SparklingAid.c **** 
 160:C:/Workspace/FW_Inertia/branch_indesit/Inertia/Modules\SparklingAid.c **** \par \b Condizione di avanzamento:
 161:C:/Workspace/FW_Inertia/branch_indesit/Inertia/Modules\SparklingAid.c **** tutti gli step sono stati eseguiti:
 162:C:/Workspace/FW_Inertia/branch_indesit/Inertia/Modules\SparklingAid.c **** 
 163:C:/Workspace/FW_Inertia/branch_indesit/Inertia/Modules\SparklingAid.c **** 1- normale
 164:C:/Workspace/FW_Inertia/branch_indesit/Inertia/Modules\SparklingAid.c ****     doppia attivazione dispenser 
 165:C:/Workspace/FW_Inertia/branch_indesit/Inertia/Modules\SparklingAid.c **** 2- con lettura di torbidità
 166:C:/Workspace/FW_Inertia/branch_indesit/Inertia/Modules\SparklingAid.c ****     doppia lettura del sensore di torbidità separate da una doppia attivazione dispenser.
 167:C:/Workspace/FW_Inertia/branch_indesit/Inertia/Modules\SparklingAid.c ****     Confronto tra i valori delle due letture per la notifica dello stato del brillantante.
 168:C:/Workspace/FW_Inertia/branch_indesit/Inertia/Modules\SparklingAid.c **** 
 169:C:/Workspace/FW_Inertia/branch_indesit/Inertia/Modules\SparklingAid.c **** \param [in] HighStatement specifica l'high statement (opcode +  modificatori F0-F1 + N flag + T fla
 170:C:/Workspace/FW_Inertia/branch_indesit/Inertia/Modules\SparklingAid.c **** \param [in] LowStatement specifica il low statement (displacement ai dati) del microprogramma.
 171:C:/Workspace/FW_Inertia/branch_indesit/Inertia/Modules\SparklingAid.c ****  
 172:C:/Workspace/FW_Inertia/branch_indesit/Inertia/Modules\SparklingAid.c **** \retvalue S_OK se la condizione di avanzamento passo per il microprogramma è verificata
 173:C:/Workspace/FW_Inertia/branch_indesit/Inertia/Modules\SparklingAid.c **** \retvalue S_FALSE se non è ancora verificata
 174:C:/Workspace/FW_Inertia/branch_indesit/Inertia/Modules\SparklingAid.c **** 
 175:C:/Workspace/FW_Inertia/branch_indesit/Inertia/Modules\SparklingAid.c **** \version		1.0.0
 176:C:/Workspace/FW_Inertia/branch_indesit/Inertia/Modules\SparklingAid.c **** \date 			26/02/2008
 177:C:/Workspace/FW_Inertia/branch_indesit/Inertia/Modules\SparklingAid.c **** \author			Roberto Fioravanti
 178:C:/Workspace/FW_Inertia/branch_indesit/Inertia/Modules\SparklingAid.c **** 
 179:C:/Workspace/FW_Inertia/branch_indesit/Inertia/Modules\SparklingAid.c **** \todo       -La condizione sulla porta viene testata solo se non ci sono faults
 180:C:/Workspace/FW_Inertia/branch_indesit/Inertia/Modules\SparklingAid.c ****             
 181:C:/Workspace/FW_Inertia/branch_indesit/Inertia/Modules\SparklingAid.c **** */
 182:C:/Workspace/FW_Inertia/branch_indesit/Inertia/Modules\SparklingAid.c **** uint8_t SPA_uP_SparklingAid_StepMgmt(uint8_t highStatement, uint8_t lowStatement) 
 183:C:/Workspace/FW_Inertia/branch_indesit/Inertia/Modules\SparklingAid.c **** {
 184:C:/Workspace/FW_Inertia/branch_indesit/Inertia/Modules\SparklingAid.c ****   uint8_t nRet=S_FALSE;
 185:C:/Workspace/FW_Inertia/branch_indesit/Inertia/Modules\SparklingAid.c ****   
 186:C:/Workspace/FW_Inertia/branch_indesit/Inertia/Modules\SparklingAid.c ****   if(uP_SparklingAid_Data.cmd.RepeatTurbRead ==TRUE)
  60                             		.loc 1 186 0
  61 0047 CD 7E 07                		mov.B	7[r7], r14
  62 004a FD 74 CE 01             		tst	#1, r14
  63 004e 20 18                   		beq	.L6
  64                             	.LVL6:
 187:C:/Workspace/FW_Inertia/branch_indesit/Inertia/Modules\SparklingAid.c ****   {
 188:C:/Workspace/FW_Inertia/branch_indesit/Inertia/Modules\SparklingAid.c ****     uP_SparklingAid_Data.IdRead=TurbidityReads.id;
  65                             		.loc 1 188 0
  66 0050 FB 42 00 00 00 00       		mov.L	#_TurbidityReads, r4
  67 0056 C5 47 08 02             		mov.B	8[r4], 2[r7]
 189:C:/Workspace/FW_Inertia/branch_indesit/Inertia/Modules\SparklingAid.c ****     uP_SparklingAid_Data.cmd.RepeatTurbRead =FALSE;
  68                             		.loc 1 189 0
  69 005a 7A 0E                   		bclr	#0, r14
  70 005c C7 7E 07                		mov.B	r14, 7[r7]
 190:C:/Workspace/FW_Inertia/branch_indesit/Inertia/Modules\SparklingAid.c ****     HIO_trbReadEnable(TURBSENS_READ_up_SPA);
  71                             		.loc 1 190 0
  72 005f 66 31                   		mov	#3, r1
  73                             	.LVL7:
  74 0061 05 00 00 00             		bsr	_HIO_trbReadEnable
  75                             	.LVL8:
  76 0065 03                      		.balign 2,3,5
  77                             	.L6:
 191:C:/Workspace/FW_Inertia/branch_indesit/Inertia/Modules\SparklingAid.c ****   }
 192:C:/Workspace/FW_Inertia/branch_indesit/Inertia/Modules\SparklingAid.c ****   
 193:C:/Workspace/FW_Inertia/branch_indesit/Inertia/Modules\SparklingAid.c ****   switch(uP_SparklingAid_Data.step) 
  78                             		.loc 1 193 0
  79 0066 FB 72 00 00 00 00       		mov.L	#_uP_SparklingAid_Data, r7
  80 006c 59 7E 03                		movu.B	3[r7], r14
  81 006f 61 9E                   		cmp	#9, r14
  82 0071 25 05 38 86 02          		bgtu	.L7
  83 0076 FB 72 00 00 00 00       		mov.L	#.L17, r7
  84 007c FE 6E 77                		mov.L	[r14,r7], r7
  85                             		
  86 007f 7F 07                   	1:jmp	r7
  87                             		.section	.rodata.SPA_uP_SparklingAid_Exe,"a",@progbits
  88                             		.balign 4
  89                             		.balign 4
  90                             	.L17:
  91 0000 00 00 00 81             		.long .L8
  92 0004 00 00 01 0B             		.long .L9
  93 0008 00 00 01 54             		.long .L10
  94 000c 00 00 01 6C             		.long .L11
  95 0010 00 00 01 8E             		.long .L12
  96 0014 00 00 02 06             		.long .L13
  97 0018 00 00 02 56             		.long .L14
  98 001c 00 00 02 78             		.long .L15
  99 0020 00 00 02 FF             		.long .L41
 100 0024 00 00 02 FF             		.long .L41
 101                             		.section	.text.SPA_uP_SparklingAid_Exe
 102                             	.L8:
 194:C:/Workspace/FW_Inertia/branch_indesit/Inertia/Modules\SparklingAid.c ****   {
 195:C:/Workspace/FW_Inertia/branch_indesit/Inertia/Modules\SparklingAid.c ****     case SPRKLING_INIT:
 196:C:/Workspace/FW_Inertia/branch_indesit/Inertia/Modules\SparklingAid.c **** 		if (BasicLoader(PTR_UP_SPARKLING_AID, lowStatement, &uPSparklingAid_setting_data) != S_OK )
 103                             		.loc 1 196 0
 104 0081 5B B2                   		movu.B	r11, r2
 105 0083 75 41 17                		mov	#23, r1
 106 0086 FB 32 00 00 00 00       		mov.L	#_uPSparklingAid_setting_data, r3
 107 008c 05 00 00 00             		bsr	_BasicLoader
 108                             	.LVL9:
 109 0090 5B 12                   		movu.B	r1, r2
 110 0092 61 02                   		cmp	#0, r2
 111 0094 11                      		beq	.L18
 197:C:/Workspace/FW_Inertia/branch_indesit/Inertia/Modules\SparklingAid.c **** 		{
 198:C:/Workspace/FW_Inertia/branch_indesit/Inertia/Modules\SparklingAid.c **** 				uP_SparklingAid_Data.step = SPRKLING_ERROR;
 112                             		.loc 1 198 0
 113 0095 FB 72 00 00 00 00       		mov.L	#_uP_SparklingAid_Data, r7
 114 009b 2E 53                   		bra	.L78
 115                             	.L18:
 199:C:/Workspace/FW_Inertia/branch_indesit/Inertia/Modules\SparklingAid.c **** 				return S_FALSE;
 200:C:/Workspace/FW_Inertia/branch_indesit/Inertia/Modules\SparklingAid.c **** 		}
 201:C:/Workspace/FW_Inertia/branch_indesit/Inertia/Modules\SparklingAid.c **** 
 202:C:/Workspace/FW_Inertia/branch_indesit/Inertia/Modules\SparklingAid.c **** 		if (RinseAidFunctionValue==0)
 116                             		.loc 1 202 0
 117 009d FB 72 00 00 00 00       		mov.L	#_RinseAidFunctionValue, r7
 118 00a3 58 77                   		movu.B	[r7], r7
 119 00a5 61 07                   		cmp	#0, r7
 120 00a7 3A 65 02                		beq	.L3
 203:C:/Workspace/FW_Inertia/branch_indesit/Inertia/Modules\SparklingAid.c **** 		{
 204:C:/Workspace/FW_Inertia/branch_indesit/Inertia/Modules\SparklingAid.c **** 			return S_OK;
 205:C:/Workspace/FW_Inertia/branch_indesit/Inertia/Modules\SparklingAid.c **** 		}
 206:C:/Workspace/FW_Inertia/branch_indesit/Inertia/Modules\SparklingAid.c **** 		SWTC_SetMValue((SWTC_CountersType)MP_SPARKLINGAID_M_COUNTER,0);
 121                             		.loc 1 206 0
 122 00aa 75 41 11                		mov	#17, r1
 123 00ad 05 00 00 00             		bsr	_SWTC_SetMValue
 124                             	.LVL10:
 207:C:/Workspace/FW_Inertia/branch_indesit/Inertia/Modules\SparklingAid.c **** 		
 208:C:/Workspace/FW_Inertia/branch_indesit/Inertia/Modules\SparklingAid.c **** 		switch((highStatement) & (SPRKLING_OPTION))
 125                             		.loc 1 208 0
 126 00b1 EF A1                   		mov.L	r10, r1
 127 00b3 75 21 30                		and #48, r1
 128 00b6 75 51 10                		cmp	#16, r1
 129 00b9 20 21                   		beq	.L22
 130 00bb FB 72 00 00 00 00       		mov.L	#_uP_SparklingAid_Data, r7
 131 00c1 24 08                   		bgtu	.L24
 132 00c3 61 01                   		cmp	#0, r1
 133 00c5 20 0F                   		beq	.L21
 134 00c7 2E 3E                   		bra	.L20
 135                             	.L24:
 136 00c9 75 51 20                		cmp	#32, r1
 137 00cc 20 2E                   		beq	.L23
 138 00ce 75 51 30                		cmp	#48, r1
 139 00d1 21 34                   		bne	.L20
 140 00d3 0F                      		bra	.L22
 141                             	.L21:
 209:C:/Workspace/FW_Inertia/branch_indesit/Inertia/Modules\SparklingAid.c **** 		{
 210:C:/Workspace/FW_Inertia/branch_indesit/Inertia/Modules\SparklingAid.c **** 			case SPRKLING_NORMAL_OPT:
 211:C:/Workspace/FW_Inertia/branch_indesit/Inertia/Modules\SparklingAid.c ****           
 212:C:/Workspace/FW_Inertia/branch_indesit/Inertia/Modules\SparklingAid.c **** 				uP_SparklingAid_Data.step=SPRKLING_WAIT_FOR_D1;
 142                             		.loc 1 212 0
 143 00d4 3C 73 02                		mov.B	#2, 3[r7]
 144 00d7 38 25 02                		bra	.L73
 145                             	.L22:
 213:C:/Workspace/FW_Inertia/branch_indesit/Inertia/Modules\SparklingAid.c **** 			break;
 214:C:/Workspace/FW_Inertia/branch_indesit/Inertia/Modules\SparklingAid.c ****         
 215:C:/Workspace/FW_Inertia/branch_indesit/Inertia/Modules\SparklingAid.c **** 			case SPRKLING_WITH_TURB_READ_OPT:
 216:C:/Workspace/FW_Inertia/branch_indesit/Inertia/Modules\SparklingAid.c **** 			case SPRKLING_WITH_REG_TURB_REG_OPT:
 217:C:/Workspace/FW_Inertia/branch_indesit/Inertia/Modules\SparklingAid.c **** 			  if(uPSparklingAid_setting_data.DataLenght<SPRKLING_TABLE_TURB_OPT_LEN)
 146                             		.loc 1 217 0
 147 00da FB 72 00 00 00 00       		mov.L	#_uPSparklingAid_setting_data, r7
 148 00e0 5D 7A 02                		movu.W	4[r7], r10
 149                             	.LVL11:
 150 00e3 FB 72 00 00 00 00       		mov.L	#_uP_SparklingAid_Data, r7
 151 00e9 61 2A                   		cmp	#2, r10
 152 00eb 24 09                   		bgtu	.L25
 153 00ed 03                      		.balign 2,3,4
 154                             	.L78:
 218:C:/Workspace/FW_Inertia/branch_indesit/Inertia/Modules\SparklingAid.c **** 			  {
 219:C:/Workspace/FW_Inertia/branch_indesit/Inertia/Modules\SparklingAid.c **** 				uP_SparklingAid_Data.step=SPRKLING_ERROR;
 155                             		.loc 1 219 0
 156 00ee 3C 73 09                		mov.B	#9, 3[r7]
 157 00f1 38 19 02                		bra	.L40
 158                             	.L25:
 220:C:/Workspace/FW_Inertia/branch_indesit/Inertia/Modules\SparklingAid.c **** 				return S_FALSE;
 221:C:/Workspace/FW_Inertia/branch_indesit/Inertia/Modules\SparklingAid.c **** 			  }
 222:C:/Workspace/FW_Inertia/branch_indesit/Inertia/Modules\SparklingAid.c **** 			  uP_SparklingAid_Data.step=SPRKLING_T1;
 159                             		.loc 1 222 0
 160 00f4 3C 73 01                		mov.B	#1, 3[r7]
 161 00f7 38 75 01                		bra	.L77
 162                             	.LVL12:
 163                             	.L23:
 223:C:/Workspace/FW_Inertia/branch_indesit/Inertia/Modules\SparklingAid.c **** 			  uP_SparklingAid_Data.cmd.RepeatTurbRead=TRUE;
 224:C:/Workspace/FW_Inertia/branch_indesit/Inertia/Modules\SparklingAid.c ****           
 225:C:/Workspace/FW_Inertia/branch_indesit/Inertia/Modules\SparklingAid.c **** 			  break;
 226:C:/Workspace/FW_Inertia/branch_indesit/Inertia/Modules\SparklingAid.c **** 			case SPRKLING_WITH_REGULATION_OPT:
 227:C:/Workspace/FW_Inertia/branch_indesit/Inertia/Modules\SparklingAid.c **** 				uP_SparklingAid_Data.step=SPRKLING_WAIT_FOR_D1;
 164                             		.loc 1 227 0
 165 00fa 3C 73 02                		mov.B	#2, 3[r7]
 228:C:/Workspace/FW_Inertia/branch_indesit/Inertia/Modules\SparklingAid.c **** 				uP_SparklingAid_Data.cmd.Repeat_reg_dx =0;
 166                             		.loc 1 228 0
 167                             	.LVL13:
 168 00fd CD 7A 07                		mov.B 7[r7], r10
 169 0100 64 1A                   		and #1, r10
 170 0102 38 70 01                		bra	.L76
 171                             	.LVL14:
 172                             	.L20:
 229:C:/Workspace/FW_Inertia/branch_indesit/Inertia/Modules\SparklingAid.c **** 			
 230:C:/Workspace/FW_Inertia/branch_indesit/Inertia/Modules\SparklingAid.c **** 
 231:C:/Workspace/FW_Inertia/branch_indesit/Inertia/Modules\SparklingAid.c **** 				break;
 232:C:/Workspace/FW_Inertia/branch_indesit/Inertia/Modules\SparklingAid.c **** 		
 233:C:/Workspace/FW_Inertia/branch_indesit/Inertia/Modules\SparklingAid.c **** 			default:
 234:C:/Workspace/FW_Inertia/branch_indesit/Inertia/Modules\SparklingAid.c **** 				uP_SparklingAid_Data.step=SPRKLING_ERROR;
 173                             		.loc 1 234 0
 174 0105 3C 73 09                		mov.B	#9, 3[r7]
 175 0108 38 F4 01                		bra	.L73
 176                             	.L9:
 177                             	.LBE12:
 235:C:/Workspace/FW_Inertia/branch_indesit/Inertia/Modules\SparklingAid.c **** 		}
 236:C:/Workspace/FW_Inertia/branch_indesit/Inertia/Modules\SparklingAid.c **** 		  
 237:C:/Workspace/FW_Inertia/branch_indesit/Inertia/Modules\SparklingAid.c **** 	break;
 238:C:/Workspace/FW_Inertia/branch_indesit/Inertia/Modules\SparklingAid.c ****     
 239:C:/Workspace/FW_Inertia/branch_indesit/Inertia/Modules\SparklingAid.c ****     case SPRKLING_T1:
 240:C:/Workspace/FW_Inertia/branch_indesit/Inertia/Modules\SparklingAid.c **** 		if(GIValid&GI_TURB_SENSOR_MSK)
 178                             		.loc 1 240 0
 179 010b FB 72 00 00 00 00       		mov.L	#_GIValid, r7
 180 0111 DC 77                   		mov.W	[r7], r7
 181                             	.LBB14:
 182 0113 76 27 00 02             		and #0x200, r7
 183 0117 5F 77                   		movu.W	r7, r7
 184 0119 61 07                   		cmp	#0, r7
 185 011b 1C                      		bne	.L26
 186 011c 38 E0 01                		bra	.L73
 187                             	.L26:
 188                             	.LBB13:
 241:C:/Workspace/FW_Inertia/branch_indesit/Inertia/Modules\SparklingAid.c **** 		{
 242:C:/Workspace/FW_Inertia/branch_indesit/Inertia/Modules\SparklingAid.c **** 			uint8_t id=TurbidityReads.id;
 189                             		.loc 1 242 0
 190 011f FB A2 00 00 00 00       		mov.L	#_TurbidityReads, r10
 191                             	.LVL15:
 192 0125 CD AE 08                		mov.B	8[r10], r14
 193                             	.LVL16:
 243:C:/Workspace/FW_Inertia/branch_indesit/Inertia/Modules\SparklingAid.c **** 
 244:C:/Workspace/FW_Inertia/branch_indesit/Inertia/Modules\SparklingAid.c **** 			/* attesa della nuova lettura */
 245:C:/Workspace/FW_Inertia/branch_indesit/Inertia/Modules\SparklingAid.c **** 			if(uP_SparklingAid_Data.IdRead!=id)
 194                             		.loc 1 245 0
 195 0128 FB 72 00 00 00 00       		mov.L	#_uP_SparklingAid_Data, r7
 196 012e B0 F4                   		movu.B	2[r7], r4
 197 0130 5B EB                   		movu.B	r14, r11
 198                             	.LVL17:
 199 0132 47 B4                   		cmp	r11, r4
 200 0134 3A C8 01                		beq	.L73
 246:C:/Workspace/FW_Inertia/branch_indesit/Inertia/Modules\SparklingAid.c **** 			{
 247:C:/Workspace/FW_Inertia/branch_indesit/Inertia/Modules\SparklingAid.c **** 			  /* nuova lettura disponibile */
 248:C:/Workspace/FW_Inertia/branch_indesit/Inertia/Modules\SparklingAid.c **** 			  uP_SparklingAid_Data.IdRead=id;
 201                             		.loc 1 248 0
 202 0137 C7 7E 02                		mov.B	r14, 2[r7]
 249:C:/Workspace/FW_Inertia/branch_indesit/Inertia/Modules\SparklingAid.c **** 
 250:C:/Workspace/FW_Inertia/branch_indesit/Inertia/Modules\SparklingAid.c **** 			  /* leggi valore torbidità */
 251:C:/Workspace/FW_Inertia/branch_indesit/Inertia/Modules\SparklingAid.c **** 			  uP_SparklingAid_Data.turbidity1=TurbidityReads.perc;
 203                             		.loc 1 251 0
 204 013a C1 A7 09                		mov.B	9[r10], [r7]
 252:C:/Workspace/FW_Inertia/branch_indesit/Inertia/Modules\SparklingAid.c **** 			  uP_SparklingAid_Data.step=SPRKLING_WAIT_FOR_D1;
 205                             		.loc 1 252 0
 206 013d 3C 73 02                		mov.B	#2, 3[r7]
 253:C:/Workspace/FW_Inertia/branch_indesit/Inertia/Modules\SparklingAid.c **** 
 254:C:/Workspace/FW_Inertia/branch_indesit/Inertia/Modules\SparklingAid.c **** 			  SWTC_SetMValue((SWTC_CountersType)MP_SPARKLINGAID_M_COUNTER,SPRKLING_DELAY_T1_D1);
 207                             		.loc 1 254 0
 208 0140 FB 72 00 00 00 00       		mov.L	#_uPSparklingAid_setting_data, r7
 209 0146 EC 77                   		mov.L	[r7], r7
 210 0148 B1 72                   		movu.B	4[r7], r2
 211 014a 75 41 11                		mov	#17, r1
 212 014d 05 00 00 00             		bsr	_SWTC_SetMValue
 213                             	.LVL18:
 214 0151 38 A1 01                		bra	.L75
 215                             	.LVL19:
 216                             	.L10:
 217                             	.LBE13:
 255:C:/Workspace/FW_Inertia/branch_indesit/Inertia/Modules\SparklingAid.c **** 
 256:C:/Workspace/FW_Inertia/branch_indesit/Inertia/Modules\SparklingAid.c **** 			  HIO_trbReadDisable((uint8_t)TURBSENS_READ_up_SPA);
 257:C:/Workspace/FW_Inertia/branch_indesit/Inertia/Modules\SparklingAid.c **** 			}
 258:C:/Workspace/FW_Inertia/branch_indesit/Inertia/Modules\SparklingAid.c ****         }
 259:C:/Workspace/FW_Inertia/branch_indesit/Inertia/Modules\SparklingAid.c ****       
 260:C:/Workspace/FW_Inertia/branch_indesit/Inertia/Modules\SparklingAid.c ****     break;
 261:C:/Workspace/FW_Inertia/branch_indesit/Inertia/Modules\SparklingAid.c ****     
 262:C:/Workspace/FW_Inertia/branch_indesit/Inertia/Modules\SparklingAid.c ****     case SPRKLING_WAIT_FOR_D1:
 263:C:/Workspace/FW_Inertia/branch_indesit/Inertia/Modules\SparklingAid.c ****     
 264:C:/Workspace/FW_Inertia/branch_indesit/Inertia/Modules\SparklingAid.c **** 		if(SWTC_IsExpired((SWTC_CountersType)MP_SPARKLINGAID_M_COUNTER))
 218                             		.loc 1 264 0
 219 0154 75 41 11                		mov	#17, r1
 220 0157 05 00 00 00             		bsr	_SWTC_IsExpired
 221                             	.LVL20:
 222 015b 61 01                   		cmp	#0, r1
 223 015d 3A 9F 01                		beq	.L73
 265:C:/Workspace/FW_Inertia/branch_indesit/Inertia/Modules\SparklingAid.c **** 		{
 266:C:/Workspace/FW_Inertia/branch_indesit/Inertia/Modules\SparklingAid.c **** 			uP_SparklingAid_Data.step=SPRKLING_D1;
 224                             		.loc 1 266 0
 225 0160 FB 72 00 00 00 00       		mov.L	#_uP_SparklingAid_Data, r7
 226 0166 3C 73 03                		mov.B	#3, 3[r7]
 227 0169 38 81 00                		bra	.L79
 228                             	.L11:
 267:C:/Workspace/FW_Inertia/branch_indesit/Inertia/Modules\SparklingAid.c **** 
 268:C:/Workspace/FW_Inertia/branch_indesit/Inertia/Modules\SparklingAid.c **** 			SWTC_SetMValue((SWTC_CountersType)MP_SPARKLINGAID_M_COUNTER,SPRKLING_TIME_D1);
 269:C:/Workspace/FW_Inertia/branch_indesit/Inertia/Modules\SparklingAid.c **** 		}
 270:C:/Workspace/FW_Inertia/branch_indesit/Inertia/Modules\SparklingAid.c ****       
 271:C:/Workspace/FW_Inertia/branch_indesit/Inertia/Modules\SparklingAid.c ****       break;
 272:C:/Workspace/FW_Inertia/branch_indesit/Inertia/Modules\SparklingAid.c ****       
 273:C:/Workspace/FW_Inertia/branch_indesit/Inertia/Modules\SparklingAid.c ****     case SPRKLING_D1:
 274:C:/Workspace/FW_Inertia/branch_indesit/Inertia/Modules\SparklingAid.c ****       if(SWTC_IsExpired((SWTC_CountersType)MP_SPARKLINGAID_M_COUNTER))
 229                             		.loc 1 274 0
 230 016c 75 41 11                		mov	#17, r1
 231 016f 05 00 00 00             		bsr	_SWTC_IsExpired
 232                             	.LVL21:
 233 0173 61 01                   		cmp	#0, r1
 234 0175 3A CB 00                		beq	.L33
 275:C:/Workspace/FW_Inertia/branch_indesit/Inertia/Modules\SparklingAid.c ****       {
 276:C:/Workspace/FW_Inertia/branch_indesit/Inertia/Modules\SparklingAid.c **** 		 uP_SparklingAid_Data.step=SPRKLING_WAIT_FOR_D2;
 235                             		.loc 1 276 0
 236 0178 FB 72 00 00 00 00       		mov.L	#_uP_SparklingAid_Data, r7
 237 017e 3C 73 04                		mov.B	#4, 3[r7]
 277:C:/Workspace/FW_Inertia/branch_indesit/Inertia/Modules\SparklingAid.c **** 		 SWTC_SetMValue((SWTC_CountersType)MP_SPARKLINGAID_M_COUNTER,SPRKLING_DELAY_D1_D2);
 238                             		.loc 1 277 0
 239 0181 FB 72 00 00 00 00       		mov.L	#_uPSparklingAid_setting_data, r7
 240 0187 EC 77                   		mov.L	[r7], r7
 241 0189 B0 7A                   		movu.B	1[r7], r2
 242 018b 38 AB 00                		bra	.L74
 243                             	.L12:
 278:C:/Workspace/FW_Inertia/branch_indesit/Inertia/Modules\SparklingAid.c ****       } 
 279:C:/Workspace/FW_Inertia/branch_indesit/Inertia/Modules\SparklingAid.c ****       else
 280:C:/Workspace/FW_Inertia/branch_indesit/Inertia/Modules\SparklingAid.c ****       {
 281:C:/Workspace/FW_Inertia/branch_indesit/Inertia/Modules\SparklingAid.c ****         /*turn on dispenser */
 282:C:/Workspace/FW_Inertia/branch_indesit/Inertia/Modules\SparklingAid.c ****         LoadsReq_New[Disp_Pos].b=LOAD_ON;        
 283:C:/Workspace/FW_Inertia/branch_indesit/Inertia/Modules\SparklingAid.c ****       }
 284:C:/Workspace/FW_Inertia/branch_indesit/Inertia/Modules\SparklingAid.c **** 
 285:C:/Workspace/FW_Inertia/branch_indesit/Inertia/Modules\SparklingAid.c ****       break;
 286:C:/Workspace/FW_Inertia/branch_indesit/Inertia/Modules\SparklingAid.c ****       
 287:C:/Workspace/FW_Inertia/branch_indesit/Inertia/Modules\SparklingAid.c ****     case SPRKLING_WAIT_FOR_D2:
 288:C:/Workspace/FW_Inertia/branch_indesit/Inertia/Modules\SparklingAid.c **** 		if(SWTC_IsExpired((SWTC_CountersType)MP_SPARKLINGAID_M_COUNTER))
 244                             		.loc 1 288 0
 245 018e 75 41 11                		mov	#17, r1
 246 0191 05 00 00 00             		bsr	_SWTC_IsExpired
 247                             	.LVL22:
 248 0195 61 01                   		cmp	#0, r1
 249 0197 3A 65 01                		beq	.L73
 250                             	.LBE14:
 289:C:/Workspace/FW_Inertia/branch_indesit/Inertia/Modules\SparklingAid.c **** 		{	
 290:C:/Workspace/FW_Inertia/branch_indesit/Inertia/Modules\SparklingAid.c **** 			if ( (((highStatement) & (SPRKLING_OPTION))== (SPRKLING_WITH_REGULATION_OPT))||
 251                             		.loc 1 290 0
 252 019a 75 2A 30                		and #48, r10
 253                             	.LVL23:
 254                             	.LBB15:
 255 019d 5B A7                   		movu.B	r10, r7
 256 019f FB E2 00 00 00 00       		mov.L	#_uP_SparklingAid_Data, r14
 257 01a5 75 57 20                		cmp	#32, r7
 258 01a8 16                      		beq	.L29
 259 01a9 75 57 30                		cmp	#48, r7
 260 01ac 21 4A                   		bne	.L30
 261                             		.balign 2,3,5
 262                             	.L29:
 291:C:/Workspace/FW_Inertia/branch_indesit/Inertia/Modules\SparklingAid.c **** 			(((highStatement) & (SPRKLING_OPTION))== (SPRKLING_WITH_REG_TURB_REG_OPT)) )
 292:C:/Workspace/FW_Inertia/branch_indesit/Inertia/Modules\SparklingAid.c **** 			{
 293:C:/Workspace/FW_Inertia/branch_indesit/Inertia/Modules\SparklingAid.c **** 				uP_SparklingAid_Data.cmd.Repeat_reg_dx++;
 263                             		.loc 1 293 0
 264 01ae FB 42 00 00 00 00       		mov.L	#_uP_SparklingAid_Data, r4
 265 01b4 59 E7 07                		movu.B	7[r14], r7
 266 01b7 68 17                   		shlr	#1, r7
 267 01b9 62 17                   		add	#1, r7
 268 01bb 75 27 7F                		and #0x7f, r7
 269 01be FF 23 77                		add	r7, r7, r3
 270                             	.LVL24:
 271 01c1 CD EB 07                		mov.B 7[r14], r11
 272 01c4 64 1B                   		and #1, r11
 273 01c6 57 3B                   		or	r3, r11
 274 01c8 C7 EB 07                		mov.B	r11, 7[r14]
 294:C:/Workspace/FW_Inertia/branch_indesit/Inertia/Modules\SparklingAid.c **** 				if(uP_SparklingAid_Data.cmd.Repeat_reg_dx >= RinseAidFunctionValue)
 275                             		.loc 1 294 0
 276 01cb FB B2 00 00 00 00       		mov.L	#_RinseAidFunctionValue, r11
 277 01d1 44 B7                   		cmp	[r11].UB, r7
 278 01d3 29 14                   		blt	.L31
 295:C:/Workspace/FW_Inertia/branch_indesit/Inertia/Modules\SparklingAid.c **** 				{ /* finite le ripetizioni indicate dalla regolazione */
 296:C:/Workspace/FW_Inertia/branch_indesit/Inertia/Modules\SparklingAid.c **** 					if( ((highStatement) & (SPRKLING_OPTION))== (SPRKLING_WITH_REG_TURB_REG_OPT))
 279                             		.loc 1 296 0
 280 01d5 5B AA                   		movu.B	r10, r10
 281 01d7 75 5A 30                		cmp	#48, r10
 282 01da 1F                      		bne	.L32
 297:C:/Workspace/FW_Inertia/branch_indesit/Inertia/Modules\SparklingAid.c **** 					{
 298:C:/Workspace/FW_Inertia/branch_indesit/Inertia/Modules\SparklingAid.c **** 						uP_SparklingAid_Data.step=SPRKLING_WAIT_FOR_T2;
 283                             		.loc 1 298 0
 284 01db 3C 43 06                		mov.B	#6, 3[r4]
 285 01de 38 1E 01                		bra	.L73
 286                             	.L32:
 299:C:/Workspace/FW_Inertia/branch_indesit/Inertia/Modules\SparklingAid.c **** 					
 300:C:/Workspace/FW_Inertia/branch_indesit/Inertia/Modules\SparklingAid.c **** 					}else
 301:C:/Workspace/FW_Inertia/branch_indesit/Inertia/Modules\SparklingAid.c **** 					{
 302:C:/Workspace/FW_Inertia/branch_indesit/Inertia/Modules\SparklingAid.c **** 						uP_SparklingAid_Data.step=SPRKLING_END;
 287                             		.loc 1 302 0
 288 01e1 3C 43 08                		mov.B	#8, 3[r4]
 289 01e4 38 18 01                		bra	.L73
 290                             	.L31:
 303:C:/Workspace/FW_Inertia/branch_indesit/Inertia/Modules\SparklingAid.c **** 					}	
 304:C:/Workspace/FW_Inertia/branch_indesit/Inertia/Modules\SparklingAid.c **** 					
 305:C:/Workspace/FW_Inertia/branch_indesit/Inertia/Modules\SparklingAid.c **** 				}else
 306:C:/Workspace/FW_Inertia/branch_indesit/Inertia/Modules\SparklingAid.c **** 				{
 307:C:/Workspace/FW_Inertia/branch_indesit/Inertia/Modules\SparklingAid.c **** 					uP_SparklingAid_Data.step=SPRKLING_D1;
 291                             		.loc 1 307 0
 292 01e7 3C 43 03                		mov.B	#3, 3[r4]
 293                             		.balign 2,3,5
 294                             	.L79:
 308:C:/Workspace/FW_Inertia/branch_indesit/Inertia/Modules\SparklingAid.c **** 					SWTC_SetMValue((SWTC_CountersType)MP_SPARKLINGAID_M_COUNTER,SPRKLING_TIME_D1);     
 295                             		.loc 1 308 0
 296 01ea FB 72 00 00 00 00       		mov.L	#_uPSparklingAid_setting_data, r7
 297 01f0 EC 77                   		mov.L	[r7], r7
 298 01f2 58 72                   		movu.B	[r7], r2
 299 01f4 2E 42                   		bra	.L74
 300                             	.LVL25:
 301                             	.L30:
 309:C:/Workspace/FW_Inertia/branch_indesit/Inertia/Modules\SparklingAid.c **** 				}
 310:C:/Workspace/FW_Inertia/branch_indesit/Inertia/Modules\SparklingAid.c **** 			}else
 311:C:/Workspace/FW_Inertia/branch_indesit/Inertia/Modules\SparklingAid.c **** 			{
 312:C:/Workspace/FW_Inertia/branch_indesit/Inertia/Modules\SparklingAid.c **** 	        	uP_SparklingAid_Data.step=SPRKLING_D2;
 302                             		.loc 1 312 0
 303 01f6 F9 E4 03 05             		mov.B	#5, 3[r14]
 313:C:/Workspace/FW_Inertia/branch_indesit/Inertia/Modules\SparklingAid.c **** 				SWTC_SetMValue((SWTC_CountersType)MP_SPARKLINGAID_M_COUNTER,SPRKLING_TIME_D2);
 304                             		.loc 1 313 0
 305 01fa FB 72 00 00 00 00       		mov.L	#_uPSparklingAid_setting_data, r7
 306 0200 EC 77                   		mov.L	[r7], r7
 307 0202 B0 F2                   		movu.B	2[r7], r2
 308 0204 2E 32                   		bra	.L74
 309                             	.LVL26:
 310                             	.L13:
 314:C:/Workspace/FW_Inertia/branch_indesit/Inertia/Modules\SparklingAid.c **** 			}	
 315:C:/Workspace/FW_Inertia/branch_indesit/Inertia/Modules\SparklingAid.c **** 		
 316:C:/Workspace/FW_Inertia/branch_indesit/Inertia/Modules\SparklingAid.c **** 		} 
 317:C:/Workspace/FW_Inertia/branch_indesit/Inertia/Modules\SparklingAid.c **** 
 318:C:/Workspace/FW_Inertia/branch_indesit/Inertia/Modules\SparklingAid.c ****       break;
 319:C:/Workspace/FW_Inertia/branch_indesit/Inertia/Modules\SparklingAid.c ****             
 320:C:/Workspace/FW_Inertia/branch_indesit/Inertia/Modules\SparklingAid.c ****     case SPRKLING_D2:
 321:C:/Workspace/FW_Inertia/branch_indesit/Inertia/Modules\SparklingAid.c ****       if(SWTC_IsExpired((SWTC_CountersType)MP_SPARKLINGAID_M_COUNTER))
 311                             		.loc 1 321 0
 312 0206 75 41 11                		mov	#17, r1
 313 0209 05 00 00 00             		bsr	_SWTC_IsExpired
 314                             	.LVL27:
 315 020d 61 01                   		cmp	#0, r1
 316 020f 20 31                   		beq	.L33
 322:C:/Workspace/FW_Inertia/branch_indesit/Inertia/Modules\SparklingAid.c ****       {
 323:C:/Workspace/FW_Inertia/branch_indesit/Inertia/Modules\SparklingAid.c ****         
 324:C:/Workspace/FW_Inertia/branch_indesit/Inertia/Modules\SparklingAid.c ****         switch((highStatement) & (SPRKLING_OPTION))
 317                             		.loc 1 324 0
 318 0211 75 2A 30                		and	#48, r10
 319                             	.LVL28:
 320 0214 FB 72 00 00 00 00       		mov.L	#_uP_SparklingAid_Data, r7
 321 021a 16                      		beq	.L35
 322 021b 75 5A 10                		cmp	#16, r10
 323 021e 1A                      		bne	.L70
 324 021f 0D                      		bra	.L36
 325                             	.L35:
 325:C:/Workspace/FW_Inertia/branch_indesit/Inertia/Modules\SparklingAid.c ****         {
 326:C:/Workspace/FW_Inertia/branch_indesit/Inertia/Modules\SparklingAid.c ****           case SPRKLING_NORMAL_OPT:
 327:C:/Workspace/FW_Inertia/branch_indesit/Inertia/Modules\SparklingAid.c ****             uP_SparklingAid_Data.step=SPRKLING_END;
 326                             		.loc 1 327 0
 327 0220 3C 73 08                		mov.B	#8, 3[r7]
 328 0223 09                      		bra	.L37
 329                             	.L36:
 328:C:/Workspace/FW_Inertia/branch_indesit/Inertia/Modules\SparklingAid.c ****             break;
 329:C:/Workspace/FW_Inertia/branch_indesit/Inertia/Modules\SparklingAid.c ****           case SPRKLING_WITH_TURB_READ_OPT:
 330:C:/Workspace/FW_Inertia/branch_indesit/Inertia/Modules\SparklingAid.c ****             uP_SparklingAid_Data.step=SPRKLING_WAIT_FOR_T2;
 330                             		.loc 1 330 0
 331 0224 3C 73 06                		mov.B	#6, 3[r7]
 332 0227 0D                      		bra	.L37
 333                             	.L70:
 331:C:/Workspace/FW_Inertia/branch_indesit/Inertia/Modules\SparklingAid.c ****             break;        
 332:C:/Workspace/FW_Inertia/branch_indesit/Inertia/Modules\SparklingAid.c ****           default:
 333:C:/Workspace/FW_Inertia/branch_indesit/Inertia/Modules\SparklingAid.c ****           uP_SparklingAid_Data.step=SPRKLING_ERROR;
 334                             		.loc 1 333 0
 335 0228 3C 73 09                		mov.B	#9, 3[r7]
 336 022b 03                      		.balign 2,3,5
 337                             	.L37:
 334:C:/Workspace/FW_Inertia/branch_indesit/Inertia/Modules\SparklingAid.c ****         }        
 335:C:/Workspace/FW_Inertia/branch_indesit/Inertia/Modules\SparklingAid.c ****         
 336:C:/Workspace/FW_Inertia/branch_indesit/Inertia/Modules\SparklingAid.c **** 		SWTC_SetMValue((SWTC_CountersType)MP_SPARKLINGAID_M_COUNTER,SPRKLING_DELAY_D2_T2);
 338                             		.loc 1 336 0
 339 022c FB 72 00 00 00 00       		mov.L	#_uPSparklingAid_setting_data, r7
 340 0232 EC 77                   		mov.L	[r7], r7
 341 0234 B1 7A                   		movu.B	5[r7], r2
 342                             	.LVL29:
 343                             		.balign 2,3,2
 344                             	.L74:
 345 0236 75 41 11                		mov	#17, r1
 346 0239 05 00 00 00             		bsr	_SWTC_SetMValue
 347                             	.LVL30:
 348 023d 38 BF 00                		bra	.L73
 349                             	.LVL31:
 350                             	.L33:
 337:C:/Workspace/FW_Inertia/branch_indesit/Inertia/Modules\SparklingAid.c ****       }
 338:C:/Workspace/FW_Inertia/branch_indesit/Inertia/Modules\SparklingAid.c ****       else
 339:C:/Workspace/FW_Inertia/branch_indesit/Inertia/Modules\SparklingAid.c ****       {
 340:C:/Workspace/FW_Inertia/branch_indesit/Inertia/Modules\SparklingAid.c ****         /*turn on dispenser */
 341:C:/Workspace/FW_Inertia/branch_indesit/Inertia/Modules\SparklingAid.c ****         LoadsReq_New[Disp_Pos].b=LOAD_ON;
 351                             		.loc 1 341 0
 352 0240 FB 72 00 00 00 00       		mov.L	#_Disp_Pos, r7
 353 0246 58 77                   		movu.B	[r7], r7
 354 0248 FB A2 00 00 00 00       		mov.L	#_LoadsReq_New, r10
 355                             	.LVL32:
 356 024e 66 1B                   		mov	#1, r11
 357                             	.LVL33:
 358 0250 FE 07 AB                		mov.B	r11, [r7,r10]
 359 0253 38 A9 00                		bra	.L73
 360                             	.LVL34:
 361                             	.L14:
 342:C:/Workspace/FW_Inertia/branch_indesit/Inertia/Modules\SparklingAid.c ****       }
 343:C:/Workspace/FW_Inertia/branch_indesit/Inertia/Modules\SparklingAid.c ****       break;
 344:C:/Workspace/FW_Inertia/branch_indesit/Inertia/Modules\SparklingAid.c ****       
 345:C:/Workspace/FW_Inertia/branch_indesit/Inertia/Modules\SparklingAid.c ****     case SPRKLING_WAIT_FOR_T2:
 346:C:/Workspace/FW_Inertia/branch_indesit/Inertia/Modules\SparklingAid.c **** 
 347:C:/Workspace/FW_Inertia/branch_indesit/Inertia/Modules\SparklingAid.c **** 	  if(SWTC_IsExpired((SWTC_CountersType)MP_SPARKLINGAID_M_COUNTER))
 362                             		.loc 1 347 0
 363 0256 75 41 11                		mov	#17, r1
 364 0259 05 00 00 00             		bsr	_SWTC_IsExpired
 365                             	.LVL35:
 366 025d 61 01                   		cmp	#0, r1
 367 025f 3A 9D 00                		beq	.L73
 348:C:/Workspace/FW_Inertia/branch_indesit/Inertia/Modules\SparklingAid.c ****       {
 349:C:/Workspace/FW_Inertia/branch_indesit/Inertia/Modules\SparklingAid.c ****         uP_SparklingAid_Data.step=SPRKLING_T2;        
 368                             		.loc 1 349 0
 369 0262 FB 72 00 00 00 00       		mov.L	#_uP_SparklingAid_Data, r7
 370 0268 3C 73 07                		mov.B	#7, 3[r7]
 371                             	.LVL36:
 372 026b 03                      		.balign 2,3,5
 373                             	.L77:
 350:C:/Workspace/FW_Inertia/branch_indesit/Inertia/Modules\SparklingAid.c ****         uP_SparklingAid_Data.cmd.RepeatTurbRead =TRUE;
 374                             		.loc 1 350 0
 375 026c CD 7A 07                		mov.B	7[r7], r10
 376 026f 78 0A                   		bset	#0, r10
 377 0271 03                      		.balign 2,3,5
 378                             	.L76:
 379 0272 C7 7A 07                		mov.B	r10, 7[r7]
 380 0275 38 87 00                		bra	.L73
 381                             	.LVL37:
 382                             	.L15:
 383                             	.LBE15:
 351:C:/Workspace/FW_Inertia/branch_indesit/Inertia/Modules\SparklingAid.c ****       }    
 352:C:/Workspace/FW_Inertia/branch_indesit/Inertia/Modules\SparklingAid.c **** 
 353:C:/Workspace/FW_Inertia/branch_indesit/Inertia/Modules\SparklingAid.c ****       break;
 354:C:/Workspace/FW_Inertia/branch_indesit/Inertia/Modules\SparklingAid.c ****     case SPRKLING_T2:
 355:C:/Workspace/FW_Inertia/branch_indesit/Inertia/Modules\SparklingAid.c ****       if((GIValid&GI_TURB_SENSOR_MSK) && (uP_SparklingAid_Data.IdRead!=TurbidityReads.id))
 384                             		.loc 1 355 0
 385 0278 FB 72 00 00 00 00       		mov.L	#_GIValid, r7
 386 027e DC 77                   		mov.W	[r7], r7
 387                             	.LBB16:
 388 0280 76 27 00 02             		and #0x200, r7
 389 0284 5F 77                   		movu.W	r7, r7
 390 0286 61 07                   		cmp	#0, r7
 391 0288 20 74                   		beq	.L73
 392 028a FB 72 00 00 00 00       		mov.L	#_uP_SparklingAid_Data, r7
 393 0290 FB A2 00 00 00 00       		mov.L	#_TurbidityReads, r10
 394                             	.LVL38:
 395 0296 59 7E 02                		movu.B	2[r7], r14
 396 0299 45 AE 08                		cmp	8[r10].UB, r14
 397 029c 20 60                   		beq	.L73
 356:C:/Workspace/FW_Inertia/branch_indesit/Inertia/Modules\SparklingAid.c ****       {      
 357:C:/Workspace/FW_Inertia/branch_indesit/Inertia/Modules\SparklingAid.c ****         /* leggi valore torbidità */
 358:C:/Workspace/FW_Inertia/branch_indesit/Inertia/Modules\SparklingAid.c ****         uP_SparklingAid_Data.turbidity2=TurbidityReads.perc;
 398                             		.loc 1 358 0
 399 029e CD AE 09                		mov.B	9[r10], r14
 400 02a1 C7 7E 01                		mov.B	r14, 1[r7]
 359:C:/Workspace/FW_Inertia/branch_indesit/Inertia/Modules\SparklingAid.c ****         
 360:C:/Workspace/FW_Inertia/branch_indesit/Inertia/Modules\SparklingAid.c ****         if((!HWC_Flags.bit.sparklaidreed) && 
 401                             		.loc 1 360 0
 402 02a4 FB A2 00 00 00 00       		mov.L	#_HWC_Flags, r10
 403 02aa DC AA                   		mov.W	[r10], r10
 404 02ac 64 4A                   		and #4, r10
 405 02ae 5F AA                   		movu.W	r10, r10
 406 02b0 61 0A                   		cmp	#0, r10
 407 02b2 21 29                   		bne	.L38
 361:C:/Workspace/FW_Inertia/branch_indesit/Inertia/Modules\SparklingAid.c ****             ((uP_SparklingAid_Data.turbidity2-uP_SparklingAid_Data.turbidity1)<=SPRKLING_TURB_DELTA
 408                             		.loc 1 361 0
 409 02b4 58 7A                   		movu.B	[r7], r10
 410 02b6 FB 72 00 00 00 00       		mov.L	#_uPSparklingAid_setting_data, r7
 411 02bc EC 77                   		mov.L	[r7], r7
 412 02be B0 FF                   		movu.B	3[r7], r7
 413 02c0 5B EE                   		movu.B	r14, r14
 414 02c2 43 AE                   		sub	r10, r14
 360:C:/Workspace/FW_Inertia/branch_indesit/Inertia/Modules\SparklingAid.c ****         if((!HWC_Flags.bit.sparklaidreed) && 
 415                             		.loc 1 360 0
 416 02c4 47 7E                   		cmp	r7, r14
 417 02c6 2A 15                   		bgt	.L38
 362:C:/Workspace/FW_Inertia/branch_indesit/Inertia/Modules\SparklingAid.c ****             ((uP_SparklingAid_Data.turbidity1+SPRKLING_TURB_DELTA)<100)
 418                             		.loc 1 362 0
 419 02c8 4B A7                   		add	r10, r7
 361:C:/Workspace/FW_Inertia/branch_indesit/Inertia/Modules\SparklingAid.c ****             ((uP_SparklingAid_Data.turbidity2-uP_SparklingAid_Data.turbidity1)<=SPRKLING_TURB_DELTA
 420                             		.loc 1 361 0
 421 02ca 75 57 63                		cmp	#0x63, r7
 422 02cd 2A 0E                   		bgt	.L38
 363:C:/Workspace/FW_Inertia/branch_indesit/Inertia/Modules\SparklingAid.c ****             ) 
 364:C:/Workspace/FW_Inertia/branch_indesit/Inertia/Modules\SparklingAid.c ****         {                
 365:C:/Workspace/FW_Inertia/branch_indesit/Inertia/Modules\SparklingAid.c ****           /* notify sparkling KO!! */              
 366:C:/Workspace/FW_Inertia/branch_indesit/Inertia/Modules\SparklingAid.c ****           SETBIT(Flags_2,FLAGS2_TURB_NO_SPARKL_BIT);              
 423                             		.loc 1 366 0
 424 02cf FB 72 00 00 00 00       		mov.L	#_Flags_2, r7
 425 02d5 CC 7A                   		mov.B	[r7], r10
 426 02d7 78 1A                   		bset #1, r10
 427 02d9 2E 0D                   		bra	.L72
 428                             	.L38:
 367:C:/Workspace/FW_Inertia/branch_indesit/Inertia/Modules\SparklingAid.c ****         }                        
 368:C:/Workspace/FW_Inertia/branch_indesit/Inertia/Modules\SparklingAid.c ****         else 
 369:C:/Workspace/FW_Inertia/branch_indesit/Inertia/Modules\SparklingAid.c ****         {            
 370:C:/Workspace/FW_Inertia/branch_indesit/Inertia/Modules\SparklingAid.c ****           CLRBIT(Flags_2,FLAGS2_TURB_NO_SPARKL_BIT);
 429                             		.loc 1 370 0
 430 02db FB 72 00 00 00 00       		mov.L	#_Flags_2, r7
 431 02e1 CC 7A                   		mov.B	[r7], r10
 432 02e3 7A 1A                   		bclr #1, r10
 433 02e5 03                      		.balign 2,3,1
 434                             	.L72:
 435 02e6 C3 7A                   		mov.B	r10, [r7]
 371:C:/Workspace/FW_Inertia/branch_indesit/Inertia/Modules\SparklingAid.c ****         }
 372:C:/Workspace/FW_Inertia/branch_indesit/Inertia/Modules\SparklingAid.c ****         
 373:C:/Workspace/FW_Inertia/branch_indesit/Inertia/Modules\SparklingAid.c ****         uP_SparklingAid_Data.step=SPRKLING_END;
 436                             		.loc 1 373 0
 437 02e8 FB 72 00 00 00 00       		mov.L	#_uP_SparklingAid_Data, r7
 438 02ee 3C 73 08                		mov.B	#8, 3[r7]
 439                             	.LVL39:
 440 02f1 03                      		.balign 2,3,1
 441                             	.L75:
 374:C:/Workspace/FW_Inertia/branch_indesit/Inertia/Modules\SparklingAid.c **** 				
 375:C:/Workspace/FW_Inertia/branch_indesit/Inertia/Modules\SparklingAid.c **** 		HIO_trbReadDisable((uint8_t)TURBSENS_READ_up_SPA);
 442                             		.loc 1 375 0
 443 02f2 66 31                   		mov	#3, r1
 444 02f4 05 00 00 00             		bsr	_HIO_trbReadDisable
 445                             	.LVL40:
 446 02f8 0C                      		bra	.L73
 447                             	.LVL41:
 448                             	.L7:
 376:C:/Workspace/FW_Inertia/branch_indesit/Inertia/Modules\SparklingAid.c ****       }
 377:C:/Workspace/FW_Inertia/branch_indesit/Inertia/Modules\SparklingAid.c ****       
 378:C:/Workspace/FW_Inertia/branch_indesit/Inertia/Modules\SparklingAid.c ****       
 379:C:/Workspace/FW_Inertia/branch_indesit/Inertia/Modules\SparklingAid.c ****       break;
 380:C:/Workspace/FW_Inertia/branch_indesit/Inertia/Modules\SparklingAid.c **** 
 381:C:/Workspace/FW_Inertia/branch_indesit/Inertia/Modules\SparklingAid.c ****     case SPRKLING_END:                                           
 382:C:/Workspace/FW_Inertia/branch_indesit/Inertia/Modules\SparklingAid.c ****     case SPRKLING_ERROR:
 383:C:/Workspace/FW_Inertia/branch_indesit/Inertia/Modules\SparklingAid.c ****       nRet=S_OK;     
 384:C:/Workspace/FW_Inertia/branch_indesit/Inertia/Modules\SparklingAid.c ****       break;
 385:C:/Workspace/FW_Inertia/branch_indesit/Inertia/Modules\SparklingAid.c ****     default:
 386:C:/Workspace/FW_Inertia/branch_indesit/Inertia/Modules\SparklingAid.c ****       uP_SparklingAid_Data.step=SPRKLING_INIT;
 449                             		.loc 1 386 0
 450 02f9 3C 73 00                		mov.B	#0, 3[r7]
 451                             	.LVL42:
 452                             		.balign 2,3,1
 453                             	.L73:
 387:C:/Workspace/FW_Inertia/branch_indesit/Inertia/Modules\SparklingAid.c ****       nRet=S_FALSE;
 454                             		.loc 1 387 0
 455 02fc 66 17                   		mov	#1, r7
 456 02fe 0C                      		bra	.L16
 457                             	.LVL43:
 458                             	.L41:
 383:C:/Workspace/FW_Inertia/branch_indesit/Inertia/Modules\SparklingAid.c ****       nRet=S_OK;     
 459                             		.loc 1 383 0
 460 02ff 66 07                   		mov	#0, r7
 461                             	.LVL44:
 462 0301 03                      		.balign 2,3,2
 463                             	.L16:
 388:C:/Workspace/FW_Inertia/branch_indesit/Inertia/Modules\SparklingAid.c ****     
 389:C:/Workspace/FW_Inertia/branch_indesit/Inertia/Modules\SparklingAid.c ****   }    
 390:C:/Workspace/FW_Inertia/branch_indesit/Inertia/Modules\SparklingAid.c ****   
 391:C:/Workspace/FW_Inertia/branch_indesit/Inertia/Modules\SparklingAid.c ****   SWTC_Run((SWTC_CountersType)MP_SPARKLINGAID_M_COUNTER);
 464                             		.loc 1 391 0
 465 0302 75 41 11                		mov	#17, r1
 466 0305 05 00 00 00             		bsr	_SWTC_Run
 467                             	.LVL45:
 468 0309 0B                      		bra	.L3
 469                             	.LVL46:
 470                             	.L40:
 471                             	.LBE16:
 472                             	.LBE11:
 120:C:/Workspace/FW_Inertia/branch_indesit/Inertia/Modules\SparklingAid.c **** 			return S_FALSE;  				    
 473                             		.loc 1 120 0
 474 030a 66 17                   		mov	#1, r7
 475                             		.balign 2,3,1
 476                             	.L3:
 128:C:/Workspace/FW_Inertia/branch_indesit/Inertia/Modules\SparklingAid.c **** }
 477                             		.loc 1 128 0
 478 030c 5B 71                   		movu.B	r7, r1
 479 030e 3F 7B 05                		rtsd	#20, r7-r11
 480                             	.LFE0:
 522                             	.Letext0:
 523                             		.file 2 "C:\\Workspace\\FW_Inertia\\branch_indesit\\HAL\\HAL_General/StandardTypes.h"
 524                             		.file 3 "C:\\Workspace\\FW_Inertia\\branch_indesit\\ProductModules\\PM_SwTimersCounters/SwTimersCo
 525                             		.file 4 "C:\\Workspace\\FW_Inertia\\branch_indesit\\ProductModules\\PM_Library/LIB_Utilities.h"
 526                             		.file 5 "C:\\Workspace\\FW_Inertia\\branch_indesit\\Inertia\\General/CstmDefines.h"
 527                             		.file 6 "C:\\Workspace\\FW_Inertia\\branch_indesit\\Application_Platform/APP_Types.h"
 528                             		.file 7 "C:\\Workspace\\FW_Inertia\\branch_indesit\\ProductModules\\PM_BusCOMM/BCP_General.h"
 529                             		.file 8 "C:\\Workspace\\FW_Inertia\\branch_indesit\\Inertia\\General/CstmTypes.h"
 530                             		.file 9 "C:\\Workspace\\FW_Inertia\\branch_indesit\\PlatformLibrary\\LIB_IOManager/OutputManagerEx
 531                             		.file 10 "C:\\Workspace\\FW_Inertia\\branch_indesit\\Inertia\\General/CstmGlobal.h"
 532                             		.file 11 "C:\\Workspace\\FW_Inertia\\branch_indesit\\Inertia\\Modules/SparklingAid.h"
 533                             		.file 12 "C:\\Workspace\\FW_Inertia\\branch_indesit\\ProductModules\\PM_BusCOMM/BCP_BusCommMng.h"
 534                             		.file 13 "C:\\Workspace\\FW_Inertia\\branch_indesit\\Application_Platform/APP_Global.h"
 535                             		.file 14 "C:\\Workspace\\FW_Inertia\\branch_indesit\\Inertia\\Control/HighLevel_Io_manager.h"
DEFINED SYMBOLS
                            *ABS*:00000000 SparklingAid.c
C:\Users\Andrea\AppData\Local\Temp\ccoJTuzr.s:7      .text.SPA_uP_SparklingAid_Exe:00000000 _SPA_uP_SparklingAid_Exe
C:\Users\Andrea\AppData\Local\Temp\ccoJTuzr.s:12     .text.SPA_uP_SparklingAid_Exe:00000000 L0
C:\Users\Andrea\AppData\Local\Temp\ccoJTuzr.s:90     .rodata.SPA_uP_SparklingAid_Exe:00000000 .L17
C:\Users\Andrea\AppData\Local\Temp\ccoJTuzr.s:102    .text.SPA_uP_SparklingAid_Exe:00000081 .L8
C:\Users\Andrea\AppData\Local\Temp\ccoJTuzr.s:176    .text.SPA_uP_SparklingAid_Exe:0000010b .L9
C:\Users\Andrea\AppData\Local\Temp\ccoJTuzr.s:216    .text.SPA_uP_SparklingAid_Exe:00000154 .L10
C:\Users\Andrea\AppData\Local\Temp\ccoJTuzr.s:228    .text.SPA_uP_SparklingAid_Exe:0000016c .L11
C:\Users\Andrea\AppData\Local\Temp\ccoJTuzr.s:243    .text.SPA_uP_SparklingAid_Exe:0000018e .L12
C:\Users\Andrea\AppData\Local\Temp\ccoJTuzr.s:310    .text.SPA_uP_SparklingAid_Exe:00000206 .L13
C:\Users\Andrea\AppData\Local\Temp\ccoJTuzr.s:361    .text.SPA_uP_SparklingAid_Exe:00000256 .L14
C:\Users\Andrea\AppData\Local\Temp\ccoJTuzr.s:382    .text.SPA_uP_SparklingAid_Exe:00000278 .L15
C:\Users\Andrea\AppData\Local\Temp\ccoJTuzr.s:458    .text.SPA_uP_SparklingAid_Exe:000002ff .L41
C:\Users\Andrea\AppData\Local\Temp\ccoJTuzr.s:483    .debug_frame:00000000 .Lframe0
C:\Users\Andrea\AppData\Local\Temp\ccoJTuzr.s:8      .text.SPA_uP_SparklingAid_Exe:00000000 .LFB0
C:\Users\Andrea\AppData\Local\Temp\ccoJTuzr.s:2033   .debug_abbrev:00000000 .Ldebug_abbrev0
C:\Users\Andrea\AppData\Local\Temp\ccoJTuzr.s:3440   .debug_str:00000441 .LASF177
C:\Users\Andrea\AppData\Local\Temp\ccoJTuzr.s:3556   .debug_str:00000812 .LASF178
C:\Users\Andrea\AppData\Local\Temp\ccoJTuzr.s:3306   .debug_ranges:00000000 .Ldebug_ranges0
C:\Users\Andrea\AppData\Local\Temp\ccoJTuzr.s:3322   .debug_line:00000000 .Ldebug_line0
C:\Users\Andrea\AppData\Local\Temp\ccoJTuzr.s:3448   .debug_str:000004aa .LASF0
C:\Users\Andrea\AppData\Local\Temp\ccoJTuzr.s:3378   .debug_str:00000214 .LASF2
C:\Users\Andrea\AppData\Local\Temp\ccoJTuzr.s:3490   .debug_str:00000611 .LASF1
C:\Users\Andrea\AppData\Local\Temp\ccoJTuzr.s:3416   .debug_str:00000352 .LASF3
C:\Users\Andrea\AppData\Local\Temp\ccoJTuzr.s:3466   .debug_str:0000055e .LASF4
C:\Users\Andrea\AppData\Local\Temp\ccoJTuzr.s:3636   .debug_str:00000aee .LASF5
C:\Users\Andrea\AppData\Local\Temp\ccoJTuzr.s:3456   .debug_str:000004e0 .LASF6
C:\Users\Andrea\AppData\Local\Temp\ccoJTuzr.s:3404   .debug_str:000002ee .LASF7
C:\Users\Andrea\AppData\Local\Temp\ccoJTuzr.s:3364   .debug_str:0000019d .LASF8
C:\Users\Andrea\AppData\Local\Temp\ccoJTuzr.s:3382   .debug_str:00000228 .LASF9
C:\Users\Andrea\AppData\Local\Temp\ccoJTuzr.s:3652   .debug_str:00000b77 .LASF10
C:\Users\Andrea\AppData\Local\Temp\ccoJTuzr.s:3562   .debug_str:00000876 .LASF11
C:\Users\Andrea\AppData\Local\Temp\ccoJTuzr.s:3384   .debug_str:00000236 .LASF12
C:\Users\Andrea\AppData\Local\Temp\ccoJTuzr.s:3388   .debug_str:0000024f .LASF13
C:\Users\Andrea\AppData\Local\Temp\ccoJTuzr.s:3376   .debug_str:0000020d .LASF47
C:\Users\Andrea\AppData\Local\Temp\ccoJTuzr.s:3530   .debug_str:00000729 .LASF14
C:\Users\Andrea\AppData\Local\Temp\ccoJTuzr.s:3526   .debug_str:00000710 .LASF15
C:\Users\Andrea\AppData\Local\Temp\ccoJTuzr.s:3666   .debug_str:00000be5 .LASF16
C:\Users\Andrea\AppData\Local\Temp\ccoJTuzr.s:3510   .debug_str:00000694 .LASF17
C:\Users\Andrea\AppData\Local\Temp\ccoJTuzr.s:3600   .debug_str:000009a2 .LASF18
C:\Users\Andrea\AppData\Local\Temp\ccoJTuzr.s:3676   .debug_str:00000c40 .LASF19
C:\Users\Andrea\AppData\Local\Temp\ccoJTuzr.s:3548   .debug_str:000007d9 .LASF20
C:\Users\Andrea\AppData\Local\Temp\ccoJTuzr.s:3574   .debug_str:000008d7 .LASF46
C:\Users\Andrea\AppData\Local\Temp\ccoJTuzr.s:3326   .debug_str:00000011 .LASF21
C:\Users\Andrea\AppData\Local\Temp\ccoJTuzr.s:3576   .debug_str:000008df .LASF22
C:\Users\Andrea\AppData\Local\Temp\ccoJTuzr.s:3626   .debug_str:00000a8e .LASF23
C:\Users\Andrea\AppData\Local\Temp\ccoJTuzr.s:3418   .debug_str:0000035b .LASF24
C:\Users\Andrea\AppData\Local\Temp\ccoJTuzr.s:3406   .debug_str:000002f7 .LASF25
C:\Users\Andrea\AppData\Local\Temp\ccoJTuzr.s:3542   .debug_str:00000796 .LASF26
C:\Users\Andrea\AppData\Local\Temp\ccoJTuzr.s:3572   .debug_str:000008c3 .LASF27
C:\Users\Andrea\AppData\Local\Temp\ccoJTuzr.s:3442   .debug_str:00000467 .LASF28
C:\Users\Andrea\AppData\Local\Temp\ccoJTuzr.s:3608   .debug_str:000009d3 .LASF29
C:\Users\Andrea\AppData\Local\Temp\ccoJTuzr.s:3634   .debug_str:00000adf .LASF30
C:\Users\Andrea\AppData\Local\Temp\ccoJTuzr.s:3430   .debug_str:000003fb .LASF31
C:\Users\Andrea\AppData\Local\Temp\ccoJTuzr.s:3438   .debug_str:0000042c .LASF32
C:\Users\Andrea\AppData\Local\Temp\ccoJTuzr.s:3426   .debug_str:000003c5 .LASF33
C:\Users\Andrea\AppData\Local\Temp\ccoJTuzr.s:3352   .debug_str:000000fd .LASF34
C:\Users\Andrea\AppData\Local\Temp\ccoJTuzr.s:3482   .debug_str:000005db .LASF35
C:\Users\Andrea\AppData\Local\Temp\ccoJTuzr.s:3494   .debug_str:00000633 .LASF36
C:\Users\Andrea\AppData\Local\Temp\ccoJTuzr.s:3512   .debug_str:0000069d .LASF102
C:\Users\Andrea\AppData\Local\Temp\ccoJTuzr.s:3514   .debug_str:000006b4 .LASF37
C:\Users\Andrea\AppData\Local\Temp\ccoJTuzr.s:3662   .debug_str:00000bb7 .LASF38
C:\Users\Andrea\AppData\Local\Temp\ccoJTuzr.s:3480   .debug_str:000005c3 .LASF39
C:\Users\Andrea\AppData\Local\Temp\ccoJTuzr.s:3532   .debug_str:0000072e .LASF40
C:\Users\Andrea\AppData\Local\Temp\ccoJTuzr.s:3680   .debug_str:00000c62 .LASF41
C:\Users\Andrea\AppData\Local\Temp\ccoJTuzr.s:3420   .debug_str:00000372 .LASF42
C:\Users\Andrea\AppData\Local\Temp\ccoJTuzr.s:3612   .debug_str:000009ea .LASF43
C:\Users\Andrea\AppData\Local\Temp\ccoJTuzr.s:3594   .debug_str:0000096a .LASF44
C:\Users\Andrea\AppData\Local\Temp\ccoJTuzr.s:3486   .debug_str:000005ff .LASF45
C:\Users\Andrea\AppData\Local\Temp\ccoJTuzr.s:3462   .debug_str:00000537 .LASF48
C:\Users\Andrea\AppData\Local\Temp\ccoJTuzr.s:3432   .debug_str:00000407 .LASF49
C:\Users\Andrea\AppData\Local\Temp\ccoJTuzr.s:3638   .debug_str:00000af7 .LASF50
C:\Users\Andrea\AppData\Local\Temp\ccoJTuzr.s:3402   .debug_str:000002e8 .LASF51
C:\Users\Andrea\AppData\Local\Temp\ccoJTuzr.s:3654   .debug_str:00000b7f .LASF52
C:\Users\Andrea\AppData\Local\Temp\ccoJTuzr.s:3394   .debug_str:0000029d .LASF53
C:\Users\Andrea\AppData\Local\Temp\ccoJTuzr.s:3630   .debug_str:00000abc .LASF54
C:\Users\Andrea\AppData\Local\Temp\ccoJTuzr.s:3332   .debug_str:00000049 .LASF55
C:\Users\Andrea\AppData\Local\Temp\ccoJTuzr.s:3412   .debug_str:00000319 .LASF56
C:\Users\Andrea\AppData\Local\Temp\ccoJTuzr.s:3616   .debug_str:00000a0d .LASF57
C:\Users\Andrea\AppData\Local\Temp\ccoJTuzr.s:3678   .debug_str:00000c52 .LASF58
C:\Users\Andrea\AppData\Local\Temp\ccoJTuzr.s:3518   .debug_str:000006d1 .LASF59
C:\Users\Andrea\AppData\Local\Temp\ccoJTuzr.s:3604   .debug_str:000009ae .LASF60
C:\Users\Andrea\AppData\Local\Temp\ccoJTuzr.s:3396   .debug_str:000002a9 .LASF61
C:\Users\Andrea\AppData\Local\Temp\ccoJTuzr.s:3324   .debug_str:00000000 .LASF62
C:\Users\Andrea\AppData\Local\Temp\ccoJTuzr.s:3468   .debug_str:00000571 .LASF63
C:\Users\Andrea\AppData\Local\Temp\ccoJTuzr.s:3400   .debug_str:000002d9 .LASF64
C:\Users\Andrea\AppData\Local\Temp\ccoJTuzr.s:3492   .debug_str:0000061b .LASF65
C:\Users\Andrea\AppData\Local\Temp\ccoJTuzr.s:3504   .debug_str:00000677 .LASF66
C:\Users\Andrea\AppData\Local\Temp\ccoJTuzr.s:3506   .debug_str:00000682 .LASF67
C:\Users\Andrea\AppData\Local\Temp\ccoJTuzr.s:3498   .debug_str:00000653 .LASF68
C:\Users\Andrea\AppData\Local\Temp\ccoJTuzr.s:3568   .debug_str:000008a8 .LASF69
C:\Users\Andrea\AppData\Local\Temp\ccoJTuzr.s:3582   .debug_str:0000090e .LASF70
C:\Users\Andrea\AppData\Local\Temp\ccoJTuzr.s:3656   .debug_str:00000b8f .LASF71
C:\Users\Andrea\AppData\Local\Temp\ccoJTuzr.s:3342   .debug_str:000000a1 .LASF72
C:\Users\Andrea\AppData\Local\Temp\ccoJTuzr.s:3508   .debug_str:0000068d .LASF73
C:\Users\Andrea\AppData\Local\Temp\ccoJTuzr.s:3496   .debug_str:00000648 .LASF74
C:\Users\Andrea\AppData\Local\Temp\ccoJTuzr.s:3590   .debug_str:00000946 .LASF75
C:\Users\Andrea\AppData\Local\Temp\ccoJTuzr.s:3344   .debug_str:000000b8 .LASF76
C:\Users\Andrea\AppData\Local\Temp\ccoJTuzr.s:3360   .debug_str:00000164 .LASF77
C:\Users\Andrea\AppData\Local\Temp\ccoJTuzr.s:3502   .debug_str:0000066f .LASF78
C:\Users\Andrea\AppData\Local\Temp\ccoJTuzr.s:3684   .debug_str:00000c8b .LASF79
C:\Users\Andrea\AppData\Local\Temp\ccoJTuzr.s:3522   .debug_str:000006ef .LASF80
C:\Users\Andrea\AppData\Local\Temp\ccoJTuzr.s:3550   .debug_str:000007ec .LASF81
C:\Users\Andrea\AppData\Local\Temp\ccoJTuzr.s:3650   .debug_str:00000b71 .LASF82
C:\Users\Andrea\AppData\Local\Temp\ccoJTuzr.s:3328   .debug_str:0000002b .LASF83
C:\Users\Andrea\AppData\Local\Temp\ccoJTuzr.s:3444   .debug_str:00000481 .LASF84
C:\Users\Andrea\AppData\Local\Temp\ccoJTuzr.s:3454   .debug_str:000004db .LASF85
C:\Users\Andrea\AppData\Local\Temp\ccoJTuzr.s:3408   .debug_str:00000304 .LASF86
C:\Users\Andrea\AppData\Local\Temp\ccoJTuzr.s:3516   .debug_str:000006cc .LASF87
C:\Users\Andrea\AppData\Local\Temp\ccoJTuzr.s:3658   .debug_str:00000b95 .LASF88
C:\Users\Andrea\AppData\Local\Temp\ccoJTuzr.s:3472   .debug_str:00000588 .LASF89
C:\Users\Andrea\AppData\Local\Temp\ccoJTuzr.s:3672   .debug_str:00000c18 .LASF90
C:\Users\Andrea\AppData\Local\Temp\ccoJTuzr.s:3614   .debug_str:00000a02 .LASF91
C:\Users\Andrea\AppData\Local\Temp\ccoJTuzr.s:3372   .debug_str:000001f6 .LASF92
C:\Users\Andrea\AppData\Local\Temp\ccoJTuzr.s:3682   .debug_str:00000c79 .LASF93
C:\Users\Andrea\AppData\Local\Temp\ccoJTuzr.s:3424   .debug_str:000003b4 .LASF94
C:\Users\Andrea\AppData\Local\Temp\ccoJTuzr.s:3534   .debug_str:00000743 .LASF95
C:\Users\Andrea\AppData\Local\Temp\ccoJTuzr.s:3670   .debug_str:00000c0a .LASF96
C:\Users\Andrea\AppData\Local\Temp\ccoJTuzr.s:3520   .debug_str:000006e6 .LASF97
C:\Users\Andrea\AppData\Local\Temp\ccoJTuzr.s:3470   .debug_str:0000057f .LASF98
C:\Users\Andrea\AppData\Local\Temp\ccoJTuzr.s:3642   .debug_str:00000b16 .LASF179
C:\Users\Andrea\AppData\Local\Temp\ccoJTuzr.s:3598   .debug_str:00000991 .LASF99
C:\Users\Andrea\AppData\Local\Temp\ccoJTuzr.s:3602   .debug_str:000009a7 .LASF100
C:\Users\Andrea\AppData\Local\Temp\ccoJTuzr.s:3610   .debug_str:000009e2 .LASF101
C:\Users\Andrea\AppData\Local\Temp\ccoJTuzr.s:3554   .debug_str:00000804 .LASF103
C:\Users\Andrea\AppData\Local\Temp\ccoJTuzr.s:3570   .debug_str:000008ad .LASF104
C:\Users\Andrea\AppData\Local\Temp\ccoJTuzr.s:3354   .debug_str:0000010e .LASF105
C:\Users\Andrea\AppData\Local\Temp\ccoJTuzr.s:3356   .debug_str:00000128 .LASF106
C:\Users\Andrea\AppData\Local\Temp\ccoJTuzr.s:3552   .debug_str:000007f1 .LASF107
C:\Users\Andrea\AppData\Local\Temp\ccoJTuzr.s:3422   .debug_str:00000390 .LASF108
C:\Users\Andrea\AppData\Local\Temp\ccoJTuzr.s:3330   .debug_str:00000035 .LASF109
C:\Users\Andrea\AppData\Local\Temp\ccoJTuzr.s:3644   .debug_str:00000b23 .LASF110
C:\Users\Andrea\AppData\Local\Temp\ccoJTuzr.s:3362   .debug_str:0000017b .LASF111
C:\Users\Andrea\AppData\Local\Temp\ccoJTuzr.s:3606   .debug_str:000009b7 .LASF112
C:\Users\Andrea\AppData\Local\Temp\ccoJTuzr.s:3460   .debug_str:00000517 .LASF113
C:\Users\Andrea\AppData\Local\Temp\ccoJTuzr.s:3618   .debug_str:00000a25 .LASF114
C:\Users\Andrea\AppData\Local\Temp\ccoJTuzr.s:3366   .debug_str:000001b4 .LASF115
C:\Users\Andrea\AppData\Local\Temp\ccoJTuzr.s:3428   .debug_str:000003e0 .LASF116
C:\Users\Andrea\AppData\Local\Temp\ccoJTuzr.s:3674   .debug_str:00000c26 .LASF117
C:\Users\Andrea\AppData\Local\Temp\ccoJTuzr.s:3538   .debug_str:00000763 .LASF118
C:\Users\Andrea\AppData\Local\Temp\ccoJTuzr.s:3450   .debug_str:000004b7 .LASF119
C:\Users\Andrea\AppData\Local\Temp\ccoJTuzr.s:3458   .debug_str:000004f2 .LASF120
C:\Users\Andrea\AppData\Local\Temp\ccoJTuzr.s:3648   .debug_str:00000b57 .LASF121
C:\Users\Andrea\AppData\Local\Temp\ccoJTuzr.s:3592   .debug_str:00000951 .LASF122
C:\Users\Andrea\AppData\Local\Temp\ccoJTuzr.s:3628   .debug_str:00000a9c .LASF123
C:\Users\Andrea\AppData\Local\Temp\ccoJTuzr.s:3624   .debug_str:00000a6f .LASF124
C:\Users\Andrea\AppData\Local\Temp\ccoJTuzr.s:3688   .debug_str:00000c9e .LASF125
C:\Users\Andrea\AppData\Local\Temp\ccoJTuzr.s:3348   .debug_str:000000c8 .LASF126
C:\Users\Andrea\AppData\Local\Temp\ccoJTuzr.s:3622   .debug_str:00000a57 .LASF127
C:\Users\Andrea\AppData\Local\Temp\ccoJTuzr.s:3560   .debug_str:00000866 .LASF128
C:\Users\Andrea\AppData\Local\Temp\ccoJTuzr.s:3660   .debug_str:00000b9f .LASF129
C:\Users\Andrea\AppData\Local\Temp\ccoJTuzr.s:3540   .debug_str:00000780 .LASF130
C:\Users\Andrea\AppData\Local\Temp\ccoJTuzr.s:3446   .debug_str:00000492 .LASF131
C:\Users\Andrea\AppData\Local\Temp\ccoJTuzr.s:3620   .debug_str:00000a40 .LASF132
C:\Users\Andrea\AppData\Local\Temp\ccoJTuzr.s:3646   .debug_str:00000b38 .LASF133
C:\Users\Andrea\AppData\Local\Temp\ccoJTuzr.s:3334   .debug_str:00000055 .LASF134
C:\Users\Andrea\AppData\Local\Temp\ccoJTuzr.s:3664   .debug_str:00000bcf .LASF135
C:\Users\Andrea\AppData\Local\Temp\ccoJTuzr.s:3536   .debug_str:0000074d .LASF136
C:\Users\Andrea\AppData\Local\Temp\ccoJTuzr.s:3584   .debug_str:0000091b .LASF137
C:\Users\Andrea\AppData\Local\Temp\ccoJTuzr.s:3668   .debug_str:00000bf3 .LASF138
C:\Users\Andrea\AppData\Local\Temp\ccoJTuzr.s:3392   .debug_str:00000279 .LASF139
C:\Users\Andrea\AppData\Local\Temp\ccoJTuzr.s:3358   .debug_str:00000142 .LASF140
C:\Users\Andrea\AppData\Local\Temp\ccoJTuzr.s:3390   .debug_str:00000256 .LASF141
C:\Users\Andrea\AppData\Local\Temp\ccoJTuzr.s:3596   .debug_str:00000973 .LASF142
C:\Users\Andrea\AppData\Local\Temp\ccoJTuzr.s:3350   .debug_str:000000e0 .LASF143
C:\Users\Andrea\AppData\Local\Temp\ccoJTuzr.s:3640   .debug_str:00000afd .LASF144
C:\Users\Andrea\AppData\Local\Temp\ccoJTuzr.s:3414   .debug_str:0000032b .LASF145
C:\Users\Andrea\AppData\Local\Temp\ccoJTuzr.s:3558   .debug_str:00000858 .LASF146
C:\Users\Andrea\AppData\Local\Temp\ccoJTuzr.s:3380   .debug_str:0000021c .LASF147
C:\Users\Andrea\AppData\Local\Temp\ccoJTuzr.s:3368   .debug_str:000001cc .LASF148
C:\Users\Andrea\AppData\Local\Temp\ccoJTuzr.s:3336   .debug_str:00000071 .LASF149
C:\Users\Andrea\AppData\Local\Temp\ccoJTuzr.s:3370   .debug_str:000001e1 .LASF150
C:\Users\Andrea\AppData\Local\Temp\ccoJTuzr.s:3338   .debug_str:0000007d .LASF151
C:\Users\Andrea\AppData\Local\Temp\ccoJTuzr.s:3500   .debug_str:0000065a .LASF152
C:\Users\Andrea\AppData\Local\Temp\ccoJTuzr.s:3488   .debug_str:00000605 .LASF153
C:\Users\Andrea\AppData\Local\Temp\ccoJTuzr.s:3546   .debug_str:000007cc .LASF154
C:\Users\Andrea\AppData\Local\Temp\ccoJTuzr.s:3410   .debug_str:0000030a .LASF155
C:\Users\Andrea\AppData\Local\Temp\ccoJTuzr.s:3524   .debug_str:000006f7 .LASF180
C:\Users\Andrea\AppData\Local\Temp\ccoJTuzr.s:3398   .debug_str:000002bc .LASF181
C:\Users\Andrea\AppData\Local\Temp\ccoJTuzr.s:3528   .debug_str:0000071b .LASF156
C:\Users\Andrea\AppData\Local\Temp\ccoJTuzr.s:3588   .debug_str:00000939 .LASF157
C:\Users\Andrea\AppData\Local\Temp\ccoJTuzr.s:3346   .debug_str:000000c3 .LASF158
C:\Users\Andrea\AppData\Local\Temp\ccoJTuzr.s:3340   .debug_str:00000089 .LASF182
C:\Users\Andrea\AppData\Local\Temp\ccoJTuzr.s:480    .text.SPA_uP_SparklingAid_Exe:00000311 .LFE0
C:\Users\Andrea\AppData\Local\Temp\ccoJTuzr.s:2825   .debug_loc:00000000 .LLST0
C:\Users\Andrea\AppData\Local\Temp\ccoJTuzr.s:2838   .debug_loc:00000020 .LLST1
C:\Users\Andrea\AppData\Local\Temp\ccoJTuzr.s:2966   .debug_loc:00000146 .LLST2
C:\Users\Andrea\AppData\Local\Temp\ccoJTuzr.s:21     .text.SPA_uP_SparklingAid_Exe:00000014 .LBB9
C:\Users\Andrea\AppData\Local\Temp\ccoJTuzr.s:28     .text.SPA_uP_SparklingAid_Exe:0000001a .LBE9
C:\Users\Andrea\AppData\Local\Temp\ccoJTuzr.s:58     .text.SPA_uP_SparklingAid_Exe:00000047 .LBB11
C:\Users\Andrea\AppData\Local\Temp\ccoJTuzr.s:472    .text.SPA_uP_SparklingAid_Exe:0000030a .LBE11
C:\Users\Andrea\AppData\Local\Temp\ccoJTuzr.s:3061   .debug_loc:00000221 .LLST3
C:\Users\Andrea\AppData\Local\Temp\ccoJTuzr.s:3149   .debug_loc:000002ee .LLST4
C:\Users\Andrea\AppData\Local\Temp\ccoJTuzr.s:3270   .debug_loc:00000406 .LLST5
C:\Users\Andrea\AppData\Local\Temp\ccoJTuzr.s:188    .text.SPA_uP_SparklingAid_Exe:0000011f .LBB13
C:\Users\Andrea\AppData\Local\Temp\ccoJTuzr.s:217    .text.SPA_uP_SparklingAid_Exe:00000154 .LBE13
C:\Users\Andrea\AppData\Local\Temp\ccoJTuzr.s:3282   .debug_loc:00000425 .LLST6
C:\Users\Andrea\AppData\Local\Temp\ccoJTuzr.s:213    .text.SPA_uP_SparklingAid_Exe:00000151 .LVL18
C:\Users\Andrea\AppData\Local\Temp\ccoJTuzr.s:75     .text.SPA_uP_SparklingAid_Exe:00000065 .LVL8
C:\Users\Andrea\AppData\Local\Temp\ccoJTuzr.s:108    .text.SPA_uP_SparklingAid_Exe:00000090 .LVL9
C:\Users\Andrea\AppData\Local\Temp\ccoJTuzr.s:124    .text.SPA_uP_SparklingAid_Exe:000000b1 .LVL10
C:\Users\Andrea\AppData\Local\Temp\ccoJTuzr.s:221    .text.SPA_uP_SparklingAid_Exe:0000015b .LVL20
C:\Users\Andrea\AppData\Local\Temp\ccoJTuzr.s:232    .text.SPA_uP_SparklingAid_Exe:00000173 .LVL21
C:\Users\Andrea\AppData\Local\Temp\ccoJTuzr.s:247    .text.SPA_uP_SparklingAid_Exe:00000195 .LVL22
C:\Users\Andrea\AppData\Local\Temp\ccoJTuzr.s:314    .text.SPA_uP_SparklingAid_Exe:0000020d .LVL27
C:\Users\Andrea\AppData\Local\Temp\ccoJTuzr.s:347    .text.SPA_uP_SparklingAid_Exe:0000023d .LVL30
C:\Users\Andrea\AppData\Local\Temp\ccoJTuzr.s:365    .text.SPA_uP_SparklingAid_Exe:0000025d .LVL35
C:\Users\Andrea\AppData\Local\Temp\ccoJTuzr.s:445    .text.SPA_uP_SparklingAid_Exe:000002f8 .LVL40
C:\Users\Andrea\AppData\Local\Temp\ccoJTuzr.s:467    .text.SPA_uP_SparklingAid_Exe:00000309 .LVL45
C:\Users\Andrea\AppData\Local\Temp\ccoJTuzr.s:38     .text.SPA_uP_SparklingAid_Exe:0000002d .LVL3
C:\Users\Andrea\AppData\Local\Temp\ccoJTuzr.s:3580   .debug_str:00000906 .LASF159
C:\Users\Andrea\AppData\Local\Temp\ccoJTuzr.s:3478   .debug_str:000005b2 .LASF160
C:\Users\Andrea\AppData\Local\Temp\ccoJTuzr.s:3476   .debug_str:0000059c .LASF161
C:\Users\Andrea\AppData\Local\Temp\ccoJTuzr.s:3436   .debug_str:00000424 .LASF162
C:\Users\Andrea\AppData\Local\Temp\ccoJTuzr.s:3578   .debug_str:000008fd .LASF163
C:\Users\Andrea\AppData\Local\Temp\ccoJTuzr.s:3632   .debug_str:00000ad2 .LASF164
C:\Users\Andrea\AppData\Local\Temp\ccoJTuzr.s:3544   .debug_str:000007b0 .LASF165
C:\Users\Andrea\AppData\Local\Temp\ccoJTuzr.s:3452   .debug_str:000004d1 .LASF166
C:\Users\Andrea\AppData\Local\Temp\ccoJTuzr.s:3566   .debug_str:00000893 .LASF167
C:\Users\Andrea\AppData\Local\Temp\ccoJTuzr.s:3434   .debug_str:00000415 .LASF168
C:\Users\Andrea\AppData\Local\Temp\ccoJTuzr.s:3386   .debug_str:00000242 .LASF169
C:\Users\Andrea\AppData\Local\Temp\ccoJTuzr.s:3474   .debug_str:00000594 .LASF170
C:\Users\Andrea\AppData\Local\Temp\ccoJTuzr.s:3484   .debug_str:000005f0 .LASF171
C:\Users\Andrea\AppData\Local\Temp\ccoJTuzr.s:3374   .debug_str:000001fb .LASF172
C:\Users\Andrea\AppData\Local\Temp\ccoJTuzr.s:3690   .debug_str:00000cbc .LASF173
C:\Users\Andrea\AppData\Local\Temp\ccoJTuzr.s:3564   .debug_str:00000884 .LASF174
C:\Users\Andrea\AppData\Local\Temp\ccoJTuzr.s:3464   .debug_str:0000054b .LASF175
C:\Users\Andrea\AppData\Local\Temp\ccoJTuzr.s:3586   .debug_str:00000930 .LASF176
C:\Users\Andrea\AppData\Local\Temp\ccoJTuzr.s:3686   .debug_str:00000c94 .LASF183
C:\Users\Andrea\AppData\Local\Temp\ccoJTuzr.s:13     .text.SPA_uP_SparklingAid_Exe:00000002 .LCFI0
C:\Users\Andrea\AppData\Local\Temp\ccoJTuzr.s:11     .text.SPA_uP_SparklingAid_Exe:00000000 .LVL0
C:\Users\Andrea\AppData\Local\Temp\ccoJTuzr.s:36     .text.SPA_uP_SparklingAid_Exe:00000029 .LVL2
C:\Users\Andrea\AppData\Local\Temp\ccoJTuzr.s:53     .text.SPA_uP_SparklingAid_Exe:00000043 .LVL4
C:\Users\Andrea\AppData\Local\Temp\ccoJTuzr.s:73     .text.SPA_uP_SparklingAid_Exe:00000061 .LVL7
C:\Users\Andrea\AppData\Local\Temp\ccoJTuzr.s:149    .text.SPA_uP_SparklingAid_Exe:000000e3 .LVL11
C:\Users\Andrea\AppData\Local\Temp\ccoJTuzr.s:162    .text.SPA_uP_SparklingAid_Exe:000000fa .LVL12
C:\Users\Andrea\AppData\Local\Temp\ccoJTuzr.s:167    .text.SPA_uP_SparklingAid_Exe:000000fd .LVL13
C:\Users\Andrea\AppData\Local\Temp\ccoJTuzr.s:171    .text.SPA_uP_SparklingAid_Exe:00000105 .LVL14
C:\Users\Andrea\AppData\Local\Temp\ccoJTuzr.s:191    .text.SPA_uP_SparklingAid_Exe:00000125 .LVL15
C:\Users\Andrea\AppData\Local\Temp\ccoJTuzr.s:215    .text.SPA_uP_SparklingAid_Exe:00000154 .LVL19
C:\Users\Andrea\AppData\Local\Temp\ccoJTuzr.s:253    .text.SPA_uP_SparklingAid_Exe:0000019d .LVL23
C:\Users\Andrea\AppData\Local\Temp\ccoJTuzr.s:309    .text.SPA_uP_SparklingAid_Exe:00000206 .LVL26
C:\Users\Andrea\AppData\Local\Temp\ccoJTuzr.s:319    .text.SPA_uP_SparklingAid_Exe:00000214 .LVL28
C:\Users\Andrea\AppData\Local\Temp\ccoJTuzr.s:349    .text.SPA_uP_SparklingAid_Exe:00000240 .LVL31
C:\Users\Andrea\AppData\Local\Temp\ccoJTuzr.s:355    .text.SPA_uP_SparklingAid_Exe:0000024e .LVL32
C:\Users\Andrea\AppData\Local\Temp\ccoJTuzr.s:360    .text.SPA_uP_SparklingAid_Exe:00000256 .LVL34
C:\Users\Andrea\AppData\Local\Temp\ccoJTuzr.s:371    .text.SPA_uP_SparklingAid_Exe:0000026b .LVL36
C:\Users\Andrea\AppData\Local\Temp\ccoJTuzr.s:381    .text.SPA_uP_SparklingAid_Exe:00000278 .LVL37
C:\Users\Andrea\AppData\Local\Temp\ccoJTuzr.s:394    .text.SPA_uP_SparklingAid_Exe:00000296 .LVL38
C:\Users\Andrea\AppData\Local\Temp\ccoJTuzr.s:447    .text.SPA_uP_SparklingAid_Exe:000002f9 .LVL41
C:\Users\Andrea\AppData\Local\Temp\ccoJTuzr.s:451    .text.SPA_uP_SparklingAid_Exe:000002fc .LVL42
C:\Users\Andrea\AppData\Local\Temp\ccoJTuzr.s:457    .text.SPA_uP_SparklingAid_Exe:000002ff .LVL43
C:\Users\Andrea\AppData\Local\Temp\ccoJTuzr.s:461    .text.SPA_uP_SparklingAid_Exe:00000301 .LVL44
C:\Users\Andrea\AppData\Local\Temp\ccoJTuzr.s:198    .text.SPA_uP_SparklingAid_Exe:00000132 .LVL17
C:\Users\Andrea\AppData\Local\Temp\ccoJTuzr.s:270    .text.SPA_uP_SparklingAid_Exe:000001c1 .LVL24
C:\Users\Andrea\AppData\Local\Temp\ccoJTuzr.s:300    .text.SPA_uP_SparklingAid_Exe:000001f6 .LVL25
C:\Users\Andrea\AppData\Local\Temp\ccoJTuzr.s:342    .text.SPA_uP_SparklingAid_Exe:00000236 .LVL29
C:\Users\Andrea\AppData\Local\Temp\ccoJTuzr.s:357    .text.SPA_uP_SparklingAid_Exe:00000250 .LVL33
C:\Users\Andrea\AppData\Local\Temp\ccoJTuzr.s:439    .text.SPA_uP_SparklingAid_Exe:000002f1 .LVL39
C:\Users\Andrea\AppData\Local\Temp\ccoJTuzr.s:57     .text.SPA_uP_SparklingAid_Exe:00000047 .LVL5
C:\Users\Andrea\AppData\Local\Temp\ccoJTuzr.s:64     .text.SPA_uP_SparklingAid_Exe:00000050 .LVL6
C:\Users\Andrea\AppData\Local\Temp\ccoJTuzr.s:469    .text.SPA_uP_SparklingAid_Exe:0000030a .LVL46
C:\Users\Andrea\AppData\Local\Temp\ccoJTuzr.s:193    .text.SPA_uP_SparklingAid_Exe:00000128 .LVL16
C:\Users\Andrea\AppData\Local\Temp\ccoJTuzr.s:537    .debug_info:00000000 .Ldebug_info0
C:\Users\Andrea\AppData\Local\Temp\ccoJTuzr.s:59     .text.SPA_uP_SparklingAid_Exe:00000047 .LBB12
C:\Users\Andrea\AppData\Local\Temp\ccoJTuzr.s:177    .text.SPA_uP_SparklingAid_Exe:0000010b .LBE12
C:\Users\Andrea\AppData\Local\Temp\ccoJTuzr.s:181    .text.SPA_uP_SparklingAid_Exe:00000113 .LBB14
C:\Users\Andrea\AppData\Local\Temp\ccoJTuzr.s:250    .text.SPA_uP_SparklingAid_Exe:0000019a .LBE14
C:\Users\Andrea\AppData\Local\Temp\ccoJTuzr.s:254    .text.SPA_uP_SparklingAid_Exe:0000019d .LBB15
C:\Users\Andrea\AppData\Local\Temp\ccoJTuzr.s:383    .text.SPA_uP_SparklingAid_Exe:00000278 .LBE15
C:\Users\Andrea\AppData\Local\Temp\ccoJTuzr.s:387    .text.SPA_uP_SparklingAid_Exe:00000280 .LBB16
C:\Users\Andrea\AppData\Local\Temp\ccoJTuzr.s:471    .text.SPA_uP_SparklingAid_Exe:0000030a .LBE16

UNDEFINED SYMBOLS
_Interpreter_Data
_uP_SparklingAid_Data
_uPDoorStatus
_SWTC_Stop
_TurbidityReads
_HIO_trbReadEnable
_uPSparklingAid_setting_data
_BasicLoader
_RinseAidFunctionValue
_SWTC_SetMValue
_GIValid
_SWTC_IsExpired
_Disp_Pos
_LoadsReq_New
_HWC_Flags
_Flags_2
_HIO_trbReadDisable
_SWTC_Run
