   1                             		.file	"temperature.c"
   2                             		.section P,"ax"
   3                             	.Ltext0:
   4                             		.section	.text.Temperature_Init,"ax",@progbits
   5                             		.global	_Temperature_Init
   7                             	_Temperature_Init:
   8                             	.LFB0:
   9                             		.file 1 "C:/Workspace/FW_Inertia/branch_indesit/HAL/RN_RX200/IEC60335_B_libs/src/Temperature/tempe
   1:C:/Workspace/FW_Inertia/branch_indesit/HAL/RN_RX200/IEC60335_B_libs/src/Temperature\temperature.c **** /*******************************************************************************
   2:C:/Workspace/FW_Inertia/branch_indesit/HAL/RN_RX200/IEC60335_B_libs/src/Temperature\temperature.c **** * DISCLAIMER
   3:C:/Workspace/FW_Inertia/branch_indesit/HAL/RN_RX200/IEC60335_B_libs/src/Temperature\temperature.c **** * This software is supplied by Renesas Electronics Corporation and is only
   4:C:/Workspace/FW_Inertia/branch_indesit/HAL/RN_RX200/IEC60335_B_libs/src/Temperature\temperature.c **** * intended for use with Renesas products. No other uses are authorized. This
   5:C:/Workspace/FW_Inertia/branch_indesit/HAL/RN_RX200/IEC60335_B_libs/src/Temperature\temperature.c **** * software is owned by Renesas Electronics Corporation and is protected under
   6:C:/Workspace/FW_Inertia/branch_indesit/HAL/RN_RX200/IEC60335_B_libs/src/Temperature\temperature.c **** * all applicable laws, including copyright laws.
   7:C:/Workspace/FW_Inertia/branch_indesit/HAL/RN_RX200/IEC60335_B_libs/src/Temperature\temperature.c **** * THIS SOFTWARE IS PROVIDED "AS IS" AND RENESAS MAKES NO WARRANTIES REGARDING
   8:C:/Workspace/FW_Inertia/branch_indesit/HAL/RN_RX200/IEC60335_B_libs/src/Temperature\temperature.c **** * THIS SOFTWARE, WHETHER EXPRESS, IMPLIED OR STATUTORY, INCLUDING BUT NOT
   9:C:/Workspace/FW_Inertia/branch_indesit/HAL/RN_RX200/IEC60335_B_libs/src/Temperature\temperature.c **** * LIMITED TO WARRANTIES OF MERCHANTABILITY, FITNESS FOR A PARTICULAR PURPOSE
  10:C:/Workspace/FW_Inertia/branch_indesit/HAL/RN_RX200/IEC60335_B_libs/src/Temperature\temperature.c **** * AND NON-INFRINGEMENT. ALL SUCH WARRANTIES ARE EXPRESSLY DISCLAIMED.
  11:C:/Workspace/FW_Inertia/branch_indesit/HAL/RN_RX200/IEC60335_B_libs/src/Temperature\temperature.c **** * TO THE MAXIMUM EXTENT PERMITTED NOT PROHIBITED BY LAW, NEITHER RENESAS
  12:C:/Workspace/FW_Inertia/branch_indesit/HAL/RN_RX200/IEC60335_B_libs/src/Temperature\temperature.c **** * ELECTRONICS CORPORATION NOR ANY OF ITS AFFILIATED COMPANIES SHALL BE LIABLE
  13:C:/Workspace/FW_Inertia/branch_indesit/HAL/RN_RX200/IEC60335_B_libs/src/Temperature\temperature.c **** * FOR ANY DIRECT, INDIRECT, SPECIAL, INCIDENTAL OR CONSEQUENTIAL DAMAGES FOR
  14:C:/Workspace/FW_Inertia/branch_indesit/HAL/RN_RX200/IEC60335_B_libs/src/Temperature\temperature.c **** * ANY REASON RELATED TO THIS SOFTWARE, EVEN IF RENESAS OR ITS AFFILIATES HAVE
  15:C:/Workspace/FW_Inertia/branch_indesit/HAL/RN_RX200/IEC60335_B_libs/src/Temperature\temperature.c **** * BEEN ADVISED OF THE POSSIBILITY OF SUCH DAMAGES.
  16:C:/Workspace/FW_Inertia/branch_indesit/HAL/RN_RX200/IEC60335_B_libs/src/Temperature\temperature.c **** * Renesas reserves the right, without notice, to make changes to this software
  17:C:/Workspace/FW_Inertia/branch_indesit/HAL/RN_RX200/IEC60335_B_libs/src/Temperature\temperature.c **** * and to discontinue the availability of this software. By using this software,
  18:C:/Workspace/FW_Inertia/branch_indesit/HAL/RN_RX200/IEC60335_B_libs/src/Temperature\temperature.c **** * you agree to the additional terms and conditions found by accessing the
  19:C:/Workspace/FW_Inertia/branch_indesit/HAL/RN_RX200/IEC60335_B_libs/src/Temperature\temperature.c **** * following link:
  20:C:/Workspace/FW_Inertia/branch_indesit/HAL/RN_RX200/IEC60335_B_libs/src/Temperature\temperature.c **** * http://www.renesas.com/disclaimer
  21:C:/Workspace/FW_Inertia/branch_indesit/HAL/RN_RX200/IEC60335_B_libs/src/Temperature\temperature.c **** *******************************************************************************/
  22:C:/Workspace/FW_Inertia/branch_indesit/HAL/RN_RX200/IEC60335_B_libs/src/Temperature\temperature.c **** /* Copyright (C) 2010 Renesas Electronics Corporation. All rights reserved. */
  23:C:/Workspace/FW_Inertia/branch_indesit/HAL/RN_RX200/IEC60335_B_libs/src/Temperature\temperature.c **** /**********************************************************************
  24:C:/Workspace/FW_Inertia/branch_indesit/HAL/RN_RX200/IEC60335_B_libs/src/Temperature\temperature.c **** * File Name : Temperature.c
  25:C:/Workspace/FW_Inertia/branch_indesit/HAL/RN_RX200/IEC60335_B_libs/src/Temperature\temperature.c **** * Version : 1.00
  26:C:/Workspace/FW_Inertia/branch_indesit/HAL/RN_RX200/IEC60335_B_libs/src/Temperature\temperature.c **** * Device : RX210
  27:C:/Workspace/FW_Inertia/branch_indesit/HAL/RN_RX200/IEC60335_B_libs/src/Temperature\temperature.c **** * Tool Chain :
  28:C:/Workspace/FW_Inertia/branch_indesit/HAL/RN_RX200/IEC60335_B_libs/src/Temperature\temperature.c **** * H/W Platform : 
  29:C:/Workspace/FW_Inertia/branch_indesit/HAL/RN_RX200/IEC60335_B_libs/src/Temperature\temperature.c **** * Description : Self Test code.
  30:C:/Workspace/FW_Inertia/branch_indesit/HAL/RN_RX200/IEC60335_B_libs/src/Temperature\temperature.c **** *               Use the ADC12 module to read the MCU temperature.
  31:C:/Workspace/FW_Inertia/branch_indesit/HAL/RN_RX200/IEC60335_B_libs/src/Temperature\temperature.c **** **********************************************************************/
  32:C:/Workspace/FW_Inertia/branch_indesit/HAL/RN_RX200/IEC60335_B_libs/src/Temperature\temperature.c **** 
  33:C:/Workspace/FW_Inertia/branch_indesit/HAL/RN_RX200/IEC60335_B_libs/src/Temperature\temperature.c **** /**********************************************************************************
  34:C:/Workspace/FW_Inertia/branch_indesit/HAL/RN_RX200/IEC60335_B_libs/src/Temperature\temperature.c **** Revision History
  35:C:/Workspace/FW_Inertia/branch_indesit/HAL/RN_RX200/IEC60335_B_libs/src/Temperature\temperature.c **** DD-MMM-YYYY OSO-UID Description
  36:C:/Workspace/FW_Inertia/branch_indesit/HAL/RN_RX200/IEC60335_B_libs/src/Temperature\temperature.c **** 30-July-2011 RTE-PJI First Release
  37:C:/Workspace/FW_Inertia/branch_indesit/HAL/RN_RX200/IEC60335_B_libs/src/Temperature\temperature.c **** ***********************************************************************************/
  38:C:/Workspace/FW_Inertia/branch_indesit/HAL/RN_RX200/IEC60335_B_libs/src/Temperature\temperature.c **** 
  39:C:/Workspace/FW_Inertia/branch_indesit/HAL/RN_RX200/IEC60335_B_libs/src/Temperature\temperature.c **** /**********************************************************************
  40:C:/Workspace/FW_Inertia/branch_indesit/HAL/RN_RX200/IEC60335_B_libs/src/Temperature\temperature.c **** Includes
  41:C:/Workspace/FW_Inertia/branch_indesit/HAL/RN_RX200/IEC60335_B_libs/src/Temperature\temperature.c **** **********************************************************************/
  42:C:/Workspace/FW_Inertia/branch_indesit/HAL/RN_RX200/IEC60335_B_libs/src/Temperature\temperature.c **** #include <stddef.h> /*Provides NULL declaration*/
  43:C:/Workspace/FW_Inertia/branch_indesit/HAL/RN_RX200/IEC60335_B_libs/src/Temperature\temperature.c **** #include "RN_RX200_reg.h"
  44:C:/Workspace/FW_Inertia/branch_indesit/HAL/RN_RX200/IEC60335_B_libs/src/Temperature\temperature.c **** #include "Temperature.h"
  45:C:/Workspace/FW_Inertia/branch_indesit/HAL/RN_RX200/IEC60335_B_libs/src/Temperature\temperature.c **** 
  46:C:/Workspace/FW_Inertia/branch_indesit/HAL/RN_RX200/IEC60335_B_libs/src/Temperature\temperature.c **** 
  47:C:/Workspace/FW_Inertia/branch_indesit/HAL/RN_RX200/IEC60335_B_libs/src/Temperature\temperature.c **** /**********************************************************************
  48:C:/Workspace/FW_Inertia/branch_indesit/HAL/RN_RX200/IEC60335_B_libs/src/Temperature\temperature.c **** Defines
  49:C:/Workspace/FW_Inertia/branch_indesit/HAL/RN_RX200/IEC60335_B_libs/src/Temperature\temperature.c **** **********************************************************************/
  50:C:/Workspace/FW_Inertia/branch_indesit/HAL/RN_RX200/IEC60335_B_libs/src/Temperature\temperature.c **** 
  51:C:/Workspace/FW_Inertia/branch_indesit/HAL/RN_RX200/IEC60335_B_libs/src/Temperature\temperature.c **** /**********************************************************************
  52:C:/Workspace/FW_Inertia/branch_indesit/HAL/RN_RX200/IEC60335_B_libs/src/Temperature\temperature.c **** Variables
  53:C:/Workspace/FW_Inertia/branch_indesit/HAL/RN_RX200/IEC60335_B_libs/src/Temperature\temperature.c **** **********************************************************************/
  54:C:/Workspace/FW_Inertia/branch_indesit/HAL/RN_RX200/IEC60335_B_libs/src/Temperature\temperature.c **** static uint16_t g_Temperature_ADC_Value_Min;
  55:C:/Workspace/FW_Inertia/branch_indesit/HAL/RN_RX200/IEC60335_B_libs/src/Temperature\temperature.c **** static uint16_t g_Temperature_ADC_Value_Max;
  56:C:/Workspace/FW_Inertia/branch_indesit/HAL/RN_RX200/IEC60335_B_libs/src/Temperature\temperature.c **** /*Error Callbacks*/
  57:C:/Workspace/FW_Inertia/branch_indesit/HAL/RN_RX200/IEC60335_B_libs/src/Temperature\temperature.c **** static TEMPERATURE_ERROR_CALL_BACK g_Temp_ErrorCallBack = NULL;
  58:C:/Workspace/FW_Inertia/branch_indesit/HAL/RN_RX200/IEC60335_B_libs/src/Temperature\temperature.c **** 
  59:C:/Workspace/FW_Inertia/branch_indesit/HAL/RN_RX200/IEC60335_B_libs/src/Temperature\temperature.c **** /********************************************************************
  60:C:/Workspace/FW_Inertia/branch_indesit/HAL/RN_RX200/IEC60335_B_libs/src/Temperature\temperature.c **** Prototypes
  61:C:/Workspace/FW_Inertia/branch_indesit/HAL/RN_RX200/IEC60335_B_libs/src/Temperature\temperature.c **** **********************************************************************/
  62:C:/Workspace/FW_Inertia/branch_indesit/HAL/RN_RX200/IEC60335_B_libs/src/Temperature\temperature.c **** 
  63:C:/Workspace/FW_Inertia/branch_indesit/HAL/RN_RX200/IEC60335_B_libs/src/Temperature\temperature.c **** /**********************************************************************
  64:C:/Workspace/FW_Inertia/branch_indesit/HAL/RN_RX200/IEC60335_B_libs/src/Temperature\temperature.c **** Functions
  65:C:/Workspace/FW_Inertia/branch_indesit/HAL/RN_RX200/IEC60335_B_libs/src/Temperature\temperature.c **** **********************************************************************/
  66:C:/Workspace/FW_Inertia/branch_indesit/HAL/RN_RX200/IEC60335_B_libs/src/Temperature\temperature.c **** 
  67:C:/Workspace/FW_Inertia/branch_indesit/HAL/RN_RX200/IEC60335_B_libs/src/Temperature\temperature.c **** 
  68:C:/Workspace/FW_Inertia/branch_indesit/HAL/RN_RX200/IEC60335_B_libs/src/Temperature\temperature.c **** /***********************************************************************************
  69:C:/Workspace/FW_Inertia/branch_indesit/HAL/RN_RX200/IEC60335_B_libs/src/Temperature\temperature.c **** Function Name : Temperature_Init
  70:C:/Workspace/FW_Inertia/branch_indesit/HAL/RN_RX200/IEC60335_B_libs/src/Temperature\temperature.c **** 
  71:C:/Workspace/FW_Inertia/branch_indesit/HAL/RN_RX200/IEC60335_B_libs/src/Temperature\temperature.c **** Description   :	Initialise the Temperature sensor and
  72:C:/Workspace/FW_Inertia/branch_indesit/HAL/RN_RX200/IEC60335_B_libs/src/Temperature\temperature.c **** 				enable the ADC12 module.
  73:C:/Workspace/FW_Inertia/branch_indesit/HAL/RN_RX200/IEC60335_B_libs/src/Temperature\temperature.c **** 				
  74:C:/Workspace/FW_Inertia/branch_indesit/HAL/RN_RX200/IEC60335_B_libs/src/Temperature\temperature.c **** 				*** NOTE ***
  75:C:/Workspace/FW_Inertia/branch_indesit/HAL/RN_RX200/IEC60335_B_libs/src/Temperature\temperature.c **** 				After calling this the Temperature_Start function must
  76:C:/Workspace/FW_Inertia/branch_indesit/HAL/RN_RX200/IEC60335_B_libs/src/Temperature\temperature.c **** 				not be called until the temperature sensor reference voltage
  77:C:/Workspace/FW_Inertia/branch_indesit/HAL/RN_RX200/IEC60335_B_libs/src/Temperature\temperature.c **** 				becomes stable. (tSTBL). A delay is not added here as
  78:C:/Workspace/FW_Inertia/branch_indesit/HAL/RN_RX200/IEC60335_B_libs/src/Temperature\temperature.c **** 				it is thought the user can call this function and then schedule
  79:C:/Workspace/FW_Inertia/branch_indesit/HAL/RN_RX200/IEC60335_B_libs/src/Temperature\temperature.c **** 				the Temperature_Start to be called later.
  80:C:/Workspace/FW_Inertia/branch_indesit/HAL/RN_RX200/IEC60335_B_libs/src/Temperature\temperature.c **** 
  81:C:/Workspace/FW_Inertia/branch_indesit/HAL/RN_RX200/IEC60335_B_libs/src/Temperature\temperature.c **** Parameters    : eGain: The temperature sensor gain.
  82:C:/Workspace/FW_Inertia/branch_indesit/HAL/RN_RX200/IEC60335_B_libs/src/Temperature\temperature.c **** 				Temperature_ADC_Value_Min: Min. allowable value of ADTSDR register.
  83:C:/Workspace/FW_Inertia/branch_indesit/HAL/RN_RX200/IEC60335_B_libs/src/Temperature\temperature.c **** 				Temperature_ADC_Value_Max: Max. allowable value of ADTSDR register. 
  84:C:/Workspace/FW_Inertia/branch_indesit/HAL/RN_RX200/IEC60335_B_libs/src/Temperature\temperature.c **** 				Error_callback: Function to be called if temperature (ADTSDR) falls out
  85:C:/Workspace/FW_Inertia/branch_indesit/HAL/RN_RX200/IEC60335_B_libs/src/Temperature\temperature.c **** 				 				of specified range.
  86:C:/Workspace/FW_Inertia/branch_indesit/HAL/RN_RX200/IEC60335_B_libs/src/Temperature\temperature.c **** 
  87:C:/Workspace/FW_Inertia/branch_indesit/HAL/RN_RX200/IEC60335_B_libs/src/Temperature\temperature.c **** 				NOTE: The ADC output is 12bit so do not specify a ADC_Value greater
  88:C:/Workspace/FW_Inertia/branch_indesit/HAL/RN_RX200/IEC60335_B_libs/src/Temperature\temperature.c **** 				than h'FFF.
  89:C:/Workspace/FW_Inertia/branch_indesit/HAL/RN_RX200/IEC60335_B_libs/src/Temperature\temperature.c **** 
  90:C:/Workspace/FW_Inertia/branch_indesit/HAL/RN_RX200/IEC60335_B_libs/src/Temperature\temperature.c **** Return value  : void
  91:C:/Workspace/FW_Inertia/branch_indesit/HAL/RN_RX200/IEC60335_B_libs/src/Temperature\temperature.c **** ***********************************************************************************/
  92:C:/Workspace/FW_Inertia/branch_indesit/HAL/RN_RX200/IEC60335_B_libs/src/Temperature\temperature.c **** void Temperature_Init(TEMPERATURE_GAIN_SELECT eGain,
  93:C:/Workspace/FW_Inertia/branch_indesit/HAL/RN_RX200/IEC60335_B_libs/src/Temperature\temperature.c **** 					  uint16_t Temperature_ADC_Value_Min,
  94:C:/Workspace/FW_Inertia/branch_indesit/HAL/RN_RX200/IEC60335_B_libs/src/Temperature\temperature.c **** 					  uint16_t Temperature_ADC_Value_Max,
  95:C:/Workspace/FW_Inertia/branch_indesit/HAL/RN_RX200/IEC60335_B_libs/src/Temperature\temperature.c **** 					  TEMPERATURE_ERROR_CALL_BACK Error_callback)
  96:C:/Workspace/FW_Inertia/branch_indesit/HAL/RN_RX200/IEC60335_B_libs/src/Temperature\temperature.c **** {
  10                             		.loc 1 96 0
  11                             	.LVL0:
  97:C:/Workspace/FW_Inertia/branch_indesit/HAL/RN_RX200/IEC60335_B_libs/src/Temperature\temperature.c **** 	/*Store temperature allowed limits*/
  98:C:/Workspace/FW_Inertia/branch_indesit/HAL/RN_RX200/IEC60335_B_libs/src/Temperature\temperature.c **** 	g_Temperature_ADC_Value_Min = Temperature_ADC_Value_Min;
  12                             		.loc 1 98 0
  13 0000 FB E2 00 00 00 00       		mov.L	#_g_Temperature_ADC_Value_Min, r14
  14 0006 D3 E2                   		mov.W	r2, [r14]
  99:C:/Workspace/FW_Inertia/branch_indesit/HAL/RN_RX200/IEC60335_B_libs/src/Temperature\temperature.c **** 	g_Temperature_ADC_Value_Max = Temperature_ADC_Value_Max;
  15                             		.loc 1 99 0
  16 0008 FB E2 00 00 00 00       		mov.L	#_g_Temperature_ADC_Value_Max, r14
  17 000e D3 E3                   		mov.W	r3, [r14]
 100:C:/Workspace/FW_Inertia/branch_indesit/HAL/RN_RX200/IEC60335_B_libs/src/Temperature\temperature.c **** 	
 101:C:/Workspace/FW_Inertia/branch_indesit/HAL/RN_RX200/IEC60335_B_libs/src/Temperature\temperature.c **** 	/*Store callback*/
 102:C:/Workspace/FW_Inertia/branch_indesit/HAL/RN_RX200/IEC60335_B_libs/src/Temperature\temperature.c **** 	g_Temp_ErrorCallBack = Error_callback;
  18                             		.loc 1 102 0
  19 0010 FB E2 00 00 00 00       		mov.L	#_g_Temp_ErrorCallBack, r14
  20 0016 E3 E4                   		mov.L	r4, [r14]
 103:C:/Workspace/FW_Inertia/branch_indesit/HAL/RN_RX200/IEC60335_B_libs/src/Temperature\temperature.c **** 	
 104:C:/Workspace/FW_Inertia/branch_indesit/HAL/RN_RX200/IEC60335_B_libs/src/Temperature\temperature.c **** 	/*Disable register protection (PRC1)*/
 105:C:/Workspace/FW_Inertia/branch_indesit/HAL/RN_RX200/IEC60335_B_libs/src/Temperature\temperature.c **** 	SYSTEM.PRCR.WORD = 0xA502;	
  21                             		.loc 1 105 0
  22 0018 FB EE 00 00 08          		mov.L	#0x80000, r14
  23 001d FA E9 FF 01 02 A5       		mov.W	#0xffffa502, 1022[r14]
 106:C:/Workspace/FW_Inertia/branch_indesit/HAL/RN_RX200/IEC60335_B_libs/src/Temperature\temperature.c **** 	/*Enable the Temperature Sensor Module*/
 107:C:/Workspace/FW_Inertia/branch_indesit/HAL/RN_RX200/IEC60335_B_libs/src/Temperature\temperature.c **** 	SYSTEM.MSTPCRB.BIT.MSTPB8 = 0;
  24                             		.loc 1 107 0
  25 0023 ED E4 05                		mov.L	20[r14], r4
  26                             	.LVL1:
  27 0026 7A 84                   		bclr	#8, r4
  28 0028 E7 E4 05                		mov.L	r4, 20[r14]
 108:C:/Workspace/FW_Inertia/branch_indesit/HAL/RN_RX200/IEC60335_B_libs/src/Temperature\temperature.c **** 	/*Enable the ADC12 Module*/
 109:C:/Workspace/FW_Inertia/branch_indesit/HAL/RN_RX200/IEC60335_B_libs/src/Temperature\temperature.c **** 	SYSTEM.MSTPCRA.BIT.MSTPA17 = 0;
  29                             		.loc 1 109 0
  30 002b ED E4 04                		mov.L	16[r14], r4
  31 002e 7B 14                   		bclr	#17, r4
  32 0030 E7 E4 04                		mov.L	r4, 16[r14]
 110:C:/Workspace/FW_Inertia/branch_indesit/HAL/RN_RX200/IEC60335_B_libs/src/Temperature\temperature.c **** 	/*Re-Enable register protection*/
 111:C:/Workspace/FW_Inertia/branch_indesit/HAL/RN_RX200/IEC60335_B_libs/src/Temperature\temperature.c **** 	SYSTEM.PRCR.WORD = 0xA500;
  33                             		.loc 1 111 0
  34 0033 FA E9 FF 01 00 A5       		mov.W	#0xffffa500, 1022[r14]
 112:C:/Workspace/FW_Inertia/branch_indesit/HAL/RN_RX200/IEC60335_B_libs/src/Temperature\temperature.c **** 	
 113:C:/Workspace/FW_Inertia/branch_indesit/HAL/RN_RX200/IEC60335_B_libs/src/Temperature\temperature.c **** 	/*Ensure PGA is disabled*/
 114:C:/Workspace/FW_Inertia/branch_indesit/HAL/RN_RX200/IEC60335_B_libs/src/Temperature\temperature.c **** 	TEMPS.TSCR.BIT.PGAEN = 0;
  35                             		.loc 1 114 0
  36 0039 FB EE 00 C5 08          		mov.L	#0x8c500, r14
  37 003e CC E4                   		mov.B	[r14], r4
  38 0040 7A 64                   		bclr	#6, r4
  39 0042 C3 E4                   		mov.B	r4, [r14]
 115:C:/Workspace/FW_Inertia/branch_indesit/HAL/RN_RX200/IEC60335_B_libs/src/Temperature\temperature.c **** 	
 116:C:/Workspace/FW_Inertia/branch_indesit/HAL/RN_RX200/IEC60335_B_libs/src/Temperature\temperature.c **** 	/*Set Gain*/
 117:C:/Workspace/FW_Inertia/branch_indesit/HAL/RN_RX200/IEC60335_B_libs/src/Temperature\temperature.c **** 	TEMPS.TSCR.BIT.PGAGAIN = eGain;
  40                             		.loc 1 117 0
  41 0044 64 31                   		and #3, r1
  42                             	.LVL2:
  43 0046 CC E4                   		mov.B	[r14], r4
  44 0048 75 24 FC                		and #-4, r4
  45 004b 57 41                   		or	r4, r1
  46 004d C3 E1                   		mov.B	r1, [r14]
 118:C:/Workspace/FW_Inertia/branch_indesit/HAL/RN_RX200/IEC60335_B_libs/src/Temperature\temperature.c **** 	
 119:C:/Workspace/FW_Inertia/branch_indesit/HAL/RN_RX200/IEC60335_B_libs/src/Temperature\temperature.c **** 	/*Enable Sensor. NOTE A conversion will not start until PGAEN is set.*/
 120:C:/Workspace/FW_Inertia/branch_indesit/HAL/RN_RX200/IEC60335_B_libs/src/Temperature\temperature.c **** 	TEMPS.TSCR.BIT.TSEN = 1;
  47                             		.loc 1 120 0
  48 004f CC E4                   		mov.B	[r14], r4
  49 0051 78 74                   		bset	#7, r4
  50 0053 C3 E4                   		mov.B	r4, [r14]
  51 0055 02                      		rts
  52                             	.LFE0:
  54                             		.section	.text.Temperature_Start,"ax",@progbits
  55                             		.global	_Temperature_Start
  57                             	_Temperature_Start:
  58                             	.LFB1:
 121:C:/Workspace/FW_Inertia/branch_indesit/HAL/RN_RX200/IEC60335_B_libs/src/Temperature\temperature.c **** }
 122:C:/Workspace/FW_Inertia/branch_indesit/HAL/RN_RX200/IEC60335_B_libs/src/Temperature\temperature.c **** 
 123:C:/Workspace/FW_Inertia/branch_indesit/HAL/RN_RX200/IEC60335_B_libs/src/Temperature\temperature.c **** /***********************************************************************************
 124:C:/Workspace/FW_Inertia/branch_indesit/HAL/RN_RX200/IEC60335_B_libs/src/Temperature\temperature.c **** Function Name : Temperature_Start
 125:C:/Workspace/FW_Inertia/branch_indesit/HAL/RN_RX200/IEC60335_B_libs/src/Temperature\temperature.c **** 
 126:C:/Workspace/FW_Inertia/branch_indesit/HAL/RN_RX200/IEC60335_B_libs/src/Temperature\temperature.c **** Description   :	Configure ADC12 to read the Temperature sensor and
 127:C:/Workspace/FW_Inertia/branch_indesit/HAL/RN_RX200/IEC60335_B_libs/src/Temperature\temperature.c **** 				start a conversion.
 128:C:/Workspace/FW_Inertia/branch_indesit/HAL/RN_RX200/IEC60335_B_libs/src/Temperature\temperature.c **** 				
 129:C:/Workspace/FW_Inertia/branch_indesit/HAL/RN_RX200/IEC60335_B_libs/src/Temperature\temperature.c **** 				NOTE: The user must ensure the ADC12 has been stopped
 130:C:/Workspace/FW_Inertia/branch_indesit/HAL/RN_RX200/IEC60335_B_libs/src/Temperature\temperature.c **** 				before using this. The ADC can not perform conversion of analogue
 131:C:/Workspace/FW_Inertia/branch_indesit/HAL/RN_RX200/IEC60335_B_libs/src/Temperature\temperature.c **** 				pins and temperature sensor output at the same time.
 132:C:/Workspace/FW_Inertia/branch_indesit/HAL/RN_RX200/IEC60335_B_libs/src/Temperature\temperature.c **** 				
 133:C:/Workspace/FW_Inertia/branch_indesit/HAL/RN_RX200/IEC60335_B_libs/src/Temperature\temperature.c **** 				This function will destroy the settings in the following ADC
 134:C:/Workspace/FW_Inertia/branch_indesit/HAL/RN_RX200/IEC60335_B_libs/src/Temperature\temperature.c **** 				registers: ADEXICR,ADCSR and ADSTRGR.
 135:C:/Workspace/FW_Inertia/branch_indesit/HAL/RN_RX200/IEC60335_B_libs/src/Temperature\temperature.c **** 				It is the users responsibility when resuming normal
 136:C:/Workspace/FW_Inertia/branch_indesit/HAL/RN_RX200/IEC60335_B_libs/src/Temperature\temperature.c **** 				operation to ensure these are re-configured as required.
 137:C:/Workspace/FW_Inertia/branch_indesit/HAL/RN_RX200/IEC60335_B_libs/src/Temperature\temperature.c **** 				
 138:C:/Workspace/FW_Inertia/branch_indesit/HAL/RN_RX200/IEC60335_B_libs/src/Temperature\temperature.c **** 				NOTE: To avoid this function altering the ADC interrupts
 139:C:/Workspace/FW_Inertia/branch_indesit/HAL/RN_RX200/IEC60335_B_libs/src/Temperature\temperature.c **** 				it is left for the user to ascertain when the temperature
 140:C:/Workspace/FW_Inertia/branch_indesit/HAL/RN_RX200/IEC60335_B_libs/src/Temperature\temperature.c **** 				sensor conversion has completed so that normal ADC
 141:C:/Workspace/FW_Inertia/branch_indesit/HAL/RN_RX200/IEC60335_B_libs/src/Temperature\temperature.c **** 				operation can be resumed.
 142:C:/Workspace/FW_Inertia/branch_indesit/HAL/RN_RX200/IEC60335_B_libs/src/Temperature\temperature.c **** 				(Function Temperature_Read_Wait can be used for this purpose.)
 143:C:/Workspace/FW_Inertia/branch_indesit/HAL/RN_RX200/IEC60335_B_libs/src/Temperature\temperature.c **** 				
 144:C:/Workspace/FW_Inertia/branch_indesit/HAL/RN_RX200/IEC60335_B_libs/src/Temperature\temperature.c **** 				After calling this function use Temperture_Read_Wait
 145:C:/Workspace/FW_Inertia/branch_indesit/HAL/RN_RX200/IEC60335_B_libs/src/Temperature\temperature.c **** 				to get the result or Temperature_CheckResult to
 146:C:/Workspace/FW_Inertia/branch_indesit/HAL/RN_RX200/IEC60335_B_libs/src/Temperature\temperature.c **** 				verify if the result is within the pre-defined limits.
 147:C:/Workspace/FW_Inertia/branch_indesit/HAL/RN_RX200/IEC60335_B_libs/src/Temperature\temperature.c **** 				
 148:C:/Workspace/FW_Inertia/branch_indesit/HAL/RN_RX200/IEC60335_B_libs/src/Temperature\temperature.c **** Parameters    :
 149:C:/Workspace/FW_Inertia/branch_indesit/HAL/RN_RX200/IEC60335_B_libs/src/Temperature\temperature.c **** Return value  : 
 150:C:/Workspace/FW_Inertia/branch_indesit/HAL/RN_RX200/IEC60335_B_libs/src/Temperature\temperature.c **** ***********************************************************************************/
 151:C:/Workspace/FW_Inertia/branch_indesit/HAL/RN_RX200/IEC60335_B_libs/src/Temperature\temperature.c **** void Temperature_Start(void)
 152:C:/Workspace/FW_Inertia/branch_indesit/HAL/RN_RX200/IEC60335_B_libs/src/Temperature\temperature.c **** {
  59                             		.loc 1 152 0
 153:C:/Workspace/FW_Inertia/branch_indesit/HAL/RN_RX200/IEC60335_B_libs/src/Temperature\temperature.c **** 	/*Output of temperature sensor is target for AD Conversion*/
 154:C:/Workspace/FW_Inertia/branch_indesit/HAL/RN_RX200/IEC60335_B_libs/src/Temperature\temperature.c **** 	S12AD.ADEXICR.BIT.TSS = 1;
  60                             		.loc 1 154 0
  61 0000 FB EE 00 90 08          		mov.L	#0x89000, r14
  62 0005 DD E4 09                		mov.W	18[r14], r4
  63 0008 78 84                   		bset	#8, r4
  64 000a D7 E4 09                		mov.W	r4, 18[r14]
 155:C:/Workspace/FW_Inertia/branch_indesit/HAL/RN_RX200/IEC60335_B_libs/src/Temperature\temperature.c **** 	/*Single scan mode*/
 156:C:/Workspace/FW_Inertia/branch_indesit/HAL/RN_RX200/IEC60335_B_libs/src/Temperature\temperature.c **** 	S12AD.ADCSR.BIT.ADCS = 0;
  65                             		.loc 1 156 0
  66 000d DC E4                   		mov.W	[r14], r4
  67 000f 76 24 FF 9F             		and #0xffff9fff, r4
  68 0013 D3 E4                   		mov.W	r4, [r14]
 157:C:/Workspace/FW_Inertia/branch_indesit/HAL/RN_RX200/IEC60335_B_libs/src/Temperature\temperature.c **** 	/*Set ADC trigger as Temperature Sensor*/
 158:C:/Workspace/FW_Inertia/branch_indesit/HAL/RN_RX200/IEC60335_B_libs/src/Temperature\temperature.c **** 	S12AD.ADSTRGR.BIT.TRSA = 0xA;
  69                             		.loc 1 158 0
  70 0015 DD E4 08                		mov.W	16[r14], r4
  71 0018 76 24 FF F0             		and #0xfffff0ff, r4
  72 001c 76 34 00 0A             		or	#0xa00, r4
  73 0020 D7 E4 08                		mov.W	r4, 16[r14]
 159:C:/Workspace/FW_Inertia/branch_indesit/HAL/RN_RX200/IEC60335_B_libs/src/Temperature\temperature.c **** 	S12AD.ADCSR.BIT.TRGE = 1;
  74                             		.loc 1 159 0
  75 0023 DC E4                   		mov.W	[r14], r4
  76 0025 78 94                   		bset	#9, r4
  77 0027 D3 E4                   		mov.W	r4, [r14]
 160:C:/Workspace/FW_Inertia/branch_indesit/HAL/RN_RX200/IEC60335_B_libs/src/Temperature\temperature.c **** 	S12AD.ADCSR.BIT.EXTRG = 0;
  78                             		.loc 1 160 0
  79 0029 DC E4                   		mov.W	[r14], r4
  80 002b 7A 84                   		bclr	#8, r4
  81 002d D3 E4                   		mov.W	r4, [r14]
 161:C:/Workspace/FW_Inertia/branch_indesit/HAL/RN_RX200/IEC60335_B_libs/src/Temperature\temperature.c **** 	
 162:C:/Workspace/FW_Inertia/branch_indesit/HAL/RN_RX200/IEC60335_B_libs/src/Temperature\temperature.c **** 	/*Start conversion*/
 163:C:/Workspace/FW_Inertia/branch_indesit/HAL/RN_RX200/IEC60335_B_libs/src/Temperature\temperature.c **** 	TEMPS.TSCR.BIT.PGAEN = 1;	
  82                             		.loc 1 163 0
  83 002f FB EE 00 C5 08          		mov.L	#0x8c500, r14
  84 0034 CC E4                   		mov.B	[r14], r4
  85 0036 78 64                   		bset	#6, r4
  86 0038 C3 E4                   		mov.B	r4, [r14]
  87 003a 02                      		rts
  88                             	.LFE1:
  90                             		.section	.text.Temperature_Is_Finished,"ax",@progbits
  91                             		.global	_Temperature_Is_Finished
  93                             	_Temperature_Is_Finished:
  94                             	.LFB2:
 164:C:/Workspace/FW_Inertia/branch_indesit/HAL/RN_RX200/IEC60335_B_libs/src/Temperature\temperature.c **** }
 165:C:/Workspace/FW_Inertia/branch_indesit/HAL/RN_RX200/IEC60335_B_libs/src/Temperature\temperature.c **** 
 166:C:/Workspace/FW_Inertia/branch_indesit/HAL/RN_RX200/IEC60335_B_libs/src/Temperature\temperature.c **** /***********************************************************************************
 167:C:/Workspace/FW_Inertia/branch_indesit/HAL/RN_RX200/IEC60335_B_libs/src/Temperature\temperature.c **** Function Name : Temperature_Is_Finished
 168:C:/Workspace/FW_Inertia/branch_indesit/HAL/RN_RX200/IEC60335_B_libs/src/Temperature\temperature.c **** 
 169:C:/Workspace/FW_Inertia/branch_indesit/HAL/RN_RX200/IEC60335_B_libs/src/Temperature\temperature.c **** Description   :	Determines if a temperature conversion
 170:C:/Workspace/FW_Inertia/branch_indesit/HAL/RN_RX200/IEC60335_B_libs/src/Temperature\temperature.c **** 				(started with Temperature_Start) has completed.
 171:C:/Workspace/FW_Inertia/branch_indesit/HAL/RN_RX200/IEC60335_B_libs/src/Temperature\temperature.c **** 				
 172:C:/Workspace/FW_Inertia/branch_indesit/HAL/RN_RX200/IEC60335_B_libs/src/Temperature\temperature.c **** Parameters    :
 173:C:/Workspace/FW_Inertia/branch_indesit/HAL/RN_RX200/IEC60335_B_libs/src/Temperature\temperature.c **** Return value  : TRUE = Finished. FALSE = Busy
 174:C:/Workspace/FW_Inertia/branch_indesit/HAL/RN_RX200/IEC60335_B_libs/src/Temperature\temperature.c **** ***********************************************************************************/
 175:C:/Workspace/FW_Inertia/branch_indesit/HAL/RN_RX200/IEC60335_B_libs/src/Temperature\temperature.c **** bool_t Temperature_Is_Finished(void)
 176:C:/Workspace/FW_Inertia/branch_indesit/HAL/RN_RX200/IEC60335_B_libs/src/Temperature\temperature.c **** {
  95                             		.loc 1 176 0
 177:C:/Workspace/FW_Inertia/branch_indesit/HAL/RN_RX200/IEC60335_B_libs/src/Temperature\temperature.c **** 	if(1 == TEMPS.TSCR.BIT.PGAEN)
  96                             		.loc 1 177 0
  97 0000 FB EE 00 C5 08          		mov.L	#0x8c500, r14
  98 0005 CC E1                   		mov.B	[r14], r1
  99 0007 6A 61                   		shar	#6, r1
 100 0009 FD 74 D1 01             		xor	#1, r1
 178:C:/Workspace/FW_Inertia/branch_indesit/HAL/RN_RX200/IEC60335_B_libs/src/Temperature\temperature.c **** 	{
 179:C:/Workspace/FW_Inertia/branch_indesit/HAL/RN_RX200/IEC60335_B_libs/src/Temperature\temperature.c **** 		/*Busy*/
 180:C:/Workspace/FW_Inertia/branch_indesit/HAL/RN_RX200/IEC60335_B_libs/src/Temperature\temperature.c **** 		return FALSE;
 181:C:/Workspace/FW_Inertia/branch_indesit/HAL/RN_RX200/IEC60335_B_libs/src/Temperature\temperature.c **** 	}
 182:C:/Workspace/FW_Inertia/branch_indesit/HAL/RN_RX200/IEC60335_B_libs/src/Temperature\temperature.c **** 	else
 183:C:/Workspace/FW_Inertia/branch_indesit/HAL/RN_RX200/IEC60335_B_libs/src/Temperature\temperature.c **** 	{
 184:C:/Workspace/FW_Inertia/branch_indesit/HAL/RN_RX200/IEC60335_B_libs/src/Temperature\temperature.c **** 		/*Finished*/
 185:C:/Workspace/FW_Inertia/branch_indesit/HAL/RN_RX200/IEC60335_B_libs/src/Temperature\temperature.c **** 		return TRUE;
 186:C:/Workspace/FW_Inertia/branch_indesit/HAL/RN_RX200/IEC60335_B_libs/src/Temperature\temperature.c **** 	}
 187:C:/Workspace/FW_Inertia/branch_indesit/HAL/RN_RX200/IEC60335_B_libs/src/Temperature\temperature.c **** }
 101                             		.loc 1 187 0
 102 000d 64 11                   		and #1, r1
 103 000f 02                      		rts
 104                             	.LFE2:
 106                             		.section	.text.Temperature_Wait_Finish,"ax",@progbits
 107                             		.global	_Temperature_Wait_Finish
 109                             	_Temperature_Wait_Finish:
 110                             	.LFB3:
 188:C:/Workspace/FW_Inertia/branch_indesit/HAL/RN_RX200/IEC60335_B_libs/src/Temperature\temperature.c **** 
 189:C:/Workspace/FW_Inertia/branch_indesit/HAL/RN_RX200/IEC60335_B_libs/src/Temperature\temperature.c **** /***********************************************************************************
 190:C:/Workspace/FW_Inertia/branch_indesit/HAL/RN_RX200/IEC60335_B_libs/src/Temperature\temperature.c **** Function Name : Temperature_Wait_Finish
 191:C:/Workspace/FW_Inertia/branch_indesit/HAL/RN_RX200/IEC60335_B_libs/src/Temperature\temperature.c **** 
 192:C:/Workspace/FW_Inertia/branch_indesit/HAL/RN_RX200/IEC60335_B_libs/src/Temperature\temperature.c **** Description   :	Function blocks until a temperature conversion
 193:C:/Workspace/FW_Inertia/branch_indesit/HAL/RN_RX200/IEC60335_B_libs/src/Temperature\temperature.c **** 				(started with Temperature_Start) has completed.
 194:C:/Workspace/FW_Inertia/branch_indesit/HAL/RN_RX200/IEC60335_B_libs/src/Temperature\temperature.c **** 				
 195:C:/Workspace/FW_Inertia/branch_indesit/HAL/RN_RX200/IEC60335_B_libs/src/Temperature\temperature.c **** Parameters    :
 196:C:/Workspace/FW_Inertia/branch_indesit/HAL/RN_RX200/IEC60335_B_libs/src/Temperature\temperature.c **** Return value  : 
 197:C:/Workspace/FW_Inertia/branch_indesit/HAL/RN_RX200/IEC60335_B_libs/src/Temperature\temperature.c **** ***********************************************************************************/
 198:C:/Workspace/FW_Inertia/branch_indesit/HAL/RN_RX200/IEC60335_B_libs/src/Temperature\temperature.c **** void Temperature_Wait_Finish(void)
 199:C:/Workspace/FW_Inertia/branch_indesit/HAL/RN_RX200/IEC60335_B_libs/src/Temperature\temperature.c **** {
 111                             		.loc 1 199 0
 112                             		.balign 2,3,3
 113                             	.L5:
 200:C:/Workspace/FW_Inertia/branch_indesit/HAL/RN_RX200/IEC60335_B_libs/src/Temperature\temperature.c **** 	/*If the temperature sensor conversion is still in operation
 201:C:/Workspace/FW_Inertia/branch_indesit/HAL/RN_RX200/IEC60335_B_libs/src/Temperature\temperature.c **** 	then wait for it to finish. */
 202:C:/Workspace/FW_Inertia/branch_indesit/HAL/RN_RX200/IEC60335_B_libs/src/Temperature\temperature.c **** 	while(FALSE == Temperature_Is_Finished()){;}
 114                             		.loc 1 202 0 discriminator 1
 115 0000 05 00 00 00             		bsr	_Temperature_Is_Finished
 116                             	.LVL3:
 117 0004 61 01                   		cmp	#0, r1
 118 0006 20 FA                   		beq	.L5
 203:C:/Workspace/FW_Inertia/branch_indesit/HAL/RN_RX200/IEC60335_B_libs/src/Temperature\temperature.c **** }
 119                             		.loc 1 203 0
 120 0008 02                      		rts
 121                             	.LFE3:
 123 0009 03                      		.section	.text.Temperature_Read_Wait,"ax",@progbits
 124                             		.global	_Temperature_Read_Wait
 126                             	_Temperature_Read_Wait:
 127                             	.LFB4:
 204:C:/Workspace/FW_Inertia/branch_indesit/HAL/RN_RX200/IEC60335_B_libs/src/Temperature\temperature.c **** 
 205:C:/Workspace/FW_Inertia/branch_indesit/HAL/RN_RX200/IEC60335_B_libs/src/Temperature\temperature.c **** /***********************************************************************************
 206:C:/Workspace/FW_Inertia/branch_indesit/HAL/RN_RX200/IEC60335_B_libs/src/Temperature\temperature.c **** Function Name : Temperature_Read_Wait
 207:C:/Workspace/FW_Inertia/branch_indesit/HAL/RN_RX200/IEC60335_B_libs/src/Temperature\temperature.c **** 
 208:C:/Workspace/FW_Inertia/branch_indesit/HAL/RN_RX200/IEC60335_B_libs/src/Temperature\temperature.c **** Description   :	Call this following a call to Temperature_Start.
 209:C:/Workspace/FW_Inertia/branch_indesit/HAL/RN_RX200/IEC60335_B_libs/src/Temperature\temperature.c **** 				Read the result of an ADC conversion, waiting for it to
 210:C:/Workspace/FW_Inertia/branch_indesit/HAL/RN_RX200/IEC60335_B_libs/src/Temperature\temperature.c **** 				finish if required.
 211:C:/Workspace/FW_Inertia/branch_indesit/HAL/RN_RX200/IEC60335_B_libs/src/Temperature\temperature.c **** 				
 212:C:/Workspace/FW_Inertia/branch_indesit/HAL/RN_RX200/IEC60335_B_libs/src/Temperature\temperature.c **** Parameters    :
 213:C:/Workspace/FW_Inertia/branch_indesit/HAL/RN_RX200/IEC60335_B_libs/src/Temperature\temperature.c **** Return value  : The read 12-bit ADC value.
 214:C:/Workspace/FW_Inertia/branch_indesit/HAL/RN_RX200/IEC60335_B_libs/src/Temperature\temperature.c **** ***********************************************************************************/
 215:C:/Workspace/FW_Inertia/branch_indesit/HAL/RN_RX200/IEC60335_B_libs/src/Temperature\temperature.c **** uint16_t Temperature_Read_Wait(void)
 216:C:/Workspace/FW_Inertia/branch_indesit/HAL/RN_RX200/IEC60335_B_libs/src/Temperature\temperature.c **** {
 128                             		.loc 1 216 0
 217:C:/Workspace/FW_Inertia/branch_indesit/HAL/RN_RX200/IEC60335_B_libs/src/Temperature\temperature.c **** 	uint16_t Value;
 218:C:/Workspace/FW_Inertia/branch_indesit/HAL/RN_RX200/IEC60335_B_libs/src/Temperature\temperature.c **** 	
 219:C:/Workspace/FW_Inertia/branch_indesit/HAL/RN_RX200/IEC60335_B_libs/src/Temperature\temperature.c **** 	Temperature_Wait_Finish();
 129                             		.loc 1 219 0
 130 0000 05 00 00 00             		bsr	_Temperature_Wait_Finish
 131                             	.LVL4:
 220:C:/Workspace/FW_Inertia/branch_indesit/HAL/RN_RX200/IEC60335_B_libs/src/Temperature\temperature.c **** 	
 221:C:/Workspace/FW_Inertia/branch_indesit/HAL/RN_RX200/IEC60335_B_libs/src/Temperature\temperature.c **** 	Value = S12AD.ADTSDR;
 132                             		.loc 1 221 0
 133 0004 FB EE 00 90 08          		mov.L	#0x89000, r14
 134 0009 DD E1 0D                		mov.W	26[r14], r1
 135                             	.LVL5:
 222:C:/Workspace/FW_Inertia/branch_indesit/HAL/RN_RX200/IEC60335_B_libs/src/Temperature\temperature.c **** 	
 223:C:/Workspace/FW_Inertia/branch_indesit/HAL/RN_RX200/IEC60335_B_libs/src/Temperature\temperature.c **** 	/*The Temperature Sensor Data Register can be right or left aligned*/
 224:C:/Workspace/FW_Inertia/branch_indesit/HAL/RN_RX200/IEC60335_B_libs/src/Temperature\temperature.c **** 	if(1 == S12AD.ADCER.BIT.ADRFMT)
 136                             		.loc 1 224 0
 137 000c DD EE 07                		mov.W	14[r14], r14
 138 000f 77 2E 00 80 00          		and #0x8000, r14
 139 0014 5F EE                   		movu.W	r14, r14
 140 0016 61 0E                   		cmp	#0, r14
 141 0018 16                      		beq	.L11
 225:C:/Workspace/FW_Inertia/branch_indesit/HAL/RN_RX200/IEC60335_B_libs/src/Temperature\temperature.c **** 	{
 226:C:/Workspace/FW_Inertia/branch_indesit/HAL/RN_RX200/IEC60335_B_libs/src/Temperature\temperature.c **** 		/*Left aligned*/
 227:C:/Workspace/FW_Inertia/branch_indesit/HAL/RN_RX200/IEC60335_B_libs/src/Temperature\temperature.c **** 		Value >>= 4;	
 142                             		.loc 1 227 0
 143 0019 5F 11                   		movu.W	r1, r1
 144 001b 68 41                   		shlr	#4, r1
 145                             	.LVL6:
 146 001d 03                      		.balign 2,3,1
 147                             	.L11:
 228:C:/Workspace/FW_Inertia/branch_indesit/HAL/RN_RX200/IEC60335_B_libs/src/Temperature\temperature.c **** 	}
 229:C:/Workspace/FW_Inertia/branch_indesit/HAL/RN_RX200/IEC60335_B_libs/src/Temperature\temperature.c **** 	
 230:C:/Workspace/FW_Inertia/branch_indesit/HAL/RN_RX200/IEC60335_B_libs/src/Temperature\temperature.c **** 	return Value;	
 231:C:/Workspace/FW_Inertia/branch_indesit/HAL/RN_RX200/IEC60335_B_libs/src/Temperature\temperature.c **** }
 148                             		.loc 1 231 0
 149 001e 5F 11                   		movu.W	r1, r1
 150 0020 02                      		rts
 151                             	.LFE4:
 153 0021 03                      		.section	.text.Temperature_CheckResult,"ax",@progbits
 154                             		.global	_Temperature_CheckResult
 156                             	_Temperature_CheckResult:
 157                             	.LFB5:
 232:C:/Workspace/FW_Inertia/branch_indesit/HAL/RN_RX200/IEC60335_B_libs/src/Temperature\temperature.c **** 
 233:C:/Workspace/FW_Inertia/branch_indesit/HAL/RN_RX200/IEC60335_B_libs/src/Temperature\temperature.c **** /***********************************************************************************
 234:C:/Workspace/FW_Inertia/branch_indesit/HAL/RN_RX200/IEC60335_B_libs/src/Temperature\temperature.c **** Function Name : Temperature_CheckResult
 235:C:/Workspace/FW_Inertia/branch_indesit/HAL/RN_RX200/IEC60335_B_libs/src/Temperature\temperature.c **** 
 236:C:/Workspace/FW_Inertia/branch_indesit/HAL/RN_RX200/IEC60335_B_libs/src/Temperature\temperature.c **** Description   :	Call this following a call to Temperature_Start.
 237:C:/Workspace/FW_Inertia/branch_indesit/HAL/RN_RX200/IEC60335_B_libs/src/Temperature\temperature.c **** 				Read the result of an ADC conversion (waiting for it to
 238:C:/Workspace/FW_Inertia/branch_indesit/HAL/RN_RX200/IEC60335_B_libs/src/Temperature\temperature.c **** 				 finish if required).
 239:C:/Workspace/FW_Inertia/branch_indesit/HAL/RN_RX200/IEC60335_B_libs/src/Temperature\temperature.c **** 				Check if the result is within the limits supplied to the
 240:C:/Workspace/FW_Inertia/branch_indesit/HAL/RN_RX200/IEC60335_B_libs/src/Temperature\temperature.c **** 				Temperature_Init function.
 241:C:/Workspace/FW_Inertia/branch_indesit/HAL/RN_RX200/IEC60335_B_libs/src/Temperature\temperature.c **** 				
 242:C:/Workspace/FW_Inertia/branch_indesit/HAL/RN_RX200/IEC60335_B_libs/src/Temperature\temperature.c **** Parameters    : bCallErrorHandler: Set true to get the callback registered in
 243:C:/Workspace/FW_Inertia/branch_indesit/HAL/RN_RX200/IEC60335_B_libs/src/Temperature\temperature.c **** 				Temperature_Init called if the temperature falls outside the
 244:C:/Workspace/FW_Inertia/branch_indesit/HAL/RN_RX200/IEC60335_B_libs/src/Temperature\temperature.c **** 				specified limits.
 245:C:/Workspace/FW_Inertia/branch_indesit/HAL/RN_RX200/IEC60335_B_libs/src/Temperature\temperature.c **** 				
 246:C:/Workspace/FW_Inertia/branch_indesit/HAL/RN_RX200/IEC60335_B_libs/src/Temperature\temperature.c **** Return value  : TRUE: Result falls within specified limits.
 247:C:/Workspace/FW_Inertia/branch_indesit/HAL/RN_RX200/IEC60335_B_libs/src/Temperature\temperature.c **** 				FALSE: Result falls outside specified limits.
 248:C:/Workspace/FW_Inertia/branch_indesit/HAL/RN_RX200/IEC60335_B_libs/src/Temperature\temperature.c **** ***********************************************************************************/
 249:C:/Workspace/FW_Inertia/branch_indesit/HAL/RN_RX200/IEC60335_B_libs/src/Temperature\temperature.c **** bool_t Temperature_CheckResult(bool_t bCallErrorHandler)
 250:C:/Workspace/FW_Inertia/branch_indesit/HAL/RN_RX200/IEC60335_B_libs/src/Temperature\temperature.c **** {
 158                             		.loc 1 250 0
 159                             	.LVL7:
 160 0000 7E A7                   		push.l	r7
 161                             	.LCFI0:
 162 0002 EF 17                   		mov.L	r1, r7
 163                             	.LVL8:
 251:C:/Workspace/FW_Inertia/branch_indesit/HAL/RN_RX200/IEC60335_B_libs/src/Temperature\temperature.c **** 	bool_t bResult = TRUE;
 252:C:/Workspace/FW_Inertia/branch_indesit/HAL/RN_RX200/IEC60335_B_libs/src/Temperature\temperature.c **** 	uint16_t Value;
 253:C:/Workspace/FW_Inertia/branch_indesit/HAL/RN_RX200/IEC60335_B_libs/src/Temperature\temperature.c **** 	
 254:C:/Workspace/FW_Inertia/branch_indesit/HAL/RN_RX200/IEC60335_B_libs/src/Temperature\temperature.c **** 	Value = Temperature_Read_Wait();
 164                             		.loc 1 254 0
 165 0004 05 00 00 00             		bsr	_Temperature_Read_Wait
 166                             	.LVL9:
 255:C:/Workspace/FW_Inertia/branch_indesit/HAL/RN_RX200/IEC60335_B_libs/src/Temperature\temperature.c **** 	
 256:C:/Workspace/FW_Inertia/branch_indesit/HAL/RN_RX200/IEC60335_B_libs/src/Temperature\temperature.c **** 	if((Value < g_Temperature_ADC_Value_Min) ||
 167                             		.loc 1 256 0
 168 0008 5F 11                   		movu.W	r1, r1
 169 000a FB 42 00 00 00 00       		mov.L	#_g_Temperature_ADC_Value_Min, r4
 170 0010 06 C4 41                		cmp	[r4].UW, r1
 171 0013 23 0D                   		bltu	.L16
 172                             		.loc 1 256 0 is_stmt 0 discriminator 1
 173 0015 FB 42 00 00 00 00       		mov.L	#_g_Temperature_ADC_Value_Max, r4
 174 001b 06 C4 41                		cmp	[r4].UW, r1
 175 001e 25 11                   		bleu	.L18
 176                             		.balign 2,3,1
 177                             	.L16:
 178                             	.LVL10:
 257:C:/Workspace/FW_Inertia/branch_indesit/HAL/RN_RX200/IEC60335_B_libs/src/Temperature\temperature.c **** 		 (Value > g_Temperature_ADC_Value_Max))
 258:C:/Workspace/FW_Inertia/branch_indesit/HAL/RN_RX200/IEC60335_B_libs/src/Temperature\temperature.c **** 	{
 259:C:/Workspace/FW_Inertia/branch_indesit/HAL/RN_RX200/IEC60335_B_libs/src/Temperature\temperature.c **** 		bResult = FALSE;
 260:C:/Workspace/FW_Inertia/branch_indesit/HAL/RN_RX200/IEC60335_B_libs/src/Temperature\temperature.c **** 		
 261:C:/Workspace/FW_Inertia/branch_indesit/HAL/RN_RX200/IEC60335_B_libs/src/Temperature\temperature.c **** 		/*Temperature is out of range.*/
 262:C:/Workspace/FW_Inertia/branch_indesit/HAL/RN_RX200/IEC60335_B_libs/src/Temperature\temperature.c **** 		if(TRUE == bCallErrorHandler)
 179                             		.loc 1 262 0 is_stmt 1
 180 0020 61 17                   		cmp	#1, r7
 181 0022 21 10                   		bne	.L19
 263:C:/Workspace/FW_Inertia/branch_indesit/HAL/RN_RX200/IEC60335_B_libs/src/Temperature\temperature.c **** 		{
 264:C:/Workspace/FW_Inertia/branch_indesit/HAL/RN_RX200/IEC60335_B_libs/src/Temperature\temperature.c **** 			g_Temp_ErrorCallBack();
 182                             		.loc 1 264 0
 183 0024 FB 72 00 00 00 00       		mov.L	#_g_Temp_ErrorCallBack, r7
 184                             	.LVL11:
 185 002a EC 77                   		mov.L	[r7], r7
 186 002c 7F 17                   		jsr	r7
 187                             	.LVL12:
 188 002e 0C                      		bra	.L19
 189                             	.LVL13:
 190                             	.L18:
 251:C:/Workspace/FW_Inertia/branch_indesit/HAL/RN_RX200/IEC60335_B_libs/src/Temperature\temperature.c **** 	bool_t bResult = TRUE;
 191                             		.loc 1 251 0
 192 002f 66 11                   		mov.L	#1, r1
 193                             	.LVL14:
 194 0031 0B                      		bra	.L17
 195                             	.LVL15:
 196                             	.L19:
 259:C:/Workspace/FW_Inertia/branch_indesit/HAL/RN_RX200/IEC60335_B_libs/src/Temperature\temperature.c **** 		bResult = FALSE;
 197                             		.loc 1 259 0
 198 0032 66 01                   		mov.L	#0, r1
 199                             	.LVL16:
 200                             		.balign 2,3,2
 201                             	.L17:
 265:C:/Workspace/FW_Inertia/branch_indesit/HAL/RN_RX200/IEC60335_B_libs/src/Temperature\temperature.c **** 		}
 266:C:/Workspace/FW_Inertia/branch_indesit/HAL/RN_RX200/IEC60335_B_libs/src/Temperature\temperature.c **** 	}
 267:C:/Workspace/FW_Inertia/branch_indesit/HAL/RN_RX200/IEC60335_B_libs/src/Temperature\temperature.c **** 	
 268:C:/Workspace/FW_Inertia/branch_indesit/HAL/RN_RX200/IEC60335_B_libs/src/Temperature\temperature.c **** 	return bResult;
 269:C:/Workspace/FW_Inertia/branch_indesit/HAL/RN_RX200/IEC60335_B_libs/src/Temperature\temperature.c **** }
 202                             		.loc 1 269 0
 203 0034 3F 77 01                		rtsd	#4, r7-r7
 204                             	.LFE5:
 206 0037 03                      		.section	.bss.g_Temperature_ADC_Value_Min,"aw",@nobits
 207                             		.balign 2
 210                             	_g_Temperature_ADC_Value_Min:
 211 0000 00 00                   		.zero	2
 212                             		.section	.bss.g_Temperature_ADC_Value_Max,"aw",@nobits
 213                             		.balign 2
 216                             	_g_Temperature_ADC_Value_Max:
 217 0000 00 00                   		.zero	2
 218                             		.section	.bss.g_Temp_ErrorCallBack,"aw",@nobits
 219                             		.balign 4
 222                             	_g_Temp_ErrorCallBack:
 223 0000 00 00 00 00             		.zero	4
 296                             	.Letext0:
 297                             		.file 2 "C:\\Workspace\\FW_Inertia\\branch_indesit\\HAL\\RN_RX200/RN_RX200_reg.h"
 298                             		.file 3 "C:\\Workspace\\FW_Inertia\\branch_indesit\\HAL\\RN_RX200\\IEC60335_B_libs\\src\\Common/mi
 299                             		.file 4 "C:/Workspace/FW_Inertia/branch_indesit/HAL/RN_RX200/IEC60335_B_libs/src/Temperature/Tempe
DEFINED SYMBOLS
                            *ABS*:00000000 temperature.c
C:\Users\Andrea\AppData\Local\Temp\ccIHZntP.s:7      .text.Temperature_Init:00000000 _Temperature_Init
C:\Users\Andrea\AppData\Local\Temp\ccIHZntP.s:13     .text.Temperature_Init:00000000 L0
C:\Users\Andrea\AppData\Local\Temp\ccIHZntP.s:210    .bss.g_Temperature_ADC_Value_Min:00000000 _g_Temperature_ADC_Value_Min
C:\Users\Andrea\AppData\Local\Temp\ccIHZntP.s:216    .bss.g_Temperature_ADC_Value_Max:00000000 _g_Temperature_ADC_Value_Max
C:\Users\Andrea\AppData\Local\Temp\ccIHZntP.s:222    .bss.g_Temp_ErrorCallBack:00000000 _g_Temp_ErrorCallBack
C:\Users\Andrea\AppData\Local\Temp\ccIHZntP.s:57     .text.Temperature_Start:00000000 _Temperature_Start
C:\Users\Andrea\AppData\Local\Temp\ccIHZntP.s:61     .text.Temperature_Start:00000000 L0
C:\Users\Andrea\AppData\Local\Temp\ccIHZntP.s:93     .text.Temperature_Is_Finished:00000000 _Temperature_Is_Finished
C:\Users\Andrea\AppData\Local\Temp\ccIHZntP.s:97     .text.Temperature_Is_Finished:00000000 L0
C:\Users\Andrea\AppData\Local\Temp\ccIHZntP.s:109    .text.Temperature_Wait_Finish:00000000 _Temperature_Wait_Finish
C:\Users\Andrea\AppData\Local\Temp\ccIHZntP.s:115    .text.Temperature_Wait_Finish:00000000 L0
C:\Users\Andrea\AppData\Local\Temp\ccIHZntP.s:126    .text.Temperature_Read_Wait:00000000 _Temperature_Read_Wait
C:\Users\Andrea\AppData\Local\Temp\ccIHZntP.s:130    .text.Temperature_Read_Wait:00000000 L0
C:\Users\Andrea\AppData\Local\Temp\ccIHZntP.s:156    .text.Temperature_CheckResult:00000000 _Temperature_CheckResult
C:\Users\Andrea\AppData\Local\Temp\ccIHZntP.s:160    .text.Temperature_CheckResult:00000000 L0
C:\Users\Andrea\AppData\Local\Temp\ccIHZntP.s:225    .debug_frame:00000000 .Lframe0
C:\Users\Andrea\AppData\Local\Temp\ccIHZntP.s:8      .text.Temperature_Init:00000000 .LFB0
C:\Users\Andrea\AppData\Local\Temp\ccIHZntP.s:58     .text.Temperature_Start:00000000 .LFB1
C:\Users\Andrea\AppData\Local\Temp\ccIHZntP.s:94     .text.Temperature_Is_Finished:00000000 .LFB2
C:\Users\Andrea\AppData\Local\Temp\ccIHZntP.s:110    .text.Temperature_Wait_Finish:00000000 .LFB3
C:\Users\Andrea\AppData\Local\Temp\ccIHZntP.s:127    .text.Temperature_Read_Wait:00000000 .LFB4
C:\Users\Andrea\AppData\Local\Temp\ccIHZntP.s:157    .text.Temperature_CheckResult:00000000 .LFB5
C:\Users\Andrea\AppData\Local\Temp\ccIHZntP.s:5727   .debug_abbrev:00000000 .Ldebug_abbrev0
C:\Users\Andrea\AppData\Local\Temp\ccIHZntP.s:7060   .debug_str:00000b6f .LASF375
C:\Users\Andrea\AppData\Local\Temp\ccIHZntP.s:7024   .debug_str:00000a6f .LASF376
C:\Users\Andrea\AppData\Local\Temp\ccIHZntP.s:6340   .debug_ranges:00000000 .Ldebug_ranges0
C:\Users\Andrea\AppData\Local\Temp\ccIHZntP.s:6356   .debug_line:00000000 .Ldebug_line0
C:\Users\Andrea\AppData\Local\Temp\ccIHZntP.s:6950   .debug_str:00000941 .LASF0
C:\Users\Andrea\AppData\Local\Temp\ccIHZntP.s:7000   .debug_str:00000a0e .LASF1
C:\Users\Andrea\AppData\Local\Temp\ccIHZntP.s:7058   .debug_str:00000b5c .LASF2
C:\Users\Andrea\AppData\Local\Temp\ccIHZntP.s:6968   .debug_str:000009a3 .LASF3
C:\Users\Andrea\AppData\Local\Temp\ccIHZntP.s:6966   .debug_str:0000099a .LASF4
C:\Users\Andrea\AppData\Local\Temp\ccIHZntP.s:6868   .debug_str:0000080b .LASF5
C:\Users\Andrea\AppData\Local\Temp\ccIHZntP.s:6772   .debug_str:00000679 .LASF6
C:\Users\Andrea\AppData\Local\Temp\ccIHZntP.s:6712   .debug_str:000005bd .LASF7
C:\Users\Andrea\AppData\Local\Temp\ccIHZntP.s:7046   .debug_str:00000b13 .LASF8
C:\Users\Andrea\AppData\Local\Temp\ccIHZntP.s:6558   .debug_str:00000354 .LASF9
C:\Users\Andrea\AppData\Local\Temp\ccIHZntP.s:6664   .debug_str:000004fd .LASF10
C:\Users\Andrea\AppData\Local\Temp\ccIHZntP.s:6362   .debug_str:0000000e .LASF11
C:\Users\Andrea\AppData\Local\Temp\ccIHZntP.s:7006   .debug_str:00000a29 .LASF12
C:\Users\Andrea\AppData\Local\Temp\ccIHZntP.s:6720   .debug_str:000005d9 .LASF13
C:\Users\Andrea\AppData\Local\Temp\ccIHZntP.s:6456   .debug_str:0000017d .LASF14
C:\Users\Andrea\AppData\Local\Temp\ccIHZntP.s:6848   .debug_str:000007bd .LASF15
C:\Users\Andrea\AppData\Local\Temp\ccIHZntP.s:6930   .debug_str:000008fc .LASF16
C:\Users\Andrea\AppData\Local\Temp\ccIHZntP.s:6926   .debug_str:000008ef .LASF17
C:\Users\Andrea\AppData\Local\Temp\ccIHZntP.s:6922   .debug_str:000008e0 .LASF18
C:\Users\Andrea\AppData\Local\Temp\ccIHZntP.s:6918   .debug_str:000008d3 .LASF19
C:\Users\Andrea\AppData\Local\Temp\ccIHZntP.s:6838   .debug_str:00000796 .LASF20
C:\Users\Andrea\AppData\Local\Temp\ccIHZntP.s:6756   .debug_str:00000644 .LASF21
C:\Users\Andrea\AppData\Local\Temp\ccIHZntP.s:6754   .debug_str:0000063e .LASF22
C:\Users\Andrea\AppData\Local\Temp\ccIHZntP.s:6752   .debug_str:00000638 .LASF23
C:\Users\Andrea\AppData\Local\Temp\ccIHZntP.s:6826   .debug_str:0000074c .LASF24
C:\Users\Andrea\AppData\Local\Temp\ccIHZntP.s:6748   .debug_str:00000629 .LASF25
C:\Users\Andrea\AppData\Local\Temp\ccIHZntP.s:6818   .debug_str:0000072e .LASF26
C:\Users\Andrea\AppData\Local\Temp\ccIHZntP.s:6782   .debug_str:00000695 .LASF27
C:\Users\Andrea\AppData\Local\Temp\ccIHZntP.s:6780   .debug_str:0000068f .LASF28
C:\Users\Andrea\AppData\Local\Temp\ccIHZntP.s:6776   .debug_str:00000684 .LASF29
C:\Users\Andrea\AppData\Local\Temp\ccIHZntP.s:6774   .debug_str:0000067e .LASF30
C:\Users\Andrea\AppData\Local\Temp\ccIHZntP.s:6476   .debug_str:000001ba .LASF31
C:\Users\Andrea\AppData\Local\Temp\ccIHZntP.s:6928   .debug_str:000008f6 .LASF32
C:\Users\Andrea\AppData\Local\Temp\ccIHZntP.s:6468   .debug_str:000001a3 .LASF33
C:\Users\Andrea\AppData\Local\Temp\ccIHZntP.s:6464   .debug_str:00000196 .LASF34
C:\Users\Andrea\AppData\Local\Temp\ccIHZntP.s:6462   .debug_str:00000190 .LASF35
C:\Users\Andrea\AppData\Local\Temp\ccIHZntP.s:6920   .debug_str:000008da .LASF36
C:\Users\Andrea\AppData\Local\Temp\ccIHZntP.s:6576   .debug_str:0000038c .LASF37
C:\Users\Andrea\AppData\Local\Temp\ccIHZntP.s:6744   .debug_str:0000061e .LASF38
C:\Users\Andrea\AppData\Local\Temp\ccIHZntP.s:6742   .debug_str:00000619 .LASF39
C:\Users\Andrea\AppData\Local\Temp\ccIHZntP.s:6740   .debug_str:00000614 .LASF40
C:\Users\Andrea\AppData\Local\Temp\ccIHZntP.s:6738   .debug_str:0000060f .LASF41
C:\Users\Andrea\AppData\Local\Temp\ccIHZntP.s:6736   .debug_str:0000060a .LASF42
C:\Users\Andrea\AppData\Local\Temp\ccIHZntP.s:6734   .debug_str:00000605 .LASF43
C:\Users\Andrea\AppData\Local\Temp\ccIHZntP.s:6732   .debug_str:00000600 .LASF44
C:\Users\Andrea\AppData\Local\Temp\ccIHZntP.s:6730   .debug_str:000005fb .LASF45
C:\Users\Andrea\AppData\Local\Temp\ccIHZntP.s:6418   .debug_str:000000de .LASF46
C:\Users\Andrea\AppData\Local\Temp\ccIHZntP.s:6718   .debug_str:000005d4 .LASF47
C:\Users\Andrea\AppData\Local\Temp\ccIHZntP.s:6588   .debug_str:000003b3 .LASF48
C:\Users\Andrea\AppData\Local\Temp\ccIHZntP.s:7108   .debug_str:00000c3e .LASF49
C:\Users\Andrea\AppData\Local\Temp\ccIHZntP.s:7096   .debug_str:00000c11 .LASF50
C:\Users\Andrea\AppData\Local\Temp\ccIHZntP.s:6610   .debug_str:00000409 .LASF51
C:\Users\Andrea\AppData\Local\Temp\ccIHZntP.s:6412   .debug_str:000000cc .LASF52
C:\Users\Andrea\AppData\Local\Temp\ccIHZntP.s:6414   .debug_str:000000d1 .LASF53
C:\Users\Andrea\AppData\Local\Temp\ccIHZntP.s:6578   .debug_str:00000391 .LASF54
C:\Users\Andrea\AppData\Local\Temp\ccIHZntP.s:6378   .debug_str:00000047 .LASF55
C:\Users\Andrea\AppData\Local\Temp\ccIHZntP.s:6376   .debug_str:00000040 .LASF56
C:\Users\Andrea\AppData\Local\Temp\ccIHZntP.s:6374   .debug_str:00000039 .LASF57
C:\Users\Andrea\AppData\Local\Temp\ccIHZntP.s:6716   .debug_str:000005cd .LASF58
C:\Users\Andrea\AppData\Local\Temp\ccIHZntP.s:6370   .debug_str:0000002b .LASF59
C:\Users\Andrea\AppData\Local\Temp\ccIHZntP.s:6368   .debug_str:00000024 .LASF60
C:\Users\Andrea\AppData\Local\Temp\ccIHZntP.s:7062   .debug_str:00000b95 .LASF61
C:\Users\Andrea\AppData\Local\Temp\ccIHZntP.s:6916   .debug_str:000008cd .LASF62
C:\Users\Andrea\AppData\Local\Temp\ccIHZntP.s:6812   .debug_str:00000712 .LASF63
C:\Users\Andrea\AppData\Local\Temp\ccIHZntP.s:6810   .debug_str:0000070c .LASF64
C:\Users\Andrea\AppData\Local\Temp\ccIHZntP.s:6808   .debug_str:00000706 .LASF65
C:\Users\Andrea\AppData\Local\Temp\ccIHZntP.s:6806   .debug_str:00000700 .LASF66
C:\Users\Andrea\AppData\Local\Temp\ccIHZntP.s:6804   .debug_str:000006fa .LASF67
C:\Users\Andrea\AppData\Local\Temp\ccIHZntP.s:6802   .debug_str:000006f4 .LASF68
C:\Users\Andrea\AppData\Local\Temp\ccIHZntP.s:6904   .debug_str:000008a0 .LASF69
C:\Users\Andrea\AppData\Local\Temp\ccIHZntP.s:6800   .debug_str:000006ee .LASF70
C:\Users\Andrea\AppData\Local\Temp\ccIHZntP.s:6666   .debug_str:00000503 .LASF71
C:\Users\Andrea\AppData\Local\Temp\ccIHZntP.s:6672   .debug_str:00000539 .LASF72
C:\Users\Andrea\AppData\Local\Temp\ccIHZntP.s:6674   .debug_str:0000053e .LASF73
C:\Users\Andrea\AppData\Local\Temp\ccIHZntP.s:6758   .debug_str:0000064a .LASF74
C:\Users\Andrea\AppData\Local\Temp\ccIHZntP.s:6940   .debug_str:0000091e .LASF75
C:\Users\Andrea\AppData\Local\Temp\ccIHZntP.s:6964   .debug_str:00000993 .LASF76
C:\Users\Andrea\AppData\Local\Temp\ccIHZntP.s:6454   .debug_str:00000174 .LASF272
C:\Users\Andrea\AppData\Local\Temp\ccIHZntP.s:7012   .debug_str:00000a41 .LASF77
C:\Users\Andrea\AppData\Local\Temp\ccIHZntP.s:6458   .debug_str:00000182 .LASF78
C:\Users\Andrea\AppData\Local\Temp\ccIHZntP.s:7020   .debug_str:00000a5f .LASF79
C:\Users\Andrea\AppData\Local\Temp\ccIHZntP.s:7008   .debug_str:00000a30 .LASF80
C:\Users\Andrea\AppData\Local\Temp\ccIHZntP.s:6360   .debug_str:00000008 .LASF81
C:\Users\Andrea\AppData\Local\Temp\ccIHZntP.s:6932   .debug_str:00000903 .LASF82
C:\Users\Andrea\AppData\Local\Temp\ccIHZntP.s:6424   .debug_str:00000104 .LASF83
C:\Users\Andrea\AppData\Local\Temp\ccIHZntP.s:6460   .debug_str:00000189 .LASF84
C:\Users\Andrea\AppData\Local\Temp\ccIHZntP.s:6358   .debug_str:00000000 .LASF85
C:\Users\Andrea\AppData\Local\Temp\ccIHZntP.s:6448   .debug_str:0000015f .LASF86
C:\Users\Andrea\AppData\Local\Temp\ccIHZntP.s:7038   .debug_str:00000af8 .LASF87
C:\Users\Andrea\AppData\Local\Temp\ccIHZntP.s:6690   .debug_str:00000576 .LASF88
C:\Users\Andrea\AppData\Local\Temp\ccIHZntP.s:6724   .debug_str:000005e9 .LASF89
C:\Users\Andrea\AppData\Local\Temp\ccIHZntP.s:7066   .debug_str:00000ba3 .LASF90
C:\Users\Andrea\AppData\Local\Temp\ccIHZntP.s:6700   .debug_str:00000595 .LASF91
C:\Users\Andrea\AppData\Local\Temp\ccIHZntP.s:7070   .debug_str:00000bae .LASF92
C:\Users\Andrea\AppData\Local\Temp\ccIHZntP.s:7072   .debug_str:00000bb4 .LASF93
C:\Users\Andrea\AppData\Local\Temp\ccIHZntP.s:7074   .debug_str:00000bba .LASF94
C:\Users\Andrea\AppData\Local\Temp\ccIHZntP.s:7076   .debug_str:00000bc0 .LASF95
C:\Users\Andrea\AppData\Local\Temp\ccIHZntP.s:7078   .debug_str:00000bc6 .LASF96
C:\Users\Andrea\AppData\Local\Temp\ccIHZntP.s:6682   .debug_str:0000055b .LASF97
C:\Users\Andrea\AppData\Local\Temp\ccIHZntP.s:7082   .debug_str:00000bd3 .LASF98
C:\Users\Andrea\AppData\Local\Temp\ccIHZntP.s:6512   .debug_str:00000276 .LASF99
C:\Users\Andrea\AppData\Local\Temp\ccIHZntP.s:6514   .debug_str:0000027d .LASF100
C:\Users\Andrea\AppData\Local\Temp\ccIHZntP.s:6516   .debug_str:00000284 .LASF101
C:\Users\Andrea\AppData\Local\Temp\ccIHZntP.s:6518   .debug_str:0000028b .LASF102
C:\Users\Andrea\AppData\Local\Temp\ccIHZntP.s:6934   .debug_str:0000090b .LASF103
C:\Users\Andrea\AppData\Local\Temp\ccIHZntP.s:6522   .debug_str:000002a7 .LASF104
C:\Users\Andrea\AppData\Local\Temp\ccIHZntP.s:6850   .debug_str:000007c4 .LASF105
C:\Users\Andrea\AppData\Local\Temp\ccIHZntP.s:6880   .debug_str:00000834 .LASF106
C:\Users\Andrea\AppData\Local\Temp\ccIHZntP.s:6444   .debug_str:00000152 .LASF107
C:\Users\Andrea\AppData\Local\Temp\ccIHZntP.s:6608   .debug_str:00000401 .LASF108
C:\Users\Andrea\AppData\Local\Temp\ccIHZntP.s:6884   .debug_str:00000842 .LASF109
C:\Users\Andrea\AppData\Local\Temp\ccIHZntP.s:6852   .debug_str:000007cc .LASF110
C:\Users\Andrea\AppData\Local\Temp\ccIHZntP.s:6854   .debug_str:000007d4 .LASF111
C:\Users\Andrea\AppData\Local\Temp\ccIHZntP.s:6856   .debug_str:000007dc .LASF112
C:\Users\Andrea\AppData\Local\Temp\ccIHZntP.s:6858   .debug_str:000007e4 .LASF113
C:\Users\Andrea\AppData\Local\Temp\ccIHZntP.s:6860   .debug_str:000007ec .LASF114
C:\Users\Andrea\AppData\Local\Temp\ccIHZntP.s:6862   .debug_str:000007f4 .LASF115
C:\Users\Andrea\AppData\Local\Temp\ccIHZntP.s:6864   .debug_str:000007fc .LASF116
C:\Users\Andrea\AppData\Local\Temp\ccIHZntP.s:6948   .debug_str:00000939 .LASF117
C:\Users\Andrea\AppData\Local\Temp\ccIHZntP.s:6614   .debug_str:00000419 .LASF118
C:\Users\Andrea\AppData\Local\Temp\ccIHZntP.s:6778   .debug_str:0000068a .LASF119
C:\Users\Andrea\AppData\Local\Temp\ccIHZntP.s:6680   .debug_str:00000556 .LASF120
C:\Users\Andrea\AppData\Local\Temp\ccIHZntP.s:6890   .debug_str:0000085b .LASF121
C:\Users\Andrea\AppData\Local\Temp\ccIHZntP.s:6574   .debug_str:00000387 .LASF122
C:\Users\Andrea\AppData\Local\Temp\ccIHZntP.s:6958   .debug_str:0000097f .LASF123
C:\Users\Andrea\AppData\Local\Temp\ccIHZntP.s:6970   .debug_str:000009b5 .LASF124
C:\Users\Andrea\AppData\Local\Temp\ccIHZntP.s:6474   .debug_str:000001b5 .LASF125
C:\Users\Andrea\AppData\Local\Temp\ccIHZntP.s:6450   .debug_str:00000166 .LASF126
C:\Users\Andrea\AppData\Local\Temp\ccIHZntP.s:6618   .debug_str:00000426 .LASF127
C:\Users\Andrea\AppData\Local\Temp\ccIHZntP.s:6616   .debug_str:0000041e .LASF128
C:\Users\Andrea\AppData\Local\Temp\ccIHZntP.s:6430   .debug_str:0000011c .LASF129
C:\Users\Andrea\AppData\Local\Temp\ccIHZntP.s:6790   .debug_str:000006b3 .LASF130
C:\Users\Andrea\AppData\Local\Temp\ccIHZntP.s:6788   .debug_str:000006ab .LASF131
C:\Users\Andrea\AppData\Local\Temp\ccIHZntP.s:6786   .debug_str:000006a3 .LASF132
C:\Users\Andrea\AppData\Local\Temp\ccIHZntP.s:6784   .debug_str:0000069b .LASF133
C:\Users\Andrea\AppData\Local\Temp\ccIHZntP.s:6914   .debug_str:000008c6 .LASF134
C:\Users\Andrea\AppData\Local\Temp\ccIHZntP.s:6910   .debug_str:000008b5 .LASF135
C:\Users\Andrea\AppData\Local\Temp\ccIHZntP.s:6708   .debug_str:000005af .LASF136
C:\Users\Andrea\AppData\Local\Temp\ccIHZntP.s:7068   .debug_str:00000ba9 .LASF137
C:\Users\Andrea\AppData\Local\Temp\ccIHZntP.s:6428   .debug_str:00000114 .LASF138
C:\Users\Andrea\AppData\Local\Temp\ccIHZntP.s:6426   .debug_str:0000010c .LASF139
C:\Users\Andrea\AppData\Local\Temp\ccIHZntP.s:6388   .debug_str:0000006d .LASF140
C:\Users\Andrea\AppData\Local\Temp\ccIHZntP.s:6386   .debug_str:00000065 .LASF141
C:\Users\Andrea\AppData\Local\Temp\ccIHZntP.s:6384   .debug_str:0000005d .LASF142
C:\Users\Andrea\AppData\Local\Temp\ccIHZntP.s:6380   .debug_str:0000004e .LASF143
C:\Users\Andrea\AppData\Local\Temp\ccIHZntP.s:7098   .debug_str:00000c18 .LASF144
C:\Users\Andrea\AppData\Local\Temp\ccIHZntP.s:7090   .debug_str:00000bf9 .LASF145
C:\Users\Andrea\AppData\Local\Temp\ccIHZntP.s:6866   .debug_str:00000804 .LASF146
C:\Users\Andrea\AppData\Local\Temp\ccIHZntP.s:6962   .debug_str:0000098c .LASF147
C:\Users\Andrea\AppData\Local\Temp\ccIHZntP.s:6710   .debug_str:000005b6 .LASF148
C:\Users\Andrea\AppData\Local\Temp\ccIHZntP.s:6706   .debug_str:000005a8 .LASF149
C:\Users\Andrea\AppData\Local\Temp\ccIHZntP.s:6658   .debug_str:000004d0 .LASF150
C:\Users\Andrea\AppData\Local\Temp\ccIHZntP.s:6656   .debug_str:000004c8 .LASF151
C:\Users\Andrea\AppData\Local\Temp\ccIHZntP.s:6612   .debug_str:00000411 .LASF152
C:\Users\Andrea\AppData\Local\Temp\ccIHZntP.s:7004   .debug_str:00000a22 .LASF153
C:\Users\Andrea\AppData\Local\Temp\ccIHZntP.s:6434   .debug_str:0000012e .LASF154
C:\Users\Andrea\AppData\Local\Temp\ccIHZntP.s:6560   .debug_str:00000359 .LASF155
C:\Users\Andrea\AppData\Local\Temp\ccIHZntP.s:6564   .debug_str:00000365 .LASF156
C:\Users\Andrea\AppData\Local\Temp\ccIHZntP.s:6630   .debug_str:00000462 .LASF157
C:\Users\Andrea\AppData\Local\Temp\ccIHZntP.s:6642   .debug_str:00000486 .LASF158
C:\Users\Andrea\AppData\Local\Temp\ccIHZntP.s:6882   .debug_str:0000083c .LASF159
C:\Users\Andrea\AppData\Local\Temp\ccIHZntP.s:6698   .debug_str:0000058d .LASF160
C:\Users\Andrea\AppData\Local\Temp\ccIHZntP.s:6510   .debug_str:00000270 .LASF161
C:\Users\Andrea\AppData\Local\Temp\ccIHZntP.s:6446   .debug_str:00000159 .LASF162
C:\Users\Andrea\AppData\Local\Temp\ccIHZntP.s:6840   .debug_str:0000079d .LASF163
C:\Users\Andrea\AppData\Local\Temp\ccIHZntP.s:6598   .debug_str:000003da .LASF164
C:\Users\Andrea\AppData\Local\Temp\ccIHZntP.s:6366   .debug_str:0000001e .LASF165
C:\Users\Andrea\AppData\Local\Temp\ccIHZntP.s:6936   .debug_str:00000912 .LASF166
C:\Users\Andrea\AppData\Local\Temp\ccIHZntP.s:6470   .debug_str:000001a9 .LASF167
C:\Users\Andrea\AppData\Local\Temp\ccIHZntP.s:6878   .debug_str:0000082d .LASF168
C:\Users\Andrea\AppData\Local\Temp\ccIHZntP.s:6472   .debug_str:000001af .LASF169
C:\Users\Andrea\AppData\Local\Temp\ccIHZntP.s:7028   .debug_str:00000ada .LASF170
C:\Users\Andrea\AppData\Local\Temp\ccIHZntP.s:6590   .debug_str:000003ba .LASF171
C:\Users\Andrea\AppData\Local\Temp\ccIHZntP.s:6526   .debug_str:000002b4 .LASF172
C:\Users\Andrea\AppData\Local\Temp\ccIHZntP.s:6978   .debug_str:000009d3 .LASF173
C:\Users\Andrea\AppData\Local\Temp\ccIHZntP.s:6704   .debug_str:000005a3 .LASF174
C:\Users\Andrea\AppData\Local\Temp\ccIHZntP.s:7088   .debug_str:00000bf4 .LASF175
C:\Users\Andrea\AppData\Local\Temp\ccIHZntP.s:6536   .debug_str:000002da .LASF176
C:\Users\Andrea\AppData\Local\Temp\ccIHZntP.s:6480   .debug_str:000001d1 .LASF177
C:\Users\Andrea\AppData\Local\Temp\ccIHZntP.s:6770   .debug_str:00000673 .LASF178
C:\Users\Andrea\AppData\Local\Temp\ccIHZntP.s:6636   .debug_str:00000474 .LASF179
C:\Users\Andrea\AppData\Local\Temp\ccIHZntP.s:6834   .debug_str:00000789 .LASF180
C:\Users\Andrea\AppData\Local\Temp\ccIHZntP.s:6596   .debug_str:000003d3 .LASF181
C:\Users\Andrea\AppData\Local\Temp\ccIHZntP.s:7010   .debug_str:00000a36 .LASF182
C:\Users\Andrea\AppData\Local\Temp\ccIHZntP.s:6676   .debug_str:00000544 .LASF183
C:\Users\Andrea\AppData\Local\Temp\ccIHZntP.s:6556   .debug_str:0000034c .LASF184
C:\Users\Andrea\AppData\Local\Temp\ccIHZntP.s:6400   .debug_str:0000009a .LASF185
C:\Users\Andrea\AppData\Local\Temp\ccIHZntP.s:6714   .debug_str:000005c2 .LASF186
C:\Users\Andrea\AppData\Local\Temp\ccIHZntP.s:6364   .debug_str:00000013 .LASF187
C:\Users\Andrea\AppData\Local\Temp\ccIHZntP.s:7064   .debug_str:00000b9b .LASF188
C:\Users\Andrea\AppData\Local\Temp\ccIHZntP.s:6640   .debug_str:0000047e .LASF189
C:\Users\Andrea\AppData\Local\Temp\ccIHZntP.s:6938   .debug_str:00000918 .LASF190
C:\Users\Andrea\AppData\Local\Temp\ccIHZntP.s:6900   .debug_str:00000894 .LASF191
C:\Users\Andrea\AppData\Local\Temp\ccIHZntP.s:6638   .debug_str:00000479 .LASF192
C:\Users\Andrea\AppData\Local\Temp\ccIHZntP.s:6894   .debug_str:00000869 .LASF193
C:\Users\Andrea\AppData\Local\Temp\ccIHZntP.s:6942   .debug_str:00000924 .LASF194
C:\Users\Andrea\AppData\Local\Temp\ccIHZntP.s:6626   .debug_str:00000453 .LASF195
C:\Users\Andrea\AppData\Local\Temp\ccIHZntP.s:6722   .debug_str:000005e0 .LASF196
C:\Users\Andrea\AppData\Local\Temp\ccIHZntP.s:6606   .debug_str:000003fa .LASF197
C:\Users\Andrea\AppData\Local\Temp\ccIHZntP.s:6568   .debug_str:00000371 .LASF198
C:\Users\Andrea\AppData\Local\Temp\ccIHZntP.s:6538   .debug_str:000002df .LASF199
C:\Users\Andrea\AppData\Local\Temp\ccIHZntP.s:6482   .debug_str:000001d7 .LASF200
C:\Users\Andrea\AppData\Local\Temp\ccIHZntP.s:6440   .debug_str:00000144 .LASF201
C:\Users\Andrea\AppData\Local\Temp\ccIHZntP.s:6390   .debug_str:00000075 .LASF202
C:\Users\Andrea\AppData\Local\Temp\ccIHZntP.s:7100   .debug_str:00000c20 .LASF203
C:\Users\Andrea\AppData\Local\Temp\ccIHZntP.s:7054   .debug_str:00000b4e .LASF204
C:\Users\Andrea\AppData\Local\Temp\ccIHZntP.s:6550   .debug_str:0000031a .LASF205
C:\Users\Andrea\AppData\Local\Temp\ccIHZntP.s:6870   .debug_str:00000810 .LASF206
C:\Users\Andrea\AppData\Local\Temp\ccIHZntP.s:6872   .debug_str:00000818 .LASF207
C:\Users\Andrea\AppData\Local\Temp\ccIHZntP.s:6406   .debug_str:000000b4 .LASF208
C:\Users\Andrea\AppData\Local\Temp\ccIHZntP.s:6532   .debug_str:000002ca .LASF209
C:\Users\Andrea\AppData\Local\Temp\ccIHZntP.s:6602   .debug_str:000003ea .LASF210
C:\Users\Andrea\AppData\Local\Temp\ccIHZntP.s:7092   .debug_str:00000c01 .LASF211
C:\Users\Andrea\AppData\Local\Temp\ccIHZntP.s:7042   .debug_str:00000b04 .LASF212
C:\Users\Andrea\AppData\Local\Temp\ccIHZntP.s:6570   .debug_str:00000378 .LASF213
C:\Users\Andrea\AppData\Local\Temp\ccIHZntP.s:6540   .debug_str:000002e6 .LASF214
C:\Users\Andrea\AppData\Local\Temp\ccIHZntP.s:6484   .debug_str:000001de .LASF215
C:\Users\Andrea\AppData\Local\Temp\ccIHZntP.s:6442   .debug_str:0000014b .LASF216
C:\Users\Andrea\AppData\Local\Temp\ccIHZntP.s:6392   .debug_str:0000007c .LASF217
C:\Users\Andrea\AppData\Local\Temp\ccIHZntP.s:7102   .debug_str:00000c27 .LASF218
C:\Users\Andrea\AppData\Local\Temp\ccIHZntP.s:7056   .debug_str:00000b55 .LASF219
C:\Users\Andrea\AppData\Local\Temp\ccIHZntP.s:6976   .debug_str:000009ca .LASF220
C:\Users\Andrea\AppData\Local\Temp\ccIHZntP.s:6504   .debug_str:00000256 .LASF221
C:\Users\Andrea\AppData\Local\Temp\ccIHZntP.s:6874   .debug_str:0000081e .LASF222
C:\Users\Andrea\AppData\Local\Temp\ccIHZntP.s:6408   .debug_str:000000bc .LASF223
C:\Users\Andrea\AppData\Local\Temp\ccIHZntP.s:6534   .debug_str:000002d2 .LASF224
C:\Users\Andrea\AppData\Local\Temp\ccIHZntP.s:6604   .debug_str:000003f2 .LASF225
C:\Users\Andrea\AppData\Local\Temp\ccIHZntP.s:7094   .debug_str:00000c09 .LASF226
C:\Users\Andrea\AppData\Local\Temp\ccIHZntP.s:6586   .debug_str:000003ab .LASF227
C:\Users\Andrea\AppData\Local\Temp\ccIHZntP.s:6960   .debug_str:00000984 .LASF228
C:\Users\Andrea\AppData\Local\Temp\ccIHZntP.s:6620   .debug_str:0000042e .LASF229
C:\Users\Andrea\AppData\Local\Temp\ccIHZntP.s:7106   .debug_str:00000c36 .LASF230
C:\Users\Andrea\AppData\Local\Temp\ccIHZntP.s:6796   .debug_str:000006cc .LASF231
C:\Users\Andrea\AppData\Local\Temp\ccIHZntP.s:6498   .debug_str:00000230 .LASF232
C:\Users\Andrea\AppData\Local\Temp\ccIHZntP.s:6972   .debug_str:000009ba .LASF233
C:\Users\Andrea\AppData\Local\Temp\ccIHZntP.s:6628   .debug_str:0000045a .LASF234
C:\Users\Andrea\AppData\Local\Temp\ccIHZntP.s:6750   .debug_str:0000062f .LASF235
C:\Users\Andrea\AppData\Local\Temp\ccIHZntP.s:6600   .debug_str:000003e1 .LASF236
C:\Users\Andrea\AppData\Local\Temp\ccIHZntP.s:6696   .debug_str:00000586 .LASF237
C:\Users\Andrea\AppData\Local\Temp\ccIHZntP.s:6438   .debug_str:0000013c .LASF238
C:\Users\Andrea\AppData\Local\Temp\ccIHZntP.s:6908   .debug_str:000008ad .LASF239
C:\Users\Andrea\AppData\Local\Temp\ccIHZntP.s:7044   .debug_str:00000b0b .LASF240
C:\Users\Andrea\AppData\Local\Temp\ccIHZntP.s:6944   .debug_str:0000092a .LASF241
C:\Users\Andrea\AppData\Local\Temp\ccIHZntP.s:6668   .debug_str:0000050a .LASF242
C:\Users\Andrea\AppData\Local\Temp\ccIHZntP.s:6836   .debug_str:0000078f .LASF243
C:\Users\Andrea\AppData\Local\Temp\ccIHZntP.s:6678   .debug_str:0000054f .LASF244
C:\Users\Andrea\AppData\Local\Temp\ccIHZntP.s:6726   .debug_str:000005ef .LASF245
C:\Users\Andrea\AppData\Local\Temp\ccIHZntP.s:6542   .debug_str:000002ed .LASF246
C:\Users\Andrea\AppData\Local\Temp\ccIHZntP.s:6528   .debug_str:000002bc .LASF247
C:\Users\Andrea\AppData\Local\Temp\ccIHZntP.s:6394   .debug_str:00000083 .LASF248
C:\Users\Andrea\AppData\Local\Temp\ccIHZntP.s:6452   .debug_str:0000016e .LASF249
C:\Users\Andrea\AppData\Local\Temp\ccIHZntP.s:6946   .debug_str:00000932 .LASF250
C:\Users\Andrea\AppData\Local\Temp\ccIHZntP.s:6844   .debug_str:000007aa .LASF251
C:\Users\Andrea\AppData\Local\Temp\ccIHZntP.s:6632   .debug_str:00000468 .LASF252
C:\Users\Andrea\AppData\Local\Temp\ccIHZntP.s:6584   .debug_str:000003a5 .LASF253
C:\Users\Andrea\AppData\Local\Temp\ccIHZntP.s:6594   .debug_str:000003c9 .LASF254
C:\Users\Andrea\AppData\Local\Temp\ccIHZntP.s:6816   .debug_str:00000723 .LASF255
C:\Users\Andrea\AppData\Local\Temp\ccIHZntP.s:6592   .debug_str:000003bf .LASF256
C:\Users\Andrea\AppData\Local\Temp\ccIHZntP.s:6814   .debug_str:00000718 .LASF257
C:\Users\Andrea\AppData\Local\Temp\ccIHZntP.s:7052   .debug_str:00000b46 .LASF258
C:\Users\Andrea\AppData\Local\Temp\ccIHZntP.s:6572   .debug_str:0000037f .LASF259
C:\Users\Andrea\AppData\Local\Temp\ccIHZntP.s:6902   .debug_str:00000899 .LASF260
C:\Users\Andrea\AppData\Local\Temp\ccIHZntP.s:6842   .debug_str:000007a3 .LASF261
C:\Users\Andrea\AppData\Local\Temp\ccIHZntP.s:6432   .debug_str:00000124 .LASF262
C:\Users\Andrea\AppData\Local\Temp\ccIHZntP.s:6876   .debug_str:00000824 .LASF263
C:\Users\Andrea\AppData\Local\Temp\ccIHZntP.s:6820   .debug_str:00000734 .LASF264
C:\Users\Andrea\AppData\Local\Temp\ccIHZntP.s:7014   .debug_str:00000a47 .LASF265
C:\Users\Andrea\AppData\Local\Temp\ccIHZntP.s:6382   .debug_str:00000056 .LASF266
C:\Users\Andrea\AppData\Local\Temp\ccIHZntP.s:6372   .debug_str:00000032 .LASF267
C:\Users\Andrea\AppData\Local\Temp\ccIHZntP.s:6846   .debug_str:000007b3 .LASF268
C:\Users\Andrea\AppData\Local\Temp\ccIHZntP.s:6508   .debug_str:00000267 .LASF269
C:\Users\Andrea\AppData\Local\Temp\ccIHZntP.s:6954   .debug_str:0000095d .LASF270
C:\Users\Andrea\AppData\Local\Temp\ccIHZntP.s:6654   .debug_str:000004c0 .LASF271
C:\Users\Andrea\AppData\Local\Temp\ccIHZntP.s:6896   .debug_str:0000086e .LASF273
C:\Users\Andrea\AppData\Local\Temp\ccIHZntP.s:6624   .debug_str:0000044c .LASF274
C:\Users\Andrea\AppData\Local\Temp\ccIHZntP.s:6694   .debug_str:00000581 .LASF275
C:\Users\Andrea\AppData\Local\Temp\ccIHZntP.s:6822   .debug_str:0000073e .LASF276
C:\Users\Andrea\AppData\Local\Temp\ccIHZntP.s:6824   .debug_str:00000745 .LASF277
C:\Users\Andrea\AppData\Local\Temp\ccIHZntP.s:6634   .debug_str:0000046e .LASF278
C:\Users\Andrea\AppData\Local\Temp\ccIHZntP.s:6760   .debug_str:00000650 .LASF279
C:\Users\Andrea\AppData\Local\Temp\ccIHZntP.s:6762   .debug_str:00000658 .LASF280
C:\Users\Andrea\AppData\Local\Temp\ccIHZntP.s:6764   .debug_str:00000660 .LASF281
C:\Users\Andrea\AppData\Local\Temp\ccIHZntP.s:7050   .debug_str:00000b40 .LASF282
C:\Users\Andrea\AppData\Local\Temp\ccIHZntP.s:6888   .debug_str:00000854 .LASF283
C:\Users\Andrea\AppData\Local\Temp\ccIHZntP.s:6746   .debug_str:00000623 .LASF284
C:\Users\Andrea\AppData\Local\Temp\ccIHZntP.s:6566   .debug_str:0000036a .LASF285
C:\Users\Andrea\AppData\Local\Temp\ccIHZntP.s:7002   .debug_str:00000a1c .LASF286
C:\Users\Andrea\AppData\Local\Temp\ccIHZntP.s:6728   .debug_str:000005f4 .LASF287
C:\Users\Andrea\AppData\Local\Temp\ccIHZntP.s:6466   .debug_str:0000019c .LASF288
C:\Users\Andrea\AppData\Local\Temp\ccIHZntP.s:6646   .debug_str:00000492 .LASF289
C:\Users\Andrea\AppData\Local\Temp\ccIHZntP.s:6506   .debug_str:0000025f .LASF290
C:\Users\Andrea\AppData\Local\Temp\ccIHZntP.s:6420   .debug_str:000000e3 .LASF291
C:\Users\Andrea\AppData\Local\Temp\ccIHZntP.s:6924   .debug_str:000008e7 .LASF292
C:\Users\Andrea\AppData\Local\Temp\ccIHZntP.s:6562   .debug_str:0000035e .LASF293
C:\Users\Andrea\AppData\Local\Temp\ccIHZntP.s:6582   .debug_str:0000039e .LASF294
C:\Users\Andrea\AppData\Local\Temp\ccIHZntP.s:6830   .debug_str:0000077a .LASF295
C:\Users\Andrea\AppData\Local\Temp\ccIHZntP.s:6416   .debug_str:000000d6 .LASF296
C:\Users\Andrea\AppData\Local\Temp\ccIHZntP.s:6660   .debug_str:000004d8 .LASF297
C:\Users\Andrea\AppData\Local\Temp\ccIHZntP.s:6794   .debug_str:000006c3 .LASF298
C:\Users\Andrea\AppData\Local\Temp\ccIHZntP.s:6792   .debug_str:000006bb .LASF299
C:\Users\Andrea\AppData\Local\Temp\ccIHZntP.s:6980   .debug_str:000009dc .LASF300
C:\Users\Andrea\AppData\Local\Temp\ccIHZntP.s:7022   .debug_str:00000a65 .LASF301
C:\Users\Andrea\AppData\Local\Temp\ccIHZntP.s:6912   .debug_str:000008bc .LASF302
C:\Users\Andrea\AppData\Local\Temp\ccIHZntP.s:6982   .debug_str:000009e1 .LASF303
C:\Users\Andrea\AppData\Local\Temp\ccIHZntP.s:7114   .debug_str:00000c52 .LASF304
C:\Users\Andrea\AppData\Local\Temp\ccIHZntP.s:6984   .debug_str:000009e6 .LASF305
C:\Users\Andrea\AppData\Local\Temp\ccIHZntP.s:6644   .debug_str:0000048d .LASF306
C:\Users\Andrea\AppData\Local\Temp\ccIHZntP.s:6986   .debug_str:000009eb .LASF307
C:\Users\Andrea\AppData\Local\Temp\ccIHZntP.s:6686   .debug_str:00000569 .LASF308
C:\Users\Andrea\AppData\Local\Temp\ccIHZntP.s:6906   .debug_str:000008a6 .LASF309
C:\Users\Andrea\AppData\Local\Temp\ccIHZntP.s:6398   .debug_str:00000092 .LASF310
C:\Users\Andrea\AppData\Local\Temp\ccIHZntP.s:6436   .debug_str:00000135 .LASF311
C:\Users\Andrea\AppData\Local\Temp\ccIHZntP.s:6988   .debug_str:000009f0 .LASF312
C:\Users\Andrea\AppData\Local\Temp\ccIHZntP.s:6688   .debug_str:00000571 .LASF313
C:\Users\Andrea\AppData\Local\Temp\ccIHZntP.s:6990   .debug_str:000009f5 .LASF314
C:\Users\Andrea\AppData\Local\Temp\ccIHZntP.s:6974   .debug_str:000009c2 .LASF315
C:\Users\Andrea\AppData\Local\Temp\ccIHZntP.s:6992   .debug_str:000009fa .LASF316
C:\Users\Andrea\AppData\Local\Temp\ccIHZntP.s:7016   .debug_str:00000a4f .LASF317
C:\Users\Andrea\AppData\Local\Temp\ccIHZntP.s:6994   .debug_str:000009ff .LASF318
C:\Users\Andrea\AppData\Local\Temp\ccIHZntP.s:7018   .debug_str:00000a57 .LASF319
C:\Users\Andrea\AppData\Local\Temp\ccIHZntP.s:6996   .debug_str:00000a04 .LASF320
C:\Users\Andrea\AppData\Local\Temp\ccIHZntP.s:6544   .debug_str:000002f2 .LASF321
C:\Users\Andrea\AppData\Local\Temp\ccIHZntP.s:6998   .debug_str:00000a09 .LASF322
C:\Users\Andrea\AppData\Local\Temp\ccIHZntP.s:6546   .debug_str:000002fa .LASF323
C:\Users\Andrea\AppData\Local\Temp\ccIHZntP.s:7032   .debug_str:00000ae9 .LASF324
C:\Users\Andrea\AppData\Local\Temp\ccIHZntP.s:6402   .debug_str:000000a2 .LASF325
C:\Users\Andrea\AppData\Local\Temp\ccIHZntP.s:7034   .debug_str:00000aee .LASF326
C:\Users\Andrea\AppData\Local\Temp\ccIHZntP.s:6404   .debug_str:000000ab .LASF327
C:\Users\Andrea\AppData\Local\Temp\ccIHZntP.s:7036   .debug_str:00000af3 .LASF328
C:\Users\Andrea\AppData\Local\Temp\ccIHZntP.s:7026   .debug_str:00000ad1 .LASF329
C:\Users\Andrea\AppData\Local\Temp\ccIHZntP.s:7110   .debug_str:00000c44 .LASF330
C:\Users\Andrea\AppData\Local\Temp\ccIHZntP.s:7112   .debug_str:00000c4b .LASF331
C:\Users\Andrea\AppData\Local\Temp\ccIHZntP.s:6490   .debug_str:00000215 .LASF332
C:\Users\Andrea\AppData\Local\Temp\ccIHZntP.s:6652   .debug_str:000004ba .LASF333
C:\Users\Andrea\AppData\Local\Temp\ccIHZntP.s:7104   .debug_str:00000c2e .LASF334
C:\Users\Andrea\AppData\Local\Temp\ccIHZntP.s:7040   .debug_str:00000aff .LASF335
C:\Users\Andrea\AppData\Local\Temp\ccIHZntP.s:6488   .debug_str:0000020d .LASF336
C:\Users\Andrea\AppData\Local\Temp\ccIHZntP.s:6530   .debug_str:000002c2 .LASF337
C:\Users\Andrea\AppData\Local\Temp\ccIHZntP.s:6494   .debug_str:00000226 .LASF338
C:\Users\Andrea\AppData\Local\Temp\ccIHZntP.s:6684   .debug_str:00000561 .LASF339
C:\Users\Andrea\AppData\Local\Temp\ccIHZntP.s:6396   .debug_str:0000008a .LASF340
C:\Users\Andrea\AppData\Local\Temp\ccIHZntP.s:6496   .debug_str:0000022b .LASF341
C:\Users\Andrea\AppData\Local\Temp\ccIHZntP.s:7030   .debug_str:00000ae2 .LASF342
C:\Users\Andrea\AppData\Local\Temp\ccIHZntP.s:6766   .debug_str:00000668 .LASF343
C:\Users\Andrea\AppData\Local\Temp\ccIHZntP.s:6500   .debug_str:00000238 .LASF344
C:\Users\Andrea\AppData\Local\Temp\ccIHZntP.s:6410   .debug_str:000000c4 .LASF345
C:\Users\Andrea\AppData\Local\Temp\ccIHZntP.s:7086   .debug_str:00000beb .LASF346
C:\Users\Andrea\AppData\Local\Temp\ccIHZntP.s:6648   .debug_str:00000499 .LASF347
C:\Users\Andrea\AppData\Local\Temp\ccIHZntP.s:6832   .debug_str:00000780 .LASF353
C:\Users\Andrea\AppData\Local\Temp\ccIHZntP.s:6492   .debug_str:0000021a .LASF348
C:\Users\Andrea\AppData\Local\Temp\ccIHZntP.s:6886   .debug_str:0000084a .LASF349
C:\Users\Andrea\AppData\Local\Temp\ccIHZntP.s:6892   .debug_str:00000860 .LASF350
C:\Users\Andrea\AppData\Local\Temp\ccIHZntP.s:6524   .debug_str:000002ae .LASF351
C:\Users\Andrea\AppData\Local\Temp\ccIHZntP.s:7080   .debug_str:00000bcc .LASF352
C:\Users\Andrea\AppData\Local\Temp\ccIHZntP.s:6580   .debug_str:00000397 .LASF354
C:\Users\Andrea\AppData\Local\Temp\ccIHZntP.s:6662   .debug_str:000004e1 .LASF355
C:\Users\Andrea\AppData\Local\Temp\ccIHZntP.s:6502   .debug_str:0000023e .LASF360
C:\Users\Andrea\AppData\Local\Temp\ccIHZntP.s:6670   .debug_str:00000511 .LASF356
C:\Users\Andrea\AppData\Local\Temp\ccIHZntP.s:6486   .debug_str:000001e5 .LASF357
C:\Users\Andrea\AppData\Local\Temp\ccIHZntP.s:7048   .debug_str:00000b18 .LASF358
C:\Users\Andrea\AppData\Local\Temp\ccIHZntP.s:6828   .debug_str:00000752 .LASF359
C:\Users\Andrea\AppData\Local\Temp\ccIHZntP.s:6478   .debug_str:000001c0 .LASF365
C:\Users\Andrea\AppData\Local\Temp\ccIHZntP.s:52     .text.Temperature_Init:00000056 .LFE0
C:\Users\Andrea\AppData\Local\Temp\ccIHZntP.s:6692   .debug_str:0000057b .LASF361
C:\Users\Andrea\AppData\Local\Temp\ccIHZntP.s:6211   .debug_loc:00000000 .LLST0
C:\Users\Andrea\AppData\Local\Temp\ccIHZntP.s:6798   .debug_str:000006d4 .LASF362
C:\Users\Andrea\AppData\Local\Temp\ccIHZntP.s:6422   .debug_str:000000ea .LASF363
C:\Users\Andrea\AppData\Local\Temp\ccIHZntP.s:6952   .debug_str:0000094e .LASF364
C:\Users\Andrea\AppData\Local\Temp\ccIHZntP.s:6225   .debug_loc:00000021 .LLST1
C:\Users\Andrea\AppData\Local\Temp\ccIHZntP.s:7084   .debug_str:00000bd9 .LASF377
C:\Users\Andrea\AppData\Local\Temp\ccIHZntP.s:88     .text.Temperature_Start:0000003b .LFE1
C:\Users\Andrea\AppData\Local\Temp\ccIHZntP.s:6548   .debug_str:00000302 .LASF378
C:\Users\Andrea\AppData\Local\Temp\ccIHZntP.s:104    .text.Temperature_Is_Finished:00000010 .LFE2
C:\Users\Andrea\AppData\Local\Temp\ccIHZntP.s:6956   .debug_str:00000967 .LASF366
C:\Users\Andrea\AppData\Local\Temp\ccIHZntP.s:121    .text.Temperature_Wait_Finish:00000009 .LFE3
C:\Users\Andrea\AppData\Local\Temp\ccIHZntP.s:116    .text.Temperature_Wait_Finish:00000004 .LVL3
C:\Users\Andrea\AppData\Local\Temp\ccIHZntP.s:6622   .debug_str:00000436 .LASF367
C:\Users\Andrea\AppData\Local\Temp\ccIHZntP.s:151    .text.Temperature_Read_Wait:00000021 .LFE4
C:\Users\Andrea\AppData\Local\Temp\ccIHZntP.s:6768   .debug_str:0000066d .LASF370
C:\Users\Andrea\AppData\Local\Temp\ccIHZntP.s:131    .text.Temperature_Read_Wait:00000004 .LVL4
C:\Users\Andrea\AppData\Local\Temp\ccIHZntP.s:6554   .debug_str:00000334 .LASF368
C:\Users\Andrea\AppData\Local\Temp\ccIHZntP.s:204    .text.Temperature_CheckResult:00000037 .LFE5
C:\Users\Andrea\AppData\Local\Temp\ccIHZntP.s:6237   .debug_loc:00000043 .LLST2
C:\Users\Andrea\AppData\Local\Temp\ccIHZntP.s:6552   .debug_str:00000322 .LASF369
C:\Users\Andrea\AppData\Local\Temp\ccIHZntP.s:6250   .debug_loc:00000063 .LLST3
C:\Users\Andrea\AppData\Local\Temp\ccIHZntP.s:6702   .debug_str:0000059b .LASF371
C:\Users\Andrea\AppData\Local\Temp\ccIHZntP.s:6279   .debug_loc:000000a8 .LLST4
C:\Users\Andrea\AppData\Local\Temp\ccIHZntP.s:6306   .debug_loc:000000eb .LLST5
C:\Users\Andrea\AppData\Local\Temp\ccIHZntP.s:166    .text.Temperature_CheckResult:00000008 .LVL9
C:\Users\Andrea\AppData\Local\Temp\ccIHZntP.s:187    .text.Temperature_CheckResult:0000002e .LVL12
C:\Users\Andrea\AppData\Local\Temp\ccIHZntP.s:6650   .debug_str:0000049e .LASF372
C:\Users\Andrea\AppData\Local\Temp\ccIHZntP.s:6898   .debug_str:00000878 .LASF373
C:\Users\Andrea\AppData\Local\Temp\ccIHZntP.s:6520   .debug_str:00000292 .LASF374
C:\Users\Andrea\AppData\Local\Temp\ccIHZntP.s:11     .text.Temperature_Init:00000000 .LVL0
C:\Users\Andrea\AppData\Local\Temp\ccIHZntP.s:42     .text.Temperature_Init:00000046 .LVL2
C:\Users\Andrea\AppData\Local\Temp\ccIHZntP.s:26     .text.Temperature_Init:00000026 .LVL1
C:\Users\Andrea\AppData\Local\Temp\ccIHZntP.s:161    .text.Temperature_CheckResult:00000002 .LCFI0
C:\Users\Andrea\AppData\Local\Temp\ccIHZntP.s:159    .text.Temperature_CheckResult:00000000 .LVL7
C:\Users\Andrea\AppData\Local\Temp\ccIHZntP.s:184    .text.Temperature_CheckResult:0000002a .LVL11
C:\Users\Andrea\AppData\Local\Temp\ccIHZntP.s:189    .text.Temperature_CheckResult:0000002f .LVL13
C:\Users\Andrea\AppData\Local\Temp\ccIHZntP.s:195    .text.Temperature_CheckResult:00000032 .LVL15
C:\Users\Andrea\AppData\Local\Temp\ccIHZntP.s:163    .text.Temperature_CheckResult:00000004 .LVL8
C:\Users\Andrea\AppData\Local\Temp\ccIHZntP.s:178    .text.Temperature_CheckResult:00000020 .LVL10
C:\Users\Andrea\AppData\Local\Temp\ccIHZntP.s:199    .text.Temperature_CheckResult:00000034 .LVL16
C:\Users\Andrea\AppData\Local\Temp\ccIHZntP.s:193    .text.Temperature_CheckResult:00000031 .LVL14
C:\Users\Andrea\AppData\Local\Temp\ccIHZntP.s:301    .debug_info:00000000 .Ldebug_info0

NO UNDEFINED SYMBOLS
