   1                             		.file	"Tools_Period.c"
   2                             		.section P,"ax"
   3                             	.Ltext0:
   4                             		.section	.text.Tools_CreatePeriodMeasure,"ax",@progbits
   5                             		.global	_Tools_CreatePeriodMeasure
   7                             	_Tools_CreatePeriodMeasure:
   8                             	.LFB0:
   9                             		.file 1 "C:/Workspace/FW_Inertia/branch_indesit/Main/EmbOS/tools/Tools_Period.c"
   1:C:/Workspace/FW_Inertia/branch_indesit/Main/EmbOS/tools\Tools_Period.c **** /*
   2:C:/Workspace/FW_Inertia/branch_indesit/Main/EmbOS/tools\Tools_Period.c **** Copyright (c) 2004-2009, Indesit Company, I.D.D..
   3:C:/Workspace/FW_Inertia/branch_indesit/Main/EmbOS/tools\Tools_Period.c **** Tutti i diritti sono riservati. All rights reserved.
   4:C:/Workspace/FW_Inertia/branch_indesit/Main/EmbOS/tools\Tools_Period.c **** */
   5:C:/Workspace/FW_Inertia/branch_indesit/Main/EmbOS/tools\Tools_Period.c **** /**
   6:C:/Workspace/FW_Inertia/branch_indesit/Main/EmbOS/tools\Tools_Period.c **** \defgroup	    ToolsPeriod Measuring Period
   7:C:/Workspace/FW_Inertia/branch_indesit/Main/EmbOS/tools\Tools_Period.c **** @{
   8:C:/Workspace/FW_Inertia/branch_indesit/Main/EmbOS/tools\Tools_Period.c **** \par            Description
   9:C:/Workspace/FW_Inertia/branch_indesit/Main/EmbOS/tools\Tools_Period.c ****                 EmbOS-based tool for period measurement.
  10:C:/Workspace/FW_Inertia/branch_indesit/Main/EmbOS/tools\Tools_Period.c **** @}
  11:C:/Workspace/FW_Inertia/branch_indesit/Main/EmbOS/tools\Tools_Period.c **** \ingroup        MainDebug
  12:C:/Workspace/FW_Inertia/branch_indesit/Main/EmbOS/tools\Tools_Period.c **** */
  13:C:/Workspace/FW_Inertia/branch_indesit/Main/EmbOS/tools\Tools_Period.c **** /**
  14:C:/Workspace/FW_Inertia/branch_indesit/Main/EmbOS/tools\Tools_Period.c **** \n
  15:C:/Workspace/FW_Inertia/branch_indesit/Main/EmbOS/tools\Tools_Period.c **** \par		    Period Measurement
  16:C:/Workspace/FW_Inertia/branch_indesit/Main/EmbOS/tools\Tools_Period.c **** \n
  17:C:/Workspace/FW_Inertia/branch_indesit/Main/EmbOS/tools\Tools_Period.c **** \file		    Tools_Period.c
  18:C:/Workspace/FW_Inertia/branch_indesit/Main/EmbOS/tools\Tools_Period.c **** \ingroup	    MainDebug
  19:C:/Workspace/FW_Inertia/branch_indesit/Main/EmbOS/tools\Tools_Period.c **** \date		    24/12/2010
  20:C:/Workspace/FW_Inertia/branch_indesit/Main/EmbOS/tools\Tools_Period.c **** \version	    00.00.00
  21:C:/Workspace/FW_Inertia/branch_indesit/Main/EmbOS/tools\Tools_Period.c **** \author		    Roberto Fioravanti
  22:C:/Workspace/FW_Inertia/branch_indesit/Main/EmbOS/tools\Tools_Period.c **** \n
  23:C:/Workspace/FW_Inertia/branch_indesit/Main/EmbOS/tools\Tools_Period.c **** \n
  24:C:/Workspace/FW_Inertia/branch_indesit/Main/EmbOS/tools\Tools_Period.c **** \par\b	History:
  25:C:/Workspace/FW_Inertia/branch_indesit/Main/EmbOS/tools\Tools_Period.c **** \n
  26:C:/Workspace/FW_Inertia/branch_indesit/Main/EmbOS/tools\Tools_Period.c **** \n 		        00.00.00
  27:C:/Workspace/FW_Inertia/branch_indesit/Main/EmbOS/tools\Tools_Period.c **** \n          	24/12/2010
  28:C:/Workspace/FW_Inertia/branch_indesit/Main/EmbOS/tools\Tools_Period.c **** \n          	Roberto Fioravanti
  29:C:/Workspace/FW_Inertia/branch_indesit/Main/EmbOS/tools\Tools_Period.c **** \n            - Creation
  30:C:/Workspace/FW_Inertia/branch_indesit/Main/EmbOS/tools\Tools_Period.c **** \n
  31:C:/Workspace/FW_Inertia/branch_indesit/Main/EmbOS/tools\Tools_Period.c **** */
  32:C:/Workspace/FW_Inertia/branch_indesit/Main/EmbOS/tools\Tools_Period.c **** 
  33:C:/Workspace/FW_Inertia/branch_indesit/Main/EmbOS/tools\Tools_Period.c **** 
  34:C:/Workspace/FW_Inertia/branch_indesit/Main/EmbOS/tools\Tools_Period.c **** /* ******** */
  35:C:/Workspace/FW_Inertia/branch_indesit/Main/EmbOS/tools\Tools_Period.c **** /* Includes */
  36:C:/Workspace/FW_Inertia/branch_indesit/Main/EmbOS/tools\Tools_Period.c **** /* ******** */
  37:C:/Workspace/FW_Inertia/branch_indesit/Main/EmbOS/tools\Tools_Period.c **** 
  38:C:/Workspace/FW_Inertia/branch_indesit/Main/EmbOS/tools\Tools_Period.c **** #include "Main.h"
  39:C:/Workspace/FW_Inertia/branch_indesit/Main/EmbOS/tools\Tools_Period.c **** 
  40:C:/Workspace/FW_Inertia/branch_indesit/Main/EmbOS/tools\Tools_Period.c **** /* ****************** */
  41:C:/Workspace/FW_Inertia/branch_indesit/Main/EmbOS/tools\Tools_Period.c **** /* Defines and Macros */
  42:C:/Workspace/FW_Inertia/branch_indesit/Main/EmbOS/tools\Tools_Period.c **** /* ****************** */
  43:C:/Workspace/FW_Inertia/branch_indesit/Main/EmbOS/tools\Tools_Period.c **** 
  44:C:/Workspace/FW_Inertia/branch_indesit/Main/EmbOS/tools\Tools_Period.c **** /* *************************** */
  45:C:/Workspace/FW_Inertia/branch_indesit/Main/EmbOS/tools\Tools_Period.c **** /* Typedef, Structs and Unions */
  46:C:/Workspace/FW_Inertia/branch_indesit/Main/EmbOS/tools\Tools_Period.c **** /* *************************** */
  47:C:/Workspace/FW_Inertia/branch_indesit/Main/EmbOS/tools\Tools_Period.c **** 
  48:C:/Workspace/FW_Inertia/branch_indesit/Main/EmbOS/tools\Tools_Period.c **** 
  49:C:/Workspace/FW_Inertia/branch_indesit/Main/EmbOS/tools\Tools_Period.c **** /* ********* */
  50:C:/Workspace/FW_Inertia/branch_indesit/Main/EmbOS/tools\Tools_Period.c **** /* Variables */
  51:C:/Workspace/FW_Inertia/branch_indesit/Main/EmbOS/tools\Tools_Period.c **** /* ********* */
  52:C:/Workspace/FW_Inertia/branch_indesit/Main/EmbOS/tools\Tools_Period.c **** 
  53:C:/Workspace/FW_Inertia/branch_indesit/Main/EmbOS/tools\Tools_Period.c **** 
  54:C:/Workspace/FW_Inertia/branch_indesit/Main/EmbOS/tools\Tools_Period.c **** /* Static */
  55:C:/Workspace/FW_Inertia/branch_indesit/Main/EmbOS/tools\Tools_Period.c **** 
  56:C:/Workspace/FW_Inertia/branch_indesit/Main/EmbOS/tools\Tools_Period.c **** /* ******************** */
  57:C:/Workspace/FW_Inertia/branch_indesit/Main/EmbOS/tools\Tools_Period.c **** /* Functions Prototypes */
  58:C:/Workspace/FW_Inertia/branch_indesit/Main/EmbOS/tools\Tools_Period.c **** /* ******************** */
  59:C:/Workspace/FW_Inertia/branch_indesit/Main/EmbOS/tools\Tools_Period.c **** /* *************** */
  60:C:/Workspace/FW_Inertia/branch_indesit/Main/EmbOS/tools\Tools_Period.c **** /* Function Bodies */
  61:C:/Workspace/FW_Inertia/branch_indesit/Main/EmbOS/tools\Tools_Period.c **** /* *************** */
  62:C:/Workspace/FW_Inertia/branch_indesit/Main/EmbOS/tools\Tools_Period.c **** 
  63:C:/Workspace/FW_Inertia/branch_indesit/Main/EmbOS/tools\Tools_Period.c **** /* Exported function */
  64:C:/Workspace/FW_Inertia/branch_indesit/Main/EmbOS/tools\Tools_Period.c **** 
  65:C:/Workspace/FW_Inertia/branch_indesit/Main/EmbOS/tools\Tools_Period.c **** /**
  66:C:/Workspace/FW_Inertia/branch_indesit/Main/EmbOS/tools\Tools_Period.c ****   Measure Overhead for time measurement so we can take this into account by subtracting it
  67:C:/Workspace/FW_Inertia/branch_indesit/Main/EmbOS/tools\Tools_Period.c **** */
  68:C:/Workspace/FW_Inertia/branch_indesit/Main/EmbOS/tools\Tools_Period.c **** 
  69:C:/Workspace/FW_Inertia/branch_indesit/Main/EmbOS/tools\Tools_Period.c **** void Tools_CreatePeriodMeasure ( TOOLS_PERIOD* pPeriodMeasure )
  70:C:/Workspace/FW_Inertia/branch_indesit/Main/EmbOS/tools\Tools_Period.c **** {
  10                             		.loc 1 70 0
  11                             	.LVL0:
  12 0000 6E 7A                   		pushm	r7-r10
  13                             	.LCFI0:
  14 0002 60 40                   		sub	#4, r0
  15                             	.LCFI1:
  16 0004 EF 17                   		mov.L	r1, r7
  71:C:/Workspace/FW_Inertia/branch_indesit/Main/EmbOS/tools\Tools_Period.c **** 	volatile OS_U32 _TimeCopy;
  72:C:/Workspace/FW_Inertia/branch_indesit/Main/EmbOS/tools\Tools_Period.c **** 	OS_MEMSET ( pPeriodMeasure, 0, sizeof ( TOOLS_PERIOD ) );
  17                             		.loc 1 72 0
  18 0006 75 43 10                		mov.L	#16, r3
  19 0009 66 02                   		mov	#0, r2
  20 000b 7F 88                   		sstr.b
  21                             	.LVL1:
  73:C:/Workspace/FW_Inertia/branch_indesit/Main/EmbOS/tools\Tools_Period.c **** 	OS_Timing_Start ( & ( pPeriodMeasure->Overhead ) );
  22                             		.loc 1 73 0
  23 000d 71 7A 04                		add	#4, r7, r10
  24 0010 EF A1                   		mov.L	r10, r1
  25 0012 05 00 00 00             		bsr	_OS_Timing_Start
  26                             	.LVL2:
  74:C:/Workspace/FW_Inertia/branch_indesit/Main/EmbOS/tools\Tools_Period.c **** 	_TimeCopy = OS_Timing_GetCycles ( &pPeriodMeasure->In ); /* dummy operation */
  27                             		.loc 1 74 0
  28 0016 EC 77                   		mov.L	[r7], r7
  29                             	.LVL3:
  30 0018 E3 07                   		mov.L	r7, [r0]
  31                             	.LVL4:
  75:C:/Workspace/FW_Inertia/branch_indesit/Main/EmbOS/tools\Tools_Period.c **** 	OS_Timing_End ( & ( pPeriodMeasure->Overhead ) );
  32                             		.loc 1 75 0
  33 001a EF A1                   		mov.L	r10, r1
  34 001c 05 00 00 00             		bsr	_OS_Timing_End
  35                             	.LVL5:
  76:C:/Workspace/FW_Inertia/branch_indesit/Main/EmbOS/tools\Tools_Period.c **** }
  36                             		.loc 1 76 0
  37 0020 3F 7A 05                		rtsd	#20, r7-r10
  38                             	.LFE0:
  40                             		.section	.text.Tools_PeriodMeasure,"ax",@progbits
  41                             		.global	_Tools_PeriodMeasure
  43                             	_Tools_PeriodMeasure:
  44                             	.LFB1:
  77:C:/Workspace/FW_Inertia/branch_indesit/Main/EmbOS/tools\Tools_Period.c **** 
  78:C:/Workspace/FW_Inertia/branch_indesit/Main/EmbOS/tools\Tools_Period.c **** 
  79:C:/Workspace/FW_Inertia/branch_indesit/Main/EmbOS/tools\Tools_Period.c **** 
  80:C:/Workspace/FW_Inertia/branch_indesit/Main/EmbOS/tools\Tools_Period.c **** void Tools_PeriodMeasure ( TOOLS_PERIOD* pPeriodMeasure )
  81:C:/Workspace/FW_Inertia/branch_indesit/Main/EmbOS/tools\Tools_Period.c **** {
  45                             		.loc 1 81 0
  46                             	.LVL6:
  47 0000 6E 7A                   		pushm	r7-r10
  48                             	.LCFI2:
  49 0002 EF 17                   		mov.L	r1, r7
  82:C:/Workspace/FW_Inertia/branch_indesit/Main/EmbOS/tools\Tools_Period.c **** 	OS_TIMING _TimeCopy;
  83:C:/Workspace/FW_Inertia/branch_indesit/Main/EmbOS/tools\Tools_Period.c **** 	OS_Timing_End ( & ( pPeriodMeasure->In ) );
  50                             		.loc 1 83 0
  51 0004 05 00 00 00             		bsr	_OS_Timing_End
  52                             	.LVL7:
  84:C:/Workspace/FW_Inertia/branch_indesit/Main/EmbOS/tools\Tools_Period.c **** 	_TimeCopy = OS_Timing_GetCycles ( & ( pPeriodMeasure->In ) );
  53                             		.loc 1 84 0
  54 0008 EC 7A                   		mov.L	[r7], r10
  55                             	.LVL8:
  85:C:/Workspace/FW_Inertia/branch_indesit/Main/EmbOS/tools\Tools_Period.c **** 	OS_Timing_Start ( & ( pPeriodMeasure->In ) );
  56                             		.loc 1 85 0
  57 000a EF 71                   		mov.L	r7, r1
  58 000c 05 00 00 00             		bsr	_OS_Timing_Start
  59                             	.LVL9:
  86:C:/Workspace/FW_Inertia/branch_indesit/Main/EmbOS/tools\Tools_Period.c **** 	
  87:C:/Workspace/FW_Inertia/branch_indesit/Main/EmbOS/tools\Tools_Period.c **** 	if ( pPeriodMeasure->state < 2 )
  60                             		.loc 1 87 0
  61 0010 CD 7E 0C                		mov.B	12[r7], r14
  62 0013 5B E4                   		movu.B	r14, r4
  63 0015 61 14                   		cmp	#1, r4
  64 0017 24 07                   		bgtu	.L4
  88:C:/Workspace/FW_Inertia/branch_indesit/Main/EmbOS/tools\Tools_Period.c **** 	{
  89:C:/Workspace/FW_Inertia/branch_indesit/Main/EmbOS/tools\Tools_Period.c **** 		pPeriodMeasure->state++;
  65                             		.loc 1 89 0
  66 0019 62 1E                   		add	#1, r14
  67 001b C7 7E 0C                		mov.B	r14, 12[r7]
  68                             		.balign 2,3,1
  69                             	.L4:
  90:C:/Workspace/FW_Inertia/branch_indesit/Main/EmbOS/tools\Tools_Period.c **** 	}
  91:C:/Workspace/FW_Inertia/branch_indesit/Main/EmbOS/tools\Tools_Period.c **** 	
  92:C:/Workspace/FW_Inertia/branch_indesit/Main/EmbOS/tools\Tools_Period.c **** 	pPeriodMeasure->Period_cyc = OS_Timing_GetCycles ( &_TimeCopy ) + OS_Timing_GetCycles ( & ( pPerio
  70                             		.loc 1 92 0
  71 001e 06 89 7A 01             		add	4[r7], r10
  72                             	.LVL10:
  73 0022 E7 7A 02                		mov.L	r10, 8[r7]
  93:C:/Workspace/FW_Inertia/branch_indesit/Main/EmbOS/tools\Tools_Period.c **** }
  74                             		.loc 1 93 0
  75 0025 3F 7A 04                		rtsd	#16, r7-r10
  76                             	.LFE1:
  78                             		.section	.text.Tools_GetPeriodCycles,"ax",@progbits
  79                             		.global	_Tools_GetPeriodCycles
  81                             	_Tools_GetPeriodCycles:
  82                             	.LFB2:
  94:C:/Workspace/FW_Inertia/branch_indesit/Main/EmbOS/tools\Tools_Period.c **** 
  95:C:/Workspace/FW_Inertia/branch_indesit/Main/EmbOS/tools\Tools_Period.c **** 
  96:C:/Workspace/FW_Inertia/branch_indesit/Main/EmbOS/tools\Tools_Period.c **** OS_TIMING Tools_GetPeriodCycles ( TOOLS_PERIOD* pPeriodMeasure )
  97:C:/Workspace/FW_Inertia/branch_indesit/Main/EmbOS/tools\Tools_Period.c **** {
  83                             		.loc 1 97 0
  84                             	.LVL11:
  98:C:/Workspace/FW_Inertia/branch_indesit/Main/EmbOS/tools\Tools_Period.c **** 	if ( pPeriodMeasure->state < 2 )
  85                             		.loc 1 98 0
  86 0000 59 1E 0C                		movu.B	12[r1], r14
  87 0003 61 1E                   		cmp	#1, r14
  88 0005 25 05                   		bleu	.L8
  99:C:/Workspace/FW_Inertia/branch_indesit/Main/EmbOS/tools\Tools_Period.c **** 	{
 100:C:/Workspace/FW_Inertia/branch_indesit/Main/EmbOS/tools\Tools_Period.c **** 		return 0;
 101:C:/Workspace/FW_Inertia/branch_indesit/Main/EmbOS/tools\Tools_Period.c **** 	}
 102:C:/Workspace/FW_Inertia/branch_indesit/Main/EmbOS/tools\Tools_Period.c **** 	
 103:C:/Workspace/FW_Inertia/branch_indesit/Main/EmbOS/tools\Tools_Period.c **** 	return pPeriodMeasure->Period_cyc;
  89                             		.loc 1 103 0
  90 0007 A8 91                   		mov.L	8[r1], r1
  91                             	.LVL12:
  92 0009 02                      		rts
  93                             	.LVL13:
  94                             	.L8:
 100:C:/Workspace/FW_Inertia/branch_indesit/Main/EmbOS/tools\Tools_Period.c **** 		return 0;
  95                             		.loc 1 100 0
  96 000a 66 01                   		mov.L	#0, r1
  97                             	.LVL14:
 104:C:/Workspace/FW_Inertia/branch_indesit/Main/EmbOS/tools\Tools_Period.c **** }
  98                             		.loc 1 104 0
  99 000c 02                      		rts
 100                             	.LFE2:
 172                             	.Letext0:
 173                             		.file 2 "C:\\Workspace\\FW_Inertia\\branch_indesit\\Main\\EmbOS\\tools/Tools.h"
 174                             		.file 3 "C:\\Workspace\\FW_Inertia\\branch_indesit\\OS\\EmbOS\\RX200_GNU\\V388\\Inc/RTOS.h"
DEFINED SYMBOLS
                            *ABS*:00000000 Tools_Period.c
C:\Users\Andrea\AppData\Local\Temp\ccyABeiu.s:7      .text.Tools_CreatePeriodMeasure:00000000 _Tools_CreatePeriodMeasure
C:\Users\Andrea\AppData\Local\Temp\ccyABeiu.s:12     .text.Tools_CreatePeriodMeasure:00000000 L0
C:\Users\Andrea\AppData\Local\Temp\ccyABeiu.s:43     .text.Tools_PeriodMeasure:00000000 _Tools_PeriodMeasure
C:\Users\Andrea\AppData\Local\Temp\ccyABeiu.s:47     .text.Tools_PeriodMeasure:00000000 L0
C:\Users\Andrea\AppData\Local\Temp\ccyABeiu.s:81     .text.Tools_GetPeriodCycles:00000000 _Tools_GetPeriodCycles
C:\Users\Andrea\AppData\Local\Temp\ccyABeiu.s:86     .text.Tools_GetPeriodCycles:00000000 L0
C:\Users\Andrea\AppData\Local\Temp\ccyABeiu.s:103    .debug_frame:00000000 .Lframe0
C:\Users\Andrea\AppData\Local\Temp\ccyABeiu.s:8      .text.Tools_CreatePeriodMeasure:00000000 .LFB0
C:\Users\Andrea\AppData\Local\Temp\ccyABeiu.s:44     .text.Tools_PeriodMeasure:00000000 .LFB1
C:\Users\Andrea\AppData\Local\Temp\ccyABeiu.s:82     .text.Tools_GetPeriodCycles:00000000 .LFB2
C:\Users\Andrea\AppData\Local\Temp\ccyABeiu.s:422    .debug_abbrev:00000000 .Ldebug_abbrev0
C:\Users\Andrea\AppData\Local\Temp\ccyABeiu.s:846    .debug_str:000000c9 .LASF18
C:\Users\Andrea\AppData\Local\Temp\ccyABeiu.s:850    .debug_str:000000f8 .LASF19
C:\Users\Andrea\AppData\Local\Temp\ccyABeiu.s:808    .debug_ranges:00000000 .Ldebug_ranges0
C:\Users\Andrea\AppData\Local\Temp\ccyABeiu.s:818    .debug_line:00000000 .Ldebug_line0
C:\Users\Andrea\AppData\Local\Temp\ccyABeiu.s:862    .debug_str:00000184 .LASF0
C:\Users\Andrea\AppData\Local\Temp\ccyABeiu.s:822    .debug_str:0000000d .LASF1
C:\Users\Andrea\AppData\Local\Temp\ccyABeiu.s:834    .debug_str:00000069 .LASF2
C:\Users\Andrea\AppData\Local\Temp\ccyABeiu.s:848    .debug_str:000000ef .LASF3
C:\Users\Andrea\AppData\Local\Temp\ccyABeiu.s:838    .debug_str:00000089 .LASF4
C:\Users\Andrea\AppData\Local\Temp\ccyABeiu.s:836    .debug_str:0000007b .LASF5
C:\Users\Andrea\AppData\Local\Temp\ccyABeiu.s:840    .debug_str:000000a0 .LASF6
C:\Users\Andrea\AppData\Local\Temp\ccyABeiu.s:856    .debug_str:00000162 .LASF7
C:\Users\Andrea\AppData\Local\Temp\ccyABeiu.s:826    .debug_str:0000002f .LASF8
C:\Users\Andrea\AppData\Local\Temp\ccyABeiu.s:866    .debug_str:00000198 .LASF9
C:\Users\Andrea\AppData\Local\Temp\ccyABeiu.s:844    .debug_str:000000c4 .LASF10
C:\Users\Andrea\AppData\Local\Temp\ccyABeiu.s:852    .debug_str:0000013f .LASF11
C:\Users\Andrea\AppData\Local\Temp\ccyABeiu.s:832    .debug_str:0000005e .LASF12
C:\Users\Andrea\AppData\Local\Temp\ccyABeiu.s:858    .debug_str:0000016e .LASF13
C:\Users\Andrea\AppData\Local\Temp\ccyABeiu.s:820    .debug_str:00000000 .LASF20
C:\Users\Andrea\AppData\Local\Temp\ccyABeiu.s:854    .debug_str:00000148 .LASF14
C:\Users\Andrea\AppData\Local\Temp\ccyABeiu.s:38     .text.Tools_CreatePeriodMeasure:00000023 .LFE0
C:\Users\Andrea\AppData\Local\Temp\ccyABeiu.s:693    .debug_loc:00000000 .LLST0
C:\Users\Andrea\AppData\Local\Temp\ccyABeiu.s:824    .debug_str:00000020 .LASF16
C:\Users\Andrea\AppData\Local\Temp\ccyABeiu.s:711    .debug_loc:0000002c .LLST1
C:\Users\Andrea\AppData\Local\Temp\ccyABeiu.s:864    .debug_str:0000018e .LASF17
C:\Users\Andrea\AppData\Local\Temp\ccyABeiu.s:728    .debug_loc:00000057 .LLST2
C:\Users\Andrea\AppData\Local\Temp\ccyABeiu.s:26     .text.Tools_CreatePeriodMeasure:00000016 .LVL2
C:\Users\Andrea\AppData\Local\Temp\ccyABeiu.s:35     .text.Tools_CreatePeriodMeasure:00000020 .LVL5
C:\Users\Andrea\AppData\Local\Temp\ccyABeiu.s:828    .debug_str:0000003c .LASF15
C:\Users\Andrea\AppData\Local\Temp\ccyABeiu.s:76     .text.Tools_PeriodMeasure:00000028 .LFE1
C:\Users\Andrea\AppData\Local\Temp\ccyABeiu.s:735    .debug_loc:0000006a .LLST3
C:\Users\Andrea\AppData\Local\Temp\ccyABeiu.s:748    .debug_loc:0000008a .LLST4
C:\Users\Andrea\AppData\Local\Temp\ccyABeiu.s:759    .debug_loc:000000a8 .LLST5
C:\Users\Andrea\AppData\Local\Temp\ccyABeiu.s:52     .text.Tools_PeriodMeasure:00000008 .LVL7
C:\Users\Andrea\AppData\Local\Temp\ccyABeiu.s:59     .text.Tools_PeriodMeasure:00000010 .LVL9
C:\Users\Andrea\AppData\Local\Temp\ccyABeiu.s:842    .debug_str:000000ae .LASF21
C:\Users\Andrea\AppData\Local\Temp\ccyABeiu.s:100    .text.Tools_GetPeriodCycles:0000000d .LFE2
C:\Users\Andrea\AppData\Local\Temp\ccyABeiu.s:766    .debug_loc:000000bb .LLST6
C:\Users\Andrea\AppData\Local\Temp\ccyABeiu.s:860    .debug_str:00000174 .LASF22
C:\Users\Andrea\AppData\Local\Temp\ccyABeiu.s:830    .debug_str:00000050 .LASF23
C:\Users\Andrea\AppData\Local\Temp\ccyABeiu.s:13     .text.Tools_CreatePeriodMeasure:00000002 .LCFI0
C:\Users\Andrea\AppData\Local\Temp\ccyABeiu.s:15     .text.Tools_CreatePeriodMeasure:00000004 .LCFI1
C:\Users\Andrea\AppData\Local\Temp\ccyABeiu.s:11     .text.Tools_CreatePeriodMeasure:00000000 .LVL0
C:\Users\Andrea\AppData\Local\Temp\ccyABeiu.s:21     .text.Tools_CreatePeriodMeasure:0000000d .LVL1
C:\Users\Andrea\AppData\Local\Temp\ccyABeiu.s:29     .text.Tools_CreatePeriodMeasure:00000018 .LVL3
C:\Users\Andrea\AppData\Local\Temp\ccyABeiu.s:31     .text.Tools_CreatePeriodMeasure:0000001a .LVL4
C:\Users\Andrea\AppData\Local\Temp\ccyABeiu.s:48     .text.Tools_PeriodMeasure:00000002 .LCFI2
C:\Users\Andrea\AppData\Local\Temp\ccyABeiu.s:46     .text.Tools_PeriodMeasure:00000000 .LVL6
C:\Users\Andrea\AppData\Local\Temp\ccyABeiu.s:55     .text.Tools_PeriodMeasure:0000000a .LVL8
C:\Users\Andrea\AppData\Local\Temp\ccyABeiu.s:72     .text.Tools_PeriodMeasure:00000022 .LVL10
C:\Users\Andrea\AppData\Local\Temp\ccyABeiu.s:84     .text.Tools_GetPeriodCycles:00000000 .LVL11
C:\Users\Andrea\AppData\Local\Temp\ccyABeiu.s:91     .text.Tools_GetPeriodCycles:00000009 .LVL12
C:\Users\Andrea\AppData\Local\Temp\ccyABeiu.s:93     .text.Tools_GetPeriodCycles:0000000a .LVL13
C:\Users\Andrea\AppData\Local\Temp\ccyABeiu.s:97     .text.Tools_GetPeriodCycles:0000000c .LVL14
C:\Users\Andrea\AppData\Local\Temp\ccyABeiu.s:176    .debug_info:00000000 .Ldebug_info0

UNDEFINED SYMBOLS
_OS_Timing_Start
_OS_Timing_End
