   1                             		.file	"voltage.c"
   2                             		.section P,"ax"
   3                             	.Ltext0:
   4                             		.section	.text.VoltageMonitor_Init,"ax",@progbits
   5                             		.global	_VoltageMonitor_Init
   7                             	_VoltageMonitor_Init:
   8                             	.LFB0:
   9                             		.file 1 "C:/Workspace/FW_Inertia/branch_indesit/HAL/RN_RX200/IEC60335_B_libs/src/Voltage/voltage.c
   1:C:/Workspace/FW_Inertia/branch_indesit/HAL/RN_RX200/IEC60335_B_libs/src/Voltage\voltage.c **** /*******************************************************************************
   2:C:/Workspace/FW_Inertia/branch_indesit/HAL/RN_RX200/IEC60335_B_libs/src/Voltage\voltage.c **** * DISCLAIMER
   3:C:/Workspace/FW_Inertia/branch_indesit/HAL/RN_RX200/IEC60335_B_libs/src/Voltage\voltage.c **** * This software is supplied by Renesas Electronics Corporation and is only
   4:C:/Workspace/FW_Inertia/branch_indesit/HAL/RN_RX200/IEC60335_B_libs/src/Voltage\voltage.c **** * intended for use with Renesas products. No other uses are authorized. This
   5:C:/Workspace/FW_Inertia/branch_indesit/HAL/RN_RX200/IEC60335_B_libs/src/Voltage\voltage.c **** * software is owned by Renesas Electronics Corporation and is protected under
   6:C:/Workspace/FW_Inertia/branch_indesit/HAL/RN_RX200/IEC60335_B_libs/src/Voltage\voltage.c **** * all applicable laws, including copyright laws.
   7:C:/Workspace/FW_Inertia/branch_indesit/HAL/RN_RX200/IEC60335_B_libs/src/Voltage\voltage.c **** * THIS SOFTWARE IS PROVIDED "AS IS" AND RENESAS MAKES NO WARRANTIES REGARDING
   8:C:/Workspace/FW_Inertia/branch_indesit/HAL/RN_RX200/IEC60335_B_libs/src/Voltage\voltage.c **** * THIS SOFTWARE, WHETHER EXPRESS, IMPLIED OR STATUTORY, INCLUDING BUT NOT
   9:C:/Workspace/FW_Inertia/branch_indesit/HAL/RN_RX200/IEC60335_B_libs/src/Voltage\voltage.c **** * LIMITED TO WARRANTIES OF MERCHANTABILITY, FITNESS FOR A PARTICULAR PURPOSE
  10:C:/Workspace/FW_Inertia/branch_indesit/HAL/RN_RX200/IEC60335_B_libs/src/Voltage\voltage.c **** * AND NON-INFRINGEMENT. ALL SUCH WARRANTIES ARE EXPRESSLY DISCLAIMED.
  11:C:/Workspace/FW_Inertia/branch_indesit/HAL/RN_RX200/IEC60335_B_libs/src/Voltage\voltage.c **** * TO THE MAXIMUM EXTENT PERMITTED NOT PROHIBITED BY LAW, NEITHER RENESAS
  12:C:/Workspace/FW_Inertia/branch_indesit/HAL/RN_RX200/IEC60335_B_libs/src/Voltage\voltage.c **** * ELECTRONICS CORPORATION NOR ANY OF ITS AFFILIATED COMPANIES SHALL BE LIABLE
  13:C:/Workspace/FW_Inertia/branch_indesit/HAL/RN_RX200/IEC60335_B_libs/src/Voltage\voltage.c **** * FOR ANY DIRECT, INDIRECT, SPECIAL, INCIDENTAL OR CONSEQUENTIAL DAMAGES FOR
  14:C:/Workspace/FW_Inertia/branch_indesit/HAL/RN_RX200/IEC60335_B_libs/src/Voltage\voltage.c **** * ANY REASON RELATED TO THIS SOFTWARE, EVEN IF RENESAS OR ITS AFFILIATES HAVE
  15:C:/Workspace/FW_Inertia/branch_indesit/HAL/RN_RX200/IEC60335_B_libs/src/Voltage\voltage.c **** * BEEN ADVISED OF THE POSSIBILITY OF SUCH DAMAGES.
  16:C:/Workspace/FW_Inertia/branch_indesit/HAL/RN_RX200/IEC60335_B_libs/src/Voltage\voltage.c **** * Renesas reserves the right, without notice, to make changes to this software
  17:C:/Workspace/FW_Inertia/branch_indesit/HAL/RN_RX200/IEC60335_B_libs/src/Voltage\voltage.c **** * and to discontinue the availability of this software. By using this software,
  18:C:/Workspace/FW_Inertia/branch_indesit/HAL/RN_RX200/IEC60335_B_libs/src/Voltage\voltage.c **** * you agree to the additional terms and conditions found by accessing the
  19:C:/Workspace/FW_Inertia/branch_indesit/HAL/RN_RX200/IEC60335_B_libs/src/Voltage\voltage.c **** * following link:
  20:C:/Workspace/FW_Inertia/branch_indesit/HAL/RN_RX200/IEC60335_B_libs/src/Voltage\voltage.c **** * http://www.renesas.com/disclaimer
  21:C:/Workspace/FW_Inertia/branch_indesit/HAL/RN_RX200/IEC60335_B_libs/src/Voltage\voltage.c **** *******************************************************************************/
  22:C:/Workspace/FW_Inertia/branch_indesit/HAL/RN_RX200/IEC60335_B_libs/src/Voltage\voltage.c **** /* Copyright (C) 2010 Renesas Electronics Corporation. All rights reserved. */
  23:C:/Workspace/FW_Inertia/branch_indesit/HAL/RN_RX200/IEC60335_B_libs/src/Voltage\voltage.c **** /**********************************************************************
  24:C:/Workspace/FW_Inertia/branch_indesit/HAL/RN_RX200/IEC60335_B_libs/src/Voltage\voltage.c **** * File Name : Voltage.c
  25:C:/Workspace/FW_Inertia/branch_indesit/HAL/RN_RX200/IEC60335_B_libs/src/Voltage\voltage.c **** * Version : 1.00
  26:C:/Workspace/FW_Inertia/branch_indesit/HAL/RN_RX200/IEC60335_B_libs/src/Voltage\voltage.c **** * Device : RX210
  27:C:/Workspace/FW_Inertia/branch_indesit/HAL/RN_RX200/IEC60335_B_libs/src/Voltage\voltage.c **** * Tool Chain :
  28:C:/Workspace/FW_Inertia/branch_indesit/HAL/RN_RX200/IEC60335_B_libs/src/Voltage\voltage.c **** * H/W Platform : 
  29:C:/Workspace/FW_Inertia/branch_indesit/HAL/RN_RX200/IEC60335_B_libs/src/Voltage\voltage.c **** * Description : Self Test code.
  30:C:/Workspace/FW_Inertia/branch_indesit/HAL/RN_RX200/IEC60335_B_libs/src/Voltage\voltage.c **** *               Monitors voltage level.
  31:C:/Workspace/FW_Inertia/branch_indesit/HAL/RN_RX200/IEC60335_B_libs/src/Voltage\voltage.c **** *               Generate an NMI Interrupt if voltage drops below
  32:C:/Workspace/FW_Inertia/branch_indesit/HAL/RN_RX200/IEC60335_B_libs/src/Voltage\voltage.c **** *				a specified voltage level.
  33:C:/Workspace/FW_Inertia/branch_indesit/HAL/RN_RX200/IEC60335_B_libs/src/Voltage\voltage.c **** *				User must supply NMI handler.
  34:C:/Workspace/FW_Inertia/branch_indesit/HAL/RN_RX200/IEC60335_B_libs/src/Voltage\voltage.c **** **********************************************************************/
  35:C:/Workspace/FW_Inertia/branch_indesit/HAL/RN_RX200/IEC60335_B_libs/src/Voltage\voltage.c **** 
  36:C:/Workspace/FW_Inertia/branch_indesit/HAL/RN_RX200/IEC60335_B_libs/src/Voltage\voltage.c **** /**********************************************************************************
  37:C:/Workspace/FW_Inertia/branch_indesit/HAL/RN_RX200/IEC60335_B_libs/src/Voltage\voltage.c **** Revision History
  38:C:/Workspace/FW_Inertia/branch_indesit/HAL/RN_RX200/IEC60335_B_libs/src/Voltage\voltage.c **** DD-MMM-YYYY OSO-UID Description
  39:C:/Workspace/FW_Inertia/branch_indesit/HAL/RN_RX200/IEC60335_B_libs/src/Voltage\voltage.c **** 01-Sep-2011 RTE-PJI First Release
  40:C:/Workspace/FW_Inertia/branch_indesit/HAL/RN_RX200/IEC60335_B_libs/src/Voltage\voltage.c **** ***********************************************************************************/
  41:C:/Workspace/FW_Inertia/branch_indesit/HAL/RN_RX200/IEC60335_B_libs/src/Voltage\voltage.c **** 
  42:C:/Workspace/FW_Inertia/branch_indesit/HAL/RN_RX200/IEC60335_B_libs/src/Voltage\voltage.c **** /**********************************************************************
  43:C:/Workspace/FW_Inertia/branch_indesit/HAL/RN_RX200/IEC60335_B_libs/src/Voltage\voltage.c **** Includes
  44:C:/Workspace/FW_Inertia/branch_indesit/HAL/RN_RX200/IEC60335_B_libs/src/Voltage\voltage.c **** **********************************************************************/
  45:C:/Workspace/FW_Inertia/branch_indesit/HAL/RN_RX200/IEC60335_B_libs/src/Voltage\voltage.c **** #include <stddef.h> /*Provides NULL declaration*/
  46:C:/Workspace/FW_Inertia/branch_indesit/HAL/RN_RX200/IEC60335_B_libs/src/Voltage\voltage.c **** #include "RN_RX200_reg.h"
  47:C:/Workspace/FW_Inertia/branch_indesit/HAL/RN_RX200/IEC60335_B_libs/src/Voltage\voltage.c **** #include "voltage.h"
  48:C:/Workspace/FW_Inertia/branch_indesit/HAL/RN_RX200/IEC60335_B_libs/src/Voltage\voltage.c **** 
  49:C:/Workspace/FW_Inertia/branch_indesit/HAL/RN_RX200/IEC60335_B_libs/src/Voltage\voltage.c **** /**********************************************************************
  50:C:/Workspace/FW_Inertia/branch_indesit/HAL/RN_RX200/IEC60335_B_libs/src/Voltage\voltage.c **** defines
  51:C:/Workspace/FW_Inertia/branch_indesit/HAL/RN_RX200/IEC60335_B_libs/src/Voltage\voltage.c **** **********************************************************************/
  52:C:/Workspace/FW_Inertia/branch_indesit/HAL/RN_RX200/IEC60335_B_libs/src/Voltage\voltage.c **** 
  53:C:/Workspace/FW_Inertia/branch_indesit/HAL/RN_RX200/IEC60335_B_libs/src/Voltage\voltage.c **** /**********************************************************************
  54:C:/Workspace/FW_Inertia/branch_indesit/HAL/RN_RX200/IEC60335_B_libs/src/Voltage\voltage.c **** Variables
  55:C:/Workspace/FW_Inertia/branch_indesit/HAL/RN_RX200/IEC60335_B_libs/src/Voltage\voltage.c **** **********************************************************************/
  56:C:/Workspace/FW_Inertia/branch_indesit/HAL/RN_RX200/IEC60335_B_libs/src/Voltage\voltage.c **** 
  57:C:/Workspace/FW_Inertia/branch_indesit/HAL/RN_RX200/IEC60335_B_libs/src/Voltage\voltage.c **** /**********************************************************************
  58:C:/Workspace/FW_Inertia/branch_indesit/HAL/RN_RX200/IEC60335_B_libs/src/Voltage\voltage.c **** Functions
  59:C:/Workspace/FW_Inertia/branch_indesit/HAL/RN_RX200/IEC60335_B_libs/src/Voltage\voltage.c **** **********************************************************************/
  60:C:/Workspace/FW_Inertia/branch_indesit/HAL/RN_RX200/IEC60335_B_libs/src/Voltage\voltage.c **** 
  61:C:/Workspace/FW_Inertia/branch_indesit/HAL/RN_RX200/IEC60335_B_libs/src/Voltage\voltage.c **** 
  62:C:/Workspace/FW_Inertia/branch_indesit/HAL/RN_RX200/IEC60335_B_libs/src/Voltage\voltage.c **** /***********************************************************************************
  63:C:/Workspace/FW_Inertia/branch_indesit/HAL/RN_RX200/IEC60335_B_libs/src/Voltage\voltage.c **** Function Name : VoltageMonitor_Init
  64:C:/Workspace/FW_Inertia/branch_indesit/HAL/RN_RX200/IEC60335_B_libs/src/Voltage\voltage.c **** 
  65:C:/Workspace/FW_Inertia/branch_indesit/HAL/RN_RX200/IEC60335_B_libs/src/Voltage\voltage.c **** Description   :	Start monitoring the VCC voltage level.
  66:C:/Workspace/FW_Inertia/branch_indesit/HAL/RN_RX200/IEC60335_B_libs/src/Voltage\voltage.c **** 
  67:C:/Workspace/FW_Inertia/branch_indesit/HAL/RN_RX200/IEC60335_B_libs/src/Voltage\voltage.c **** 				If low voltage is detected a Non-Maskable Interrupt (NMI)
  68:C:/Workspace/FW_Inertia/branch_indesit/HAL/RN_RX200/IEC60335_B_libs/src/Voltage\voltage.c **** 				will be generated that the user must handle.
  69:C:/Workspace/FW_Inertia/branch_indesit/HAL/RN_RX200/IEC60335_B_libs/src/Voltage\voltage.c **** 				
  70:C:/Workspace/FW_Inertia/branch_indesit/HAL/RN_RX200/IEC60335_B_libs/src/Voltage\voltage.c **** 				This uses the LVD1 circuit.
  71:C:/Workspace/FW_Inertia/branch_indesit/HAL/RN_RX200/IEC60335_B_libs/src/Voltage\voltage.c **** 				Note that there is also LVD0 and LVD2 circuits avaialable.
  72:C:/Workspace/FW_Inertia/branch_indesit/HAL/RN_RX200/IEC60335_B_libs/src/Voltage\voltage.c **** 				If an NMI is not the desired behaviour, the HW can generate
  73:C:/Workspace/FW_Inertia/branch_indesit/HAL/RN_RX200/IEC60335_B_libs/src/Voltage\voltage.c **** 				a reset or maskable interrupt instead.
  74:C:/Workspace/FW_Inertia/branch_indesit/HAL/RN_RX200/IEC60335_B_libs/src/Voltage\voltage.c **** 				The HW also supports a digital filter which this sample does not use.		
  75:C:/Workspace/FW_Inertia/branch_indesit/HAL/RN_RX200/IEC60335_B_libs/src/Voltage\voltage.c **** 				
  76:C:/Workspace/FW_Inertia/branch_indesit/HAL/RN_RX200/IEC60335_B_libs/src/Voltage\voltage.c **** Parameters    : eVoltage: The volatge level that if VCC drops below will cause
  77:C:/Workspace/FW_Inertia/branch_indesit/HAL/RN_RX200/IEC60335_B_libs/src/Voltage\voltage.c **** 							a low voltage detection.
  78:C:/Workspace/FW_Inertia/branch_indesit/HAL/RN_RX200/IEC60335_B_libs/src/Voltage\voltage.c **** Return value  : 
  79:C:/Workspace/FW_Inertia/branch_indesit/HAL/RN_RX200/IEC60335_B_libs/src/Voltage\voltage.c **** ***********************************************************************************/
  80:C:/Workspace/FW_Inertia/branch_indesit/HAL/RN_RX200/IEC60335_B_libs/src/Voltage\voltage.c **** void VoltageMonitor_Init(VOLTAGE_MONITOR_LEVEL eVoltage)
  81:C:/Workspace/FW_Inertia/branch_indesit/HAL/RN_RX200/IEC60335_B_libs/src/Voltage\voltage.c **** {
  10                             		.loc 1 81 0
  11                             	.LVL0:
  12 0000 60 40                   		sub	#4, r0
  13                             	.LCFI0:
  82:C:/Workspace/FW_Inertia/branch_indesit/HAL/RN_RX200/IEC60335_B_libs/src/Voltage\voltage.c **** 	volatile uint32_t delay;
  83:C:/Workspace/FW_Inertia/branch_indesit/HAL/RN_RX200/IEC60335_B_libs/src/Voltage\voltage.c **** 	
  84:C:/Workspace/FW_Inertia/branch_indesit/HAL/RN_RX200/IEC60335_B_libs/src/Voltage\voltage.c **** 	/*Disable PRC3 write protection of registers*/
  85:C:/Workspace/FW_Inertia/branch_indesit/HAL/RN_RX200/IEC60335_B_libs/src/Voltage\voltage.c **** 	SYSTEM.PRCR.WORD = 0xA508;
  14                             		.loc 1 85 0
  15 0002 FB EE 00 00 08          		mov.L	#0x80000, r14
  16 0007 FA E9 FF 01 08 A5       		mov.W	#0xffffa508, 1022[r14]
  86:C:/Workspace/FW_Inertia/branch_indesit/HAL/RN_RX200/IEC60335_B_libs/src/Voltage\voltage.c **** 	
  87:C:/Workspace/FW_Inertia/branch_indesit/HAL/RN_RX200/IEC60335_B_libs/src/Voltage\voltage.c **** 	/*Select voltage level*/
  88:C:/Workspace/FW_Inertia/branch_indesit/HAL/RN_RX200/IEC60335_B_libs/src/Voltage\voltage.c **** 	SYSTEM.LVDLVLR.BIT.LVD1LVL = eVoltage;
  17                             		.loc 1 88 0
  18 000d 64 F1                   		and #15, r1
  19                             	.LVL1:
  20 000f CE E4 98 C2             		mov.B	49816[r14], r4
  21 0013 75 24 F0                		and #-16, r4
  22 0016 57 41                   		or	r4, r1
  23 0018 CB E1 98 C2             		mov.B	r1, 49816[r14]
  89:C:/Workspace/FW_Inertia/branch_indesit/HAL/RN_RX200/IEC60335_B_libs/src/Voltage\voltage.c **** 	
  90:C:/Workspace/FW_Inertia/branch_indesit/HAL/RN_RX200/IEC60335_B_libs/src/Voltage\voltage.c **** 	/*Internal reference voltage*/
  91:C:/Workspace/FW_Inertia/branch_indesit/HAL/RN_RX200/IEC60335_B_libs/src/Voltage\voltage.c **** 	SYSTEM.LVCMPCR.BIT.EXVREFINP1 = 0;
  24                             		.loc 1 91 0
  25 001c CE E4 97 C2             		mov.B	49815[r14], r4
  26 0020 7A 04                   		bclr	#0, r4
  27 0022 CB E4 97 C2             		mov.B	r4, 49815[r14]
  92:C:/Workspace/FW_Inertia/branch_indesit/HAL/RN_RX200/IEC60335_B_libs/src/Voltage\voltage.c **** 	
  93:C:/Workspace/FW_Inertia/branch_indesit/HAL/RN_RX200/IEC60335_B_libs/src/Voltage\voltage.c **** 	/*Monitor Vcc */
  94:C:/Workspace/FW_Inertia/branch_indesit/HAL/RN_RX200/IEC60335_B_libs/src/Voltage\voltage.c **** 	SYSTEM.LVCMPCR.BIT.EXVCCINP1 = 0;
  28                             		.loc 1 94 0
  29 0026 CE E4 97 C2             		mov.B	49815[r14], r4
  30 002a 7A 14                   		bclr	#1, r4
  31 002c CB E4 97 C2             		mov.B	r4, 49815[r14]
  95:C:/Workspace/FW_Inertia/branch_indesit/HAL/RN_RX200/IEC60335_B_libs/src/Voltage\voltage.c **** 	
  96:C:/Workspace/FW_Inertia/branch_indesit/HAL/RN_RX200/IEC60335_B_libs/src/Voltage\voltage.c **** 	/*Interrupt if Vcc < Vdet1 */
  97:C:/Workspace/FW_Inertia/branch_indesit/HAL/RN_RX200/IEC60335_B_libs/src/Voltage\voltage.c **** 	SYSTEM.LVD1CR1.BIT.LVD1IDTSEL = 1;
  32                             		.loc 1 97 0
  33 0030 CD E4 E0                		mov.B	224[r14], r4
  34 0033 75 24 FC                		and #-4, r4
  35 0036 78 04                   		bset #0, r4
  36 0038 C7 E4 E0                		mov.B	r4, 224[r14]
  98:C:/Workspace/FW_Inertia/branch_indesit/HAL/RN_RX200/IEC60335_B_libs/src/Voltage\voltage.c **** 	
  99:C:/Workspace/FW_Inertia/branch_indesit/HAL/RN_RX200/IEC60335_B_libs/src/Voltage\voltage.c **** 	/*Select interrupt not reset*/
 100:C:/Workspace/FW_Inertia/branch_indesit/HAL/RN_RX200/IEC60335_B_libs/src/Voltage\voltage.c **** 	SYSTEM.LVD1CR0.BIT.LVD1RI = 0;
  37                             		.loc 1 100 0
  38 003b CE E4 9A C2             		mov.B	49818[r14], r4
  39 003f 7A 64                   		bclr	#6, r4
  40 0041 CB E4 9A C2             		mov.B	r4, 49818[r14]
 101:C:/Workspace/FW_Inertia/branch_indesit/HAL/RN_RX200/IEC60335_B_libs/src/Voltage\voltage.c **** 	
 102:C:/Workspace/FW_Inertia/branch_indesit/HAL/RN_RX200/IEC60335_B_libs/src/Voltage\voltage.c **** 	/*Select NMI interrupt not maskable*/
 103:C:/Workspace/FW_Inertia/branch_indesit/HAL/RN_RX200/IEC60335_B_libs/src/Voltage\voltage.c **** 	SYSTEM.LVD1CR1.BIT.LVD1IRQSEL = 0;
  41                             		.loc 1 103 0
  42 0045 CD E4 E0                		mov.B	224[r14], r4
  43 0048 7A 24                   		bclr	#2, r4
  44 004a C7 E4 E0                		mov.B	r4, 224[r14]
 104:C:/Workspace/FW_Inertia/branch_indesit/HAL/RN_RX200/IEC60335_B_libs/src/Voltage\voltage.c **** 	
 105:C:/Workspace/FW_Inertia/branch_indesit/HAL/RN_RX200/IEC60335_B_libs/src/Voltage\voltage.c **** 	/*Enable Interrupt  (or Reset)*/
 106:C:/Workspace/FW_Inertia/branch_indesit/HAL/RN_RX200/IEC60335_B_libs/src/Voltage\voltage.c **** 	SYSTEM.LVD1CR0.BIT.LVD1RIE = 1;
  45                             		.loc 1 106 0
  46 004d CE E4 9A C2             		mov.B	49818[r14], r4
  47 0051 78 04                   		bset	#0, r4
  48 0053 CB E4 9A C2             		mov.B	r4, 49818[r14]
 107:C:/Workspace/FW_Inertia/branch_indesit/HAL/RN_RX200/IEC60335_B_libs/src/Voltage\voltage.c **** 	
 108:C:/Workspace/FW_Inertia/branch_indesit/HAL/RN_RX200/IEC60335_B_libs/src/Voltage\voltage.c **** 	/*Enable LVD1*/
 109:C:/Workspace/FW_Inertia/branch_indesit/HAL/RN_RX200/IEC60335_B_libs/src/Voltage\voltage.c **** 	SYSTEM.LVCMPCR.BIT.LVD1E = 1;
  49                             		.loc 1 109 0
  50 0057 CE E4 97 C2             		mov.B	49815[r14], r4
  51 005b 78 54                   		bset	#5, r4
  52 005d CB E4 97 C2             		mov.B	r4, 49815[r14]
 110:C:/Workspace/FW_Inertia/branch_indesit/HAL/RN_RX200/IEC60335_B_libs/src/Voltage\voltage.c **** 	
 111:C:/Workspace/FW_Inertia/branch_indesit/HAL/RN_RX200/IEC60335_B_libs/src/Voltage\voltage.c **** 	/*Wait at least td(E-A) = MAX 100uS*/
 112:C:/Workspace/FW_Inertia/branch_indesit/HAL/RN_RX200/IEC60335_B_libs/src/Voltage\voltage.c **** 	delay = 1000; /*At 50MHz this will generate a long enough delay.*/
  53                             		.loc 1 112 0
  54 0061 F8 0A E8 03             		mov.L	#0x3e8, [r0]
  55                             	.LVL2:
 113:C:/Workspace/FW_Inertia/branch_indesit/HAL/RN_RX200/IEC60335_B_libs/src/Voltage\voltage.c **** 	while(0 != delay){delay--;}
  56                             		.loc 1 113 0
  57 0065 0F                      		bra	.L2
  58                             	.L3:
  59                             		.loc 1 113 0 is_stmt 0 discriminator 2
  60 0066 EC 0E                   		mov.L	[r0], r14
  61 0068 60 1E                   		sub	#1, r14
  62                             	.LVL3:
  63 006a E3 0E                   		mov.L	r14, [r0]
  64                             	.LVL4:
  65                             		.balign 2,3,1
  66                             	.L2:
  67                             		.loc 1 113 0 discriminator 1
  68 006c EC 0E                   		mov.L	[r0], r14
  69 006e 61 0E                   		cmp	#0, r14
  70 0070 21 F6                   		bne	.L3
 114:C:/Workspace/FW_Inertia/branch_indesit/HAL/RN_RX200/IEC60335_B_libs/src/Voltage\voltage.c **** 	
 115:C:/Workspace/FW_Inertia/branch_indesit/HAL/RN_RX200/IEC60335_B_libs/src/Voltage\voltage.c **** 	/*Enable output of the results */
 116:C:/Workspace/FW_Inertia/branch_indesit/HAL/RN_RX200/IEC60335_B_libs/src/Voltage\voltage.c **** 	SYSTEM.LVD1CR0.BIT.LVD1CMPE = 1;
  71                             		.loc 1 116 0 is_stmt 1
  72 0072 FB EE 00 00 08          		mov.L	#0x80000, r14
  73 0077 CE E4 9A C2             		mov.B	49818[r14], r4
  74 007b 78 24                   		bset	#2, r4
  75 007d CB E4 9A C2             		mov.B	r4, 49818[r14]
 117:C:/Workspace/FW_Inertia/branch_indesit/HAL/RN_RX200/IEC60335_B_libs/src/Voltage\voltage.c **** 	
 118:C:/Workspace/FW_Inertia/branch_indesit/HAL/RN_RX200/IEC60335_B_libs/src/Voltage\voltage.c **** 	/*Enable write protection of registers*/
 119:C:/Workspace/FW_Inertia/branch_indesit/HAL/RN_RX200/IEC60335_B_libs/src/Voltage\voltage.c **** 	SYSTEM.PRCR.WORD = 0xA500;
  76                             		.loc 1 119 0
  77 0081 FA E9 FF 01 00 A5       		mov.W	#0xffffa500, 1022[r14]
 120:C:/Workspace/FW_Inertia/branch_indesit/HAL/RN_RX200/IEC60335_B_libs/src/Voltage\voltage.c **** 	
 121:C:/Workspace/FW_Inertia/branch_indesit/HAL/RN_RX200/IEC60335_B_libs/src/Voltage\voltage.c **** 	/*Enable Interrupt (NMI) on ICU*/
 122:C:/Workspace/FW_Inertia/branch_indesit/HAL/RN_RX200/IEC60335_B_libs/src/Voltage\voltage.c **** 	ICU.NMIER.BIT.LVD1EN = 1;
  78                             		.loc 1 122 0
  79 0087 FB EE 00 70 08          		mov.L	#0x87000, r14
  80 008c CE E4 81 05             		mov.B	1409[r14], r4
  81 0090 78 44                   		bset	#4, r4
  82 0092 CB E4 81 05             		mov.B	r4, 1409[r14]
 123:C:/Workspace/FW_Inertia/branch_indesit/HAL/RN_RX200/IEC60335_B_libs/src/Voltage\voltage.c **** }
  83                             		.loc 1 123 0
  84 0096 67 01                   		rtsd	#4
  85                             	.LFE0:
 117                             	.Letext0:
 118                             		.file 2 "C:\\Workspace\\FW_Inertia\\branch_indesit\\HAL\\RN_RX200/RN_RX200_reg.h"
 119                             		.file 3 "C:\\Workspace\\FW_Inertia\\branch_indesit\\HAL\\RN_RX200\\IEC60335_B_libs\\src\\Common/mi
 120                             		.file 4 "C:/Workspace/FW_Inertia/branch_indesit/HAL/RN_RX200/IEC60335_B_libs/src/Voltage/voltage.h
DEFINED SYMBOLS
                            *ABS*:00000000 voltage.c
C:\Users\Andrea\AppData\Local\Temp\ccKkigWV.s:7      .text.VoltageMonitor_Init:00000000 _VoltageMonitor_Init
C:\Users\Andrea\AppData\Local\Temp\ccKkigWV.s:12     .text.VoltageMonitor_Init:00000000 L0
C:\Users\Andrea\AppData\Local\Temp\ccKkigWV.s:88     .debug_frame:00000000 .Lframe0
C:\Users\Andrea\AppData\Local\Temp\ccKkigWV.s:8      .text.VoltageMonitor_Init:00000000 .LFB0
C:\Users\Andrea\AppData\Local\Temp\ccKkigWV.s:5142   .debug_abbrev:00000000 .Ldebug_abbrev0
C:\Users\Andrea\AppData\Local\Temp\ccKkigWV.s:6120   .debug_str:00000a32 .LASF320
C:\Users\Andrea\AppData\Local\Temp\ccKkigWV.s:5668   .debug_str:00000249 .LASF321
C:\Users\Andrea\AppData\Local\Temp\ccKkigWV.s:5504   .debug_ranges:00000000 .Ldebug_ranges0
C:\Users\Andrea\AppData\Local\Temp\ccKkigWV.s:5510   .debug_line:00000000 .Ldebug_line0
C:\Users\Andrea\AppData\Local\Temp\ccKkigWV.s:6012   .debug_str:0000084e .LASF0
C:\Users\Andrea\AppData\Local\Temp\ccKkigWV.s:6068   .debug_str:00000941 .LASF1
C:\Users\Andrea\AppData\Local\Temp\ccKkigWV.s:6118   .debug_str:00000a1f .LASF2
C:\Users\Andrea\AppData\Local\Temp\ccKkigWV.s:5888   .debug_str:00000628 .LASF3
C:\Users\Andrea\AppData\Local\Temp\ccKkigWV.s:6026   .debug_str:0000089a .LASF4
C:\Users\Andrea\AppData\Local\Temp\ccKkigWV.s:5518   .debug_str:00000016 .LASF5
C:\Users\Andrea\AppData\Local\Temp\ccKkigWV.s:5854   .debug_str:0000059c .LASF6
C:\Users\Andrea\AppData\Local\Temp\ccKkigWV.s:5884   .debug_str:0000061b .LASF7
C:\Users\Andrea\AppData\Local\Temp\ccKkigWV.s:5648   .debug_str:00000207 .LASF8
C:\Users\Andrea\AppData\Local\Temp\ccKkigWV.s:5646   .debug_str:00000202 .LASF9
C:\Users\Andrea\AppData\Local\Temp\ccKkigWV.s:5644   .debug_str:000001fd .LASF10
C:\Users\Andrea\AppData\Local\Temp\ccKkigWV.s:5710   .debug_str:00000370 .LASF11
C:\Users\Andrea\AppData\Local\Temp\ccKkigWV.s:5640   .debug_str:000001f2 .LASF12
C:\Users\Andrea\AppData\Local\Temp\ccKkigWV.s:5638   .debug_str:000001ed .LASF13
C:\Users\Andrea\AppData\Local\Temp\ccKkigWV.s:5636   .debug_str:000001e8 .LASF14
C:\Users\Andrea\AppData\Local\Temp\ccKkigWV.s:5634   .debug_str:000001e3 .LASF15
C:\Users\Andrea\AppData\Local\Temp\ccKkigWV.s:5920   .debug_str:000006bd .LASF16
C:\Users\Andrea\AppData\Local\Temp\ccKkigWV.s:5840   .debug_str:0000056e .LASF17
C:\Users\Andrea\AppData\Local\Temp\ccKkigWV.s:5862   .debug_str:000005b7 .LASF18
C:\Users\Andrea\AppData\Local\Temp\ccKkigWV.s:5590   .debug_str:00000146 .LASF19
C:\Users\Andrea\AppData\Local\Temp\ccKkigWV.s:5554   .debug_str:000000a2 .LASF20
C:\Users\Andrea\AppData\Local\Temp\ccKkigWV.s:5762   .debug_str:00000439 .LASF21
C:\Users\Andrea\AppData\Local\Temp\ccKkigWV.s:5760   .debug_str:00000432 .LASF22
C:\Users\Andrea\AppData\Local\Temp\ccKkigWV.s:5758   .debug_str:0000042b .LASF23
C:\Users\Andrea\AppData\Local\Temp\ccKkigWV.s:5756   .debug_str:00000424 .LASF24
C:\Users\Andrea\AppData\Local\Temp\ccKkigWV.s:5754   .debug_str:0000041d .LASF25
C:\Users\Andrea\AppData\Local\Temp\ccKkigWV.s:5752   .debug_str:00000416 .LASF26
C:\Users\Andrea\AppData\Local\Temp\ccKkigWV.s:5750   .debug_str:0000040f .LASF27
C:\Users\Andrea\AppData\Local\Temp\ccKkigWV.s:5748   .debug_str:00000408 .LASF28
C:\Users\Andrea\AppData\Local\Temp\ccKkigWV.s:5786   .debug_str:00000492 .LASF29
C:\Users\Andrea\AppData\Local\Temp\ccKkigWV.s:6008   .debug_str:0000083e .LASF30
C:\Users\Andrea\AppData\Local\Temp\ccKkigWV.s:6004   .debug_str:0000082f .LASF31
C:\Users\Andrea\AppData\Local\Temp\ccKkigWV.s:5782   .debug_str:00000484 .LASF32
C:\Users\Andrea\AppData\Local\Temp\ccKkigWV.s:5780   .debug_str:0000047b .LASF33
C:\Users\Andrea\AppData\Local\Temp\ccKkigWV.s:5996   .debug_str:000007fd .LASF34
C:\Users\Andrea\AppData\Local\Temp\ccKkigWV.s:5778   .debug_str:00000472 .LASF35
C:\Users\Andrea\AppData\Local\Temp\ccKkigWV.s:5776   .debug_str:00000469 .LASF36
C:\Users\Andrea\AppData\Local\Temp\ccKkigWV.s:5900   .debug_str:00000665 .LASF37
C:\Users\Andrea\AppData\Local\Temp\ccKkigWV.s:5976   .debug_str:000007a0 .LASF38
C:\Users\Andrea\AppData\Local\Temp\ccKkigWV.s:5804   .debug_str:000004e7 .LASF39
C:\Users\Andrea\AppData\Local\Temp\ccKkigWV.s:5734   .debug_str:000003d7 .LASF40
C:\Users\Andrea\AppData\Local\Temp\ccKkigWV.s:5596   .debug_str:00000159 .LASF41
C:\Users\Andrea\AppData\Local\Temp\ccKkigWV.s:5960   .debug_str:00000766 .LASF42
C:\Users\Andrea\AppData\Local\Temp\ccKkigWV.s:5612   .debug_str:0000018c .LASF43
C:\Users\Andrea\AppData\Local\Temp\ccKkigWV.s:6030   .debug_str:000008a9 .LASF44
C:\Users\Andrea\AppData\Local\Temp\ccKkigWV.s:5842   .debug_str:00000573 .LASF45
C:\Users\Andrea\AppData\Local\Temp\ccKkigWV.s:6028   .debug_str:000008a3 .LASF46
C:\Users\Andrea\AppData\Local\Temp\ccKkigWV.s:5652   .debug_str:00000214 .LASF47
C:\Users\Andrea\AppData\Local\Temp\ccKkigWV.s:6002   .debug_str:00000829 .LASF48
C:\Users\Andrea\AppData\Local\Temp\ccKkigWV.s:5966   .debug_str:0000077a .LASF49
C:\Users\Andrea\AppData\Local\Temp\ccKkigWV.s:5578   .debug_str:000000fc .LASF50
C:\Users\Andrea\AppData\Local\Temp\ccKkigWV.s:6046   .debug_str:000008f1 .LASF51
C:\Users\Andrea\AppData\Local\Temp\ccKkigWV.s:5896   .debug_str:00000653 .LASF52
C:\Users\Andrea\AppData\Local\Temp\ccKkigWV.s:5826   .debug_str:0000053d .LASF53
C:\Users\Andrea\AppData\Local\Temp\ccKkigWV.s:6144   .debug_str:00000abc .LASF54
C:\Users\Andrea\AppData\Local\Temp\ccKkigWV.s:5684   .debug_str:000002ef .LASF55
C:\Users\Andrea\AppData\Local\Temp\ccKkigWV.s:5592   .debug_str:0000014b .LASF56
C:\Users\Andrea\AppData\Local\Temp\ccKkigWV.s:5982   .debug_str:000007b8 .LASF57
C:\Users\Andrea\AppData\Local\Temp\ccKkigWV.s:6010   .debug_str:00000847 .LASF231
C:\Users\Andrea\AppData\Local\Temp\ccKkigWV.s:6108   .debug_str:000009fd .LASF58
C:\Users\Andrea\AppData\Local\Temp\ccKkigWV.s:5556   .debug_str:000000a8 .LASF59
C:\Users\Andrea\AppData\Local\Temp\ccKkigWV.s:5846   .debug_str:00000580 .LASF60
C:\Users\Andrea\AppData\Local\Temp\ccKkigWV.s:5848   .debug_str:00000587 .LASF61
C:\Users\Andrea\AppData\Local\Temp\ccKkigWV.s:5850   .debug_str:0000058e .LASF62
C:\Users\Andrea\AppData\Local\Temp\ccKkigWV.s:5852   .debug_str:00000595 .LASF63
C:\Users\Andrea\AppData\Local\Temp\ccKkigWV.s:5798   .debug_str:000004be .LASF64
C:\Users\Andrea\AppData\Local\Temp\ccKkigWV.s:6048   .debug_str:000008f9 .LASF65
C:\Users\Andrea\AppData\Local\Temp\ccKkigWV.s:5552   .debug_str:00000099 .LASF66
C:\Users\Andrea\AppData\Local\Temp\ccKkigWV.s:6050   .debug_str:000008fe .LASF67
C:\Users\Andrea\AppData\Local\Temp\ccKkigWV.s:6122   .debug_str:00000a58 .LASF68
C:\Users\Andrea\AppData\Local\Temp\ccKkigWV.s:6052   .debug_str:00000903 .LASF69
C:\Users\Andrea\AppData\Local\Temp\ccKkigWV.s:6016   .debug_str:00000865 .LASF70
C:\Users\Andrea\AppData\Local\Temp\ccKkigWV.s:6006   .debug_str:00000838 .LASF71
C:\Users\Andrea\AppData\Local\Temp\ccKkigWV.s:5910   .debug_str:0000069c .LASF72
C:\Users\Andrea\AppData\Local\Temp\ccKkigWV.s:6054   .debug_str:00000908 .LASF73
C:\Users\Andrea\AppData\Local\Temp\ccKkigWV.s:5680   .debug_str:000002cc .LASF74
C:\Users\Andrea\AppData\Local\Temp\ccKkigWV.s:5542   .debug_str:00000072 .LASF75
C:\Users\Andrea\AppData\Local\Temp\ccKkigWV.s:5676   .debug_str:000002bb .LASF76
C:\Users\Andrea\AppData\Local\Temp\ccKkigWV.s:5746   .debug_str:00000403 .LASF77
C:\Users\Andrea\AppData\Local\Temp\ccKkigWV.s:5876   .debug_str:000005fe .LASF78
C:\Users\Andrea\AppData\Local\Temp\ccKkigWV.s:5820   .debug_str:00000528 .LASF79
C:\Users\Andrea\AppData\Local\Temp\ccKkigWV.s:5962   .debug_str:0000076c .LASF80
C:\Users\Andrea\AppData\Local\Temp\ccKkigWV.s:5714   .debug_str:0000037c .LASF81
C:\Users\Andrea\AppData\Local\Temp\ccKkigWV.s:6018   .debug_str:0000086b .LASF82
C:\Users\Andrea\AppData\Local\Temp\ccKkigWV.s:6034   .debug_str:000008c4 .LASF83
C:\Users\Andrea\AppData\Local\Temp\ccKkigWV.s:5602   .debug_str:0000016b .LASF84
C:\Users\Andrea\AppData\Local\Temp\ccKkigWV.s:5938   .debug_str:00000701 .LASF85
C:\Users\Andrea\AppData\Local\Temp\ccKkigWV.s:5936   .debug_str:000006f9 .LASF86
C:\Users\Andrea\AppData\Local\Temp\ccKkigWV.s:5706   .debug_str:00000360 .LASF87
C:\Users\Andrea\AppData\Local\Temp\ccKkigWV.s:5932   .debug_str:000006eb .LASF88
C:\Users\Andrea\AppData\Local\Temp\ccKkigWV.s:5886   .debug_str:00000620 .LASF89
C:\Users\Andrea\AppData\Local\Temp\ccKkigWV.s:5882   .debug_str:00000613 .LASF90
C:\Users\Andrea\AppData\Local\Temp\ccKkigWV.s:5880   .debug_str:0000060b .LASF91
C:\Users\Andrea\AppData\Local\Temp\ccKkigWV.s:5878   .debug_str:00000603 .LASF92
C:\Users\Andrea\AppData\Local\Temp\ccKkigWV.s:5980   .debug_str:000007b1 .LASF93
C:\Users\Andrea\AppData\Local\Temp\ccKkigWV.s:5704   .debug_str:00000359 .LASF94
C:\Users\Andrea\AppData\Local\Temp\ccKkigWV.s:5838   .debug_str:00000567 .LASF95
C:\Users\Andrea\AppData\Local\Temp\ccKkigWV.s:6126   .debug_str:00000a69 .LASF96
C:\Users\Andrea\AppData\Local\Temp\ccKkigWV.s:5564   .debug_str:000000c6 .LASF97
C:\Users\Andrea\AppData\Local\Temp\ccKkigWV.s:5562   .debug_str:000000be .LASF98
C:\Users\Andrea\AppData\Local\Temp\ccKkigWV.s:5530   .debug_str:00000044 .LASF99
C:\Users\Andrea\AppData\Local\Temp\ccKkigWV.s:5528   .debug_str:0000003c .LASF100
C:\Users\Andrea\AppData\Local\Temp\ccKkigWV.s:5812   .debug_str:00000507 .LASF101
C:\Users\Andrea\AppData\Local\Temp\ccKkigWV.s:5522   .debug_str:00000022 .LASF102
C:\Users\Andrea\AppData\Local\Temp\ccKkigWV.s:6146   .debug_str:00000ac3 .LASF103
C:\Users\Andrea\AppData\Local\Temp\ccKkigWV.s:6138   .debug_str:00000aa4 .LASF104
C:\Users\Andrea\AppData\Local\Temp\ccKkigWV.s:6024   .debug_str:00000893 .LASF105
C:\Users\Andrea\AppData\Local\Temp\ccKkigWV.s:5940   .debug_str:00000709 .LASF106
C:\Users\Andrea\AppData\Local\Temp\ccKkigWV.s:5666   .debug_str:00000242 .LASF107
C:\Users\Andrea\AppData\Local\Temp\ccKkigWV.s:5930   .debug_str:000006e4 .LASF108
C:\Users\Andrea\AppData\Local\Temp\ccKkigWV.s:5808   .debug_str:000004f6 .LASF109
C:\Users\Andrea\AppData\Local\Temp\ccKkigWV.s:5806   .debug_str:000004ee .LASF110
C:\Users\Andrea\AppData\Local\Temp\ccKkigWV.s:5744   .debug_str:000003fb .LASF111
C:\Users\Andrea\AppData\Local\Temp\ccKkigWV.s:6072   .debug_str:00000955 .LASF112
C:\Users\Andrea\AppData\Local\Temp\ccKkigWV.s:5568   .debug_str:000000d8 .LASF113
C:\Users\Andrea\AppData\Local\Temp\ccKkigWV.s:5688   .debug_str:000002fd .LASF114
C:\Users\Andrea\AppData\Local\Temp\ccKkigWV.s:5692   .debug_str:00000309 .LASF115
C:\Users\Andrea\AppData\Local\Temp\ccKkigWV.s:5772   .debug_str:0000045d .LASF116
C:\Users\Andrea\AppData\Local\Temp\ccKkigWV.s:5792   .debug_str:000004ab .LASF117
C:\Users\Andrea\AppData\Local\Temp\ccKkigWV.s:5954   .debug_str:0000074f .LASF118
C:\Users\Andrea\AppData\Local\Temp\ccKkigWV.s:5834   .debug_str:0000055a .LASF119
C:\Users\Andrea\AppData\Local\Temp\ccKkigWV.s:5632   .debug_str:000001dd .LASF120
C:\Users\Andrea\AppData\Local\Temp\ccKkigWV.s:5582   .debug_str:0000011f .LASF121
C:\Users\Andrea\AppData\Local\Temp\ccKkigWV.s:5844   .debug_str:0000057a .LASF122
C:\Users\Andrea\AppData\Local\Temp\ccKkigWV.s:5730   .debug_str:000003ca .LASF123
C:\Users\Andrea\AppData\Local\Temp\ccKkigWV.s:5516   .debug_str:00000010 .LASF124
C:\Users\Andrea\AppData\Local\Temp\ccKkigWV.s:5992   .debug_str:000007f1 .LASF125
C:\Users\Andrea\AppData\Local\Temp\ccKkigWV.s:5598   .debug_str:0000015f .LASF126
C:\Users\Andrea\AppData\Local\Temp\ccKkigWV.s:5952   .debug_str:00000748 .LASF127
C:\Users\Andrea\AppData\Local\Temp\ccKkigWV.s:5600   .debug_str:00000165 .LASF128
C:\Users\Andrea\AppData\Local\Temp\ccKkigWV.s:6090   .debug_str:000009c8 .LASF129
C:\Users\Andrea\AppData\Local\Temp\ccKkigWV.s:5722   .debug_str:00000396 .LASF130
C:\Users\Andrea\AppData\Local\Temp\ccKkigWV.s:5626   .debug_str:000001c4 .LASF131
C:\Users\Andrea\AppData\Local\Temp\ccKkigWV.s:6044   .debug_str:000008e8 .LASF132
C:\Users\Andrea\AppData\Local\Temp\ccKkigWV.s:5836   .debug_str:00000562 .LASF133
C:\Users\Andrea\AppData\Local\Temp\ccKkigWV.s:6136   .debug_str:00000a9f .LASF134
C:\Users\Andrea\AppData\Local\Temp\ccKkigWV.s:5658   .debug_str:0000022a .LASF135
C:\Users\Andrea\AppData\Local\Temp\ccKkigWV.s:5604   .debug_str:00000170 .LASF136
C:\Users\Andrea\AppData\Local\Temp\ccKkigWV.s:5874   .debug_str:000005f8 .LASF137
C:\Users\Andrea\AppData\Local\Temp\ccKkigWV.s:5784   .debug_str:0000048d .LASF138
C:\Users\Andrea\AppData\Local\Temp\ccKkigWV.s:5916   .debug_str:000006b0 .LASF139
C:\Users\Andrea\AppData\Local\Temp\ccKkigWV.s:5712   .debug_str:00000375 .LASF140
C:\Users\Andrea\AppData\Local\Temp\ccKkigWV.s:6076   .debug_str:00000977 .LASF141
C:\Users\Andrea\AppData\Local\Temp\ccKkigWV.s:5816   .debug_str:00000516 .LASF142
C:\Users\Andrea\AppData\Local\Temp\ccKkigWV.s:5686   .debug_str:000002f5 .LASF143
C:\Users\Andrea\AppData\Local\Temp\ccKkigWV.s:5540   .debug_str:0000006a .LASF144
C:\Users\Andrea\AppData\Local\Temp\ccKkigWV.s:5790   .debug_str:000004a0 .LASF145
C:\Users\Andrea\AppData\Local\Temp\ccKkigWV.s:5514   .debug_str:00000005 .LASF146
C:\Users\Andrea\AppData\Local\Temp\ccKkigWV.s:6124   .debug_str:00000a61 .LASF147
C:\Users\Andrea\AppData\Local\Temp\ccKkigWV.s:5914   .debug_str:000006a8 .LASF148
C:\Users\Andrea\AppData\Local\Temp\ccKkigWV.s:5994   .debug_str:000007f7 .LASF149
C:\Users\Andrea\AppData\Local\Temp\ccKkigWV.s:5970   .debug_str:0000078c .LASF150
C:\Users\Andrea\AppData\Local\Temp\ccKkigWV.s:5788   .debug_str:0000049b .LASF151
C:\Users\Andrea\AppData\Local\Temp\ccKkigWV.s:5586   .debug_str:0000013b .LASF152
C:\Users\Andrea\AppData\Local\Temp\ccKkigWV.s:5732   .debug_str:000003d1 .LASF153
C:\Users\Andrea\AppData\Local\Temp\ccKkigWV.s:5766   .debug_str:00000447 .LASF154
C:\Users\Andrea\AppData\Local\Temp\ccKkigWV.s:5856   .debug_str:000005a1 .LASF155
C:\Users\Andrea\AppData\Local\Temp\ccKkigWV.s:5740   .debug_str:000003ed .LASF156
C:\Users\Andrea\AppData\Local\Temp\ccKkigWV.s:5696   .debug_str:00000315 .LASF157
C:\Users\Andrea\AppData\Local\Temp\ccKkigWV.s:5660   .debug_str:0000022f .LASF158
C:\Users\Andrea\AppData\Local\Temp\ccKkigWV.s:5606   .debug_str:00000176 .LASF159
C:\Users\Andrea\AppData\Local\Temp\ccKkigWV.s:5574   .debug_str:000000ee .LASF160
C:\Users\Andrea\AppData\Local\Temp\ccKkigWV.s:5768   .debug_str:0000044e .LASF161
C:\Users\Andrea\AppData\Local\Temp\ccKkigWV.s:6148   .debug_str:00000acb .LASF162
C:\Users\Andrea\AppData\Local\Temp\ccKkigWV.s:6114   .debug_str:00000a11 .LASF163
C:\Users\Andrea\AppData\Local\Temp\ccKkigWV.s:5674   .debug_str:000002b3 .LASF164
C:\Users\Andrea\AppData\Local\Temp\ccKkigWV.s:5942   .debug_str:00000710 .LASF165
C:\Users\Andrea\AppData\Local\Temp\ccKkigWV.s:5944   .debug_str:00000718 .LASF166
C:\Users\Andrea\AppData\Local\Temp\ccKkigWV.s:5548   .debug_str:00000089 .LASF167
C:\Users\Andrea\AppData\Local\Temp\ccKkigWV.s:5654   .debug_str:0000021a .LASF168
C:\Users\Andrea\AppData\Local\Temp\ccKkigWV.s:5736   .debug_str:000003dd .LASF169
C:\Users\Andrea\AppData\Local\Temp\ccKkigWV.s:6140   .debug_str:00000aac .LASF170
C:\Users\Andrea\AppData\Local\Temp\ccKkigWV.s:5742   .debug_str:000003f4 .LASF171
C:\Users\Andrea\AppData\Local\Temp\ccKkigWV.s:5698   .debug_str:0000031c .LASF172
C:\Users\Andrea\AppData\Local\Temp\ccKkigWV.s:5662   .debug_str:00000236 .LASF173
C:\Users\Andrea\AppData\Local\Temp\ccKkigWV.s:5608   .debug_str:0000017d .LASF174
C:\Users\Andrea\AppData\Local\Temp\ccKkigWV.s:5576   .debug_str:000000f5 .LASF175
C:\Users\Andrea\AppData\Local\Temp\ccKkigWV.s:5532   .debug_str:0000004c .LASF176
C:\Users\Andrea\AppData\Local\Temp\ccKkigWV.s:6150   .debug_str:00000ad2 .LASF177
C:\Users\Andrea\AppData\Local\Temp\ccKkigWV.s:6116   .debug_str:00000a18 .LASF178
C:\Users\Andrea\AppData\Local\Temp\ccKkigWV.s:6042   .debug_str:000008df .LASF179
C:\Users\Andrea\AppData\Local\Temp\ccKkigWV.s:5624   .debug_str:000001bb .LASF180
C:\Users\Andrea\AppData\Local\Temp\ccKkigWV.s:5946   .debug_str:0000071e .LASF181
C:\Users\Andrea\AppData\Local\Temp\ccKkigWV.s:5550   .debug_str:00000091 .LASF182
C:\Users\Andrea\AppData\Local\Temp\ccKkigWV.s:5656   .debug_str:00000222 .LASF183
C:\Users\Andrea\AppData\Local\Temp\ccKkigWV.s:5738   .debug_str:000003e5 .LASF184
C:\Users\Andrea\AppData\Local\Temp\ccKkigWV.s:6142   .debug_str:00000ab4 .LASF185
C:\Users\Andrea\AppData\Local\Temp\ccKkigWV.s:5720   .debug_str:0000038e .LASF186
C:\Users\Andrea\AppData\Local\Temp\ccKkigWV.s:6020   .debug_str:00000870 .LASF187
C:\Users\Andrea\AppData\Local\Temp\ccKkigWV.s:5990   .debug_str:000007e9 .LASF188
C:\Users\Andrea\AppData\Local\Temp\ccKkigWV.s:6154   .debug_str:00000ae1 .LASF189
C:\Users\Andrea\AppData\Local\Temp\ccKkigWV.s:5894   .debug_str:0000064b .LASF190
C:\Users\Andrea\AppData\Local\Temp\ccKkigWV.s:5618   .debug_str:000001a4 .LASF191
C:\Users\Andrea\AppData\Local\Temp\ccKkigWV.s:6036   .debug_str:000008c9 .LASF192
C:\Users\Andrea\AppData\Local\Temp\ccKkigWV.s:5770   .debug_str:00000455 .LASF193
C:\Users\Andrea\AppData\Local\Temp\ccKkigWV.s:5864   .debug_str:000005bc .LASF194
C:\Users\Andrea\AppData\Local\Temp\ccKkigWV.s:6132   .debug_str:00000a8f .LASF195
C:\Users\Andrea\AppData\Local\Temp\ccKkigWV.s:5832   .debug_str:00000553 .LASF196
C:\Users\Andrea\AppData\Local\Temp\ccKkigWV.s:5572   .debug_str:000000e6 .LASF197
C:\Users\Andrea\AppData\Local\Temp\ccKkigWV.s:5974   .debug_str:00000798 .LASF198
C:\Users\Andrea\AppData\Local\Temp\ccKkigWV.s:6106   .debug_str:000009f5 .LASF199
C:\Users\Andrea\AppData\Local\Temp\ccKkigWV.s:6000   .debug_str:00000821 .LASF200
C:\Users\Andrea\AppData\Local\Temp\ccKkigWV.s:5814   .debug_str:0000050f .LASF201
C:\Users\Andrea\AppData\Local\Temp\ccKkigWV.s:5918   .debug_str:000006b6 .LASF202
C:\Users\Andrea\AppData\Local\Temp\ccKkigWV.s:5818   .debug_str:00000521 .LASF203
C:\Users\Andrea\AppData\Local\Temp\ccKkigWV.s:5512   .debug_str:00000000 .LASF204
C:\Users\Andrea\AppData\Local\Temp\ccKkigWV.s:5664   .debug_str:0000023d .LASF205
C:\Users\Andrea\AppData\Local\Temp\ccKkigWV.s:5642   .debug_str:000001f7 .LASF206
C:\Users\Andrea\AppData\Local\Temp\ccKkigWV.s:5534   .debug_str:00000053 .LASF207
C:\Users\Andrea\AppData\Local\Temp\ccKkigWV.s:5588   .debug_str:00000140 .LASF208
C:\Users\Andrea\AppData\Local\Temp\ccKkigWV.s:5906   .debug_str:0000067a .LASF209
C:\Users\Andrea\AppData\Local\Temp\ccKkigWV.s:5924   .debug_str:000006ca .LASF210
C:\Users\Andrea\AppData\Local\Temp\ccKkigWV.s:5774   .debug_str:00000463 .LASF211
C:\Users\Andrea\AppData\Local\Temp\ccKkigWV.s:5718   .debug_str:00000388 .LASF212
C:\Users\Andrea\AppData\Local\Temp\ccKkigWV.s:5726   .debug_str:000003a5 .LASF213
C:\Users\Andrea\AppData\Local\Temp\ccKkigWV.s:5526   .debug_str:00000031 .LASF214
C:\Users\Andrea\AppData\Local\Temp\ccKkigWV.s:5724   .debug_str:0000039b .LASF215
C:\Users\Andrea\AppData\Local\Temp\ccKkigWV.s:5898   .debug_str:0000065a .LASF216
C:\Users\Andrea\AppData\Local\Temp\ccKkigWV.s:6112   .debug_str:00000a09 .LASF217
C:\Users\Andrea\AppData\Local\Temp\ccKkigWV.s:5708   .debug_str:00000368 .LASF218
C:\Users\Andrea\AppData\Local\Temp\ccKkigWV.s:5928   .debug_str:000006dd .LASF219
C:\Users\Andrea\AppData\Local\Temp\ccKkigWV.s:5922   .debug_str:000006c3 .LASF220
C:\Users\Andrea\AppData\Local\Temp\ccKkigWV.s:5566   .debug_str:000000ce .LASF221
C:\Users\Andrea\AppData\Local\Temp\ccKkigWV.s:5950   .debug_str:0000073f .LASF222
C:\Users\Andrea\AppData\Local\Temp\ccKkigWV.s:5828   .debug_str:00000544 .LASF223
C:\Users\Andrea\AppData\Local\Temp\ccKkigWV.s:6078   .debug_str:00000982 .LASF224
C:\Users\Andrea\AppData\Local\Temp\ccKkigWV.s:5524   .debug_str:0000002a .LASF225
C:\Users\Andrea\AppData\Local\Temp\ccKkigWV.s:5520   .debug_str:0000001b .LASF226
C:\Users\Andrea\AppData\Local\Temp\ccKkigWV.s:5926   .debug_str:000006d3 .LASF227
C:\Users\Andrea\AppData\Local\Temp\ccKkigWV.s:5630   .debug_str:000001d4 .LASF228
C:\Users\Andrea\AppData\Local\Temp\ccKkigWV.s:6014   .debug_str:0000085b .LASF229
C:\Users\Andrea\AppData\Local\Temp\ccKkigWV.s:5802   .debug_str:000004df .LASF230
C:\Users\Andrea\AppData\Local\Temp\ccKkigWV.s:5968   .debug_str:00000782 .LASF232
C:\Users\Andrea\AppData\Local\Temp\ccKkigWV.s:5764   .debug_str:00000440 .LASF233
C:\Users\Andrea\AppData\Local\Temp\ccKkigWV.s:5830   .debug_str:0000054e .LASF234
C:\Users\Andrea\AppData\Local\Temp\ccKkigWV.s:5902   .debug_str:0000066c .LASF235
C:\Users\Andrea\AppData\Local\Temp\ccKkigWV.s:5904   .debug_str:00000673 .LASF236
C:\Users\Andrea\AppData\Local\Temp\ccKkigWV.s:5934   .debug_str:000006f3 .LASF237
C:\Users\Andrea\AppData\Local\Temp\ccKkigWV.s:5866   .debug_str:000005c5 .LASF238
C:\Users\Andrea\AppData\Local\Temp\ccKkigWV.s:5868   .debug_str:000005cd .LASF239
C:\Users\Andrea\AppData\Local\Temp\ccKkigWV.s:5870   .debug_str:000005d5 .LASF240
C:\Users\Andrea\AppData\Local\Temp\ccKkigWV.s:6110   .debug_str:00000a03 .LASF241
C:\Users\Andrea\AppData\Local\Temp\ccKkigWV.s:5958   .debug_str:0000075f .LASF242
C:\Users\Andrea\AppData\Local\Temp\ccKkigWV.s:5860   .debug_str:000005b1 .LASF243
C:\Users\Andrea\AppData\Local\Temp\ccKkigWV.s:5694   .debug_str:0000030e .LASF244
C:\Users\Andrea\AppData\Local\Temp\ccKkigWV.s:6070   .debug_str:0000094f .LASF245
C:\Users\Andrea\AppData\Local\Temp\ccKkigWV.s:5858   .debug_str:000005aa .LASF246
C:\Users\Andrea\AppData\Local\Temp\ccKkigWV.s:5594   .debug_str:00000152 .LASF247
C:\Users\Andrea\AppData\Local\Temp\ccKkigWV.s:5796   .debug_str:000004b7 .LASF248
C:\Users\Andrea\AppData\Local\Temp\ccKkigWV.s:5628   .debug_str:000001cc .LASF249
C:\Users\Andrea\AppData\Local\Temp\ccKkigWV.s:5560   .debug_str:000000b7 .LASF250
C:\Users\Andrea\AppData\Local\Temp\ccKkigWV.s:5984   .debug_str:000007c1 .LASF251
C:\Users\Andrea\AppData\Local\Temp\ccKkigWV.s:5690   .debug_str:00000302 .LASF252
C:\Users\Andrea\AppData\Local\Temp\ccKkigWV.s:5716   .debug_str:00000381 .LASF253
C:\Users\Andrea\AppData\Local\Temp\ccKkigWV.s:5912   .debug_str:000006a2 .LASF254
C:\Users\Andrea\AppData\Local\Temp\ccKkigWV.s:5558   .debug_str:000000af .LASF255
C:\Users\Andrea\AppData\Local\Temp\ccKkigWV.s:5810   .debug_str:000004fe .LASF256
C:\Users\Andrea\AppData\Local\Temp\ccKkigWV.s:5892   .debug_str:00000642 .LASF257
C:\Users\Andrea\AppData\Local\Temp\ccKkigWV.s:5890   .debug_str:0000063a .LASF258
C:\Users\Andrea\AppData\Local\Temp\ccKkigWV.s:6084   .debug_str:0000099a .LASF259
C:\Users\Andrea\AppData\Local\Temp\ccKkigWV.s:5978   .debug_str:000007a7 .LASF260
C:\Users\Andrea\AppData\Local\Temp\ccKkigWV.s:6160   .debug_str:00000af7 .LASF261
C:\Users\Andrea\AppData\Local\Temp\ccKkigWV.s:5794   .debug_str:000004b2 .LASF262
C:\Users\Andrea\AppData\Local\Temp\ccKkigWV.s:5824   .debug_str:00000535 .LASF263
C:\Users\Andrea\AppData\Local\Temp\ccKkigWV.s:5972   .debug_str:00000791 .LASF264
C:\Users\Andrea\AppData\Local\Temp\ccKkigWV.s:5538   .debug_str:00000062 .LASF265
C:\Users\Andrea\AppData\Local\Temp\ccKkigWV.s:5570   .debug_str:000000df .LASF266
C:\Users\Andrea\AppData\Local\Temp\ccKkigWV.s:5986   .debug_str:000007c9 .LASF267
C:\Users\Andrea\AppData\Local\Temp\ccKkigWV.s:6058   .debug_str:00000928 .LASF268
C:\Users\Andrea\AppData\Local\Temp\ccKkigWV.s:6040   .debug_str:000008d7 .LASF269
C:\Users\Andrea\AppData\Local\Temp\ccKkigWV.s:6060   .debug_str:0000092d .LASF270
C:\Users\Andrea\AppData\Local\Temp\ccKkigWV.s:6080   .debug_str:0000098a .LASF271
C:\Users\Andrea\AppData\Local\Temp\ccKkigWV.s:6062   .debug_str:00000932 .LASF272
C:\Users\Andrea\AppData\Local\Temp\ccKkigWV.s:6082   .debug_str:00000992 .LASF273
C:\Users\Andrea\AppData\Local\Temp\ccKkigWV.s:6064   .debug_str:00000937 .LASF274
C:\Users\Andrea\AppData\Local\Temp\ccKkigWV.s:5670   .debug_str:000002a3 .LASF275
C:\Users\Andrea\AppData\Local\Temp\ccKkigWV.s:6066   .debug_str:0000093c .LASF276
C:\Users\Andrea\AppData\Local\Temp\ccKkigWV.s:5672   .debug_str:000002ab .LASF277
C:\Users\Andrea\AppData\Local\Temp\ccKkigWV.s:6094   .debug_str:000009d7 .LASF278
C:\Users\Andrea\AppData\Local\Temp\ccKkigWV.s:5544   .debug_str:00000077 .LASF279
C:\Users\Andrea\AppData\Local\Temp\ccKkigWV.s:6096   .debug_str:000009dc .LASF280
C:\Users\Andrea\AppData\Local\Temp\ccKkigWV.s:5546   .debug_str:00000080 .LASF281
C:\Users\Andrea\AppData\Local\Temp\ccKkigWV.s:6098   .debug_str:000009e1 .LASF282
C:\Users\Andrea\AppData\Local\Temp\ccKkigWV.s:5678   .debug_str:000002c3 .LASF283
C:\Users\Andrea\AppData\Local\Temp\ccKkigWV.s:6156   .debug_str:00000ae9 .LASF284
C:\Users\Andrea\AppData\Local\Temp\ccKkigWV.s:6158   .debug_str:00000af0 .LASF285
C:\Users\Andrea\AppData\Local\Temp\ccKkigWV.s:6100   .debug_str:000009e6 .LASF286
C:\Users\Andrea\AppData\Local\Temp\ccKkigWV.s:6128   .debug_str:00000a6e .LASF287
C:\Users\Andrea\AppData\Local\Temp\ccKkigWV.s:6152   .debug_str:00000ad9 .LASF288
C:\Users\Andrea\AppData\Local\Temp\ccKkigWV.s:6102   .debug_str:000009eb .LASF289
C:\Users\Andrea\AppData\Local\Temp\ccKkigWV.s:5610   .debug_str:00000184 .LASF290
C:\Users\Andrea\AppData\Local\Temp\ccKkigWV.s:5650   .debug_str:0000020c .LASF291
C:\Users\Andrea\AppData\Local\Temp\ccKkigWV.s:6104   .debug_str:000009f0 .LASF292
C:\Users\Andrea\AppData\Local\Temp\ccKkigWV.s:5822   .debug_str:0000052d .LASF293
C:\Users\Andrea\AppData\Local\Temp\ccKkigWV.s:5536   .debug_str:0000005a .LASF294
C:\Users\Andrea\AppData\Local\Temp\ccKkigWV.s:5616   .debug_str:0000019f .LASF295
C:\Users\Andrea\AppData\Local\Temp\ccKkigWV.s:6092   .debug_str:000009d0 .LASF296
C:\Users\Andrea\AppData\Local\Temp\ccKkigWV.s:5620   .debug_str:000001ac .LASF318
C:\Users\Andrea\AppData\Local\Temp\ccKkigWV.s:5614   .debug_str:00000193 .LASF297
C:\Users\Andrea\AppData\Local\Temp\ccKkigWV.s:5956   .debug_str:00000755 .LASF298
C:\Users\Andrea\AppData\Local\Temp\ccKkigWV.s:5964   .debug_str:00000771 .LASF299
C:\Users\Andrea\AppData\Local\Temp\ccKkigWV.s:6038   .debug_str:000008d1 .LASF300
C:\Users\Andrea\AppData\Local\Temp\ccKkigWV.s:6134   .debug_str:00000a98 .LASF301
C:\Users\Andrea\AppData\Local\Temp\ccKkigWV.s:5584   .debug_str:00000125 .LASF319
C:\Users\Andrea\AppData\Local\Temp\ccKkigWV.s:6130   .debug_str:00000a74 .LASF302
C:\Users\Andrea\AppData\Local\Temp\ccKkigWV.s:6086   .debug_str:000009a4 .LASF303
C:\Users\Andrea\AppData\Local\Temp\ccKkigWV.s:6056   .debug_str:0000090d .LASF304
C:\Users\Andrea\AppData\Local\Temp\ccKkigWV.s:5998   .debug_str:00000806 .LASF305
C:\Users\Andrea\AppData\Local\Temp\ccKkigWV.s:5908   .debug_str:00000681 .LASF306
C:\Users\Andrea\AppData\Local\Temp\ccKkigWV.s:5872   .debug_str:000005dd .LASF307
C:\Users\Andrea\AppData\Local\Temp\ccKkigWV.s:5800   .debug_str:000004c4 .LASF308
C:\Users\Andrea\AppData\Local\Temp\ccKkigWV.s:5728   .debug_str:000003af .LASF309
C:\Users\Andrea\AppData\Local\Temp\ccKkigWV.s:5702   .debug_str:0000033e .LASF310
C:\Users\Andrea\AppData\Local\Temp\ccKkigWV.s:5700   .debug_str:00000323 .LASF311
C:\Users\Andrea\AppData\Local\Temp\ccKkigWV.s:5580   .debug_str:00000104 .LASF312
C:\Users\Andrea\AppData\Local\Temp\ccKkigWV.s:6022   .debug_str:00000878 .LASF313
C:\Users\Andrea\AppData\Local\Temp\ccKkigWV.s:5948   .debug_str:00000724 .LASF314
C:\Users\Andrea\AppData\Local\Temp\ccKkigWV.s:6074   .debug_str:0000095c .LASF315
C:\Users\Andrea\AppData\Local\Temp\ccKkigWV.s:5682   .debug_str:000002d4 .LASF316
C:\Users\Andrea\AppData\Local\Temp\ccKkigWV.s:5988   .debug_str:000007ce .LASF317
C:\Users\Andrea\AppData\Local\Temp\ccKkigWV.s:6032   .debug_str:000008b0 .LASF322
C:\Users\Andrea\AppData\Local\Temp\ccKkigWV.s:85     .text.VoltageMonitor_Init:00000098 .LFE0
C:\Users\Andrea\AppData\Local\Temp\ccKkigWV.s:5452   .debug_loc:00000000 .LLST0
C:\Users\Andrea\AppData\Local\Temp\ccKkigWV.s:6088   .debug_str:000009bf .LASF323
C:\Users\Andrea\AppData\Local\Temp\ccKkigWV.s:5465   .debug_loc:00000020 .LLST1
C:\Users\Andrea\AppData\Local\Temp\ccKkigWV.s:5622   .debug_str:000001b5 .LASF324
C:\Users\Andrea\AppData\Local\Temp\ccKkigWV.s:5479   .debug_loc:00000041 .LLST2
C:\Users\Andrea\AppData\Local\Temp\ccKkigWV.s:13     .text.VoltageMonitor_Init:00000002 .LCFI0
C:\Users\Andrea\AppData\Local\Temp\ccKkigWV.s:11     .text.VoltageMonitor_Init:00000000 .LVL0
C:\Users\Andrea\AppData\Local\Temp\ccKkigWV.s:19     .text.VoltageMonitor_Init:0000000f .LVL1
C:\Users\Andrea\AppData\Local\Temp\ccKkigWV.s:55     .text.VoltageMonitor_Init:00000065 .LVL2
C:\Users\Andrea\AppData\Local\Temp\ccKkigWV.s:62     .text.VoltageMonitor_Init:0000006a .LVL3
C:\Users\Andrea\AppData\Local\Temp\ccKkigWV.s:64     .text.VoltageMonitor_Init:0000006c .LVL4
C:\Users\Andrea\AppData\Local\Temp\ccKkigWV.s:122    .debug_info:00000000 .Ldebug_info0

NO UNDEFINED SYMBOLS
